2024-11-11 02:08:46,378 - pyswarms.single.global_best - INFO - Optimize for 2000 iters with {'c1': 0.7, 'c2': 0.3, 'w': 0.9}
2024-11-11 02:10:00,789 - pyswarms.single.global_best - INFO - Optimize for 1000 iters with {'c1': 0.7, 'c2': 0.3, 'w': 0.9}
2024-11-11 02:10:38,187 - pyswarms.single.global_best - INFO - Optimize for 10 iters with {'c1': 0.7, 'c2': 0.3, 'w': 0.9}
2024-11-11 02:11:08,150 - pyswarms.single.global_best - INFO - Optimization finished | best cost: 28.453710519536408, best pos: [67.55605645 82.27356394]
2024-11-11 02:12:10,156 - pyswarms.single.global_best - INFO - Optimize for 100 iters with {'c1': 0.7, 'c2': 0.3, 'w': 0.9}
2024-11-11 02:16:25,398 - pyswarms.backend.generators - ERROR - generate_swarm() takes an int for n_particles and dimensions and an array for bounds
Traceback (most recent call last):
  File "/home/dices/.local/lib/python3.10/site-packages/pyswarms/backend/generators.py", line 65, in generate_swarm
    np.all(bounds[0] <= init_pos) and np.all(init_pos <= bounds[1])
TypeError: '<=' not supported between instances of 'list' and 'tuple'
2024-11-11 02:21:08,808 - pyswarms.single.global_best - INFO - Optimize for 100 iters with {'c1': 0.7, 'c2': 0.3, 'w': 0.9}
2024-11-11 02:26:57,021 - pyswarms.single.global_best - INFO - Optimization finished | best cost: 27.855636235428467, best pos: [76.92594517 76.75838555]
2024-11-11 03:06:29,544 - pyswarms.single.global_best - INFO - Optimize for 100 iters with {'c1': 0.7, 'c2': 0.3, 'w': 0.9}
2024-11-11 03:08:05,448 - pyswarms.single.global_best - INFO - Optimize for 200 iters with {'c1': 0.7, 'c2': 0.3, 'w': 0.9}
2024-11-11 03:08:21,536 - pyswarms.single.global_best - INFO - Optimize for 200 iters with {'c1': 0.7, 'c2': 0.3, 'w': 0.9}
2024-11-11 03:08:38,858 - pyswarms.single.global_best - INFO - Optimize for 200 iters with {'c1': 0.7, 'c2': 0.3, 'w': 0.9}
2024-11-11 03:09:04,744 - pyswarms.single.global_best - INFO - Optimize for 200 iters with {'c1': 0.7, 'c2': 0.3, 'w': 0.9}
2024-11-11 03:15:52,193 - pyswarms.single.global_best - INFO - Optimize for 100 iters with {'c1': 0.7, 'c2': 0.3, 'w': 0.9}
2024-11-11 03:18:37,100 - pyswarms.single.global_best - INFO - Optimize for 100 iters with {'c1': 0.7, 'c2': 0.3, 'w': 0.9}
2024-11-11 03:19:09,162 - pyswarms.single.global_best - INFO - Optimize for 100 iters with {'c1': 0.7, 'c2': 0.3, 'w': 0.9}
