Row=0 OUT_DIR=/users/hiu-yeung.cheng/clusterlensing/out/row0 DE_PROCS=16 MCMC_PROCS=16
DEBUG: Initializing ClusterLensing with z_s_ref = 3.113991857128834
Setup complete. Lensing system initialized.
True time delays: [   0.         7937.43058949 8165.32085238 8246.53464227 8264.71813158]
True luminosity distances: 26588.384584025305
Lensed luminosity distances: [  8371.08696194   3609.39878488  10553.51456346  30488.6585142
 592056.8209638 ]

Running the full analysis pipeline...
--- Running DE for Cluster 0 ---
[DE] Process Pool with 16 procs (init=latinhypercube, popsize=50)
differential_evolution step 1: f(x)= 4242.640687119286
differential_evolution step 2: f(x)= 3000.0
differential_evolution step 3: f(x)= 3000.0
differential_evolution step 4: f(x)= 1042.8425432554307
differential_evolution step 5: f(x)= 1042.8425432554307
differential_evolution step 6: f(x)= 1042.8425432554307
differential_evolution step 7: f(x)= 1042.8425432554307
differential_evolution step 8: f(x)= 1042.8425432554307
differential_evolution step 9: f(x)= 1042.8425432554307
differential_evolution step 10: f(x)= 1042.8425432554307
differential_evolution step 11: f(x)= 1042.8425432554307
differential_evolution step 12: f(x)= 1042.8425432554307
differential_evolution step 13: f(x)= 1042.8425432554307
differential_evolution step 14: f(x)= 1042.8425432554307
differential_evolution step 15: f(x)= 1009.3360523346124
differential_evolution step 16: f(x)= 1009.3360523346124
differential_evolution step 17: f(x)= 805.7424385597772
differential_evolution step 18: f(x)= 805.7424385597772
differential_evolution step 19: f(x)= 805.7424385597772
differential_evolution step 20: f(x)= 805.7424385597772
differential_evolution step 21: f(x)= 91.50143014451308
differential_evolution step 22: f(x)= 91.50143014451308
differential_evolution step 23: f(x)= 91.50143014451308
differential_evolution step 24: f(x)= 91.50143014451308
differential_evolution step 25: f(x)= 91.50143014451308
differential_evolution step 26: f(x)= 91.50143014451308
differential_evolution step 27: f(x)= 91.50143014451308
differential_evolution step 28: f(x)= 91.50143014451308
differential_evolution step 29: f(x)= 91.50143014451308
differential_evolution step 30: f(x)= 91.50143014451308
differential_evolution step 31: f(x)= 91.50143014451308
differential_evolution step 32: f(x)= 91.50143014451308
differential_evolution step 33: f(x)= 91.50143014451308
differential_evolution step 34: f(x)= 91.50143014451308
differential_evolution step 35: f(x)= 40.72146370711111
differential_evolution step 36: f(x)= 40.72146370711111
differential_evolution step 37: f(x)= 40.72146370711111
differential_evolution step 38: f(x)= 40.72146370711111
differential_evolution step 39: f(x)= 40.72146370711111
differential_evolution step 40: f(x)= 40.72146370711111
differential_evolution step 41: f(x)= 40.72146370711111
differential_evolution step 42: f(x)= 40.72146370711111
differential_evolution step 43: f(x)= 40.72146370711111
differential_evolution step 44: f(x)= 40.72146370711111
differential_evolution step 45: f(x)= 40.72146370711111
differential_evolution step 46: f(x)= 40.72146370711111
differential_evolution step 47: f(x)= 40.72146370711111
differential_evolution step 48: f(x)= 40.72146370711111
differential_evolution step 49: f(x)= 40.72146370711111
differential_evolution step 50: f(x)= 40.72146370711111
differential_evolution step 51: f(x)= 40.72146370711111
differential_evolution step 52: f(x)= 40.72146370711111
differential_evolution step 53: f(x)= 40.72146370711111
differential_evolution step 54: f(x)= 40.72146370711111
differential_evolution step 55: f(x)= 40.72146370711111
differential_evolution step 56: f(x)= 40.72146370711111
differential_evolution step 57: f(x)= 40.72146370711111
differential_evolution step 58: f(x)= 40.72146370711111
differential_evolution step 59: f(x)= 40.72146370711111
differential_evolution step 60: f(x)= 40.72146370711111
differential_evolution step 61: f(x)= 40.72146370711111
differential_evolution step 62: f(x)= 40.72146370711111
differential_evolution step 63: f(x)= 40.72146370711111
differential_evolution step 64: f(x)= 40.72146370711111
differential_evolution step 65: f(x)= 40.72146370711111
differential_evolution step 66: f(x)= 40.72146370711111
differential_evolution step 67: f(x)= 39.268423410748476
differential_evolution step 68: f(x)= 39.268423410748476
differential_evolution step 69: f(x)= 39.268423410748476
differential_evolution step 70: f(x)= 39.268423410748476
differential_evolution step 71: f(x)= 39.268423410748476
differential_evolution step 72: f(x)= 39.268423410748476
differential_evolution step 73: f(x)= 39.268423410748476
differential_evolution step 74: f(x)= 39.268423410748476
differential_evolution step 75: f(x)= 39.268423410748476
differential_evolution step 76: f(x)= 6.947027463767764
differential_evolution step 77: f(x)= 6.947027463767764
differential_evolution step 78: f(x)= 6.947027463767764
differential_evolution step 79: f(x)= 6.947027463767764
differential_evolution step 80: f(x)= 6.947027463767764
differential_evolution step 81: f(x)= 6.947027463767764
differential_evolution step 82: f(x)= 6.947027463767764
differential_evolution step 83: f(x)= 6.947027463767764
differential_evolution step 84: f(x)= 6.947027463767764
differential_evolution step 85: f(x)= 6.947027463767764
differential_evolution step 86: f(x)= 6.947027463767764
differential_evolution step 87: f(x)= 6.947027463767764
differential_evolution step 88: f(x)= 6.947027463767764
differential_evolution step 89: f(x)= 6.947027463767764
differential_evolution step 90: f(x)= 6.947027463767764
differential_evolution step 91: f(x)= 6.947027463767764
differential_evolution step 92: f(x)= 6.947027463767764
differential_evolution step 93: f(x)= 6.947027463767764
differential_evolution step 94: f(x)= 6.947027463767764
differential_evolution step 95: f(x)= 6.947027463767764
differential_evolution step 96: f(x)= 6.947027463767764
differential_evolution step 97: f(x)= 6.947027463767764
differential_evolution step 98: f(x)= 6.947027463767764
differential_evolution step 99: f(x)= 6.947027463767764
differential_evolution step 100: f(x)= 6.947027463767764
differential_evolution step 101: f(x)= 6.947027463767764
differential_evolution step 102: f(x)= 6.947027463767764
differential_evolution step 103: f(x)= 6.947027463767764
differential_evolution step 104: f(x)= 6.947027463767764
differential_evolution step 105: f(x)= 6.947027463767764
differential_evolution step 106: f(x)= 6.947027463767764
differential_evolution step 107: f(x)= 6.947027463767764
differential_evolution step 108: f(x)= 2.020689476551171
differential_evolution step 109: f(x)= 2.020689476551171
differential_evolution step 110: f(x)= 2.020689476551171
differential_evolution step 111: f(x)= 2.020689476551171
differential_evolution step 112: f(x)= 2.020689476551171
differential_evolution step 113: f(x)= 1.1466093698103923
differential_evolution step 114: f(x)= 1.1466093698103923
differential_evolution step 115: f(x)= 0.05578797306666248
differential_evolution step 116: f(x)= 0.05578797306666248
differential_evolution step 117: f(x)= 0.05578797306666248
differential_evolution step 118: f(x)= 0.05578797306666248
differential_evolution step 119: f(x)= 0.05578797306666248
differential_evolution step 120: f(x)= 0.05578797306666248
differential_evolution step 121: f(x)= 0.05578797306666248
differential_evolution step 122: f(x)= 0.05578797306666248
differential_evolution step 123: f(x)= 0.05578797306666248
differential_evolution step 124: f(x)= 0.05578797306666248
differential_evolution step 125: f(x)= 0.05578797306666248
differential_evolution step 126: f(x)= 0.05578797306666248
differential_evolution step 127: f(x)= 0.05578797306666248
differential_evolution step 128: f(x)= 0.05578797306666248
differential_evolution step 129: f(x)= 0.05578797306666248
differential_evolution step 130: f(x)= 0.05578797306666248
differential_evolution step 131: f(x)= 0.05578797306666248
differential_evolution step 132: f(x)= 0.05578797306666248
differential_evolution step 133: f(x)= 0.017652490921570854
Cluster 0 DE best chi^2: 0.018 with params {'x_src': np.float64(78.99048241026105), 'y_src': np.float64(70.29562128104793), 'z_s': np.float64(3.1113846479926286)}
--- Running DE for Cluster 1 ---
[DE] Process Pool with 16 procs (init=latinhypercube, popsize=50)
differential_evolution step 1: f(x)= 3000.0
differential_evolution step 2: f(x)= 3000.0
differential_evolution step 3: f(x)= 3000.0
differential_evolution step 4: f(x)= 3000.0
differential_evolution step 5: f(x)= 3000.0
differential_evolution step 6: f(x)= 3000.0
differential_evolution step 7: f(x)= 3000.0
differential_evolution step 8: f(x)= 3000.0
differential_evolution step 9: f(x)= 3000.0
differential_evolution step 10: f(x)= 3000.0
differential_evolution step 11: f(x)= 3000.0
differential_evolution step 12: f(x)= 3000.0
differential_evolution step 13: f(x)= 3000.0
differential_evolution step 14: f(x)= 3000.0
differential_evolution step 15: f(x)= 3000.0
differential_evolution step 16: f(x)= 3000.0
differential_evolution step 17: f(x)= 3000.0
differential_evolution step 18: f(x)= 3000.0
differential_evolution step 19: f(x)= 3000.0
differential_evolution step 20: f(x)= 3000.0
differential_evolution step 21: f(x)= 3000.0
differential_evolution step 22: f(x)= 3000.0
differential_evolution step 23: f(x)= 3000.0
differential_evolution step 24: f(x)= 3000.0
differential_evolution step 25: f(x)= 3000.0
differential_evolution step 26: f(x)= 3000.0
differential_evolution step 27: f(x)= 3000.0
differential_evolution step 28: f(x)= 3000.0
differential_evolution step 29: f(x)= 3000.0
differential_evolution step 30: f(x)= 3000.0
differential_evolution step 31: f(x)= 3000.0
Cluster 1 DE best chi^2: 3000.000 with params {'x_src': np.float64(208.40958956375798), 'y_src': np.float64(188.19955837164204), 'z_s': np.float64(2.6172399836676314)}
--- Running DE for Cluster 2 ---
[DE] Process Pool with 16 procs (init=latinhypercube, popsize=50)
differential_evolution step 1: f(x)= 2647.1178728299806
differential_evolution step 2: f(x)= 2534.179877445844
differential_evolution step 3: f(x)= 2534.179877445844
differential_evolution step 4: f(x)= 2534.179877445844
differential_evolution step 5: f(x)= 2205.961108922462
differential_evolution step 6: f(x)= 1072.3712875298136
differential_evolution step 7: f(x)= 1072.3712875298136
differential_evolution step 8: f(x)= 1072.3712875298136
differential_evolution step 9: f(x)= 1035.017471711001
differential_evolution step 10: f(x)= 661.7812534425035
differential_evolution step 11: f(x)= 661.7812534425035
differential_evolution step 12: f(x)= 661.7812534425035
differential_evolution step 13: f(x)= 661.7812534425035
differential_evolution step 14: f(x)= 661.7812534425035
differential_evolution step 15: f(x)= 661.7812534425035
differential_evolution step 16: f(x)= 661.7812534425035
differential_evolution step 17: f(x)= 661.7812534425035
differential_evolution step 18: f(x)= 661.7812534425035
differential_evolution step 19: f(x)= 661.7812534425035
differential_evolution step 20: f(x)= 393.6570290618091
differential_evolution step 21: f(x)= 393.6570290618091
differential_evolution step 22: f(x)= 393.6570290618091
differential_evolution step 23: f(x)= 393.6570290618091
differential_evolution step 24: f(x)= 393.6570290618091
differential_evolution step 25: f(x)= 393.6570290618091
differential_evolution step 26: f(x)= 393.6570290618091
differential_evolution step 27: f(x)= 393.6570290618091
differential_evolution step 28: f(x)= 393.6570290618091
differential_evolution step 29: f(x)= 393.6570290618091
differential_evolution step 30: f(x)= 393.6570290618091
differential_evolution step 31: f(x)= 393.6570290618091
differential_evolution step 32: f(x)= 393.6570290618091
differential_evolution step 33: f(x)= 393.6570290618091
differential_evolution step 34: f(x)= 393.6570290618091
differential_evolution step 35: f(x)= 393.6570290618091
differential_evolution step 36: f(x)= 388.54472955297456
differential_evolution step 37: f(x)= 388.54472955297456
differential_evolution step 38: f(x)= 388.54472955297456
differential_evolution step 39: f(x)= 388.54472955297456
differential_evolution step 40: f(x)= 388.54472955297456
differential_evolution step 41: f(x)= 388.3516242573868
differential_evolution step 42: f(x)= 388.3516242573868
differential_evolution step 43: f(x)= 388.3516242573868
differential_evolution step 44: f(x)= 388.3516242573868
differential_evolution step 45: f(x)= 388.3516242573868
differential_evolution step 46: f(x)= 388.3516242573868
differential_evolution step 47: f(x)= 388.3516242573868
differential_evolution step 48: f(x)= 388.3516242573868
differential_evolution step 49: f(x)= 388.3516242573868
differential_evolution step 50: f(x)= 388.3516242573868
differential_evolution step 51: f(x)= 388.3516242573868
differential_evolution step 52: f(x)= 388.3516242573868
differential_evolution step 53: f(x)= 388.3516242573868
differential_evolution step 54: f(x)= 380.9538315205957
differential_evolution step 55: f(x)= 380.9538315205957
differential_evolution step 56: f(x)= 380.9538315205957
differential_evolution step 57: f(x)= 380.9538315205957
differential_evolution step 58: f(x)= 380.9538315205957
differential_evolution step 59: f(x)= 379.5647097138793
differential_evolution step 60: f(x)= 296.0046182975579
differential_evolution step 61: f(x)= 296.0046182975579
differential_evolution step 62: f(x)= 296.0046182975579
differential_evolution step 63: f(x)= 296.0046182975579
differential_evolution step 64: f(x)= 296.0046182975579
differential_evolution step 65: f(x)= 296.0046182975579
differential_evolution step 66: f(x)= 296.0046182975579
differential_evolution step 67: f(x)= 296.0046182975579
differential_evolution step 68: f(x)= 296.0046182975579
differential_evolution step 69: f(x)= 296.0046182975579
differential_evolution step 70: f(x)= 296.0046182975579
differential_evolution step 71: f(x)= 296.0046182975579
differential_evolution step 72: f(x)= 296.0046182975579
differential_evolution step 73: f(x)= 296.0046182975579
differential_evolution step 74: f(x)= 296.0046182975579
differential_evolution step 75: f(x)= 296.0046182975579
differential_evolution step 76: f(x)= 296.0046182975579
differential_evolution step 77: f(x)= 296.0046182975579
differential_evolution step 78: f(x)= 296.0046182975579
differential_evolution step 79: f(x)= 296.0046182975579
differential_evolution step 80: f(x)= 296.0046182975579
differential_evolution step 81: f(x)= 296.0046182975579
differential_evolution step 82: f(x)= 296.0046182975579
differential_evolution step 83: f(x)= 296.0046182975579
differential_evolution step 84: f(x)= 296.0046182975579
differential_evolution step 85: f(x)= 296.0046182975579
differential_evolution step 86: f(x)= 296.0046182975579
differential_evolution step 87: f(x)= 296.0046182975579
differential_evolution step 88: f(x)= 296.0046182975579
differential_evolution step 89: f(x)= 296.0046182975579
differential_evolution step 90: f(x)= 296.0046182975579
differential_evolution step 91: f(x)= 296.0046182975579
differential_evolution step 92: f(x)= 296.0046182975579
differential_evolution step 93: f(x)= 296.0046182975579
differential_evolution step 94: f(x)= 296.0046182975579
differential_evolution step 95: f(x)= 296.0046182975579
differential_evolution step 96: f(x)= 296.0046182975579
differential_evolution step 97: f(x)= 296.0046182975579
differential_evolution step 98: f(x)= 296.0046182975579
differential_evolution step 99: f(x)= 296.0046182975579
differential_evolution step 100: f(x)= 296.0046182975579
differential_evolution step 101: f(x)= 296.0046182975579
differential_evolution step 102: f(x)= 296.0046182975579
differential_evolution step 103: f(x)= 296.0046182975579
differential_evolution step 104: f(x)= 296.0046182975579
differential_evolution step 105: f(x)= 296.0046182975579
differential_evolution step 106: f(x)= 296.0046182975579
differential_evolution step 107: f(x)= 296.0046182975579
differential_evolution step 108: f(x)= 296.0046182975579
differential_evolution step 109: f(x)= 296.0046182975579
differential_evolution step 110: f(x)= 296.0046182975579
differential_evolution step 111: f(x)= 296.0046182975579
differential_evolution step 112: f(x)= 296.0046182975579
differential_evolution step 113: f(x)= 296.0046182975579
differential_evolution step 114: f(x)= 296.0046182975579
differential_evolution step 115: f(x)= 296.0046182975579
differential_evolution step 116: f(x)= 296.0046182975579
differential_evolution step 117: f(x)= 294.5207033513518
differential_evolution step 118: f(x)= 294.5207033513518
differential_evolution step 119: f(x)= 294.5207033513518
differential_evolution step 120: f(x)= 294.5207033513518
differential_evolution step 121: f(x)= 294.5207033513518
differential_evolution step 122: f(x)= 294.5207033513518
differential_evolution step 123: f(x)= 294.5207033513518
differential_evolution step 124: f(x)= 294.5207033513518
differential_evolution step 125: f(x)= 294.5207033513518
differential_evolution step 126: f(x)= 294.5207033513518
differential_evolution step 127: f(x)= 294.5207033513518
differential_evolution step 128: f(x)= 294.5207033513518
differential_evolution step 129: f(x)= 294.5207033513518
differential_evolution step 130: f(x)= 294.5207033513518
differential_evolution step 131: f(x)= 294.5207033513518
differential_evolution step 132: f(x)= 294.5207033513518
differential_evolution step 133: f(x)= 294.5207033513518
differential_evolution step 134: f(x)= 294.5207033513518
differential_evolution step 135: f(x)= 294.5207033513518
differential_evolution step 136: f(x)= 294.5207033513518
differential_evolution step 137: f(x)= 294.5207033513518
differential_evolution step 138: f(x)= 294.5207033513518
differential_evolution step 139: f(x)= 294.5207033513518
differential_evolution step 140: f(x)= 294.5207033513518
differential_evolution step 141: f(x)= 294.5207033513518
differential_evolution step 142: f(x)= 293.995271100092
differential_evolution step 143: f(x)= 293.995271100092
differential_evolution step 144: f(x)= 292.66586199007
differential_evolution step 145: f(x)= 292.66586199007
differential_evolution step 146: f(x)= 292.66586199007
differential_evolution step 147: f(x)= 292.66586199007
differential_evolution step 148: f(x)= 292.5761946387011
differential_evolution step 149: f(x)= 292.5761946387011
differential_evolution step 150: f(x)= 292.5761946387011
differential_evolution step 151: f(x)= 292.5761946387011
differential_evolution step 152: f(x)= 292.5761946387011
differential_evolution step 153: f(x)= 292.5761946387011
differential_evolution step 154: f(x)= 292.5761946387011
differential_evolution step 155: f(x)= 292.5761946387011
differential_evolution step 156: f(x)= 292.5761946387011
differential_evolution step 157: f(x)= 292.5761946387011
differential_evolution step 158: f(x)= 292.5761946387011
differential_evolution step 159: f(x)= 292.5761946387011
differential_evolution step 160: f(x)= 292.01173496179314
differential_evolution step 161: f(x)= 292.01173496179314
differential_evolution step 162: f(x)= 292.01173496179314
differential_evolution step 163: f(x)= 292.01173496179314
differential_evolution step 164: f(x)= 291.9138879849531
differential_evolution step 165: f(x)= 291.9138879849531
differential_evolution step 166: f(x)= 291.9138879849531
differential_evolution step 167: f(x)= 291.9138879849531
differential_evolution step 168: f(x)= 291.9138879849531
differential_evolution step 169: f(x)= 291.9138879849531
differential_evolution step 170: f(x)= 291.9138879849531
differential_evolution step 171: f(x)= 291.9138879849531
differential_evolution step 172: f(x)= 291.9138879849531
differential_evolution step 173: f(x)= 291.9138879849531
differential_evolution step 174: f(x)= 291.9138879849531
differential_evolution step 175: f(x)= 291.9138879849531
differential_evolution step 176: f(x)= 291.9138879849531
differential_evolution step 177: f(x)= 291.9138879849531
differential_evolution step 178: f(x)= 291.9138879849531
differential_evolution step 179: f(x)= 291.22167049071453
differential_evolution step 180: f(x)= 291.22167049071453
differential_evolution step 181: f(x)= 291.22167049071453
differential_evolution step 182: f(x)= 291.22167049071453
differential_evolution step 183: f(x)= 291.22167049071453
differential_evolution step 184: f(x)= 291.22167049071453
differential_evolution step 185: f(x)= 291.22167049071453
differential_evolution step 186: f(x)= 291.22167049071453
differential_evolution step 187: f(x)= 291.22167049071453
differential_evolution step 188: f(x)= 291.22167049071453
differential_evolution step 189: f(x)= 291.22167049071453
differential_evolution step 190: f(x)= 291.22167049071453
differential_evolution step 191: f(x)= 291.22167049071453
differential_evolution step 192: f(x)= 291.22167049071453
differential_evolution step 193: f(x)= 291.22167049071453
differential_evolution step 194: f(x)= 291.1458807161653
differential_evolution step 195: f(x)= 291.1458807161653
differential_evolution step 196: f(x)= 291.1458807161653
differential_evolution step 197: f(x)= 291.1458807161653
differential_evolution step 198: f(x)= 291.1458807161653
differential_evolution step 199: f(x)= 291.1458807161653
differential_evolution step 200: f(x)= 291.1458807161653
Cluster 2 DE best chi^2: 291.146 with params {'x_src': np.float64(98.45114765125147), 'y_src': np.float64(104.2120627464904), 'z_s': np.float64(1.1802998725907543)}
--- Running DE for Cluster 3 ---
[DE] Process Pool with 16 procs (init=latinhypercube, popsize=50)
differential_evolution step 1: f(x)= 4242.640687119286
differential_evolution step 2: f(x)= 4242.640687119286
differential_evolution step 3: f(x)= 3000.0
differential_evolution step 4: f(x)= 2197.431446081784
differential_evolution step 5: f(x)= 2197.431446081784
differential_evolution step 6: f(x)= 2197.431446081784
differential_evolution step 7: f(x)= 1045.3258173123809
differential_evolution step 8: f(x)= 1045.3258173123809
differential_evolution step 9: f(x)= 1045.3258173123809
differential_evolution step 10: f(x)= 1045.3258173123809
differential_evolution step 11: f(x)= 1045.3258173123809
differential_evolution step 12: f(x)= 1045.3258173123809
differential_evolution step 13: f(x)= 1045.3258173123809
differential_evolution step 14: f(x)= 1045.3258173123809
differential_evolution step 15: f(x)= 1045.3258173123809
differential_evolution step 16: f(x)= 880.5220949696412
differential_evolution step 17: f(x)= 880.5220949696412
differential_evolution step 18: f(x)= 880.5220949696412
differential_evolution step 19: f(x)= 880.5220949696412
differential_evolution step 20: f(x)= 880.5220949696412
differential_evolution step 21: f(x)= 880.5220949696412
differential_evolution step 22: f(x)= 392.23360555445964
differential_evolution step 23: f(x)= 392.23360555445964
differential_evolution step 24: f(x)= 392.23360555445964
differential_evolution step 25: f(x)= 392.23360555445964
differential_evolution step 26: f(x)= 392.23360555445964
differential_evolution step 27: f(x)= 392.23360555445964
differential_evolution step 28: f(x)= 392.23360555445964
differential_evolution step 29: f(x)= 392.23360555445964
differential_evolution step 30: f(x)= 392.23360555445964
differential_evolution step 31: f(x)= 392.23360555445964
differential_evolution step 32: f(x)= 392.23360555445964
differential_evolution step 33: f(x)= 392.23360555445964
differential_evolution step 34: f(x)= 392.23360555445964
differential_evolution step 35: f(x)= 392.23360555445964
differential_evolution step 36: f(x)= 392.23360555445964
differential_evolution step 37: f(x)= 392.23360555445964
differential_evolution step 38: f(x)= 392.23360555445964
differential_evolution step 39: f(x)= 392.23360555445964
differential_evolution step 40: f(x)= 392.23360555445964
differential_evolution step 41: f(x)= 392.23360555445964
differential_evolution step 42: f(x)= 392.23360555445964
differential_evolution step 43: f(x)= 205.70495912608078
differential_evolution step 44: f(x)= 205.70495912608078
differential_evolution step 45: f(x)= 205.70495912608078
differential_evolution step 46: f(x)= 205.70495912608078
differential_evolution step 47: f(x)= 205.70495912608078
differential_evolution step 48: f(x)= 205.70495912608078
differential_evolution step 49: f(x)= 205.70495912608078
differential_evolution step 50: f(x)= 205.70495912608078
differential_evolution step 51: f(x)= 205.70495912608078
differential_evolution step 52: f(x)= 205.70495912608078
differential_evolution step 53: f(x)= 205.70495912608078
differential_evolution step 54: f(x)= 205.70495912608078
differential_evolution step 55: f(x)= 205.70495912608078
differential_evolution step 56: f(x)= 205.70495912608078
differential_evolution step 57: f(x)= 205.70495912608078
differential_evolution step 58: f(x)= 205.70495912608078
differential_evolution step 59: f(x)= 205.70495912608078
differential_evolution step 60: f(x)= 205.70495912608078
differential_evolution step 61: f(x)= 205.70495912608078
differential_evolution step 62: f(x)= 205.70495912608078
differential_evolution step 63: f(x)= 205.70495912608078
differential_evolution step 64: f(x)= 205.70495912608078
differential_evolution step 65: f(x)= 205.70495912608078
differential_evolution step 66: f(x)= 205.70495912608078
differential_evolution step 67: f(x)= 205.70495912608078
differential_evolution step 68: f(x)= 205.70495912608078
differential_evolution step 69: f(x)= 205.70495912608078
differential_evolution step 70: f(x)= 205.70495912608078
differential_evolution step 71: f(x)= 205.70495912608078
differential_evolution step 72: f(x)= 205.70495912608078
differential_evolution step 73: f(x)= 205.70495912608078
differential_evolution step 74: f(x)= 205.70495912608078
differential_evolution step 75: f(x)= 205.70495912608078
differential_evolution step 76: f(x)= 205.70495912608078
differential_evolution step 77: f(x)= 205.70495912608078
differential_evolution step 78: f(x)= 205.70495912608078
differential_evolution step 79: f(x)= 205.70495912608078
differential_evolution step 80: f(x)= 205.70495912608078
differential_evolution step 81: f(x)= 205.70495912608078
differential_evolution step 82: f(x)= 205.70495912608078
differential_evolution step 83: f(x)= 205.70495912608078
differential_evolution step 84: f(x)= 205.70495912608078
differential_evolution step 85: f(x)= 205.70495912608078
differential_evolution step 86: f(x)= 205.70495912608078
differential_evolution step 87: f(x)= 205.70495912608078
differential_evolution step 88: f(x)= 205.70495912608078
differential_evolution step 89: f(x)= 205.70495912608078
differential_evolution step 90: f(x)= 205.70495912608078
differential_evolution step 91: f(x)= 205.70495912608078
differential_evolution step 92: f(x)= 205.70495912608078
differential_evolution step 93: f(x)= 205.70495912608078
differential_evolution step 94: f(x)= 205.70495912608078
differential_evolution step 95: f(x)= 205.70495912608078
differential_evolution step 96: f(x)= 205.70495912608078
differential_evolution step 97: f(x)= 205.70495912608078
differential_evolution step 98: f(x)= 205.70495912608078
differential_evolution step 99: f(x)= 205.70495912608078
differential_evolution step 100: f(x)= 205.70495912608078
differential_evolution step 101: f(x)= 205.70495912608078
differential_evolution step 102: f(x)= 205.70495912608078
differential_evolution step 103: f(x)= 205.70495912608078
differential_evolution step 104: f(x)= 205.70495912608078
differential_evolution step 105: f(x)= 205.70495912608078
differential_evolution step 106: f(x)= 205.70495912608078
differential_evolution step 107: f(x)= 205.70495912608078
differential_evolution step 108: f(x)= 205.70495912608078
differential_evolution step 109: f(x)= 205.70495912608078
differential_evolution step 110: f(x)= 205.70495912608078
differential_evolution step 111: f(x)= 205.70495912608078
differential_evolution step 112: f(x)= 205.70495912608078
differential_evolution step 113: f(x)= 205.70495912608078
differential_evolution step 114: f(x)= 205.70495912608078
differential_evolution step 115: f(x)= 205.70495912608078
differential_evolution step 116: f(x)= 205.70495912608078
differential_evolution step 117: f(x)= 205.70495912608078
differential_evolution step 118: f(x)= 205.70495912608078
differential_evolution step 119: f(x)= 205.70495912608078
differential_evolution step 120: f(x)= 205.70495912608078
differential_evolution step 121: f(x)= 205.70495912608078
differential_evolution step 122: f(x)= 180.14605117765944
differential_evolution step 123: f(x)= 180.14605117765944
differential_evolution step 124: f(x)= 180.14605117765944
differential_evolution step 125: f(x)= 180.14605117765944
differential_evolution step 126: f(x)= 180.14605117765944
differential_evolution step 127: f(x)= 180.14605117765944
differential_evolution step 128: f(x)= 180.14605117765944
differential_evolution step 129: f(x)= 180.14605117765944
differential_evolution step 130: f(x)= 180.14605117765944
differential_evolution step 131: f(x)= 180.14605117765944
differential_evolution step 132: f(x)= 180.14605117765944
differential_evolution step 133: f(x)= 180.14605117765944
differential_evolution step 134: f(x)= 180.14605117765944
differential_evolution step 135: f(x)= 180.14605117765944
differential_evolution step 136: f(x)= 180.14605117765944
differential_evolution step 137: f(x)= 180.14605117765944
differential_evolution step 138: f(x)= 180.14605117765944
differential_evolution step 139: f(x)= 180.14605117765944
differential_evolution step 140: f(x)= 180.14605117765944
differential_evolution step 141: f(x)= 180.14605117765944
differential_evolution step 142: f(x)= 180.14605117765944
differential_evolution step 143: f(x)= 173.06322231385542
differential_evolution step 144: f(x)= 173.06322231385542
differential_evolution step 145: f(x)= 173.06322231385542
differential_evolution step 146: f(x)= 173.06322231385542
differential_evolution step 147: f(x)= 173.06322231385542
differential_evolution step 148: f(x)= 173.06322231385542
differential_evolution step 149: f(x)= 173.06322231385542
differential_evolution step 150: f(x)= 173.06322231385542
differential_evolution step 151: f(x)= 173.06322231385542
differential_evolution step 152: f(x)= 173.06322231385542
differential_evolution step 153: f(x)= 173.06322231385542
differential_evolution step 154: f(x)= 173.06322231385542
differential_evolution step 155: f(x)= 173.06322231385542
differential_evolution step 156: f(x)= 173.06322231385542
differential_evolution step 157: f(x)= 173.06322231385542
differential_evolution step 158: f(x)= 173.06322231385542
differential_evolution step 159: f(x)= 173.06322231385542
differential_evolution step 160: f(x)= 173.06322231385542
differential_evolution step 161: f(x)= 173.06322231385542
differential_evolution step 162: f(x)= 171.61458537299814
differential_evolution step 163: f(x)= 171.61458537299814
differential_evolution step 164: f(x)= 171.61458537299814
differential_evolution step 165: f(x)= 168.88399843363874
differential_evolution step 166: f(x)= 168.88399843363874
differential_evolution step 167: f(x)= 168.88399843363874
differential_evolution step 168: f(x)= 168.88399843363874
differential_evolution step 169: f(x)= 168.88399843363874
differential_evolution step 170: f(x)= 168.88399843363874
differential_evolution step 171: f(x)= 168.88399843363874
differential_evolution step 172: f(x)= 168.88399843363874
differential_evolution step 173: f(x)= 168.88399843363874
differential_evolution step 174: f(x)= 168.88399843363874
differential_evolution step 175: f(x)= 167.41430131873653
differential_evolution step 176: f(x)= 167.41430131873653
differential_evolution step 177: f(x)= 167.18172786598564
differential_evolution step 178: f(x)= 166.65741081633124
differential_evolution step 179: f(x)= 166.65741081633124
differential_evolution step 180: f(x)= 165.95707387409132
differential_evolution step 181: f(x)= 165.95707387409132
differential_evolution step 182: f(x)= 165.95707387409132
differential_evolution step 183: f(x)= 165.95707387409132
differential_evolution step 184: f(x)= 165.95707387409132
differential_evolution step 185: f(x)= 165.95707387409132
differential_evolution step 186: f(x)= 165.95707387409132
differential_evolution step 187: f(x)= 165.95707387409132
differential_evolution step 188: f(x)= 165.95707387409132
differential_evolution step 189: f(x)= 165.95707387409132
differential_evolution step 190: f(x)= 165.95707387409132
differential_evolution step 191: f(x)= 165.95707387409132
differential_evolution step 192: f(x)= 165.95707387409132
differential_evolution step 193: f(x)= 164.34593465349428
differential_evolution step 194: f(x)= 164.34593465349428
differential_evolution step 195: f(x)= 164.34593465349428
differential_evolution step 196: f(x)= 164.34593465349428
differential_evolution step 197: f(x)= 164.34593465349428
differential_evolution step 198: f(x)= 164.34593465349428
differential_evolution step 199: f(x)= 164.34593465349428
differential_evolution step 200: f(x)= 164.34593465349428
Cluster 3 DE best chi^2: 164.346 with params {'x_src': np.float64(111.55414750784516), 'y_src': np.float64(125.45684502919825), 'z_s': np.float64(1.7141594442408996)}
--- Running DE for Cluster 4 ---
[DE] Process Pool with 16 procs (init=latinhypercube, popsize=50)
differential_evolution step 1: f(x)= 2994.8291518270385
differential_evolution step 2: f(x)= 2994.8291518270385
differential_evolution step 3: f(x)= 1411.2215471690877
differential_evolution step 4: f(x)= 1411.2215471690877
differential_evolution step 5: f(x)= 1411.2215471690877
differential_evolution step 6: f(x)= 1411.2215471690877
differential_evolution step 7: f(x)= 1227.0410129365428
differential_evolution step 8: f(x)= 1227.0410129365428
differential_evolution step 9: f(x)= 1227.0410129365428
differential_evolution step 10: f(x)= 1227.0410129365428
differential_evolution step 11: f(x)= 1062.1545072140045
differential_evolution step 12: f(x)= 1049.6786213726352
differential_evolution step 13: f(x)= 1049.6786213726352
differential_evolution step 14: f(x)= 1049.6786213726352
differential_evolution step 15: f(x)= 1049.6786213726352
differential_evolution step 16: f(x)= 1049.6786213726352
differential_evolution step 17: f(x)= 1049.6786213726352
differential_evolution step 18: f(x)= 1049.6786213726352
differential_evolution step 19: f(x)= 1049.6786213726352
differential_evolution step 20: f(x)= 1049.6786213726352
differential_evolution step 21: f(x)= 1049.6786213726352
differential_evolution step 22: f(x)= 1049.6786213726352
differential_evolution step 23: f(x)= 1049.6786213726352
differential_evolution step 24: f(x)= 391.16478182892206
differential_evolution step 25: f(x)= 391.16478182892206
differential_evolution step 26: f(x)= 391.16478182892206
differential_evolution step 27: f(x)= 391.16478182892206
differential_evolution step 28: f(x)= 391.16478182892206
differential_evolution step 29: f(x)= 391.16478182892206
differential_evolution step 30: f(x)= 391.16478182892206
differential_evolution step 31: f(x)= 391.16478182892206
differential_evolution step 32: f(x)= 391.16478182892206
differential_evolution step 33: f(x)= 391.16478182892206
differential_evolution step 34: f(x)= 391.16478182892206
differential_evolution step 35: f(x)= 391.16478182892206
differential_evolution step 36: f(x)= 391.16478182892206
differential_evolution step 37: f(x)= 391.16478182892206
differential_evolution step 38: f(x)= 391.16478182892206
differential_evolution step 39: f(x)= 391.16478182892206
differential_evolution step 40: f(x)= 391.16478182892206
differential_evolution step 41: f(x)= 391.16478182892206
differential_evolution step 42: f(x)= 391.16478182892206
differential_evolution step 43: f(x)= 391.16478182892206
differential_evolution step 44: f(x)= 391.16478182892206
differential_evolution step 45: f(x)= 391.16478182892206
differential_evolution step 46: f(x)= 391.16478182892206
differential_evolution step 47: f(x)= 391.16478182892206
differential_evolution step 48: f(x)= 391.16478182892206
differential_evolution step 49: f(x)= 391.16478182892206
differential_evolution step 50: f(x)= 391.16478182892206
differential_evolution step 51: f(x)= 391.16478182892206
differential_evolution step 52: f(x)= 391.16478182892206
differential_evolution step 53: f(x)= 391.16478182892206
differential_evolution step 54: f(x)= 391.16478182892206
differential_evolution step 55: f(x)= 391.16478182892206
differential_evolution step 56: f(x)= 391.16478182892206
differential_evolution step 57: f(x)= 391.16478182892206
differential_evolution step 58: f(x)= 391.16478182892206
differential_evolution step 59: f(x)= 391.16478182892206
differential_evolution step 60: f(x)= 391.16478182892206
differential_evolution step 61: f(x)= 391.16478182892206
differential_evolution step 62: f(x)= 391.16478182892206
differential_evolution step 63: f(x)= 391.16478182892206
differential_evolution step 64: f(x)= 391.16478182892206
differential_evolution step 65: f(x)= 391.16478182892206
differential_evolution step 66: f(x)= 391.16478182892206
differential_evolution step 67: f(x)= 318.62272287166684
differential_evolution step 68: f(x)= 318.62272287166684
differential_evolution step 69: f(x)= 318.62272287166684
differential_evolution step 70: f(x)= 318.62272287166684
differential_evolution step 71: f(x)= 318.62272287166684
differential_evolution step 72: f(x)= 318.62272287166684
differential_evolution step 73: f(x)= 318.62272287166684
differential_evolution step 74: f(x)= 318.62272287166684
differential_evolution step 75: f(x)= 318.62272287166684
differential_evolution step 76: f(x)= 318.62272287166684
differential_evolution step 77: f(x)= 301.1477956248077
differential_evolution step 78: f(x)= 301.1477956248077
differential_evolution step 79: f(x)= 301.1477956248077
differential_evolution step 80: f(x)= 301.1477956248077
differential_evolution step 81: f(x)= 301.1477956248077
differential_evolution step 82: f(x)= 301.1477956248077
differential_evolution step 83: f(x)= 301.1477956248077
differential_evolution step 84: f(x)= 301.1477956248077
differential_evolution step 85: f(x)= 301.1477956248077
differential_evolution step 86: f(x)= 301.1477956248077
differential_evolution step 87: f(x)= 301.1477956248077
differential_evolution step 88: f(x)= 301.1477956248077
differential_evolution step 89: f(x)= 301.1477956248077
differential_evolution step 90: f(x)= 301.1477956248077
differential_evolution step 91: f(x)= 301.1477956248077
differential_evolution step 92: f(x)= 301.1477956248077
differential_evolution step 93: f(x)= 301.1477956248077
differential_evolution step 94: f(x)= 301.1477956248077
differential_evolution step 95: f(x)= 301.1477956248077
differential_evolution step 96: f(x)= 301.1477956248077
differential_evolution step 97: f(x)= 301.1477956248077
differential_evolution step 98: f(x)= 301.1477956248077
differential_evolution step 99: f(x)= 301.1477956248077
differential_evolution step 100: f(x)= 301.1477956248077
differential_evolution step 101: f(x)= 301.1477956248077
differential_evolution step 102: f(x)= 301.1477956248077
differential_evolution step 103: f(x)= 301.1477956248077
differential_evolution step 104: f(x)= 301.1477956248077
differential_evolution step 105: f(x)= 217.5070241678584
differential_evolution step 106: f(x)= 217.5070241678584
differential_evolution step 107: f(x)= 217.5070241678584
differential_evolution step 108: f(x)= 181.38759394788048
differential_evolution step 109: f(x)= 181.38759394788048
differential_evolution step 110: f(x)= 181.38759394788048
differential_evolution step 111: f(x)= 181.38759394788048
differential_evolution step 112: f(x)= 181.38759394788048
differential_evolution step 113: f(x)= 181.38759394788048
differential_evolution step 114: f(x)= 181.38759394788048
differential_evolution step 115: f(x)= 181.38759394788048
differential_evolution step 116: f(x)= 181.38759394788048
differential_evolution step 117: f(x)= 181.38759394788048
differential_evolution step 118: f(x)= 181.38759394788048
differential_evolution step 119: f(x)= 181.38759394788048
differential_evolution step 120: f(x)= 181.38759394788048
differential_evolution step 121: f(x)= 181.38759394788048
differential_evolution step 122: f(x)= 181.38759394788048
differential_evolution step 123: f(x)= 181.38759394788048
differential_evolution step 124: f(x)= 181.38759394788048
differential_evolution step 125: f(x)= 181.38759394788048
differential_evolution step 126: f(x)= 181.38759394788048
differential_evolution step 127: f(x)= 181.38759394788048
differential_evolution step 128: f(x)= 181.38759394788048
differential_evolution step 129: f(x)= 181.38759394788048
differential_evolution step 130: f(x)= 181.38759394788048
differential_evolution step 131: f(x)= 179.1322283448049
differential_evolution step 132: f(x)= 179.1322283448049
differential_evolution step 133: f(x)= 179.1322283448049
differential_evolution step 134: f(x)= 179.1322283448049
differential_evolution step 135: f(x)= 179.1322283448049
differential_evolution step 136: f(x)= 179.1322283448049
differential_evolution step 137: f(x)= 179.1322283448049
differential_evolution step 138: f(x)= 179.1322283448049
differential_evolution step 139: f(x)= 179.1322283448049
differential_evolution step 140: f(x)= 179.1322283448049
differential_evolution step 141: f(x)= 179.1322283448049
differential_evolution step 142: f(x)= 179.1322283448049
differential_evolution step 143: f(x)= 179.1322283448049
differential_evolution step 144: f(x)= 179.1322283448049
differential_evolution step 145: f(x)= 179.1322283448049
differential_evolution step 146: f(x)= 179.1322283448049
differential_evolution step 147: f(x)= 179.1322283448049
differential_evolution step 148: f(x)= 179.1322283448049
differential_evolution step 149: f(x)= 179.1322283448049
differential_evolution step 150: f(x)= 179.1322283448049
differential_evolution step 151: f(x)= 179.1322283448049
differential_evolution step 152: f(x)= 179.1322283448049
differential_evolution step 153: f(x)= 179.1322283448049
differential_evolution step 154: f(x)= 179.1322283448049
differential_evolution step 155: f(x)= 179.1322283448049
differential_evolution step 156: f(x)= 179.1322283448049
differential_evolution step 157: f(x)= 179.1322283448049
differential_evolution step 158: f(x)= 179.1322283448049
differential_evolution step 159: f(x)= 179.1322283448049
differential_evolution step 160: f(x)= 179.1322283448049
differential_evolution step 161: f(x)= 179.1322283448049
differential_evolution step 162: f(x)= 179.1322283448049
differential_evolution step 163: f(x)= 179.1322283448049
differential_evolution step 164: f(x)= 179.1322283448049
differential_evolution step 165: f(x)= 179.1322283448049
differential_evolution step 166: f(x)= 179.1322283448049
differential_evolution step 167: f(x)= 179.1322283448049
differential_evolution step 168: f(x)= 179.1322283448049
differential_evolution step 169: f(x)= 179.1322283448049
differential_evolution step 170: f(x)= 179.1322283448049
differential_evolution step 171: f(x)= 179.1322283448049
differential_evolution step 172: f(x)= 179.1322283448049
differential_evolution step 173: f(x)= 111.6547817574046
differential_evolution step 174: f(x)= 111.6547817574046
differential_evolution step 175: f(x)= 111.6547817574046
differential_evolution step 176: f(x)= 111.6547817574046
differential_evolution step 177: f(x)= 111.6547817574046
differential_evolution step 178: f(x)= 111.6547817574046
differential_evolution step 179: f(x)= 111.6547817574046
differential_evolution step 180: f(x)= 111.6547817574046
differential_evolution step 181: f(x)= 111.6547817574046
differential_evolution step 182: f(x)= 111.6547817574046
differential_evolution step 183: f(x)= 111.6547817574046
differential_evolution step 184: f(x)= 111.6547817574046
differential_evolution step 185: f(x)= 111.6547817574046
differential_evolution step 186: f(x)= 111.6547817574046
differential_evolution step 187: f(x)= 111.6547817574046
differential_evolution step 188: f(x)= 111.6547817574046
differential_evolution step 189: f(x)= 111.6547817574046
differential_evolution step 190: f(x)= 111.6547817574046
differential_evolution step 191: f(x)= 111.6547817574046
differential_evolution step 192: f(x)= 111.6547817574046
differential_evolution step 193: f(x)= 111.6547817574046
differential_evolution step 194: f(x)= 111.6547817574046
differential_evolution step 195: f(x)= 111.6547817574046
differential_evolution step 196: f(x)= 111.6547817574046
differential_evolution step 197: f(x)= 111.6547817574046
differential_evolution step 198: f(x)= 111.6547817574046
differential_evolution step 199: f(x)= 111.6547817574046
differential_evolution step 200: f(x)= 111.6547817574046
Cluster 4 DE best chi^2: 111.655 with params {'x_src': np.float64(287.7243153286018), 'y_src': np.float64(261.14751876913084), 'z_s': np.float64(1.8713639372380753)}
--- Running DE for Cluster 5 ---
[DE] Process Pool with 16 procs (init=latinhypercube, popsize=50)
differential_evolution step 1: f(x)= 4242.640687119286
differential_evolution step 2: f(x)= 4242.640687119286
differential_evolution step 3: f(x)= 4242.640687119286
differential_evolution step 4: f(x)= 4242.640687119286
differential_evolution step 5: f(x)= 4242.640687119286
differential_evolution step 6: f(x)= 3000.0
differential_evolution step 7: f(x)= 3000.0
differential_evolution step 8: f(x)= 3000.0
differential_evolution step 9: f(x)= 3000.0
differential_evolution step 10: f(x)= 3000.0
differential_evolution step 11: f(x)= 3000.0
differential_evolution step 12: f(x)= 3000.0
differential_evolution step 13: f(x)= 3000.0
differential_evolution step 14: f(x)= 3000.0
differential_evolution step 15: f(x)= 3000.0
differential_evolution step 16: f(x)= 3000.0
differential_evolution step 17: f(x)= 3000.0
differential_evolution step 18: f(x)= 893.398714565767
differential_evolution step 19: f(x)= 893.398714565767
differential_evolution step 20: f(x)= 893.398714565767
differential_evolution step 21: f(x)= 893.398714565767
differential_evolution step 22: f(x)= 893.398714565767
differential_evolution step 23: f(x)= 893.398714565767
differential_evolution step 24: f(x)= 893.398714565767
differential_evolution step 25: f(x)= 893.398714565767
differential_evolution step 26: f(x)= 893.398714565767
differential_evolution step 27: f(x)= 893.398714565767
differential_evolution step 28: f(x)= 893.398714565767
differential_evolution step 29: f(x)= 893.398714565767
differential_evolution step 30: f(x)= 893.398714565767
differential_evolution step 31: f(x)= 893.398714565767
differential_evolution step 32: f(x)= 893.398714565767
differential_evolution step 33: f(x)= 893.398714565767
differential_evolution step 34: f(x)= 893.398714565767
differential_evolution step 35: f(x)= 577.4650835067596
differential_evolution step 36: f(x)= 577.4650835067596
differential_evolution step 37: f(x)= 577.4650835067596
differential_evolution step 38: f(x)= 577.4650835067596
differential_evolution step 39: f(x)= 577.4650835067596
differential_evolution step 40: f(x)= 577.4650835067596
differential_evolution step 41: f(x)= 577.4650835067596
differential_evolution step 42: f(x)= 577.4650835067596
differential_evolution step 43: f(x)= 577.4650835067596
differential_evolution step 44: f(x)= 577.4650835067596
differential_evolution step 45: f(x)= 577.4650835067596
differential_evolution step 46: f(x)= 510.01493303663364
differential_evolution step 47: f(x)= 510.01493303663364
differential_evolution step 48: f(x)= 510.01493303663364
differential_evolution step 49: f(x)= 510.01493303663364
differential_evolution step 50: f(x)= 510.01493303663364
differential_evolution step 51: f(x)= 510.01493303663364
differential_evolution step 52: f(x)= 510.01493303663364
differential_evolution step 53: f(x)= 510.01493303663364
differential_evolution step 54: f(x)= 366.25840230989377
differential_evolution step 55: f(x)= 366.25840230989377
differential_evolution step 56: f(x)= 366.25840230989377
differential_evolution step 57: f(x)= 366.25840230989377
differential_evolution step 58: f(x)= 366.25840230989377
differential_evolution step 59: f(x)= 366.25840230989377
differential_evolution step 60: f(x)= 366.25840230989377
differential_evolution step 61: f(x)= 366.25840230989377
differential_evolution step 62: f(x)= 366.25840230989377
differential_evolution step 63: f(x)= 350.490283427228
differential_evolution step 64: f(x)= 343.011413920358
differential_evolution step 65: f(x)= 343.011413920358
differential_evolution step 66: f(x)= 343.011413920358
differential_evolution step 67: f(x)= 343.011413920358
differential_evolution step 68: f(x)= 343.011413920358
differential_evolution step 69: f(x)= 343.011413920358
differential_evolution step 70: f(x)= 343.011413920358
differential_evolution step 71: f(x)= 343.011413920358
differential_evolution step 72: f(x)= 343.011413920358
differential_evolution step 73: f(x)= 343.011413920358
differential_evolution step 74: f(x)= 343.011413920358
differential_evolution step 75: f(x)= 343.011413920358
differential_evolution step 76: f(x)= 343.011413920358
differential_evolution step 77: f(x)= 343.011413920358
differential_evolution step 78: f(x)= 343.011413920358
differential_evolution step 79: f(x)= 343.011413920358
differential_evolution step 80: f(x)= 343.011413920358
differential_evolution step 81: f(x)= 343.011413920358
differential_evolution step 82: f(x)= 343.011413920358
differential_evolution step 83: f(x)= 343.011413920358
differential_evolution step 84: f(x)= 343.011413920358
differential_evolution step 85: f(x)= 343.011413920358
differential_evolution step 86: f(x)= 343.011413920358
differential_evolution step 87: f(x)= 343.011413920358
differential_evolution step 88: f(x)= 343.011413920358
differential_evolution step 89: f(x)= 343.011413920358
differential_evolution step 90: f(x)= 343.011413920358
differential_evolution step 91: f(x)= 343.011413920358
differential_evolution step 92: f(x)= 343.011413920358
differential_evolution step 93: f(x)= 330.85262293196257
differential_evolution step 94: f(x)= 330.85262293196257
differential_evolution step 95: f(x)= 330.85262293196257
differential_evolution step 96: f(x)= 330.85262293196257
differential_evolution step 97: f(x)= 330.85262293196257
differential_evolution step 98: f(x)= 330.85262293196257
differential_evolution step 99: f(x)= 330.85262293196257
differential_evolution step 100: f(x)= 330.85262293196257
differential_evolution step 101: f(x)= 330.85262293196257
differential_evolution step 102: f(x)= 330.85262293196257
differential_evolution step 103: f(x)= 330.85262293196257
differential_evolution step 104: f(x)= 330.85262293196257
differential_evolution step 105: f(x)= 330.85262293196257
differential_evolution step 106: f(x)= 330.85262293196257
differential_evolution step 107: f(x)= 330.85262293196257
differential_evolution step 108: f(x)= 330.85262293196257
differential_evolution step 109: f(x)= 330.85262293196257
differential_evolution step 110: f(x)= 328.14442257174176
differential_evolution step 111: f(x)= 328.14442257174176
differential_evolution step 112: f(x)= 328.14442257174176
differential_evolution step 113: f(x)= 328.14442257174176
differential_evolution step 114: f(x)= 322.17543505720596
differential_evolution step 115: f(x)= 322.17543505720596
differential_evolution step 116: f(x)= 322.17543505720596
differential_evolution step 117: f(x)= 322.17543505720596
differential_evolution step 118: f(x)= 321.4579291378846
differential_evolution step 119: f(x)= 321.4579291378846
differential_evolution step 120: f(x)= 321.4579291378846
differential_evolution step 121: f(x)= 321.4579291378846
differential_evolution step 122: f(x)= 321.4579291378846
differential_evolution step 123: f(x)= 316.1353129394165
differential_evolution step 124: f(x)= 316.1353129394165
differential_evolution step 125: f(x)= 316.1353129394165
differential_evolution step 126: f(x)= 316.1353129394165
differential_evolution step 127: f(x)= 316.1353129394165
differential_evolution step 128: f(x)= 316.1353129394165
differential_evolution step 129: f(x)= 316.1353129394165
differential_evolution step 130: f(x)= 316.1353129394165
differential_evolution step 131: f(x)= 316.1353129394165
differential_evolution step 132: f(x)= 316.1353129394165
differential_evolution step 133: f(x)= 316.1353129394165
differential_evolution step 134: f(x)= 316.1353129394165
differential_evolution step 135: f(x)= 316.1353129394165
differential_evolution step 136: f(x)= 316.1353129394165
differential_evolution step 137: f(x)= 316.1353129394165
differential_evolution step 138: f(x)= 316.1353129394165
differential_evolution step 139: f(x)= 316.1353129394165
differential_evolution step 140: f(x)= 316.1353129394165
differential_evolution step 141: f(x)= 316.1353129394165
differential_evolution step 142: f(x)= 316.1353129394165
differential_evolution step 143: f(x)= 316.1353129394165
differential_evolution step 144: f(x)= 316.1353129394165
differential_evolution step 145: f(x)= 316.1353129394165
differential_evolution step 146: f(x)= 316.1353129394165
differential_evolution step 147: f(x)= 316.0031286374554
differential_evolution step 148: f(x)= 315.7436024491807
differential_evolution step 149: f(x)= 315.7436024491807
differential_evolution step 150: f(x)= 315.7436024491807
differential_evolution step 151: f(x)= 315.7436024491807
differential_evolution step 152: f(x)= 315.7436024491807
differential_evolution step 153: f(x)= 315.7436024491807
differential_evolution step 154: f(x)= 315.7436024491807
differential_evolution step 155: f(x)= 315.6169516302579
differential_evolution step 156: f(x)= 315.6169516302579
differential_evolution step 157: f(x)= 315.6169516302579
differential_evolution step 158: f(x)= 315.6169516302579
differential_evolution step 159: f(x)= 315.6169516302579
differential_evolution step 160: f(x)= 315.6169516302579
differential_evolution step 161: f(x)= 314.98877875971095
differential_evolution step 162: f(x)= 314.98877875971095
differential_evolution step 163: f(x)= 314.98877875971095
differential_evolution step 164: f(x)= 314.98877875971095
differential_evolution step 165: f(x)= 314.98877875971095
differential_evolution step 166: f(x)= 314.98877875971095
differential_evolution step 167: f(x)= 314.98877875971095
differential_evolution step 168: f(x)= 314.98877875971095
differential_evolution step 169: f(x)= 314.98877875971095
differential_evolution step 170: f(x)= 314.98877875971095
differential_evolution step 171: f(x)= 314.98877875971095
differential_evolution step 172: f(x)= 314.98877875971095
differential_evolution step 173: f(x)= 314.98877875971095
differential_evolution step 174: f(x)= 314.98877875971095
differential_evolution step 175: f(x)= 314.98877875971095
differential_evolution step 176: f(x)= 314.98877875971095
differential_evolution step 177: f(x)= 314.98877875971095
differential_evolution step 178: f(x)= 314.98877875971095
differential_evolution step 179: f(x)= 314.98877875971095
differential_evolution step 180: f(x)= 314.98877875971095
differential_evolution step 181: f(x)= 314.98877875971095
differential_evolution step 182: f(x)= 314.98877875971095
differential_evolution step 183: f(x)= 314.98877875971095
differential_evolution step 184: f(x)= 314.97073822371175
differential_evolution step 185: f(x)= 314.9283887328537
differential_evolution step 186: f(x)= 314.9283887328537
differential_evolution step 187: f(x)= 314.9283887328537
differential_evolution step 188: f(x)= 314.9283887328537
differential_evolution step 189: f(x)= 314.8668554968909
differential_evolution step 190: f(x)= 314.8668554968909
differential_evolution step 191: f(x)= 314.8668554968909
differential_evolution step 192: f(x)= 314.8668554968909
differential_evolution step 193: f(x)= 314.8668554968909
differential_evolution step 194: f(x)= 314.8668554968909
differential_evolution step 195: f(x)= 314.8668554968909
differential_evolution step 196: f(x)= 314.8668554968909
differential_evolution step 197: f(x)= 314.8668554968909
differential_evolution step 198: f(x)= 314.8668554968909
differential_evolution step 199: f(x)= 314.8668554968909
differential_evolution step 200: f(x)= 314.8668554968909
Cluster 5 DE best chi^2: 314.867 with params {'x_src': np.float64(148.31616780519332), 'y_src': np.float64(146.35415661090775), 'z_s': np.float64(1.6102537698394341)}

--- DE Optimization Summary ---
Best fit found for Cluster 0 with chi^2 = 0.018
Best-fit parameters: {'x_src': np.float64(78.99048241026105), 'y_src': np.float64(70.29562128104793), 'z_s': np.float64(3.1113846479926286)}

--- Running MCMC for Cluster 0 (chi_sq=0.018) ---
[MCMC] Process Pool with 16 procs
  0%|          | 0/20000 [00:00<?, ?it/s]  0%|          | 72/20000 [01:40<7:43:08,  1.39s/it]  0%|          | 85/20000 [02:00<7:42:50,  1.39s/it]  1%|          | 144/20000 [03:21<7:43:51,  1.40s/it]  1%|          | 156/20000 [03:40<7:43:35,  1.40s/it]  1%|          | 214/20000 [05:01<7:46:21,  1.41s/it]  1%|          | 227/20000 [05:20<7:46:03,  1.41s/it]  1%|         | 287/20000 [06:42<7:39:27,  1.40s/it]  2%|         | 300/20000 [07:00<7:39:09,  1.40s/it]  2%|         | 363/20000 [08:22<7:28:26,  1.37s/it]  2%|         | 377/20000 [08:40<7:28:06,  1.37s/it]  2%|         | 439/20000 [10:03<7:21:37,  1.35s/it]  2%|         | 451/20000 [10:20<7:21:21,  1.35s/it]  3%|         | 515/20000 [11:44<7:17:20,  1.35s/it]  3%|         | 526/20000 [12:00<7:17:05,  1.35s/it]  3%|         | 594/20000 [13:24<7:07:33,  1.32s/it]  3%|         | 606/20000 [13:40<7:07:17,  1.32s/it]  3%|         | 676/20000 [15:05<6:55:28,  1.29s/it]  3%|         | 688/20000 [15:20<6:55:12,  1.29s/it]  4%|         | 755/20000 [16:46<6:53:09,  1.29s/it]  4%|         | 765/20000 [17:00<6:52:57,  1.29s/it]  4%|         | 838/20000 [18:27<6:43:54,  1.26s/it]  4%|         | 846/20000 [18:40<6:43:44,  1.26s/it]  5%|         | 917/20000 [20:09<6:43:59,  1.27s/it]  5%|         | 924/20000 [20:20<6:43:50,  1.27s/it]  5%|         | 993/20000 [21:50<6:48:26,  1.29s/it]  5%|         | 1008/20000 [22:10<6:48:06,  1.29s/it]  5%|         | 1069/20000 [23:31<6:51:05,  1.30s/it]  5%|         | 1082/20000 [23:50<6:50:48,  1.30s/it]  6%|         | 1143/20000 [25:12<6:54:10,  1.32s/it]  6%|         | 1157/20000 [25:30<6:53:51,  1.32s/it]  6%|         | 1220/20000 [26:53<6:52:13,  1.32s/it]  6%|         | 1231/20000 [27:10<6:51:59,  1.32s/it]  6%|         | 1294/20000 [28:34<6:55:25,  1.33s/it]  7%|         | 1305/20000 [28:50<6:55:10,  1.33s/it]  7%|         | 1370/20000 [30:15<6:52:28,  1.33s/it]  7%|         | 1380/20000 [30:30<6:52:15,  1.33s/it]  7%|         | 1442/20000 [31:55<6:56:43,  1.35s/it]  7%|         | 1452/20000 [32:10<6:56:30,  1.35s/it]  8%|         | 1517/20000 [33:36<6:55:17,  1.35s/it]  8%|         | 1526/20000 [33:50<6:55:05,  1.35s/it]  8%|         | 1592/20000 [35:17<6:53:30,  1.35s/it]  8%|         | 1600/20000 [35:30<6:53:19,  1.35s/it]  8%|         | 1668/20000 [36:58<6:49:58,  1.34s/it]  8%|         | 1675/20000 [37:10<6:49:48,  1.34s/it]  9%|         | 1743/20000 [38:39<6:47:58,  1.34s/it]  9%|         | 1750/20000 [38:50<6:47:49,  1.34s/it]  9%|         | 1815/20000 [40:19<6:50:37,  1.35s/it]  9%|         | 1822/20000 [40:30<6:50:27,  1.35s/it]  9%|         | 1888/20000 [41:59<6:51:04,  1.36s/it]  9%|         | 1895/20000 [42:10<6:50:54,  1.36s/it] 10%|         | 1959/20000 [43:40<6:54:14,  1.38s/it] 10%|         | 1975/20000 [44:00<6:53:51,  1.38s/it] 10%|         | 2035/20000 [45:20<6:46:58,  1.36s/it] 10%|         | 2050/20000 [45:40<6:46:38,  1.36s/it] 11%|         | 2114/20000 [47:00<6:36:50,  1.33s/it] 11%|         | 2128/20000 [47:20<6:36:32,  1.33s/it] 11%|         | 2189/20000 [48:41<6:36:01,  1.33s/it] 11%|         | 2201/20000 [49:00<6:35:45,  1.33s/it] 11%|        | 2260/20000 [50:21<6:41:09,  1.36s/it] 11%|        | 2273/20000 [50:40<6:40:51,  1.36s/it] 12%|        | 2334/20000 [52:01<6:39:20,  1.36s/it] 12%|        | 2347/20000 [52:20<6:39:02,  1.36s/it] 12%|        | 2406/20000 [53:41<6:40:36,  1.37s/it] 12%|        | 2419/20000 [54:00<6:40:18,  1.37s/it] 12%|        | 2482/20000 [55:22<6:35:37,  1.36s/it] 12%|        | 2496/20000 [55:40<6:35:18,  1.36s/it] 13%|        | 2557/20000 [57:03<6:32:02,  1.35s/it] 13%|        | 2570/20000 [57:20<6:31:44,  1.35s/it] 13%|        | 2633/20000 [58:44<6:28:52,  1.34s/it] 13%|        | 2644/20000 [59:00<6:28:38,  1.34s/it] 14%|        | 2710/20000 [1:00:25<6:24:25,  1.33s/it] 14%|        | 2720/20000 [1:00:40<6:24:12,  1.33s/it] 14%|        | 2787/20000 [1:02:05<6:20:08,  1.33s/it] 14%|        | 2797/20000 [1:02:20<6:19:55,  1.33s/it] 14%|        | 2866/20000 [1:03:45<6:13:23,  1.31s/it] 14%|        | 2876/20000 [1:04:00<6:13:10,  1.31s/it] 15%|        | 2942/20000 [1:05:27<6:13:46,  1.31s/it] 15%|        | 2950/20000 [1:05:40<6:13:35,  1.31s/it] 15%|        | 3017/20000 [1:07:07<6:14:27,  1.32s/it] 15%|        | 3026/20000 [1:07:20<6:14:15,  1.32s/it] 15%|        | 3091/20000 [1:08:48<6:15:59,  1.33s/it] 15%|        | 3099/20000 [1:09:00<6:15:48,  1.33s/it] 16%|        | 3165/20000 [1:10:29<6:17:07,  1.34s/it] 16%|        | 3172/20000 [1:10:40<6:16:57,  1.34s/it] 16%|        | 3237/20000 [1:12:09<6:19:13,  1.36s/it] 16%|        | 3243/20000 [1:12:20<6:19:05,  1.36s/it] 17%|        | 3309/20000 [1:13:51<6:21:45,  1.37s/it] 17%|        | 3321/20000 [1:14:10<6:21:28,  1.37s/it] 17%|        | 3381/20000 [1:15:31<6:21:59,  1.38s/it] 17%|        | 3393/20000 [1:15:50<6:21:42,  1.38s/it] 17%|        | 3456/20000 [1:17:12<6:16:52,  1.37s/it] 17%|        | 3470/20000 [1:17:30<6:16:33,  1.37s/it] 18%|        | 3527/20000 [1:18:52<6:19:14,  1.38s/it] 18%|        | 3538/20000 [1:19:10<6:18:59,  1.38s/it] 18%|        | 3599/20000 [1:20:33<6:18:42,  1.39s/it] 18%|        | 3610/20000 [1:20:50<6:18:27,  1.39s/it] 18%|        | 3673/20000 [1:22:13<6:14:45,  1.38s/it] 18%|        | 3684/20000 [1:22:30<6:14:30,  1.38s/it] 19%|        | 3746/20000 [1:23:54<6:13:18,  1.38s/it] 19%|        | 3757/20000 [1:24:10<6:13:03,  1.38s/it] 19%|        | 3821/20000 [1:25:35<6:09:21,  1.37s/it] 19%|        | 3832/20000 [1:25:50<6:09:06,  1.37s/it] 19%|        | 3899/20000 [1:27:16<6:00:50,  1.34s/it] 20%|        | 3909/20000 [1:27:30<6:00:36,  1.34s/it] 20%|        | 3973/20000 [1:28:56<5:59:47,  1.35s/it] 20%|        | 3982/20000 [1:29:10<5:59:35,  1.35s/it] 20%|        | 4049/20000 [1:30:36<5:56:13,  1.34s/it] 20%|        | 4059/20000 [1:30:50<5:56:00,  1.34s/it] 21%|        | 4129/20000 [1:32:17<5:47:18,  1.31s/it] 21%|        | 4138/20000 [1:32:30<5:47:06,  1.31s/it] 21%|        | 4203/20000 [1:33:57<5:49:04,  1.33s/it] 21%|        | 4212/20000 [1:34:10<5:48:52,  1.33s/it] 21%|       | 4275/20000 [1:35:38<5:52:44,  1.35s/it] 21%|       | 4283/20000 [1:35:50<5:52:33,  1.35s/it] 22%|       | 4351/20000 [1:37:19<5:49:41,  1.34s/it] 22%|       | 4358/20000 [1:37:30<5:49:32,  1.34s/it] 22%|       | 4425/20000 [1:38:59<5:49:10,  1.35s/it] 22%|       | 4433/20000 [1:39:10<5:48:59,  1.35s/it] 23%|       | 4501/20000 [1:40:40<5:45:57,  1.34s/it] 23%|       | 4514/20000 [1:41:00<5:45:40,  1.34s/it] 23%|       | 4574/20000 [1:42:20<5:47:15,  1.35s/it] 23%|       | 4589/20000 [1:42:40<5:46:55,  1.35s/it] 23%|       | 4653/20000 [1:44:01<5:39:36,  1.33s/it] 23%|       | 4666/20000 [1:44:20<5:39:19,  1.33s/it] 24%|       | 4725/20000 [1:45:42<5:43:04,  1.35s/it] 24%|       | 4737/20000 [1:46:00<5:42:47,  1.35s/it] 24%|       | 4798/20000 [1:47:23<5:43:54,  1.36s/it] 24%|       | 4809/20000 [1:47:40<5:43:39,  1.36s/it] 24%|       | 4875/20000 [1:49:03<5:37:53,  1.34s/it] 24%|       | 4888/20000 [1:49:20<5:37:35,  1.34s/it] 25%|       | 4951/20000 [1:50:43<5:34:31,  1.33s/it] 25%|       | 4962/20000 [1:51:00<5:34:16,  1.33s/it] 25%|       | 5026/20000 [1:52:23<5:32:56,  1.33s/it] 25%|       | 5038/20000 [1:52:40<5:32:40,  1.33s/it] 26%|       | 5104/20000 [1:54:04<5:28:12,  1.32s/it] 26%|       | 5116/20000 [1:54:20<5:27:56,  1.32s/it] 26%|       | 5179/20000 [1:55:45<5:28:27,  1.33s/it] 26%|       | 5190/20000 [1:56:00<5:28:13,  1.33s/it] 26%|       | 5260/20000 [1:57:26<5:19:58,  1.30s/it] 26%|       | 5269/20000 [1:57:40<5:19:46,  1.30s/it] 27%|       | 5336/20000 [1:59:07<5:20:20,  1.31s/it] 27%|       | 5345/20000 [1:59:20<5:20:08,  1.31s/it] 27%|       | 5415/20000 [2:00:48<5:16:00,  1.30s/it] 27%|       | 5424/20000 [2:01:00<5:15:48,  1.30s/it] 27%|       | 5495/20000 [2:02:29<5:11:30,  1.29s/it] 28%|       | 5503/20000 [2:02:40<5:11:20,  1.29s/it] 28%|       | 5575/20000 [2:04:10<5:07:44,  1.28s/it] 28%|       | 5582/20000 [2:04:20<5:07:35,  1.28s/it] 28%|       | 5649/20000 [2:05:50<5:11:20,  1.30s/it] 28%|       | 5662/20000 [2:06:10<5:11:03,  1.30s/it] 29%|       | 5726/20000 [2:07:30<5:09:35,  1.30s/it] 29%|       | 5741/20000 [2:07:50<5:09:15,  1.30s/it] 29%|       | 5799/20000 [2:09:10<5:12:48,  1.32s/it] 29%|       | 5813/20000 [2:09:30<5:12:29,  1.32s/it] 29%|       | 5874/20000 [2:10:51<5:12:48,  1.33s/it] 29%|       | 5888/20000 [2:11:10<5:12:30,  1.33s/it] 30%|       | 5951/20000 [2:12:32<5:09:46,  1.32s/it] 30%|       | 5965/20000 [2:12:50<5:09:28,  1.32s/it] 30%|       | 6026/20000 [2:14:13<5:09:53,  1.33s/it] 30%|       | 6037/20000 [2:14:30<5:09:38,  1.33s/it] 30%|       | 6097/20000 [2:15:54<5:13:50,  1.35s/it] 31%|       | 6108/20000 [2:16:10<5:13:35,  1.35s/it] 31%|       | 6170/20000 [2:17:34<5:13:39,  1.36s/it] 31%|       | 6181/20000 [2:17:50<5:13:24,  1.36s/it] 31%|       | 6246/20000 [2:19:15<5:09:47,  1.35s/it] 31%|      | 6255/20000 [2:19:30<5:09:35,  1.35s/it] 32%|      | 6317/20000 [2:20:55<5:12:03,  1.37s/it] 32%|      | 6328/20000 [2:21:10<5:11:48,  1.37s/it] 32%|      | 6395/20000 [2:22:36<5:04:31,  1.34s/it] 32%|      | 6406/20000 [2:22:50<5:04:16,  1.34s/it] 32%|      | 6471/20000 [2:24:16<5:01:44,  1.34s/it] 32%|      | 6480/20000 [2:24:30<5:01:32,  1.34s/it] 33%|      | 6546/20000 [2:25:56<4:59:44,  1.34s/it] 33%|      | 6554/20000 [2:26:10<4:59:34,  1.34s/it] 33%|      | 6624/20000 [2:27:37<4:55:00,  1.32s/it] 33%|      | 6633/20000 [2:27:50<4:54:48,  1.32s/it] 33%|      | 6696/20000 [2:29:18<4:57:50,  1.34s/it] 34%|      | 6705/20000 [2:29:30<4:57:38,  1.34s/it] 34%|      | 6776/20000 [2:30:58<4:49:47,  1.31s/it] 34%|      | 6785/20000 [2:31:10<4:49:35,  1.31s/it] 34%|      | 6852/20000 [2:32:39<4:49:07,  1.32s/it] 34%|      | 6859/20000 [2:32:50<4:48:58,  1.32s/it] 35%|      | 6924/20000 [2:34:20<4:52:32,  1.34s/it] 35%|      | 6930/20000 [2:34:30<4:52:24,  1.34s/it] 35%|      | 6993/20000 [2:36:00<4:57:35,  1.37s/it] 35%|      | 7000/20000 [2:36:10<4:57:25,  1.37s/it] 35%|      | 7075/20000 [2:37:40<4:45:38,  1.33s/it] 35%|      | 7089/20000 [2:38:00<4:45:20,  1.33s/it] 36%|      | 7149/20000 [2:39:22<4:46:42,  1.34s/it] 36%|      | 7161/20000 [2:39:40<4:46:26,  1.34s/it] 36%|      | 7217/20000 [2:41:02<4:53:08,  1.38s/it] 36%|      | 7230/20000 [2:41:20<4:52:50,  1.38s/it] 36%|      | 7291/20000 [2:42:43<4:51:00,  1.37s/it] 37%|      | 7302/20000 [2:43:00<4:50:44,  1.37s/it] 37%|      | 7366/20000 [2:44:24<4:47:37,  1.37s/it] 37%|      | 7378/20000 [2:44:40<4:47:20,  1.37s/it] 37%|      | 7442/20000 [2:46:05<4:43:00,  1.35s/it] 37%|      | 7453/20000 [2:46:20<4:42:45,  1.35s/it] 38%|      | 7520/20000 [2:47:46<4:37:36,  1.33s/it] 38%|      | 7530/20000 [2:48:00<4:37:23,  1.33s/it] 38%|      | 7596/20000 [2:49:26<4:35:26,  1.33s/it] 38%|      | 7605/20000 [2:49:40<4:35:14,  1.33s/it] 38%|      | 7670/20000 [2:51:07<4:35:45,  1.34s/it] 38%|      | 7678/20000 [2:51:20<4:35:34,  1.34s/it] 39%|      | 7745/20000 [2:52:49<4:34:43,  1.35s/it] 39%|      | 7753/20000 [2:53:00<4:34:32,  1.35s/it] 39%|      | 7817/20000 [2:54:29<4:35:50,  1.36s/it] 39%|      | 7824/20000 [2:54:40<4:35:40,  1.36s/it] 39%|      | 7888/20000 [2:56:10<4:38:10,  1.38s/it] 40%|      | 7901/20000 [2:56:30<4:37:52,  1.38s/it] 40%|      | 7962/20000 [2:57:51<4:35:13,  1.37s/it] 40%|      | 7976/20000 [2:58:10<4:34:54,  1.37s/it] 40%|      | 8039/20000 [2:59:32<4:29:59,  1.35s/it] 40%|      | 8052/20000 [2:59:50<4:29:41,  1.35s/it] 41%|      | 8114/20000 [3:01:13<4:27:41,  1.35s/it] 41%|      | 8125/20000 [3:01:30<4:27:27,  1.35s/it] 41%|      | 8187/20000 [3:02:53<4:27:18,  1.36s/it] 41%|      | 8200/20000 [3:03:10<4:27:01,  1.36s/it] 41%|     | 8265/20000 [3:04:33<4:21:01,  1.33s/it] 41%|     | 8279/20000 [3:04:50<4:20:43,  1.33s/it] 42%|     | 8347/20000 [3:06:13<4:12:09,  1.30s/it] 42%|     | 8360/20000 [3:06:30<4:11:53,  1.30s/it] 42%|     | 8423/20000 [3:07:54<4:12:09,  1.31s/it] 42%|     | 8434/20000 [3:08:10<4:11:55,  1.31s/it] 42%|     | 8499/20000 [3:09:35<4:11:48,  1.31s/it] 43%|     | 8508/20000 [3:09:50<4:11:36,  1.31s/it] 43%|     | 8570/20000 [3:11:16<4:15:52,  1.34s/it] 43%|     | 8580/20000 [3:11:30<4:15:38,  1.34s/it] 43%|     | 8643/20000 [3:12:56<4:15:52,  1.35s/it] 43%|     | 8653/20000 [3:13:10<4:15:38,  1.35s/it] 44%|     | 8724/20000 [3:14:37<4:08:02,  1.32s/it] 44%|     | 8734/20000 [3:14:50<4:07:49,  1.32s/it] 44%|     | 8796/20000 [3:16:18<4:10:57,  1.34s/it] 44%|     | 8803/20000 [3:16:30<4:10:47,  1.34s/it] 44%|     | 8869/20000 [3:18:00<4:11:43,  1.36s/it] 44%|     | 8882/20000 [3:18:20<4:11:26,  1.36s/it] 45%|     | 8942/20000 [3:19:40<4:11:10,  1.36s/it] 45%|     | 8956/20000 [3:20:00<4:10:51,  1.36s/it] 45%|     | 9013/20000 [3:21:21<4:12:51,  1.38s/it] 45%|     | 9026/20000 [3:21:40<4:12:33,  1.38s/it] 45%|     | 9089/20000 [3:23:02<4:07:50,  1.36s/it] 46%|     | 9104/20000 [3:23:20<4:07:29,  1.36s/it] 46%|     | 9169/20000 [3:24:43<4:00:05,  1.33s/it] 46%|     | 9182/20000 [3:25:00<3:59:47,  1.33s/it] 46%|     | 9247/20000 [3:26:23<3:56:06,  1.32s/it] 46%|     | 9260/20000 [3:26:40<3:55:49,  1.32s/it] 47%|     | 9321/20000 [3:28:04<3:56:34,  1.33s/it] 47%|     | 9335/20000 [3:28:20<3:56:16,  1.33s/it] 47%|     | 9402/20000 [3:29:44<3:49:44,  1.30s/it] 47%|     | 9415/20000 [3:30:00<3:49:27,  1.30s/it] 47%|     | 9481/20000 [3:31:25<3:46:41,  1.29s/it] 47%|     | 9492/20000 [3:31:40<3:46:27,  1.29s/it] 48%|     | 9556/20000 [3:33:06<3:47:39,  1.31s/it] 48%|     | 9567/20000 [3:33:20<3:47:25,  1.31s/it] 48%|     | 9638/20000 [3:34:46<3:41:21,  1.28s/it] 48%|     | 9648/20000 [3:35:00<3:41:08,  1.28s/it] 49%|     | 9709/20000 [3:36:27<3:46:24,  1.32s/it] 49%|     | 9717/20000 [3:36:40<3:46:13,  1.32s/it] 49%|     | 9777/20000 [3:38:08<3:52:58,  1.37s/it] 49%|     | 9784/20000 [3:38:20<3:52:48,  1.37s/it] 49%|     | 9855/20000 [3:39:49<3:47:27,  1.35s/it] 49%|     | 9863/20000 [3:40:00<3:47:16,  1.35s/it] 50%|     | 9926/20000 [3:41:30<3:49:32,  1.37s/it] 50%|     | 9939/20000 [3:41:50<3:49:15,  1.37s/it] 50%|     | 10000/20000 [3:43:10<3:47:17,  1.36s/it] 50%|     | 10013/20000 [3:43:30<3:47:00,  1.36s/it] 50%|     | 10077/20000 [3:44:51<3:42:45,  1.35s/it] 50%|     | 10092/20000 [3:45:10<3:42:25,  1.35s/it] 51%|     | 10156/20000 [3:46:31<3:36:55,  1.32s/it] 51%|     | 10168/20000 [3:46:50<3:36:40,  1.32s/it] 51%|     | 10229/20000 [3:48:12<3:37:54,  1.34s/it] 51%|     | 10245/20000 [3:48:30<3:37:33,  1.34s/it] 52%|    | 10307/20000 [3:49:53<3:33:51,  1.32s/it] 52%|    | 10320/20000 [3:50:10<3:33:34,  1.32s/it] 52%|    | 10385/20000 [3:51:33<3:30:15,  1.31s/it] 52%|    | 10398/20000 [3:51:50<3:29:58,  1.31s/it] 52%|    | 10464/20000 [3:53:14<3:26:49,  1.30s/it] 52%|    | 10476/20000 [3:53:30<3:26:34,  1.30s/it] 53%|    | 10539/20000 [3:54:55<3:27:18,  1.31s/it] 53%|    | 10549/20000 [3:55:10<3:27:05,  1.31s/it] 53%|    | 10614/20000 [3:56:35<3:26:34,  1.32s/it] 53%|    | 10625/20000 [3:56:50<3:26:19,  1.32s/it] 53%|    | 10690/20000 [3:58:16<3:25:05,  1.32s/it] 53%|    | 10699/20000 [3:58:30<3:24:53,  1.32s/it] 54%|    | 10761/20000 [3:59:56<3:27:38,  1.35s/it] 54%|    | 10770/20000 [4:00:10<3:27:25,  1.35s/it] 54%|    | 10835/20000 [4:01:36<3:26:08,  1.35s/it] 54%|    | 10845/20000 [4:01:50<3:25:54,  1.35s/it] 55%|    | 10914/20000 [4:03:17<3:20:50,  1.33s/it] 55%|    | 10926/20000 [4:03:30<3:20:34,  1.33s/it] 55%|    | 10989/20000 [4:04:58<3:20:16,  1.33s/it] 55%|    | 10997/20000 [4:05:10<3:20:06,  1.33s/it] 55%|    | 11060/20000 [4:06:39<3:22:11,  1.36s/it] 55%|    | 11068/20000 [4:06:50<3:22:00,  1.36s/it] 56%|    | 11134/20000 [4:08:20<3:20:49,  1.36s/it] 56%|    | 11141/20000 [4:08:30<3:20:40,  1.36s/it] 56%|    | 11210/20000 [4:10:00<3:17:29,  1.35s/it] 56%|    | 11224/20000 [4:10:20<3:17:10,  1.35s/it] 56%|    | 11289/20000 [4:11:41<3:12:29,  1.33s/it] 57%|    | 11304/20000 [4:12:00<3:12:09,  1.33s/it] 57%|    | 11370/20000 [4:13:22<3:07:05,  1.30s/it] 57%|    | 11385/20000 [4:13:40<3:06:46,  1.30s/it] 57%|    | 11451/20000 [4:15:02<3:02:36,  1.28s/it] 57%|    | 11464/20000 [4:15:20<3:02:19,  1.28s/it] 58%|    | 11527/20000 [4:16:42<3:02:32,  1.29s/it] 58%|    | 11541/20000 [4:17:00<3:02:13,  1.29s/it] 58%|    | 11607/20000 [4:18:23<2:59:21,  1.28s/it] 58%|    | 11619/20000 [4:18:40<2:59:05,  1.28s/it] 58%|    | 11681/20000 [4:20:03<3:00:35,  1.30s/it] 58%|    | 11693/20000 [4:20:20<3:00:19,  1.30s/it] 59%|    | 11756/20000 [4:21:44<3:00:29,  1.31s/it] 59%|    | 11768/20000 [4:22:00<3:00:13,  1.31s/it] 59%|    | 11832/20000 [4:23:24<2:58:55,  1.31s/it] 59%|    | 11842/20000 [4:23:40<2:58:42,  1.31s/it] 60%|    | 11904/20000 [4:25:04<3:00:28,  1.34s/it] 60%|    | 11914/20000 [4:25:20<3:00:14,  1.34s/it] 60%|    | 11982/20000 [4:26:45<2:56:51,  1.32s/it] 60%|    | 11993/20000 [4:27:00<2:56:37,  1.32s/it] 60%|    | 12059/20000 [4:28:25<2:54:16,  1.32s/it] 60%|    | 12071/20000 [4:28:40<2:54:00,  1.32s/it] 61%|    | 12139/20000 [4:30:06<2:50:21,  1.30s/it] 61%|    | 12150/20000 [4:30:20<2:50:07,  1.30s/it] 61%|    | 12214/20000 [4:31:47<2:50:09,  1.31s/it] 61%|    | 12223/20000 [4:32:00<2:49:57,  1.31s/it] 61%|   | 12291/20000 [4:33:27<2:48:18,  1.31s/it] 62%|   | 12301/20000 [4:33:40<2:48:05,  1.31s/it] 62%|   | 12370/20000 [4:35:07<2:44:52,  1.30s/it] 62%|   | 12380/20000 [4:35:20<2:44:39,  1.30s/it] 62%|   | 12447/20000 [4:36:48<2:43:40,  1.30s/it] 62%|   | 12455/20000 [4:37:00<2:43:29,  1.30s/it] 63%|   | 12524/20000 [4:38:29<2:42:26,  1.30s/it] 63%|   | 12531/20000 [4:38:40<2:42:17,  1.30s/it] 63%|   | 12597/20000 [4:40:10<2:43:27,  1.32s/it] 63%|   | 12604/20000 [4:40:20<2:43:18,  1.32s/it] 63%|   | 12676/20000 [4:41:50<2:39:38,  1.31s/it] 63%|   | 12692/20000 [4:42:10<2:39:17,  1.31s/it] 64%|   | 12750/20000 [4:43:30<2:39:33,  1.32s/it] 64%|   | 12765/20000 [4:43:50<2:39:14,  1.32s/it] 64%|   | 12822/20000 [4:45:11<2:40:47,  1.34s/it] 64%|   | 12837/20000 [4:45:30<2:40:27,  1.34s/it] 65%|   | 12901/20000 [4:46:51<2:36:16,  1.32s/it] 65%|   | 12914/20000 [4:47:10<2:35:59,  1.32s/it] 65%|   | 12973/20000 [4:48:32<2:37:17,  1.34s/it] 65%|   | 12985/20000 [4:48:50<2:37:01,  1.34s/it] 65%|   | 13049/20000 [4:50:12<2:34:55,  1.34s/it] 65%|   | 13062/20000 [4:50:30<2:34:38,  1.34s/it] 66%|   | 13131/20000 [4:51:53<2:29:10,  1.30s/it] 66%|   | 13143/20000 [4:52:10<2:28:54,  1.30s/it] 66%|   | 13205/20000 [4:53:34<2:29:32,  1.32s/it] 66%|   | 13216/20000 [4:53:50<2:29:17,  1.32s/it] 66%|   | 13280/20000 [4:55:14<2:28:22,  1.32s/it] 66%|   | 13292/20000 [4:55:30<2:28:06,  1.32s/it] 67%|   | 13353/20000 [4:56:55<2:28:30,  1.34s/it] 67%|   | 13363/20000 [4:57:10<2:28:17,  1.34s/it] 67%|   | 13429/20000 [4:58:35<2:26:12,  1.34s/it] 67%|   | 13441/20000 [4:58:50<2:25:56,  1.34s/it] 68%|   | 13510/20000 [5:00:16<2:21:13,  1.31s/it] 68%|   | 13522/20000 [5:00:30<2:20:57,  1.31s/it] 68%|   | 13587/20000 [5:01:57<2:19:45,  1.31s/it] 68%|   | 13595/20000 [5:02:10<2:19:34,  1.31s/it] 68%|   | 13657/20000 [5:03:37<2:21:53,  1.34s/it] 68%|   | 13665/20000 [5:03:50<2:21:42,  1.34s/it] 69%|   | 13731/20000 [5:05:18<2:20:50,  1.35s/it] 69%|   | 13738/20000 [5:05:30<2:20:41,  1.35s/it] 69%|   | 13801/20000 [5:06:58<2:21:54,  1.37s/it] 69%|   | 13809/20000 [5:07:10<2:21:43,  1.37s/it] 69%|   | 13879/20000 [5:08:39<2:17:18,  1.35s/it] 69%|   | 13887/20000 [5:08:50<2:17:07,  1.35s/it] 70%|   | 13953/20000 [5:10:19<2:15:49,  1.35s/it] 70%|   | 13961/20000 [5:10:30<2:15:38,  1.35s/it] 70%|   | 14029/20000 [5:11:59<2:13:23,  1.34s/it] 70%|   | 14036/20000 [5:12:10<2:13:13,  1.34s/it] 71%|   | 14104/20000 [5:13:40<2:11:48,  1.34s/it] 71%|   | 14117/20000 [5:14:00<2:11:31,  1.34s/it] 71%|   | 14176/20000 [5:15:20<2:11:34,  1.36s/it] 71%|   | 14190/20000 [5:15:40<2:11:15,  1.36s/it] 71%|  | 14258/20000 [5:17:01<2:05:48,  1.31s/it] 71%|  | 14271/20000 [5:17:20<2:05:31,  1.31s/it] 72%|  | 14331/20000 [5:18:41<2:05:53,  1.33s/it] 72%|  | 14346/20000 [5:19:00<2:05:33,  1.33s/it] 72%|  | 14416/20000 [5:20:22<1:59:29,  1.28s/it] 72%|  | 14430/20000 [5:20:40<1:59:11,  1.28s/it] 72%|  | 14497/20000 [5:22:02<1:56:27,  1.27s/it] 73%|  | 14511/20000 [5:22:20<1:56:09,  1.27s/it] 73%|  | 14576/20000 [5:23:43<1:54:46,  1.27s/it] 73%|  | 14588/20000 [5:24:00<1:54:30,  1.27s/it] 73%|  | 14651/20000 [5:25:23<1:54:58,  1.29s/it] 73%|  | 14664/20000 [5:25:40<1:54:42,  1.29s/it] 74%|  | 14729/20000 [5:27:04<1:53:22,  1.29s/it] 74%|  | 14741/20000 [5:27:20<1:53:07,  1.29s/it] 74%|  | 14806/20000 [5:28:44<1:52:01,  1.29s/it] 74%|  | 14818/20000 [5:29:00<1:51:46,  1.29s/it] 74%|  | 14877/20000 [5:30:25<1:53:25,  1.33s/it] 74%|  | 14888/20000 [5:30:40<1:53:10,  1.33s/it] 75%|  | 14951/20000 [5:32:05<1:52:23,  1.34s/it] 75%|  | 14961/20000 [5:32:20<1:52:10,  1.34s/it] 75%|  | 15029/20000 [5:33:46<1:49:40,  1.32s/it] 75%|  | 15039/20000 [5:34:00<1:49:27,  1.32s/it] 76%|  | 15105/20000 [5:35:26<1:47:56,  1.32s/it] 76%|  | 15114/20000 [5:35:40<1:47:44,  1.32s/it] 76%|  | 15177/20000 [5:37:07<1:48:08,  1.35s/it] 76%|  | 15185/20000 [5:37:20<1:47:58,  1.35s/it] 76%|  | 15250/20000 [5:38:48<1:47:22,  1.36s/it] 76%|  | 15258/20000 [5:39:00<1:47:11,  1.36s/it] 77%|  | 15324/20000 [5:40:29<1:46:00,  1.36s/it] 77%|  | 15331/20000 [5:40:40<1:45:51,  1.36s/it] 77%|  | 15396/20000 [5:42:11<1:45:26,  1.37s/it] 77%|  | 15410/20000 [5:42:30<1:45:07,  1.37s/it] 77%|  | 15473/20000 [5:43:52<1:42:12,  1.35s/it] 77%|  | 15487/20000 [5:44:10<1:41:53,  1.35s/it] 78%|  | 15549/20000 [5:45:33<1:39:59,  1.35s/it] 78%|  | 15562/20000 [5:45:50<1:39:41,  1.35s/it] 78%|  | 15629/20000 [5:47:14<1:36:20,  1.32s/it] 78%|  | 15640/20000 [5:47:30<1:36:05,  1.32s/it] 79%|  | 15705/20000 [5:48:55<1:34:48,  1.32s/it] 79%|  | 15716/20000 [5:49:10<1:34:34,  1.32s/it] 79%|  | 15780/20000 [5:50:36<1:33:27,  1.33s/it] 79%|  | 15790/20000 [5:50:50<1:33:14,  1.33s/it] 79%|  | 15852/20000 [5:52:16<1:33:08,  1.35s/it] 79%|  | 15863/20000 [5:52:30<1:32:53,  1.35s/it] 80%|  | 15926/20000 [5:53:57<1:31:42,  1.35s/it] 80%|  | 15935/20000 [5:54:10<1:31:30,  1.35s/it] 80%|  | 16001/20000 [5:55:37<1:29:51,  1.35s/it] 80%|  | 16010/20000 [5:55:50<1:29:39,  1.35s/it] 80%|  | 16077/20000 [5:57:17<1:27:30,  1.34s/it] 80%|  | 16086/20000 [5:57:30<1:27:18,  1.34s/it] 81%|  | 16151/20000 [5:58:57<1:26:09,  1.34s/it] 81%|  | 16160/20000 [5:59:10<1:25:57,  1.34s/it] 81%|  | 16229/20000 [6:00:38<1:23:20,  1.33s/it] 81%|  | 16238/20000 [6:00:50<1:23:08,  1.33s/it] 82%| | 16305/20000 [6:02:19<1:21:50,  1.33s/it] 82%| | 16312/20000 [6:02:30<1:21:41,  1.33s/it] 82%| | 16381/20000 [6:04:00<1:19:57,  1.33s/it] 82%| | 16388/20000 [6:04:10<1:19:48,  1.33s/it] 82%| | 16455/20000 [6:05:40<1:18:55,  1.34s/it] 82%| | 16470/20000 [6:06:00<1:18:35,  1.34s/it] 83%| | 16535/20000 [6:07:21<1:15:38,  1.31s/it] 83%| | 16551/20000 [6:07:40<1:15:18,  1.31s/it] 83%| | 16613/20000 [6:09:01<1:13:31,  1.30s/it] 83%| | 16627/20000 [6:09:20<1:13:13,  1.30s/it] 83%| | 16690/20000 [6:10:41<1:11:49,  1.30s/it] 84%| | 16706/20000 [6:11:00<1:11:28,  1.30s/it] 84%| | 16772/20000 [6:12:22<1:08:51,  1.28s/it] 84%| | 16787/20000 [6:12:40<1:08:32,  1.28s/it] 84%| | 16851/20000 [6:14:03<1:07:06,  1.28s/it] 84%| | 16864/20000 [6:14:20<1:06:49,  1.28s/it] 85%| | 16929/20000 [6:15:44<1:05:45,  1.28s/it] 85%| | 16940/20000 [6:16:00<1:05:30,  1.28s/it] 85%| | 17009/20000 [6:17:24<1:03:33,  1.27s/it] 85%| | 17022/20000 [6:17:40<1:03:16,  1.27s/it] 85%| | 17087/20000 [6:19:06<1:02:14,  1.28s/it] 85%| | 17098/20000 [6:19:20<1:02:00,  1.28s/it] 86%| | 17165/20000 [6:20:46<1:00:37,  1.28s/it] 86%| | 17175/20000 [6:21:00<1:00:24,  1.28s/it] 86%| | 17241/20000 [6:22:27<59:38,  1.30s/it]   86%| | 17250/20000 [6:22:40<59:27,  1.30s/it] 87%| | 17319/20000 [6:24:07<57:47,  1.29s/it] 87%| | 17330/20000 [6:24:20<57:33,  1.29s/it] 87%| | 17395/20000 [6:25:48<56:35,  1.30s/it] 87%| | 17403/20000 [6:26:00<56:25,  1.30s/it] 87%| | 17475/20000 [6:27:28<54:12,  1.29s/it] 87%| | 17483/20000 [6:27:40<54:02,  1.29s/it] 88%| | 17555/20000 [6:29:09<52:11,  1.28s/it] 88%| | 17562/20000 [6:29:20<52:02,  1.28s/it] 88%| | 17627/20000 [6:30:50<51:52,  1.31s/it] 88%| | 17635/20000 [6:31:00<51:41,  1.31s/it] 89%| | 17705/20000 [6:32:30<49:49,  1.30s/it] 89%| | 17713/20000 [6:32:40<49:39,  1.30s/it] 89%| | 17782/20000 [6:34:11<48:18,  1.31s/it] 89%| | 17797/20000 [6:34:30<47:58,  1.31s/it] 89%| | 17861/20000 [6:35:52<46:18,  1.30s/it] 89%| | 17875/20000 [6:36:10<46:00,  1.30s/it] 90%| | 17939/20000 [6:37:32<44:27,  1.29s/it] 90%| | 17952/20000 [6:37:50<44:10,  1.29s/it] 90%| | 18017/20000 [6:39:13<42:45,  1.29s/it] 90%| | 18030/20000 [6:39:30<42:28,  1.29s/it] 90%| | 18099/20000 [6:40:54<40:23,  1.27s/it] 91%| | 18110/20000 [6:41:10<40:09,  1.27s/it] 91%| | 18175/20000 [6:42:36<39:17,  1.29s/it] 91%| | 18186/20000 [6:42:50<39:03,  1.29s/it] 91%|| 18254/20000 [6:44:16<37:25,  1.29s/it] 91%|| 18265/20000 [6:44:30<37:11,  1.29s/it] 92%|| 18331/20000 [6:45:57<35:59,  1.29s/it] 92%|| 18341/20000 [6:46:10<35:46,  1.29s/it] 92%|| 18411/20000 [6:47:38<33:57,  1.28s/it] 92%|| 18420/20000 [6:47:50<33:46,  1.28s/it] 92%|| 18490/20000 [6:49:18<32:10,  1.28s/it] 92%|| 18499/20000 [6:49:30<31:59,  1.28s/it] 93%|| 18561/20000 [6:50:59<31:37,  1.32s/it] 93%|| 18569/20000 [6:51:10<31:27,  1.32s/it] 93%|| 18634/20000 [6:52:40<30:25,  1.34s/it] 93%|| 18641/20000 [6:52:50<30:16,  1.34s/it] 94%|| 18705/20000 [6:54:20<29:18,  1.36s/it] 94%|| 18712/20000 [6:54:30<29:08,  1.36s/it] 94%|| 18782/20000 [6:56:01<27:15,  1.34s/it] 94%|| 18795/20000 [6:56:20<26:58,  1.34s/it] 94%|| 18853/20000 [6:57:41<26:03,  1.36s/it] 94%|| 18865/20000 [6:58:00<25:47,  1.36s/it] 95%|| 18922/20000 [6:59:21<24:56,  1.39s/it] 95%|| 18934/20000 [6:59:40<24:40,  1.39s/it] 95%|| 18998/20000 [7:01:02<22:51,  1.37s/it] 95%|| 19011/20000 [7:01:20<22:33,  1.37s/it] 95%|| 19068/20000 [7:02:43<21:35,  1.39s/it] 95%|| 19079/20000 [7:03:00<21:19,  1.39s/it] 96%|| 19139/20000 [7:04:24<20:05,  1.40s/it] 96%|| 19149/20000 [7:04:40<19:51,  1.40s/it] 96%|| 19206/20000 [7:06:04<18:53,  1.43s/it] 96%|| 19217/20000 [7:06:20<18:37,  1.43s/it] 96%|| 19277/20000 [7:07:45<17:11,  1.43s/it] 96%|| 19287/20000 [7:08:00<16:56,  1.43s/it] 97%|| 19350/20000 [7:09:27<15:19,  1.41s/it] 97%|| 19360/20000 [7:09:40<15:05,  1.41s/it] 97%|| 19425/20000 [7:11:07<13:20,  1.39s/it] 97%|| 19434/20000 [7:11:20<13:07,  1.39s/it] 98%|| 19501/20000 [7:12:48<11:24,  1.37s/it] 98%|| 19510/20000 [7:13:00<11:11,  1.37s/it] 98%|| 19578/20000 [7:14:28<09:29,  1.35s/it] 98%|| 19588/20000 [7:14:40<09:15,  1.35s/it] 98%|| 19664/20000 [7:16:08<07:13,  1.29s/it] 98%|| 19675/20000 [7:16:20<06:58,  1.29s/it] 99%|| 19751/20000 [7:17:49<05:10,  1.25s/it] 99%|| 19758/20000 [7:18:00<05:01,  1.25s/it] 99%|| 19829/20000 [7:19:30<03:35,  1.26s/it] 99%|| 19845/20000 [7:19:50<03:15,  1.26s/it]100%|| 19914/20000 [7:21:10<01:46,  1.24s/it]100%|| 19929/20000 [7:21:30<01:27,  1.24s/it]100%|| 19994/20000 [7:22:51<00:07,  1.24s/it]100%|| 20000/20000 [7:22:59<00:00,  1.33s/it]

Analysis complete. Found 1 cluster(s) meeting the MCMC criterion.
Accepted cluster indices: [0]

--- Processing Final Results for Cluster 0 ---
--- MCMC Parameter Constraints for Cluster 0 ---
  x_src = 78.989 +0.047 / -0.043
  y_src = 70.315 +0.173 / -0.124
    z_s = 3.118 +0.118 / -0.087
Saving localization results for Cluster 0...
Processing results for Cluster 0...
-> Saved 340000 samples to /users/hiu-yeung.cheng/clusterlensing/out/row0/test_tidy_row0/cluster_0_posterior.npz
Updated CSV row 0 with result for cluster 0.
Loading data from /users/hiu-yeung.cheng/clusterlensing/out/row0/test_tidy_row0/cluster_0_posterior.npz...

Generating corner plot...
-> Corner plot saved to /users/hiu-yeung.cheng/clusterlensing/out/row0/test_tidy_row0/cluster_0_corner_from_saved.png

Generating trace plot...
-> Trace plot saved to /users/hiu-yeung.cheng/clusterlensing/out/row0/test_tidy_row0/cluster_0_trace.png
