Row=17 OUT_DIR=/users/hiu-yeung.cheng/clusterlensing/out/row17 DE_PROCS=16 MCMC_PROCS=16
Setup complete. Lensing system initialized.
True time delays: [    0.          1049.60475521  3380.18958914  8308.2373579
 11344.3055235 ]
True luminosity distances: 16800.381797166094
Lensed luminosity distances: [3.38807947e+03 2.65576338e+03 2.74056073e+03 1.59667366e+04
 1.66044493e+07]

Running the full analysis pipeline...
--- Running DE for Cluster 0 ---
[DE] Process Pool with 16 procs (init=latinhypercube, popsize=50)
differential_evolution step 1: f(x)= 4242.640687119286
differential_evolution step 2: f(x)= 4242.640687119286
differential_evolution step 3: f(x)= 3000.0
differential_evolution step 4: f(x)= 3000.0
differential_evolution step 5: f(x)= 3000.0
differential_evolution step 6: f(x)= 3000.0
differential_evolution step 7: f(x)= 3000.0
differential_evolution step 8: f(x)= 3000.0
differential_evolution step 9: f(x)= 3000.0
differential_evolution step 10: f(x)= 3000.0
differential_evolution step 11: f(x)= 3000.0
differential_evolution step 12: f(x)= 3000.0
differential_evolution step 13: f(x)= 3000.0
differential_evolution step 14: f(x)= 3000.0
differential_evolution step 15: f(x)= 3000.0
differential_evolution step 16: f(x)= 3000.0
differential_evolution step 17: f(x)= 3000.0
differential_evolution step 18: f(x)= 3000.0
differential_evolution step 19: f(x)= 3000.0
differential_evolution step 20: f(x)= 3000.0
differential_evolution step 21: f(x)= 2921.300376628535
differential_evolution step 22: f(x)= 2921.300376628535
differential_evolution step 23: f(x)= 2921.300376628535
differential_evolution step 24: f(x)= 2921.300376628535
differential_evolution step 25: f(x)= 2921.300376628535
differential_evolution step 26: f(x)= 2724.814321112518
differential_evolution step 27: f(x)= 2724.814321112518
differential_evolution step 28: f(x)= 2724.814321112518
differential_evolution step 29: f(x)= 2724.814321112518
differential_evolution step 30: f(x)= 2724.814321112518
differential_evolution step 31: f(x)= 2724.814321112518
differential_evolution step 32: f(x)= 2724.814321112518
differential_evolution step 33: f(x)= 2148.3016931725742
differential_evolution step 34: f(x)= 2148.3016931725742
differential_evolution step 35: f(x)= 2148.3016931725742
differential_evolution step 36: f(x)= 2148.3016931725742
differential_evolution step 37: f(x)= 2148.3016931725742
differential_evolution step 38: f(x)= 2148.3016931725742
differential_evolution step 39: f(x)= 2148.3016931725742
differential_evolution step 40: f(x)= 2148.3016931725742
differential_evolution step 41: f(x)= 2148.3016931725742
differential_evolution step 42: f(x)= 2148.3016931725742
differential_evolution step 43: f(x)= 2148.3016931725742
differential_evolution step 44: f(x)= 2148.3016931725742
differential_evolution step 45: f(x)= 2148.3016931725742
differential_evolution step 46: f(x)= 2148.3016931725742
differential_evolution step 47: f(x)= 2148.3016931725742
differential_evolution step 48: f(x)= 2148.3016931725742
differential_evolution step 49: f(x)= 2148.3016931725742
differential_evolution step 50: f(x)= 2148.3016931725742
differential_evolution step 51: f(x)= 2148.3016931725742
differential_evolution step 52: f(x)= 2148.3016931725742
differential_evolution step 53: f(x)= 2148.3016931725742
differential_evolution step 54: f(x)= 2148.3016931725742
differential_evolution step 55: f(x)= 2148.3016931725742
differential_evolution step 56: f(x)= 2148.3016931725742
differential_evolution step 57: f(x)= 2148.3016931725742
differential_evolution step 58: f(x)= 2148.3016931725742
differential_evolution step 59: f(x)= 2148.3016931725742
differential_evolution step 60: f(x)= 2148.3016931725742
differential_evolution step 61: f(x)= 2148.3016931725742
differential_evolution step 62: f(x)= 2148.3016931725742
differential_evolution step 63: f(x)= 2148.3016931725742
differential_evolution step 64: f(x)= 2148.3016931725742
differential_evolution step 65: f(x)= 2148.3016931725742
differential_evolution step 66: f(x)= 2148.3016931725742
differential_evolution step 67: f(x)= 2148.3016931725742
differential_evolution step 68: f(x)= 2148.3016931725742
differential_evolution step 69: f(x)= 2148.3016931725742
differential_evolution step 70: f(x)= 2148.3016931725742
differential_evolution step 71: f(x)= 2148.3016931725742
differential_evolution step 72: f(x)= 2148.3016931725742
differential_evolution step 73: f(x)= 2148.3016931725742
differential_evolution step 74: f(x)= 2148.3016931725742
differential_evolution step 75: f(x)= 2148.3016931725742
differential_evolution step 76: f(x)= 2148.3016931725742
differential_evolution step 77: f(x)= 2148.3016931725742
differential_evolution step 78: f(x)= 2148.3016931725742
differential_evolution step 79: f(x)= 2077.757556162318
differential_evolution step 80: f(x)= 2077.757556162318
differential_evolution step 81: f(x)= 2077.757556162318
differential_evolution step 82: f(x)= 2077.757556162318
differential_evolution step 83: f(x)= 2077.757556162318
differential_evolution step 84: f(x)= 2077.757556162318
differential_evolution step 85: f(x)= 2077.757556162318
differential_evolution step 86: f(x)= 2077.757556162318
differential_evolution step 87: f(x)= 2077.757556162318
differential_evolution step 88: f(x)= 2077.757556162318
differential_evolution step 89: f(x)= 2077.757556162318
differential_evolution step 90: f(x)= 2077.757556162318
differential_evolution step 91: f(x)= 2077.757556162318
differential_evolution step 92: f(x)= 2077.757556162318
differential_evolution step 93: f(x)= 2077.757556162318
differential_evolution step 94: f(x)= 2077.757556162318
differential_evolution step 95: f(x)= 2077.757556162318
differential_evolution step 96: f(x)= 2077.757556162318
differential_evolution step 97: f(x)= 2077.757556162318
differential_evolution step 98: f(x)= 2077.757556162318
differential_evolution step 99: f(x)= 2077.757556162318
differential_evolution step 100: f(x)= 2077.757556162318
differential_evolution step 101: f(x)= 2077.757556162318
differential_evolution step 102: f(x)= 2077.757556162318
differential_evolution step 103: f(x)= 2077.757556162318
differential_evolution step 104: f(x)= 2020.822277141536
differential_evolution step 105: f(x)= 2020.822277141536
differential_evolution step 106: f(x)= 2020.822277141536
differential_evolution step 107: f(x)= 2020.822277141536
differential_evolution step 108: f(x)= 2020.822277141536
differential_evolution step 109: f(x)= 2020.822277141536
differential_evolution step 110: f(x)= 2020.822277141536
differential_evolution step 111: f(x)= 2020.822277141536
differential_evolution step 112: f(x)= 2020.822277141536
differential_evolution step 113: f(x)= 2020.822277141536
differential_evolution step 114: f(x)= 2020.822277141536
differential_evolution step 115: f(x)= 2020.822277141536
differential_evolution step 116: f(x)= 2020.822277141536
differential_evolution step 117: f(x)= 2020.822277141536
differential_evolution step 118: f(x)= 2020.822277141536
differential_evolution step 119: f(x)= 2020.822277141536
differential_evolution step 120: f(x)= 2020.822277141536
differential_evolution step 121: f(x)= 2020.822277141536
differential_evolution step 122: f(x)= 2020.822277141536
differential_evolution step 123: f(x)= 2020.822277141536
differential_evolution step 124: f(x)= 2020.822277141536
differential_evolution step 125: f(x)= 2020.822277141536
differential_evolution step 126: f(x)= 2020.822277141536
differential_evolution step 127: f(x)= 2020.822277141536
differential_evolution step 128: f(x)= 2020.822277141536
differential_evolution step 129: f(x)= 2020.822277141536
differential_evolution step 130: f(x)= 2020.822277141536
differential_evolution step 131: f(x)= 2020.822277141536
differential_evolution step 132: f(x)= 2020.822277141536
differential_evolution step 133: f(x)= 2020.822277141536
differential_evolution step 134: f(x)= 2020.822277141536
differential_evolution step 135: f(x)= 2020.822277141536
differential_evolution step 136: f(x)= 2020.822277141536
differential_evolution step 137: f(x)= 2020.822277141536
differential_evolution step 138: f(x)= 2020.822277141536
differential_evolution step 139: f(x)= 2020.822277141536
differential_evolution step 140: f(x)= 2020.822277141536
differential_evolution step 141: f(x)= 2020.822277141536
differential_evolution step 142: f(x)= 2020.822277141536
differential_evolution step 143: f(x)= 2020.822277141536
differential_evolution step 144: f(x)= 2020.822277141536
differential_evolution step 145: f(x)= 2020.822277141536
differential_evolution step 146: f(x)= 2020.822277141536
differential_evolution step 147: f(x)= 2020.822277141536
differential_evolution step 148: f(x)= 2020.822277141536
differential_evolution step 149: f(x)= 2020.822277141536
differential_evolution step 150: f(x)= 2020.822277141536
differential_evolution step 151: f(x)= 2020.822277141536
differential_evolution step 152: f(x)= 2020.822277141536
differential_evolution step 153: f(x)= 2020.822277141536
differential_evolution step 154: f(x)= 2019.5922249478858
differential_evolution step 155: f(x)= 2019.5922249478858
differential_evolution step 156: f(x)= 2019.5922249478858
differential_evolution step 157: f(x)= 2019.5922249478858
differential_evolution step 158: f(x)= 2019.5922249478858
differential_evolution step 159: f(x)= 1989.0885898253523
differential_evolution step 160: f(x)= 1989.0885898253523
differential_evolution step 161: f(x)= 1989.0885898253523
differential_evolution step 162: f(x)= 1989.0885898253523
differential_evolution step 163: f(x)= 1989.0885898253523
differential_evolution step 164: f(x)= 1989.0885898253523
differential_evolution step 165: f(x)= 1989.0885898253523
differential_evolution step 166: f(x)= 1989.0885898253523
differential_evolution step 167: f(x)= 1989.0885898253523
differential_evolution step 168: f(x)= 1989.0885898253523
differential_evolution step 169: f(x)= 1989.0885898253523
differential_evolution step 170: f(x)= 1989.0885898253523
differential_evolution step 171: f(x)= 1983.7730232166118
differential_evolution step 172: f(x)= 1983.7730232166118
differential_evolution step 173: f(x)= 1983.7730232166118
differential_evolution step 174: f(x)= 1983.7730232166118
differential_evolution step 175: f(x)= 1983.7730232166118
differential_evolution step 176: f(x)= 1967.8873545824408
differential_evolution step 177: f(x)= 1967.8873545824408
differential_evolution step 178: f(x)= 1967.8873545824408
differential_evolution step 179: f(x)= 1960.030327330895
differential_evolution step 180: f(x)= 1960.030327330895
differential_evolution step 181: f(x)= 1957.9489186670355
differential_evolution step 182: f(x)= 1957.9489186670355
differential_evolution step 183: f(x)= 1957.9489186670355
differential_evolution step 184: f(x)= 1957.4302734736632
differential_evolution step 185: f(x)= 1948.3951129747213
differential_evolution step 186: f(x)= 1927.136053789194
differential_evolution step 187: f(x)= 1927.136053789194
differential_evolution step 188: f(x)= 1918.4667110627806
differential_evolution step 189: f(x)= 1918.4667110627806
differential_evolution step 190: f(x)= 1918.4667110627806
differential_evolution step 191: f(x)= 1918.4667110627806
differential_evolution step 192: f(x)= 1918.4667110627806
differential_evolution step 193: f(x)= 1918.4667110627806
differential_evolution step 194: f(x)= 1847.1014872276687
differential_evolution step 195: f(x)= 1847.1014872276687
differential_evolution step 196: f(x)= 1847.1014872276687
differential_evolution step 197: f(x)= 1847.1014872276687
differential_evolution step 198: f(x)= 1837.1678444600186
differential_evolution step 199: f(x)= 1837.1678444600186
differential_evolution step 200: f(x)= 1837.1678444600186
Cluster 0 DE best chi^2: 1837.168 with params {'x_src': np.float64(77.66700357331474), 'y_src': np.float64(85.4109458118593), 'z_s': np.float64(2.736819960037221)}
--- Running DE for Cluster 1 ---
[DE] Process Pool with 16 procs (init=latinhypercube, popsize=50)
differential_evolution step 1: f(x)= 3000.0
differential_evolution step 2: f(x)= 3000.0
differential_evolution step 3: f(x)= 3000.0
differential_evolution step 4: f(x)= 3000.0
differential_evolution step 5: f(x)= 3000.0
differential_evolution step 6: f(x)= 3000.0
differential_evolution step 7: f(x)= 433.4039382148005
differential_evolution step 8: f(x)= 433.4039382148005
differential_evolution step 9: f(x)= 433.4039382148005
differential_evolution step 10: f(x)= 433.4039382148005
differential_evolution step 11: f(x)= 433.4039382148005
differential_evolution step 12: f(x)= 433.4039382148005
differential_evolution step 13: f(x)= 433.4039382148005
differential_evolution step 14: f(x)= 411.91725562491916
differential_evolution step 15: f(x)= 411.91725562491916
differential_evolution step 16: f(x)= 97.7331241711879
differential_evolution step 17: f(x)= 97.7331241711879
differential_evolution step 18: f(x)= 89.43860905876221
differential_evolution step 19: f(x)= 89.43860905876221
differential_evolution step 20: f(x)= 89.43860905876221
differential_evolution step 21: f(x)= 89.43860905876221
differential_evolution step 22: f(x)= 89.43860905876221
differential_evolution step 23: f(x)= 89.43860905876221
differential_evolution step 24: f(x)= 82.41864281577992
differential_evolution step 25: f(x)= 30.18332044021057
differential_evolution step 26: f(x)= 30.18332044021057
differential_evolution step 27: f(x)= 30.18332044021057
differential_evolution step 28: f(x)= 30.18332044021057
differential_evolution step 29: f(x)= 30.18332044021057
differential_evolution step 30: f(x)= 28.285693157898542
differential_evolution step 31: f(x)= 28.285693157898542
differential_evolution step 32: f(x)= 28.285693157898542
differential_evolution step 33: f(x)= 25.476860088222995
differential_evolution step 34: f(x)= 12.790183050468851
differential_evolution step 35: f(x)= 12.790183050468851
differential_evolution step 36: f(x)= 12.790183050468851
differential_evolution step 37: f(x)= 12.790183050468851
differential_evolution step 38: f(x)= 12.790183050468851
differential_evolution step 39: f(x)= 12.790183050468851
differential_evolution step 40: f(x)= 5.475991556883246
differential_evolution step 41: f(x)= 5.475991556883246
differential_evolution step 42: f(x)= 5.475991556883246
differential_evolution step 43: f(x)= 0.9165114451768341
differential_evolution step 44: f(x)= 0.9165114451768341
differential_evolution step 45: f(x)= 0.9165114451768341
differential_evolution step 46: f(x)= 0.9165114451768341
differential_evolution step 47: f(x)= 0.9165114451768341
differential_evolution step 48: f(x)= 0.9165114451768341
differential_evolution step 49: f(x)= 0.9165114451768341
differential_evolution step 50: f(x)= 0.9165114451768341
differential_evolution step 51: f(x)= 0.9165114451768341
differential_evolution step 52: f(x)= 0.9165114451768341
differential_evolution step 53: f(x)= 0.9165114451768341
differential_evolution step 54: f(x)= 0.9165114451768341
differential_evolution step 55: f(x)= 0.9165114451768341
differential_evolution step 56: f(x)= 0.9165114451768341
differential_evolution step 57: f(x)= 0.9165114451768341
differential_evolution step 58: f(x)= 0.9165114451768341
differential_evolution step 59: f(x)= 0.9165114451768341
differential_evolution step 60: f(x)= 0.9165114451768341
differential_evolution step 61: f(x)= 0.9165114451768341
differential_evolution step 62: f(x)= 0.9165114451768341
differential_evolution step 63: f(x)= 0.9165114451768341
differential_evolution step 64: f(x)= 0.9165114451768341
differential_evolution step 65: f(x)= 0.9165114451768341
differential_evolution step 66: f(x)= 0.6931359220755273
differential_evolution step 67: f(x)= 0.5944511513440116
differential_evolution step 68: f(x)= 0.5944511513440116
differential_evolution step 69: f(x)= 0.35844211688756855
differential_evolution step 70: f(x)= 0.35844211688756855
differential_evolution step 71: f(x)= 0.35844211688756855
differential_evolution step 72: f(x)= 0.35844211688756855
differential_evolution step 73: f(x)= 0.26702946994898785
differential_evolution step 74: f(x)= 0.1471014066379331
differential_evolution step 75: f(x)= 0.1471014066379331
differential_evolution step 76: f(x)= 0.1471014066379331
differential_evolution step 77: f(x)= 0.11254583640229773
differential_evolution step 78: f(x)= 0.10455405955322353
differential_evolution step 79: f(x)= 0.02293096131160559
Cluster 1 DE best chi^2: 0.023 with params {'x_src': np.float64(206.06912494775816), 'y_src': np.float64(193.5731845435146), 'z_s': np.float64(2.1336676412778717)}
--- Running DE for Cluster 2 ---
[DE] Process Pool with 16 procs (init=latinhypercube, popsize=50)
differential_evolution step 1: f(x)= 4242.640687119286
differential_evolution step 2: f(x)= 4242.640687119286
differential_evolution step 3: f(x)= 4242.640687119286
differential_evolution step 4: f(x)= 4242.640687119286
differential_evolution step 5: f(x)= 4242.640687119286
differential_evolution step 6: f(x)= 4242.640687119286
differential_evolution step 7: f(x)= 4242.640687119286
differential_evolution step 8: f(x)= 3000.0
differential_evolution step 9: f(x)= 3000.0
differential_evolution step 10: f(x)= 3000.0
differential_evolution step 11: f(x)= 3000.0
differential_evolution step 12: f(x)= 3000.0
differential_evolution step 13: f(x)= 3000.0
differential_evolution step 14: f(x)= 3000.0
differential_evolution step 15: f(x)= 3000.0
differential_evolution step 16: f(x)= 3000.0
differential_evolution step 17: f(x)= 3000.0
differential_evolution step 18: f(x)= 1531.1237971946375
differential_evolution step 19: f(x)= 1531.1237971946375
differential_evolution step 20: f(x)= 1531.1237971946375
differential_evolution step 21: f(x)= 1531.1237971946375
differential_evolution step 22: f(x)= 1531.1237971946375
differential_evolution step 23: f(x)= 1531.1237971946375
differential_evolution step 24: f(x)= 1531.1237971946375
differential_evolution step 25: f(x)= 1531.1237971946375
differential_evolution step 26: f(x)= 1531.1237971946375
differential_evolution step 27: f(x)= 1531.1237971946375
differential_evolution step 28: f(x)= 1531.1237971946375
differential_evolution step 29: f(x)= 1531.1237971946375
differential_evolution step 30: f(x)= 1531.1237971946375
differential_evolution step 31: f(x)= 1531.1237971946375
differential_evolution step 32: f(x)= 1531.1237971946375
differential_evolution step 33: f(x)= 1531.1237971946375
differential_evolution step 34: f(x)= 1531.1237971946375
differential_evolution step 35: f(x)= 1531.1237971946375
differential_evolution step 36: f(x)= 1531.1237971946375
differential_evolution step 37: f(x)= 1531.1237971946375
differential_evolution step 38: f(x)= 1531.1237971946375
differential_evolution step 39: f(x)= 1531.1237971946375
differential_evolution step 40: f(x)= 1531.1237971946375
differential_evolution step 41: f(x)= 1527.7505114015871
differential_evolution step 42: f(x)= 1527.7505114015871
differential_evolution step 43: f(x)= 1527.7505114015871
differential_evolution step 44: f(x)= 1527.7505114015871
differential_evolution step 45: f(x)= 1527.7505114015871
differential_evolution step 46: f(x)= 1527.7505114015871
differential_evolution step 47: f(x)= 1527.7505114015871
differential_evolution step 48: f(x)= 1527.7505114015871
differential_evolution step 49: f(x)= 1527.7505114015871
differential_evolution step 50: f(x)= 1527.7505114015871
differential_evolution step 51: f(x)= 1526.0571499963394
differential_evolution step 52: f(x)= 1526.0571499963394
differential_evolution step 53: f(x)= 1526.0571499963394
differential_evolution step 54: f(x)= 1526.0571499963394
differential_evolution step 55: f(x)= 1526.0571499963394
differential_evolution step 56: f(x)= 1526.0571499963394
differential_evolution step 57: f(x)= 1526.0571499963394
differential_evolution step 58: f(x)= 1526.0571499963394
differential_evolution step 59: f(x)= 1526.0571499963394
differential_evolution step 60: f(x)= 1526.0571499963394
differential_evolution step 61: f(x)= 1526.0571499963394
differential_evolution step 62: f(x)= 1526.0571499963394
differential_evolution step 63: f(x)= 1526.0571499963394
differential_evolution step 64: f(x)= 1526.0571499963394
differential_evolution step 65: f(x)= 1526.0571499963394
differential_evolution step 66: f(x)= 1526.0571499963394
differential_evolution step 67: f(x)= 1526.0571499963394
differential_evolution step 68: f(x)= 1526.0571499963394
differential_evolution step 69: f(x)= 1526.0571499963394
differential_evolution step 70: f(x)= 1526.0571499963394
differential_evolution step 71: f(x)= 1526.0571499963394
differential_evolution step 72: f(x)= 1526.0571499963394
differential_evolution step 73: f(x)= 1526.0571499963394
differential_evolution step 74: f(x)= 1526.0571499963394
differential_evolution step 75: f(x)= 1526.0571499963394
differential_evolution step 76: f(x)= 1526.0571499963394
differential_evolution step 77: f(x)= 1526.0571499963394
differential_evolution step 78: f(x)= 1526.0571499963394
differential_evolution step 79: f(x)= 1526.0571499963394
differential_evolution step 80: f(x)= 1526.0571499963394
differential_evolution step 81: f(x)= 1418.4684502001796
differential_evolution step 82: f(x)= 1418.4684502001796
differential_evolution step 83: f(x)= 1418.4684502001796
differential_evolution step 84: f(x)= 1418.4684502001796
differential_evolution step 85: f(x)= 1418.4684502001796
differential_evolution step 86: f(x)= 1418.4684502001796
differential_evolution step 87: f(x)= 1418.4684502001796
differential_evolution step 88: f(x)= 1418.4684502001796
differential_evolution step 89: f(x)= 1418.4684502001796
differential_evolution step 90: f(x)= 1418.4684502001796
differential_evolution step 91: f(x)= 1418.4684502001796
differential_evolution step 92: f(x)= 1418.4684502001796
differential_evolution step 93: f(x)= 1418.4684502001796
differential_evolution step 94: f(x)= 1418.4684502001796
differential_evolution step 95: f(x)= 1207.26235058307
differential_evolution step 96: f(x)= 1207.26235058307
differential_evolution step 97: f(x)= 1207.26235058307
differential_evolution step 98: f(x)= 1207.26235058307
differential_evolution step 99: f(x)= 1207.26235058307
differential_evolution step 100: f(x)= 1207.26235058307
differential_evolution step 101: f(x)= 1207.26235058307
differential_evolution step 102: f(x)= 1207.26235058307
differential_evolution step 103: f(x)= 1207.26235058307
differential_evolution step 104: f(x)= 1207.26235058307
differential_evolution step 105: f(x)= 1207.26235058307
differential_evolution step 106: f(x)= 1207.26235058307
differential_evolution step 107: f(x)= 1207.26235058307
differential_evolution step 108: f(x)= 1171.5740004429003
differential_evolution step 109: f(x)= 1171.5740004429003
differential_evolution step 110: f(x)= 1171.5740004429003
differential_evolution step 111: f(x)= 1171.5740004429003
differential_evolution step 112: f(x)= 1171.5740004429003
differential_evolution step 113: f(x)= 1171.5740004429003
differential_evolution step 114: f(x)= 1171.5740004429003
differential_evolution step 115: f(x)= 1171.5740004429003
differential_evolution step 116: f(x)= 1171.5740004429003
differential_evolution step 117: f(x)= 1171.5740004429003
differential_evolution step 118: f(x)= 1171.5740004429003
differential_evolution step 119: f(x)= 1171.5740004429003
differential_evolution step 120: f(x)= 1171.5740004429003
differential_evolution step 121: f(x)= 1171.5740004429003
differential_evolution step 122: f(x)= 1171.5740004429003
differential_evolution step 123: f(x)= 1171.5740004429003
differential_evolution step 124: f(x)= 1171.5740004429003
differential_evolution step 125: f(x)= 1171.5740004429003
differential_evolution step 126: f(x)= 1171.5740004429003
differential_evolution step 127: f(x)= 1171.5740004429003
differential_evolution step 128: f(x)= 1171.5740004429003
differential_evolution step 129: f(x)= 1171.5740004429003
differential_evolution step 130: f(x)= 1171.5740004429003
differential_evolution step 131: f(x)= 1171.5740004429003
differential_evolution step 132: f(x)= 1171.5740004429003
differential_evolution step 133: f(x)= 1171.5740004429003
differential_evolution step 134: f(x)= 1171.5740004429003
differential_evolution step 135: f(x)= 1018.5774835324434
differential_evolution step 136: f(x)= 1018.5774835324434
differential_evolution step 137: f(x)= 1018.5774835324434
differential_evolution step 138: f(x)= 1018.5774835324434
differential_evolution step 139: f(x)= 1018.5774835324434
differential_evolution step 140: f(x)= 1018.5774835324434
differential_evolution step 141: f(x)= 1018.5774835324434
differential_evolution step 142: f(x)= 1018.5774835324434
differential_evolution step 143: f(x)= 1018.5774835324434
differential_evolution step 144: f(x)= 1018.5774835324434
differential_evolution step 145: f(x)= 1018.5774835324434
differential_evolution step 146: f(x)= 1018.5774835324434
differential_evolution step 147: f(x)= 1018.5774835324434
differential_evolution step 148: f(x)= 1018.5774835324434
differential_evolution step 149: f(x)= 1018.5774835324434
differential_evolution step 150: f(x)= 1018.5774835324434
differential_evolution step 151: f(x)= 1018.5774835324434
differential_evolution step 152: f(x)= 1018.5774835324434
differential_evolution step 153: f(x)= 1018.5774835324434
differential_evolution step 154: f(x)= 1018.5774835324434
differential_evolution step 155: f(x)= 1009.6844231903156
differential_evolution step 156: f(x)= 1009.6844231903156
differential_evolution step 157: f(x)= 1009.6844231903156
differential_evolution step 158: f(x)= 1009.6844231903156
differential_evolution step 159: f(x)= 1009.6844231903156
differential_evolution step 160: f(x)= 1009.6844231903156
differential_evolution step 161: f(x)= 1009.6844231903156
differential_evolution step 162: f(x)= 987.1595845484776
differential_evolution step 163: f(x)= 987.1595845484776
differential_evolution step 164: f(x)= 987.1595845484776
differential_evolution step 165: f(x)= 971.5866671892336
differential_evolution step 166: f(x)= 971.5866671892336
differential_evolution step 167: f(x)= 971.5866671892336
differential_evolution step 168: f(x)= 971.5866671892336
differential_evolution step 169: f(x)= 971.5866671892336
differential_evolution step 170: f(x)= 971.5866671892336
differential_evolution step 171: f(x)= 971.5866671892336
differential_evolution step 172: f(x)= 971.5866671892336
differential_evolution step 173: f(x)= 971.5866671892336
differential_evolution step 174: f(x)= 940.9378080744891
differential_evolution step 175: f(x)= 940.9378080744891
differential_evolution step 176: f(x)= 940.9378080744891
differential_evolution step 177: f(x)= 940.9378080744891
differential_evolution step 178: f(x)= 940.9378080744891
differential_evolution step 179: f(x)= 940.9378080744891
differential_evolution step 180: f(x)= 940.9378080744891
differential_evolution step 181: f(x)= 940.9378080744891
differential_evolution step 182: f(x)= 940.9378080744891
differential_evolution step 183: f(x)= 940.9378080744891
differential_evolution step 184: f(x)= 940.9378080744891
differential_evolution step 185: f(x)= 940.9378080744891
differential_evolution step 186: f(x)= 940.9378080744891
differential_evolution step 187: f(x)= 940.9378080744891
differential_evolution step 188: f(x)= 940.9378080744891
differential_evolution step 189: f(x)= 940.9378080744891
differential_evolution step 190: f(x)= 940.9378080744891
differential_evolution step 191: f(x)= 940.9378080744891
differential_evolution step 192: f(x)= 940.9378080744891
differential_evolution step 193: f(x)= 940.9378080744891
differential_evolution step 194: f(x)= 940.9378080744891
differential_evolution step 195: f(x)= 940.9378080744891
differential_evolution step 196: f(x)= 940.9378080744891
differential_evolution step 197: f(x)= 940.9378080744891
differential_evolution step 198: f(x)= 940.9378080744891
differential_evolution step 199: f(x)= 940.9378080744891
differential_evolution step 200: f(x)= 914.2278064384643
Cluster 2 DE best chi^2: 914.228 with params {'x_src': np.float64(97.6609669989663), 'y_src': np.float64(101.48075563132107), 'z_s': np.float64(1.0331112637273556)}
--- Running DE for Cluster 3 ---
[DE] Process Pool with 16 procs (init=latinhypercube, popsize=50)
differential_evolution step 1: f(x)= 4242.640687119286
differential_evolution step 2: f(x)= 4242.640687119286
differential_evolution step 3: f(x)= 4242.640687119286
differential_evolution step 4: f(x)= 4242.640687119286
differential_evolution step 5: f(x)= 4242.640687119286
differential_evolution step 6: f(x)= 3000.0
differential_evolution step 7: f(x)= 3000.0
differential_evolution step 8: f(x)= 3000.0
differential_evolution step 9: f(x)= 3000.0
differential_evolution step 10: f(x)= 3000.0
differential_evolution step 11: f(x)= 3000.0
differential_evolution step 12: f(x)= 3000.0
differential_evolution step 13: f(x)= 3000.0
differential_evolution step 14: f(x)= 3000.0
differential_evolution step 15: f(x)= 3000.0
differential_evolution step 16: f(x)= 3000.0
differential_evolution step 17: f(x)= 3000.0
differential_evolution step 18: f(x)= 3000.0
differential_evolution step 19: f(x)= 3000.0
differential_evolution step 20: f(x)= 3000.0
differential_evolution step 21: f(x)= 3000.0
differential_evolution step 22: f(x)= 3000.0
differential_evolution step 23: f(x)= 3000.0
differential_evolution step 24: f(x)= 3000.0
differential_evolution step 25: f(x)= 3000.0
differential_evolution step 26: f(x)= 3000.0
differential_evolution step 27: f(x)= 3000.0
differential_evolution step 28: f(x)= 3000.0
differential_evolution step 29: f(x)= 3000.0
differential_evolution step 30: f(x)= 3000.0
differential_evolution step 31: f(x)= 3000.0
differential_evolution step 32: f(x)= 3000.0
differential_evolution step 33: f(x)= 3000.0
differential_evolution step 34: f(x)= 3000.0
differential_evolution step 35: f(x)= 3000.0
differential_evolution step 36: f(x)= 3000.0
differential_evolution step 37: f(x)= 3000.0
differential_evolution step 38: f(x)= 3000.0
differential_evolution step 39: f(x)= 3000.0
differential_evolution step 40: f(x)= 3000.0
differential_evolution step 41: f(x)= 3000.0
differential_evolution step 42: f(x)= 3000.0
differential_evolution step 43: f(x)= 3000.0
differential_evolution step 44: f(x)= 3000.0
differential_evolution step 45: f(x)= 3000.0
differential_evolution step 46: f(x)= 3000.0
differential_evolution step 47: f(x)= 3000.0
differential_evolution step 48: f(x)= 3000.0
differential_evolution step 49: f(x)= 3000.0
differential_evolution step 50: f(x)= 3000.0
differential_evolution step 51: f(x)= 3000.0
differential_evolution step 52: f(x)= 3000.0
differential_evolution step 53: f(x)= 3000.0
differential_evolution step 54: f(x)= 3000.0
differential_evolution step 55: f(x)= 3000.0
differential_evolution step 56: f(x)= 3000.0
differential_evolution step 57: f(x)= 3000.0
differential_evolution step 58: f(x)= 3000.0
differential_evolution step 59: f(x)= 3000.0
differential_evolution step 60: f(x)= 3000.0
differential_evolution step 61: f(x)= 3000.0
differential_evolution step 62: f(x)= 3000.0
differential_evolution step 63: f(x)= 3000.0
differential_evolution step 64: f(x)= 3000.0
differential_evolution step 65: f(x)= 3000.0
differential_evolution step 66: f(x)= 3000.0
differential_evolution step 67: f(x)= 3000.0
differential_evolution step 68: f(x)= 3000.0
differential_evolution step 69: f(x)= 3000.0
differential_evolution step 70: f(x)= 3000.0
differential_evolution step 71: f(x)= 3000.0
differential_evolution step 72: f(x)= 3000.0
differential_evolution step 73: f(x)= 3000.0
differential_evolution step 74: f(x)= 3000.0
differential_evolution step 75: f(x)= 3000.0
differential_evolution step 76: f(x)= 3000.0
differential_evolution step 77: f(x)= 3000.0
differential_evolution step 78: f(x)= 3000.0
differential_evolution step 79: f(x)= 3000.0
differential_evolution step 80: f(x)= 3000.0
differential_evolution step 81: f(x)= 3000.0
differential_evolution step 82: f(x)= 3000.0
differential_evolution step 83: f(x)= 3000.0
differential_evolution step 84: f(x)= 3000.0
differential_evolution step 85: f(x)= 3000.0
differential_evolution step 86: f(x)= 3000.0
differential_evolution step 87: f(x)= 3000.0
differential_evolution step 88: f(x)= 3000.0
differential_evolution step 89: f(x)= 3000.0
differential_evolution step 90: f(x)= 3000.0
differential_evolution step 91: f(x)= 3000.0
differential_evolution step 92: f(x)= 3000.0
differential_evolution step 93: f(x)= 3000.0
differential_evolution step 94: f(x)= 3000.0
differential_evolution step 95: f(x)= 3000.0
differential_evolution step 96: f(x)= 3000.0
differential_evolution step 97: f(x)= 3000.0
differential_evolution step 98: f(x)= 3000.0
differential_evolution step 99: f(x)= 3000.0
differential_evolution step 100: f(x)= 3000.0
differential_evolution step 101: f(x)= 3000.0
differential_evolution step 102: f(x)= 3000.0
differential_evolution step 103: f(x)= 3000.0
differential_evolution step 104: f(x)= 3000.0
differential_evolution step 105: f(x)= 3000.0
differential_evolution step 106: f(x)= 3000.0
differential_evolution step 107: f(x)= 3000.0
differential_evolution step 108: f(x)= 3000.0
differential_evolution step 109: f(x)= 3000.0
differential_evolution step 110: f(x)= 3000.0
differential_evolution step 111: f(x)= 3000.0
differential_evolution step 112: f(x)= 3000.0
differential_evolution step 113: f(x)= 3000.0
differential_evolution step 114: f(x)= 3000.0
differential_evolution step 115: f(x)= 3000.0
differential_evolution step 116: f(x)= 3000.0
differential_evolution step 117: f(x)= 3000.0
differential_evolution step 118: f(x)= 3000.0
differential_evolution step 119: f(x)= 3000.0
differential_evolution step 120: f(x)= 3000.0
differential_evolution step 121: f(x)= 3000.0
differential_evolution step 122: f(x)= 3000.0
differential_evolution step 123: f(x)= 3000.0
differential_evolution step 124: f(x)= 3000.0
differential_evolution step 125: f(x)= 3000.0
differential_evolution step 126: f(x)= 3000.0
differential_evolution step 127: f(x)= 3000.0
differential_evolution step 128: f(x)= 3000.0
differential_evolution step 129: f(x)= 3000.0
differential_evolution step 130: f(x)= 3000.0
differential_evolution step 131: f(x)= 3000.0
differential_evolution step 132: f(x)= 3000.0
differential_evolution step 133: f(x)= 3000.0
differential_evolution step 134: f(x)= 3000.0
differential_evolution step 135: f(x)= 3000.0
differential_evolution step 136: f(x)= 3000.0
differential_evolution step 137: f(x)= 3000.0
differential_evolution step 138: f(x)= 3000.0
differential_evolution step 139: f(x)= 3000.0
differential_evolution step 140: f(x)= 3000.0
differential_evolution step 141: f(x)= 3000.0
differential_evolution step 142: f(x)= 3000.0
differential_evolution step 143: f(x)= 3000.0
differential_evolution step 144: f(x)= 3000.0
differential_evolution step 145: f(x)= 3000.0
differential_evolution step 146: f(x)= 3000.0
differential_evolution step 147: f(x)= 3000.0
differential_evolution step 148: f(x)= 3000.0
differential_evolution step 149: f(x)= 3000.0
differential_evolution step 150: f(x)= 3000.0
differential_evolution step 151: f(x)= 3000.0
differential_evolution step 152: f(x)= 3000.0
differential_evolution step 153: f(x)= 3000.0
differential_evolution step 154: f(x)= 3000.0
differential_evolution step 155: f(x)= 3000.0
differential_evolution step 156: f(x)= 3000.0
differential_evolution step 157: f(x)= 3000.0
differential_evolution step 158: f(x)= 3000.0
differential_evolution step 159: f(x)= 3000.0
differential_evolution step 160: f(x)= 3000.0
differential_evolution step 161: f(x)= 3000.0
differential_evolution step 162: f(x)= 3000.0
differential_evolution step 163: f(x)= 3000.0
differential_evolution step 164: f(x)= 3000.0
differential_evolution step 165: f(x)= 3000.0
differential_evolution step 166: f(x)= 3000.0
differential_evolution step 167: f(x)= 3000.0
Cluster 3 DE best chi^2: 3000.000 with params {'x_src': np.float64(105.37516971233433), 'y_src': np.float64(132.4791077189829), 'z_s': np.float64(3.487517364982322)}
--- Running DE for Cluster 4 ---
[DE] Process Pool with 16 procs (init=latinhypercube, popsize=50)
differential_evolution step 1: f(x)= 3000.0
differential_evolution step 2: f(x)= 3000.0
differential_evolution step 3: f(x)= 3000.0
differential_evolution step 4: f(x)= 3000.0
differential_evolution step 5: f(x)= 3000.0
differential_evolution step 6: f(x)= 1772.1050207684846
differential_evolution step 7: f(x)= 1772.1050207684846
differential_evolution step 8: f(x)= 1772.1050207684846
differential_evolution step 9: f(x)= 1772.1050207684846
differential_evolution step 10: f(x)= 1772.1050207684846
differential_evolution step 11: f(x)= 1772.1050207684846
differential_evolution step 12: f(x)= 1772.1050207684846
differential_evolution step 13: f(x)= 1772.1050207684846
differential_evolution step 14: f(x)= 1772.1050207684846
differential_evolution step 15: f(x)= 1772.1050207684846
differential_evolution step 16: f(x)= 1772.1050207684846
differential_evolution step 17: f(x)= 1772.1050207684846
differential_evolution step 18: f(x)= 1772.1050207684846
differential_evolution step 19: f(x)= 1772.1050207684846
differential_evolution step 20: f(x)= 1772.1050207684846
differential_evolution step 21: f(x)= 1772.1050207684846
differential_evolution step 22: f(x)= 1772.1050207684846
differential_evolution step 23: f(x)= 1772.1050207684846
differential_evolution step 24: f(x)= 1772.1050207684846
differential_evolution step 25: f(x)= 1772.1050207684846
differential_evolution step 26: f(x)= 1772.1050207684846
differential_evolution step 27: f(x)= 1772.1050207684846
differential_evolution step 28: f(x)= 1139.983446063861
differential_evolution step 29: f(x)= 1139.983446063861
differential_evolution step 30: f(x)= 1139.983446063861
differential_evolution step 31: f(x)= 1139.983446063861
differential_evolution step 32: f(x)= 1139.983446063861
differential_evolution step 33: f(x)= 1139.983446063861
differential_evolution step 34: f(x)= 1139.983446063861
differential_evolution step 35: f(x)= 1139.983446063861
differential_evolution step 36: f(x)= 1139.983446063861
differential_evolution step 37: f(x)= 1139.983446063861
differential_evolution step 38: f(x)= 1139.983446063861
differential_evolution step 39: f(x)= 1139.983446063861
differential_evolution step 40: f(x)= 1139.983446063861
differential_evolution step 41: f(x)= 1139.983446063861
differential_evolution step 42: f(x)= 1139.983446063861
differential_evolution step 43: f(x)= 1139.983446063861
differential_evolution step 44: f(x)= 1139.983446063861
differential_evolution step 45: f(x)= 1139.983446063861
differential_evolution step 46: f(x)= 1139.983446063861
differential_evolution step 47: f(x)= 1139.983446063861
differential_evolution step 48: f(x)= 1139.983446063861
differential_evolution step 49: f(x)= 1139.983446063861
differential_evolution step 50: f(x)= 1139.983446063861
differential_evolution step 51: f(x)= 1139.983446063861
differential_evolution step 52: f(x)= 1139.983446063861
differential_evolution step 53: f(x)= 1139.983446063861
differential_evolution step 54: f(x)= 1139.983446063861
differential_evolution step 55: f(x)= 1139.983446063861
differential_evolution step 56: f(x)= 1139.983446063861
differential_evolution step 57: f(x)= 1139.983446063861
differential_evolution step 58: f(x)= 1139.983446063861
differential_evolution step 59: f(x)= 1139.983446063861
differential_evolution step 60: f(x)= 1139.983446063861
differential_evolution step 61: f(x)= 1139.983446063861
differential_evolution step 62: f(x)= 1139.983446063861
differential_evolution step 63: f(x)= 1139.983446063861
differential_evolution step 64: f(x)= 1139.983446063861
differential_evolution step 65: f(x)= 1139.983446063861
differential_evolution step 66: f(x)= 1139.983446063861
differential_evolution step 67: f(x)= 1139.983446063861
differential_evolution step 68: f(x)= 1139.983446063861
differential_evolution step 69: f(x)= 1139.983446063861
differential_evolution step 70: f(x)= 1139.983446063861
differential_evolution step 71: f(x)= 1139.983446063861
differential_evolution step 72: f(x)= 1139.983446063861
differential_evolution step 73: f(x)= 1139.983446063861
differential_evolution step 74: f(x)= 1139.983446063861
differential_evolution step 75: f(x)= 1139.983446063861
differential_evolution step 76: f(x)= 1139.983446063861
differential_evolution step 77: f(x)= 1139.983446063861
differential_evolution step 78: f(x)= 1139.983446063861
differential_evolution step 79: f(x)= 1139.983446063861
differential_evolution step 80: f(x)= 1139.983446063861
differential_evolution step 81: f(x)= 1139.983446063861
differential_evolution step 82: f(x)= 1139.983446063861
differential_evolution step 83: f(x)= 1139.983446063861
differential_evolution step 84: f(x)= 1139.983446063861
differential_evolution step 85: f(x)= 1139.983446063861
differential_evolution step 86: f(x)= 1139.983446063861
differential_evolution step 87: f(x)= 1139.983446063861
differential_evolution step 88: f(x)= 1139.983446063861
differential_evolution step 89: f(x)= 1139.983446063861
differential_evolution step 90: f(x)= 1139.983446063861
differential_evolution step 91: f(x)= 920.0106149456499
differential_evolution step 92: f(x)= 920.0106149456499
differential_evolution step 93: f(x)= 920.0106149456499
differential_evolution step 94: f(x)= 920.0106149456499
differential_evolution step 95: f(x)= 920.0106149456499
differential_evolution step 96: f(x)= 920.0106149456499
differential_evolution step 97: f(x)= 920.0106149456499
differential_evolution step 98: f(x)= 920.0106149456499
differential_evolution step 99: f(x)= 920.0106149456499
differential_evolution step 100: f(x)= 920.0106149456499
differential_evolution step 101: f(x)= 920.0106149456499
differential_evolution step 102: f(x)= 920.0106149456499
differential_evolution step 103: f(x)= 920.0106149456499
differential_evolution step 104: f(x)= 920.0106149456499
differential_evolution step 105: f(x)= 920.0106149456499
differential_evolution step 106: f(x)= 920.0106149456499
differential_evolution step 107: f(x)= 920.0106149456499
differential_evolution step 108: f(x)= 920.0106149456499
differential_evolution step 109: f(x)= 920.0106149456499
differential_evolution step 110: f(x)= 920.0106149456499
differential_evolution step 111: f(x)= 920.0106149456499
differential_evolution step 112: f(x)= 920.0106149456499
differential_evolution step 113: f(x)= 920.0106149456499
differential_evolution step 114: f(x)= 920.0106149456499
differential_evolution step 115: f(x)= 920.0106149456499
differential_evolution step 116: f(x)= 920.0106149456499
differential_evolution step 117: f(x)= 920.0106149456499
differential_evolution step 118: f(x)= 920.0106149456499
differential_evolution step 119: f(x)= 920.0106149456499
differential_evolution step 120: f(x)= 920.0106149456499
differential_evolution step 121: f(x)= 920.0106149456499
differential_evolution step 122: f(x)= 920.0106149456499
differential_evolution step 123: f(x)= 920.0106149456499
differential_evolution step 124: f(x)= 920.0106149456499
differential_evolution step 125: f(x)= 920.0106149456499
differential_evolution step 126: f(x)= 920.0106149456499
differential_evolution step 127: f(x)= 920.0106149456499
differential_evolution step 128: f(x)= 920.0106149456499
differential_evolution step 129: f(x)= 920.0106149456499
differential_evolution step 130: f(x)= 920.0106149456499
differential_evolution step 131: f(x)= 920.0106149456499
differential_evolution step 132: f(x)= 920.0106149456499
differential_evolution step 133: f(x)= 920.0106149456499
differential_evolution step 134: f(x)= 920.0106149456499
differential_evolution step 135: f(x)= 920.0106149456499
differential_evolution step 136: f(x)= 920.0106149456499
differential_evolution step 137: f(x)= 920.0106149456499
differential_evolution step 138: f(x)= 920.0106149456499
differential_evolution step 139: f(x)= 920.0106149456499
differential_evolution step 140: f(x)= 920.0106149456499
differential_evolution step 141: f(x)= 920.0106149456499
differential_evolution step 142: f(x)= 920.0106149456499
differential_evolution step 143: f(x)= 920.0106149456499
differential_evolution step 144: f(x)= 920.0106149456499
differential_evolution step 145: f(x)= 920.0106149456499
differential_evolution step 146: f(x)= 920.0106149456499
differential_evolution step 147: f(x)= 920.0106149456499
differential_evolution step 148: f(x)= 920.0106149456499
differential_evolution step 149: f(x)= 920.0106149456499
differential_evolution step 150: f(x)= 920.0106149456499
differential_evolution step 151: f(x)= 920.0106149456499
differential_evolution step 152: f(x)= 920.0106149456499
differential_evolution step 153: f(x)= 920.0106149456499
differential_evolution step 154: f(x)= 920.0106149456499
differential_evolution step 155: f(x)= 920.0106149456499
differential_evolution step 156: f(x)= 920.0106149456499
differential_evolution step 157: f(x)= 920.0106149456499
differential_evolution step 158: f(x)= 920.0106149456499
differential_evolution step 159: f(x)= 920.0106149456499
differential_evolution step 160: f(x)= 920.0106149456499
differential_evolution step 161: f(x)= 920.0106149456499
differential_evolution step 162: f(x)= 920.0106149456499
differential_evolution step 163: f(x)= 675.2048898768903
differential_evolution step 164: f(x)= 675.2048898768903
differential_evolution step 165: f(x)= 675.2048898768903
differential_evolution step 166: f(x)= 675.2048898768903
differential_evolution step 167: f(x)= 675.2048898768903
differential_evolution step 168: f(x)= 675.2048898768903
differential_evolution step 169: f(x)= 675.2048898768903
differential_evolution step 170: f(x)= 675.2048898768903
differential_evolution step 171: f(x)= 675.2048898768903
differential_evolution step 172: f(x)= 675.2048898768903
differential_evolution step 173: f(x)= 675.2048898768903
differential_evolution step 174: f(x)= 675.2048898768903
differential_evolution step 175: f(x)= 675.2048898768903
differential_evolution step 176: f(x)= 675.2048898768903
differential_evolution step 177: f(x)= 675.2048898768903
differential_evolution step 178: f(x)= 675.2048898768903
differential_evolution step 179: f(x)= 675.2048898768903
differential_evolution step 180: f(x)= 675.2048898768903
differential_evolution step 181: f(x)= 675.2048898768903
differential_evolution step 182: f(x)= 675.2048898768903
differential_evolution step 183: f(x)= 675.2048898768903
differential_evolution step 184: f(x)= 675.2048898768903
differential_evolution step 185: f(x)= 675.2048898768903
differential_evolution step 186: f(x)= 675.2048898768903
differential_evolution step 187: f(x)= 675.2048898768903
differential_evolution step 188: f(x)= 675.2048898768903
differential_evolution step 189: f(x)= 675.2048898768903
differential_evolution step 190: f(x)= 675.2048898768903
differential_evolution step 191: f(x)= 675.2048898768903
differential_evolution step 192: f(x)= 675.2048898768903
differential_evolution step 193: f(x)= 675.2048898768903
differential_evolution step 194: f(x)= 675.2048898768903
differential_evolution step 195: f(x)= 675.2048898768903
differential_evolution step 196: f(x)= 675.2048898768903
differential_evolution step 197: f(x)= 675.2048898768903
differential_evolution step 198: f(x)= 675.2048898768903
differential_evolution step 199: f(x)= 675.2048898768903
differential_evolution step 200: f(x)= 675.2048898768903
Cluster 4 DE best chi^2: 675.205 with params {'x_src': np.float64(221.921867317345), 'y_src': np.float64(217.91336706054193), 'z_s': np.float64(4.026963088362516)}
--- Running DE for Cluster 5 ---
[DE] Process Pool with 16 procs (init=latinhypercube, popsize=50)
differential_evolution step 1: f(x)= 4242.640687119286
differential_evolution step 2: f(x)= 4242.640687119286
differential_evolution step 3: f(x)= 4242.640687119286
differential_evolution step 4: f(x)= 3000.0
differential_evolution step 5: f(x)= 3000.0
differential_evolution step 6: f(x)= 3000.0
differential_evolution step 7: f(x)= 3000.0
differential_evolution step 8: f(x)= 3000.0
differential_evolution step 9: f(x)= 3000.0
differential_evolution step 10: f(x)= 3000.0
differential_evolution step 11: f(x)= 3000.0
differential_evolution step 12: f(x)= 3000.0
differential_evolution step 13: f(x)= 3000.0
differential_evolution step 14: f(x)= 3000.0
differential_evolution step 15: f(x)= 3000.0
differential_evolution step 16: f(x)= 3000.0
differential_evolution step 17: f(x)= 3000.0
differential_evolution step 18: f(x)= 3000.0
differential_evolution step 19: f(x)= 3000.0
differential_evolution step 20: f(x)= 3000.0
differential_evolution step 21: f(x)= 3000.0
differential_evolution step 22: f(x)= 3000.0
differential_evolution step 23: f(x)= 3000.0
differential_evolution step 24: f(x)= 3000.0
differential_evolution step 25: f(x)= 3000.0
differential_evolution step 26: f(x)= 3000.0
differential_evolution step 27: f(x)= 3000.0
differential_evolution step 28: f(x)= 3000.0
differential_evolution step 29: f(x)= 3000.0
differential_evolution step 30: f(x)= 3000.0
differential_evolution step 31: f(x)= 3000.0
differential_evolution step 32: f(x)= 3000.0
differential_evolution step 33: f(x)= 3000.0
differential_evolution step 34: f(x)= 3000.0
differential_evolution step 35: f(x)= 3000.0
differential_evolution step 36: f(x)= 3000.0
differential_evolution step 37: f(x)= 3000.0
differential_evolution step 38: f(x)= 3000.0
differential_evolution step 39: f(x)= 3000.0
differential_evolution step 40: f(x)= 3000.0
differential_evolution step 41: f(x)= 3000.0
differential_evolution step 42: f(x)= 3000.0
differential_evolution step 43: f(x)= 3000.0
differential_evolution step 44: f(x)= 3000.0
differential_evolution step 45: f(x)= 3000.0
differential_evolution step 46: f(x)= 3000.0
differential_evolution step 47: f(x)= 3000.0
differential_evolution step 48: f(x)= 3000.0
differential_evolution step 49: f(x)= 3000.0
differential_evolution step 50: f(x)= 3000.0
differential_evolution step 51: f(x)= 3000.0
differential_evolution step 52: f(x)= 3000.0
differential_evolution step 53: f(x)= 3000.0
differential_evolution step 54: f(x)= 3000.0
differential_evolution step 55: f(x)= 3000.0
differential_evolution step 56: f(x)= 3000.0
differential_evolution step 57: f(x)= 3000.0
differential_evolution step 58: f(x)= 3000.0
differential_evolution step 59: f(x)= 3000.0
differential_evolution step 60: f(x)= 3000.0
differential_evolution step 61: f(x)= 3000.0
differential_evolution step 62: f(x)= 3000.0
differential_evolution step 63: f(x)= 3000.0
differential_evolution step 64: f(x)= 3000.0
differential_evolution step 65: f(x)= 3000.0
differential_evolution step 66: f(x)= 3000.0
differential_evolution step 67: f(x)= 3000.0
differential_evolution step 68: f(x)= 3000.0
differential_evolution step 69: f(x)= 3000.0
differential_evolution step 70: f(x)= 3000.0
differential_evolution step 71: f(x)= 3000.0
differential_evolution step 72: f(x)= 3000.0
differential_evolution step 73: f(x)= 3000.0
differential_evolution step 74: f(x)= 3000.0
differential_evolution step 75: f(x)= 3000.0
differential_evolution step 76: f(x)= 3000.0
differential_evolution step 77: f(x)= 3000.0
differential_evolution step 78: f(x)= 3000.0
differential_evolution step 79: f(x)= 3000.0
differential_evolution step 80: f(x)= 3000.0
differential_evolution step 81: f(x)= 3000.0
differential_evolution step 82: f(x)= 3000.0
differential_evolution step 83: f(x)= 3000.0
differential_evolution step 84: f(x)= 3000.0
differential_evolution step 85: f(x)= 3000.0
differential_evolution step 86: f(x)= 3000.0
differential_evolution step 87: f(x)= 3000.0
differential_evolution step 88: f(x)= 3000.0
differential_evolution step 89: f(x)= 3000.0
differential_evolution step 90: f(x)= 3000.0
differential_evolution step 91: f(x)= 3000.0
differential_evolution step 92: f(x)= 3000.0
differential_evolution step 93: f(x)= 3000.0
differential_evolution step 94: f(x)= 3000.0
differential_evolution step 95: f(x)= 3000.0
differential_evolution step 96: f(x)= 3000.0
differential_evolution step 97: f(x)= 3000.0
differential_evolution step 98: f(x)= 3000.0
differential_evolution step 99: f(x)= 3000.0
differential_evolution step 100: f(x)= 3000.0
differential_evolution step 101: f(x)= 3000.0
differential_evolution step 102: f(x)= 3000.0
differential_evolution step 103: f(x)= 3000.0
differential_evolution step 104: f(x)= 3000.0
differential_evolution step 105: f(x)= 3000.0
differential_evolution step 106: f(x)= 3000.0
differential_evolution step 107: f(x)= 3000.0
differential_evolution step 108: f(x)= 3000.0
differential_evolution step 109: f(x)= 3000.0
differential_evolution step 110: f(x)= 3000.0
differential_evolution step 111: f(x)= 3000.0
differential_evolution step 112: f(x)= 3000.0
Cluster 5 DE best chi^2: 3000.000 with params {'x_src': np.float64(147.99299945939143), 'y_src': np.float64(146.47907417849683), 'z_s': np.float64(3.2837498075014278)}

--- DE Optimization Summary ---
Best fit found for Cluster 1 with chi^2 = 0.023
Best-fit parameters: {'x_src': np.float64(206.06912494775816), 'y_src': np.float64(193.5731845435146), 'z_s': np.float64(2.1336676412778717)}

--- Running MCMC for Cluster 1 (chi_sq=0.023) ---
[MCMC] Process Pool with 16 procs
  0%|          | 0/20000 [00:00<?, ?it/s]  0%|          | 73/20000 [01:41<7:40:17,  1.39s/it]  0%|          | 86/20000 [02:00<7:39:59,  1.39s/it]  1%|          | 140/20000 [03:21<8:00:03,  1.45s/it]  1%|          | 153/20000 [03:40<7:59:44,  1.45s/it]  1%|          | 210/20000 [05:02<7:56:18,  1.44s/it]  1%|          | 223/20000 [05:20<7:55:59,  1.44s/it]  1%|         | 282/20000 [06:43<7:50:02,  1.43s/it]  1%|         | 292/20000 [07:00<7:49:48,  1.43s/it]  2%|         | 352/20000 [08:24<7:49:12,  1.43s/it]  2%|         | 363/20000 [08:40<7:48:56,  1.43s/it]  2%|         | 420/20000 [10:05<7:53:47,  1.45s/it]  2%|         | 431/20000 [10:20<7:53:31,  1.45s/it]  2%|         | 489/20000 [11:45<7:52:17,  1.45s/it]  2%|         | 499/20000 [12:00<7:52:03,  1.45s/it]  3%|         | 558/20000 [13:26<7:50:43,  1.45s/it]  3%|         | 566/20000 [13:40<7:50:31,  1.45s/it]  3%|         | 629/20000 [15:06<7:45:16,  1.44s/it]  3%|         | 640/20000 [15:20<7:45:00,  1.44s/it]  4%|         | 710/20000 [16:46<7:20:48,  1.37s/it]  4%|         | 721/20000 [17:00<7:20:32,  1.37s/it]  4%|         | 776/20000 [18:27<7:32:48,  1.41s/it]  4%|         | 783/20000 [18:40<7:32:38,  1.41s/it]  4%|         | 845/20000 [20:07<7:35:28,  1.43s/it]  4%|         | 853/20000 [20:20<7:35:16,  1.43s/it]  5%|         | 919/20000 [21:48<7:26:29,  1.40s/it]  5%|         | 928/20000 [22:00<7:26:16,  1.40s/it]  5%|         | 998/20000 [23:28<7:11:42,  1.36s/it]  5%|         | 1006/20000 [23:40<7:11:32,  1.36s/it]  5%|         | 1076/20000 [25:10<7:03:36,  1.34s/it]  5%|         | 1091/20000 [25:30<7:03:16,  1.34s/it]  6%|         | 1156/20000 [26:51<6:54:23,  1.32s/it]  6%|         | 1170/20000 [27:10<6:54:04,  1.32s/it]  6%|         | 1229/20000 [28:32<6:58:08,  1.34s/it]  6%|         | 1241/20000 [28:50<6:57:52,  1.34s/it]  7%|         | 1302/20000 [30:13<7:00:44,  1.35s/it]  7%|         | 1315/20000 [30:30<7:00:26,  1.35s/it]  7%|         | 1381/20000 [31:54<6:51:54,  1.33s/it]  7%|         | 1392/20000 [32:10<6:51:40,  1.33s/it]  7%|         | 1455/20000 [33:35<6:53:27,  1.34s/it]  7%|         | 1465/20000 [33:50<6:53:14,  1.34s/it]  8%|         | 1524/20000 [35:15<7:02:24,  1.37s/it]  8%|         | 1534/20000 [35:30<7:02:10,  1.37s/it]  8%|         | 1593/20000 [36:56<7:09:05,  1.40s/it]  8%|         | 1602/20000 [37:10<7:08:53,  1.40s/it]  8%|         | 1663/20000 [38:37<7:11:37,  1.41s/it]  8%|         | 1670/20000 [38:50<7:11:27,  1.41s/it]  9%|         | 1738/20000 [40:18<7:02:47,  1.39s/it]  9%|         | 1748/20000 [40:30<7:02:33,  1.39s/it]  9%|         | 1823/20000 [41:59<6:40:14,  1.32s/it]  9%|         | 1830/20000 [42:10<6:40:05,  1.32s/it] 10%|         | 1905/20000 [43:40<6:30:04,  1.29s/it] 10%|         | 1921/20000 [44:00<6:29:44,  1.29s/it] 10%|         | 1984/20000 [45:20<6:26:38,  1.29s/it] 10%|         | 1997/20000 [45:40<6:26:21,  1.29s/it] 10%|         | 2057/20000 [47:01<6:33:04,  1.31s/it] 10%|         | 2070/20000 [47:20<6:32:46,  1.31s/it] 11%|         | 2131/20000 [48:42<6:35:35,  1.33s/it] 11%|         | 2143/20000 [49:00<6:35:19,  1.33s/it] 11%|         | 2207/20000 [50:22<6:32:57,  1.33s/it] 11%|         | 2221/20000 [50:40<6:32:38,  1.33s/it] 11%|        | 2284/20000 [52:02<6:29:21,  1.32s/it] 11%|        | 2295/20000 [52:20<6:29:06,  1.32s/it] 12%|        | 2353/20000 [53:43<6:39:34,  1.36s/it] 12%|        | 2365/20000 [54:00<6:39:18,  1.36s/it] 12%|        | 2437/20000 [55:24<6:22:16,  1.31s/it] 12%|        | 2449/20000 [55:40<6:22:00,  1.31s/it] 13%|        | 2518/20000 [57:05<6:14:56,  1.29s/it] 13%|        | 2529/20000 [57:20<6:14:42,  1.29s/it] 13%|        | 2587/20000 [58:46<6:27:54,  1.34s/it] 13%|        | 2597/20000 [59:00<6:27:41,  1.34s/it] 13%|        | 2654/20000 [1:00:27<6:40:33,  1.39s/it] 13%|        | 2662/20000 [1:00:40<6:40:21,  1.39s/it] 14%|        | 2727/20000 [1:02:08<6:38:36,  1.38s/it] 14%|        | 2735/20000 [1:02:20<6:38:25,  1.38s/it] 14%|        | 2799/20000 [1:03:49<6:38:00,  1.39s/it] 14%|        | 2805/20000 [1:04:00<6:37:52,  1.39s/it] 14%|        | 2874/20000 [1:05:30<6:32:05,  1.37s/it] 14%|        | 2880/20000 [1:05:40<6:31:56,  1.37s/it] 15%|        | 2950/20000 [1:07:10<6:25:56,  1.36s/it] 15%|        | 2966/20000 [1:07:30<6:25:34,  1.36s/it] 15%|        | 3030/20000 [1:08:51<6:15:49,  1.33s/it] 15%|        | 3042/20000 [1:09:10<6:15:33,  1.33s/it] 16%|        | 3105/20000 [1:10:32<6:15:06,  1.33s/it] 16%|        | 3118/20000 [1:10:50<6:14:49,  1.33s/it] 16%|        | 3174/20000 [1:12:12<6:23:13,  1.37s/it] 16%|        | 3189/20000 [1:12:30<6:22:53,  1.37s/it] 16%|        | 3254/20000 [1:13:52<6:11:24,  1.33s/it] 16%|        | 3265/20000 [1:14:10<6:11:09,  1.33s/it] 17%|        | 3323/20000 [1:15:34<6:20:36,  1.37s/it] 17%|        | 3334/20000 [1:15:50<6:20:21,  1.37s/it] 17%|        | 3393/20000 [1:17:14<6:23:57,  1.39s/it] 17%|        | 3404/20000 [1:17:30<6:23:42,  1.39s/it] 17%|        | 3467/20000 [1:18:54<6:19:39,  1.38s/it] 17%|        | 3476/20000 [1:19:10<6:19:27,  1.38s/it] 18%|        | 3533/20000 [1:20:36<6:30:33,  1.42s/it] 18%|        | 3541/20000 [1:20:50<6:30:21,  1.42s/it] 18%|        | 3606/20000 [1:22:16<6:24:58,  1.41s/it] 18%|        | 3614/20000 [1:22:30<6:24:47,  1.41s/it] 18%|        | 3674/20000 [1:23:57<6:28:59,  1.43s/it] 18%|        | 3682/20000 [1:24:10<6:28:48,  1.43s/it] 19%|        | 3744/20000 [1:25:38<6:28:30,  1.43s/it] 19%|        | 3751/20000 [1:25:50<6:28:20,  1.43s/it] 19%|        | 3818/20000 [1:27:19<6:21:09,  1.41s/it] 19%|        | 3825/20000 [1:27:30<6:20:59,  1.41s/it] 19%|        | 3895/20000 [1:29:00<6:10:44,  1.38s/it] 20%|        | 3909/20000 [1:29:20<6:10:25,  1.38s/it] 20%|        | 3963/20000 [1:30:41<6:16:33,  1.41s/it] 20%|        | 3977/20000 [1:31:00<6:16:14,  1.41s/it] 20%|        | 4040/20000 [1:32:22<6:06:32,  1.38s/it] 20%|        | 4054/20000 [1:32:40<6:06:13,  1.38s/it] 21%|        | 4121/20000 [1:34:03<5:53:20,  1.34s/it] 21%|        | 4134/20000 [1:34:20<5:53:03,  1.34s/it] 21%|        | 4200/20000 [1:35:44<5:47:01,  1.32s/it] 21%|        | 4213/20000 [1:36:00<5:46:43,  1.32s/it] 21%|       | 4281/20000 [1:37:24<5:39:03,  1.29s/it] 21%|       | 4293/20000 [1:37:40<5:38:47,  1.29s/it] 22%|       | 4358/20000 [1:39:05<5:38:36,  1.30s/it] 22%|       | 4369/20000 [1:39:20<5:38:21,  1.30s/it] 22%|       | 4432/20000 [1:40:45<5:41:05,  1.31s/it] 22%|       | 4444/20000 [1:41:00<5:40:49,  1.31s/it] 23%|       | 4511/20000 [1:42:27<5:36:55,  1.31s/it] 23%|       | 4519/20000 [1:42:40<5:36:45,  1.31s/it] 23%|       | 4580/20000 [1:44:07<5:46:16,  1.35s/it] 23%|       | 4588/20000 [1:44:20<5:46:05,  1.35s/it] 23%|       | 4652/20000 [1:45:48<5:48:31,  1.36s/it] 23%|       | 4661/20000 [1:46:00<5:48:19,  1.36s/it] 24%|       | 4725/20000 [1:47:29<5:47:51,  1.37s/it] 24%|       | 4732/20000 [1:47:40<5:47:41,  1.37s/it] 24%|       | 4806/20000 [1:49:09<5:36:13,  1.33s/it] 24%|       | 4813/20000 [1:49:20<5:36:03,  1.33s/it] 24%|       | 4874/20000 [1:50:50<5:45:03,  1.37s/it] 24%|       | 4887/20000 [1:51:10<5:44:45,  1.37s/it] 25%|       | 4944/20000 [1:52:31<5:48:53,  1.39s/it] 25%|       | 4957/20000 [1:52:50<5:48:35,  1.39s/it] 25%|       | 5013/20000 [1:54:11<5:51:48,  1.41s/it] 25%|       | 5025/20000 [1:54:30<5:51:31,  1.41s/it] 25%|       | 5085/20000 [1:55:52<5:49:23,  1.41s/it] 25%|       | 5097/20000 [1:56:10<5:49:06,  1.41s/it] 26%|       | 5154/20000 [1:57:32<5:51:03,  1.42s/it] 26%|       | 5168/20000 [1:57:50<5:50:43,  1.42s/it] 26%|       | 5231/20000 [1:59:12<5:40:26,  1.38s/it] 26%|       | 5242/20000 [1:59:30<5:40:11,  1.38s/it] 27%|       | 5314/20000 [2:00:54<5:25:18,  1.33s/it] 27%|       | 5326/20000 [2:01:10<5:25:02,  1.33s/it] 27%|       | 5388/20000 [2:02:35<5:26:23,  1.34s/it] 27%|       | 5399/20000 [2:02:50<5:26:08,  1.34s/it] 27%|       | 5461/20000 [2:04:16<5:27:44,  1.35s/it] 27%|       | 5472/20000 [2:04:30<5:27:29,  1.35s/it] 28%|       | 5539/20000 [2:05:56<5:21:30,  1.33s/it] 28%|       | 5549/20000 [2:06:10<5:21:17,  1.33s/it] 28%|       | 5614/20000 [2:07:38<5:21:03,  1.34s/it] 28%|       | 5622/20000 [2:07:50<5:20:52,  1.34s/it] 28%|       | 5695/20000 [2:09:19<5:12:27,  1.31s/it] 29%|       | 5704/20000 [2:09:30<5:12:15,  1.31s/it] 29%|       | 5781/20000 [2:11:00<4:59:56,  1.27s/it] 29%|       | 5794/20000 [2:11:20<4:59:40,  1.27s/it] 29%|       | 5847/20000 [2:12:41<5:15:10,  1.34s/it] 29%|       | 5859/20000 [2:13:00<5:14:54,  1.34s/it] 30%|       | 5912/20000 [2:14:21<5:26:32,  1.39s/it] 30%|       | 5923/20000 [2:14:40<5:26:17,  1.39s/it] 30%|       | 5976/20000 [2:16:02<5:36:36,  1.44s/it] 30%|       | 5987/20000 [2:16:20<5:36:20,  1.44s/it] 30%|       | 6042/20000 [2:17:43<5:41:02,  1.47s/it] 30%|       | 6052/20000 [2:18:00<5:40:47,  1.47s/it] 31%|       | 6108/20000 [2:19:23<5:43:15,  1.48s/it] 31%|       | 6120/20000 [2:19:40<5:42:57,  1.48s/it] 31%|       | 6177/20000 [2:21:04<5:40:23,  1.48s/it] 31%|       | 6186/20000 [2:21:20<5:40:10,  1.48s/it] 31%|      | 6254/20000 [2:22:45<5:25:39,  1.42s/it] 31%|      | 6264/20000 [2:23:00<5:25:24,  1.42s/it] 32%|      | 6334/20000 [2:24:25<5:11:09,  1.37s/it] 32%|      | 6347/20000 [2:24:40<5:10:51,  1.37s/it] 32%|      | 6417/20000 [2:26:06<4:58:37,  1.32s/it] 32%|      | 6428/20000 [2:26:20<4:58:23,  1.32s/it] 32%|      | 6500/20000 [2:27:47<4:49:11,  1.29s/it] 33%|      | 6511/20000 [2:28:00<4:48:57,  1.29s/it] 33%|      | 6576/20000 [2:29:27<4:49:54,  1.30s/it] 33%|      | 6584/20000 [2:29:40<4:49:43,  1.30s/it] 33%|      | 6654/20000 [2:31:08<4:47:29,  1.29s/it] 33%|      | 6664/20000 [2:31:20<4:47:17,  1.29s/it] 34%|      | 6726/20000 [2:32:48<4:52:13,  1.32s/it] 34%|      | 6733/20000 [2:33:00<4:52:04,  1.32s/it] 34%|      | 6789/20000 [2:34:28<5:06:34,  1.39s/it] 34%|      | 6795/20000 [2:34:40<5:06:25,  1.39s/it] 34%|      | 6869/20000 [2:36:09<4:54:58,  1.35s/it] 34%|      | 6879/20000 [2:36:20<4:54:44,  1.35s/it] 35%|      | 6954/20000 [2:37:50<4:42:08,  1.30s/it] 35%|      | 6966/20000 [2:38:10<4:41:52,  1.30s/it] 35%|      | 7035/20000 [2:39:31<4:36:34,  1.28s/it] 35%|      | 7052/20000 [2:39:50<4:36:13,  1.28s/it] 36%|      | 7113/20000 [2:41:11<4:35:33,  1.28s/it] 36%|      | 7125/20000 [2:41:30<4:35:18,  1.28s/it] 36%|      | 7181/20000 [2:42:52<4:45:17,  1.34s/it] 36%|      | 7195/20000 [2:43:10<4:44:59,  1.34s/it] 36%|      | 7248/20000 [2:44:32<4:53:44,  1.38s/it] 36%|      | 7258/20000 [2:44:50<4:53:30,  1.38s/it] 37%|      | 7327/20000 [2:46:13<4:44:16,  1.35s/it] 37%|      | 7337/20000 [2:46:30<4:44:03,  1.35s/it] 37%|      | 7392/20000 [2:47:54<4:55:09,  1.40s/it] 37%|      | 7401/20000 [2:48:10<4:54:57,  1.40s/it] 37%|      | 7456/20000 [2:49:34<5:03:02,  1.45s/it] 37%|      | 7466/20000 [2:49:50<5:02:47,  1.45s/it] 38%|      | 7521/20000 [2:51:15<5:07:13,  1.48s/it] 38%|      | 7531/20000 [2:51:30<5:06:58,  1.48s/it] 38%|      | 7592/20000 [2:52:56<5:01:43,  1.46s/it] 38%|      | 7602/20000 [2:53:10<5:01:28,  1.46s/it] 38%|      | 7658/20000 [2:54:36<5:04:01,  1.48s/it] 38%|      | 7667/20000 [2:54:50<5:03:47,  1.48s/it] 39%|      | 7728/20000 [2:56:18<5:00:24,  1.47s/it] 39%|      | 7736/20000 [2:56:30<5:00:12,  1.47s/it] 39%|      | 7794/20000 [2:57:59<5:02:53,  1.49s/it] 39%|      | 7801/20000 [2:58:10<5:02:43,  1.49s/it] 39%|      | 7861/20000 [2:59:40<5:02:34,  1.50s/it] 39%|      | 7878/20000 [3:00:00<5:02:08,  1.50s/it] 40%|      | 7936/20000 [3:01:20<4:50:12,  1.44s/it] 40%|      | 7951/20000 [3:01:40<4:49:50,  1.44s/it] 40%|      | 8021/20000 [3:03:01<4:30:08,  1.35s/it] 40%|      | 8038/20000 [3:03:20<4:29:45,  1.35s/it] 40%|      | 8097/20000 [3:04:41<4:26:36,  1.34s/it] 41%|      | 8108/20000 [3:05:00<4:26:21,  1.34s/it] 41%|      | 8160/20000 [3:06:21<4:37:55,  1.41s/it] 41%|      | 8173/20000 [3:06:40<4:37:37,  1.41s/it] 41%|      | 8244/20000 [3:08:01<4:21:46,  1.34s/it] 41%|     | 8261/20000 [3:08:20<4:21:23,  1.34s/it] 42%|     | 8331/20000 [3:09:41<4:07:52,  1.27s/it] 42%|     | 8346/20000 [3:10:00<4:07:32,  1.27s/it] 42%|     | 8412/20000 [3:11:23<4:04:41,  1.27s/it] 42%|     | 8425/20000 [3:11:40<4:04:25,  1.27s/it] 42%|     | 8497/20000 [3:13:03<3:57:57,  1.24s/it] 43%|     | 8511/20000 [3:13:20<3:57:39,  1.24s/it] 43%|     | 8583/20000 [3:14:44<3:52:05,  1.22s/it] 43%|     | 8596/20000 [3:15:00<3:51:50,  1.22s/it] 43%|     | 8666/20000 [3:16:25<3:49:48,  1.22s/it] 43%|     | 8675/20000 [3:16:40<3:49:37,  1.22s/it] 44%|     | 8741/20000 [3:18:05<3:54:48,  1.25s/it] 44%|     | 8753/20000 [3:18:20<3:54:33,  1.25s/it] 44%|     | 8826/20000 [3:19:46<3:49:00,  1.23s/it] 44%|     | 8837/20000 [3:20:00<3:48:46,  1.23s/it] 45%|     | 8913/20000 [3:21:27<3:43:22,  1.21s/it] 45%|     | 8924/20000 [3:21:40<3:43:09,  1.21s/it] 45%|     | 9000/20000 [3:23:08<3:38:55,  1.19s/it] 45%|     | 9011/20000 [3:23:20<3:38:42,  1.19s/it] 45%|     | 9089/20000 [3:24:48<3:33:20,  1.17s/it] 45%|     | 9098/20000 [3:25:00<3:33:10,  1.17s/it] 46%|     | 9176/20000 [3:26:29<3:30:36,  1.17s/it] 46%|     | 9185/20000 [3:26:40<3:30:25,  1.17s/it] 46%|     | 9263/20000 [3:28:10<3:28:39,  1.17s/it] 46%|     | 9272/20000 [3:28:20<3:28:28,  1.17s/it] 47%|     | 9351/20000 [3:29:50<3:25:26,  1.16s/it] 47%|     | 9369/20000 [3:30:10<3:25:05,  1.16s/it] 47%|     | 9441/20000 [3:31:31<3:21:50,  1.15s/it] 47%|     | 9456/20000 [3:31:50<3:21:33,  1.15s/it] 48%|     | 9529/20000 [3:33:12<3:20:06,  1.15s/it] 48%|     | 9545/20000 [3:33:30<3:19:48,  1.15s/it] 48%|     | 9602/20000 [3:34:53<3:29:34,  1.21s/it] 48%|     | 9612/20000 [3:35:10<3:29:22,  1.21s/it] 48%|     | 9665/20000 [3:36:34<3:44:44,  1.30s/it] 48%|     | 9675/20000 [3:36:50<3:44:31,  1.30s/it] 49%|     | 9728/20000 [3:38:14<3:56:14,  1.38s/it] 49%|     | 9737/20000 [3:38:30<3:56:02,  1.38s/it] 49%|     | 9799/20000 [3:39:55<3:56:32,  1.39s/it] 49%|     | 9809/20000 [3:40:10<3:56:18,  1.39s/it] 49%|     | 9874/20000 [3:41:36<3:52:31,  1.38s/it] 49%|     | 9882/20000 [3:41:50<3:52:20,  1.38s/it] 50%|     | 9947/20000 [3:43:17<3:50:54,  1.38s/it] 50%|     | 9956/20000 [3:43:30<3:50:41,  1.38s/it] 50%|     | 10017/20000 [3:44:58<3:52:34,  1.40s/it] 50%|     | 10024/20000 [3:45:10<3:52:24,  1.40s/it] 50%|     | 10084/20000 [3:46:38<3:55:53,  1.43s/it] 50%|     | 10092/20000 [3:46:50<3:55:42,  1.43s/it] 51%|     | 10162/20000 [3:48:19<3:46:32,  1.38s/it] 51%|     | 10172/20000 [3:48:30<3:46:18,  1.38s/it] 51%|     | 10240/20000 [3:50:00<3:40:15,  1.35s/it] 51%|     | 10248/20000 [3:50:10<3:40:04,  1.35s/it] 52%|    | 10312/20000 [3:51:41<3:41:15,  1.37s/it] 52%|    | 10325/20000 [3:52:00<3:40:57,  1.37s/it] 52%|    | 10387/20000 [3:53:22<3:38:28,  1.36s/it] 52%|    | 10399/20000 [3:53:40<3:38:11,  1.36s/it] 52%|    | 10463/20000 [3:55:03<3:34:58,  1.35s/it] 52%|    | 10475/20000 [3:55:20<3:34:42,  1.35s/it] 53%|    | 10538/20000 [3:56:43<3:32:31,  1.35s/it] 53%|    | 10551/20000 [3:57:00<3:32:13,  1.35s/it] 53%|    | 10613/20000 [3:58:24<3:30:41,  1.35s/it] 53%|    | 10625/20000 [3:58:40<3:30:24,  1.35s/it] 53%|    | 10694/20000 [4:00:05<3:23:44,  1.31s/it] 54%|    | 10704/20000 [4:00:20<3:23:31,  1.31s/it] 54%|    | 10772/20000 [4:01:46<3:21:02,  1.31s/it] 54%|    | 10783/20000 [4:02:00<3:20:48,  1.31s/it] 54%|    | 10848/20000 [4:03:27<3:20:21,  1.31s/it] 54%|    | 10858/20000 [4:03:40<3:20:08,  1.31s/it] 55%|    | 10929/20000 [4:05:08<3:15:37,  1.29s/it] 55%|    | 10937/20000 [4:05:20<3:15:26,  1.29s/it] 55%|    | 11007/20000 [4:06:49<3:13:48,  1.29s/it] 55%|    | 11014/20000 [4:07:00<3:13:39,  1.29s/it] 55%|    | 11081/20000 [4:08:29<3:15:16,  1.31s/it] 55%|    | 11088/20000 [4:08:40<3:15:07,  1.31s/it] 56%|    | 11153/20000 [4:10:10<3:16:54,  1.34s/it] 56%|    | 11160/20000 [4:10:20<3:16:45,  1.34s/it] 56%|    | 11226/20000 [4:11:50<3:17:09,  1.35s/it] 56%|    | 11240/20000 [4:12:10<3:16:50,  1.35s/it] 57%|    | 11305/20000 [4:13:31<3:12:01,  1.33s/it] 57%|    | 11319/20000 [4:13:50<3:11:42,  1.33s/it] 57%|    | 11382/20000 [4:15:11<3:09:26,  1.32s/it] 57%|    | 11395/20000 [4:15:30<3:09:09,  1.32s/it] 57%|    | 11460/20000 [4:16:52<3:06:31,  1.31s/it] 57%|    | 11473/20000 [4:17:10<3:06:14,  1.31s/it] 58%|    | 11544/20000 [4:18:32<2:59:18,  1.27s/it] 58%|    | 11560/20000 [4:18:50<2:58:58,  1.27s/it] 58%|    | 11630/20000 [4:20:13<2:52:57,  1.24s/it] 58%|    | 11642/20000 [4:20:30<2:52:42,  1.24s/it] 59%|    | 11711/20000 [4:21:53<2:51:07,  1.24s/it] 59%|    | 11725/20000 [4:22:10<2:50:50,  1.24s/it] 59%|    | 11792/20000 [4:23:33<2:49:28,  1.24s/it] 59%|    | 11805/20000 [4:23:50<2:49:12,  1.24s/it] 59%|    | 11871/20000 [4:25:14<2:49:03,  1.25s/it] 59%|    | 11884/20000 [4:25:30<2:48:47,  1.25s/it] 60%|    | 11953/20000 [4:26:55<2:46:41,  1.24s/it] 60%|    | 11965/20000 [4:27:10<2:46:26,  1.24s/it] 60%|    | 12035/20000 [4:28:36<2:44:39,  1.24s/it] 60%|    | 12046/20000 [4:28:50<2:44:25,  1.24s/it] 61%|    | 12118/20000 [4:30:17<2:42:01,  1.23s/it] 61%|    | 12128/20000 [4:30:30<2:41:49,  1.23s/it] 61%|    | 12197/20000 [4:31:57<2:41:57,  1.25s/it] 61%|    | 12207/20000 [4:32:10<2:41:44,  1.25s/it] 61%|   | 12280/20000 [4:33:38<2:38:42,  1.23s/it] 61%|   | 12291/20000 [4:33:50<2:38:29,  1.23s/it] 62%|   | 12364/20000 [4:35:18<2:35:38,  1.22s/it] 62%|   | 12372/20000 [4:35:30<2:35:28,  1.22s/it] 62%|   | 12447/20000 [4:37:00<2:33:58,  1.22s/it] 62%|   | 12464/20000 [4:37:20<2:33:37,  1.22s/it] 63%|   | 12529/20000 [4:38:41<2:32:40,  1.23s/it] 63%|   | 12544/20000 [4:39:00<2:32:21,  1.23s/it] 63%|   | 12612/20000 [4:40:22<2:30:42,  1.22s/it] 63%|   | 12627/20000 [4:40:40<2:30:23,  1.22s/it] 63%|   | 12694/20000 [4:42:02<2:28:54,  1.22s/it] 64%|   | 12709/20000 [4:42:20<2:28:36,  1.22s/it] 64%|   | 12779/20000 [4:43:43<2:25:41,  1.21s/it] 64%|   | 12795/20000 [4:44:00<2:25:21,  1.21s/it] 64%|   | 12865/20000 [4:45:24<2:22:37,  1.20s/it] 64%|   | 12878/20000 [4:45:40<2:22:21,  1.20s/it] 65%|   | 12945/20000 [4:47:04<2:23:04,  1.22s/it] 65%|   | 12957/20000 [4:47:20<2:22:49,  1.22s/it] 65%|   | 13030/20000 [4:48:45<2:19:56,  1.20s/it] 65%|   | 13043/20000 [4:49:00<2:19:40,  1.20s/it] 66%|   | 13118/20000 [4:50:26<2:16:11,  1.19s/it] 66%|   | 13129/20000 [4:50:40<2:15:58,  1.19s/it] 66%|   | 13199/20000 [4:52:06<2:16:20,  1.20s/it] 66%|   | 13211/20000 [4:52:20<2:16:06,  1.20s/it] 66%|   | 13287/20000 [4:53:47<2:12:33,  1.18s/it] 66%|   | 13299/20000 [4:54:00<2:12:19,  1.18s/it] 67%|   | 13375/20000 [4:55:27<2:09:24,  1.17s/it] 67%|   | 13384/20000 [4:55:40<2:09:14,  1.17s/it] 67%|   | 13459/20000 [4:57:08<2:08:39,  1.18s/it] 67%|   | 13468/20000 [4:57:20<2:08:28,  1.18s/it] 68%|   | 13541/20000 [4:58:48<2:08:20,  1.19s/it] 68%|   | 13549/20000 [4:59:00<2:08:11,  1.19s/it] 68%|   | 13628/20000 [5:00:29<2:05:22,  1.18s/it] 68%|   | 13636/20000 [5:00:40<2:05:13,  1.18s/it] 69%|   | 13711/20000 [5:02:09<2:04:40,  1.19s/it] 69%|   | 13719/20000 [5:02:20<2:04:31,  1.19s/it] 69%|   | 13790/20000 [5:03:50<2:05:39,  1.21s/it] 69%|   | 13806/20000 [5:04:10<2:05:19,  1.21s/it] 69%|   | 13872/20000 [5:05:30<2:04:15,  1.22s/it] 69%|   | 13887/20000 [5:05:50<2:03:56,  1.22s/it] 70%|   | 13952/20000 [5:07:11<2:03:42,  1.23s/it] 70%|   | 13965/20000 [5:07:30<2:03:26,  1.23s/it] 70%|   | 14029/20000 [5:08:52<2:04:33,  1.25s/it] 70%|   | 14042/20000 [5:09:10<2:04:17,  1.25s/it] 71%|   | 14107/20000 [5:10:32<2:04:06,  1.26s/it] 71%|   | 14119/20000 [5:10:50<2:03:51,  1.26s/it] 71%|   | 14183/20000 [5:12:13<2:04:20,  1.28s/it] 71%|   | 14195/20000 [5:12:30<2:04:04,  1.28s/it] 71%|  | 14259/20000 [5:13:55<2:04:03,  1.30s/it] 71%|  | 14270/20000 [5:14:10<2:03:49,  1.30s/it] 72%|  | 14336/20000 [5:15:35<2:02:34,  1.30s/it] 72%|  | 14347/20000 [5:15:50<2:02:19,  1.30s/it] 72%|  | 14414/20000 [5:17:15<2:00:33,  1.29s/it] 72%|  | 14427/20000 [5:17:30<2:00:16,  1.29s/it] 72%|  | 14495/20000 [5:18:56<1:57:18,  1.28s/it] 73%|  | 14506/20000 [5:19:10<1:57:04,  1.28s/it] 73%|  | 14573/20000 [5:20:36<1:55:51,  1.28s/it] 73%|  | 14583/20000 [5:20:50<1:55:38,  1.28s/it] 73%|  | 14652/20000 [5:22:17<1:54:07,  1.28s/it] 73%|  | 14661/20000 [5:22:30<1:53:55,  1.28s/it] 74%|  | 14733/20000 [5:23:58<1:51:16,  1.27s/it] 74%|  | 14744/20000 [5:24:10<1:51:02,  1.27s/it] 74%|  | 14820/20000 [5:25:39<1:46:32,  1.23s/it] 74%|  | 14826/20000 [5:25:50<1:46:24,  1.23s/it] 74%|  | 14899/20000 [5:27:19<1:45:54,  1.25s/it] 75%|  | 14906/20000 [5:27:30<1:45:45,  1.25s/it] 75%|  | 14974/20000 [5:29:00<1:46:36,  1.27s/it] 75%|  | 14980/20000 [5:29:10<1:46:28,  1.27s/it] 75%|  | 15053/20000 [5:30:40<1:44:52,  1.27s/it] 75%|  | 15072/20000 [5:31:00<1:44:28,  1.27s/it] 76%|  | 15139/20000 [5:32:22<1:40:43,  1.24s/it] 76%|  | 15154/20000 [5:32:40<1:40:24,  1.24s/it] 76%|  | 15214/20000 [5:34:03<1:41:31,  1.27s/it] 76%|  | 15228/20000 [5:34:20<1:41:14,  1.27s/it] 76%|  | 15289/20000 [5:35:44<1:41:34,  1.29s/it] 77%|  | 15302/20000 [5:36:00<1:41:17,  1.29s/it] 77%|  | 15363/20000 [5:37:25<1:41:29,  1.31s/it] 77%|  | 15374/20000 [5:37:40<1:41:15,  1.31s/it] 77%|  | 15441/20000 [5:39:05<1:39:21,  1.31s/it] 77%|  | 15453/20000 [5:39:20<1:39:05,  1.31s/it] 78%|  | 15530/20000 [5:40:46<1:32:58,  1.25s/it] 78%|  | 15543/20000 [5:41:00<1:32:42,  1.25s/it] 78%|  | 15624/20000 [5:42:27<1:26:48,  1.19s/it] 78%|  | 15636/20000 [5:42:40<1:26:34,  1.19s/it] 79%|  | 15713/20000 [5:44:08<1:23:50,  1.17s/it] 79%|  | 15721/20000 [5:44:20<1:23:41,  1.17s/it] 79%|  | 15788/20000 [5:45:48<1:25:33,  1.22s/it] 79%|  | 15796/20000 [5:46:00<1:25:23,  1.22s/it] 79%|  | 15867/20000 [5:47:30<1:25:15,  1.24s/it] 79%|  | 15875/20000 [5:47:40<1:25:06,  1.24s/it] 80%|  | 15942/20000 [5:49:10<1:25:36,  1.27s/it] 80%|  | 15956/20000 [5:49:30<1:25:19,  1.27s/it] 80%|  | 16013/20000 [5:50:51<1:26:49,  1.31s/it] 80%|  | 16029/20000 [5:51:10<1:26:28,  1.31s/it] 80%|  | 16095/20000 [5:52:31<1:23:29,  1.28s/it] 81%|  | 16109/20000 [5:52:50<1:23:11,  1.28s/it] 81%|  | 16172/20000 [5:54:12<1:22:19,  1.29s/it] 81%|  | 16186/20000 [5:54:30<1:22:01,  1.29s/it] 81%|  | 16248/20000 [5:55:53<1:21:23,  1.30s/it] 81%| | 16259/20000 [5:56:10<1:21:09,  1.30s/it] 82%| | 16323/20000 [5:57:34<1:20:26,  1.31s/it] 82%| | 16335/20000 [5:57:50<1:20:10,  1.31s/it] 82%| | 16396/20000 [5:59:14<1:19:55,  1.33s/it] 82%| | 16407/20000 [5:59:30<1:19:40,  1.33s/it] 82%| | 16471/20000 [6:00:54<1:18:22,  1.33s/it] 82%| | 16481/20000 [6:01:10<1:18:09,  1.33s/it] 83%| | 16547/20000 [6:02:35<1:16:31,  1.33s/it] 83%| | 16557/20000 [6:02:50<1:16:17,  1.33s/it] 83%| | 16620/20000 [6:04:15<1:15:37,  1.34s/it] 83%| | 16632/20000 [6:04:30<1:15:21,  1.34s/it] 83%| | 16697/20000 [6:05:56<1:13:16,  1.33s/it] 84%| | 16708/20000 [6:06:10<1:13:02,  1.33s/it] 84%| | 16774/20000 [6:07:36<1:11:08,  1.32s/it] 84%| | 16784/20000 [6:07:50<1:10:55,  1.32s/it] 84%| | 16847/20000 [6:09:17<1:10:24,  1.34s/it] 84%| | 16856/20000 [6:09:30<1:10:12,  1.34s/it] 85%| | 16919/20000 [6:10:58<1:09:44,  1.36s/it] 85%| | 16928/20000 [6:11:10<1:09:32,  1.36s/it] 85%| | 16996/20000 [6:12:39<1:07:19,  1.34s/it] 85%| | 17003/20000 [6:12:50<1:07:09,  1.34s/it] 85%| | 17069/20000 [6:14:19<1:06:06,  1.35s/it] 85%| | 17076/20000 [6:14:30<1:05:57,  1.35s/it] 86%| | 17140/20000 [6:16:00<1:05:28,  1.37s/it] 86%| | 17154/20000 [6:16:20<1:05:09,  1.37s/it] 86%| | 17219/20000 [6:17:41<1:02:13,  1.34s/it] 86%| | 17232/20000 [6:18:00<1:01:56,  1.34s/it] 86%| | 17292/20000 [6:19:21<1:01:01,  1.35s/it] 87%| | 17305/20000 [6:19:40<1:00:44,  1.35s/it] 87%| | 17366/20000 [6:21:02<59:27,  1.35s/it]   87%| | 17380/20000 [6:21:20<59:08,  1.35s/it] 87%| | 17439/20000 [6:22:42<58:00,  1.36s/it] 87%| | 17452/20000 [6:23:00<57:42,  1.36s/it] 88%| | 17519/20000 [6:24:24<54:59,  1.33s/it] 88%| | 17531/20000 [6:24:40<54:43,  1.33s/it] 88%| | 17593/20000 [6:26:04<53:37,  1.34s/it] 88%| | 17603/20000 [6:26:20<53:24,  1.34s/it] 88%| | 17662/20000 [6:27:44<53:22,  1.37s/it] 88%| | 17673/20000 [6:28:00<53:07,  1.37s/it] 89%| | 17737/20000 [6:29:25<51:22,  1.36s/it] 89%| | 17747/20000 [6:29:40<51:09,  1.36s/it] 89%| | 17808/20000 [6:31:06<50:25,  1.38s/it] 89%| | 17819/20000 [6:31:20<50:09,  1.38s/it] 89%| | 17887/20000 [6:32:47<47:26,  1.35s/it] 89%| | 17897/20000 [6:33:00<47:12,  1.35s/it] 90%| | 17965/20000 [6:34:28<45:09,  1.33s/it] 90%| | 17973/20000 [6:34:40<44:58,  1.33s/it] 90%| | 18037/20000 [6:36:08<44:09,  1.35s/it] 90%| | 18045/20000 [6:36:20<43:58,  1.35s/it] 91%| | 18117/20000 [6:37:49<41:30,  1.32s/it] 91%| | 18127/20000 [6:38:00<41:17,  1.32s/it] 91%| | 18195/20000 [6:39:30<39:29,  1.31s/it] 91%| | 18201/20000 [6:39:40<39:21,  1.31s/it] 91%|| 18271/20000 [6:41:10<37:52,  1.31s/it] 91%|| 18286/20000 [6:41:30<37:32,  1.31s/it] 92%|| 18340/20000 [6:42:50<37:25,  1.35s/it] 92%|| 18357/20000 [6:43:10<37:02,  1.35s/it] 92%|| 18419/20000 [6:44:31<35:02,  1.33s/it] 92%|| 18434/20000 [6:44:50<34:42,  1.33s/it] 92%|| 18496/20000 [6:46:12<33:10,  1.32s/it] 93%|| 18508/20000 [6:46:30<32:54,  1.32s/it] 93%|| 18573/20000 [6:47:53<31:24,  1.32s/it] 93%|| 18586/20000 [6:48:10<31:07,  1.32s/it] 93%|| 18647/20000 [6:49:34<30:02,  1.33s/it] 93%|| 18659/20000 [6:49:50<29:46,  1.33s/it] 94%|| 18722/20000 [6:51:15<28:26,  1.33s/it] 94%|| 18733/20000 [6:51:30<28:11,  1.33s/it] 94%|| 18794/20000 [6:52:56<27:13,  1.35s/it] 94%|| 18803/20000 [6:53:10<27:01,  1.35s/it] 94%|| 18865/20000 [6:54:36<25:56,  1.37s/it] 94%|| 18875/20000 [6:54:50<25:42,  1.37s/it] 95%|| 18935/20000 [6:56:16<24:40,  1.39s/it] 95%|| 18943/20000 [6:56:30<24:29,  1.39s/it] 95%|| 19003/20000 [6:57:57<23:32,  1.42s/it] 95%|| 19011/20000 [6:58:10<23:21,  1.42s/it] 95%|| 19071/20000 [6:59:39<22:16,  1.44s/it] 95%|| 19078/20000 [6:59:50<22:06,  1.44s/it] 96%|| 19141/20000 [7:01:19<20:33,  1.44s/it] 96%|| 19148/20000 [7:01:30<20:23,  1.44s/it] 96%|| 19210/20000 [7:03:00<19:00,  1.44s/it] 96%|| 19216/20000 [7:03:10<18:51,  1.44s/it] 96%|| 19275/20000 [7:04:41<17:49,  1.47s/it] 96%|| 19287/20000 [7:05:00<17:31,  1.47s/it] 97%|| 19339/20000 [7:06:21<16:33,  1.50s/it] 97%|| 19350/20000 [7:06:40<16:17,  1.50s/it] 97%|| 19406/20000 [7:08:02<14:53,  1.50s/it] 97%|| 19417/20000 [7:08:20<14:36,  1.50s/it] 97%|| 19477/20000 [7:09:43<12:53,  1.48s/it] 97%|| 19487/20000 [7:10:00<12:38,  1.48s/it] 98%|| 19547/20000 [7:11:24<11:03,  1.47s/it] 98%|| 19560/20000 [7:11:40<10:44,  1.47s/it] 98%|| 19628/20000 [7:13:04<08:37,  1.39s/it] 98%|| 19640/20000 [7:13:20<08:20,  1.39s/it] 99%|| 19715/20000 [7:14:45<06:14,  1.31s/it] 99%|| 19729/20000 [7:15:00<05:55,  1.31s/it] 99%|| 19798/20000 [7:16:26<04:18,  1.28s/it] 99%|| 19809/20000 [7:16:40<04:04,  1.28s/it] 99%|| 19884/20000 [7:18:07<02:24,  1.25s/it] 99%|| 19897/20000 [7:18:20<02:08,  1.25s/it]100%|| 19983/20000 [7:19:47<00:19,  1.17s/it]100%|| 19996/20000 [7:20:00<00:04,  1.17s/it]100%|| 20000/20000 [7:20:04<00:00,  1.32s/it]

Analysis complete. Found 1 cluster(s) meeting the MCMC criterion.
Accepted cluster indices: [1]

--- Processing Final Results for Cluster 1 ---
--- MCMC Parameter Constraints for Cluster 1 ---
  x_src = 206.200 +0.356 / -0.187
  y_src = 193.591 +0.065 / -0.052
    z_s = 2.106 +0.111 / -0.091
Saving localization results for Cluster 1...
Processing results for Cluster 1...
-> Saved 340000 samples to /users/hiu-yeung.cheng/clusterlensing/out/row17/test_tidy_row17/cluster_1_posterior.npz
Updated CSV row 17 with result for cluster 1.
Loading data from /users/hiu-yeung.cheng/clusterlensing/out/row17/test_tidy_row17/cluster_1_posterior.npz...

Generating corner plot...
-> Corner plot saved to /users/hiu-yeung.cheng/clusterlensing/out/row17/test_tidy_row17/cluster_1_corner_from_saved.png

Generating trace plot...
-> Trace plot saved to /users/hiu-yeung.cheng/clusterlensing/out/row17/test_tidy_row17/cluster_1_trace.png
