Row=13 OUT_DIR=/users/hiu-yeung.cheng/clusterlensing/out/row13 DE_PROCS=16 MCMC_PROCS=16
Setup complete. Lensing system initialized.
True time delays: [    0.          2994.3059309   5379.3129506   8453.37889132
 12052.18503297]
True luminosity distances: 14779.482152627432
Lensed luminosity distances: [3.36333995e+03 2.45641528e+03 2.97375624e+03 1.24876180e+04
 1.38377262e+07]

Running the full analysis pipeline...
--- Running DE for Cluster 0 ---
[DE] Process Pool with 16 procs (init=latinhypercube, popsize=50)
differential_evolution step 1: f(x)= 3000.0
differential_evolution step 2: f(x)= 3000.0
differential_evolution step 3: f(x)= 3000.0
differential_evolution step 4: f(x)= 3000.0
differential_evolution step 5: f(x)= 3000.0
differential_evolution step 6: f(x)= 3000.0
differential_evolution step 7: f(x)= 3000.0
differential_evolution step 8: f(x)= 3000.0
differential_evolution step 9: f(x)= 2459.0798868821007
differential_evolution step 10: f(x)= 2047.665159065818
differential_evolution step 11: f(x)= 2047.665159065818
differential_evolution step 12: f(x)= 2047.665159065818
differential_evolution step 13: f(x)= 2047.665159065818
differential_evolution step 14: f(x)= 2047.665159065818
differential_evolution step 15: f(x)= 2047.665159065818
differential_evolution step 16: f(x)= 2047.665159065818
differential_evolution step 17: f(x)= 2047.665159065818
differential_evolution step 18: f(x)= 2047.665159065818
differential_evolution step 19: f(x)= 1184.9421022422844
differential_evolution step 20: f(x)= 1184.9421022422844
differential_evolution step 21: f(x)= 1184.9421022422844
differential_evolution step 22: f(x)= 1184.9421022422844
differential_evolution step 23: f(x)= 1184.9421022422844
differential_evolution step 24: f(x)= 1184.9421022422844
differential_evolution step 25: f(x)= 1184.9421022422844
differential_evolution step 26: f(x)= 1184.9421022422844
differential_evolution step 27: f(x)= 1184.9421022422844
differential_evolution step 28: f(x)= 1184.9421022422844
differential_evolution step 29: f(x)= 1184.9421022422844
differential_evolution step 30: f(x)= 1184.9421022422844
differential_evolution step 31: f(x)= 1184.9421022422844
differential_evolution step 32: f(x)= 1184.9421022422844
differential_evolution step 33: f(x)= 1184.9421022422844
differential_evolution step 34: f(x)= 1184.9421022422844
differential_evolution step 35: f(x)= 1184.9421022422844
differential_evolution step 36: f(x)= 1142.289974632388
differential_evolution step 37: f(x)= 1142.289974632388
differential_evolution step 38: f(x)= 1142.289974632388
differential_evolution step 39: f(x)= 1059.0951330093028
differential_evolution step 40: f(x)= 1059.0951330093028
differential_evolution step 41: f(x)= 1059.0951330093028
differential_evolution step 42: f(x)= 1002.2194336485193
differential_evolution step 43: f(x)= 1002.2194336485193
differential_evolution step 44: f(x)= 1002.2194336485193
differential_evolution step 45: f(x)= 1002.2194336485193
differential_evolution step 46: f(x)= 1002.2194336485193
differential_evolution step 47: f(x)= 1002.2194336485193
differential_evolution step 48: f(x)= 1002.2194336485193
differential_evolution step 49: f(x)= 956.2900955876014
differential_evolution step 50: f(x)= 956.2900955876014
differential_evolution step 51: f(x)= 956.2900955876014
differential_evolution step 52: f(x)= 956.2900955876014
differential_evolution step 53: f(x)= 956.2900955876014
differential_evolution step 54: f(x)= 956.2900955876014
differential_evolution step 55: f(x)= 956.2900955876014
differential_evolution step 56: f(x)= 956.2900955876014
differential_evolution step 57: f(x)= 956.2900955876014
differential_evolution step 58: f(x)= 830.0169477900944
differential_evolution step 59: f(x)= 830.0169477900944
differential_evolution step 60: f(x)= 830.0169477900944
differential_evolution step 61: f(x)= 830.0169477900944
differential_evolution step 62: f(x)= 830.0169477900944
differential_evolution step 63: f(x)= 830.0169477900944
differential_evolution step 64: f(x)= 815.9042289064765
differential_evolution step 65: f(x)= 815.9042289064765
differential_evolution step 66: f(x)= 815.9042289064765
differential_evolution step 67: f(x)= 815.9042289064765
differential_evolution step 68: f(x)= 815.9042289064765
differential_evolution step 69: f(x)= 815.9042289064765
differential_evolution step 70: f(x)= 815.9042289064765
differential_evolution step 71: f(x)= 815.9042289064765
differential_evolution step 72: f(x)= 815.9042289064765
differential_evolution step 73: f(x)= 815.9042289064765
differential_evolution step 74: f(x)= 815.9042289064765
differential_evolution step 75: f(x)= 815.9042289064765
differential_evolution step 76: f(x)= 795.7493361384404
differential_evolution step 77: f(x)= 795.7493361384404
differential_evolution step 78: f(x)= 795.7493361384404
differential_evolution step 79: f(x)= 786.5531749997227
differential_evolution step 80: f(x)= 786.5531749997227
differential_evolution step 81: f(x)= 786.5531749997227
differential_evolution step 82: f(x)= 786.5531749997227
differential_evolution step 83: f(x)= 786.5531749997227
differential_evolution step 84: f(x)= 786.5531749997227
differential_evolution step 85: f(x)= 786.5531749997227
differential_evolution step 86: f(x)= 774.5248604359824
differential_evolution step 87: f(x)= 774.5248604359824
differential_evolution step 88: f(x)= 774.5248604359824
differential_evolution step 89: f(x)= 774.5248604359824
differential_evolution step 90: f(x)= 774.5248604359824
differential_evolution step 91: f(x)= 741.8251031933675
differential_evolution step 92: f(x)= 741.8251031933675
differential_evolution step 93: f(x)= 741.8251031933675
differential_evolution step 94: f(x)= 741.8251031933675
differential_evolution step 95: f(x)= 741.8251031933675
differential_evolution step 96: f(x)= 741.8251031933675
differential_evolution step 97: f(x)= 737.8215912632811
differential_evolution step 98: f(x)= 737.8215912632811
differential_evolution step 99: f(x)= 737.8215912632811
differential_evolution step 100: f(x)= 728.6650325894173
differential_evolution step 101: f(x)= 726.2138177298848
differential_evolution step 102: f(x)= 722.1136934617417
differential_evolution step 103: f(x)= 722.1136934617417
differential_evolution step 104: f(x)= 718.7304090751428
differential_evolution step 105: f(x)= 718.7304090751428
differential_evolution step 106: f(x)= 718.7304090751428
differential_evolution step 107: f(x)= 718.7304090751428
differential_evolution step 108: f(x)= 718.7304090751428
differential_evolution step 109: f(x)= 718.7304090751428
differential_evolution step 110: f(x)= 718.7304090751428
differential_evolution step 111: f(x)= 718.7304090751428
differential_evolution step 112: f(x)= 718.7304090751428
differential_evolution step 113: f(x)= 718.7304090751428
differential_evolution step 114: f(x)= 715.0719663312309
differential_evolution step 115: f(x)= 715.0719663312309
differential_evolution step 116: f(x)= 715.0719663312309
differential_evolution step 117: f(x)= 715.0719663312309
differential_evolution step 118: f(x)= 715.0719663312309
differential_evolution step 119: f(x)= 715.0719663312309
differential_evolution step 120: f(x)= 715.0719663312309
differential_evolution step 121: f(x)= 714.282828598923
differential_evolution step 122: f(x)= 714.282828598923
differential_evolution step 123: f(x)= 714.282828598923
differential_evolution step 124: f(x)= 714.282828598923
differential_evolution step 125: f(x)= 714.282828598923
differential_evolution step 126: f(x)= 714.282828598923
differential_evolution step 127: f(x)= 714.0410467812185
differential_evolution step 128: f(x)= 714.0410467812185
differential_evolution step 129: f(x)= 714.0410467812185
differential_evolution step 130: f(x)= 714.0410467812185
differential_evolution step 131: f(x)= 714.0410467812185
differential_evolution step 132: f(x)= 714.0410467812185
differential_evolution step 133: f(x)= 714.0410467812185
differential_evolution step 134: f(x)= 714.0410467812185
differential_evolution step 135: f(x)= 714.0410467812185
differential_evolution step 136: f(x)= 714.0410467812185
differential_evolution step 137: f(x)= 714.0410467812185
differential_evolution step 138: f(x)= 713.8914950277612
differential_evolution step 139: f(x)= 713.8914950277612
differential_evolution step 140: f(x)= 713.8914950277612
differential_evolution step 141: f(x)= 713.8914950277612
differential_evolution step 142: f(x)= 713.8914950277612
differential_evolution step 143: f(x)= 713.8059476267533
differential_evolution step 144: f(x)= 713.5072339940936
differential_evolution step 145: f(x)= 713.5072339940936
differential_evolution step 146: f(x)= 713.5072339940936
differential_evolution step 147: f(x)= 713.5072339940936
differential_evolution step 148: f(x)= 713.5072339940936
differential_evolution step 149: f(x)= 713.5072339940936
differential_evolution step 150: f(x)= 713.5072339940936
differential_evolution step 151: f(x)= 712.6769713908094
differential_evolution step 152: f(x)= 712.6769713908094
differential_evolution step 153: f(x)= 712.6769713908094
differential_evolution step 154: f(x)= 712.6769713908094
differential_evolution step 155: f(x)= 712.6769713908094
differential_evolution step 156: f(x)= 712.6769713908094
differential_evolution step 157: f(x)= 712.6769713908094
differential_evolution step 158: f(x)= 712.6769713908094
differential_evolution step 159: f(x)= 712.6769713908094
differential_evolution step 160: f(x)= 712.6769713908094
differential_evolution step 161: f(x)= 712.6769713908094
differential_evolution step 162: f(x)= 712.6769713908094
differential_evolution step 163: f(x)= 712.6769713908094
differential_evolution step 164: f(x)= 712.6769713908094
differential_evolution step 165: f(x)= 712.6769713908094
differential_evolution step 166: f(x)= 712.6769713908094
differential_evolution step 167: f(x)= 712.6769713908094
differential_evolution step 168: f(x)= 712.6769713908094
differential_evolution step 169: f(x)= 712.6769713908094
differential_evolution step 170: f(x)= 712.6769713908094
differential_evolution step 171: f(x)= 712.6769713908094
differential_evolution step 172: f(x)= 712.6769713908094
differential_evolution step 173: f(x)= 712.6769713908094
differential_evolution step 174: f(x)= 712.6769713908094
differential_evolution step 175: f(x)= 712.6769713908094
differential_evolution step 176: f(x)= 712.6769713908094
differential_evolution step 177: f(x)= 712.6769713908094
differential_evolution step 178: f(x)= 712.6769713908094
differential_evolution step 179: f(x)= 712.6769713908094
differential_evolution step 180: f(x)= 712.6769713908094
differential_evolution step 181: f(x)= 712.6769713908094
differential_evolution step 182: f(x)= 712.6769713908094
differential_evolution step 183: f(x)= 712.6769713908094
differential_evolution step 184: f(x)= 712.6769713908094
differential_evolution step 185: f(x)= 712.6769713908094
differential_evolution step 186: f(x)= 712.6769713908094
differential_evolution step 187: f(x)= 712.6692091099396
differential_evolution step 188: f(x)= 712.6692091099396
differential_evolution step 189: f(x)= 712.6692091099396
differential_evolution step 190: f(x)= 712.6692091099396
differential_evolution step 191: f(x)= 712.6692091099396
differential_evolution step 192: f(x)= 712.6692091099396
differential_evolution step 193: f(x)= 712.6692091099396
differential_evolution step 194: f(x)= 712.6692091099396
differential_evolution step 195: f(x)= 712.6692091099396
differential_evolution step 196: f(x)= 712.6692091099396
differential_evolution step 197: f(x)= 712.6692091099396
differential_evolution step 198: f(x)= 712.6692091099396
differential_evolution step 199: f(x)= 712.6692091099396
differential_evolution step 200: f(x)= 712.6692091099396
Cluster 0 DE best chi^2: 712.669 with params {'x_src': np.float64(76.88985035617794), 'y_src': np.float64(80.82546748109196), 'z_s': np.float64(1.7172362516099926)}
--- Running DE for Cluster 1 ---
[DE] Process Pool with 16 procs (init=latinhypercube, popsize=50)
differential_evolution step 1: f(x)= 3000.0
differential_evolution step 2: f(x)= 3000.0
differential_evolution step 3: f(x)= 130.42538508466552
differential_evolution step 4: f(x)= 130.42538508466552
differential_evolution step 5: f(x)= 41.80074855227807
differential_evolution step 6: f(x)= 41.80074855227807
differential_evolution step 7: f(x)= 41.80074855227807
differential_evolution step 8: f(x)= 41.80074855227807
differential_evolution step 9: f(x)= 41.80074855227807
differential_evolution step 10: f(x)= 41.80074855227807
differential_evolution step 11: f(x)= 41.80074855227807
differential_evolution step 12: f(x)= 41.80074855227807
differential_evolution step 13: f(x)= 41.80074855227807
differential_evolution step 14: f(x)= 41.80074855227807
differential_evolution step 15: f(x)= 41.80074855227807
differential_evolution step 16: f(x)= 41.80074855227807
differential_evolution step 17: f(x)= 41.80074855227807
differential_evolution step 18: f(x)= 41.80074855227807
differential_evolution step 19: f(x)= 41.80074855227807
differential_evolution step 20: f(x)= 39.609411542215454
differential_evolution step 21: f(x)= 39.609411542215454
differential_evolution step 22: f(x)= 29.462760408031116
differential_evolution step 23: f(x)= 29.462760408031116
differential_evolution step 24: f(x)= 29.462760408031116
differential_evolution step 25: f(x)= 17.974416821303162
differential_evolution step 26: f(x)= 17.974416821303162
differential_evolution step 27: f(x)= 17.974416821303162
differential_evolution step 28: f(x)= 8.503543078021348
differential_evolution step 29: f(x)= 8.503543078021348
differential_evolution step 30: f(x)= 8.503543078021348
differential_evolution step 31: f(x)= 7.009354762007399
differential_evolution step 32: f(x)= 7.009354762007399
differential_evolution step 33: f(x)= 7.009354762007399
differential_evolution step 34: f(x)= 1.4060406352766233
differential_evolution step 35: f(x)= 1.4060406352766233
differential_evolution step 36: f(x)= 1.4060406352766233
differential_evolution step 37: f(x)= 1.4060406352766233
differential_evolution step 38: f(x)= 1.4060406352766233
differential_evolution step 39: f(x)= 1.4060406352766233
differential_evolution step 40: f(x)= 1.4060406352766233
differential_evolution step 41: f(x)= 1.4060406352766233
differential_evolution step 42: f(x)= 1.4060406352766233
differential_evolution step 43: f(x)= 1.0303468138797802
differential_evolution step 44: f(x)= 1.0303468138797802
differential_evolution step 45: f(x)= 1.0303468138797802
differential_evolution step 46: f(x)= 1.0062690533487708
differential_evolution step 47: f(x)= 1.0062690533487708
differential_evolution step 48: f(x)= 0.8636858985852593
differential_evolution step 49: f(x)= 0.8636858985852593
differential_evolution step 50: f(x)= 0.26466977459334995
differential_evolution step 51: f(x)= 0.21531787275483788
differential_evolution step 52: f(x)= 0.14184253573980743
differential_evolution step 53: f(x)= 0.14184253573980743
differential_evolution step 54: f(x)= 0.14184253573980743
differential_evolution step 55: f(x)= 0.003794599886222085
Cluster 1 DE best chi^2: 0.004 with params {'x_src': np.float64(207.69085100785145), 'y_src': np.float64(193.0547690564801), 'z_s': np.float64(1.9186942207163789)}
--- Running DE for Cluster 2 ---
[DE] Process Pool with 16 procs (init=latinhypercube, popsize=50)
differential_evolution step 1: f(x)= 997.7422648780458
differential_evolution step 2: f(x)= 997.7422648780458
differential_evolution step 3: f(x)= 997.7422648780458
differential_evolution step 4: f(x)= 997.7422648780458
differential_evolution step 5: f(x)= 997.7422648780458
differential_evolution step 6: f(x)= 997.7422648780458
differential_evolution step 7: f(x)= 997.7422648780458
differential_evolution step 8: f(x)= 997.7422648780458
differential_evolution step 9: f(x)= 997.7422648780458
differential_evolution step 10: f(x)= 997.7422648780458
differential_evolution step 11: f(x)= 997.7422648780458
differential_evolution step 12: f(x)= 997.7422648780458
differential_evolution step 13: f(x)= 997.7422648780458
differential_evolution step 14: f(x)= 997.7422648780458
differential_evolution step 15: f(x)= 779.9288799209014
differential_evolution step 16: f(x)= 779.9288799209014
differential_evolution step 17: f(x)= 779.9288799209014
differential_evolution step 18: f(x)= 779.9288799209014
differential_evolution step 19: f(x)= 779.9288799209014
differential_evolution step 20: f(x)= 779.9288799209014
differential_evolution step 21: f(x)= 779.9288799209014
differential_evolution step 22: f(x)= 779.9288799209014
differential_evolution step 23: f(x)= 779.9288799209014
differential_evolution step 24: f(x)= 779.9288799209014
differential_evolution step 25: f(x)= 779.9288799209014
differential_evolution step 26: f(x)= 779.9288799209014
differential_evolution step 27: f(x)= 634.4423677866755
differential_evolution step 28: f(x)= 634.4423677866755
differential_evolution step 29: f(x)= 634.4423677866755
differential_evolution step 30: f(x)= 599.6110794220872
differential_evolution step 31: f(x)= 599.6110794220872
differential_evolution step 32: f(x)= 599.6110794220872
differential_evolution step 33: f(x)= 599.6110794220872
differential_evolution step 34: f(x)= 599.6110794220872
differential_evolution step 35: f(x)= 599.6110794220872
differential_evolution step 36: f(x)= 599.6110794220872
differential_evolution step 37: f(x)= 599.6110794220872
differential_evolution step 38: f(x)= 599.6110794220872
differential_evolution step 39: f(x)= 599.6110794220872
differential_evolution step 40: f(x)= 599.6110794220872
differential_evolution step 41: f(x)= 599.6110794220872
differential_evolution step 42: f(x)= 599.6110794220872
differential_evolution step 43: f(x)= 599.6110794220872
differential_evolution step 44: f(x)= 445.994127025692
differential_evolution step 45: f(x)= 445.994127025692
differential_evolution step 46: f(x)= 445.994127025692
differential_evolution step 47: f(x)= 445.994127025692
differential_evolution step 48: f(x)= 445.994127025692
differential_evolution step 49: f(x)= 445.994127025692
differential_evolution step 50: f(x)= 445.994127025692
differential_evolution step 51: f(x)= 445.994127025692
differential_evolution step 52: f(x)= 445.994127025692
differential_evolution step 53: f(x)= 445.994127025692
differential_evolution step 54: f(x)= 445.994127025692
differential_evolution step 55: f(x)= 445.994127025692
differential_evolution step 56: f(x)= 445.994127025692
differential_evolution step 57: f(x)= 445.994127025692
differential_evolution step 58: f(x)= 445.994127025692
differential_evolution step 59: f(x)= 445.994127025692
differential_evolution step 60: f(x)= 445.994127025692
differential_evolution step 61: f(x)= 442.46552087546104
differential_evolution step 62: f(x)= 442.46552087546104
differential_evolution step 63: f(x)= 442.46552087546104
differential_evolution step 64: f(x)= 442.46552087546104
differential_evolution step 65: f(x)= 442.46552087546104
differential_evolution step 66: f(x)= 442.46552087546104
differential_evolution step 67: f(x)= 442.46552087546104
differential_evolution step 68: f(x)= 442.46552087546104
differential_evolution step 69: f(x)= 442.46552087546104
differential_evolution step 70: f(x)= 442.46552087546104
differential_evolution step 71: f(x)= 442.46552087546104
differential_evolution step 72: f(x)= 442.46552087546104
differential_evolution step 73: f(x)= 442.46552087546104
differential_evolution step 74: f(x)= 442.46552087546104
differential_evolution step 75: f(x)= 442.46552087546104
differential_evolution step 76: f(x)= 442.46552087546104
differential_evolution step 77: f(x)= 442.46552087546104
differential_evolution step 78: f(x)= 442.46552087546104
differential_evolution step 79: f(x)= 442.46552087546104
differential_evolution step 80: f(x)= 442.46552087546104
differential_evolution step 81: f(x)= 399.4625603420783
differential_evolution step 82: f(x)= 399.4625603420783
differential_evolution step 83: f(x)= 399.4625603420783
differential_evolution step 84: f(x)= 399.4625603420783
differential_evolution step 85: f(x)= 399.4625603420783
differential_evolution step 86: f(x)= 399.4625603420783
differential_evolution step 87: f(x)= 399.4625603420783
differential_evolution step 88: f(x)= 399.4625603420783
differential_evolution step 89: f(x)= 399.4625603420783
differential_evolution step 90: f(x)= 399.4625603420783
differential_evolution step 91: f(x)= 399.4625603420783
differential_evolution step 92: f(x)= 399.4625603420783
differential_evolution step 93: f(x)= 399.4625603420783
differential_evolution step 94: f(x)= 399.4625603420783
differential_evolution step 95: f(x)= 399.4625603420783
differential_evolution step 96: f(x)= 399.4625603420783
differential_evolution step 97: f(x)= 399.4625603420783
differential_evolution step 98: f(x)= 399.4625603420783
differential_evolution step 99: f(x)= 399.4625603420783
differential_evolution step 100: f(x)= 399.4625603420783
differential_evolution step 101: f(x)= 399.4625603420783
differential_evolution step 102: f(x)= 399.4625603420783
differential_evolution step 103: f(x)= 399.4625603420783
differential_evolution step 104: f(x)= 399.4625603420783
differential_evolution step 105: f(x)= 399.4625603420783
differential_evolution step 106: f(x)= 399.4625603420783
differential_evolution step 107: f(x)= 399.4625603420783
differential_evolution step 108: f(x)= 399.4625603420783
differential_evolution step 109: f(x)= 399.4625603420783
differential_evolution step 110: f(x)= 399.4625603420783
differential_evolution step 111: f(x)= 399.4625603420783
differential_evolution step 112: f(x)= 399.4625603420783
differential_evolution step 113: f(x)= 399.4625603420783
differential_evolution step 114: f(x)= 399.4625603420783
differential_evolution step 115: f(x)= 399.4625603420783
differential_evolution step 116: f(x)= 399.4625603420783
differential_evolution step 117: f(x)= 399.4625603420783
differential_evolution step 118: f(x)= 399.4625603420783
differential_evolution step 119: f(x)= 399.4625603420783
differential_evolution step 120: f(x)= 399.4625603420783
differential_evolution step 121: f(x)= 399.4625603420783
differential_evolution step 122: f(x)= 399.4625603420783
differential_evolution step 123: f(x)= 399.4625603420783
differential_evolution step 124: f(x)= 399.4625603420783
differential_evolution step 125: f(x)= 399.4625603420783
differential_evolution step 126: f(x)= 399.4625603420783
differential_evolution step 127: f(x)= 399.4625603420783
differential_evolution step 128: f(x)= 399.4625603420783
differential_evolution step 129: f(x)= 399.4625603420783
differential_evolution step 130: f(x)= 399.4625603420783
differential_evolution step 131: f(x)= 399.4625603420783
differential_evolution step 132: f(x)= 399.4625603420783
differential_evolution step 133: f(x)= 399.4625603420783
differential_evolution step 134: f(x)= 399.4625603420783
differential_evolution step 135: f(x)= 399.4625603420783
differential_evolution step 136: f(x)= 399.4625603420783
differential_evolution step 137: f(x)= 399.4625603420783
differential_evolution step 138: f(x)= 399.4625603420783
differential_evolution step 139: f(x)= 399.4625603420783
differential_evolution step 140: f(x)= 399.4625603420783
differential_evolution step 141: f(x)= 399.4625603420783
differential_evolution step 142: f(x)= 399.4625603420783
differential_evolution step 143: f(x)= 399.4625603420783
differential_evolution step 144: f(x)= 399.4625603420783
differential_evolution step 145: f(x)= 399.4625603420783
differential_evolution step 146: f(x)= 399.4625603420783
differential_evolution step 147: f(x)= 399.4625603420783
differential_evolution step 148: f(x)= 399.4625603420783
differential_evolution step 149: f(x)= 399.4625603420783
differential_evolution step 150: f(x)= 399.4625603420783
differential_evolution step 151: f(x)= 399.4625603420783
differential_evolution step 152: f(x)= 399.4625603420783
differential_evolution step 153: f(x)= 399.4625603420783
differential_evolution step 154: f(x)= 399.4625603420783
differential_evolution step 155: f(x)= 399.4625603420783
differential_evolution step 156: f(x)= 399.4625603420783
differential_evolution step 157: f(x)= 399.4625603420783
differential_evolution step 158: f(x)= 399.4625603420783
differential_evolution step 159: f(x)= 399.4625603420783
differential_evolution step 160: f(x)= 399.4625603420783
differential_evolution step 161: f(x)= 399.4625603420783
differential_evolution step 162: f(x)= 399.4625603420783
differential_evolution step 163: f(x)= 398.82949946467414
differential_evolution step 164: f(x)= 398.82949946467414
differential_evolution step 165: f(x)= 398.82949946467414
differential_evolution step 166: f(x)= 398.82949946467414
differential_evolution step 167: f(x)= 398.82949946467414
differential_evolution step 168: f(x)= 398.82949946467414
differential_evolution step 169: f(x)= 398.7408912120622
differential_evolution step 170: f(x)= 398.7408912120622
differential_evolution step 171: f(x)= 398.56474768860744
differential_evolution step 172: f(x)= 398.56474768860744
differential_evolution step 173: f(x)= 398.56474768860744
differential_evolution step 174: f(x)= 398.56474768860744
differential_evolution step 175: f(x)= 398.56474768860744
differential_evolution step 176: f(x)= 398.56474768860744
differential_evolution step 177: f(x)= 398.56474768860744
differential_evolution step 178: f(x)= 398.1986637872777
differential_evolution step 179: f(x)= 398.1986637872777
differential_evolution step 180: f(x)= 398.1986637872777
differential_evolution step 181: f(x)= 398.1986637872777
differential_evolution step 182: f(x)= 398.1986637872777
differential_evolution step 183: f(x)= 398.1986637872777
differential_evolution step 184: f(x)= 398.1986637872777
differential_evolution step 185: f(x)= 398.1986637872777
differential_evolution step 186: f(x)= 398.1986637872777
differential_evolution step 187: f(x)= 398.1986637872777
differential_evolution step 188: f(x)= 398.1986637872777
differential_evolution step 189: f(x)= 398.1986637872777
differential_evolution step 190: f(x)= 398.1986637872777
differential_evolution step 191: f(x)= 398.1986637872777
differential_evolution step 192: f(x)= 398.1986637872777
differential_evolution step 193: f(x)= 398.1986637872777
differential_evolution step 194: f(x)= 398.1986637872777
differential_evolution step 195: f(x)= 398.1986637872777
differential_evolution step 196: f(x)= 398.1986637872777
differential_evolution step 197: f(x)= 398.1986637872777
differential_evolution step 198: f(x)= 398.1986637872777
differential_evolution step 199: f(x)= 398.1986637872777
differential_evolution step 200: f(x)= 398.1986637872777
Cluster 2 DE best chi^2: 398.199 with params {'x_src': np.float64(98.19422073004768), 'y_src': np.float64(102.61056629620809), 'z_s': np.float64(1.279714627157598)}
--- Running DE for Cluster 3 ---
[DE] Process Pool with 16 procs (init=latinhypercube, popsize=50)
differential_evolution step 1: f(x)= 4242.640687119286
differential_evolution step 2: f(x)= 3000.0
differential_evolution step 3: f(x)= 3000.0
differential_evolution step 4: f(x)= 3000.0
differential_evolution step 5: f(x)= 3000.0
differential_evolution step 6: f(x)= 3000.0
differential_evolution step 7: f(x)= 3000.0
differential_evolution step 8: f(x)= 3000.0
differential_evolution step 9: f(x)= 3000.0
differential_evolution step 10: f(x)= 3000.0
differential_evolution step 11: f(x)= 3000.0
differential_evolution step 12: f(x)= 3000.0
differential_evolution step 13: f(x)= 3000.0
differential_evolution step 14: f(x)= 3000.0
differential_evolution step 15: f(x)= 3000.0
differential_evolution step 16: f(x)= 3000.0
differential_evolution step 17: f(x)= 3000.0
differential_evolution step 18: f(x)= 3000.0
differential_evolution step 19: f(x)= 3000.0
differential_evolution step 20: f(x)= 3000.0
differential_evolution step 21: f(x)= 3000.0
differential_evolution step 22: f(x)= 3000.0
differential_evolution step 23: f(x)= 3000.0
differential_evolution step 24: f(x)= 3000.0
differential_evolution step 25: f(x)= 3000.0
differential_evolution step 26: f(x)= 3000.0
differential_evolution step 27: f(x)= 3000.0
differential_evolution step 28: f(x)= 3000.0
differential_evolution step 29: f(x)= 3000.0
differential_evolution step 30: f(x)= 3000.0
differential_evolution step 31: f(x)= 3000.0
differential_evolution step 32: f(x)= 3000.0
differential_evolution step 33: f(x)= 3000.0
differential_evolution step 34: f(x)= 3000.0
differential_evolution step 35: f(x)= 3000.0
differential_evolution step 36: f(x)= 3000.0
differential_evolution step 37: f(x)= 3000.0
differential_evolution step 38: f(x)= 3000.0
differential_evolution step 39: f(x)= 3000.0
differential_evolution step 40: f(x)= 3000.0
differential_evolution step 41: f(x)= 3000.0
differential_evolution step 42: f(x)= 3000.0
differential_evolution step 43: f(x)= 3000.0
differential_evolution step 44: f(x)= 3000.0
differential_evolution step 45: f(x)= 3000.0
differential_evolution step 46: f(x)= 3000.0
differential_evolution step 47: f(x)= 3000.0
differential_evolution step 48: f(x)= 3000.0
differential_evolution step 49: f(x)= 3000.0
differential_evolution step 50: f(x)= 3000.0
differential_evolution step 51: f(x)= 3000.0
differential_evolution step 52: f(x)= 3000.0
differential_evolution step 53: f(x)= 3000.0
differential_evolution step 54: f(x)= 3000.0
differential_evolution step 55: f(x)= 3000.0
differential_evolution step 56: f(x)= 3000.0
differential_evolution step 57: f(x)= 3000.0
differential_evolution step 58: f(x)= 3000.0
differential_evolution step 59: f(x)= 3000.0
differential_evolution step 60: f(x)= 3000.0
differential_evolution step 61: f(x)= 3000.0
differential_evolution step 62: f(x)= 3000.0
differential_evolution step 63: f(x)= 3000.0
differential_evolution step 64: f(x)= 3000.0
differential_evolution step 65: f(x)= 3000.0
differential_evolution step 66: f(x)= 3000.0
differential_evolution step 67: f(x)= 3000.0
differential_evolution step 68: f(x)= 3000.0
differential_evolution step 69: f(x)= 3000.0
differential_evolution step 70: f(x)= 3000.0
differential_evolution step 71: f(x)= 3000.0
differential_evolution step 72: f(x)= 3000.0
differential_evolution step 73: f(x)= 3000.0
differential_evolution step 74: f(x)= 3000.0
differential_evolution step 75: f(x)= 3000.0
differential_evolution step 76: f(x)= 3000.0
differential_evolution step 77: f(x)= 3000.0
differential_evolution step 78: f(x)= 3000.0
differential_evolution step 79: f(x)= 3000.0
differential_evolution step 80: f(x)= 3000.0
differential_evolution step 81: f(x)= 3000.0
differential_evolution step 82: f(x)= 3000.0
differential_evolution step 83: f(x)= 3000.0
differential_evolution step 84: f(x)= 3000.0
differential_evolution step 85: f(x)= 3000.0
differential_evolution step 86: f(x)= 3000.0
differential_evolution step 87: f(x)= 3000.0
differential_evolution step 88: f(x)= 3000.0
differential_evolution step 89: f(x)= 3000.0
differential_evolution step 90: f(x)= 3000.0
differential_evolution step 91: f(x)= 3000.0
differential_evolution step 92: f(x)= 3000.0
differential_evolution step 93: f(x)= 3000.0
differential_evolution step 94: f(x)= 3000.0
differential_evolution step 95: f(x)= 3000.0
differential_evolution step 96: f(x)= 3000.0
differential_evolution step 97: f(x)= 3000.0
differential_evolution step 98: f(x)= 3000.0
differential_evolution step 99: f(x)= 3000.0
differential_evolution step 100: f(x)= 3000.0
differential_evolution step 101: f(x)= 3000.0
differential_evolution step 102: f(x)= 3000.0
differential_evolution step 103: f(x)= 3000.0
differential_evolution step 104: f(x)= 3000.0
differential_evolution step 105: f(x)= 3000.0
differential_evolution step 106: f(x)= 3000.0
differential_evolution step 107: f(x)= 3000.0
differential_evolution step 108: f(x)= 3000.0
differential_evolution step 109: f(x)= 3000.0
differential_evolution step 110: f(x)= 3000.0
differential_evolution step 111: f(x)= 3000.0
differential_evolution step 112: f(x)= 3000.0
differential_evolution step 113: f(x)= 3000.0
differential_evolution step 114: f(x)= 3000.0
differential_evolution step 115: f(x)= 3000.0
differential_evolution step 116: f(x)= 3000.0
differential_evolution step 117: f(x)= 3000.0
differential_evolution step 118: f(x)= 3000.0
differential_evolution step 119: f(x)= 3000.0
differential_evolution step 120: f(x)= 3000.0
differential_evolution step 121: f(x)= 3000.0
differential_evolution step 122: f(x)= 3000.0
differential_evolution step 123: f(x)= 3000.0
differential_evolution step 124: f(x)= 3000.0
differential_evolution step 125: f(x)= 3000.0
differential_evolution step 126: f(x)= 3000.0
differential_evolution step 127: f(x)= 3000.0
differential_evolution step 128: f(x)= 3000.0
differential_evolution step 129: f(x)= 3000.0
differential_evolution step 130: f(x)= 3000.0
differential_evolution step 131: f(x)= 3000.0
differential_evolution step 132: f(x)= 3000.0
differential_evolution step 133: f(x)= 3000.0
differential_evolution step 134: f(x)= 3000.0
Cluster 3 DE best chi^2: 3000.000 with params {'x_src': np.float64(115.11948565163627), 'y_src': np.float64(119.98144993302769), 'z_s': np.float64(2.6922894003945186)}
--- Running DE for Cluster 4 ---
[DE] Process Pool with 16 procs (init=latinhypercube, popsize=50)
differential_evolution step 1: f(x)= 3000.0
differential_evolution step 2: f(x)= 3000.0
differential_evolution step 3: f(x)= 3000.0
differential_evolution step 4: f(x)= 3000.0
differential_evolution step 5: f(x)= 3000.0
differential_evolution step 6: f(x)= 3000.0
differential_evolution step 7: f(x)= 3000.0
differential_evolution step 8: f(x)= 3000.0
differential_evolution step 9: f(x)= 3000.0
differential_evolution step 10: f(x)= 3000.0
differential_evolution step 11: f(x)= 2960.2857748060596
differential_evolution step 12: f(x)= 2960.2857748060596
differential_evolution step 13: f(x)= 1594.9501526197985
differential_evolution step 14: f(x)= 1594.9501526197985
differential_evolution step 15: f(x)= 1594.9501526197985
differential_evolution step 16: f(x)= 1594.9501526197985
differential_evolution step 17: f(x)= 1594.9501526197985
differential_evolution step 18: f(x)= 1594.9501526197985
differential_evolution step 19: f(x)= 1594.9501526197985
differential_evolution step 20: f(x)= 1594.9501526197985
differential_evolution step 21: f(x)= 1594.9501526197985
differential_evolution step 22: f(x)= 1594.9501526197985
differential_evolution step 23: f(x)= 1568.6693230712867
differential_evolution step 24: f(x)= 1568.6693230712867
differential_evolution step 25: f(x)= 1568.6693230712867
differential_evolution step 26: f(x)= 1568.6693230712867
differential_evolution step 27: f(x)= 399.0363779239734
differential_evolution step 28: f(x)= 399.0363779239734
differential_evolution step 29: f(x)= 399.0363779239734
differential_evolution step 30: f(x)= 399.0363779239734
differential_evolution step 31: f(x)= 399.0363779239734
differential_evolution step 32: f(x)= 399.0363779239734
differential_evolution step 33: f(x)= 399.0363779239734
differential_evolution step 34: f(x)= 399.0363779239734
differential_evolution step 35: f(x)= 399.0363779239734
differential_evolution step 36: f(x)= 399.0363779239734
differential_evolution step 37: f(x)= 399.0363779239734
differential_evolution step 38: f(x)= 399.0363779239734
differential_evolution step 39: f(x)= 399.0363779239734
differential_evolution step 40: f(x)= 399.0363779239734
differential_evolution step 41: f(x)= 399.0363779239734
differential_evolution step 42: f(x)= 399.0363779239734
differential_evolution step 43: f(x)= 399.0363779239734
differential_evolution step 44: f(x)= 399.0363779239734
differential_evolution step 45: f(x)= 399.0363779239734
differential_evolution step 46: f(x)= 399.0363779239734
differential_evolution step 47: f(x)= 399.0363779239734
differential_evolution step 48: f(x)= 399.0363779239734
differential_evolution step 49: f(x)= 399.0363779239734
differential_evolution step 50: f(x)= 399.0363779239734
differential_evolution step 51: f(x)= 399.0363779239734
differential_evolution step 52: f(x)= 399.0363779239734
differential_evolution step 53: f(x)= 399.0363779239734
differential_evolution step 54: f(x)= 399.0363779239734
differential_evolution step 55: f(x)= 399.0363779239734
differential_evolution step 56: f(x)= 399.0363779239734
differential_evolution step 57: f(x)= 399.0363779239734
differential_evolution step 58: f(x)= 399.0363779239734
differential_evolution step 59: f(x)= 399.0363779239734
differential_evolution step 60: f(x)= 399.0363779239734
differential_evolution step 61: f(x)= 399.0363779239734
differential_evolution step 62: f(x)= 399.0363779239734
differential_evolution step 63: f(x)= 399.0363779239734
differential_evolution step 64: f(x)= 399.0363779239734
differential_evolution step 65: f(x)= 399.0363779239734
differential_evolution step 66: f(x)= 399.0363779239734
differential_evolution step 67: f(x)= 399.0363779239734
differential_evolution step 68: f(x)= 399.0363779239734
differential_evolution step 69: f(x)= 399.0363779239734
differential_evolution step 70: f(x)= 399.0363779239734
differential_evolution step 71: f(x)= 399.0363779239734
differential_evolution step 72: f(x)= 399.0363779239734
differential_evolution step 73: f(x)= 399.0363779239734
differential_evolution step 74: f(x)= 399.0363779239734
differential_evolution step 75: f(x)= 399.0363779239734
differential_evolution step 76: f(x)= 399.0363779239734
differential_evolution step 77: f(x)= 399.0363779239734
differential_evolution step 78: f(x)= 399.0363779239734
differential_evolution step 79: f(x)= 399.0363779239734
differential_evolution step 80: f(x)= 399.0363779239734
differential_evolution step 81: f(x)= 399.0363779239734
differential_evolution step 82: f(x)= 399.0363779239734
differential_evolution step 83: f(x)= 399.0363779239734
differential_evolution step 84: f(x)= 399.0363779239734
differential_evolution step 85: f(x)= 399.0363779239734
differential_evolution step 86: f(x)= 399.0363779239734
differential_evolution step 87: f(x)= 399.0363779239734
differential_evolution step 88: f(x)= 399.0363779239734
differential_evolution step 89: f(x)= 399.0363779239734
differential_evolution step 90: f(x)= 399.0363779239734
differential_evolution step 91: f(x)= 399.0363779239734
differential_evolution step 92: f(x)= 399.0363779239734
differential_evolution step 93: f(x)= 399.0363779239734
differential_evolution step 94: f(x)= 399.0363779239734
differential_evolution step 95: f(x)= 399.0363779239734
differential_evolution step 96: f(x)= 399.0363779239734
differential_evolution step 97: f(x)= 399.0363779239734
differential_evolution step 98: f(x)= 399.0363779239734
differential_evolution step 99: f(x)= 399.0363779239734
differential_evolution step 100: f(x)= 399.0363779239734
differential_evolution step 101: f(x)= 399.0363779239734
differential_evolution step 102: f(x)= 399.0363779239734
differential_evolution step 103: f(x)= 399.0363779239734
differential_evolution step 104: f(x)= 399.0363779239734
differential_evolution step 105: f(x)= 399.0363779239734
differential_evolution step 106: f(x)= 399.0363779239734
differential_evolution step 107: f(x)= 399.0363779239734
differential_evolution step 108: f(x)= 399.0363779239734
differential_evolution step 109: f(x)= 399.0363779239734
differential_evolution step 110: f(x)= 399.0363779239734
differential_evolution step 111: f(x)= 399.0363779239734
differential_evolution step 112: f(x)= 399.0363779239734
differential_evolution step 113: f(x)= 399.0363779239734
differential_evolution step 114: f(x)= 399.0363779239734
differential_evolution step 115: f(x)= 399.0363779239734
differential_evolution step 116: f(x)= 399.0363779239734
differential_evolution step 117: f(x)= 399.0363779239734
differential_evolution step 118: f(x)= 399.0363779239734
differential_evolution step 119: f(x)= 399.0363779239734
differential_evolution step 120: f(x)= 399.0363779239734
differential_evolution step 121: f(x)= 399.0363779239734
differential_evolution step 122: f(x)= 399.0363779239734
differential_evolution step 123: f(x)= 399.0363779239734
differential_evolution step 124: f(x)= 399.0363779239734
differential_evolution step 125: f(x)= 399.0363779239734
differential_evolution step 126: f(x)= 399.0363779239734
differential_evolution step 127: f(x)= 399.0363779239734
differential_evolution step 128: f(x)= 399.0363779239734
differential_evolution step 129: f(x)= 399.0363779239734
differential_evolution step 130: f(x)= 399.0363779239734
differential_evolution step 131: f(x)= 399.0363779239734
differential_evolution step 132: f(x)= 399.0363779239734
differential_evolution step 133: f(x)= 399.0363779239734
differential_evolution step 134: f(x)= 399.0363779239734
differential_evolution step 135: f(x)= 399.0363779239734
differential_evolution step 136: f(x)= 399.0363779239734
differential_evolution step 137: f(x)= 399.0363779239734
differential_evolution step 138: f(x)= 399.0363779239734
differential_evolution step 139: f(x)= 399.0363779239734
differential_evolution step 140: f(x)= 399.0363779239734
differential_evolution step 141: f(x)= 399.0363779239734
differential_evolution step 142: f(x)= 399.0363779239734
differential_evolution step 143: f(x)= 399.0363779239734
differential_evolution step 144: f(x)= 399.0363779239734
differential_evolution step 145: f(x)= 399.0363779239734
differential_evolution step 146: f(x)= 399.0363779239734
differential_evolution step 147: f(x)= 399.0363779239734
differential_evolution step 148: f(x)= 399.0363779239734
differential_evolution step 149: f(x)= 399.0363779239734
differential_evolution step 150: f(x)= 399.0363779239734
differential_evolution step 151: f(x)= 399.0363779239734
differential_evolution step 152: f(x)= 399.0363779239734
differential_evolution step 153: f(x)= 399.0363779239734
differential_evolution step 154: f(x)= 399.0363779239734
differential_evolution step 155: f(x)= 399.0363779239734
differential_evolution step 156: f(x)= 399.0363779239734
differential_evolution step 157: f(x)= 399.0363779239734
differential_evolution step 158: f(x)= 399.0363779239734
differential_evolution step 159: f(x)= 399.0363779239734
differential_evolution step 160: f(x)= 399.0363779239734
differential_evolution step 161: f(x)= 399.0363779239734
differential_evolution step 162: f(x)= 399.0363779239734
differential_evolution step 163: f(x)= 399.0363779239734
differential_evolution step 164: f(x)= 399.0363779239734
differential_evolution step 165: f(x)= 399.0363779239734
differential_evolution step 166: f(x)= 399.0363779239734
differential_evolution step 167: f(x)= 399.0363779239734
differential_evolution step 168: f(x)= 399.0363779239734
differential_evolution step 169: f(x)= 399.0363779239734
differential_evolution step 170: f(x)= 399.0363779239734
differential_evolution step 171: f(x)= 399.0363779239734
differential_evolution step 172: f(x)= 399.0363779239734
differential_evolution step 173: f(x)= 399.0363779239734
differential_evolution step 174: f(x)= 399.0363779239734
differential_evolution step 175: f(x)= 399.0363779239734
differential_evolution step 176: f(x)= 399.0363779239734
differential_evolution step 177: f(x)= 399.0363779239734
differential_evolution step 178: f(x)= 399.0363779239734
differential_evolution step 179: f(x)= 399.0363779239734
differential_evolution step 180: f(x)= 399.0363779239734
differential_evolution step 181: f(x)= 399.0363779239734
differential_evolution step 182: f(x)= 399.0363779239734
differential_evolution step 183: f(x)= 399.0363779239734
differential_evolution step 184: f(x)= 399.0363779239734
differential_evolution step 185: f(x)= 399.0363779239734
differential_evolution step 186: f(x)= 399.0363779239734
differential_evolution step 187: f(x)= 399.0363779239734
differential_evolution step 188: f(x)= 399.0363779239734
differential_evolution step 189: f(x)= 399.0363779239734
differential_evolution step 190: f(x)= 399.0363779239734
differential_evolution step 191: f(x)= 399.0363779239734
differential_evolution step 192: f(x)= 399.0363779239734
differential_evolution step 193: f(x)= 399.0363779239734
differential_evolution step 194: f(x)= 399.0363779239734
differential_evolution step 195: f(x)= 399.0363779239734
differential_evolution step 196: f(x)= 399.0363779239734
differential_evolution step 197: f(x)= 399.0363779239734
differential_evolution step 198: f(x)= 399.0363779239734
differential_evolution step 199: f(x)= 399.0363779239734
differential_evolution step 200: f(x)= 399.0363779239734
Cluster 4 DE best chi^2: 399.036 with params {'x_src': np.float64(209.96392845573865), 'y_src': np.float64(219.19393903501006), 'z_s': np.float64(1.4667613924593135)}
--- Running DE for Cluster 5 ---
[DE] Process Pool with 16 procs (init=latinhypercube, popsize=50)
differential_evolution step 1: f(x)= 4242.640687119286
differential_evolution step 2: f(x)= 4242.640687119286
differential_evolution step 3: f(x)= 3000.0
differential_evolution step 4: f(x)= 3000.0
differential_evolution step 5: f(x)= 3000.0
differential_evolution step 6: f(x)= 3000.0
differential_evolution step 7: f(x)= 3000.0
differential_evolution step 8: f(x)= 3000.0
differential_evolution step 9: f(x)= 3000.0
differential_evolution step 10: f(x)= 3000.0
differential_evolution step 11: f(x)= 3000.0
differential_evolution step 12: f(x)= 3000.0
differential_evolution step 13: f(x)= 3000.0
differential_evolution step 14: f(x)= 3000.0
differential_evolution step 15: f(x)= 3000.0
differential_evolution step 16: f(x)= 3000.0
differential_evolution step 17: f(x)= 3000.0
differential_evolution step 18: f(x)= 3000.0
differential_evolution step 19: f(x)= 3000.0
differential_evolution step 20: f(x)= 3000.0
differential_evolution step 21: f(x)= 3000.0
differential_evolution step 22: f(x)= 3000.0
differential_evolution step 23: f(x)= 3000.0
differential_evolution step 24: f(x)= 3000.0
differential_evolution step 25: f(x)= 3000.0
differential_evolution step 26: f(x)= 3000.0
differential_evolution step 27: f(x)= 3000.0
differential_evolution step 28: f(x)= 3000.0
differential_evolution step 29: f(x)= 3000.0
differential_evolution step 30: f(x)= 3000.0
differential_evolution step 31: f(x)= 3000.0
differential_evolution step 32: f(x)= 3000.0
differential_evolution step 33: f(x)= 3000.0
differential_evolution step 34: f(x)= 3000.0
differential_evolution step 35: f(x)= 3000.0
differential_evolution step 36: f(x)= 3000.0
differential_evolution step 37: f(x)= 3000.0
differential_evolution step 38: f(x)= 3000.0
differential_evolution step 39: f(x)= 3000.0
differential_evolution step 40: f(x)= 3000.0
differential_evolution step 41: f(x)= 3000.0
differential_evolution step 42: f(x)= 1763.4766038772727
differential_evolution step 43: f(x)= 1763.4766038772727
differential_evolution step 44: f(x)= 1763.4766038772727
differential_evolution step 45: f(x)= 1763.4766038772727
differential_evolution step 46: f(x)= 1763.4766038772727
differential_evolution step 47: f(x)= 1763.4766038772727
differential_evolution step 48: f(x)= 1763.4766038772727
differential_evolution step 49: f(x)= 1763.4766038772727
differential_evolution step 50: f(x)= 1763.4766038772727
differential_evolution step 51: f(x)= 1763.4766038772727
differential_evolution step 52: f(x)= 1763.4766038772727
differential_evolution step 53: f(x)= 1763.4766038772727
differential_evolution step 54: f(x)= 1763.4766038772727
differential_evolution step 55: f(x)= 1763.4766038772727
differential_evolution step 56: f(x)= 1763.4766038772727
differential_evolution step 57: f(x)= 1763.4766038772727
differential_evolution step 58: f(x)= 1763.4766038772727
differential_evolution step 59: f(x)= 1763.4766038772727
differential_evolution step 60: f(x)= 1763.4766038772727
differential_evolution step 61: f(x)= 1763.4766038772727
differential_evolution step 62: f(x)= 1763.4766038772727
differential_evolution step 63: f(x)= 1763.4766038772727
differential_evolution step 64: f(x)= 1763.4766038772727
differential_evolution step 65: f(x)= 1763.4766038772727
differential_evolution step 66: f(x)= 1763.4766038772727
differential_evolution step 67: f(x)= 1663.8399986140332
differential_evolution step 68: f(x)= 1663.8399986140332
differential_evolution step 69: f(x)= 1663.8399986140332
differential_evolution step 70: f(x)= 1663.8399986140332
differential_evolution step 71: f(x)= 1663.8399986140332
differential_evolution step 72: f(x)= 1663.8399986140332
differential_evolution step 73: f(x)= 1663.8399986140332
differential_evolution step 74: f(x)= 1663.8399986140332
differential_evolution step 75: f(x)= 1663.8399986140332
differential_evolution step 76: f(x)= 1663.8399986140332
differential_evolution step 77: f(x)= 1663.8399986140332
differential_evolution step 78: f(x)= 1663.8399986140332
differential_evolution step 79: f(x)= 1663.8399986140332
differential_evolution step 80: f(x)= 1663.8399986140332
differential_evolution step 81: f(x)= 1663.8399986140332
differential_evolution step 82: f(x)= 1663.8399986140332
differential_evolution step 83: f(x)= 1660.3679622874965
differential_evolution step 84: f(x)= 1660.3679622874965
differential_evolution step 85: f(x)= 1660.3679622874965
differential_evolution step 86: f(x)= 1660.3679622874965
differential_evolution step 87: f(x)= 1660.3679622874965
differential_evolution step 88: f(x)= 1660.3679622874965
differential_evolution step 89: f(x)= 1660.3679622874965
differential_evolution step 90: f(x)= 1618.6130711708215
differential_evolution step 91: f(x)= 1618.6130711708215
differential_evolution step 92: f(x)= 1618.6130711708215
differential_evolution step 93: f(x)= 1618.6130711708215
differential_evolution step 94: f(x)= 1618.6130711708215
differential_evolution step 95: f(x)= 1618.6130711708215
differential_evolution step 96: f(x)= 1547.127939487087
differential_evolution step 97: f(x)= 1547.127939487087
differential_evolution step 98: f(x)= 1547.127939487087
differential_evolution step 99: f(x)= 1547.127939487087
differential_evolution step 100: f(x)= 1547.127939487087
differential_evolution step 101: f(x)= 1547.127939487087
differential_evolution step 102: f(x)= 1449.7937098578793
differential_evolution step 103: f(x)= 1449.7937098578793
differential_evolution step 104: f(x)= 1449.7937098578793
differential_evolution step 105: f(x)= 1449.7937098578793
differential_evolution step 106: f(x)= 1449.7937098578793
differential_evolution step 107: f(x)= 1449.7937098578793
differential_evolution step 108: f(x)= 1449.7937098578793
differential_evolution step 109: f(x)= 1449.7937098578793
differential_evolution step 110: f(x)= 1449.7937098578793
differential_evolution step 111: f(x)= 1449.7937098578793
differential_evolution step 112: f(x)= 1449.7937098578793
differential_evolution step 113: f(x)= 1449.7937098578793
differential_evolution step 114: f(x)= 1449.7937098578793
differential_evolution step 115: f(x)= 1449.7937098578793
differential_evolution step 116: f(x)= 1449.7937098578793
differential_evolution step 117: f(x)= 1449.7937098578793
differential_evolution step 118: f(x)= 1449.7937098578793
differential_evolution step 119: f(x)= 1449.7937098578793
differential_evolution step 120: f(x)= 1449.7937098578793
differential_evolution step 121: f(x)= 1449.7937098578793
differential_evolution step 122: f(x)= 1449.7937098578793
differential_evolution step 123: f(x)= 1449.7937098578793
differential_evolution step 124: f(x)= 1396.4995201345864
differential_evolution step 125: f(x)= 1396.4995201345864
differential_evolution step 126: f(x)= 1396.4995201345864
differential_evolution step 127: f(x)= 1387.7869353930973
differential_evolution step 128: f(x)= 1387.7869353930973
differential_evolution step 129: f(x)= 1322.40822130069
differential_evolution step 130: f(x)= 1322.40822130069
differential_evolution step 131: f(x)= 1322.40822130069
differential_evolution step 132: f(x)= 1322.40822130069
differential_evolution step 133: f(x)= 1322.40822130069
differential_evolution step 134: f(x)= 1322.40822130069
differential_evolution step 135: f(x)= 1322.40822130069
differential_evolution step 136: f(x)= 1322.40822130069
differential_evolution step 137: f(x)= 1322.40822130069
differential_evolution step 138: f(x)= 1322.40822130069
differential_evolution step 139: f(x)= 1322.40822130069
differential_evolution step 140: f(x)= 1322.40822130069
differential_evolution step 141: f(x)= 1322.40822130069
differential_evolution step 142: f(x)= 1322.40822130069
differential_evolution step 143: f(x)= 1322.40822130069
differential_evolution step 144: f(x)= 1322.40822130069
differential_evolution step 145: f(x)= 1322.40822130069
differential_evolution step 146: f(x)= 1322.40822130069
differential_evolution step 147: f(x)= 1322.40822130069
differential_evolution step 148: f(x)= 1322.40822130069
differential_evolution step 149: f(x)= 1319.9701547342306
differential_evolution step 150: f(x)= 1319.9701547342306
differential_evolution step 151: f(x)= 1319.9701547342306
differential_evolution step 152: f(x)= 1319.9701547342306
differential_evolution step 153: f(x)= 1319.9701547342306
differential_evolution step 154: f(x)= 1319.9701547342306
differential_evolution step 155: f(x)= 1319.9701547342306
differential_evolution step 156: f(x)= 1319.9701547342306
differential_evolution step 157: f(x)= 1319.9701547342306
differential_evolution step 158: f(x)= 1319.9701547342306
differential_evolution step 159: f(x)= 1319.9701547342306
differential_evolution step 160: f(x)= 1319.9701547342306
differential_evolution step 161: f(x)= 1319.9701547342306
differential_evolution step 162: f(x)= 1319.9701547342306
differential_evolution step 163: f(x)= 1319.9701547342306
differential_evolution step 164: f(x)= 1301.3910533359608
differential_evolution step 165: f(x)= 1301.3910533359608
differential_evolution step 166: f(x)= 1301.3910533359608
differential_evolution step 167: f(x)= 1301.3910533359608
differential_evolution step 168: f(x)= 1301.3910533359608
differential_evolution step 169: f(x)= 1301.3910533359608
differential_evolution step 170: f(x)= 1301.3910533359608
differential_evolution step 171: f(x)= 1301.3910533359608
differential_evolution step 172: f(x)= 1301.3910533359608
differential_evolution step 173: f(x)= 1301.3910533359608
differential_evolution step 174: f(x)= 1301.3910533359608
differential_evolution step 175: f(x)= 1301.3910533359608
differential_evolution step 176: f(x)= 1301.3910533359608
differential_evolution step 177: f(x)= 1301.3910533359608
differential_evolution step 178: f(x)= 1301.3910533359608
differential_evolution step 179: f(x)= 1301.3910533359608
differential_evolution step 180: f(x)= 1301.3910533359608
differential_evolution step 181: f(x)= 1301.3910533359608
differential_evolution step 182: f(x)= 1301.3910533359608
differential_evolution step 183: f(x)= 1297.5290621944453
differential_evolution step 184: f(x)= 1297.5290621944453
differential_evolution step 185: f(x)= 1297.5290621944453
differential_evolution step 186: f(x)= 1297.5290621944453
differential_evolution step 187: f(x)= 1297.5290621944453
differential_evolution step 188: f(x)= 1297.5290621944453
differential_evolution step 189: f(x)= 1297.5290621944453
differential_evolution step 190: f(x)= 1297.5290621944453
differential_evolution step 191: f(x)= 1297.4329024699766
differential_evolution step 192: f(x)= 1297.4329024699766
differential_evolution step 193: f(x)= 1297.4329024699766
differential_evolution step 194: f(x)= 1297.4329024699766
differential_evolution step 195: f(x)= 1297.4329024699766
differential_evolution step 196: f(x)= 1297.1938644855031
differential_evolution step 197: f(x)= 1297.1938644855031
differential_evolution step 198: f(x)= 1297.1938644855031
differential_evolution step 199: f(x)= 1296.2564919969582
differential_evolution step 200: f(x)= 1296.2564919969582
Cluster 5 DE best chi^2: 1296.256 with params {'x_src': np.float64(148.76256041599962), 'y_src': np.float64(145.23388690379227), 'z_s': np.float64(2.014894207851846)}

--- DE Optimization Summary ---
Best fit found for Cluster 1 with chi^2 = 0.004
Best-fit parameters: {'x_src': np.float64(207.69085100785145), 'y_src': np.float64(193.0547690564801), 'z_s': np.float64(1.9186942207163789)}

--- Running MCMC for Cluster 1 (chi_sq=0.004) ---
[MCMC] Process Pool with 16 procs
  0%|          | 0/20000 [00:00<?, ?it/s]  0%|          | 72/20000 [01:41<7:46:18,  1.40s/it]  0%|          | 84/20000 [02:00<7:46:01,  1.40s/it]  1%|          | 144/20000 [03:21<7:41:50,  1.40s/it]  1%|          | 158/20000 [03:40<7:41:31,  1.40s/it]  1%|          | 220/20000 [05:01<7:29:16,  1.36s/it]  1%|          | 233/20000 [05:20<7:28:58,  1.36s/it]  1%|         | 294/20000 [06:43<7:28:39,  1.37s/it]  2%|         | 307/20000 [07:00<7:28:21,  1.37s/it]  2%|         | 371/20000 [08:24<7:20:16,  1.35s/it]  2%|         | 382/20000 [08:40<7:20:01,  1.35s/it]  2%|         | 448/20000 [10:05<7:14:29,  1.33s/it]  2%|         | 458/20000 [10:20<7:14:16,  1.33s/it]  3%|         | 526/20000 [11:45<7:07:52,  1.32s/it]  3%|         | 537/20000 [12:00<7:07:38,  1.32s/it]  3%|         | 609/20000 [13:25<6:53:47,  1.28s/it]  3%|         | 622/20000 [13:40<6:53:31,  1.28s/it]  3%|         | 693/20000 [15:06<6:42:57,  1.25s/it]  4%|         | 704/20000 [15:20<6:42:43,  1.25s/it]  4%|         | 778/20000 [16:47<6:34:37,  1.23s/it]  4%|         | 789/20000 [17:00<6:34:24,  1.23s/it]  4%|         | 867/20000 [18:27<6:22:14,  1.20s/it]  4%|         | 877/20000 [18:40<6:22:02,  1.20s/it]  5%|         | 953/20000 [20:07<6:17:05,  1.19s/it]  5%|         | 962/20000 [20:20<6:16:54,  1.19s/it]  5%|         | 1037/20000 [21:48<6:16:40,  1.19s/it]  5%|         | 1047/20000 [22:00<6:16:28,  1.19s/it]  6%|         | 1120/20000 [23:28<6:16:21,  1.20s/it]  6%|         | 1130/20000 [23:40<6:16:09,  1.20s/it]  6%|         | 1207/20000 [25:08<6:10:21,  1.18s/it]  6%|         | 1216/20000 [25:20<6:10:11,  1.18s/it]  6%|         | 1290/20000 [26:48<6:10:51,  1.19s/it]  6%|         | 1299/20000 [27:00<6:10:40,  1.19s/it]  7%|         | 1376/20000 [28:30<6:07:47,  1.18s/it]  7%|         | 1385/20000 [28:40<6:07:36,  1.18s/it]  7%|         | 1469/20000 [30:10<5:55:57,  1.15s/it]  7%|         | 1484/20000 [30:30<5:55:40,  1.15s/it]  8%|         | 1554/20000 [31:51<5:56:44,  1.16s/it]  8%|         | 1571/20000 [32:10<5:56:24,  1.16s/it]  8%|         | 1647/20000 [33:31<5:47:01,  1.13s/it]  8%|         | 1663/20000 [33:50<5:46:43,  1.13s/it]  9%|         | 1736/20000 [35:12<5:45:02,  1.13s/it]  9%|         | 1752/20000 [35:30<5:44:44,  1.13s/it]  9%|         | 1826/20000 [36:52<5:42:13,  1.13s/it]  9%|         | 1841/20000 [37:10<5:41:56,  1.13s/it] 10%|         | 1913/20000 [38:33<5:42:49,  1.14s/it] 10%|         | 1926/20000 [38:50<5:42:34,  1.14s/it] 10%|         | 2000/20000 [40:13<5:42:46,  1.14s/it] 10%|         | 2015/20000 [40:30<5:42:28,  1.14s/it] 10%|         | 2091/20000 [41:54<5:37:16,  1.13s/it] 11%|         | 2105/20000 [42:10<5:37:00,  1.13s/it] 11%|         | 2183/20000 [43:34<5:31:46,  1.12s/it] 11%|         | 2196/20000 [43:50<5:31:31,  1.12s/it] 11%|        | 2272/20000 [45:14<5:31:04,  1.12s/it] 11%|        | 2285/20000 [45:30<5:30:50,  1.12s/it] 12%|        | 2361/20000 [46:55<5:30:15,  1.12s/it] 12%|        | 2373/20000 [47:10<5:30:01,  1.12s/it] 12%|        | 2451/20000 [48:35<5:28:06,  1.12s/it] 12%|        | 2463/20000 [48:50<5:27:52,  1.12s/it] 13%|        | 2539/20000 [50:16<5:28:27,  1.13s/it] 13%|        | 2550/20000 [50:30<5:28:15,  1.13s/it] 13%|        | 2626/20000 [51:57<5:29:31,  1.14s/it] 13%|        | 2636/20000 [52:10<5:29:20,  1.14s/it] 14%|        | 2713/20000 [53:38<5:29:44,  1.14s/it] 14%|        | 2722/20000 [53:50<5:29:34,  1.14s/it] 14%|        | 2796/20000 [55:19<5:33:35,  1.16s/it] 14%|        | 2804/20000 [55:30<5:33:26,  1.16s/it] 14%|        | 2882/20000 [56:59<5:32:29,  1.17s/it] 14%|        | 2890/20000 [57:10<5:32:20,  1.17s/it] 15%|        | 2967/20000 [58:40<5:32:17,  1.17s/it] 15%|        | 2985/20000 [59:00<5:31:56,  1.17s/it] 15%|        | 3057/20000 [1:00:20<5:25:32,  1.15s/it] 15%|        | 3074/20000 [1:00:40<5:25:12,  1.15s/it] 16%|        | 3147/20000 [1:02:01<5:21:05,  1.14s/it] 16%|        | 3164/20000 [1:02:20<5:20:46,  1.14s/it] 16%|        | 3241/20000 [1:03:41<5:12:55,  1.12s/it] 16%|        | 3257/20000 [1:04:00<5:12:37,  1.12s/it] 17%|        | 3332/20000 [1:05:22<5:09:54,  1.12s/it] 17%|        | 3348/20000 [1:05:40<5:09:36,  1.12s/it] 17%|        | 3426/20000 [1:07:02<5:04:12,  1.10s/it] 17%|        | 3441/20000 [1:07:20<5:03:55,  1.10s/it] 18%|        | 3515/20000 [1:08:43<5:05:20,  1.11s/it] 18%|        | 3529/20000 [1:09:00<5:05:05,  1.11s/it] 18%|        | 3606/20000 [1:10:24<5:03:19,  1.11s/it] 18%|        | 3619/20000 [1:10:40<5:03:04,  1.11s/it] 18%|        | 3694/20000 [1:12:05<5:04:37,  1.12s/it] 19%|        | 3706/20000 [1:12:20<5:04:23,  1.12s/it] 19%|        | 3784/20000 [1:13:46<5:02:40,  1.12s/it] 19%|        | 3795/20000 [1:14:00<5:02:28,  1.12s/it] 19%|        | 3873/20000 [1:15:26<5:01:32,  1.12s/it] 19%|        | 3884/20000 [1:15:40<5:01:20,  1.12s/it] 20%|        | 3964/20000 [1:17:07<4:58:41,  1.12s/it] 20%|        | 3973/20000 [1:17:20<4:58:31,  1.12s/it] 20%|        | 4051/20000 [1:18:47<4:59:55,  1.13s/it] 20%|        | 4062/20000 [1:19:00<4:59:42,  1.13s/it] 21%|        | 4139/20000 [1:20:28<4:59:44,  1.13s/it] 21%|        | 4148/20000 [1:20:40<4:59:33,  1.13s/it] 21%|        | 4224/20000 [1:22:08<5:01:31,  1.15s/it] 21%|        | 4233/20000 [1:22:20<5:01:21,  1.15s/it] 22%|       | 4311/20000 [1:23:49<5:00:26,  1.15s/it] 22%|       | 4321/20000 [1:24:00<5:00:15,  1.15s/it] 22%|       | 4396/20000 [1:25:29<5:01:34,  1.16s/it] 22%|       | 4405/20000 [1:25:40<5:01:23,  1.16s/it] 22%|       | 4484/20000 [1:27:10<4:58:52,  1.16s/it] 22%|       | 4500/20000 [1:27:30<4:58:34,  1.16s/it] 23%|       | 4573/20000 [1:28:51<4:55:04,  1.15s/it] 23%|       | 4588/20000 [1:29:10<4:54:47,  1.15s/it] 23%|       | 4660/20000 [1:30:31<4:53:43,  1.15s/it] 23%|       | 4676/20000 [1:30:50<4:53:25,  1.15s/it] 24%|       | 4745/20000 [1:32:12<4:54:33,  1.16s/it] 24%|       | 4760/20000 [1:32:30<4:54:15,  1.16s/it] 24%|       | 4831/20000 [1:33:52<4:53:50,  1.16s/it] 24%|       | 4846/20000 [1:34:10<4:53:32,  1.16s/it] 25%|       | 4921/20000 [1:35:33<4:48:35,  1.15s/it] 25%|       | 4936/20000 [1:35:50<4:48:18,  1.15s/it] 25%|       | 5011/20000 [1:37:13<4:44:35,  1.14s/it] 25%|       | 5025/20000 [1:37:30<4:44:19,  1.14s/it] 25%|       | 5095/20000 [1:38:54<4:47:27,  1.16s/it] 26%|       | 5107/20000 [1:39:10<4:47:13,  1.16s/it] 26%|       | 5181/20000 [1:40:35<4:47:05,  1.16s/it] 26%|       | 5193/20000 [1:40:50<4:46:51,  1.16s/it] 26%|       | 5266/20000 [1:42:16<4:46:54,  1.17s/it] 26%|       | 5278/20000 [1:42:30<4:46:40,  1.17s/it] 27%|       | 5349/20000 [1:43:56<4:48:00,  1.18s/it] 27%|       | 5359/20000 [1:44:10<4:47:49,  1.18s/it] 27%|       | 5431/20000 [1:45:36<4:49:38,  1.19s/it] 27%|       | 5441/20000 [1:45:50<4:49:26,  1.19s/it] 28%|       | 5515/20000 [1:47:17<4:48:27,  1.19s/it] 28%|       | 5525/20000 [1:47:30<4:48:15,  1.19s/it] 28%|       | 5601/20000 [1:48:58<4:45:03,  1.19s/it] 28%|       | 5611/20000 [1:49:10<4:44:51,  1.19s/it] 28%|       | 5686/20000 [1:50:38<4:42:35,  1.18s/it] 28%|       | 5694/20000 [1:50:50<4:42:26,  1.18s/it] 29%|       | 5773/20000 [1:52:19<4:39:18,  1.18s/it] 29%|       | 5782/20000 [1:52:30<4:39:07,  1.18s/it] 29%|       | 5857/20000 [1:54:00<4:39:05,  1.18s/it] 29%|       | 5875/20000 [1:54:20<4:38:43,  1.18s/it] 30%|       | 5944/20000 [1:55:41<4:35:38,  1.18s/it] 30%|       | 5960/20000 [1:56:00<4:35:19,  1.18s/it] 30%|       | 6029/20000 [1:57:22<4:34:31,  1.18s/it] 30%|       | 6043/20000 [1:57:40<4:34:15,  1.18s/it] 31%|       | 6116/20000 [1:59:02<4:30:56,  1.17s/it] 31%|       | 6131/20000 [1:59:20<4:30:38,  1.17s/it] 31%|       | 6204/20000 [2:00:42<4:26:50,  1.16s/it] 31%|       | 6219/20000 [2:01:00<4:26:32,  1.16s/it] 31%|      | 6288/20000 [2:02:22<4:27:25,  1.17s/it] 32%|      | 6302/20000 [2:02:40<4:27:09,  1.17s/it] 32%|      | 6369/20000 [2:04:03<4:30:36,  1.19s/it] 32%|      | 6383/20000 [2:04:20<4:30:19,  1.19s/it] 32%|      | 6457/20000 [2:05:44<4:26:04,  1.18s/it] 32%|      | 6471/20000 [2:06:00<4:25:47,  1.18s/it] 33%|      | 6540/20000 [2:07:24<4:26:13,  1.19s/it] 33%|      | 6553/20000 [2:07:40<4:25:58,  1.19s/it] 33%|      | 6627/20000 [2:09:04<4:22:03,  1.18s/it] 33%|      | 6641/20000 [2:09:20<4:21:47,  1.18s/it] 34%|      | 6712/20000 [2:10:45<4:21:01,  1.18s/it] 34%|      | 6723/20000 [2:11:00<4:20:48,  1.18s/it] 34%|      | 6796/20000 [2:12:26<4:20:57,  1.19s/it] 34%|      | 6807/20000 [2:12:40<4:20:44,  1.19s/it] 34%|      | 6884/20000 [2:14:07<4:16:35,  1.17s/it] 34%|      | 6894/20000 [2:14:20<4:16:23,  1.17s/it] 35%|      | 6968/20000 [2:15:47<4:16:06,  1.18s/it] 35%|      | 6978/20000 [2:16:00<4:15:54,  1.18s/it] 35%|      | 7056/20000 [2:17:28<4:12:16,  1.17s/it] 35%|      | 7066/20000 [2:17:40<4:12:04,  1.17s/it] 36%|      | 7144/20000 [2:19:09<4:09:06,  1.16s/it] 36%|      | 7154/20000 [2:19:20<4:08:54,  1.16s/it] 36%|      | 7231/20000 [2:20:49<4:06:49,  1.16s/it] 36%|      | 7239/20000 [2:21:00<4:06:40,  1.16s/it] 37%|      | 7318/20000 [2:22:30<4:05:06,  1.16s/it] 37%|      | 7332/20000 [2:22:50<4:04:50,  1.16s/it] 37%|      | 7403/20000 [2:24:11<4:04:48,  1.17s/it] 37%|      | 7419/20000 [2:24:30<4:04:29,  1.17s/it] 37%|      | 7491/20000 [2:25:51<4:01:50,  1.16s/it] 38%|      | 7506/20000 [2:26:10<4:01:32,  1.16s/it] 38%|      | 7571/20000 [2:27:32<4:06:15,  1.19s/it] 38%|      | 7584/20000 [2:27:50<4:05:59,  1.19s/it] 38%|      | 7655/20000 [2:29:13<4:04:52,  1.19s/it] 38%|      | 7670/20000 [2:29:30<4:04:34,  1.19s/it] 39%|      | 7737/20000 [2:30:54<4:05:49,  1.20s/it] 39%|      | 7750/20000 [2:31:10<4:05:33,  1.20s/it] 39%|      | 7821/20000 [2:32:34<4:03:45,  1.20s/it] 39%|      | 7833/20000 [2:32:50<4:03:30,  1.20s/it] 40%|      | 7906/20000 [2:34:15<4:01:22,  1.20s/it] 40%|      | 7917/20000 [2:34:30<4:01:09,  1.20s/it] 40%|      | 7988/20000 [2:35:56<4:01:20,  1.21s/it] 40%|      | 8000/20000 [2:36:10<4:01:05,  1.21s/it] 40%|      | 8071/20000 [2:37:37<4:00:18,  1.21s/it] 40%|      | 8081/20000 [2:37:50<4:00:05,  1.21s/it] 41%|      | 8156/20000 [2:39:18<3:57:14,  1.20s/it] 41%|      | 8164/20000 [2:39:30<3:57:04,  1.20s/it] 41%|      | 8238/20000 [2:40:59<3:57:27,  1.21s/it] 41%|      | 8247/20000 [2:41:10<3:57:16,  1.21s/it] 42%|     | 8322/20000 [2:42:40<3:55:10,  1.21s/it] 42%|     | 8330/20000 [2:42:50<3:55:00,  1.21s/it] 42%|     | 8409/20000 [2:44:21<3:50:39,  1.19s/it] 42%|     | 8425/20000 [2:44:40<3:50:20,  1.19s/it] 42%|     | 8496/20000 [2:46:02<3:46:56,  1.18s/it] 43%|     | 8511/20000 [2:46:20<3:46:39,  1.18s/it] 43%|     | 8584/20000 [2:47:43<3:43:16,  1.17s/it] 43%|     | 8599/20000 [2:48:00<3:42:58,  1.17s/it] 43%|     | 8670/20000 [2:49:23<3:41:13,  1.17s/it] 43%|     | 8683/20000 [2:49:40<3:40:58,  1.17s/it] 44%|     | 8753/20000 [2:51:04<3:42:09,  1.19s/it] 44%|     | 8765/20000 [2:51:20<3:41:55,  1.19s/it] 44%|     | 8841/20000 [2:52:45<3:37:50,  1.17s/it] 44%|     | 8853/20000 [2:53:00<3:37:36,  1.17s/it] 45%|     | 8928/20000 [2:54:25<3:34:59,  1.17s/it] 45%|     | 8942/20000 [2:54:40<3:34:43,  1.17s/it] 45%|     | 9017/20000 [2:56:05<3:30:58,  1.15s/it] 45%|     | 9028/20000 [2:56:20<3:30:46,  1.15s/it] 45%|     | 9099/20000 [2:57:45<3:32:58,  1.17s/it] 46%|     | 9110/20000 [2:58:00<3:32:45,  1.17s/it] 46%|     | 9183/20000 [2:59:26<3:32:49,  1.18s/it] 46%|     | 9194/20000 [2:59:40<3:32:36,  1.18s/it] 46%|     | 9268/20000 [3:01:06<3:30:59,  1.18s/it] 46%|     | 9279/20000 [3:01:20<3:30:46,  1.18s/it] 47%|     | 9349/20000 [3:02:46<3:32:32,  1.20s/it] 47%|     | 9361/20000 [3:03:00<3:32:17,  1.20s/it] 47%|     | 9430/20000 [3:04:28<3:33:37,  1.21s/it] 47%|     | 9440/20000 [3:04:40<3:33:25,  1.21s/it] 48%|     | 9511/20000 [3:06:08<3:33:22,  1.22s/it] 48%|     | 9520/20000 [3:06:20<3:33:11,  1.22s/it] 48%|     | 9596/20000 [3:07:48<3:29:26,  1.21s/it] 48%|     | 9605/20000 [3:08:00<3:29:15,  1.21s/it] 48%|     | 9682/20000 [3:09:28<3:25:22,  1.19s/it] 48%|     | 9691/20000 [3:09:40<3:25:11,  1.19s/it] 49%|     | 9765/20000 [3:11:09<3:24:56,  1.20s/it] 49%|     | 9773/20000 [3:11:20<3:24:47,  1.20s/it] 49%|     | 9848/20000 [3:12:50<3:23:34,  1.20s/it] 49%|     | 9856/20000 [3:13:00<3:23:24,  1.20s/it] 50%|     | 9930/20000 [3:14:30<3:22:50,  1.21s/it] 50%|     | 9945/20000 [3:14:50<3:22:32,  1.21s/it] 50%|     | 10013/20000 [3:16:11<3:21:35,  1.21s/it] 50%|     | 10028/20000 [3:16:30<3:21:17,  1.21s/it] 50%|     | 10098/20000 [3:17:52<3:18:45,  1.20s/it] 51%|     | 10113/20000 [3:18:10<3:18:27,  1.20s/it] 51%|     | 10182/20000 [3:19:32<3:16:27,  1.20s/it] 51%|     | 10197/20000 [3:19:50<3:16:09,  1.20s/it] 51%|    | 10262/20000 [3:21:13<3:17:36,  1.22s/it] 51%|    | 10275/20000 [3:21:30<3:17:20,  1.22s/it] 52%|    | 10345/20000 [3:22:53<3:15:18,  1.21s/it] 52%|    | 10359/20000 [3:23:10<3:15:01,  1.21s/it] 52%|    | 10435/20000 [3:24:33<3:08:27,  1.18s/it] 52%|    | 10449/20000 [3:24:50<3:08:10,  1.18s/it] 53%|    | 10520/20000 [3:26:14<3:06:54,  1.18s/it] 53%|    | 10533/20000 [3:26:30<3:06:39,  1.18s/it] 53%|    | 10604/20000 [3:27:54<3:05:36,  1.19s/it] 53%|    | 10616/20000 [3:28:10<3:05:22,  1.19s/it] 53%|    | 10686/20000 [3:29:35<3:06:01,  1.20s/it] 53%|    | 10698/20000 [3:29:50<3:05:46,  1.20s/it] 54%|    | 10774/20000 [3:31:15<3:01:43,  1.18s/it] 54%|    | 10786/20000 [3:31:30<3:01:28,  1.18s/it] 54%|    | 10859/20000 [3:32:56<3:00:07,  1.18s/it] 54%|    | 10871/20000 [3:33:10<2:59:53,  1.18s/it] 55%|    | 10943/20000 [3:34:36<2:59:08,  1.19s/it] 55%|    | 10954/20000 [3:34:50<2:58:54,  1.19s/it] 55%|    | 11027/20000 [3:36:17<2:57:46,  1.19s/it] 55%|    | 11036/20000 [3:36:30<2:57:36,  1.19s/it] 56%|    | 11111/20000 [3:37:57<2:56:12,  1.19s/it] 56%|    | 11120/20000 [3:38:10<2:56:01,  1.19s/it] 56%|    | 11196/20000 [3:39:38<2:54:35,  1.19s/it] 56%|    | 11204/20000 [3:39:50<2:54:25,  1.19s/it] 56%|    | 11273/20000 [3:41:18<2:57:34,  1.22s/it] 56%|    | 11283/20000 [3:41:30<2:57:22,  1.22s/it] 57%|    | 11361/20000 [3:42:59<2:52:22,  1.20s/it] 57%|    | 11371/20000 [3:43:10<2:52:10,  1.20s/it] 57%|    | 11448/20000 [3:44:40<2:49:07,  1.19s/it] 57%|    | 11463/20000 [3:45:00<2:48:49,  1.19s/it] 58%|    | 11528/20000 [3:46:20<2:50:07,  1.20s/it] 58%|    | 11544/20000 [3:46:40<2:49:47,  1.20s/it] 58%|    | 11611/20000 [3:48:01<2:48:40,  1.21s/it] 58%|    | 11627/20000 [3:48:20<2:48:21,  1.21s/it] 59%|    | 11701/20000 [3:49:42<2:43:11,  1.18s/it] 59%|    | 11716/20000 [3:50:00<2:42:53,  1.18s/it] 59%|    | 11787/20000 [3:51:22<2:40:54,  1.18s/it] 59%|    | 11802/20000 [3:51:40<2:40:36,  1.18s/it] 59%|    | 11875/20000 [3:53:03<2:37:59,  1.17s/it] 59%|    | 11890/20000 [3:53:20<2:37:41,  1.17s/it] 60%|    | 11956/20000 [3:54:43<2:39:06,  1.19s/it] 60%|    | 11970/20000 [3:55:00<2:38:49,  1.19s/it] 60%|    | 12043/20000 [3:56:24<2:36:26,  1.18s/it] 60%|    | 12055/20000 [3:56:40<2:36:12,  1.18s/it] 61%|    | 12124/20000 [3:58:04<2:36:57,  1.20s/it] 61%|    | 12137/20000 [3:58:20<2:36:41,  1.20s/it] 61%|    | 12209/20000 [3:59:44<2:34:31,  1.19s/it] 61%|    | 12221/20000 [4:00:00<2:34:17,  1.19s/it] 61%|   | 12291/20000 [4:01:25<2:34:13,  1.20s/it] 62%|   | 12303/20000 [4:01:40<2:33:59,  1.20s/it] 62%|   | 12373/20000 [4:03:06<2:33:44,  1.21s/it] 62%|   | 12385/20000 [4:03:20<2:33:30,  1.21s/it] 62%|   | 12456/20000 [4:04:47<2:32:28,  1.21s/it] 62%|   | 12466/20000 [4:05:00<2:32:16,  1.21s/it] 63%|   | 12539/20000 [4:06:27<2:30:42,  1.21s/it] 63%|   | 12549/20000 [4:06:40<2:30:30,  1.21s/it] 63%|   | 12623/20000 [4:08:08<2:28:38,  1.21s/it] 63%|   | 12632/20000 [4:08:20<2:28:27,  1.21s/it] 64%|   | 12712/20000 [4:09:49<2:24:02,  1.19s/it] 64%|   | 12720/20000 [4:10:00<2:23:52,  1.19s/it] 64%|   | 12798/20000 [4:11:30<2:21:59,  1.18s/it] 64%|   | 12814/20000 [4:11:50<2:21:40,  1.18s/it] 64%|   | 12879/20000 [4:13:11<2:22:14,  1.20s/it] 64%|   | 12895/20000 [4:13:30<2:21:55,  1.20s/it] 65%|   | 12963/20000 [4:14:51<2:20:28,  1.20s/it] 65%|   | 12978/20000 [4:15:10<2:20:10,  1.20s/it] 65%|   | 13047/20000 [4:16:31<2:18:34,  1.20s/it] 65%|   | 13063/20000 [4:16:50<2:18:14,  1.20s/it] 66%|   | 13129/20000 [4:18:11<2:17:45,  1.20s/it] 66%|   | 13144/20000 [4:18:30<2:17:27,  1.20s/it] 66%|   | 13210/20000 [4:19:51<2:17:15,  1.21s/it] 66%|   | 13225/20000 [4:20:10<2:16:57,  1.21s/it] 66%|   | 13293/20000 [4:21:32<2:15:28,  1.21s/it] 67%|   | 13306/20000 [4:21:50<2:15:12,  1.21s/it] 67%|   | 13377/20000 [4:23:12<2:13:17,  1.21s/it] 67%|   | 13392/20000 [4:23:30<2:12:59,  1.21s/it] 67%|   | 13464/20000 [4:24:53<2:09:51,  1.19s/it] 67%|   | 13477/20000 [4:25:10<2:09:35,  1.19s/it] 68%|   | 13545/20000 [4:26:33<2:09:35,  1.20s/it] 68%|   | 13559/20000 [4:26:50<2:09:19,  1.20s/it] 68%|   | 13629/20000 [4:28:14<2:07:43,  1.20s/it] 68%|   | 13642/20000 [4:28:30<2:07:27,  1.20s/it] 69%|   | 13713/20000 [4:29:55<2:05:57,  1.20s/it] 69%|   | 13724/20000 [4:30:10<2:05:44,  1.20s/it] 69%|   | 13795/20000 [4:31:35<2:05:07,  1.21s/it] 69%|   | 13807/20000 [4:31:50<2:04:53,  1.21s/it] 69%|   | 13882/20000 [4:33:16<2:01:46,  1.19s/it] 69%|   | 13893/20000 [4:33:30<2:01:32,  1.19s/it] 70%|   | 13968/20000 [4:34:56<1:59:08,  1.19s/it] 70%|   | 13978/20000 [4:35:10<1:58:56,  1.19s/it] 70%|   | 14054/20000 [4:36:37<1:56:55,  1.18s/it] 70%|   | 14065/20000 [4:36:50<1:56:42,  1.18s/it] 71%|   | 14139/20000 [4:38:18<1:55:32,  1.18s/it] 71%|   | 14147/20000 [4:38:30<1:55:23,  1.18s/it] 71%|   | 14222/20000 [4:39:58<1:54:40,  1.19s/it] 71%|   | 14231/20000 [4:40:10<1:54:29,  1.19s/it] 72%|  | 14307/20000 [4:41:39<1:52:49,  1.19s/it] 72%|  | 14315/20000 [4:41:50<1:52:40,  1.19s/it] 72%|  | 14389/20000 [4:43:19<1:52:08,  1.20s/it] 72%|  | 14397/20000 [4:43:30<1:51:59,  1.20s/it] 72%|  | 14468/20000 [4:45:00<1:52:29,  1.22s/it] 72%|  | 14483/20000 [4:45:20<1:52:11,  1.22s/it] 73%|  | 14546/20000 [4:46:40<1:52:43,  1.24s/it] 73%|  | 14560/20000 [4:47:00<1:52:25,  1.24s/it] 73%|  | 14628/20000 [4:48:20<1:50:28,  1.23s/it] 73%|  | 14642/20000 [4:48:40<1:50:10,  1.23s/it] 74%|  | 14711/20000 [4:50:02<1:48:19,  1.23s/it] 74%|  | 14727/20000 [4:50:20<1:47:59,  1.23s/it] 74%|  | 14802/20000 [4:51:42<1:42:57,  1.19s/it] 74%|  | 14818/20000 [4:52:00<1:42:38,  1.19s/it] 74%|  | 14893/20000 [4:53:23<1:39:00,  1.16s/it] 75%|  | 14908/20000 [4:53:40<1:38:43,  1.16s/it] 75%|  | 14983/20000 [4:55:03<1:36:00,  1.15s/it] 75%|  | 14998/20000 [4:55:20<1:35:42,  1.15s/it] 75%|  | 15072/20000 [4:56:44<1:33:53,  1.14s/it] 75%|  | 15085/20000 [4:57:00<1:33:38,  1.14s/it] 76%|  | 15160/20000 [4:58:25<1:32:16,  1.14s/it] 76%|  | 15173/20000 [4:58:40<1:32:01,  1.14s/it] 76%|  | 15251/20000 [5:00:05<1:29:29,  1.13s/it] 76%|  | 15265/20000 [5:00:20<1:29:13,  1.13s/it] 77%|  | 15345/20000 [5:01:45<1:26:16,  1.11s/it] 77%|  | 15358/20000 [5:02:00<1:26:01,  1.11s/it] 77%|  | 15438/20000 [5:03:26<1:23:43,  1.10s/it] 77%|  | 15451/20000 [5:03:40<1:23:29,  1.10s/it] 78%|  | 15528/20000 [5:05:06<1:22:20,  1.10s/it] 78%|  | 15539/20000 [5:05:20<1:22:08,  1.10s/it] 78%|  | 15613/20000 [5:06:47<1:22:31,  1.13s/it] 78%|  | 15623/20000 [5:07:00<1:22:19,  1.13s/it] 79%|  | 15702/20000 [5:08:28<1:21:00,  1.13s/it] 79%|  | 15712/20000 [5:08:40<1:20:49,  1.13s/it] 79%|  | 15791/20000 [5:10:08<1:19:16,  1.13s/it] 79%|  | 15801/20000 [5:10:20<1:19:05,  1.13s/it] 79%|  | 15882/20000 [5:11:48<1:16:55,  1.12s/it] 79%|  | 15892/20000 [5:12:00<1:16:44,  1.12s/it] 80%|  | 15972/20000 [5:13:30<1:15:18,  1.12s/it] 80%|  | 15980/20000 [5:13:40<1:15:09,  1.12s/it] 80%|  | 16059/20000 [5:15:10<1:14:21,  1.13s/it] 80%|  | 16077/20000 [5:15:30<1:14:00,  1.13s/it] 81%|  | 16147/20000 [5:16:50<1:12:47,  1.13s/it] 81%|  | 16162/20000 [5:17:10<1:12:30,  1.13s/it] 81%|  | 16228/20000 [5:18:30<1:13:04,  1.16s/it] 81%|  | 16243/20000 [5:18:50<1:12:46,  1.16s/it] 82%| | 16309/20000 [5:20:11<1:13:01,  1.19s/it] 82%| | 16324/20000 [5:20:30<1:12:43,  1.19s/it] 82%| | 16389/20000 [5:21:53<1:12:46,  1.21s/it] 82%| | 16403/20000 [5:22:10<1:12:29,  1.21s/it] 82%| | 16474/20000 [5:23:34<1:10:41,  1.20s/it] 82%| | 16487/20000 [5:23:50<1:10:26,  1.20s/it] 83%| | 16556/20000 [5:25:14<1:09:26,  1.21s/it] 83%| | 16569/20000 [5:25:30<1:09:10,  1.21s/it] 83%| | 16639/20000 [5:26:54<1:07:45,  1.21s/it] 83%| | 16651/20000 [5:27:10<1:07:30,  1.21s/it] 84%| | 16723/20000 [5:28:35<1:05:54,  1.21s/it] 84%| | 16734/20000 [5:28:50<1:05:41,  1.21s/it] 84%| | 16810/20000 [5:30:16<1:03:24,  1.19s/it] 84%| | 16821/20000 [5:30:30<1:03:11,  1.19s/it] 84%| | 16897/20000 [5:31:57<1:01:03,  1.18s/it] 85%| | 16909/20000 [5:32:10<1:00:49,  1.18s/it] 85%| | 16988/20000 [5:33:37<58:06,  1.16s/it]   85%| | 16998/20000 [5:33:50<57:55,  1.16s/it] 85%| | 17075/20000 [5:35:18<56:28,  1.16s/it] 85%| | 17083/20000 [5:35:30<56:18,  1.16s/it] 86%| | 17162/20000 [5:36:59<54:48,  1.16s/it] 86%| | 17171/20000 [5:37:10<54:38,  1.16s/it] 86%| | 17255/20000 [5:38:40<51:53,  1.13s/it] 86%| | 17263/20000 [5:38:50<51:44,  1.13s/it] 87%| | 17342/20000 [5:40:20<50:29,  1.14s/it] 87%| | 17358/20000 [5:40:40<50:11,  1.14s/it] 87%| | 17424/20000 [5:42:00<49:57,  1.16s/it] 87%| | 17440/20000 [5:42:20<49:38,  1.16s/it] 88%| | 17506/20000 [5:43:41<49:04,  1.18s/it] 88%| | 17520/20000 [5:44:00<48:47,  1.18s/it] 88%| | 17590/20000 [5:45:22<47:43,  1.19s/it] 88%| | 17604/20000 [5:45:40<47:26,  1.19s/it] 88%| | 17676/20000 [5:47:03<45:53,  1.18s/it] 88%| | 17690/20000 [5:47:20<45:36,  1.18s/it] 89%| | 17765/20000 [5:48:44<43:32,  1.17s/it] 89%| | 17778/20000 [5:49:00<43:17,  1.17s/it] 89%| | 17853/20000 [5:50:25<41:33,  1.16s/it] 89%| | 17864/20000 [5:50:40<41:21,  1.16s/it] 90%| | 17935/20000 [5:52:05<40:33,  1.18s/it] 90%| | 17946/20000 [5:52:20<40:20,  1.18s/it] 90%| | 18016/20000 [5:53:46<39:39,  1.20s/it] 90%| | 18027/20000 [5:54:00<39:26,  1.20s/it] 90%| | 18099/20000 [5:55:27<38:06,  1.20s/it] 91%| | 18110/20000 [5:55:40<37:53,  1.20s/it] 91%| | 18185/20000 [5:57:08<36:07,  1.19s/it] 91%| | 18194/20000 [5:57:20<35:56,  1.19s/it] 91%|| 18270/20000 [5:58:49<34:21,  1.19s/it] 91%|| 18279/20000 [5:59:00<34:11,  1.19s/it] 92%|| 18353/20000 [6:00:29<32:51,  1.20s/it] 92%|| 18361/20000 [6:00:40<32:42,  1.20s/it] 92%|| 18434/20000 [6:02:10<31:39,  1.21s/it] 92%|| 18449/20000 [6:02:30<31:21,  1.21s/it] 93%|| 18516/20000 [6:03:51<30:08,  1.22s/it] 93%|| 18532/20000 [6:04:10<29:48,  1.22s/it] 93%|| 18602/20000 [6:05:31<28:00,  1.20s/it] 93%|| 18618/20000 [6:05:50<27:40,  1.20s/it] 93%|| 18684/20000 [6:07:12<26:32,  1.21s/it] 93%|| 18697/20000 [6:07:30<26:17,  1.21s/it] 94%|| 18767/20000 [6:08:53<24:54,  1.21s/it] 94%|| 18781/20000 [6:09:10<24:37,  1.21s/it] 94%|| 18848/20000 [6:10:35<23:28,  1.22s/it] 94%|| 18860/20000 [6:10:50<23:14,  1.22s/it] 95%|| 18929/20000 [6:12:15<21:56,  1.23s/it] 95%|| 18942/20000 [6:12:30<21:40,  1.23s/it] 95%|| 19014/20000 [6:13:56<19:58,  1.22s/it] 95%|| 19025/20000 [6:14:10<19:45,  1.22s/it] 95%|| 19098/20000 [6:15:37<18:11,  1.21s/it] 96%|| 19108/20000 [6:15:50<17:59,  1.21s/it] 96%|| 19178/20000 [6:17:17<16:45,  1.22s/it] 96%|| 19188/20000 [6:17:30<16:33,  1.22s/it] 96%|| 19265/20000 [6:18:58<14:44,  1.20s/it] 96%|| 19274/20000 [6:19:10<14:34,  1.20s/it] 97%|| 19354/20000 [6:20:38<12:42,  1.18s/it] 97%|| 19364/20000 [6:20:50<12:30,  1.18s/it] 97%|| 19440/20000 [6:22:18<10:58,  1.18s/it] 97%|| 19450/20000 [6:22:30<10:46,  1.18s/it] 98%|| 19532/20000 [6:23:59<08:57,  1.15s/it] 98%|| 19542/20000 [6:24:10<08:45,  1.15s/it] 98%|| 19625/20000 [6:25:39<07:02,  1.13s/it] 98%|| 19634/20000 [6:25:50<06:52,  1.13s/it] 99%|| 19717/20000 [6:27:19<05:15,  1.12s/it] 99%|| 19726/20000 [6:27:30<05:05,  1.12s/it] 99%|| 19809/20000 [6:28:59<03:31,  1.11s/it] 99%|| 19818/20000 [6:29:10<03:21,  1.11s/it]100%|| 19902/20000 [6:30:40<01:47,  1.10s/it]100%|| 19917/20000 [6:31:00<01:31,  1.10s/it]100%|| 19990/20000 [6:32:21<00:11,  1.11s/it]100%|| 20000/20000 [6:32:32<00:00,  1.18s/it]

Analysis complete. Found 1 cluster(s) meeting the MCMC criterion.
Accepted cluster indices: [1]

--- Processing Final Results for Cluster 1 ---
--- MCMC Parameter Constraints for Cluster 1 ---
  x_src = 207.680 +0.515 / -0.406
  y_src = 193.050 +0.139 / -0.114
    z_s = 1.918 +0.107 / -0.087
Saving localization results for Cluster 1...
Processing results for Cluster 1...
-> Saved 340000 samples to /users/hiu-yeung.cheng/clusterlensing/out/row13/test_tidy_row13/cluster_1_posterior.npz
Updated CSV row 13 with result for cluster 1.
Loading data from /users/hiu-yeung.cheng/clusterlensing/out/row13/test_tidy_row13/cluster_1_posterior.npz...

Generating corner plot...
-> Corner plot saved to /users/hiu-yeung.cheng/clusterlensing/out/row13/test_tidy_row13/cluster_1_corner_from_saved.png

Generating trace plot...
-> Trace plot saved to /users/hiu-yeung.cheng/clusterlensing/out/row13/test_tidy_row13/cluster_1_trace.png
