Row=19 OUT_DIR=/users/hiu-yeung.cheng/clusterlensing/out/row19 DE_PROCS=16 MCMC_PROCS=16
Setup complete. Lensing system initialized.
True time delays: [    0.          5201.08757622  6850.59579048  9198.20059967
 12836.10862488]
True luminosity distances: 12897.795818028997
Lensed luminosity distances: [3.15908064e+03 1.98226115e+03 2.55292037e+03 9.94858451e+03
 1.13818479e+07]

Running the full analysis pipeline...
--- Running DE for Cluster 0 ---
[DE] Process Pool with 16 procs (init=latinhypercube, popsize=50)
differential_evolution step 1: f(x)= 1438.5547699914437
differential_evolution step 2: f(x)= 1438.5547699914437
differential_evolution step 3: f(x)= 1438.5547699914437
differential_evolution step 4: f(x)= 1438.5547699914437
differential_evolution step 5: f(x)= 1438.5547699914437
differential_evolution step 6: f(x)= 1438.5547699914437
differential_evolution step 7: f(x)= 1438.5547699914437
differential_evolution step 8: f(x)= 1438.5547699914437
differential_evolution step 9: f(x)= 1438.5547699914437
differential_evolution step 10: f(x)= 1438.5547699914437
differential_evolution step 11: f(x)= 1438.5547699914437
differential_evolution step 12: f(x)= 1438.5547699914437
differential_evolution step 13: f(x)= 1438.5547699914437
differential_evolution step 14: f(x)= 920.8387678274544
differential_evolution step 15: f(x)= 920.8387678274544
differential_evolution step 16: f(x)= 920.8387678274544
differential_evolution step 17: f(x)= 920.8387678274544
differential_evolution step 18: f(x)= 920.8387678274544
differential_evolution step 19: f(x)= 920.8387678274544
differential_evolution step 20: f(x)= 920.8387678274544
differential_evolution step 21: f(x)= 920.8387678274544
differential_evolution step 22: f(x)= 920.8387678274544
differential_evolution step 23: f(x)= 920.8387678274544
differential_evolution step 24: f(x)= 724.9101489171421
differential_evolution step 25: f(x)= 724.9101489171421
differential_evolution step 26: f(x)= 724.9101489171421
differential_evolution step 27: f(x)= 724.9101489171421
differential_evolution step 28: f(x)= 724.9101489171421
differential_evolution step 29: f(x)= 724.9101489171421
differential_evolution step 30: f(x)= 724.9101489171421
differential_evolution step 31: f(x)= 724.9101489171421
differential_evolution step 32: f(x)= 724.9101489171421
differential_evolution step 33: f(x)= 724.9101489171421
differential_evolution step 34: f(x)= 724.9101489171421
differential_evolution step 35: f(x)= 724.9101489171421
differential_evolution step 36: f(x)= 724.9101489171421
differential_evolution step 37: f(x)= 724.9101489171421
differential_evolution step 38: f(x)= 582.1849341848707
differential_evolution step 39: f(x)= 582.1849341848707
differential_evolution step 40: f(x)= 582.1849341848707
differential_evolution step 41: f(x)= 582.1849341848707
differential_evolution step 42: f(x)= 582.1849341848707
differential_evolution step 43: f(x)= 582.1849341848707
differential_evolution step 44: f(x)= 582.1849341848707
differential_evolution step 45: f(x)= 582.1849341848707
differential_evolution step 46: f(x)= 582.1849341848707
differential_evolution step 47: f(x)= 582.1849341848707
differential_evolution step 48: f(x)= 582.1849341848707
differential_evolution step 49: f(x)= 582.1849341848707
differential_evolution step 50: f(x)= 582.1849341848707
differential_evolution step 51: f(x)= 582.1849341848707
differential_evolution step 52: f(x)= 582.1849341848707
differential_evolution step 53: f(x)= 582.1849341848707
differential_evolution step 54: f(x)= 582.1849341848707
differential_evolution step 55: f(x)= 582.1849341848707
differential_evolution step 56: f(x)= 582.1849341848707
differential_evolution step 57: f(x)= 582.1849341848707
differential_evolution step 58: f(x)= 582.1849341848707
differential_evolution step 59: f(x)= 582.1849341848707
differential_evolution step 60: f(x)= 582.1849341848707
differential_evolution step 61: f(x)= 580.8591690409685
differential_evolution step 62: f(x)= 578.9681241341038
differential_evolution step 63: f(x)= 578.9681241341038
differential_evolution step 64: f(x)= 578.9681241341038
differential_evolution step 65: f(x)= 574.6418723694835
differential_evolution step 66: f(x)= 574.1808897800452
differential_evolution step 67: f(x)= 574.1808897800452
differential_evolution step 68: f(x)= 574.1808897800452
differential_evolution step 69: f(x)= 574.1808897800452
differential_evolution step 70: f(x)= 566.9483551412169
differential_evolution step 71: f(x)= 566.9483551412169
differential_evolution step 72: f(x)= 566.9483551412169
differential_evolution step 73: f(x)= 559.4862022509376
differential_evolution step 74: f(x)= 559.4862022509376
differential_evolution step 75: f(x)= 559.4862022509376
differential_evolution step 76: f(x)= 559.4862022509376
differential_evolution step 77: f(x)= 559.4862022509376
differential_evolution step 78: f(x)= 559.4862022509376
differential_evolution step 79: f(x)= 557.8702752213603
differential_evolution step 80: f(x)= 557.8702752213603
differential_evolution step 81: f(x)= 557.8702752213603
differential_evolution step 82: f(x)= 557.8702752213603
differential_evolution step 83: f(x)= 557.8702752213603
differential_evolution step 84: f(x)= 557.8702752213603
differential_evolution step 85: f(x)= 557.8702752213603
differential_evolution step 86: f(x)= 557.8702752213603
differential_evolution step 87: f(x)= 557.8702752213603
differential_evolution step 88: f(x)= 557.8702752213603
differential_evolution step 89: f(x)= 557.8702752213603
differential_evolution step 90: f(x)= 557.8702752213603
differential_evolution step 91: f(x)= 557.8702752213603
differential_evolution step 92: f(x)= 557.7888441852978
differential_evolution step 93: f(x)= 557.7888441852978
differential_evolution step 94: f(x)= 557.7888441852978
differential_evolution step 95: f(x)= 557.7888441852978
differential_evolution step 96: f(x)= 557.0849580237682
differential_evolution step 97: f(x)= 557.0849580237682
differential_evolution step 98: f(x)= 557.0849580237682
differential_evolution step 99: f(x)= 557.0849580237682
differential_evolution step 100: f(x)= 557.0849580237682
differential_evolution step 101: f(x)= 557.0849580237682
differential_evolution step 102: f(x)= 557.0849580237682
differential_evolution step 103: f(x)= 557.0849580237682
differential_evolution step 104: f(x)= 557.0849580237682
differential_evolution step 105: f(x)= 556.3658362835004
differential_evolution step 106: f(x)= 556.3658362835004
differential_evolution step 107: f(x)= 556.3658362835004
differential_evolution step 108: f(x)= 556.3658362835004
differential_evolution step 109: f(x)= 556.3658362835004
differential_evolution step 110: f(x)= 556.3658362835004
differential_evolution step 111: f(x)= 556.3658362835004
differential_evolution step 112: f(x)= 556.3658362835004
differential_evolution step 113: f(x)= 556.3658362835004
differential_evolution step 114: f(x)= 556.3658362835004
differential_evolution step 115: f(x)= 556.3658362835004
differential_evolution step 116: f(x)= 556.3658362835004
differential_evolution step 117: f(x)= 556.3658362835004
differential_evolution step 118: f(x)= 556.3658362835004
differential_evolution step 119: f(x)= 556.3658362835004
differential_evolution step 120: f(x)= 556.3658362835004
differential_evolution step 121: f(x)= 556.3658362835004
differential_evolution step 122: f(x)= 556.3658362835004
differential_evolution step 123: f(x)= 556.1749427593314
differential_evolution step 124: f(x)= 556.1749427593314
differential_evolution step 125: f(x)= 556.1749427593314
differential_evolution step 126: f(x)= 556.1749427593314
differential_evolution step 127: f(x)= 556.1447698658149
differential_evolution step 128: f(x)= 556.1447698658149
differential_evolution step 129: f(x)= 556.1447698658149
differential_evolution step 130: f(x)= 556.1447698658149
differential_evolution step 131: f(x)= 556.1447698658149
differential_evolution step 132: f(x)= 556.1433480367455
differential_evolution step 133: f(x)= 556.1433480367455
differential_evolution step 134: f(x)= 556.1433480367455
differential_evolution step 135: f(x)= 556.1433480367455
differential_evolution step 136: f(x)= 556.1221715257191
differential_evolution step 137: f(x)= 556.0955275458861
differential_evolution step 138: f(x)= 556.0520789028843
differential_evolution step 139: f(x)= 555.9876406109317
differential_evolution step 140: f(x)= 555.9876406109317
differential_evolution step 141: f(x)= 555.9876406109317
differential_evolution step 142: f(x)= 555.9876406109317
differential_evolution step 143: f(x)= 555.9876406109317
differential_evolution step 144: f(x)= 555.9876406109317
differential_evolution step 145: f(x)= 555.9876406109317
differential_evolution step 146: f(x)= 555.9499747662481
differential_evolution step 147: f(x)= 555.9499747662481
differential_evolution step 148: f(x)= 555.9499747662481
differential_evolution step 149: f(x)= 555.9499747662481
differential_evolution step 150: f(x)= 555.9499747662481
differential_evolution step 151: f(x)= 555.9499747662481
differential_evolution step 152: f(x)= 555.9499747662481
differential_evolution step 153: f(x)= 555.9499747662481
differential_evolution step 154: f(x)= 555.9499747662481
differential_evolution step 155: f(x)= 555.9499747662481
differential_evolution step 156: f(x)= 555.9499747662481
differential_evolution step 157: f(x)= 555.9499747662481
differential_evolution step 158: f(x)= 555.9499747662481
differential_evolution step 159: f(x)= 555.9499747662481
differential_evolution step 160: f(x)= 555.9499747662481
differential_evolution step 161: f(x)= 555.9499747662481
differential_evolution step 162: f(x)= 555.9499747662481
differential_evolution step 163: f(x)= 555.9499747662481
differential_evolution step 164: f(x)= 555.9499747662481
differential_evolution step 165: f(x)= 555.9499747662481
differential_evolution step 166: f(x)= 555.9499747662481
differential_evolution step 167: f(x)= 555.9499747662481
differential_evolution step 168: f(x)= 555.9499747662481
differential_evolution step 169: f(x)= 555.9499747662481
differential_evolution step 170: f(x)= 555.9499747662481
differential_evolution step 171: f(x)= 555.9499747662481
differential_evolution step 172: f(x)= 555.9499747662481
differential_evolution step 173: f(x)= 555.9499747662481
differential_evolution step 174: f(x)= 555.9499747662481
differential_evolution step 175: f(x)= 555.9484970807455
differential_evolution step 176: f(x)= 555.9484970807455
differential_evolution step 177: f(x)= 555.9484970807455
differential_evolution step 178: f(x)= 555.9484970807455
differential_evolution step 179: f(x)= 555.9484970807455
differential_evolution step 180: f(x)= 555.9484970807455
differential_evolution step 181: f(x)= 555.9484970807455
differential_evolution step 182: f(x)= 555.9484970807455
differential_evolution step 183: f(x)= 555.9484970807455
differential_evolution step 184: f(x)= 555.9484970807455
differential_evolution step 185: f(x)= 555.9225592360656
differential_evolution step 186: f(x)= 555.9225592360656
differential_evolution step 187: f(x)= 555.9225592360656
differential_evolution step 188: f(x)= 555.9225592360656
differential_evolution step 189: f(x)= 555.9225592360656
differential_evolution step 190: f(x)= 555.9225592360656
differential_evolution step 191: f(x)= 555.9225592360656
differential_evolution step 192: f(x)= 555.9225592360656
differential_evolution step 193: f(x)= 555.9225592360656
differential_evolution step 194: f(x)= 555.8876952381411
differential_evolution step 195: f(x)= 555.8876952381411
differential_evolution step 196: f(x)= 555.8876952381411
differential_evolution step 197: f(x)= 555.8876952381411
differential_evolution step 198: f(x)= 555.8876952381411
differential_evolution step 199: f(x)= 555.8876952381411
differential_evolution step 200: f(x)= 555.87415732086
Cluster 0 DE best chi^2: 555.874 with params {'x_src': np.float64(76.22126252276425), 'y_src': np.float64(81.20906144670533), 'z_s': np.float64(1.745580209614519)}
--- Running DE for Cluster 1 ---
[DE] Process Pool with 16 procs (init=latinhypercube, popsize=50)
differential_evolution step 1: f(x)= 3000.0
differential_evolution step 2: f(x)= 3000.0
differential_evolution step 3: f(x)= 3000.0
differential_evolution step 4: f(x)= 3000.0
differential_evolution step 5: f(x)= 3000.0
differential_evolution step 6: f(x)= 3000.0
differential_evolution step 7: f(x)= 3000.0
differential_evolution step 8: f(x)= 3000.0
differential_evolution step 9: f(x)= 3000.0
differential_evolution step 10: f(x)= 3000.0
differential_evolution step 11: f(x)= 3000.0
differential_evolution step 12: f(x)= 3000.0
differential_evolution step 13: f(x)= 727.6126169051231
differential_evolution step 14: f(x)= 105.10131195482629
differential_evolution step 15: f(x)= 105.10131195482629
differential_evolution step 16: f(x)= 95.1744138219497
differential_evolution step 17: f(x)= 95.1744138219497
differential_evolution step 18: f(x)= 95.1744138219497
differential_evolution step 19: f(x)= 79.03860158824978
differential_evolution step 20: f(x)= 79.03860158824978
differential_evolution step 21: f(x)= 79.03860158824978
differential_evolution step 22: f(x)= 79.03860158824978
differential_evolution step 23: f(x)= 19.455249697749
differential_evolution step 24: f(x)= 19.455249697749
differential_evolution step 25: f(x)= 6.295107901417085
differential_evolution step 26: f(x)= 6.295107901417085
differential_evolution step 27: f(x)= 6.295107901417085
differential_evolution step 28: f(x)= 6.295107901417085
differential_evolution step 29: f(x)= 3.4073220152847448
differential_evolution step 30: f(x)= 3.4073220152847448
differential_evolution step 31: f(x)= 3.4073220152847448
differential_evolution step 32: f(x)= 3.4073220152847448
differential_evolution step 33: f(x)= 3.0270473681823398
differential_evolution step 34: f(x)= 2.2448048341174474
differential_evolution step 35: f(x)= 2.2448048341174474
differential_evolution step 36: f(x)= 2.2448048341174474
differential_evolution step 37: f(x)= 2.2448048341174474
differential_evolution step 38: f(x)= 2.2448048341174474
differential_evolution step 39: f(x)= 2.2448048341174474
differential_evolution step 40: f(x)= 2.2448048341174474
differential_evolution step 41: f(x)= 2.0551257092363864
differential_evolution step 42: f(x)= 1.4547452724409042
differential_evolution step 43: f(x)= 1.4547452724409042
differential_evolution step 44: f(x)= 1.4547452724409042
differential_evolution step 45: f(x)= 0.39804748402724943
differential_evolution step 46: f(x)= 0.39804748402724943
differential_evolution step 47: f(x)= 0.1836745426274637
differential_evolution step 48: f(x)= 0.1836745426274637
differential_evolution step 49: f(x)= 0.1836745426274637
differential_evolution step 50: f(x)= 0.1836745426274637
differential_evolution step 51: f(x)= 0.1836745426274637
differential_evolution step 52: f(x)= 0.1836745426274637
differential_evolution step 53: f(x)= 0.1836745426274637
differential_evolution step 54: f(x)= 0.1836745426274637
differential_evolution step 55: f(x)= 0.1697749850760214
differential_evolution step 56: f(x)= 0.039827259635655955
differential_evolution step 57: f(x)= 0.015996355201728
Cluster 1 DE best chi^2: 0.016 with params {'x_src': np.float64(208.5537638513987), 'y_src': np.float64(192.21857677450296), 'z_s': np.float64(1.7134576067567784)}
--- Running DE for Cluster 2 ---
[DE] Process Pool with 16 procs (init=latinhypercube, popsize=50)
differential_evolution step 1: f(x)= 3122.507258378223
differential_evolution step 2: f(x)= 3122.507258378223
differential_evolution step 3: f(x)= 3122.507258378223
differential_evolution step 4: f(x)= 3122.507258378223
differential_evolution step 5: f(x)= 3122.507258378223
differential_evolution step 6: f(x)= 3122.507258378223
differential_evolution step 7: f(x)= 2947.4132203680974
differential_evolution step 8: f(x)= 1724.248891300648
differential_evolution step 9: f(x)= 1724.248891300648
differential_evolution step 10: f(x)= 1724.248891300648
differential_evolution step 11: f(x)= 1724.248891300648
differential_evolution step 12: f(x)= 1427.7435029482454
differential_evolution step 13: f(x)= 518.878291046173
differential_evolution step 14: f(x)= 507.31378021344204
differential_evolution step 15: f(x)= 507.31378021344204
differential_evolution step 16: f(x)= 507.31378021344204
differential_evolution step 17: f(x)= 507.31378021344204
differential_evolution step 18: f(x)= 507.31378021344204
differential_evolution step 19: f(x)= 507.31378021344204
differential_evolution step 20: f(x)= 507.31378021344204
differential_evolution step 21: f(x)= 507.31378021344204
differential_evolution step 22: f(x)= 507.31378021344204
differential_evolution step 23: f(x)= 507.31378021344204
differential_evolution step 24: f(x)= 501.7711652070715
differential_evolution step 25: f(x)= 389.0332947449582
differential_evolution step 26: f(x)= 389.0332947449582
differential_evolution step 27: f(x)= 389.0332947449582
differential_evolution step 28: f(x)= 389.0332947449582
differential_evolution step 29: f(x)= 389.0332947449582
differential_evolution step 30: f(x)= 389.0332947449582
differential_evolution step 31: f(x)= 389.0332947449582
differential_evolution step 32: f(x)= 389.0332947449582
differential_evolution step 33: f(x)= 389.0332947449582
differential_evolution step 34: f(x)= 389.0332947449582
differential_evolution step 35: f(x)= 389.0332947449582
differential_evolution step 36: f(x)= 389.0332947449582
differential_evolution step 37: f(x)= 389.0332947449582
differential_evolution step 38: f(x)= 389.0332947449582
differential_evolution step 39: f(x)= 389.0332947449582
differential_evolution step 40: f(x)= 389.0332947449582
differential_evolution step 41: f(x)= 389.0332947449582
differential_evolution step 42: f(x)= 361.678928844049
differential_evolution step 43: f(x)= 361.678928844049
differential_evolution step 44: f(x)= 361.678928844049
differential_evolution step 45: f(x)= 358.77180276641997
differential_evolution step 46: f(x)= 358.77180276641997
differential_evolution step 47: f(x)= 358.77180276641997
differential_evolution step 48: f(x)= 357.0067276303932
differential_evolution step 49: f(x)= 357.0067276303932
differential_evolution step 50: f(x)= 316.6800211839324
differential_evolution step 51: f(x)= 316.6800211839324
differential_evolution step 52: f(x)= 316.6800211839324
differential_evolution step 53: f(x)= 316.6800211839324
differential_evolution step 54: f(x)= 316.6800211839324
differential_evolution step 55: f(x)= 316.6800211839324
differential_evolution step 56: f(x)= 316.6800211839324
differential_evolution step 57: f(x)= 316.6800211839324
differential_evolution step 58: f(x)= 316.6800211839324
differential_evolution step 59: f(x)= 316.6800211839324
differential_evolution step 60: f(x)= 316.6800211839324
differential_evolution step 61: f(x)= 316.6800211839324
differential_evolution step 62: f(x)= 316.6800211839324
differential_evolution step 63: f(x)= 316.6800211839324
differential_evolution step 64: f(x)= 316.6800211839324
differential_evolution step 65: f(x)= 316.6800211839324
differential_evolution step 66: f(x)= 316.6800211839324
differential_evolution step 67: f(x)= 307.13263431773987
differential_evolution step 68: f(x)= 307.13263431773987
differential_evolution step 69: f(x)= 307.13263431773987
differential_evolution step 70: f(x)= 307.13263431773987
differential_evolution step 71: f(x)= 307.13263431773987
differential_evolution step 72: f(x)= 307.13263431773987
differential_evolution step 73: f(x)= 307.13263431773987
differential_evolution step 74: f(x)= 307.13263431773987
differential_evolution step 75: f(x)= 307.13263431773987
differential_evolution step 76: f(x)= 307.13263431773987
differential_evolution step 77: f(x)= 307.13263431773987
differential_evolution step 78: f(x)= 307.13263431773987
differential_evolution step 79: f(x)= 307.13263431773987
differential_evolution step 80: f(x)= 307.13263431773987
differential_evolution step 81: f(x)= 307.13263431773987
differential_evolution step 82: f(x)= 307.13263431773987
differential_evolution step 83: f(x)= 307.13263431773987
differential_evolution step 84: f(x)= 307.13263431773987
differential_evolution step 85: f(x)= 307.13263431773987
differential_evolution step 86: f(x)= 307.13263431773987
differential_evolution step 87: f(x)= 307.13263431773987
differential_evolution step 88: f(x)= 307.13263431773987
differential_evolution step 89: f(x)= 307.13263431773987
differential_evolution step 90: f(x)= 307.13263431773987
differential_evolution step 91: f(x)= 307.13263431773987
differential_evolution step 92: f(x)= 307.13263431773987
differential_evolution step 93: f(x)= 307.13263431773987
differential_evolution step 94: f(x)= 307.13263431773987
differential_evolution step 95: f(x)= 307.13263431773987
differential_evolution step 96: f(x)= 307.13263431773987
differential_evolution step 97: f(x)= 307.13263431773987
differential_evolution step 98: f(x)= 307.13263431773987
differential_evolution step 99: f(x)= 304.36301819911694
differential_evolution step 100: f(x)= 304.36301819911694
differential_evolution step 101: f(x)= 304.36301819911694
differential_evolution step 102: f(x)= 304.36301819911694
differential_evolution step 103: f(x)= 304.36301819911694
differential_evolution step 104: f(x)= 304.36301819911694
differential_evolution step 105: f(x)= 304.36301819911694
differential_evolution step 106: f(x)= 304.36301819911694
differential_evolution step 107: f(x)= 304.36301819911694
differential_evolution step 108: f(x)= 304.36301819911694
differential_evolution step 109: f(x)= 304.36301819911694
differential_evolution step 110: f(x)= 304.36301819911694
differential_evolution step 111: f(x)= 295.3676287190558
differential_evolution step 112: f(x)= 295.3676287190558
differential_evolution step 113: f(x)= 295.3676287190558
differential_evolution step 114: f(x)= 295.3676287190558
differential_evolution step 115: f(x)= 295.3676287190558
differential_evolution step 116: f(x)= 295.3676287190558
differential_evolution step 117: f(x)= 295.3676287190558
differential_evolution step 118: f(x)= 295.3676287190558
differential_evolution step 119: f(x)= 295.3676287190558
differential_evolution step 120: f(x)= 295.3676287190558
differential_evolution step 121: f(x)= 295.3676287190558
differential_evolution step 122: f(x)= 295.3676287190558
differential_evolution step 123: f(x)= 295.3676287190558
differential_evolution step 124: f(x)= 289.64298564627654
differential_evolution step 125: f(x)= 289.64298564627654
differential_evolution step 126: f(x)= 289.64298564627654
differential_evolution step 127: f(x)= 289.64298564627654
differential_evolution step 128: f(x)= 289.64298564627654
differential_evolution step 129: f(x)= 289.64298564627654
differential_evolution step 130: f(x)= 289.64298564627654
differential_evolution step 131: f(x)= 289.64298564627654
differential_evolution step 132: f(x)= 289.64298564627654
differential_evolution step 133: f(x)= 289.64298564627654
differential_evolution step 134: f(x)= 289.64298564627654
differential_evolution step 135: f(x)= 289.64298564627654
differential_evolution step 136: f(x)= 289.64298564627654
differential_evolution step 137: f(x)= 289.64298564627654
differential_evolution step 138: f(x)= 289.64298564627654
differential_evolution step 139: f(x)= 289.64298564627654
differential_evolution step 140: f(x)= 289.64298564627654
differential_evolution step 141: f(x)= 289.64298564627654
differential_evolution step 142: f(x)= 289.64298564627654
differential_evolution step 143: f(x)= 289.64298564627654
differential_evolution step 144: f(x)= 289.64298564627654
differential_evolution step 145: f(x)= 289.64298564627654
differential_evolution step 146: f(x)= 289.64298564627654
differential_evolution step 147: f(x)= 289.64298564627654
differential_evolution step 148: f(x)= 289.64298564627654
differential_evolution step 149: f(x)= 289.64298564627654
differential_evolution step 150: f(x)= 289.64298564627654
differential_evolution step 151: f(x)= 289.64298564627654
differential_evolution step 152: f(x)= 289.64298564627654
differential_evolution step 153: f(x)= 289.64298564627654
differential_evolution step 154: f(x)= 289.64298564627654
differential_evolution step 155: f(x)= 289.64298564627654
differential_evolution step 156: f(x)= 289.64298564627654
differential_evolution step 157: f(x)= 289.64298564627654
differential_evolution step 158: f(x)= 289.64298564627654
differential_evolution step 159: f(x)= 289.64298564627654
differential_evolution step 160: f(x)= 289.64298564627654
differential_evolution step 161: f(x)= 289.64298564627654
differential_evolution step 162: f(x)= 289.64298564627654
differential_evolution step 163: f(x)= 289.64298564627654
differential_evolution step 164: f(x)= 289.64298564627654
differential_evolution step 165: f(x)= 289.64298564627654
differential_evolution step 166: f(x)= 289.64298564627654
differential_evolution step 167: f(x)= 289.64298564627654
differential_evolution step 168: f(x)= 289.64298564627654
differential_evolution step 169: f(x)= 289.64298564627654
differential_evolution step 170: f(x)= 289.178294886905
differential_evolution step 171: f(x)= 289.178294886905
differential_evolution step 172: f(x)= 289.178294886905
differential_evolution step 173: f(x)= 289.178294886905
differential_evolution step 174: f(x)= 289.178294886905
differential_evolution step 175: f(x)= 289.178294886905
differential_evolution step 176: f(x)= 289.178294886905
differential_evolution step 177: f(x)= 289.178294886905
differential_evolution step 178: f(x)= 289.178294886905
differential_evolution step 179: f(x)= 289.178294886905
differential_evolution step 180: f(x)= 289.178294886905
differential_evolution step 181: f(x)= 289.178294886905
differential_evolution step 182: f(x)= 289.1668178848554
differential_evolution step 183: f(x)= 288.8604599931638
differential_evolution step 184: f(x)= 288.8604599931638
differential_evolution step 185: f(x)= 288.8604599931638
differential_evolution step 186: f(x)= 288.8604599931638
differential_evolution step 187: f(x)= 288.8604599931638
differential_evolution step 188: f(x)= 288.8604599931638
differential_evolution step 189: f(x)= 288.8604599931638
differential_evolution step 190: f(x)= 288.8604599931638
differential_evolution step 191: f(x)= 288.8604599931638
differential_evolution step 192: f(x)= 288.8604599931638
differential_evolution step 193: f(x)= 288.8604599931638
differential_evolution step 194: f(x)= 288.8604599931638
differential_evolution step 195: f(x)= 288.80828140960705
differential_evolution step 196: f(x)= 288.80828140960705
differential_evolution step 197: f(x)= 288.80828140960705
differential_evolution step 198: f(x)= 288.80828140960705
differential_evolution step 199: f(x)= 288.80828140960705
differential_evolution step 200: f(x)= 288.80828140960705
Cluster 2 DE best chi^2: 288.808 with params {'x_src': np.float64(98.75343588979797), 'y_src': np.float64(103.05161255488238), 'z_s': np.float64(1.2286407947714346)}
--- Running DE for Cluster 3 ---
[DE] Process Pool with 16 procs (init=latinhypercube, popsize=50)
differential_evolution step 1: f(x)= 4242.640687119286
differential_evolution step 2: f(x)= 3000.0
differential_evolution step 3: f(x)= 3000.0
differential_evolution step 4: f(x)= 3000.0
differential_evolution step 5: f(x)= 3000.0
differential_evolution step 6: f(x)= 3000.0
differential_evolution step 7: f(x)= 3000.0
differential_evolution step 8: f(x)= 3000.0
differential_evolution step 9: f(x)= 3000.0
differential_evolution step 10: f(x)= 3000.0
differential_evolution step 11: f(x)= 3000.0
differential_evolution step 12: f(x)= 3000.0
differential_evolution step 13: f(x)= 3000.0
differential_evolution step 14: f(x)= 3000.0
differential_evolution step 15: f(x)= 3000.0
differential_evolution step 16: f(x)= 3000.0
differential_evolution step 17: f(x)= 3000.0
differential_evolution step 18: f(x)= 3000.0
differential_evolution step 19: f(x)= 3000.0
differential_evolution step 20: f(x)= 3000.0
differential_evolution step 21: f(x)= 3000.0
differential_evolution step 22: f(x)= 3000.0
differential_evolution step 23: f(x)= 3000.0
differential_evolution step 24: f(x)= 3000.0
differential_evolution step 25: f(x)= 3000.0
differential_evolution step 26: f(x)= 3000.0
differential_evolution step 27: f(x)= 3000.0
differential_evolution step 28: f(x)= 3000.0
differential_evolution step 29: f(x)= 3000.0
differential_evolution step 30: f(x)= 3000.0
differential_evolution step 31: f(x)= 3000.0
differential_evolution step 32: f(x)= 3000.0
differential_evolution step 33: f(x)= 3000.0
differential_evolution step 34: f(x)= 3000.0
differential_evolution step 35: f(x)= 3000.0
differential_evolution step 36: f(x)= 3000.0
differential_evolution step 37: f(x)= 3000.0
differential_evolution step 38: f(x)= 3000.0
differential_evolution step 39: f(x)= 3000.0
differential_evolution step 40: f(x)= 3000.0
differential_evolution step 41: f(x)= 3000.0
differential_evolution step 42: f(x)= 3000.0
differential_evolution step 43: f(x)= 3000.0
differential_evolution step 44: f(x)= 3000.0
differential_evolution step 45: f(x)= 3000.0
differential_evolution step 46: f(x)= 3000.0
differential_evolution step 47: f(x)= 3000.0
differential_evolution step 48: f(x)= 3000.0
differential_evolution step 49: f(x)= 3000.0
differential_evolution step 50: f(x)= 3000.0
differential_evolution step 51: f(x)= 3000.0
differential_evolution step 52: f(x)= 3000.0
differential_evolution step 53: f(x)= 3000.0
differential_evolution step 54: f(x)= 3000.0
differential_evolution step 55: f(x)= 3000.0
differential_evolution step 56: f(x)= 3000.0
differential_evolution step 57: f(x)= 3000.0
differential_evolution step 58: f(x)= 3000.0
differential_evolution step 59: f(x)= 3000.0
differential_evolution step 60: f(x)= 3000.0
differential_evolution step 61: f(x)= 3000.0
differential_evolution step 62: f(x)= 3000.0
differential_evolution step 63: f(x)= 3000.0
differential_evolution step 64: f(x)= 3000.0
differential_evolution step 65: f(x)= 3000.0
differential_evolution step 66: f(x)= 3000.0
differential_evolution step 67: f(x)= 3000.0
differential_evolution step 68: f(x)= 3000.0
differential_evolution step 69: f(x)= 3000.0
differential_evolution step 70: f(x)= 3000.0
differential_evolution step 71: f(x)= 3000.0
differential_evolution step 72: f(x)= 3000.0
differential_evolution step 73: f(x)= 3000.0
differential_evolution step 74: f(x)= 3000.0
differential_evolution step 75: f(x)= 3000.0
differential_evolution step 76: f(x)= 3000.0
differential_evolution step 77: f(x)= 3000.0
differential_evolution step 78: f(x)= 3000.0
differential_evolution step 79: f(x)= 3000.0
differential_evolution step 80: f(x)= 3000.0
differential_evolution step 81: f(x)= 3000.0
differential_evolution step 82: f(x)= 3000.0
differential_evolution step 83: f(x)= 3000.0
differential_evolution step 84: f(x)= 3000.0
differential_evolution step 85: f(x)= 3000.0
differential_evolution step 86: f(x)= 3000.0
differential_evolution step 87: f(x)= 3000.0
differential_evolution step 88: f(x)= 3000.0
differential_evolution step 89: f(x)= 3000.0
differential_evolution step 90: f(x)= 3000.0
differential_evolution step 91: f(x)= 3000.0
differential_evolution step 92: f(x)= 3000.0
differential_evolution step 93: f(x)= 3000.0
differential_evolution step 94: f(x)= 3000.0
differential_evolution step 95: f(x)= 3000.0
differential_evolution step 96: f(x)= 3000.0
differential_evolution step 97: f(x)= 3000.0
differential_evolution step 98: f(x)= 3000.0
differential_evolution step 99: f(x)= 3000.0
differential_evolution step 100: f(x)= 3000.0
differential_evolution step 101: f(x)= 3000.0
differential_evolution step 102: f(x)= 3000.0
differential_evolution step 103: f(x)= 3000.0
differential_evolution step 104: f(x)= 3000.0
differential_evolution step 105: f(x)= 3000.0
differential_evolution step 106: f(x)= 3000.0
differential_evolution step 107: f(x)= 3000.0
differential_evolution step 108: f(x)= 3000.0
differential_evolution step 109: f(x)= 3000.0
differential_evolution step 110: f(x)= 3000.0
differential_evolution step 111: f(x)= 3000.0
differential_evolution step 112: f(x)= 3000.0
differential_evolution step 113: f(x)= 3000.0
differential_evolution step 114: f(x)= 3000.0
differential_evolution step 115: f(x)= 3000.0
differential_evolution step 116: f(x)= 3000.0
differential_evolution step 117: f(x)= 3000.0
differential_evolution step 118: f(x)= 3000.0
differential_evolution step 119: f(x)= 3000.0
differential_evolution step 120: f(x)= 3000.0
differential_evolution step 121: f(x)= 3000.0
differential_evolution step 122: f(x)= 3000.0
differential_evolution step 123: f(x)= 3000.0
differential_evolution step 124: f(x)= 3000.0
differential_evolution step 125: f(x)= 3000.0
differential_evolution step 126: f(x)= 3000.0
differential_evolution step 127: f(x)= 3000.0
differential_evolution step 128: f(x)= 3000.0
differential_evolution step 129: f(x)= 3000.0
differential_evolution step 130: f(x)= 3000.0
differential_evolution step 131: f(x)= 3000.0
differential_evolution step 132: f(x)= 3000.0
differential_evolution step 133: f(x)= 3000.0
differential_evolution step 134: f(x)= 3000.0
differential_evolution step 135: f(x)= 3000.0
differential_evolution step 136: f(x)= 3000.0
differential_evolution step 137: f(x)= 3000.0
differential_evolution step 138: f(x)= 3000.0
differential_evolution step 139: f(x)= 3000.0
differential_evolution step 140: f(x)= 3000.0
differential_evolution step 141: f(x)= 3000.0
differential_evolution step 142: f(x)= 3000.0
differential_evolution step 143: f(x)= 3000.0
differential_evolution step 144: f(x)= 3000.0
differential_evolution step 145: f(x)= 3000.0
differential_evolution step 146: f(x)= 3000.0
differential_evolution step 147: f(x)= 3000.0
differential_evolution step 148: f(x)= 3000.0
differential_evolution step 149: f(x)= 3000.0
differential_evolution step 150: f(x)= 3000.0
differential_evolution step 151: f(x)= 3000.0
differential_evolution step 152: f(x)= 3000.0
differential_evolution step 153: f(x)= 3000.0
differential_evolution step 154: f(x)= 3000.0
differential_evolution step 155: f(x)= 3000.0
differential_evolution step 156: f(x)= 3000.0
differential_evolution step 157: f(x)= 3000.0
differential_evolution step 158: f(x)= 3000.0
Cluster 3 DE best chi^2: 3000.000 with params {'x_src': np.float64(123.61287946760548), 'y_src': np.float64(117.37946712939369), 'z_s': np.float64(1.7577728894427493)}
--- Running DE for Cluster 4 ---
[DE] Process Pool with 16 procs (init=latinhypercube, popsize=50)
differential_evolution step 1: f(x)= 3000.0
differential_evolution step 2: f(x)= 3000.0
differential_evolution step 3: f(x)= 3000.0
differential_evolution step 4: f(x)= 3000.0
differential_evolution step 5: f(x)= 3000.0
differential_evolution step 6: f(x)= 3000.0
differential_evolution step 7: f(x)= 3000.0
differential_evolution step 8: f(x)= 3000.0
differential_evolution step 9: f(x)= 918.7322936193309
differential_evolution step 10: f(x)= 821.836214711082
differential_evolution step 11: f(x)= 697.4514404901124
differential_evolution step 12: f(x)= 697.4514404901124
differential_evolution step 13: f(x)= 697.4514404901124
differential_evolution step 14: f(x)= 697.4514404901124
differential_evolution step 15: f(x)= 697.4514404901124
differential_evolution step 16: f(x)= 697.4514404901124
differential_evolution step 17: f(x)= 697.4514404901124
differential_evolution step 18: f(x)= 697.4514404901124
differential_evolution step 19: f(x)= 697.4514404901124
differential_evolution step 20: f(x)= 559.9431958115692
differential_evolution step 21: f(x)= 559.9431958115692
differential_evolution step 22: f(x)= 559.9431958115692
differential_evolution step 23: f(x)= 559.9431958115692
differential_evolution step 24: f(x)= 559.9431958115692
differential_evolution step 25: f(x)= 559.9431958115692
differential_evolution step 26: f(x)= 559.9431958115692
differential_evolution step 27: f(x)= 559.9431958115692
differential_evolution step 28: f(x)= 559.9431958115692
differential_evolution step 29: f(x)= 559.9431958115692
differential_evolution step 30: f(x)= 559.9431958115692
differential_evolution step 31: f(x)= 559.9431958115692
differential_evolution step 32: f(x)= 559.9431958115692
differential_evolution step 33: f(x)= 559.9431958115692
differential_evolution step 34: f(x)= 559.9431958115692
differential_evolution step 35: f(x)= 559.9431958115692
differential_evolution step 36: f(x)= 559.9431958115692
differential_evolution step 37: f(x)= 559.9431958115692
differential_evolution step 38: f(x)= 559.9431958115692
differential_evolution step 39: f(x)= 559.9431958115692
differential_evolution step 40: f(x)= 559.9431958115692
differential_evolution step 41: f(x)= 559.9431958115692
differential_evolution step 42: f(x)= 559.9431958115692
differential_evolution step 43: f(x)= 559.9431958115692
differential_evolution step 44: f(x)= 488.2318081252532
differential_evolution step 45: f(x)= 488.2318081252532
differential_evolution step 46: f(x)= 488.2318081252532
differential_evolution step 47: f(x)= 488.2318081252532
differential_evolution step 48: f(x)= 488.2318081252532
differential_evolution step 49: f(x)= 488.2318081252532
differential_evolution step 50: f(x)= 488.2318081252532
differential_evolution step 51: f(x)= 488.2318081252532
differential_evolution step 52: f(x)= 488.2318081252532
differential_evolution step 53: f(x)= 488.2318081252532
differential_evolution step 54: f(x)= 488.2318081252532
differential_evolution step 55: f(x)= 488.2318081252532
differential_evolution step 56: f(x)= 488.2318081252532
differential_evolution step 57: f(x)= 488.2318081252532
differential_evolution step 58: f(x)= 488.2318081252532
differential_evolution step 59: f(x)= 488.2318081252532
differential_evolution step 60: f(x)= 488.2318081252532
differential_evolution step 61: f(x)= 488.2318081252532
differential_evolution step 62: f(x)= 488.2318081252532
differential_evolution step 63: f(x)= 488.2318081252532
differential_evolution step 64: f(x)= 488.2318081252532
differential_evolution step 65: f(x)= 488.2318081252532
differential_evolution step 66: f(x)= 488.2318081252532
differential_evolution step 67: f(x)= 488.2318081252532
differential_evolution step 68: f(x)= 488.2318081252532
differential_evolution step 69: f(x)= 488.2318081252532
differential_evolution step 70: f(x)= 488.2318081252532
differential_evolution step 71: f(x)= 488.2318081252532
differential_evolution step 72: f(x)= 488.2318081252532
differential_evolution step 73: f(x)= 488.2318081252532
differential_evolution step 74: f(x)= 488.2318081252532
differential_evolution step 75: f(x)= 488.2318081252532
differential_evolution step 76: f(x)= 488.2318081252532
differential_evolution step 77: f(x)= 488.2318081252532
differential_evolution step 78: f(x)= 488.2318081252532
differential_evolution step 79: f(x)= 488.2318081252532
differential_evolution step 80: f(x)= 488.2318081252532
differential_evolution step 81: f(x)= 488.2318081252532
differential_evolution step 82: f(x)= 488.2318081252532
differential_evolution step 83: f(x)= 488.2318081252532
differential_evolution step 84: f(x)= 488.2318081252532
differential_evolution step 85: f(x)= 488.2318081252532
differential_evolution step 86: f(x)= 488.2318081252532
differential_evolution step 87: f(x)= 488.2318081252532
differential_evolution step 88: f(x)= 488.2318081252532
differential_evolution step 89: f(x)= 488.2318081252532
differential_evolution step 90: f(x)= 488.2318081252532
differential_evolution step 91: f(x)= 488.2318081252532
differential_evolution step 92: f(x)= 488.2318081252532
differential_evolution step 93: f(x)= 488.2318081252532
differential_evolution step 94: f(x)= 445.25375520943567
differential_evolution step 95: f(x)= 445.25375520943567
differential_evolution step 96: f(x)= 445.25375520943567
differential_evolution step 97: f(x)= 445.25375520943567
differential_evolution step 98: f(x)= 445.25375520943567
differential_evolution step 99: f(x)= 445.25375520943567
differential_evolution step 100: f(x)= 445.25375520943567
differential_evolution step 101: f(x)= 445.25375520943567
differential_evolution step 102: f(x)= 445.25375520943567
differential_evolution step 103: f(x)= 445.25375520943567
differential_evolution step 104: f(x)= 445.25375520943567
differential_evolution step 105: f(x)= 445.25375520943567
differential_evolution step 106: f(x)= 445.25375520943567
differential_evolution step 107: f(x)= 445.25375520943567
differential_evolution step 108: f(x)= 445.25375520943567
differential_evolution step 109: f(x)= 445.25375520943567
differential_evolution step 110: f(x)= 445.25375520943567
differential_evolution step 111: f(x)= 445.25375520943567
differential_evolution step 112: f(x)= 445.25375520943567
differential_evolution step 113: f(x)= 445.25375520943567
differential_evolution step 114: f(x)= 445.25375520943567
differential_evolution step 115: f(x)= 445.25375520943567
differential_evolution step 116: f(x)= 445.25375520943567
differential_evolution step 117: f(x)= 445.25375520943567
differential_evolution step 118: f(x)= 445.25375520943567
differential_evolution step 119: f(x)= 445.25375520943567
differential_evolution step 120: f(x)= 445.25375520943567
differential_evolution step 121: f(x)= 445.25375520943567
differential_evolution step 122: f(x)= 445.25375520943567
differential_evolution step 123: f(x)= 445.25375520943567
differential_evolution step 124: f(x)= 445.25375520943567
differential_evolution step 125: f(x)= 445.25375520943567
differential_evolution step 126: f(x)= 445.25375520943567
differential_evolution step 127: f(x)= 445.25375520943567
differential_evolution step 128: f(x)= 445.25375520943567
differential_evolution step 129: f(x)= 445.25375520943567
differential_evolution step 130: f(x)= 445.25375520943567
differential_evolution step 131: f(x)= 445.25375520943567
differential_evolution step 132: f(x)= 445.25375520943567
differential_evolution step 133: f(x)= 445.25375520943567
differential_evolution step 134: f(x)= 445.25375520943567
differential_evolution step 135: f(x)= 445.25375520943567
differential_evolution step 136: f(x)= 445.25375520943567
differential_evolution step 137: f(x)= 445.25375520943567
differential_evolution step 138: f(x)= 445.25375520943567
differential_evolution step 139: f(x)= 445.25375520943567
differential_evolution step 140: f(x)= 445.25375520943567
differential_evolution step 141: f(x)= 445.25375520943567
differential_evolution step 142: f(x)= 445.25375520943567
differential_evolution step 143: f(x)= 445.25375520943567
differential_evolution step 144: f(x)= 445.25375520943567
differential_evolution step 145: f(x)= 445.25375520943567
differential_evolution step 146: f(x)= 445.25375520943567
differential_evolution step 147: f(x)= 445.25375520943567
differential_evolution step 148: f(x)= 445.25375520943567
differential_evolution step 149: f(x)= 445.25375520943567
differential_evolution step 150: f(x)= 445.25375520943567
differential_evolution step 151: f(x)= 445.25375520943567
differential_evolution step 152: f(x)= 445.25375520943567
differential_evolution step 153: f(x)= 445.25375520943567
differential_evolution step 154: f(x)= 445.25375520943567
differential_evolution step 155: f(x)= 445.25375520943567
differential_evolution step 156: f(x)= 445.25375520943567
differential_evolution step 157: f(x)= 445.25375520943567
differential_evolution step 158: f(x)= 445.25375520943567
differential_evolution step 159: f(x)= 445.25375520943567
differential_evolution step 160: f(x)= 445.25375520943567
differential_evolution step 161: f(x)= 445.25375520943567
differential_evolution step 162: f(x)= 445.25375520943567
differential_evolution step 163: f(x)= 445.25375520943567
differential_evolution step 164: f(x)= 445.25375520943567
differential_evolution step 165: f(x)= 445.25375520943567
differential_evolution step 166: f(x)= 445.25375520943567
differential_evolution step 167: f(x)= 445.25375520943567
differential_evolution step 168: f(x)= 427.01361847011617
differential_evolution step 169: f(x)= 427.01361847011617
differential_evolution step 170: f(x)= 427.01361847011617
differential_evolution step 171: f(x)= 427.01361847011617
differential_evolution step 172: f(x)= 427.01361847011617
differential_evolution step 173: f(x)= 427.01361847011617
differential_evolution step 174: f(x)= 427.01361847011617
differential_evolution step 175: f(x)= 427.01361847011617
differential_evolution step 176: f(x)= 427.01361847011617
differential_evolution step 177: f(x)= 421.7046016161362
differential_evolution step 178: f(x)= 421.7046016161362
differential_evolution step 179: f(x)= 421.7046016161362
differential_evolution step 180: f(x)= 421.7046016161362
differential_evolution step 181: f(x)= 421.7046016161362
differential_evolution step 182: f(x)= 421.7046016161362
differential_evolution step 183: f(x)= 421.7046016161362
differential_evolution step 184: f(x)= 421.7046016161362
differential_evolution step 185: f(x)= 421.7046016161362
differential_evolution step 186: f(x)= 421.7046016161362
differential_evolution step 187: f(x)= 421.7046016161362
differential_evolution step 188: f(x)= 421.7046016161362
differential_evolution step 189: f(x)= 421.7046016161362
differential_evolution step 190: f(x)= 421.7046016161362
differential_evolution step 191: f(x)= 421.7046016161362
differential_evolution step 192: f(x)= 421.7046016161362
differential_evolution step 193: f(x)= 421.7046016161362
differential_evolution step 194: f(x)= 421.7046016161362
differential_evolution step 195: f(x)= 421.7046016161362
differential_evolution step 196: f(x)= 421.7046016161362
differential_evolution step 197: f(x)= 421.7046016161362
differential_evolution step 198: f(x)= 421.7046016161362
differential_evolution step 199: f(x)= 421.7046016161362
differential_evolution step 200: f(x)= 421.7046016161362
Cluster 4 DE best chi^2: 421.705 with params {'x_src': np.float64(210.86351763302375), 'y_src': np.float64(219.86464040734137), 'z_s': np.float64(1.6667376137188084)}
--- Running DE for Cluster 5 ---
[DE] Process Pool with 16 procs (init=latinhypercube, popsize=50)
differential_evolution step 1: f(x)= 3000.0
differential_evolution step 2: f(x)= 3000.0
differential_evolution step 3: f(x)= 3000.0
differential_evolution step 4: f(x)= 2959.1141622343903
differential_evolution step 5: f(x)= 2959.1141622343903
differential_evolution step 6: f(x)= 2959.1141622343903
differential_evolution step 7: f(x)= 2959.1141622343903
differential_evolution step 8: f(x)= 2959.1141622343903
differential_evolution step 9: f(x)= 2959.1141622343903
differential_evolution step 10: f(x)= 2959.1141622343903
differential_evolution step 11: f(x)= 2959.1141622343903
differential_evolution step 12: f(x)= 2959.1141622343903
differential_evolution step 13: f(x)= 2959.1141622343903
differential_evolution step 14: f(x)= 2959.1141622343903
differential_evolution step 15: f(x)= 2959.1141622343903
differential_evolution step 16: f(x)= 2959.1141622343903
differential_evolution step 17: f(x)= 2959.1141622343903
differential_evolution step 18: f(x)= 2959.1141622343903
differential_evolution step 19: f(x)= 2959.1141622343903
differential_evolution step 20: f(x)= 2106.1148508203787
differential_evolution step 21: f(x)= 2106.1148508203787
differential_evolution step 22: f(x)= 2106.1148508203787
differential_evolution step 23: f(x)= 2106.1148508203787
differential_evolution step 24: f(x)= 2106.1148508203787
differential_evolution step 25: f(x)= 2106.1148508203787
differential_evolution step 26: f(x)= 2106.1148508203787
differential_evolution step 27: f(x)= 1620.199146719742
differential_evolution step 28: f(x)= 1620.199146719742
differential_evolution step 29: f(x)= 1620.199146719742
differential_evolution step 30: f(x)= 1620.199146719742
differential_evolution step 31: f(x)= 1620.199146719742
differential_evolution step 32: f(x)= 1620.199146719742
differential_evolution step 33: f(x)= 1620.199146719742
differential_evolution step 34: f(x)= 1620.199146719742
differential_evolution step 35: f(x)= 1620.199146719742
differential_evolution step 36: f(x)= 1405.692988301691
differential_evolution step 37: f(x)= 1405.692988301691
differential_evolution step 38: f(x)= 1405.692988301691
differential_evolution step 39: f(x)= 1174.0119010754681
differential_evolution step 40: f(x)= 1174.0119010754681
differential_evolution step 41: f(x)= 1066.291654467139
differential_evolution step 42: f(x)= 1066.291654467139
differential_evolution step 43: f(x)= 1066.291654467139
differential_evolution step 44: f(x)= 1066.291654467139
differential_evolution step 45: f(x)= 1066.291654467139
differential_evolution step 46: f(x)= 1066.291654467139
differential_evolution step 47: f(x)= 1066.291654467139
differential_evolution step 48: f(x)= 1066.291654467139
differential_evolution step 49: f(x)= 1038.0219071783135
differential_evolution step 50: f(x)= 1038.0219071783135
differential_evolution step 51: f(x)= 1038.0219071783135
differential_evolution step 52: f(x)= 1038.0219071783135
differential_evolution step 53: f(x)= 1038.0219071783135
differential_evolution step 54: f(x)= 1038.0219071783135
differential_evolution step 55: f(x)= 1038.0219071783135
differential_evolution step 56: f(x)= 1038.0219071783135
differential_evolution step 57: f(x)= 1038.0219071783135
differential_evolution step 58: f(x)= 1038.0219071783135
differential_evolution step 59: f(x)= 1038.0219071783135
differential_evolution step 60: f(x)= 1038.0219071783135
differential_evolution step 61: f(x)= 1038.0219071783135
differential_evolution step 62: f(x)= 1038.0219071783135
differential_evolution step 63: f(x)= 1038.0219071783135
differential_evolution step 64: f(x)= 1038.0219071783135
differential_evolution step 65: f(x)= 1038.0219071783135
differential_evolution step 66: f(x)= 1038.0219071783135
differential_evolution step 67: f(x)= 1038.0219071783135
differential_evolution step 68: f(x)= 1038.0219071783135
differential_evolution step 69: f(x)= 1038.0219071783135
differential_evolution step 70: f(x)= 1038.0219071783135
differential_evolution step 71: f(x)= 1038.0219071783135
differential_evolution step 72: f(x)= 1038.0219071783135
differential_evolution step 73: f(x)= 1038.0219071783135
differential_evolution step 74: f(x)= 1014.9605549380435
differential_evolution step 75: f(x)= 1014.9605549380435
differential_evolution step 76: f(x)= 1014.9605549380435
differential_evolution step 77: f(x)= 1014.9605549380435
differential_evolution step 78: f(x)= 1014.9605549380435
differential_evolution step 79: f(x)= 1014.9605549380435
differential_evolution step 80: f(x)= 1014.9605549380435
differential_evolution step 81: f(x)= 1014.9605549380435
differential_evolution step 82: f(x)= 1014.9605549380435
differential_evolution step 83: f(x)= 1014.9605549380435
differential_evolution step 84: f(x)= 1014.9605549380435
differential_evolution step 85: f(x)= 1014.9605549380435
differential_evolution step 86: f(x)= 1014.9605549380435
differential_evolution step 87: f(x)= 1014.9605549380435
differential_evolution step 88: f(x)= 1014.9605549380435
differential_evolution step 89: f(x)= 961.236344348017
differential_evolution step 90: f(x)= 961.236344348017
differential_evolution step 91: f(x)= 950.7833492004058
differential_evolution step 92: f(x)= 950.7833492004058
differential_evolution step 93: f(x)= 950.7833492004058
differential_evolution step 94: f(x)= 950.7833492004058
differential_evolution step 95: f(x)= 950.7833492004058
differential_evolution step 96: f(x)= 950.7833492004058
differential_evolution step 97: f(x)= 950.7833492004058
differential_evolution step 98: f(x)= 950.7833492004058
differential_evolution step 99: f(x)= 950.7833492004058
differential_evolution step 100: f(x)= 950.7833492004058
differential_evolution step 101: f(x)= 950.7833492004058
differential_evolution step 102: f(x)= 950.7833492004058
differential_evolution step 103: f(x)= 950.7833492004058
differential_evolution step 104: f(x)= 950.7833492004058
differential_evolution step 105: f(x)= 950.7833492004058
differential_evolution step 106: f(x)= 950.7833492004058
differential_evolution step 107: f(x)= 950.7833492004058
differential_evolution step 108: f(x)= 950.7833492004058
differential_evolution step 109: f(x)= 950.7833492004058
differential_evolution step 110: f(x)= 950.7833492004058
differential_evolution step 111: f(x)= 950.7833492004058
differential_evolution step 112: f(x)= 950.7833492004058
differential_evolution step 113: f(x)= 950.7833492004058
differential_evolution step 114: f(x)= 950.7833492004058
differential_evolution step 115: f(x)= 950.7833492004058
differential_evolution step 116: f(x)= 950.7833492004058
differential_evolution step 117: f(x)= 950.7833492004058
differential_evolution step 118: f(x)= 950.7833492004058
differential_evolution step 119: f(x)= 950.7833492004058
differential_evolution step 120: f(x)= 950.7833492004058
differential_evolution step 121: f(x)= 950.7833492004058
differential_evolution step 122: f(x)= 950.7833492004058
differential_evolution step 123: f(x)= 950.7833492004058
differential_evolution step 124: f(x)= 950.2062171008001
differential_evolution step 125: f(x)= 950.2062171008001
differential_evolution step 126: f(x)= 950.2062171008001
differential_evolution step 127: f(x)= 950.2062171008001
differential_evolution step 128: f(x)= 950.2062171008001
differential_evolution step 129: f(x)= 950.2062171008001
differential_evolution step 130: f(x)= 950.2062171008001
differential_evolution step 131: f(x)= 950.2062171008001
differential_evolution step 132: f(x)= 950.2062171008001
differential_evolution step 133: f(x)= 950.2062171008001
differential_evolution step 134: f(x)= 950.2062171008001
differential_evolution step 135: f(x)= 950.2062171008001
differential_evolution step 136: f(x)= 950.2062171008001
differential_evolution step 137: f(x)= 950.2062171008001
differential_evolution step 138: f(x)= 950.2062171008001
differential_evolution step 139: f(x)= 950.2062171008001
differential_evolution step 140: f(x)= 930.8650302242131
differential_evolution step 141: f(x)= 930.8650302242131
differential_evolution step 142: f(x)= 930.8650302242131
differential_evolution step 143: f(x)= 930.8650302242131
differential_evolution step 144: f(x)= 930.8650302242131
differential_evolution step 145: f(x)= 930.8650302242131
differential_evolution step 146: f(x)= 930.8650302242131
differential_evolution step 147: f(x)= 930.8650302242131
differential_evolution step 148: f(x)= 930.8650302242131
differential_evolution step 149: f(x)= 930.8650302242131
differential_evolution step 150: f(x)= 930.8650302242131
differential_evolution step 151: f(x)= 930.8650302242131
differential_evolution step 152: f(x)= 930.8650302242131
differential_evolution step 153: f(x)= 930.8650302242131
differential_evolution step 154: f(x)= 930.8650302242131
differential_evolution step 155: f(x)= 930.8650302242131
differential_evolution step 156: f(x)= 930.8650302242131
differential_evolution step 157: f(x)= 930.8650302242131
differential_evolution step 158: f(x)= 930.8650302242131
differential_evolution step 159: f(x)= 930.8650302242131
differential_evolution step 160: f(x)= 930.8650302242131
differential_evolution step 161: f(x)= 930.8650302242131
differential_evolution step 162: f(x)= 930.8650302242131
differential_evolution step 163: f(x)= 930.8650302242131
differential_evolution step 164: f(x)= 930.8650302242131
differential_evolution step 165: f(x)= 930.8650302242131
differential_evolution step 166: f(x)= 930.8650302242131
differential_evolution step 167: f(x)= 930.8650302242131
differential_evolution step 168: f(x)= 930.8650302242131
differential_evolution step 169: f(x)= 930.8650302242131
differential_evolution step 170: f(x)= 930.8650302242131
differential_evolution step 171: f(x)= 930.8650302242131
differential_evolution step 172: f(x)= 930.8650302242131
differential_evolution step 173: f(x)= 930.8650302242131
differential_evolution step 174: f(x)= 930.8650302242131
differential_evolution step 175: f(x)= 930.8650302242131
differential_evolution step 176: f(x)= 930.8650302242131
differential_evolution step 177: f(x)= 930.8650302242131
differential_evolution step 178: f(x)= 930.8650302242131
differential_evolution step 179: f(x)= 930.8650302242131
differential_evolution step 180: f(x)= 930.8650302242131
differential_evolution step 181: f(x)= 930.8650302242131
differential_evolution step 182: f(x)= 927.9855218528969
differential_evolution step 183: f(x)= 927.9855218528969
differential_evolution step 184: f(x)= 927.9855218528969
differential_evolution step 185: f(x)= 927.9855218528969
differential_evolution step 186: f(x)= 927.9855218528969
differential_evolution step 187: f(x)= 927.9855218528969
differential_evolution step 188: f(x)= 927.5088958113245
differential_evolution step 189: f(x)= 927.5088958113245
differential_evolution step 190: f(x)= 927.5088958113245
differential_evolution step 191: f(x)= 927.5088958113245
differential_evolution step 192: f(x)= 927.1841382827031
differential_evolution step 193: f(x)= 927.1841382827031
differential_evolution step 194: f(x)= 922.05354200017
differential_evolution step 195: f(x)= 922.05354200017
differential_evolution step 196: f(x)= 922.05354200017
differential_evolution step 197: f(x)= 920.5861103590539
differential_evolution step 198: f(x)= 920.5861103590539
differential_evolution step 199: f(x)= 920.2405413510676
differential_evolution step 200: f(x)= 920.2405413510676
Cluster 5 DE best chi^2: 920.241 with params {'x_src': np.float64(149.04618826861446), 'y_src': np.float64(146.24898251770594), 'z_s': np.float64(2.0900902834265915)}

--- DE Optimization Summary ---
Best fit found for Cluster 1 with chi^2 = 0.016
Best-fit parameters: {'x_src': np.float64(208.5537638513987), 'y_src': np.float64(192.21857677450296), 'z_s': np.float64(1.7134576067567784)}

--- Running MCMC for Cluster 1 (chi_sq=0.016) ---
[MCMC] Process Pool with 16 procs
  0%|          | 0/20000 [00:00<?, ?it/s]  0%|          | 72/20000 [01:40<7:44:11,  1.40s/it]  0%|          | 84/20000 [02:00<7:43:54,  1.40s/it]  1%|          | 141/20000 [03:21<7:55:10,  1.44s/it]  1%|          | 153/20000 [03:40<7:54:52,  1.44s/it]  1%|          | 210/20000 [05:02<7:56:42,  1.45s/it]  1%|          | 223/20000 [05:20<7:56:23,  1.45s/it]  1%|         | 279/20000 [06:42<7:56:45,  1.45s/it]  1%|         | 291/20000 [07:00<7:56:28,  1.45s/it]  2%|         | 349/20000 [08:24<7:54:50,  1.45s/it]  2%|         | 360/20000 [08:40<7:54:34,  1.45s/it]  2%|         | 420/20000 [10:04<7:48:56,  1.44s/it]  2%|         | 430/20000 [10:20<7:48:41,  1.44s/it]  2%|         | 491/20000 [11:44<7:44:42,  1.43s/it]  2%|         | 500/20000 [12:00<7:44:29,  1.43s/it]  3%|         | 559/20000 [13:25<7:48:15,  1.45s/it]  3%|         | 569/20000 [13:40<7:48:01,  1.45s/it]  3%|         | 630/20000 [15:05<7:42:57,  1.43s/it]  3%|         | 640/20000 [15:20<7:42:43,  1.43s/it]  4%|         | 709/20000 [16:46<7:24:06,  1.38s/it]  4%|         | 718/20000 [17:00<7:23:54,  1.38s/it]  4%|         | 782/20000 [18:26<7:21:22,  1.38s/it]  4%|         | 790/20000 [18:40<7:21:11,  1.38s/it]  4%|         | 853/20000 [20:07<7:23:48,  1.39s/it]  4%|         | 863/20000 [20:20<7:23:34,  1.39s/it]  5%|         | 927/20000 [21:48<7:19:08,  1.38s/it]  5%|         | 937/20000 [22:00<7:18:54,  1.38s/it]  5%|         | 1013/20000 [23:28<6:54:51,  1.31s/it]  5%|         | 1023/20000 [23:40<6:54:38,  1.31s/it]  6%|         | 1101/20000 [25:09<6:35:42,  1.26s/it]  6%|         | 1109/20000 [25:20<6:35:32,  1.26s/it]  6%|         | 1184/20000 [26:50<6:30:02,  1.24s/it]  6%|         | 1201/20000 [27:10<6:29:41,  1.24s/it]  6%|         | 1268/20000 [28:31<6:23:40,  1.23s/it]  6%|         | 1281/20000 [28:50<6:23:24,  1.23s/it]  7%|         | 1337/20000 [30:12<6:41:54,  1.29s/it]  7%|         | 1349/20000 [30:30<6:41:38,  1.29s/it]  7%|         | 1416/20000 [31:52<6:37:48,  1.28s/it]  7%|         | 1428/20000 [32:10<6:37:32,  1.28s/it]  7%|         | 1492/20000 [33:33<6:40:17,  1.30s/it]  8%|         | 1503/20000 [33:50<6:40:02,  1.30s/it]  8%|         | 1562/20000 [35:13<6:50:10,  1.33s/it]  8%|         | 1573/20000 [35:30<6:49:56,  1.33s/it]  8%|         | 1633/20000 [36:54<6:55:48,  1.36s/it]  8%|         | 1643/20000 [37:10<6:55:34,  1.36s/it]  9%|         | 1704/20000 [38:34<6:59:20,  1.38s/it]  9%|         | 1716/20000 [38:50<6:59:03,  1.38s/it]  9%|         | 1779/20000 [40:14<6:54:05,  1.36s/it]  9%|         | 1789/20000 [40:30<6:53:52,  1.36s/it]  9%|         | 1856/20000 [41:55<6:46:41,  1.34s/it]  9%|         | 1868/20000 [42:10<6:46:25,  1.34s/it] 10%|         | 1939/20000 [43:36<6:32:25,  1.30s/it] 10%|         | 1948/20000 [43:50<6:32:14,  1.30s/it] 10%|         | 2022/20000 [45:16<6:21:27,  1.27s/it] 10%|         | 2031/20000 [45:30<6:21:15,  1.27s/it] 11%|         | 2101/20000 [46:56<6:19:30,  1.27s/it] 11%|         | 2111/20000 [47:10<6:19:17,  1.27s/it] 11%|         | 2177/20000 [48:38<6:23:10,  1.29s/it] 11%|         | 2185/20000 [48:50<6:22:59,  1.29s/it] 11%|        | 2253/20000 [50:18<6:24:44,  1.30s/it] 11%|        | 2260/20000 [50:30<6:24:35,  1.30s/it] 12%|        | 2328/20000 [52:00<6:27:16,  1.31s/it] 12%|        | 2341/20000 [52:20<6:26:59,  1.31s/it] 12%|        | 2397/20000 [53:40<6:37:21,  1.35s/it] 12%|        | 2412/20000 [54:00<6:37:00,  1.35s/it] 12%|        | 2481/20000 [55:21<6:20:24,  1.30s/it] 12%|        | 2496/20000 [55:40<6:20:05,  1.30s/it] 13%|        | 2560/20000 [57:01<6:15:42,  1.29s/it] 13%|        | 2573/20000 [57:20<6:15:25,  1.29s/it] 13%|        | 2630/20000 [58:41<6:25:10,  1.33s/it] 13%|        | 2643/20000 [59:00<6:24:52,  1.33s/it] 14%|        | 2701/20000 [1:00:22<6:31:12,  1.36s/it] 14%|        | 2712/20000 [1:00:40<6:30:57,  1.36s/it] 14%|        | 2771/20000 [1:02:03<6:36:26,  1.38s/it] 14%|        | 2783/20000 [1:02:20<6:36:09,  1.38s/it] 14%|        | 2841/20000 [1:03:43<6:39:40,  1.40s/it] 14%|        | 2855/20000 [1:04:00<6:39:21,  1.40s/it] 15%|        | 2919/20000 [1:05:24<6:28:35,  1.36s/it] 15%|        | 2929/20000 [1:05:40<6:28:21,  1.36s/it] 15%|        | 2995/20000 [1:07:05<6:23:19,  1.35s/it] 15%|        | 3006/20000 [1:07:20<6:23:04,  1.35s/it] 15%|        | 3080/20000 [1:08:45<6:05:07,  1.29s/it] 15%|        | 3090/20000 [1:09:00<6:04:54,  1.29s/it] 16%|        | 3156/20000 [1:10:25<6:05:34,  1.30s/it] 16%|        | 3169/20000 [1:10:40<6:05:17,  1.30s/it] 16%|        | 3234/20000 [1:12:07<6:03:38,  1.30s/it] 16%|        | 3242/20000 [1:12:20<6:03:28,  1.30s/it] 17%|        | 3311/20000 [1:13:48<6:03:05,  1.31s/it] 17%|        | 3320/20000 [1:14:00<6:02:53,  1.31s/it] 17%|        | 3389/20000 [1:15:29<6:00:30,  1.30s/it] 17%|        | 3395/20000 [1:15:40<6:00:23,  1.30s/it] 17%|        | 3457/20000 [1:17:10<6:13:25,  1.35s/it] 17%|        | 3472/20000 [1:17:30<6:13:04,  1.35s/it] 18%|        | 3533/20000 [1:18:51<6:08:33,  1.34s/it] 18%|        | 3548/20000 [1:19:10<6:08:13,  1.34s/it] 18%|        | 3603/20000 [1:20:31<6:14:40,  1.37s/it] 18%|        | 3614/20000 [1:20:50<6:14:25,  1.37s/it] 18%|        | 3674/20000 [1:22:12<6:16:06,  1.38s/it] 18%|        | 3686/20000 [1:22:30<6:15:49,  1.38s/it] 19%|        | 3744/20000 [1:23:52<6:18:55,  1.40s/it] 19%|        | 3757/20000 [1:24:10<6:18:36,  1.40s/it] 19%|        | 3816/20000 [1:25:33<6:17:20,  1.40s/it] 19%|        | 3827/20000 [1:25:50<6:17:05,  1.40s/it] 19%|        | 3887/20000 [1:27:13<6:16:51,  1.40s/it] 19%|        | 3898/20000 [1:27:30<6:16:35,  1.40s/it] 20%|        | 3961/20000 [1:28:54<6:11:53,  1.39s/it] 20%|        | 3973/20000 [1:29:10<6:11:36,  1.39s/it] 20%|        | 4038/20000 [1:30:35<6:02:42,  1.36s/it] 20%|        | 4047/20000 [1:30:50<6:02:29,  1.36s/it] 21%|        | 4116/20000 [1:32:15<5:55:02,  1.34s/it] 21%|        | 4127/20000 [1:32:30<5:54:48,  1.34s/it] 21%|        | 4195/20000 [1:33:57<5:48:23,  1.32s/it] 21%|        | 4205/20000 [1:34:10<5:48:10,  1.32s/it] 21%|       | 4268/20000 [1:35:37<5:50:37,  1.34s/it] 21%|       | 4278/20000 [1:35:50<5:50:24,  1.34s/it] 22%|       | 4344/20000 [1:37:18<5:48:08,  1.33s/it] 22%|       | 4353/20000 [1:37:30<5:47:56,  1.33s/it] 22%|       | 4423/20000 [1:38:58<5:41:30,  1.32s/it] 22%|       | 4432/20000 [1:39:10<5:41:18,  1.32s/it] 22%|       | 4496/20000 [1:40:39<5:44:40,  1.33s/it] 23%|       | 4504/20000 [1:40:50<5:44:29,  1.33s/it] 23%|       | 4576/20000 [1:42:20<5:37:07,  1.31s/it] 23%|       | 4593/20000 [1:42:40<5:36:45,  1.31s/it] 23%|       | 4653/20000 [1:44:01<5:35:29,  1.31s/it] 23%|       | 4667/20000 [1:44:20<5:35:11,  1.31s/it] 24%|       | 4725/20000 [1:45:42<5:40:14,  1.34s/it] 24%|       | 4740/20000 [1:46:00<5:39:54,  1.34s/it] 24%|       | 4804/20000 [1:47:22<5:33:30,  1.32s/it] 24%|       | 4816/20000 [1:47:40<5:33:14,  1.32s/it] 24%|       | 4875/20000 [1:49:03<5:38:59,  1.34s/it] 24%|       | 4890/20000 [1:49:20<5:38:39,  1.34s/it] 25%|       | 4951/20000 [1:50:44<5:36:20,  1.34s/it] 25%|       | 4961/20000 [1:51:00<5:36:06,  1.34s/it] 25%|       | 5020/20000 [1:52:25<5:43:34,  1.38s/it] 25%|       | 5030/20000 [1:52:40<5:43:20,  1.38s/it] 25%|       | 5094/20000 [1:54:06<5:40:34,  1.37s/it] 26%|       | 5103/20000 [1:54:20<5:40:22,  1.37s/it] 26%|       | 5168/20000 [1:55:47<5:38:35,  1.37s/it] 26%|       | 5177/20000 [1:56:00<5:38:22,  1.37s/it] 26%|       | 5239/20000 [1:57:27<5:40:05,  1.38s/it] 26%|       | 5247/20000 [1:57:40<5:39:53,  1.38s/it] 27%|       | 5310/20000 [1:59:07<5:40:23,  1.39s/it] 27%|       | 5319/20000 [1:59:20<5:40:11,  1.39s/it] 27%|       | 5388/20000 [2:00:48<5:31:03,  1.36s/it] 27%|       | 5398/20000 [2:01:00<5:30:50,  1.36s/it] 27%|       | 5471/20000 [2:02:28<5:17:21,  1.31s/it] 27%|       | 5478/20000 [2:02:40<5:17:12,  1.31s/it] 28%|       | 5541/20000 [2:04:09<5:24:19,  1.35s/it] 28%|       | 5548/20000 [2:04:20<5:24:10,  1.35s/it] 28%|       | 5615/20000 [2:05:49<5:23:34,  1.35s/it] 28%|       | 5622/20000 [2:06:00<5:23:24,  1.35s/it] 28%|       | 5694/20000 [2:07:30<5:16:06,  1.33s/it] 29%|       | 5709/20000 [2:07:50<5:15:46,  1.33s/it] 29%|       | 5774/20000 [2:09:11<5:09:46,  1.31s/it] 29%|       | 5788/20000 [2:09:30<5:09:28,  1.31s/it] 29%|       | 5854/20000 [2:10:52<5:04:21,  1.29s/it] 29%|       | 5869/20000 [2:11:10<5:04:02,  1.29s/it] 30%|       | 5931/20000 [2:12:32<5:03:18,  1.29s/it] 30%|       | 5943/20000 [2:12:50<5:03:03,  1.29s/it] 30%|       | 5997/20000 [2:14:12<5:16:30,  1.36s/it] 30%|       | 6008/20000 [2:14:30<5:16:16,  1.36s/it] 30%|       | 6063/20000 [2:15:53<5:26:00,  1.40s/it] 30%|       | 6073/20000 [2:16:10<5:25:46,  1.40s/it] 31%|       | 6130/20000 [2:17:34<5:31:28,  1.43s/it] 31%|       | 6139/20000 [2:17:50<5:31:15,  1.43s/it] 31%|       | 6197/20000 [2:19:15<5:34:00,  1.45s/it] 31%|       | 6207/20000 [2:19:30<5:33:46,  1.45s/it] 31%|      | 6267/20000 [2:20:56<5:31:46,  1.45s/it] 31%|      | 6276/20000 [2:21:10<5:31:33,  1.45s/it] 32%|      | 6338/20000 [2:22:36<5:27:26,  1.44s/it] 32%|      | 6351/20000 [2:22:50<5:27:08,  1.44s/it] 32%|      | 6430/20000 [2:24:17<4:57:14,  1.31s/it] 32%|      | 6441/20000 [2:24:30<4:57:00,  1.31s/it] 33%|      | 6517/20000 [2:25:57<4:43:18,  1.26s/it] 33%|      | 6528/20000 [2:26:10<4:43:05,  1.26s/it] 33%|      | 6603/20000 [2:27:38<4:35:21,  1.23s/it] 33%|      | 6614/20000 [2:27:50<4:35:07,  1.23s/it] 33%|      | 6689/20000 [2:29:18<4:29:12,  1.21s/it] 33%|      | 6696/20000 [2:29:30<4:29:03,  1.21s/it] 34%|      | 6760/20000 [2:30:58<4:39:21,  1.27s/it] 34%|      | 6769/20000 [2:31:10<4:39:10,  1.27s/it] 34%|      | 6843/20000 [2:32:39<4:33:43,  1.25s/it] 34%|      | 6849/20000 [2:32:50<4:33:35,  1.25s/it] 35%|      | 6908/20000 [2:34:20<4:49:46,  1.33s/it] 35%|      | 6920/20000 [2:34:40<4:49:30,  1.33s/it] 35%|      | 6979/20000 [2:36:01<4:53:46,  1.35s/it] 35%|      | 6995/20000 [2:36:20<4:53:25,  1.35s/it] 35%|      | 7067/20000 [2:37:41<4:36:24,  1.28s/it] 35%|      | 7083/20000 [2:38:00<4:36:04,  1.28s/it] 36%|      | 7145/20000 [2:39:22<4:35:22,  1.29s/it] 36%|      | 7161/20000 [2:39:40<4:35:01,  1.29s/it] 36%|      | 7232/20000 [2:41:02<4:24:18,  1.24s/it] 36%|      | 7243/20000 [2:41:20<4:24:04,  1.24s/it] 37%|      | 7301/20000 [2:42:42<4:34:40,  1.30s/it] 37%|      | 7311/20000 [2:43:00<4:34:27,  1.30s/it] 37%|      | 7370/20000 [2:44:23<4:42:52,  1.34s/it] 37%|      | 7381/20000 [2:44:40<4:42:37,  1.34s/it] 37%|      | 7447/20000 [2:46:04<4:38:51,  1.33s/it] 37%|      | 7460/20000 [2:46:20<4:38:34,  1.33s/it] 38%|      | 7518/20000 [2:47:45<4:42:38,  1.36s/it] 38%|      | 7527/20000 [2:48:00<4:42:26,  1.36s/it] 38%|      | 7582/20000 [2:49:26<4:53:09,  1.42s/it] 38%|      | 7591/20000 [2:49:40<4:52:56,  1.42s/it] 38%|      | 7650/20000 [2:51:06<4:55:31,  1.44s/it] 38%|      | 7658/20000 [2:51:20<4:55:19,  1.44s/it] 39%|      | 7716/20000 [2:52:47<4:59:17,  1.46s/it] 39%|      | 7724/20000 [2:53:00<4:59:05,  1.46s/it] 39%|      | 7784/20000 [2:54:28<4:59:11,  1.47s/it] 39%|      | 7792/20000 [2:54:40<4:59:00,  1.47s/it] 39%|      | 7853/20000 [2:56:09<4:56:44,  1.47s/it] 39%|      | 7861/20000 [2:56:20<4:56:33,  1.47s/it] 40%|      | 7922/20000 [2:57:50<4:54:51,  1.46s/it] 40%|      | 7934/20000 [2:58:10<4:54:33,  1.46s/it] 40%|      | 7990/20000 [2:59:30<4:53:53,  1.47s/it] 40%|      | 8003/20000 [2:59:50<4:53:34,  1.47s/it] 40%|      | 8068/20000 [3:01:11<4:40:24,  1.41s/it] 40%|      | 8081/20000 [3:01:30<4:40:06,  1.41s/it] 41%|      | 8144/20000 [3:02:51<4:33:08,  1.38s/it] 41%|      | 8160/20000 [3:03:10<4:32:46,  1.38s/it] 41%|      | 8232/20000 [3:04:31<4:14:41,  1.30s/it] 41%|      | 8244/20000 [3:04:50<4:14:26,  1.30s/it] 41%|     | 8296/20000 [3:06:12<4:27:13,  1.37s/it] 42%|     | 8306/20000 [3:06:30<4:27:00,  1.37s/it] 42%|     | 8372/20000 [3:07:53<4:23:16,  1.36s/it] 42%|     | 8386/20000 [3:08:10<4:22:57,  1.36s/it] 42%|     | 8458/20000 [3:09:34<4:09:13,  1.30s/it] 42%|     | 8472/20000 [3:09:50<4:08:55,  1.30s/it] 43%|     | 8545/20000 [3:11:14<3:58:23,  1.25s/it] 43%|     | 8557/20000 [3:11:30<3:58:08,  1.25s/it] 43%|     | 8625/20000 [3:12:55<3:57:18,  1.25s/it] 43%|     | 8637/20000 [3:13:10<3:57:03,  1.25s/it] 44%|     | 8712/20000 [3:14:35<3:49:58,  1.22s/it] 44%|     | 8725/20000 [3:14:50<3:49:43,  1.22s/it] 44%|     | 8799/20000 [3:16:15<3:43:59,  1.20s/it] 44%|     | 8811/20000 [3:16:30<3:43:45,  1.20s/it] 44%|     | 8873/20000 [3:17:56<3:50:33,  1.24s/it] 44%|     | 8885/20000 [3:18:10<3:50:19,  1.24s/it] 45%|     | 8959/20000 [3:19:36<3:44:27,  1.22s/it] 45%|     | 8970/20000 [3:19:50<3:44:13,  1.22s/it] 45%|     | 9048/20000 [3:21:17<3:37:17,  1.19s/it] 45%|     | 9058/20000 [3:21:30<3:37:05,  1.19s/it] 46%|     | 9132/20000 [3:22:58<3:36:22,  1.19s/it] 46%|     | 9141/20000 [3:23:10<3:36:12,  1.19s/it] 46%|     | 9219/20000 [3:24:38<3:32:32,  1.18s/it] 46%|     | 9229/20000 [3:24:50<3:32:20,  1.18s/it] 47%|     | 9308/20000 [3:26:19<3:27:58,  1.17s/it] 47%|     | 9317/20000 [3:26:30<3:27:48,  1.17s/it] 47%|     | 9399/20000 [3:28:00<3:22:41,  1.15s/it] 47%|     | 9408/20000 [3:28:10<3:22:31,  1.15s/it] 47%|     | 9489/20000 [3:29:40<3:19:29,  1.14s/it] 48%|     | 9506/20000 [3:30:00<3:19:09,  1.14s/it] 48%|     | 9577/20000 [3:31:21<3:17:52,  1.14s/it] 48%|     | 9594/20000 [3:31:40<3:17:33,  1.14s/it] 48%|     | 9667/20000 [3:33:01<3:14:57,  1.13s/it] 48%|     | 9683/20000 [3:33:20<3:14:39,  1.13s/it] 49%|     | 9754/20000 [3:34:42<3:14:51,  1.14s/it] 49%|     | 9766/20000 [3:35:00<3:14:38,  1.14s/it] 49%|     | 9819/20000 [3:36:23<3:29:57,  1.24s/it] 49%|     | 9829/20000 [3:36:40<3:29:45,  1.24s/it] 49%|     | 9884/20000 [3:38:03<3:42:00,  1.32s/it] 49%|     | 9894/20000 [3:38:20<3:41:47,  1.32s/it] 50%|     | 9952/20000 [3:39:44<3:48:18,  1.36s/it] 50%|     | 9962/20000 [3:40:00<3:48:05,  1.36s/it] 50%|     | 10023/20000 [3:41:24<3:48:58,  1.38s/it] 50%|     | 10037/20000 [3:41:40<3:48:38,  1.38s/it] 51%|     | 10108/20000 [3:43:05<3:36:46,  1.31s/it] 51%|     | 10117/20000 [3:43:20<3:36:34,  1.31s/it] 51%|     | 10179/20000 [3:44:46<3:39:39,  1.34s/it] 51%|     | 10189/20000 [3:45:00<3:39:26,  1.34s/it] 51%|     | 10247/20000 [3:46:26<3:44:01,  1.38s/it] 51%|    | 10256/20000 [3:46:40<3:43:49,  1.38s/it] 52%|    | 10318/20000 [3:48:07<3:44:28,  1.39s/it] 52%|    | 10329/20000 [3:48:20<3:44:12,  1.39s/it] 52%|    | 10404/20000 [3:49:47<3:30:37,  1.32s/it] 52%|    | 10413/20000 [3:50:00<3:30:25,  1.32s/it] 52%|    | 10476/20000 [3:51:28<3:32:28,  1.34s/it] 52%|    | 10484/20000 [3:51:40<3:32:18,  1.34s/it] 53%|    | 10548/20000 [3:53:09<3:33:57,  1.36s/it] 53%|    | 10555/20000 [3:53:20<3:33:48,  1.36s/it] 53%|    | 10623/20000 [3:54:49<3:31:19,  1.35s/it] 53%|    | 10631/20000 [3:55:00<3:31:08,  1.35s/it] 54%|    | 10703/20000 [3:56:30<3:25:17,  1.32s/it] 54%|    | 10716/20000 [3:56:50<3:25:00,  1.32s/it] 54%|    | 10777/20000 [3:58:11<3:25:22,  1.34s/it] 54%|    | 10790/20000 [3:58:30<3:25:04,  1.34s/it] 54%|    | 10851/20000 [3:59:52<3:24:34,  1.34s/it] 54%|    | 10864/20000 [4:00:10<3:24:16,  1.34s/it] 55%|    | 10925/20000 [4:01:32<3:23:56,  1.35s/it] 55%|    | 10937/20000 [4:01:50<3:23:40,  1.35s/it] 55%|    | 10999/20000 [4:03:13<3:22:51,  1.35s/it] 55%|    | 11010/20000 [4:03:30<3:22:36,  1.35s/it] 55%|    | 11072/20000 [4:04:54<3:22:12,  1.36s/it] 55%|    | 11084/20000 [4:05:10<3:21:56,  1.36s/it] 56%|    | 11147/20000 [4:06:34<3:19:23,  1.35s/it] 56%|    | 11159/20000 [4:06:50<3:19:07,  1.35s/it] 56%|    | 11221/20000 [4:08:14<3:17:45,  1.35s/it] 56%|    | 11232/20000 [4:08:30<3:17:30,  1.35s/it] 56%|    | 11294/20000 [4:09:54<3:17:07,  1.36s/it] 57%|    | 11305/20000 [4:10:10<3:16:52,  1.36s/it] 57%|    | 11366/20000 [4:11:35<3:17:29,  1.37s/it] 57%|    | 11376/20000 [4:11:50<3:17:15,  1.37s/it] 57%|    | 11439/20000 [4:13:16<3:15:58,  1.37s/it] 57%|    | 11449/20000 [4:13:30<3:15:45,  1.37s/it] 58%|    | 11520/20000 [4:14:56<3:07:48,  1.33s/it] 58%|    | 11530/20000 [4:15:10<3:07:35,  1.33s/it] 58%|    | 11597/20000 [4:16:37<3:05:15,  1.32s/it] 58%|    | 11606/20000 [4:16:50<3:05:03,  1.32s/it] 58%|    | 11676/20000 [4:18:17<3:01:32,  1.31s/it] 58%|    | 11686/20000 [4:18:30<3:01:19,  1.31s/it] 59%|    | 11764/20000 [4:19:59<2:52:24,  1.26s/it] 59%|    | 11771/20000 [4:20:10<2:52:16,  1.26s/it] 59%|    | 11840/20000 [4:21:40<2:53:55,  1.28s/it] 59%|    | 11855/20000 [4:22:00<2:53:36,  1.28s/it] 60%|    | 11918/20000 [4:23:21<2:53:08,  1.29s/it] 60%|    | 11932/20000 [4:23:40<2:52:50,  1.29s/it] 60%|    | 11992/20000 [4:25:02<2:54:15,  1.31s/it] 60%|    | 12005/20000 [4:25:20<2:53:58,  1.31s/it] 60%|    | 12074/20000 [4:26:43<2:49:31,  1.28s/it] 60%|    | 12085/20000 [4:27:00<2:49:17,  1.28s/it] 61%|    | 12156/20000 [4:28:23<2:45:18,  1.26s/it] 61%|    | 12170/20000 [4:28:40<2:45:00,  1.26s/it] 61%|    | 12236/20000 [4:30:03<2:43:10,  1.26s/it] 61%|    | 12249/20000 [4:30:20<2:42:53,  1.26s/it] 62%|   | 12313/20000 [4:31:43<2:42:59,  1.27s/it] 62%|   | 12327/20000 [4:32:00<2:42:41,  1.27s/it] 62%|   | 12394/20000 [4:33:24<2:40:10,  1.26s/it] 62%|   | 12406/20000 [4:33:40<2:39:55,  1.26s/it] 62%|   | 12479/20000 [4:35:04<2:34:57,  1.24s/it] 62%|   | 12491/20000 [4:35:20<2:34:42,  1.24s/it] 63%|   | 12558/20000 [4:36:45<2:34:40,  1.25s/it] 63%|   | 12570/20000 [4:37:00<2:34:25,  1.25s/it] 63%|   | 12639/20000 [4:38:25<2:32:44,  1.25s/it] 63%|   | 12650/20000 [4:38:40<2:32:31,  1.25s/it] 64%|   | 12718/20000 [4:40:06<2:32:10,  1.25s/it] 64%|   | 12728/20000 [4:40:20<2:31:57,  1.25s/it] 64%|   | 12798/20000 [4:41:47<2:30:53,  1.26s/it] 64%|   | 12808/20000 [4:42:00<2:30:41,  1.26s/it] 64%|   | 12877/20000 [4:43:28<2:29:51,  1.26s/it] 64%|   | 12888/20000 [4:43:40<2:29:37,  1.26s/it] 65%|   | 12960/20000 [4:45:09<2:26:21,  1.25s/it] 65%|   | 12968/20000 [4:45:20<2:26:11,  1.25s/it] 65%|   | 13038/20000 [4:46:49<2:26:17,  1.26s/it] 65%|   | 13045/20000 [4:47:00<2:26:09,  1.26s/it] 66%|   | 13119/20000 [4:48:30<2:23:48,  1.25s/it] 66%|   | 13126/20000 [4:48:40<2:23:40,  1.25s/it] 66%|   | 13208/20000 [4:50:10<2:17:27,  1.21s/it] 66%|   | 13225/20000 [4:50:30<2:17:07,  1.21s/it] 66%|   | 13290/20000 [4:51:51<2:16:07,  1.22s/it] 67%|   | 13306/20000 [4:52:10<2:15:47,  1.22s/it] 67%|   | 13378/20000 [4:53:32<2:11:55,  1.20s/it] 67%|   | 13392/20000 [4:53:50<2:11:39,  1.20s/it] 67%|   | 13465/20000 [4:55:13<2:09:07,  1.19s/it] 67%|   | 13478/20000 [4:55:30<2:08:51,  1.19s/it] 68%|   | 13546/20000 [4:56:53<2:09:10,  1.20s/it] 68%|   | 13558/20000 [4:57:10<2:08:55,  1.20s/it] 68%|   | 13626/20000 [4:58:34<2:09:09,  1.22s/it] 68%|   | 13640/20000 [4:58:50<2:08:52,  1.22s/it] 69%|   | 13715/20000 [5:00:14<2:04:33,  1.19s/it] 69%|   | 13729/20000 [5:00:30<2:04:16,  1.19s/it] 69%|   | 13803/20000 [5:01:54<2:01:11,  1.17s/it] 69%|   | 13815/20000 [5:02:10<2:00:57,  1.17s/it] 69%|   | 13884/20000 [5:03:35<2:01:39,  1.19s/it] 69%|   | 13895/20000 [5:03:50<2:01:25,  1.19s/it] 70%|   | 13964/20000 [5:05:15<2:01:47,  1.21s/it] 70%|   | 13975/20000 [5:05:30<2:01:33,  1.21s/it] 70%|   | 14046/20000 [5:06:57<2:00:55,  1.22s/it] 70%|   | 14056/20000 [5:07:10<2:00:43,  1.22s/it] 71%|   | 14121/20000 [5:08:37<2:02:39,  1.25s/it] 71%|   | 14131/20000 [5:08:50<2:02:27,  1.25s/it] 71%|   | 14201/20000 [5:10:17<2:01:03,  1.25s/it] 71%|   | 14211/20000 [5:10:30<2:00:51,  1.25s/it] 71%|  | 14280/20000 [5:11:58<2:00:08,  1.26s/it] 71%|  | 14288/20000 [5:12:10<1:59:58,  1.26s/it] 72%|  | 14358/20000 [5:13:40<1:59:33,  1.27s/it] 72%|  | 14364/20000 [5:13:50<1:59:26,  1.27s/it] 72%|  | 14430/20000 [5:15:20<2:01:09,  1.31s/it] 72%|  | 14437/20000 [5:15:30<2:00:59,  1.31s/it] 73%|  | 14503/20000 [5:17:00<2:01:17,  1.32s/it] 73%|  | 14510/20000 [5:17:10<2:01:08,  1.32s/it] 73%|  | 14576/20000 [5:18:40<2:01:02,  1.34s/it] 73%|  | 14591/20000 [5:19:00<2:00:42,  1.34s/it] 73%|  | 14657/20000 [5:20:21<1:56:38,  1.31s/it] 73%|  | 14671/20000 [5:20:40<1:56:19,  1.31s/it] 74%|  | 14731/20000 [5:22:02<1:56:30,  1.33s/it] 74%|  | 14743/20000 [5:22:20<1:56:14,  1.33s/it] 74%|  | 14804/20000 [5:23:43<1:56:16,  1.34s/it] 74%|  | 14816/20000 [5:24:00<1:56:00,  1.34s/it] 74%|  | 14889/20000 [5:25:24<1:49:53,  1.29s/it] 75%|  | 14902/20000 [5:25:40<1:49:36,  1.29s/it] 75%|  | 14961/20000 [5:27:04<1:50:48,  1.32s/it] 75%|  | 14973/20000 [5:27:20<1:50:32,  1.32s/it] 75%|  | 15039/20000 [5:28:45<1:48:21,  1.31s/it] 75%|  | 15050/20000 [5:29:00<1:48:07,  1.31s/it] 76%|  | 15115/20000 [5:30:26<1:47:06,  1.32s/it] 76%|  | 15125/20000 [5:30:40<1:46:53,  1.32s/it] 76%|  | 15201/20000 [5:32:07<1:41:37,  1.27s/it] 76%|  | 15210/20000 [5:32:20<1:41:25,  1.27s/it] 76%|  | 15272/20000 [5:33:47<1:43:08,  1.31s/it] 76%|  | 15280/20000 [5:34:00<1:42:57,  1.31s/it] 77%|  | 15352/20000 [5:35:28<1:40:15,  1.29s/it] 77%|  | 15360/20000 [5:35:40<1:40:04,  1.29s/it] 77%|  | 15424/20000 [5:37:08<1:40:52,  1.32s/it] 77%|  | 15431/20000 [5:37:20<1:40:43,  1.32s/it] 77%|  | 15492/20000 [5:38:49<1:42:47,  1.37s/it] 77%|  | 15499/20000 [5:39:00<1:42:38,  1.37s/it] 78%|  | 15579/20000 [5:40:30<1:35:35,  1.30s/it] 78%|  | 15588/20000 [5:40:40<1:35:23,  1.30s/it] 78%|  | 15672/20000 [5:42:10<1:28:13,  1.22s/it] 78%|  | 15689/20000 [5:42:30<1:27:52,  1.22s/it] 79%|  | 15761/20000 [5:43:51<1:24:25,  1.20s/it] 79%|  | 15776/20000 [5:44:10<1:24:07,  1.20s/it] 79%|  | 15844/20000 [5:45:32<1:23:06,  1.20s/it] 79%|  | 15857/20000 [5:45:50<1:22:51,  1.20s/it] 80%|  | 15916/20000 [5:47:13<1:25:21,  1.25s/it] 80%|  | 15930/20000 [5:47:30<1:25:04,  1.25s/it] 80%|  | 15996/20000 [5:48:53<1:23:43,  1.25s/it] 80%|  | 16007/20000 [5:49:10<1:23:29,  1.25s/it] 80%|  | 16069/20000 [5:50:34<1:24:34,  1.29s/it] 80%|  | 16080/20000 [5:50:50<1:24:20,  1.29s/it] 81%|  | 16146/20000 [5:52:15<1:23:09,  1.29s/it] 81%|  | 16157/20000 [5:52:30<1:22:55,  1.29s/it] 81%|  | 16221/20000 [5:53:55<1:22:18,  1.31s/it] 81%|  | 16232/20000 [5:54:10<1:22:04,  1.31s/it] 81%| | 16292/20000 [5:55:35<1:22:33,  1.34s/it] 82%| | 16303/20000 [5:55:50<1:22:18,  1.34s/it] 82%| | 16369/20000 [5:57:15<1:20:15,  1.33s/it] 82%| | 16379/20000 [5:57:30<1:20:02,  1.33s/it] 82%| | 16441/20000 [5:58:55<1:19:46,  1.34s/it] 82%| | 16451/20000 [5:59:10<1:19:33,  1.34s/it] 83%| | 16513/20000 [6:00:36<1:19:00,  1.36s/it] 83%| | 16523/20000 [6:00:50<1:18:46,  1.36s/it] 83%| | 16589/20000 [6:02:17<1:16:42,  1.35s/it] 83%| | 16599/20000 [6:02:30<1:16:28,  1.35s/it] 83%| | 16661/20000 [6:03:57<1:15:46,  1.36s/it] 83%| | 16670/20000 [6:04:10<1:15:34,  1.36s/it] 84%| | 16730/20000 [6:05:37<1:15:34,  1.39s/it] 84%| | 16739/20000 [6:05:50<1:15:22,  1.39s/it] 84%| | 16807/20000 [6:07:17<1:12:28,  1.36s/it] 84%| | 16816/20000 [6:07:30<1:12:15,  1.36s/it] 84%| | 16879/20000 [6:08:58<1:11:28,  1.37s/it] 84%| | 16886/20000 [6:09:10<1:11:18,  1.37s/it] 85%| | 16950/20000 [6:10:38<1:10:21,  1.38s/it] 85%| | 16958/20000 [6:10:50<1:10:10,  1.38s/it] 85%| | 17025/20000 [6:12:19<1:07:54,  1.37s/it] 85%| | 17033/20000 [6:12:30<1:07:43,  1.37s/it] 85%| | 17097/20000 [6:13:59<1:06:41,  1.38s/it] 86%| | 17105/20000 [6:14:10<1:06:30,  1.38s/it] 86%| | 17168/20000 [6:15:40<1:05:39,  1.39s/it] 86%| | 17182/20000 [6:16:00<1:05:20,  1.39s/it] 86%| | 17242/20000 [6:17:21<1:03:25,  1.38s/it] 86%| | 17257/20000 [6:17:40<1:03:05,  1.38s/it] 87%| | 17316/20000 [6:19:02<1:01:33,  1.38s/it] 87%| | 17329/20000 [6:19:20<1:01:15,  1.38s/it] 87%| | 17389/20000 [6:20:43<59:56,  1.38s/it]   87%| | 17401/20000 [6:21:00<59:40,  1.38s/it] 87%| | 17460/20000 [6:22:24<58:58,  1.39s/it] 87%| | 17470/20000 [6:22:40<58:44,  1.39s/it] 88%| | 17534/20000 [6:24:04<56:45,  1.38s/it] 88%| | 17545/20000 [6:24:20<56:30,  1.38s/it] 88%| | 17605/20000 [6:25:46<55:39,  1.39s/it] 88%| | 17614/20000 [6:26:00<55:26,  1.39s/it] 88%| | 17674/20000 [6:27:27<54:50,  1.41s/it] 88%| | 17683/20000 [6:27:40<54:37,  1.41s/it] 89%| | 17745/20000 [6:29:07<53:13,  1.42s/it] 89%| | 17753/20000 [6:29:20<53:02,  1.42s/it] 89%| | 17814/20000 [6:30:49<52:10,  1.43s/it] 89%| | 17821/20000 [6:31:00<52:00,  1.43s/it] 89%| | 17888/20000 [6:32:30<49:42,  1.41s/it] 90%| | 17903/20000 [6:32:50<49:21,  1.41s/it] 90%| | 17965/20000 [6:34:10<46:42,  1.38s/it] 90%| | 17980/20000 [6:34:30<46:21,  1.38s/it] 90%| | 18040/20000 [6:35:51<44:35,  1.37s/it] 90%| | 18052/20000 [6:36:10<44:19,  1.37s/it] 91%| | 18114/20000 [6:37:32<42:54,  1.36s/it] 91%| | 18127/20000 [6:37:50<42:36,  1.36s/it] 91%| | 18190/20000 [6:39:13<40:49,  1.35s/it] 91%| | 18202/20000 [6:39:30<40:33,  1.35s/it] 91%|| 18260/20000 [6:40:54<40:03,  1.38s/it] 91%|| 18270/20000 [6:41:10<39:50,  1.38s/it] 92%|| 18337/20000 [6:42:35<37:40,  1.36s/it] 92%|| 18348/20000 [6:42:50<37:25,  1.36s/it] 92%|| 18410/20000 [6:44:15<36:07,  1.36s/it] 92%|| 18421/20000 [6:44:30<35:52,  1.36s/it] 92%|| 18481/20000 [6:45:56<34:55,  1.38s/it] 92%|| 18490/20000 [6:46:10<34:42,  1.38s/it] 93%|| 18551/20000 [6:47:36<33:40,  1.39s/it] 93%|| 18561/20000 [6:47:50<33:26,  1.39s/it] 93%|| 18625/20000 [6:49:17<31:42,  1.38s/it] 93%|| 18634/20000 [6:49:30<31:30,  1.38s/it] 93%|| 18695/20000 [6:50:57<30:24,  1.40s/it] 94%|| 18705/20000 [6:51:10<30:10,  1.40s/it] 94%|| 18767/20000 [6:52:37<28:40,  1.40s/it] 94%|| 18775/20000 [6:52:50<28:29,  1.40s/it] 94%|| 18839/20000 [6:54:18<27:02,  1.40s/it] 94%|| 18847/20000 [6:54:30<26:50,  1.40s/it] 95%|| 18908/20000 [6:55:58<25:42,  1.41s/it] 95%|| 18916/20000 [6:56:10<25:31,  1.41s/it] 95%|| 18974/20000 [6:57:39<24:43,  1.45s/it] 95%|| 18981/20000 [6:57:50<24:33,  1.45s/it] 95%|| 19045/20000 [6:59:19<22:49,  1.43s/it] 95%|| 19052/20000 [6:59:30<22:39,  1.43s/it] 96%|| 19115/20000 [7:01:00<21:10,  1.44s/it] 96%|| 19122/20000 [7:01:10<21:00,  1.44s/it] 96%|| 19183/20000 [7:02:40<19:41,  1.45s/it] 96%|| 19189/20000 [7:02:50<19:32,  1.45s/it] 96%|| 19251/20000 [7:04:21<18:13,  1.46s/it] 96%|| 19262/20000 [7:04:40<17:57,  1.46s/it] 97%|| 19318/20000 [7:06:02<16:43,  1.47s/it] 97%|| 19329/20000 [7:06:20<16:27,  1.47s/it] 97%|| 19386/20000 [7:07:43<15:07,  1.48s/it] 97%|| 19396/20000 [7:08:00<14:52,  1.48s/it] 97%|| 19455/20000 [7:09:24<13:21,  1.47s/it] 97%|| 19468/20000 [7:09:40<13:02,  1.47s/it] 98%|| 19524/20000 [7:11:04<11:38,  1.47s/it] 98%|| 19535/20000 [7:11:20<11:22,  1.47s/it] 98%|| 19605/20000 [7:12:46<09:11,  1.40s/it] 98%|| 19616/20000 [7:13:00<08:55,  1.40s/it] 98%|| 19690/20000 [7:14:26<06:49,  1.32s/it] 99%|| 19703/20000 [7:14:40<06:32,  1.32s/it] 99%|| 19773/20000 [7:16:06<04:51,  1.29s/it] 99%|| 19784/20000 [7:16:20<04:37,  1.29s/it] 99%|| 19852/20000 [7:17:46<03:09,  1.28s/it] 99%|| 19862/20000 [7:18:00<02:56,  1.28s/it]100%|| 19937/20000 [7:19:27<01:18,  1.25s/it]100%|| 19948/20000 [7:19:40<01:05,  1.25s/it]100%|| 20000/20000 [7:20:39<00:00,  1.32s/it]

Analysis complete. Found 1 cluster(s) meeting the MCMC criterion.
Accepted cluster indices: [1]

--- Processing Final Results for Cluster 1 ---
--- MCMC Parameter Constraints for Cluster 1 ---
  x_src = 208.529 +0.544 / -0.421
  y_src = 192.226 +0.188 / -0.150
    z_s = 1.718 +0.093 / -0.076
Saving localization results for Cluster 1...
Processing results for Cluster 1...
-> Saved 340000 samples to /users/hiu-yeung.cheng/clusterlensing/out/row19/test_tidy_row19/cluster_1_posterior.npz
Updated CSV row 19 with result for cluster 1.
Loading data from /users/hiu-yeung.cheng/clusterlensing/out/row19/test_tidy_row19/cluster_1_posterior.npz...

Generating corner plot...
-> Corner plot saved to /users/hiu-yeung.cheng/clusterlensing/out/row19/test_tidy_row19/cluster_1_corner_from_saved.png

Generating trace plot...
-> Trace plot saved to /users/hiu-yeung.cheng/clusterlensing/out/row19/test_tidy_row19/cluster_1_trace.png
