Row=11 OUT_DIR=/users/hiu-yeung.cheng/clusterlensing/out/row11 DE_PROCS=16 MCMC_PROCS=16
Setup complete. Lensing system initialized.
True time delays: [    0.          1771.26696041  5392.24325791  8921.12885826
 12716.38905231]
True luminosity distances: 23836.788835239662
Lensed luminosity distances: [5.25120213e+03 4.19597125e+03 5.11328489e+03 2.20632569e+04
 2.52772114e+07]

Running the full analysis pipeline...
--- Running DE for Cluster 0 ---
[DE] Process Pool with 16 procs (init=latinhypercube, popsize=50)
differential_evolution step 1: f(x)= 3000.0
differential_evolution step 2: f(x)= 3000.0
differential_evolution step 3: f(x)= 3000.0
differential_evolution step 4: f(x)= 3000.0
differential_evolution step 5: f(x)= 3000.0
differential_evolution step 6: f(x)= 3000.0
differential_evolution step 7: f(x)= 3000.0
differential_evolution step 8: f(x)= 3000.0
differential_evolution step 9: f(x)= 2736.2812726332772
differential_evolution step 10: f(x)= 2736.2812726332772
differential_evolution step 11: f(x)= 2736.2812726332772
differential_evolution step 12: f(x)= 1428.6316728751947
differential_evolution step 13: f(x)= 1428.6316728751947
differential_evolution step 14: f(x)= 1428.6316728751947
differential_evolution step 15: f(x)= 1428.6316728751947
differential_evolution step 16: f(x)= 1428.6316728751947
differential_evolution step 17: f(x)= 1428.6316728751947
differential_evolution step 18: f(x)= 1232.0068926450172
differential_evolution step 19: f(x)= 1232.0068926450172
differential_evolution step 20: f(x)= 1232.0068926450172
differential_evolution step 21: f(x)= 1232.0068926450172
differential_evolution step 22: f(x)= 1232.0068926450172
differential_evolution step 23: f(x)= 1232.0068926450172
differential_evolution step 24: f(x)= 1232.0068926450172
differential_evolution step 25: f(x)= 1232.0068926450172
differential_evolution step 26: f(x)= 1232.0068926450172
differential_evolution step 27: f(x)= 1232.0068926450172
differential_evolution step 28: f(x)= 1232.0068926450172
differential_evolution step 29: f(x)= 1232.0068926450172
differential_evolution step 30: f(x)= 1232.0068926450172
differential_evolution step 31: f(x)= 1232.0068926450172
differential_evolution step 32: f(x)= 1167.6694960922143
differential_evolution step 33: f(x)= 996.4263567060239
differential_evolution step 34: f(x)= 996.4263567060239
differential_evolution step 35: f(x)= 996.4263567060239
differential_evolution step 36: f(x)= 996.4263567060239
differential_evolution step 37: f(x)= 996.4263567060239
differential_evolution step 38: f(x)= 996.4263567060239
differential_evolution step 39: f(x)= 996.4263567060239
differential_evolution step 40: f(x)= 996.4263567060239
differential_evolution step 41: f(x)= 996.4263567060239
differential_evolution step 42: f(x)= 996.4263567060239
differential_evolution step 43: f(x)= 996.4263567060239
differential_evolution step 44: f(x)= 996.4263567060239
differential_evolution step 45: f(x)= 996.4263567060239
differential_evolution step 46: f(x)= 996.4263567060239
differential_evolution step 47: f(x)= 996.4263567060239
differential_evolution step 48: f(x)= 996.4263567060239
differential_evolution step 49: f(x)= 996.4263567060239
differential_evolution step 50: f(x)= 996.4263567060239
differential_evolution step 51: f(x)= 996.4263567060239
differential_evolution step 52: f(x)= 996.4263567060239
differential_evolution step 53: f(x)= 996.4263567060239
differential_evolution step 54: f(x)= 996.4263567060239
differential_evolution step 55: f(x)= 996.4263567060239
differential_evolution step 56: f(x)= 996.4263567060239
differential_evolution step 57: f(x)= 996.4263567060239
differential_evolution step 58: f(x)= 996.4263567060239
differential_evolution step 59: f(x)= 996.4263567060239
differential_evolution step 60: f(x)= 996.4263567060239
differential_evolution step 61: f(x)= 996.4263567060239
differential_evolution step 62: f(x)= 996.4263567060239
differential_evolution step 63: f(x)= 996.4263567060239
differential_evolution step 64: f(x)= 996.4263567060239
differential_evolution step 65: f(x)= 996.4263567060239
differential_evolution step 66: f(x)= 996.4263567060239
differential_evolution step 67: f(x)= 996.4263567060239
differential_evolution step 68: f(x)= 996.4263567060239
differential_evolution step 69: f(x)= 996.4263567060239
differential_evolution step 70: f(x)= 996.4263567060239
differential_evolution step 71: f(x)= 996.4263567060239
differential_evolution step 72: f(x)= 996.4263567060239
differential_evolution step 73: f(x)= 996.4263567060239
differential_evolution step 74: f(x)= 996.4263567060239
differential_evolution step 75: f(x)= 996.4263567060239
differential_evolution step 76: f(x)= 996.4263567060239
differential_evolution step 77: f(x)= 996.4263567060239
differential_evolution step 78: f(x)= 996.4263567060239
differential_evolution step 79: f(x)= 996.4263567060239
differential_evolution step 80: f(x)= 996.4263567060239
differential_evolution step 81: f(x)= 996.4263567060239
differential_evolution step 82: f(x)= 996.4263567060239
differential_evolution step 83: f(x)= 996.4263567060239
differential_evolution step 84: f(x)= 996.4263567060239
differential_evolution step 85: f(x)= 996.4263567060239
differential_evolution step 86: f(x)= 996.4263567060239
differential_evolution step 87: f(x)= 996.4263567060239
differential_evolution step 88: f(x)= 996.4263567060239
differential_evolution step 89: f(x)= 996.4263567060239
differential_evolution step 90: f(x)= 996.4263567060239
differential_evolution step 91: f(x)= 996.4263567060239
differential_evolution step 92: f(x)= 996.4263567060239
differential_evolution step 93: f(x)= 996.4263567060239
differential_evolution step 94: f(x)= 994.9305573193683
differential_evolution step 95: f(x)= 994.9305573193683
differential_evolution step 96: f(x)= 994.9305573193683
differential_evolution step 97: f(x)= 994.9305573193683
differential_evolution step 98: f(x)= 994.9305573193683
differential_evolution step 99: f(x)= 994.9305573193683
differential_evolution step 100: f(x)= 994.9305573193683
differential_evolution step 101: f(x)= 994.9305573193683
differential_evolution step 102: f(x)= 994.9305573193683
differential_evolution step 103: f(x)= 994.9305573193683
differential_evolution step 104: f(x)= 994.9305573193683
differential_evolution step 105: f(x)= 994.9305573193683
differential_evolution step 106: f(x)= 970.4498582906846
differential_evolution step 107: f(x)= 950.5862416780985
differential_evolution step 108: f(x)= 950.5862416780985
differential_evolution step 109: f(x)= 950.5862416780985
differential_evolution step 110: f(x)= 950.5862416780985
differential_evolution step 111: f(x)= 950.5862416780985
differential_evolution step 112: f(x)= 918.8667491032206
differential_evolution step 113: f(x)= 918.8667491032206
differential_evolution step 114: f(x)= 918.8667491032206
differential_evolution step 115: f(x)= 918.8667491032206
differential_evolution step 116: f(x)= 918.8667491032206
differential_evolution step 117: f(x)= 918.8667491032206
differential_evolution step 118: f(x)= 918.8667491032206
differential_evolution step 119: f(x)= 918.8667491032206
differential_evolution step 120: f(x)= 868.8266872157806
differential_evolution step 121: f(x)= 868.8266872157806
differential_evolution step 122: f(x)= 868.8266872157806
differential_evolution step 123: f(x)= 868.8266872157806
differential_evolution step 124: f(x)= 868.8266872157806
differential_evolution step 125: f(x)= 868.8266872157806
differential_evolution step 126: f(x)= 868.8266872157806
differential_evolution step 127: f(x)= 868.8266872157806
differential_evolution step 128: f(x)= 868.8266872157806
differential_evolution step 129: f(x)= 868.8266872157806
differential_evolution step 130: f(x)= 868.8266872157806
differential_evolution step 131: f(x)= 865.0312961326804
differential_evolution step 132: f(x)= 862.3555195273427
differential_evolution step 133: f(x)= 855.4178994800784
differential_evolution step 134: f(x)= 855.4178994800784
differential_evolution step 135: f(x)= 855.4178994800784
differential_evolution step 136: f(x)= 855.4178994800784
differential_evolution step 137: f(x)= 855.4178994800784
differential_evolution step 138: f(x)= 855.4178994800784
differential_evolution step 139: f(x)= 853.1806418287689
differential_evolution step 140: f(x)= 853.1806418287689
differential_evolution step 141: f(x)= 853.1806418287689
differential_evolution step 142: f(x)= 853.1806418287689
differential_evolution step 143: f(x)= 853.1806418287689
differential_evolution step 144: f(x)= 853.1806418287689
differential_evolution step 145: f(x)= 853.1806418287689
differential_evolution step 146: f(x)= 851.8747442522284
differential_evolution step 147: f(x)= 851.8747442522284
differential_evolution step 148: f(x)= 851.8747442522284
differential_evolution step 149: f(x)= 851.8747442522284
differential_evolution step 150: f(x)= 851.8747442522284
differential_evolution step 151: f(x)= 851.8747442522284
differential_evolution step 152: f(x)= 851.8747442522284
differential_evolution step 153: f(x)= 851.8747442522284
differential_evolution step 154: f(x)= 851.8747442522284
differential_evolution step 155: f(x)= 851.6317440644864
differential_evolution step 156: f(x)= 851.6317440644864
differential_evolution step 157: f(x)= 851.1807358052494
differential_evolution step 158: f(x)= 851.1807358052494
differential_evolution step 159: f(x)= 851.1807358052494
differential_evolution step 160: f(x)= 851.1807358052494
differential_evolution step 161: f(x)= 851.1807358052494
differential_evolution step 162: f(x)= 851.1807358052494
differential_evolution step 163: f(x)= 851.1807358052494
differential_evolution step 164: f(x)= 851.1807358052494
differential_evolution step 165: f(x)= 851.1807358052494
differential_evolution step 166: f(x)= 850.7817796498505
differential_evolution step 167: f(x)= 850.7817796498505
differential_evolution step 168: f(x)= 850.7817796498505
differential_evolution step 169: f(x)= 850.7817796498505
differential_evolution step 170: f(x)= 850.7817796498505
differential_evolution step 171: f(x)= 850.7817796498505
differential_evolution step 172: f(x)= 850.7817796498505
differential_evolution step 173: f(x)= 850.7817796498505
differential_evolution step 174: f(x)= 850.7817796498505
differential_evolution step 175: f(x)= 850.7817796498505
differential_evolution step 176: f(x)= 850.7817796498505
differential_evolution step 177: f(x)= 850.7817796498505
differential_evolution step 178: f(x)= 850.7817796498505
differential_evolution step 179: f(x)= 850.7817796498505
differential_evolution step 180: f(x)= 850.7667854515453
differential_evolution step 181: f(x)= 850.7667854515453
differential_evolution step 182: f(x)= 850.7667854515453
differential_evolution step 183: f(x)= 850.7667854515453
differential_evolution step 184: f(x)= 850.7667854515453
differential_evolution step 185: f(x)= 850.7667854515453
differential_evolution step 186: f(x)= 850.7667854515453
differential_evolution step 187: f(x)= 850.7667854515453
differential_evolution step 188: f(x)= 850.7667854515453
differential_evolution step 189: f(x)= 850.7667854515453
differential_evolution step 190: f(x)= 850.7667854515453
differential_evolution step 191: f(x)= 850.7667854515453
differential_evolution step 192: f(x)= 850.7667854515453
differential_evolution step 193: f(x)= 850.7667854515453
differential_evolution step 194: f(x)= 850.7667854515453
differential_evolution step 195: f(x)= 850.7453382551195
differential_evolution step 196: f(x)= 850.7453382551195
differential_evolution step 197: f(x)= 850.7453382551195
differential_evolution step 198: f(x)= 850.7453382551195
differential_evolution step 199: f(x)= 850.7453382551195
differential_evolution step 200: f(x)= 850.7453382551195
Cluster 0 DE best chi^2: 850.745 with params {'x_src': np.float64(78.10318127734958), 'y_src': np.float64(80.18888810753177), 'z_s': np.float64(1.984246850695519)}
--- Running DE for Cluster 1 ---
[DE] Process Pool with 16 procs (init=latinhypercube, popsize=50)
differential_evolution step 1: f(x)= 3000.0
differential_evolution step 2: f(x)= 3000.0
differential_evolution step 3: f(x)= 3000.0
differential_evolution step 4: f(x)= 3000.0
differential_evolution step 5: f(x)= 3000.0
differential_evolution step 6: f(x)= 86.38657371687351
differential_evolution step 7: f(x)= 86.38657371687351
differential_evolution step 8: f(x)= 86.38657371687351
differential_evolution step 9: f(x)= 86.38657371687351
differential_evolution step 10: f(x)= 21.91118689392394
differential_evolution step 11: f(x)= 21.91118689392394
differential_evolution step 12: f(x)= 21.91118689392394
differential_evolution step 13: f(x)= 21.91118689392394
differential_evolution step 14: f(x)= 21.91118689392394
differential_evolution step 15: f(x)= 21.91118689392394
differential_evolution step 16: f(x)= 21.91118689392394
differential_evolution step 17: f(x)= 21.91118689392394
differential_evolution step 18: f(x)= 21.91118689392394
differential_evolution step 19: f(x)= 21.91118689392394
differential_evolution step 20: f(x)= 21.91118689392394
differential_evolution step 21: f(x)= 21.91118689392394
differential_evolution step 22: f(x)= 9.248162237956127
differential_evolution step 23: f(x)= 9.248162237956127
differential_evolution step 24: f(x)= 9.248162237956127
differential_evolution step 25: f(x)= 9.248162237956127
differential_evolution step 26: f(x)= 9.248162237956127
differential_evolution step 27: f(x)= 9.248162237956127
differential_evolution step 28: f(x)= 9.248162237956127
differential_evolution step 29: f(x)= 9.248162237956127
differential_evolution step 30: f(x)= 9.248162237956127
differential_evolution step 31: f(x)= 9.248162237956127
differential_evolution step 32: f(x)= 9.248162237956127
differential_evolution step 33: f(x)= 9.248162237956127
differential_evolution step 34: f(x)= 9.248162237956127
differential_evolution step 35: f(x)= 9.248162237956127
differential_evolution step 36: f(x)= 9.248162237956127
differential_evolution step 37: f(x)= 9.248162237956127
differential_evolution step 38: f(x)= 9.248162237956127
differential_evolution step 39: f(x)= 9.248162237956127
differential_evolution step 40: f(x)= 9.248162237956127
differential_evolution step 41: f(x)= 9.248162237956127
differential_evolution step 42: f(x)= 6.852609748252856
differential_evolution step 43: f(x)= 6.852609748252856
differential_evolution step 44: f(x)= 5.610902244874893
differential_evolution step 45: f(x)= 5.124079807630666
differential_evolution step 46: f(x)= 2.378847789540391
differential_evolution step 47: f(x)= 2.378847789540391
differential_evolution step 48: f(x)= 0.5536857365727831
differential_evolution step 49: f(x)= 0.5536857365727831
differential_evolution step 50: f(x)= 0.5536857365727831
differential_evolution step 51: f(x)= 0.5536857365727831
differential_evolution step 52: f(x)= 0.30502549896292486
differential_evolution step 53: f(x)= 0.30502549896292486
differential_evolution step 54: f(x)= 0.30502549896292486
differential_evolution step 55: f(x)= 0.30502549896292486
differential_evolution step 56: f(x)= 0.30502549896292486
differential_evolution step 57: f(x)= 0.30502549896292486
differential_evolution step 58: f(x)= 0.30502549896292486
differential_evolution step 59: f(x)= 0.18524351003624928
differential_evolution step 60: f(x)= 0.01699059715363905
Cluster 1 DE best chi^2: 0.017 with params {'x_src': np.float64(206.51730340909208), 'y_src': np.float64(193.70215740355627), 'z_s': np.float64(2.853477819948534)}
--- Running DE for Cluster 2 ---
[DE] Process Pool with 16 procs (init=latinhypercube, popsize=50)
differential_evolution step 1: f(x)= 2703.3960888662964
differential_evolution step 2: f(x)= 2703.3960888662964
differential_evolution step 3: f(x)= 2622.2272589901518
differential_evolution step 4: f(x)= 2622.2272589901518
differential_evolution step 5: f(x)= 2622.2272589901518
differential_evolution step 6: f(x)= 2622.2272589901518
differential_evolution step 7: f(x)= 2622.2272589901518
differential_evolution step 8: f(x)= 2622.2272589901518
differential_evolution step 9: f(x)= 1955.8212393797749
differential_evolution step 10: f(x)= 1955.8212393797749
differential_evolution step 11: f(x)= 1899.572150425856
differential_evolution step 12: f(x)= 1899.572150425856
differential_evolution step 13: f(x)= 1899.572150425856
differential_evolution step 14: f(x)= 1899.572150425856
differential_evolution step 15: f(x)= 1047.7595891395295
differential_evolution step 16: f(x)= 1047.7595891395295
differential_evolution step 17: f(x)= 1047.7595891395295
differential_evolution step 18: f(x)= 1047.7595891395295
differential_evolution step 19: f(x)= 1047.7595891395295
differential_evolution step 20: f(x)= 1047.7595891395295
differential_evolution step 21: f(x)= 1047.7595891395295
differential_evolution step 22: f(x)= 1047.7595891395295
differential_evolution step 23: f(x)= 1047.7595891395295
differential_evolution step 24: f(x)= 1047.7595891395295
differential_evolution step 25: f(x)= 811.2267738770854
differential_evolution step 26: f(x)= 811.2267738770854
differential_evolution step 27: f(x)= 811.2267738770854
differential_evolution step 28: f(x)= 584.6246250026569
differential_evolution step 29: f(x)= 584.6246250026569
differential_evolution step 30: f(x)= 584.6246250026569
differential_evolution step 31: f(x)= 584.6246250026569
differential_evolution step 32: f(x)= 584.6246250026569
differential_evolution step 33: f(x)= 584.6246250026569
differential_evolution step 34: f(x)= 584.6246250026569
differential_evolution step 35: f(x)= 584.6246250026569
differential_evolution step 36: f(x)= 584.6246250026569
differential_evolution step 37: f(x)= 584.6246250026569
differential_evolution step 38: f(x)= 584.6246250026569
differential_evolution step 39: f(x)= 584.6246250026569
differential_evolution step 40: f(x)= 584.6246250026569
differential_evolution step 41: f(x)= 584.6246250026569
differential_evolution step 42: f(x)= 584.6246250026569
differential_evolution step 43: f(x)= 584.6246250026569
differential_evolution step 44: f(x)= 584.6246250026569
differential_evolution step 45: f(x)= 584.6246250026569
differential_evolution step 46: f(x)= 584.6246250026569
differential_evolution step 47: f(x)= 584.6246250026569
differential_evolution step 48: f(x)= 584.6246250026569
differential_evolution step 49: f(x)= 584.6246250026569
differential_evolution step 50: f(x)= 554.2844445412304
differential_evolution step 51: f(x)= 554.2844445412304
differential_evolution step 52: f(x)= 554.2844445412304
differential_evolution step 53: f(x)= 554.2844445412304
differential_evolution step 54: f(x)= 554.2844445412304
differential_evolution step 55: f(x)= 554.2844445412304
differential_evolution step 56: f(x)= 554.2844445412304
differential_evolution step 57: f(x)= 554.2844445412304
differential_evolution step 58: f(x)= 551.5274010886836
differential_evolution step 59: f(x)= 551.5274010886836
differential_evolution step 60: f(x)= 551.5274010886836
differential_evolution step 61: f(x)= 551.5274010886836
differential_evolution step 62: f(x)= 551.5274010886836
differential_evolution step 63: f(x)= 548.2257020037773
differential_evolution step 64: f(x)= 548.2257020037773
differential_evolution step 65: f(x)= 541.125139538412
differential_evolution step 66: f(x)= 541.125139538412
differential_evolution step 67: f(x)= 541.125139538412
differential_evolution step 68: f(x)= 541.125139538412
differential_evolution step 69: f(x)= 541.125139538412
differential_evolution step 70: f(x)= 541.125139538412
differential_evolution step 71: f(x)= 541.125139538412
differential_evolution step 72: f(x)= 541.125139538412
differential_evolution step 73: f(x)= 540.8467337920908
differential_evolution step 74: f(x)= 540.8467337920908
differential_evolution step 75: f(x)= 536.8807458031756
differential_evolution step 76: f(x)= 536.8807458031756
differential_evolution step 77: f(x)= 536.8807458031756
differential_evolution step 78: f(x)= 536.8807458031756
differential_evolution step 79: f(x)= 536.8807458031756
differential_evolution step 80: f(x)= 536.8807458031756
differential_evolution step 81: f(x)= 536.8807458031756
differential_evolution step 82: f(x)= 536.8807458031756
differential_evolution step 83: f(x)= 536.8807458031756
differential_evolution step 84: f(x)= 536.8807458031756
differential_evolution step 85: f(x)= 536.8807458031756
differential_evolution step 86: f(x)= 522.0658330913711
differential_evolution step 87: f(x)= 522.0658330913711
differential_evolution step 88: f(x)= 522.0658330913711
differential_evolution step 89: f(x)= 522.0658330913711
differential_evolution step 90: f(x)= 522.0658330913711
differential_evolution step 91: f(x)= 522.0658330913711
differential_evolution step 92: f(x)= 521.6454441645503
differential_evolution step 93: f(x)= 520.107429220486
differential_evolution step 94: f(x)= 520.107429220486
differential_evolution step 95: f(x)= 520.107429220486
differential_evolution step 96: f(x)= 520.107429220486
differential_evolution step 97: f(x)= 520.107429220486
differential_evolution step 98: f(x)= 520.107429220486
differential_evolution step 99: f(x)= 520.107429220486
differential_evolution step 100: f(x)= 520.107429220486
differential_evolution step 101: f(x)= 517.0510842148497
differential_evolution step 102: f(x)= 517.0510842148497
differential_evolution step 103: f(x)= 517.0510842148497
differential_evolution step 104: f(x)= 517.0510842148497
differential_evolution step 105: f(x)= 517.0510842148497
differential_evolution step 106: f(x)= 517.0510842148497
differential_evolution step 107: f(x)= 517.0510842148497
differential_evolution step 108: f(x)= 517.0510842148497
differential_evolution step 109: f(x)= 517.0510842148497
differential_evolution step 110: f(x)= 517.0510842148497
differential_evolution step 111: f(x)= 517.0510842148497
differential_evolution step 112: f(x)= 517.0510842148497
differential_evolution step 113: f(x)= 517.0510842148497
differential_evolution step 114: f(x)= 517.0510842148497
differential_evolution step 115: f(x)= 517.0510842148497
differential_evolution step 116: f(x)= 515.2575757725192
differential_evolution step 117: f(x)= 515.2575757725192
differential_evolution step 118: f(x)= 515.2575757725192
differential_evolution step 119: f(x)= 515.2575757725192
differential_evolution step 120: f(x)= 515.2575757725192
differential_evolution step 121: f(x)= 515.2575757725192
differential_evolution step 122: f(x)= 515.2575757725192
differential_evolution step 123: f(x)= 515.2575757725192
differential_evolution step 124: f(x)= 515.2575757725192
differential_evolution step 125: f(x)= 515.2575757725192
differential_evolution step 126: f(x)= 515.2575757725192
differential_evolution step 127: f(x)= 515.2575757725192
differential_evolution step 128: f(x)= 515.0910916613038
differential_evolution step 129: f(x)= 515.0910916613038
differential_evolution step 130: f(x)= 515.0910916613038
differential_evolution step 131: f(x)= 515.0910916613038
differential_evolution step 132: f(x)= 515.0872866468824
differential_evolution step 133: f(x)= 513.2364665403925
differential_evolution step 134: f(x)= 513.2364665403925
differential_evolution step 135: f(x)= 513.2364665403925
differential_evolution step 136: f(x)= 513.2364665403925
differential_evolution step 137: f(x)= 513.2364665403925
differential_evolution step 138: f(x)= 513.2364665403925
differential_evolution step 139: f(x)= 513.2364665403925
differential_evolution step 140: f(x)= 513.2364665403925
differential_evolution step 141: f(x)= 513.2364665403925
differential_evolution step 142: f(x)= 513.2364665403925
differential_evolution step 143: f(x)= 513.2364665403925
differential_evolution step 144: f(x)= 513.2364665403925
differential_evolution step 145: f(x)= 513.2364665403925
differential_evolution step 146: f(x)= 513.2364665403925
differential_evolution step 147: f(x)= 513.2364665403925
differential_evolution step 148: f(x)= 513.2364665403925
differential_evolution step 149: f(x)= 513.2364665403925
differential_evolution step 150: f(x)= 513.0793343783209
differential_evolution step 151: f(x)= 513.0793343783209
differential_evolution step 152: f(x)= 513.0793343783209
differential_evolution step 153: f(x)= 513.0793343783209
differential_evolution step 154: f(x)= 513.0793343783209
differential_evolution step 155: f(x)= 513.0601601898172
differential_evolution step 156: f(x)= 513.0601601898172
differential_evolution step 157: f(x)= 513.0601601898172
differential_evolution step 158: f(x)= 512.7354696938405
differential_evolution step 159: f(x)= 512.7354696938405
differential_evolution step 160: f(x)= 512.7354696938405
differential_evolution step 161: f(x)= 512.7354696938405
differential_evolution step 162: f(x)= 512.7354696938405
differential_evolution step 163: f(x)= 512.7354696938405
differential_evolution step 164: f(x)= 512.7354696938405
differential_evolution step 165: f(x)= 512.7354696938405
differential_evolution step 166: f(x)= 512.7354696938405
differential_evolution step 167: f(x)= 512.7354696938405
differential_evolution step 168: f(x)= 512.7354696938405
differential_evolution step 169: f(x)= 512.7354696938405
differential_evolution step 170: f(x)= 512.7354696938405
differential_evolution step 171: f(x)= 512.7354696938405
differential_evolution step 172: f(x)= 512.7354696938405
differential_evolution step 173: f(x)= 512.7354696938405
differential_evolution step 174: f(x)= 512.7354696938405
differential_evolution step 175: f(x)= 512.7354696938405
differential_evolution step 176: f(x)= 512.7354696938405
differential_evolution step 177: f(x)= 512.7354696938405
differential_evolution step 178: f(x)= 512.654579743034
differential_evolution step 179: f(x)= 512.654579743034
differential_evolution step 180: f(x)= 512.654579743034
differential_evolution step 181: f(x)= 512.654579743034
differential_evolution step 182: f(x)= 512.654579743034
differential_evolution step 183: f(x)= 512.654579743034
differential_evolution step 184: f(x)= 512.654579743034
differential_evolution step 185: f(x)= 512.654579743034
differential_evolution step 186: f(x)= 512.654579743034
differential_evolution step 187: f(x)= 512.654579743034
differential_evolution step 188: f(x)= 512.654579743034
differential_evolution step 189: f(x)= 512.654579743034
differential_evolution step 190: f(x)= 512.654579743034
differential_evolution step 191: f(x)= 512.654579743034
differential_evolution step 192: f(x)= 512.654579743034
differential_evolution step 193: f(x)= 512.654579743034
differential_evolution step 194: f(x)= 512.654579743034
differential_evolution step 195: f(x)= 512.654579743034
differential_evolution step 196: f(x)= 512.654579743034
differential_evolution step 197: f(x)= 512.654579743034
differential_evolution step 198: f(x)= 512.654579743034
differential_evolution step 199: f(x)= 512.654579743034
differential_evolution step 200: f(x)= 512.654579743034
Cluster 2 DE best chi^2: 512.655 with params {'x_src': np.float64(97.83774420361743), 'y_src': np.float64(102.47451982661391), 'z_s': np.float64(1.4314645004141475)}
--- Running DE for Cluster 3 ---
[DE] Process Pool with 16 procs (init=latinhypercube, popsize=50)
differential_evolution step 1: f(x)= 4242.640687119286
differential_evolution step 2: f(x)= 4242.640687119286
differential_evolution step 3: f(x)= 3000.0
differential_evolution step 4: f(x)= 3000.0
differential_evolution step 5: f(x)= 3000.0
differential_evolution step 6: f(x)= 3000.0
differential_evolution step 7: f(x)= 3000.0
differential_evolution step 8: f(x)= 3000.0
differential_evolution step 9: f(x)= 3000.0
differential_evolution step 10: f(x)= 3000.0
differential_evolution step 11: f(x)= 3000.0
differential_evolution step 12: f(x)= 3000.0
differential_evolution step 13: f(x)= 3000.0
differential_evolution step 14: f(x)= 3000.0
differential_evolution step 15: f(x)= 3000.0
differential_evolution step 16: f(x)= 3000.0
differential_evolution step 17: f(x)= 3000.0
differential_evolution step 18: f(x)= 3000.0
differential_evolution step 19: f(x)= 3000.0
differential_evolution step 20: f(x)= 3000.0
differential_evolution step 21: f(x)= 3000.0
differential_evolution step 22: f(x)= 3000.0
differential_evolution step 23: f(x)= 3000.0
differential_evolution step 24: f(x)= 3000.0
differential_evolution step 25: f(x)= 3000.0
differential_evolution step 26: f(x)= 3000.0
differential_evolution step 27: f(x)= 3000.0
differential_evolution step 28: f(x)= 3000.0
differential_evolution step 29: f(x)= 3000.0
differential_evolution step 30: f(x)= 3000.0
differential_evolution step 31: f(x)= 3000.0
differential_evolution step 32: f(x)= 3000.0
differential_evolution step 33: f(x)= 3000.0
differential_evolution step 34: f(x)= 3000.0
differential_evolution step 35: f(x)= 3000.0
differential_evolution step 36: f(x)= 3000.0
differential_evolution step 37: f(x)= 3000.0
differential_evolution step 38: f(x)= 3000.0
differential_evolution step 39: f(x)= 3000.0
differential_evolution step 40: f(x)= 3000.0
differential_evolution step 41: f(x)= 3000.0
differential_evolution step 42: f(x)= 3000.0
differential_evolution step 43: f(x)= 3000.0
differential_evolution step 44: f(x)= 3000.0
differential_evolution step 45: f(x)= 3000.0
differential_evolution step 46: f(x)= 3000.0
differential_evolution step 47: f(x)= 3000.0
differential_evolution step 48: f(x)= 3000.0
differential_evolution step 49: f(x)= 3000.0
differential_evolution step 50: f(x)= 3000.0
differential_evolution step 51: f(x)= 3000.0
differential_evolution step 52: f(x)= 3000.0
differential_evolution step 53: f(x)= 3000.0
differential_evolution step 54: f(x)= 3000.0
differential_evolution step 55: f(x)= 3000.0
differential_evolution step 56: f(x)= 3000.0
differential_evolution step 57: f(x)= 3000.0
differential_evolution step 58: f(x)= 3000.0
differential_evolution step 59: f(x)= 3000.0
differential_evolution step 60: f(x)= 3000.0
differential_evolution step 61: f(x)= 3000.0
differential_evolution step 62: f(x)= 3000.0
differential_evolution step 63: f(x)= 3000.0
differential_evolution step 64: f(x)= 3000.0
differential_evolution step 65: f(x)= 3000.0
differential_evolution step 66: f(x)= 3000.0
differential_evolution step 67: f(x)= 3000.0
differential_evolution step 68: f(x)= 3000.0
differential_evolution step 69: f(x)= 3000.0
differential_evolution step 70: f(x)= 3000.0
differential_evolution step 71: f(x)= 3000.0
differential_evolution step 72: f(x)= 3000.0
differential_evolution step 73: f(x)= 3000.0
differential_evolution step 74: f(x)= 3000.0
differential_evolution step 75: f(x)= 3000.0
differential_evolution step 76: f(x)= 3000.0
differential_evolution step 77: f(x)= 3000.0
differential_evolution step 78: f(x)= 3000.0
differential_evolution step 79: f(x)= 3000.0
differential_evolution step 80: f(x)= 3000.0
differential_evolution step 81: f(x)= 3000.0
differential_evolution step 82: f(x)= 3000.0
differential_evolution step 83: f(x)= 3000.0
differential_evolution step 84: f(x)= 3000.0
differential_evolution step 85: f(x)= 3000.0
differential_evolution step 86: f(x)= 3000.0
differential_evolution step 87: f(x)= 3000.0
differential_evolution step 88: f(x)= 3000.0
differential_evolution step 89: f(x)= 3000.0
differential_evolution step 90: f(x)= 3000.0
differential_evolution step 91: f(x)= 3000.0
differential_evolution step 92: f(x)= 3000.0
differential_evolution step 93: f(x)= 3000.0
differential_evolution step 94: f(x)= 3000.0
differential_evolution step 95: f(x)= 3000.0
differential_evolution step 96: f(x)= 3000.0
differential_evolution step 97: f(x)= 3000.0
differential_evolution step 98: f(x)= 3000.0
differential_evolution step 99: f(x)= 3000.0
differential_evolution step 100: f(x)= 3000.0
differential_evolution step 101: f(x)= 3000.0
differential_evolution step 102: f(x)= 3000.0
differential_evolution step 103: f(x)= 3000.0
differential_evolution step 104: f(x)= 3000.0
differential_evolution step 105: f(x)= 3000.0
differential_evolution step 106: f(x)= 3000.0
differential_evolution step 107: f(x)= 3000.0
differential_evolution step 108: f(x)= 3000.0
differential_evolution step 109: f(x)= 3000.0
differential_evolution step 110: f(x)= 3000.0
differential_evolution step 111: f(x)= 3000.0
differential_evolution step 112: f(x)= 3000.0
differential_evolution step 113: f(x)= 3000.0
differential_evolution step 114: f(x)= 3000.0
differential_evolution step 115: f(x)= 3000.0
differential_evolution step 116: f(x)= 3000.0
differential_evolution step 117: f(x)= 3000.0
differential_evolution step 118: f(x)= 3000.0
differential_evolution step 119: f(x)= 3000.0
differential_evolution step 120: f(x)= 3000.0
differential_evolution step 121: f(x)= 3000.0
differential_evolution step 122: f(x)= 3000.0
differential_evolution step 123: f(x)= 3000.0
differential_evolution step 124: f(x)= 3000.0
differential_evolution step 125: f(x)= 3000.0
differential_evolution step 126: f(x)= 3000.0
differential_evolution step 127: f(x)= 3000.0
differential_evolution step 128: f(x)= 3000.0
differential_evolution step 129: f(x)= 3000.0
differential_evolution step 130: f(x)= 3000.0
Cluster 3 DE best chi^2: 3000.000 with params {'x_src': np.float64(123.97678209065032), 'y_src': np.float64(118.38337877563237), 'z_s': np.float64(2.6233316082398077)}
--- Running DE for Cluster 4 ---
[DE] Process Pool with 16 procs (init=latinhypercube, popsize=50)
differential_evolution step 1: f(x)= 1120.8830256116335
differential_evolution step 2: f(x)= 1120.8830256116335
differential_evolution step 3: f(x)= 1120.8830256116335
differential_evolution step 4: f(x)= 1120.8830256116335
differential_evolution step 5: f(x)= 1120.8830256116335
differential_evolution step 6: f(x)= 1120.8830256116335
differential_evolution step 7: f(x)= 1120.8830256116335
differential_evolution step 8: f(x)= 1120.8830256116335
differential_evolution step 9: f(x)= 1120.8830256116335
differential_evolution step 10: f(x)= 1120.8830256116335
differential_evolution step 11: f(x)= 1120.8830256116335
differential_evolution step 12: f(x)= 1116.5237655721492
differential_evolution step 13: f(x)= 1116.5237655721492
differential_evolution step 14: f(x)= 1116.5237655721492
differential_evolution step 15: f(x)= 1116.5237655721492
differential_evolution step 16: f(x)= 1116.5237655721492
differential_evolution step 17: f(x)= 1116.5237655721492
differential_evolution step 18: f(x)= 1116.5237655721492
differential_evolution step 19: f(x)= 1116.5237655721492
differential_evolution step 20: f(x)= 1116.5237655721492
differential_evolution step 21: f(x)= 1116.5237655721492
differential_evolution step 22: f(x)= 1116.5237655721492
differential_evolution step 23: f(x)= 1116.5237655721492
differential_evolution step 24: f(x)= 1116.5237655721492
differential_evolution step 25: f(x)= 1116.5237655721492
differential_evolution step 26: f(x)= 1116.5237655721492
differential_evolution step 27: f(x)= 1116.5237655721492
differential_evolution step 28: f(x)= 1116.5237655721492
differential_evolution step 29: f(x)= 1116.5237655721492
differential_evolution step 30: f(x)= 1116.5237655721492
differential_evolution step 31: f(x)= 857.720089319921
differential_evolution step 32: f(x)= 857.720089319921
differential_evolution step 33: f(x)= 857.720089319921
differential_evolution step 34: f(x)= 857.720089319921
differential_evolution step 35: f(x)= 857.720089319921
differential_evolution step 36: f(x)= 857.720089319921
differential_evolution step 37: f(x)= 857.720089319921
differential_evolution step 38: f(x)= 857.720089319921
differential_evolution step 39: f(x)= 857.720089319921
differential_evolution step 40: f(x)= 857.720089319921
differential_evolution step 41: f(x)= 857.720089319921
differential_evolution step 42: f(x)= 857.720089319921
differential_evolution step 43: f(x)= 857.720089319921
differential_evolution step 44: f(x)= 857.720089319921
differential_evolution step 45: f(x)= 857.720089319921
differential_evolution step 46: f(x)= 857.720089319921
differential_evolution step 47: f(x)= 857.720089319921
differential_evolution step 48: f(x)= 857.720089319921
differential_evolution step 49: f(x)= 857.720089319921
differential_evolution step 50: f(x)= 857.720089319921
differential_evolution step 51: f(x)= 857.720089319921
differential_evolution step 52: f(x)= 857.720089319921
differential_evolution step 53: f(x)= 857.720089319921
differential_evolution step 54: f(x)= 857.720089319921
differential_evolution step 55: f(x)= 857.720089319921
differential_evolution step 56: f(x)= 857.720089319921
differential_evolution step 57: f(x)= 857.720089319921
differential_evolution step 58: f(x)= 857.720089319921
differential_evolution step 59: f(x)= 857.720089319921
differential_evolution step 60: f(x)= 857.720089319921
differential_evolution step 61: f(x)= 857.720089319921
differential_evolution step 62: f(x)= 857.720089319921
differential_evolution step 63: f(x)= 857.720089319921
differential_evolution step 64: f(x)= 856.5866630804519
differential_evolution step 65: f(x)= 856.5866630804519
differential_evolution step 66: f(x)= 856.5866630804519
differential_evolution step 67: f(x)= 856.5866630804519
differential_evolution step 68: f(x)= 856.5866630804519
differential_evolution step 69: f(x)= 856.5866630804519
differential_evolution step 70: f(x)= 856.5866630804519
differential_evolution step 71: f(x)= 856.5866630804519
differential_evolution step 72: f(x)= 856.5866630804519
differential_evolution step 73: f(x)= 856.5866630804519
differential_evolution step 74: f(x)= 856.5866630804519
differential_evolution step 75: f(x)= 856.5866630804519
differential_evolution step 76: f(x)= 856.5866630804519
differential_evolution step 77: f(x)= 856.5866630804519
differential_evolution step 78: f(x)= 856.5866630804519
differential_evolution step 79: f(x)= 856.5866630804519
differential_evolution step 80: f(x)= 856.5866630804519
differential_evolution step 81: f(x)= 856.5866630804519
differential_evolution step 82: f(x)= 856.5866630804519
differential_evolution step 83: f(x)= 856.5866630804519
differential_evolution step 84: f(x)= 856.5866630804519
differential_evolution step 85: f(x)= 856.5866630804519
differential_evolution step 86: f(x)= 856.5866630804519
differential_evolution step 87: f(x)= 856.5866630804519
differential_evolution step 88: f(x)= 856.5866630804519
differential_evolution step 89: f(x)= 856.5866630804519
differential_evolution step 90: f(x)= 839.7094477379883
differential_evolution step 91: f(x)= 839.7094477379883
differential_evolution step 92: f(x)= 839.7094477379883
differential_evolution step 93: f(x)= 839.7094477379883
differential_evolution step 94: f(x)= 839.7094477379883
differential_evolution step 95: f(x)= 839.7094477379883
differential_evolution step 96: f(x)= 839.7094477379883
differential_evolution step 97: f(x)= 839.7094477379883
differential_evolution step 98: f(x)= 839.7094477379883
differential_evolution step 99: f(x)= 839.7094477379883
differential_evolution step 100: f(x)= 839.7094477379883
differential_evolution step 101: f(x)= 839.7094477379883
differential_evolution step 102: f(x)= 839.7094477379883
differential_evolution step 103: f(x)= 839.7094477379883
differential_evolution step 104: f(x)= 839.7094477379883
differential_evolution step 105: f(x)= 839.7094477379883
differential_evolution step 106: f(x)= 839.7094477379883
differential_evolution step 107: f(x)= 839.7094477379883
differential_evolution step 108: f(x)= 839.7094477379883
differential_evolution step 109: f(x)= 839.7094477379883
differential_evolution step 110: f(x)= 839.7094477379883
differential_evolution step 111: f(x)= 839.7094477379883
differential_evolution step 112: f(x)= 839.7094477379883
differential_evolution step 113: f(x)= 839.7094477379883
differential_evolution step 114: f(x)= 839.7094477379883
differential_evolution step 115: f(x)= 839.7094477379883
differential_evolution step 116: f(x)= 839.7094477379883
differential_evolution step 117: f(x)= 839.7094477379883
differential_evolution step 118: f(x)= 839.7094477379883
differential_evolution step 119: f(x)= 839.7094477379883
differential_evolution step 120: f(x)= 839.7094477379883
differential_evolution step 121: f(x)= 839.7094477379883
differential_evolution step 122: f(x)= 839.7094477379883
differential_evolution step 123: f(x)= 839.7094477379883
differential_evolution step 124: f(x)= 839.7094477379883
differential_evolution step 125: f(x)= 839.7094477379883
differential_evolution step 126: f(x)= 839.7094477379883
differential_evolution step 127: f(x)= 619.0670350566393
differential_evolution step 128: f(x)= 619.0670350566393
differential_evolution step 129: f(x)= 619.0670350566393
differential_evolution step 130: f(x)= 619.0670350566393
differential_evolution step 131: f(x)= 619.0670350566393
differential_evolution step 132: f(x)= 619.0670350566393
differential_evolution step 133: f(x)= 619.0670350566393
differential_evolution step 134: f(x)= 619.0670350566393
differential_evolution step 135: f(x)= 619.0670350566393
differential_evolution step 136: f(x)= 619.0670350566393
differential_evolution step 137: f(x)= 619.0670350566393
differential_evolution step 138: f(x)= 619.0670350566393
differential_evolution step 139: f(x)= 619.0670350566393
differential_evolution step 140: f(x)= 619.0670350566393
differential_evolution step 141: f(x)= 619.0670350566393
differential_evolution step 142: f(x)= 619.0670350566393
differential_evolution step 143: f(x)= 619.0670350566393
differential_evolution step 144: f(x)= 619.0670350566393
differential_evolution step 145: f(x)= 619.0670350566393
differential_evolution step 146: f(x)= 619.0670350566393
differential_evolution step 147: f(x)= 619.0670350566393
differential_evolution step 148: f(x)= 619.0670350566393
differential_evolution step 149: f(x)= 619.0670350566393
differential_evolution step 150: f(x)= 619.0670350566393
differential_evolution step 151: f(x)= 619.0670350566393
differential_evolution step 152: f(x)= 619.0670350566393
differential_evolution step 153: f(x)= 619.0670350566393
differential_evolution step 154: f(x)= 619.0670350566393
differential_evolution step 155: f(x)= 619.0670350566393
differential_evolution step 156: f(x)= 619.0670350566393
differential_evolution step 157: f(x)= 619.0670350566393
differential_evolution step 158: f(x)= 619.0670350566393
differential_evolution step 159: f(x)= 619.0670350566393
differential_evolution step 160: f(x)= 619.0670350566393
differential_evolution step 161: f(x)= 619.0670350566393
differential_evolution step 162: f(x)= 619.0670350566393
differential_evolution step 163: f(x)= 619.0670350566393
differential_evolution step 164: f(x)= 619.0670350566393
differential_evolution step 165: f(x)= 619.0670350566393
differential_evolution step 166: f(x)= 619.0670350566393
differential_evolution step 167: f(x)= 619.0670350566393
differential_evolution step 168: f(x)= 619.0670350566393
differential_evolution step 169: f(x)= 619.0670350566393
differential_evolution step 170: f(x)= 619.0670350566393
differential_evolution step 171: f(x)= 619.0670350566393
differential_evolution step 172: f(x)= 619.0670350566393
differential_evolution step 173: f(x)= 619.0670350566393
differential_evolution step 174: f(x)= 619.0670350566393
differential_evolution step 175: f(x)= 619.0670350566393
differential_evolution step 176: f(x)= 619.0670350566393
differential_evolution step 177: f(x)= 619.0670350566393
differential_evolution step 178: f(x)= 619.0670350566393
differential_evolution step 179: f(x)= 619.0670350566393
differential_evolution step 180: f(x)= 619.0670350566393
differential_evolution step 181: f(x)= 619.0670350566393
differential_evolution step 182: f(x)= 619.0670350566393
differential_evolution step 183: f(x)= 619.0670350566393
differential_evolution step 184: f(x)= 619.0670350566393
differential_evolution step 185: f(x)= 619.0670350566393
differential_evolution step 186: f(x)= 619.0670350566393
differential_evolution step 187: f(x)= 619.0670350566393
differential_evolution step 188: f(x)= 619.0670350566393
differential_evolution step 189: f(x)= 619.0670350566393
differential_evolution step 190: f(x)= 619.0670350566393
differential_evolution step 191: f(x)= 619.0670350566393
differential_evolution step 192: f(x)= 619.0670350566393
differential_evolution step 193: f(x)= 619.0670350566393
differential_evolution step 194: f(x)= 619.0670350566393
differential_evolution step 195: f(x)= 619.0670350566393
differential_evolution step 196: f(x)= 556.678985064957
differential_evolution step 197: f(x)= 556.678985064957
differential_evolution step 198: f(x)= 556.678985064957
differential_evolution step 199: f(x)= 556.678985064957
differential_evolution step 200: f(x)= 556.678985064957
Cluster 4 DE best chi^2: 556.679 with params {'x_src': np.float64(211.3675334309246), 'y_src': np.float64(218.98925444867518), 'z_s': np.float64(1.5338785489374767)}
--- Running DE for Cluster 5 ---
[DE] Process Pool with 16 procs (init=latinhypercube, popsize=50)
differential_evolution step 1: f(x)= 4242.640687119286
differential_evolution step 2: f(x)= 4242.640687119286
differential_evolution step 3: f(x)= 4242.640687119286
differential_evolution step 4: f(x)= 4242.640687119286
differential_evolution step 5: f(x)= 4242.640687119286
differential_evolution step 6: f(x)= 4242.640687119286
differential_evolution step 7: f(x)= 4242.640687119286
differential_evolution step 8: f(x)= 3000.0
differential_evolution step 9: f(x)= 3000.0
differential_evolution step 10: f(x)= 3000.0
differential_evolution step 11: f(x)= 3000.0
differential_evolution step 12: f(x)= 3000.0
differential_evolution step 13: f(x)= 3000.0
differential_evolution step 14: f(x)= 3000.0
differential_evolution step 15: f(x)= 3000.0
differential_evolution step 16: f(x)= 3000.0
differential_evolution step 17: f(x)= 3000.0
differential_evolution step 18: f(x)= 3000.0
differential_evolution step 19: f(x)= 3000.0
differential_evolution step 20: f(x)= 3000.0
differential_evolution step 21: f(x)= 3000.0
differential_evolution step 22: f(x)= 3000.0
differential_evolution step 23: f(x)= 3000.0
differential_evolution step 24: f(x)= 2527.5619787430023
differential_evolution step 25: f(x)= 2527.5619787430023
differential_evolution step 26: f(x)= 2527.5619787430023
differential_evolution step 27: f(x)= 2527.5619787430023
differential_evolution step 28: f(x)= 2527.5619787430023
differential_evolution step 29: f(x)= 2527.5619787430023
differential_evolution step 30: f(x)= 2527.5619787430023
differential_evolution step 31: f(x)= 2527.5619787430023
differential_evolution step 32: f(x)= 2527.5619787430023
differential_evolution step 33: f(x)= 2527.5619787430023
differential_evolution step 34: f(x)= 2527.5619787430023
differential_evolution step 35: f(x)= 2244.1537372515713
differential_evolution step 36: f(x)= 2244.1537372515713
differential_evolution step 37: f(x)= 2244.1537372515713
differential_evolution step 38: f(x)= 2131.221980114862
differential_evolution step 39: f(x)= 2131.221980114862
differential_evolution step 40: f(x)= 2131.221980114862
differential_evolution step 41: f(x)= 2131.221980114862
differential_evolution step 42: f(x)= 2131.221980114862
differential_evolution step 43: f(x)= 2131.221980114862
differential_evolution step 44: f(x)= 2131.221980114862
differential_evolution step 45: f(x)= 2131.221980114862
differential_evolution step 46: f(x)= 2131.221980114862
differential_evolution step 47: f(x)= 2131.221980114862
differential_evolution step 48: f(x)= 2131.221980114862
differential_evolution step 49: f(x)= 2131.221980114862
differential_evolution step 50: f(x)= 2131.221980114862
differential_evolution step 51: f(x)= 1978.7349565914626
differential_evolution step 52: f(x)= 1978.7349565914626
differential_evolution step 53: f(x)= 1978.7349565914626
differential_evolution step 54: f(x)= 1978.7349565914626
differential_evolution step 55: f(x)= 1978.7349565914626
differential_evolution step 56: f(x)= 1978.7349565914626
differential_evolution step 57: f(x)= 1978.7349565914626
differential_evolution step 58: f(x)= 1978.7349565914626
differential_evolution step 59: f(x)= 1978.7349565914626
differential_evolution step 60: f(x)= 1976.5218204409355
differential_evolution step 61: f(x)= 1976.5218204409355
differential_evolution step 62: f(x)= 1976.5218204409355
differential_evolution step 63: f(x)= 1976.5218204409355
differential_evolution step 64: f(x)= 1976.5218204409355
differential_evolution step 65: f(x)= 1856.878995997637
differential_evolution step 66: f(x)= 1856.878995997637
differential_evolution step 67: f(x)= 1856.878995997637
differential_evolution step 68: f(x)= 1856.878995997637
differential_evolution step 69: f(x)= 1856.878995997637
differential_evolution step 70: f(x)= 1856.878995997637
differential_evolution step 71: f(x)= 1856.878995997637
differential_evolution step 72: f(x)= 1856.878995997637
differential_evolution step 73: f(x)= 1856.878995997637
differential_evolution step 74: f(x)= 1856.878995997637
differential_evolution step 75: f(x)= 1764.122553252379
differential_evolution step 76: f(x)= 1764.122553252379
differential_evolution step 77: f(x)= 1764.122553252379
differential_evolution step 78: f(x)= 1764.122553252379
differential_evolution step 79: f(x)= 1764.122553252379
differential_evolution step 80: f(x)= 1764.122553252379
differential_evolution step 81: f(x)= 1764.122553252379
differential_evolution step 82: f(x)= 1764.122553252379
differential_evolution step 83: f(x)= 1764.122553252379
differential_evolution step 84: f(x)= 1764.122553252379
differential_evolution step 85: f(x)= 1764.122553252379
differential_evolution step 86: f(x)= 1589.6912107842622
differential_evolution step 87: f(x)= 1589.6912107842622
differential_evolution step 88: f(x)= 1589.6912107842622
differential_evolution step 89: f(x)= 1589.6912107842622
differential_evolution step 90: f(x)= 1589.6912107842622
differential_evolution step 91: f(x)= 1589.6912107842622
differential_evolution step 92: f(x)= 1589.6912107842622
differential_evolution step 93: f(x)= 1589.6912107842622
differential_evolution step 94: f(x)= 1589.6912107842622
differential_evolution step 95: f(x)= 1589.6912107842622
differential_evolution step 96: f(x)= 1589.6912107842622
differential_evolution step 97: f(x)= 1589.6912107842622
differential_evolution step 98: f(x)= 1589.6912107842622
differential_evolution step 99: f(x)= 1589.6912107842622
differential_evolution step 100: f(x)= 1589.6912107842622
differential_evolution step 101: f(x)= 1589.6912107842622
differential_evolution step 102: f(x)= 1589.6912107842622
differential_evolution step 103: f(x)= 1589.6912107842622
differential_evolution step 104: f(x)= 1589.6912107842622
differential_evolution step 105: f(x)= 1589.6912107842622
differential_evolution step 106: f(x)= 1589.6912107842622
differential_evolution step 107: f(x)= 1589.6912107842622
differential_evolution step 108: f(x)= 1589.6912107842622
differential_evolution step 109: f(x)= 1589.6912107842622
differential_evolution step 110: f(x)= 1589.6912107842622
differential_evolution step 111: f(x)= 1589.6912107842622
differential_evolution step 112: f(x)= 1589.6912107842622
differential_evolution step 113: f(x)= 1589.6912107842622
differential_evolution step 114: f(x)= 1589.6912107842622
differential_evolution step 115: f(x)= 1589.6912107842622
differential_evolution step 116: f(x)= 1589.6912107842622
differential_evolution step 117: f(x)= 1589.6912107842622
differential_evolution step 118: f(x)= 1589.6912107842622
differential_evolution step 119: f(x)= 1589.6912107842622
differential_evolution step 120: f(x)= 1583.147381150001
differential_evolution step 121: f(x)= 1583.147381150001
differential_evolution step 122: f(x)= 1583.147381150001
differential_evolution step 123: f(x)= 1583.147381150001
differential_evolution step 124: f(x)= 1583.147381150001
differential_evolution step 125: f(x)= 1579.3733757886234
differential_evolution step 126: f(x)= 1579.3733757886234
differential_evolution step 127: f(x)= 1579.3733757886234
differential_evolution step 128: f(x)= 1579.3733757886234
differential_evolution step 129: f(x)= 1579.3733757886234
differential_evolution step 130: f(x)= 1579.3733757886234
differential_evolution step 131: f(x)= 1579.3733757886234
differential_evolution step 132: f(x)= 1579.3733757886234
differential_evolution step 133: f(x)= 1579.3733757886234
differential_evolution step 134: f(x)= 1579.3733757886234
differential_evolution step 135: f(x)= 1578.2302374174874
differential_evolution step 136: f(x)= 1578.2302374174874
differential_evolution step 137: f(x)= 1578.2302374174874
differential_evolution step 138: f(x)= 1578.2302374174874
differential_evolution step 139: f(x)= 1578.2302374174874
differential_evolution step 140: f(x)= 1578.2302374174874
differential_evolution step 141: f(x)= 1566.4791898585022
differential_evolution step 142: f(x)= 1566.4791898585022
differential_evolution step 143: f(x)= 1566.4791898585022
differential_evolution step 144: f(x)= 1566.4791898585022
differential_evolution step 145: f(x)= 1566.4791898585022
differential_evolution step 146: f(x)= 1566.4791898585022
differential_evolution step 147: f(x)= 1531.4239551363312
differential_evolution step 148: f(x)= 1531.4239551363312
differential_evolution step 149: f(x)= 1531.4239551363312
differential_evolution step 150: f(x)= 1531.4239551363312
differential_evolution step 151: f(x)= 1531.4239551363312
differential_evolution step 152: f(x)= 1531.4239551363312
differential_evolution step 153: f(x)= 1531.4239551363312
differential_evolution step 154: f(x)= 1531.4239551363312
differential_evolution step 155: f(x)= 1531.4239551363312
differential_evolution step 156: f(x)= 1531.4239551363312
differential_evolution step 157: f(x)= 1531.4239551363312
differential_evolution step 158: f(x)= 1531.4239551363312
differential_evolution step 159: f(x)= 1531.4239551363312
differential_evolution step 160: f(x)= 1531.4239551363312
differential_evolution step 161: f(x)= 1531.4239551363312
differential_evolution step 162: f(x)= 1531.4239551363312
differential_evolution step 163: f(x)= 1531.4239551363312
differential_evolution step 164: f(x)= 1531.4239551363312
differential_evolution step 165: f(x)= 1531.4239551363312
differential_evolution step 166: f(x)= 1531.4239551363312
differential_evolution step 167: f(x)= 1531.4239551363312
differential_evolution step 168: f(x)= 1531.4239551363312
differential_evolution step 169: f(x)= 1531.4239551363312
differential_evolution step 170: f(x)= 1531.4239551363312
differential_evolution step 171: f(x)= 1531.4239551363312
differential_evolution step 172: f(x)= 1531.4239551363312
differential_evolution step 173: f(x)= 1531.4239551363312
differential_evolution step 174: f(x)= 1531.4239551363312
differential_evolution step 175: f(x)= 1531.4239551363312
differential_evolution step 176: f(x)= 1531.4239551363312
differential_evolution step 177: f(x)= 1531.3277181302656
differential_evolution step 178: f(x)= 1531.3277181302656
differential_evolution step 179: f(x)= 1531.3277181302656
differential_evolution step 180: f(x)= 1531.3277181302656
differential_evolution step 181: f(x)= 1531.3277181302656
differential_evolution step 182: f(x)= 1531.3277181302656
differential_evolution step 183: f(x)= 1531.3277181302656
differential_evolution step 184: f(x)= 1531.3277181302656
differential_evolution step 185: f(x)= 1531.3277181302656
differential_evolution step 186: f(x)= 1531.3277181302656
differential_evolution step 187: f(x)= 1531.3277181302656
differential_evolution step 188: f(x)= 1531.3277181302656
differential_evolution step 189: f(x)= 1531.3277181302656
differential_evolution step 190: f(x)= 1527.728770530301
differential_evolution step 191: f(x)= 1525.5780771164136
differential_evolution step 192: f(x)= 1525.5780771164136
differential_evolution step 193: f(x)= 1525.5780771164136
differential_evolution step 194: f(x)= 1525.5780771164136
differential_evolution step 195: f(x)= 1525.5780771164136
differential_evolution step 196: f(x)= 1525.5780771164136
differential_evolution step 197: f(x)= 1525.5780771164136
differential_evolution step 198: f(x)= 1525.5780771164136
differential_evolution step 199: f(x)= 1525.5780771164136
differential_evolution step 200: f(x)= 1525.5780771164136
Cluster 5 DE best chi^2: 1525.578 with params {'x_src': np.float64(150.4304319840034), 'y_src': np.float64(145.4234955764345), 'z_s': np.float64(2.484373680906869)}

--- DE Optimization Summary ---
Best fit found for Cluster 1 with chi^2 = 0.017
Best-fit parameters: {'x_src': np.float64(206.51730340909208), 'y_src': np.float64(193.70215740355627), 'z_s': np.float64(2.853477819948534)}

--- Running MCMC for Cluster 1 (chi_sq=0.017) ---
[MCMC] Process Pool with 16 procs
  0%|          | 0/20000 [00:00<?, ?it/s]  0%|          | 80/20000 [01:40<6:57:40,  1.26s/it]  0%|          | 94/20000 [02:00<6:57:23,  1.26s/it]  1%|          | 154/20000 [03:21<7:14:39,  1.31s/it]  1%|          | 167/20000 [03:40<7:14:22,  1.31s/it]  1%|          | 223/20000 [05:01<7:32:55,  1.37s/it]  1%|          | 236/20000 [05:20<7:32:37,  1.37s/it]  1%|         | 292/20000 [06:41<7:41:40,  1.41s/it]  2%|         | 305/20000 [07:00<7:41:21,  1.41s/it]  2%|         | 368/20000 [08:22<7:30:15,  1.38s/it]  2%|         | 380/20000 [08:40<7:29:58,  1.38s/it]  2%|         | 438/20000 [10:03<7:36:19,  1.40s/it]  2%|         | 448/20000 [10:20<7:36:05,  1.40s/it]  3%|         | 513/20000 [11:44<7:28:08,  1.38s/it]  3%|         | 525/20000 [12:00<7:27:52,  1.38s/it]  3%|         | 592/20000 [13:24<7:14:28,  1.34s/it]  3%|         | 604/20000 [13:40<7:14:12,  1.34s/it]  3%|         | 674/20000 [15:05<7:00:31,  1.31s/it]  3%|         | 686/20000 [15:20<7:00:16,  1.31s/it]  4%|         | 758/20000 [16:45<6:46:43,  1.27s/it]  4%|         | 769/20000 [17:00<6:46:29,  1.27s/it]  4%|         | 841/20000 [18:26<6:39:03,  1.25s/it]  4%|         | 851/20000 [18:40<6:38:51,  1.25s/it]  5%|         | 921/20000 [20:07<6:38:54,  1.25s/it]  5%|         | 930/20000 [20:20<6:38:43,  1.25s/it]  5%|         | 1001/20000 [21:47<6:36:57,  1.25s/it]  5%|         | 1011/20000 [22:00<6:36:45,  1.25s/it]  5%|         | 1082/20000 [23:27<6:33:42,  1.25s/it]  5%|         | 1092/20000 [23:40<6:33:29,  1.25s/it]  6%|         | 1162/20000 [25:08<6:32:41,  1.25s/it]  6%|         | 1171/20000 [25:20<6:32:30,  1.25s/it]  6%|         | 1238/20000 [26:48<6:37:16,  1.27s/it]  6%|         | 1246/20000 [27:00<6:37:05,  1.27s/it]  7%|         | 1312/20000 [28:29<6:43:47,  1.30s/it]  7%|         | 1320/20000 [28:40<6:43:37,  1.30s/it]  7%|         | 1394/20000 [30:10<6:36:11,  1.28s/it]  7%|         | 1409/20000 [30:30<6:35:52,  1.28s/it]  7%|         | 1475/20000 [31:51<6:32:00,  1.27s/it]  7%|         | 1489/20000 [32:10<6:31:42,  1.27s/it]  8%|         | 1555/20000 [33:32<6:28:35,  1.26s/it]  8%|         | 1569/20000 [33:50<6:28:17,  1.26s/it]  8%|         | 1636/20000 [35:12<6:24:59,  1.26s/it]  8%|         | 1650/20000 [35:30<6:24:41,  1.26s/it]  9%|         | 1715/20000 [36:53<6:25:12,  1.26s/it]  9%|         | 1727/20000 [37:10<6:24:57,  1.26s/it]  9%|         | 1793/20000 [38:34<6:25:58,  1.27s/it]  9%|         | 1804/20000 [38:50<6:25:44,  1.27s/it]  9%|         | 1867/20000 [40:14<6:31:46,  1.30s/it]  9%|         | 1878/20000 [40:30<6:31:32,  1.30s/it] 10%|         | 1945/20000 [41:55<6:29:20,  1.29s/it] 10%|         | 1956/20000 [42:10<6:29:06,  1.29s/it] 10%|         | 2026/20000 [43:35<6:22:36,  1.28s/it] 10%|         | 2036/20000 [43:50<6:22:23,  1.28s/it] 11%|         | 2104/20000 [45:15<6:21:22,  1.28s/it] 11%|         | 2115/20000 [45:30<6:21:08,  1.28s/it] 11%|         | 2184/20000 [46:56<6:18:15,  1.27s/it] 11%|         | 2194/20000 [47:10<6:18:02,  1.27s/it] 11%|        | 2265/20000 [48:38<6:14:17,  1.27s/it] 11%|        | 2274/20000 [48:50<6:14:06,  1.27s/it] 12%|        | 2344/20000 [50:18<6:13:35,  1.27s/it] 12%|        | 2352/20000 [50:30<6:13:24,  1.27s/it] 12%|        | 2421/20000 [51:59<6:15:29,  1.28s/it] 12%|        | 2427/20000 [52:10<6:15:22,  1.28s/it] 12%|        | 2494/20000 [53:40<6:21:32,  1.31s/it] 13%|        | 2510/20000 [54:00<6:21:11,  1.31s/it] 13%|        | 2573/20000 [55:20<6:16:35,  1.30s/it] 13%|        | 2589/20000 [55:40<6:16:14,  1.30s/it] 13%|        | 2653/20000 [57:00<6:11:04,  1.28s/it] 13%|        | 2667/20000 [57:20<6:10:46,  1.28s/it] 14%|        | 2732/20000 [58:41<6:09:00,  1.28s/it] 14%|        | 2746/20000 [59:00<6:08:42,  1.28s/it] 14%|        | 2810/20000 [1:00:22<6:07:31,  1.28s/it] 14%|        | 2823/20000 [1:00:40<6:07:14,  1.28s/it] 14%|        | 2889/20000 [1:02:02<6:04:36,  1.28s/it] 15%|        | 2901/20000 [1:02:20<6:04:21,  1.28s/it] 15%|        | 2966/20000 [1:03:42<6:05:22,  1.29s/it] 15%|        | 2979/20000 [1:04:00<6:05:06,  1.29s/it] 15%|        | 3045/20000 [1:05:24<6:03:04,  1.28s/it] 15%|        | 3057/20000 [1:05:40<6:02:48,  1.28s/it] 16%|        | 3127/20000 [1:07:04<5:55:39,  1.26s/it] 16%|        | 3140/20000 [1:07:20<5:55:22,  1.26s/it] 16%|        | 3206/20000 [1:08:44<5:54:57,  1.27s/it] 16%|        | 3217/20000 [1:09:00<5:54:43,  1.27s/it] 16%|        | 3286/20000 [1:10:25<5:52:32,  1.27s/it] 16%|        | 3297/20000 [1:10:40<5:52:18,  1.27s/it] 17%|        | 3365/20000 [1:12:06<5:52:08,  1.27s/it] 17%|        | 3375/20000 [1:12:20<5:51:55,  1.27s/it] 17%|        | 3445/20000 [1:13:48<5:50:00,  1.27s/it] 17%|        | 3454/20000 [1:14:00<5:49:48,  1.27s/it] 18%|        | 3527/20000 [1:15:29<5:45:10,  1.26s/it] 18%|        | 3535/20000 [1:15:40<5:45:00,  1.26s/it] 18%|        | 3606/20000 [1:17:09<5:44:26,  1.26s/it] 18%|        | 3615/20000 [1:17:20<5:44:14,  1.26s/it] 18%|        | 3684/20000 [1:18:49<5:44:42,  1.27s/it] 18%|        | 3692/20000 [1:19:00<5:44:32,  1.27s/it] 19%|        | 3761/20000 [1:20:29<5:45:56,  1.28s/it] 19%|        | 3768/20000 [1:20:40<5:45:47,  1.28s/it] 19%|        | 3840/20000 [1:22:10<5:43:59,  1.28s/it] 19%|        | 3856/20000 [1:22:30<5:43:38,  1.28s/it] 20%|        | 3921/20000 [1:23:50<5:38:55,  1.26s/it] 20%|        | 3935/20000 [1:24:10<5:38:37,  1.26s/it] 20%|        | 4001/20000 [1:25:31<5:37:10,  1.26s/it] 20%|        | 4014/20000 [1:25:50<5:36:54,  1.26s/it] 20%|        | 4080/20000 [1:27:12<5:36:12,  1.27s/it] 20%|        | 4094/20000 [1:27:30<5:35:54,  1.27s/it] 21%|        | 4160/20000 [1:28:52<5:33:31,  1.26s/it] 21%|        | 4173/20000 [1:29:10<5:33:14,  1.26s/it] 21%|        | 4240/20000 [1:30:33<5:31:46,  1.26s/it] 21%|       | 4252/20000 [1:30:50<5:31:31,  1.26s/it] 22%|       | 4319/20000 [1:32:14<5:30:42,  1.27s/it] 22%|       | 4331/20000 [1:32:30<5:30:27,  1.27s/it] 22%|       | 4401/20000 [1:33:55<5:26:17,  1.26s/it] 22%|       | 4413/20000 [1:34:10<5:26:02,  1.26s/it] 22%|       | 4482/20000 [1:35:35<5:23:10,  1.25s/it] 22%|       | 4494/20000 [1:35:50<5:22:55,  1.25s/it] 23%|       | 4564/20000 [1:37:16<5:19:49,  1.24s/it] 23%|       | 4575/20000 [1:37:30<5:19:35,  1.24s/it] 23%|       | 4644/20000 [1:38:56<5:19:15,  1.25s/it] 23%|       | 4654/20000 [1:39:10<5:19:03,  1.25s/it] 24%|       | 4726/20000 [1:40:37<5:16:34,  1.24s/it] 24%|       | 4735/20000 [1:40:50<5:16:23,  1.24s/it] 24%|       | 4807/20000 [1:42:18<5:14:48,  1.24s/it] 24%|       | 4816/20000 [1:42:30<5:14:37,  1.24s/it] 24%|       | 4887/20000 [1:43:58<5:14:02,  1.25s/it] 24%|       | 4896/20000 [1:44:10<5:13:51,  1.25s/it] 25%|       | 4966/20000 [1:45:39<5:14:36,  1.26s/it] 25%|       | 4974/20000 [1:45:50<5:14:26,  1.26s/it] 25%|       | 5046/20000 [1:47:20<5:13:21,  1.26s/it] 25%|       | 5062/20000 [1:47:40<5:13:01,  1.26s/it] 26%|       | 5126/20000 [1:49:00<5:11:18,  1.26s/it] 26%|       | 5140/20000 [1:49:20<5:11:00,  1.26s/it] 26%|       | 5202/20000 [1:50:41<5:14:45,  1.28s/it] 26%|       | 5217/20000 [1:51:00<5:14:26,  1.28s/it] 26%|       | 5285/20000 [1:52:23<5:09:02,  1.26s/it] 26%|       | 5297/20000 [1:52:40<5:08:46,  1.26s/it] 27%|       | 5362/20000 [1:54:03<5:10:17,  1.27s/it] 27%|       | 5374/20000 [1:54:20<5:10:02,  1.27s/it] 27%|       | 5442/20000 [1:55:43<5:07:27,  1.27s/it] 27%|       | 5454/20000 [1:56:00<5:07:12,  1.27s/it] 28%|       | 5519/20000 [1:57:24<5:08:09,  1.28s/it] 28%|       | 5532/20000 [1:57:40<5:07:52,  1.28s/it] 28%|       | 5599/20000 [1:59:04<5:05:01,  1.27s/it] 28%|       | 5611/20000 [1:59:20<5:04:46,  1.27s/it] 28%|       | 5680/20000 [2:00:44<5:00:43,  1.26s/it] 28%|       | 5692/20000 [2:01:00<5:00:28,  1.26s/it] 29%|       | 5765/20000 [2:02:25<4:53:18,  1.24s/it] 29%|       | 5778/20000 [2:02:40<4:53:02,  1.24s/it] 29%|       | 5851/20000 [2:04:05<4:46:32,  1.22s/it] 29%|       | 5863/20000 [2:04:20<4:46:17,  1.22s/it] 30%|       | 5939/20000 [2:05:46<4:39:25,  1.19s/it] 30%|       | 5949/20000 [2:06:00<4:39:13,  1.19s/it] 30%|       | 6018/20000 [2:07:27<4:43:37,  1.22s/it] 30%|       | 6027/20000 [2:07:40<4:43:26,  1.22s/it] 30%|       | 6099/20000 [2:09:08<4:43:42,  1.22s/it] 31%|       | 6108/20000 [2:09:20<4:43:31,  1.22s/it] 31%|       | 6179/20000 [2:10:48<4:44:31,  1.24s/it] 31%|       | 6187/20000 [2:11:00<4:44:21,  1.24s/it] 31%|      | 6259/20000 [2:12:29<4:44:14,  1.24s/it] 31%|      | 6267/20000 [2:12:40<4:44:04,  1.24s/it] 32%|      | 6341/20000 [2:14:10<4:41:51,  1.24s/it] 32%|      | 6356/20000 [2:14:30<4:41:32,  1.24s/it] 32%|      | 6421/20000 [2:15:51<4:41:43,  1.24s/it] 32%|      | 6436/20000 [2:16:10<4:41:25,  1.24s/it] 33%|      | 6501/20000 [2:17:31<4:40:57,  1.25s/it] 33%|      | 6514/20000 [2:17:50<4:40:41,  1.25s/it] 33%|      | 6579/20000 [2:19:12<4:42:04,  1.26s/it] 33%|      | 6592/20000 [2:19:30<4:41:48,  1.26s/it] 33%|      | 6660/20000 [2:20:52<4:38:36,  1.25s/it] 33%|      | 6674/20000 [2:21:10<4:38:18,  1.25s/it] 34%|      | 6741/20000 [2:22:32<4:35:53,  1.25s/it] 34%|      | 6755/20000 [2:22:50<4:35:35,  1.25s/it] 34%|      | 6820/20000 [2:24:13<4:36:01,  1.26s/it] 34%|      | 6833/20000 [2:24:30<4:35:45,  1.26s/it] 35%|      | 6901/20000 [2:25:55<4:34:06,  1.26s/it] 35%|      | 6911/20000 [2:26:10<4:33:54,  1.26s/it] 35%|      | 6980/20000 [2:27:35<4:33:53,  1.26s/it] 35%|      | 6991/20000 [2:27:50<4:33:39,  1.26s/it] 35%|      | 7064/20000 [2:29:17<4:28:13,  1.24s/it] 35%|      | 7074/20000 [2:29:30<4:28:00,  1.24s/it] 36%|      | 7138/20000 [2:30:58<4:34:18,  1.28s/it] 36%|      | 7146/20000 [2:31:10<4:34:08,  1.28s/it] 36%|      | 7214/20000 [2:32:39<4:35:40,  1.29s/it] 36%|      | 7222/20000 [2:32:50<4:35:29,  1.29s/it] 36%|      | 7293/20000 [2:34:19<4:32:17,  1.29s/it] 36%|      | 7300/20000 [2:34:30<4:32:08,  1.29s/it] 37%|      | 7372/20000 [2:35:59<4:29:34,  1.28s/it] 37%|      | 7380/20000 [2:36:10<4:29:24,  1.28s/it] 37%|      | 7453/20000 [2:37:40<4:25:29,  1.27s/it] 37%|      | 7470/20000 [2:38:00<4:25:08,  1.27s/it] 38%|      | 7533/20000 [2:39:21<4:22:56,  1.27s/it] 38%|      | 7547/20000 [2:39:40<4:22:39,  1.27s/it] 38%|      | 7613/20000 [2:41:01<4:20:48,  1.26s/it] 38%|      | 7628/20000 [2:41:20<4:20:29,  1.26s/it] 38%|      | 7693/20000 [2:42:42<4:18:29,  1.26s/it] 39%|      | 7707/20000 [2:43:00<4:18:11,  1.26s/it] 39%|      | 7773/20000 [2:44:22<4:16:39,  1.26s/it] 39%|      | 7787/20000 [2:44:40<4:16:21,  1.26s/it] 39%|      | 7852/20000 [2:46:02<4:15:25,  1.26s/it] 39%|      | 7865/20000 [2:46:20<4:15:08,  1.26s/it] 40%|      | 7934/20000 [2:47:43<4:11:48,  1.25s/it] 40%|      | 7947/20000 [2:48:00<4:11:32,  1.25s/it] 40%|      | 8013/20000 [2:49:24<4:11:34,  1.26s/it] 40%|      | 8025/20000 [2:49:40<4:11:19,  1.26s/it] 40%|      | 8091/20000 [2:51:05<4:11:48,  1.27s/it] 41%|      | 8103/20000 [2:51:20<4:11:32,  1.27s/it] 41%|      | 8171/20000 [2:52:45<4:09:14,  1.26s/it] 41%|      | 8182/20000 [2:53:00<4:09:00,  1.26s/it] 41%|     | 8252/20000 [2:54:26<4:06:41,  1.26s/it] 41%|     | 8263/20000 [2:54:40<4:06:27,  1.26s/it] 42%|     | 8330/20000 [2:56:07<4:06:36,  1.27s/it] 42%|     | 8340/20000 [2:56:20<4:06:24,  1.27s/it] 42%|     | 8407/20000 [2:57:48<4:07:42,  1.28s/it] 42%|     | 8416/20000 [2:58:00<4:07:30,  1.28s/it] 42%|     | 8488/20000 [2:59:28<4:03:22,  1.27s/it] 42%|     | 8497/20000 [2:59:40<4:03:10,  1.27s/it] 43%|     | 8569/20000 [3:01:09<3:59:56,  1.26s/it] 43%|     | 8577/20000 [3:01:20<3:59:46,  1.26s/it] 43%|     | 8646/20000 [3:02:49<4:01:06,  1.27s/it] 43%|     | 8654/20000 [3:03:00<4:00:56,  1.27s/it] 44%|     | 8723/20000 [3:04:31<4:02:01,  1.29s/it] 44%|     | 8738/20000 [3:04:50<4:01:41,  1.29s/it] 44%|     | 8807/20000 [3:06:12<3:55:06,  1.26s/it] 44%|     | 8821/20000 [3:06:30<3:54:48,  1.26s/it] 44%|     | 8889/20000 [3:07:53<3:51:36,  1.25s/it] 45%|     | 8903/20000 [3:08:10<3:51:18,  1.25s/it] 45%|     | 8972/20000 [3:09:33<3:47:42,  1.24s/it] 45%|     | 8985/20000 [3:09:50<3:47:26,  1.24s/it] 45%|     | 9048/20000 [3:11:14<3:50:49,  1.26s/it] 45%|     | 9060/20000 [3:11:30<3:50:34,  1.26s/it] 46%|     | 9128/20000 [3:12:55<3:48:49,  1.26s/it] 46%|     | 9139/20000 [3:13:10<3:48:35,  1.26s/it] 46%|     | 9209/20000 [3:14:36<3:46:10,  1.26s/it] 46%|     | 9221/20000 [3:14:50<3:45:55,  1.26s/it] 46%|     | 9288/20000 [3:16:17<3:45:30,  1.26s/it] 46%|     | 9299/20000 [3:16:30<3:45:17,  1.26s/it] 47%|     | 9368/20000 [3:17:58<3:44:03,  1.26s/it] 47%|     | 9376/20000 [3:18:10<3:43:53,  1.26s/it] 47%|     | 9445/20000 [3:19:38<3:44:12,  1.27s/it] 47%|     | 9454/20000 [3:19:50<3:44:01,  1.27s/it] 48%|     | 9523/20000 [3:21:18<3:43:14,  1.28s/it] 48%|     | 9531/20000 [3:21:30<3:43:03,  1.28s/it] 48%|     | 9601/20000 [3:22:59<3:42:18,  1.28s/it] 48%|     | 9609/20000 [3:23:10<3:42:08,  1.28s/it] 48%|     | 9684/20000 [3:24:39<3:36:25,  1.26s/it] 48%|     | 9692/20000 [3:24:50<3:36:15,  1.26s/it] 49%|     | 9764/20000 [3:26:21<3:35:11,  1.26s/it] 49%|     | 9779/20000 [3:26:40<3:34:52,  1.26s/it] 49%|     | 9847/20000 [3:28:01<3:30:40,  1.24s/it] 49%|     | 9862/20000 [3:28:20<3:30:21,  1.24s/it] 50%|     | 9928/20000 [3:29:41<3:28:39,  1.24s/it] 50%|     | 9943/20000 [3:30:00<3:28:21,  1.24s/it] 50%|     | 10010/20000 [3:31:22<3:26:23,  1.24s/it] 50%|     | 10024/20000 [3:31:40<3:26:05,  1.24s/it] 50%|     | 10092/20000 [3:33:03<3:24:06,  1.24s/it] 51%|     | 10103/20000 [3:33:20<3:23:52,  1.24s/it] 51%|     | 10170/20000 [3:34:44<3:25:13,  1.25s/it] 51%|     | 10182/20000 [3:35:00<3:24:58,  1.25s/it] 51%|    | 10251/20000 [3:36:24<3:22:52,  1.25s/it] 51%|    | 10263/20000 [3:36:40<3:22:37,  1.25s/it] 52%|    | 10333/20000 [3:38:05<3:19:54,  1.24s/it] 52%|    | 10344/20000 [3:38:20<3:19:41,  1.24s/it] 52%|    | 10416/20000 [3:39:45<3:16:50,  1.23s/it] 52%|    | 10427/20000 [3:40:00<3:16:37,  1.23s/it] 52%|    | 10495/20000 [3:41:26<3:17:07,  1.24s/it] 53%|    | 10506/20000 [3:41:40<3:16:53,  1.24s/it] 53%|    | 10578/20000 [3:43:07<3:14:00,  1.24s/it] 53%|    | 10589/20000 [3:43:20<3:13:47,  1.24s/it] 53%|    | 10658/20000 [3:44:48<3:13:31,  1.24s/it] 53%|    | 10668/20000 [3:45:00<3:13:18,  1.24s/it] 54%|    | 10739/20000 [3:46:28<3:11:39,  1.24s/it] 54%|    | 10748/20000 [3:46:40<3:11:28,  1.24s/it] 54%|    | 10818/20000 [3:48:09<3:11:33,  1.25s/it] 54%|    | 10827/20000 [3:48:20<3:11:22,  1.25s/it] 54%|    | 10899/20000 [3:49:49<3:09:23,  1.25s/it] 55%|    | 10907/20000 [3:50:00<3:09:13,  1.25s/it] 55%|    | 10983/20000 [3:51:30<3:05:05,  1.23s/it] 55%|    | 10990/20000 [3:51:40<3:04:57,  1.23s/it] 55%|    | 11061/20000 [3:53:10<3:05:55,  1.25s/it] 55%|    | 11075/20000 [3:53:30<3:05:38,  1.25s/it] 56%|    | 11142/20000 [3:54:50<3:03:54,  1.25s/it] 56%|    | 11157/20000 [3:55:10<3:03:35,  1.25s/it] 56%|    | 11220/20000 [3:56:32<3:04:35,  1.26s/it] 56%|    | 11233/20000 [3:56:50<3:04:19,  1.26s/it] 56%|    | 11296/20000 [3:58:13<3:05:43,  1.28s/it] 57%|    | 11309/20000 [3:58:30<3:05:26,  1.28s/it] 57%|    | 11376/20000 [3:59:53<3:03:03,  1.27s/it] 57%|    | 11389/20000 [4:00:10<3:02:46,  1.27s/it] 57%|    | 11455/20000 [4:01:34<3:01:28,  1.27s/it] 57%|    | 11467/20000 [4:01:50<3:01:13,  1.27s/it] 58%|    | 11533/20000 [4:03:15<3:00:22,  1.28s/it] 58%|    | 11545/20000 [4:03:30<3:00:07,  1.28s/it] 58%|    | 11614/20000 [4:04:55<2:57:06,  1.27s/it] 58%|    | 11626/20000 [4:05:10<2:56:51,  1.27s/it] 58%|    | 11693/20000 [4:06:35<2:55:32,  1.27s/it] 59%|    | 11705/20000 [4:06:50<2:55:16,  1.27s/it] 59%|    | 11772/20000 [4:08:17<2:54:23,  1.27s/it] 59%|    | 11781/20000 [4:08:30<2:54:12,  1.27s/it] 59%|    | 11852/20000 [4:09:58<2:52:22,  1.27s/it] 59%|    | 11862/20000 [4:10:10<2:52:10,  1.27s/it] 60%|    | 11930/20000 [4:11:38<2:51:18,  1.27s/it] 60%|    | 11938/20000 [4:11:50<2:51:08,  1.27s/it] 60%|    | 12004/20000 [4:13:18<2:52:45,  1.30s/it] 60%|    | 12013/20000 [4:13:30<2:52:33,  1.30s/it] 60%|    | 12086/20000 [4:14:59<2:48:32,  1.28s/it] 60%|    | 12094/20000 [4:15:10<2:48:22,  1.28s/it] 61%|    | 12168/20000 [4:16:40<2:44:36,  1.26s/it] 61%|    | 12175/20000 [4:16:50<2:44:27,  1.26s/it] 61%|    | 12246/20000 [4:18:21<2:44:11,  1.27s/it] 61%|   | 12260/20000 [4:18:40<2:43:53,  1.27s/it] 62%|   | 12326/20000 [4:20:01<2:41:48,  1.27s/it] 62%|   | 12341/20000 [4:20:20<2:41:29,  1.27s/it] 62%|   | 12406/20000 [4:21:41<2:39:35,  1.26s/it] 62%|   | 12421/20000 [4:22:00<2:39:16,  1.26s/it] 62%|   | 12487/20000 [4:23:22<2:37:31,  1.26s/it] 63%|   | 12502/20000 [4:23:40<2:37:12,  1.26s/it] 63%|   | 12568/20000 [4:25:03<2:35:13,  1.25s/it] 63%|   | 12581/20000 [4:25:20<2:34:57,  1.25s/it] 63%|   | 12650/20000 [4:26:44<2:32:38,  1.25s/it] 63%|   | 12663/20000 [4:27:00<2:32:22,  1.25s/it] 64%|   | 12729/20000 [4:28:24<2:32:01,  1.25s/it] 64%|   | 12739/20000 [4:28:40<2:31:49,  1.25s/it] 64%|   | 12806/20000 [4:30:05<2:32:20,  1.27s/it] 64%|   | 12816/20000 [4:30:20<2:32:07,  1.27s/it] 64%|   | 12882/20000 [4:31:46<2:32:39,  1.29s/it] 64%|   | 12893/20000 [4:32:00<2:32:25,  1.29s/it] 65%|   | 12964/20000 [4:33:27<2:28:54,  1.27s/it] 65%|   | 12973/20000 [4:33:40<2:28:42,  1.27s/it] 65%|   | 13044/20000 [4:35:08<2:26:43,  1.27s/it] 65%|   | 13053/20000 [4:35:20<2:26:32,  1.27s/it] 66%|   | 13123/20000 [4:36:49<2:25:29,  1.27s/it] 66%|   | 13132/20000 [4:37:00<2:25:18,  1.27s/it] 66%|   | 13202/20000 [4:38:29<2:23:44,  1.27s/it] 66%|   | 13211/20000 [4:38:40<2:23:32,  1.27s/it] 66%|   | 13283/20000 [4:40:10<2:21:15,  1.26s/it] 66%|   | 13292/20000 [4:40:20<2:21:03,  1.26s/it] 67%|   | 13364/20000 [4:41:51<2:19:07,  1.26s/it] 67%|   | 13379/20000 [4:42:10<2:18:48,  1.26s/it] 67%|   | 13445/20000 [4:43:32<2:17:11,  1.26s/it] 67%|   | 13458/20000 [4:43:50<2:16:54,  1.26s/it] 68%|   | 13522/20000 [4:45:13<2:17:22,  1.27s/it] 68%|   | 13534/20000 [4:45:30<2:17:07,  1.27s/it] 68%|   | 13594/20000 [4:46:53<2:19:25,  1.31s/it] 68%|   | 13607/20000 [4:47:10<2:19:08,  1.31s/it] 68%|   | 13674/20000 [4:48:34<2:16:14,  1.29s/it] 68%|   | 13685/20000 [4:48:50<2:16:00,  1.29s/it] 69%|   | 13753/20000 [4:50:15<2:13:52,  1.29s/it] 69%|   | 13764/20000 [4:50:30<2:13:38,  1.29s/it] 69%|   | 13835/20000 [4:51:55<2:10:08,  1.27s/it] 69%|   | 13847/20000 [4:52:10<2:09:52,  1.27s/it] 70%|   | 13915/20000 [4:53:35<2:08:04,  1.26s/it] 70%|   | 13926/20000 [4:53:50<2:07:50,  1.26s/it] 70%|   | 13997/20000 [4:55:16<2:05:26,  1.25s/it] 70%|   | 14007/20000 [4:55:30<2:05:13,  1.25s/it] 70%|   | 14082/20000 [4:56:57<2:01:37,  1.23s/it] 70%|   | 14092/20000 [4:57:10<2:01:24,  1.23s/it] 71%|   | 14166/20000 [4:58:38<1:58:57,  1.22s/it] 71%|   | 14176/20000 [4:58:50<1:58:45,  1.22s/it] 71%|   | 14249/20000 [5:00:19<1:56:51,  1.22s/it] 71%|  | 14258/20000 [5:00:30<1:56:40,  1.22s/it] 72%|  | 14328/20000 [5:01:59<1:56:41,  1.23s/it] 72%|  | 14337/20000 [5:02:10<1:56:30,  1.23s/it] 72%|  | 14408/20000 [5:03:40<1:55:49,  1.24s/it] 72%|  | 14423/20000 [5:04:00<1:55:30,  1.24s/it] 72%|  | 14492/20000 [5:05:21<1:52:50,  1.23s/it] 73%|  | 14507/20000 [5:05:40<1:52:32,  1.23s/it] 73%|  | 14575/20000 [5:07:02<1:50:51,  1.23s/it] 73%|  | 14591/20000 [5:07:20<1:50:31,  1.23s/it] 73%|  | 14660/20000 [5:08:43<1:47:56,  1.21s/it] 73%|  | 14673/20000 [5:09:00<1:47:40,  1.21s/it] 74%|  | 14740/20000 [5:10:23<1:47:33,  1.23s/it] 74%|  | 14752/20000 [5:10:40<1:47:18,  1.23s/it] 74%|  | 14820/20000 [5:12:04<1:46:37,  1.23s/it] 74%|  | 14833/20000 [5:12:20<1:46:21,  1.23s/it] 75%|  | 14902/20000 [5:13:45<1:44:47,  1.23s/it] 75%|  | 14913/20000 [5:14:00<1:44:33,  1.23s/it] 75%|  | 14984/20000 [5:15:25<1:42:55,  1.23s/it] 75%|  | 14995/20000 [5:15:40<1:42:42,  1.23s/it] 75%|  | 15059/20000 [5:17:06<1:43:54,  1.26s/it] 75%|  | 15070/20000 [5:17:20<1:43:40,  1.26s/it] 76%|  | 15138/20000 [5:18:46<1:42:34,  1.27s/it] 76%|  | 15149/20000 [5:19:00<1:42:20,  1.27s/it] 76%|  | 15215/20000 [5:20:27<1:42:00,  1.28s/it] 76%|  | 15225/20000 [5:20:40<1:41:47,  1.28s/it] 76%|  | 15294/20000 [5:22:08<1:40:17,  1.28s/it] 77%|  | 15303/20000 [5:22:20<1:40:06,  1.28s/it] 77%|  | 15377/20000 [5:23:49<1:37:03,  1.26s/it] 77%|  | 15384/20000 [5:24:00<1:36:55,  1.26s/it] 77%|  | 15458/20000 [5:25:30<1:35:00,  1.26s/it] 77%|  | 15473/20000 [5:25:50<1:34:41,  1.26s/it] 78%|  | 15538/20000 [5:27:11<1:33:28,  1.26s/it] 78%|  | 15553/20000 [5:27:30<1:33:09,  1.26s/it] 78%|  | 15616/20000 [5:28:51<1:32:29,  1.27s/it] 78%|  | 15631/20000 [5:29:10<1:32:10,  1.27s/it] 78%|  | 15697/20000 [5:30:32<1:30:15,  1.26s/it] 79%|  | 15712/20000 [5:30:50<1:29:56,  1.26s/it] 79%|  | 15779/20000 [5:32:12<1:27:42,  1.25s/it] 79%|  | 15794/20000 [5:32:30<1:27:23,  1.25s/it] 79%|  | 15865/20000 [5:33:52<1:24:10,  1.22s/it] 79%|  | 15878/20000 [5:34:10<1:23:54,  1.22s/it] 80%|  | 15944/20000 [5:35:33<1:23:36,  1.24s/it] 80%|  | 15957/20000 [5:35:50<1:23:20,  1.24s/it] 80%|  | 16028/20000 [5:37:13<1:20:59,  1.22s/it] 80%|  | 16042/20000 [5:37:30<1:20:41,  1.22s/it] 81%|  | 16116/20000 [5:38:54<1:17:35,  1.20s/it] 81%|  | 16130/20000 [5:39:10<1:17:18,  1.20s/it] 81%|  | 16197/20000 [5:40:35<1:16:57,  1.21s/it] 81%|  | 16208/20000 [5:40:50<1:16:43,  1.21s/it] 81%| | 16276/20000 [5:42:16<1:16:29,  1.23s/it] 81%| | 16288/20000 [5:42:30<1:16:14,  1.23s/it] 82%| | 16356/20000 [5:43:57<1:15:17,  1.24s/it] 82%| | 16367/20000 [5:44:10<1:15:03,  1.24s/it] 82%| | 16436/20000 [5:45:38<1:14:01,  1.25s/it] 82%| | 16445/20000 [5:45:50<1:13:50,  1.25s/it] 83%| | 16516/20000 [5:47:18<1:12:28,  1.25s/it] 83%| | 16525/20000 [5:47:30<1:12:17,  1.25s/it] 83%| | 16598/20000 [5:48:58<1:10:17,  1.24s/it] 83%| | 16607/20000 [5:49:10<1:10:06,  1.24s/it] 83%| | 16678/20000 [5:50:38<1:08:54,  1.24s/it] 83%| | 16686/20000 [5:50:50<1:08:44,  1.24s/it] 84%| | 16758/20000 [5:52:20<1:07:34,  1.25s/it] 84%| | 16766/20000 [5:52:30<1:07:24,  1.25s/it] 84%| | 16837/20000 [5:54:00<1:06:11,  1.26s/it] 84%| | 16844/20000 [5:54:10<1:06:02,  1.26s/it] 85%| | 16914/20000 [5:55:40<1:05:18,  1.27s/it] 85%| | 16929/20000 [5:56:00<1:04:59,  1.27s/it] 85%| | 16993/20000 [5:57:20<1:03:37,  1.27s/it] 85%| | 17008/20000 [5:57:40<1:03:18,  1.27s/it] 85%| | 17075/20000 [5:59:01<1:01:08,  1.25s/it] 85%| | 17091/20000 [5:59:20<1:00:48,  1.25s/it] 86%| | 17152/20000 [6:00:41<1:00:17,  1.27s/it] 86%| | 17166/20000 [6:01:00<59:59,  1.27s/it]   86%| | 17233/20000 [6:02:22<58:08,  1.26s/it] 86%| | 17246/20000 [6:02:40<57:51,  1.26s/it] 87%| | 17312/20000 [6:04:02<56:35,  1.26s/it] 87%| | 17326/20000 [6:04:20<56:17,  1.26s/it] 87%| | 17393/20000 [6:05:42<54:35,  1.26s/it] 87%| | 17406/20000 [6:06:00<54:19,  1.26s/it] 87%| | 17471/20000 [6:07:24<53:27,  1.27s/it] 87%| | 17484/20000 [6:07:40<53:11,  1.27s/it] 88%| | 17550/20000 [6:09:04<51:53,  1.27s/it] 88%| | 17562/20000 [6:09:20<51:38,  1.27s/it] 88%| | 17629/20000 [6:10:45<50:12,  1.27s/it] 88%| | 17640/20000 [6:11:00<49:58,  1.27s/it] 89%| | 17711/20000 [6:12:26<48:03,  1.26s/it] 89%| | 17722/20000 [6:12:40<47:49,  1.26s/it] 89%| | 17793/20000 [6:14:07<45:56,  1.25s/it] 89%| | 17804/20000 [6:14:20<45:42,  1.25s/it] 89%| | 17876/20000 [6:15:47<43:46,  1.24s/it] 89%| | 17886/20000 [6:16:00<43:33,  1.24s/it] 90%| | 17958/20000 [6:17:28<42:01,  1.23s/it] 90%| | 17968/20000 [6:17:40<41:48,  1.23s/it] 90%| | 18043/20000 [6:19:08<39:45,  1.22s/it] 90%| | 18053/20000 [6:19:20<39:33,  1.22s/it] 91%| | 18130/20000 [6:20:48<37:19,  1.20s/it] 91%| | 18140/20000 [6:21:00<37:07,  1.20s/it] 91%| | 18214/20000 [6:22:28<35:35,  1.20s/it] 91%| | 18224/20000 [6:22:40<35:23,  1.20s/it] 92%|| 18303/20000 [6:24:09<33:12,  1.17s/it] 92%|| 18312/20000 [6:24:20<33:02,  1.17s/it] 92%|| 18393/20000 [6:25:49<30:59,  1.16s/it] 92%|| 18403/20000 [6:26:00<30:47,  1.16s/it] 92%|| 18483/20000 [6:27:30<28:55,  1.14s/it] 92%|| 18492/20000 [6:27:40<28:45,  1.14s/it] 93%|| 18574/20000 [6:29:10<26:55,  1.13s/it] 93%|| 18591/20000 [6:29:30<26:35,  1.13s/it] 93%|| 18659/20000 [6:30:51<25:38,  1.15s/it] 93%|| 18676/20000 [6:31:10<25:18,  1.15s/it] 94%|| 18746/20000 [6:32:32<24:05,  1.15s/it] 94%|| 18759/20000 [6:32:50<23:50,  1.15s/it] 94%|| 18828/20000 [6:34:13<22:54,  1.17s/it] 94%|| 18842/20000 [6:34:30<22:37,  1.17s/it] 95%|| 18912/20000 [6:35:53<21:22,  1.18s/it] 95%|| 18927/20000 [6:36:10<21:04,  1.18s/it] 95%|| 19005/20000 [6:37:33<19:02,  1.15s/it] 95%|| 19016/20000 [6:37:50<18:49,  1.15s/it] 95%|| 19081/20000 [6:39:14<18:18,  1.20s/it] 95%|| 19093/20000 [6:39:30<18:04,  1.20s/it] 96%|| 19149/20000 [6:40:54<17:58,  1.27s/it] 96%|| 19161/20000 [6:41:10<17:43,  1.27s/it] 96%|| 19221/20000 [6:42:35<16:54,  1.30s/it] 96%|| 19234/20000 [6:42:50<16:37,  1.30s/it] 97%|| 19307/20000 [6:44:15<14:31,  1.26s/it] 97%|| 19320/20000 [6:44:30<14:15,  1.26s/it] 97%|| 19395/20000 [6:45:55<12:17,  1.22s/it] 97%|| 19409/20000 [6:46:10<12:00,  1.22s/it] 97%|| 19481/20000 [6:47:35<10:24,  1.20s/it] 97%|| 19491/20000 [6:47:50<10:12,  1.20s/it] 98%|| 19559/20000 [6:49:16<09:02,  1.23s/it] 98%|| 19569/20000 [6:49:30<08:49,  1.23s/it] 98%|| 19638/20000 [6:50:57<07:29,  1.24s/it] 98%|| 19647/20000 [6:51:10<07:18,  1.24s/it] 99%|| 19717/20000 [6:52:37<05:54,  1.25s/it] 99%|| 19727/20000 [6:52:50<05:41,  1.25s/it] 99%|| 19800/20000 [6:54:18<04:08,  1.24s/it] 99%|| 19808/20000 [6:54:30<03:58,  1.24s/it] 99%|| 19880/20000 [6:56:00<02:29,  1.25s/it] 99%|| 19888/20000 [6:56:10<02:19,  1.25s/it]100%|| 19959/20000 [6:57:41<00:51,  1.26s/it]100%|| 19974/20000 [6:58:00<00:32,  1.26s/it]100%|| 20000/20000 [6:58:29<00:00,  1.26s/it]

Analysis complete. Found 1 cluster(s) meeting the MCMC criterion.
Accepted cluster indices: [1]

--- Processing Final Results for Cluster 1 ---
--- MCMC Parameter Constraints for Cluster 1 ---
  x_src = 206.423 +0.328 / -0.323
  y_src = 193.680 +0.071 / -0.070
    z_s = 2.852 +0.169 / -0.138
Saving localization results for Cluster 1...
Processing results for Cluster 1...
-> Saved 340000 samples to /users/hiu-yeung.cheng/clusterlensing/out/row11/test_tidy_row11/cluster_1_posterior.npz
Updated CSV row 11 with result for cluster 1.
Loading data from /users/hiu-yeung.cheng/clusterlensing/out/row11/test_tidy_row11/cluster_1_posterior.npz...

Generating corner plot...
-> Corner plot saved to /users/hiu-yeung.cheng/clusterlensing/out/row11/test_tidy_row11/cluster_1_corner_from_saved.png

Generating trace plot...
-> Trace plot saved to /users/hiu-yeung.cheng/clusterlensing/out/row11/test_tidy_row11/cluster_1_trace.png
