Row=12 OUT_DIR=/users/hiu-yeung.cheng/clusterlensing/out/row12 DE_PROCS=16 MCMC_PROCS=16
Setup complete. Lensing system initialized.
True time delays: [    0.           215.27128463  3936.56832891  6877.30305081
 10591.71770002]
True luminosity distances: 14336.773394352322
Lensed luminosity distances: [2.70182555e+03 2.94465825e+03 3.25738471e+03 1.21530056e+04
 1.35093773e+07]

Running the full analysis pipeline...
--- Running DE for Cluster 0 ---
[DE] Process Pool with 16 procs (init=latinhypercube, popsize=50)
differential_evolution step 1: f(x)= 4242.640687119286
differential_evolution step 2: f(x)= 4242.640687119286
differential_evolution step 3: f(x)= 3000.0
differential_evolution step 4: f(x)= 3000.0
differential_evolution step 5: f(x)= 3000.0
differential_evolution step 6: f(x)= 3000.0
differential_evolution step 7: f(x)= 3000.0
differential_evolution step 8: f(x)= 3000.0
differential_evolution step 9: f(x)= 3000.0
differential_evolution step 10: f(x)= 3000.0
differential_evolution step 11: f(x)= 3000.0
differential_evolution step 12: f(x)= 3000.0
differential_evolution step 13: f(x)= 3000.0
differential_evolution step 14: f(x)= 3000.0
differential_evolution step 15: f(x)= 3000.0
differential_evolution step 16: f(x)= 3000.0
differential_evolution step 17: f(x)= 3000.0
differential_evolution step 18: f(x)= 3000.0
differential_evolution step 19: f(x)= 3000.0
differential_evolution step 20: f(x)= 3000.0
differential_evolution step 21: f(x)= 3000.0
differential_evolution step 22: f(x)= 3000.0
differential_evolution step 23: f(x)= 2044.6983105127258
differential_evolution step 24: f(x)= 2044.6983105127258
differential_evolution step 25: f(x)= 2044.6983105127258
differential_evolution step 26: f(x)= 2044.6983105127258
differential_evolution step 27: f(x)= 2044.6983105127258
differential_evolution step 28: f(x)= 2044.6983105127258
differential_evolution step 29: f(x)= 2044.6983105127258
differential_evolution step 30: f(x)= 2044.6983105127258
differential_evolution step 31: f(x)= 2044.6983105127258
differential_evolution step 32: f(x)= 2044.6983105127258
differential_evolution step 33: f(x)= 2044.6983105127258
differential_evolution step 34: f(x)= 2044.6983105127258
differential_evolution step 35: f(x)= 2044.6983105127258
differential_evolution step 36: f(x)= 2044.6983105127258
differential_evolution step 37: f(x)= 2044.6983105127258
differential_evolution step 38: f(x)= 2044.6983105127258
differential_evolution step 39: f(x)= 2044.6983105127258
differential_evolution step 40: f(x)= 2044.6983105127258
differential_evolution step 41: f(x)= 2044.6983105127258
differential_evolution step 42: f(x)= 2044.6983105127258
differential_evolution step 43: f(x)= 2044.6983105127258
differential_evolution step 44: f(x)= 2044.6983105127258
differential_evolution step 45: f(x)= 2044.6983105127258
differential_evolution step 46: f(x)= 2044.6983105127258
differential_evolution step 47: f(x)= 2044.6983105127258
differential_evolution step 48: f(x)= 2044.6983105127258
differential_evolution step 49: f(x)= 2044.6983105127258
differential_evolution step 50: f(x)= 2044.6983105127258
differential_evolution step 51: f(x)= 2044.6983105127258
differential_evolution step 52: f(x)= 2044.6983105127258
differential_evolution step 53: f(x)= 2044.6983105127258
differential_evolution step 54: f(x)= 2044.6983105127258
differential_evolution step 55: f(x)= 2044.6983105127258
differential_evolution step 56: f(x)= 2044.6983105127258
differential_evolution step 57: f(x)= 2008.6133249442573
differential_evolution step 58: f(x)= 1965.848454063957
differential_evolution step 59: f(x)= 1965.848454063957
differential_evolution step 60: f(x)= 1965.848454063957
differential_evolution step 61: f(x)= 1965.848454063957
differential_evolution step 62: f(x)= 1965.848454063957
differential_evolution step 63: f(x)= 1965.848454063957
differential_evolution step 64: f(x)= 1965.848454063957
differential_evolution step 65: f(x)= 1965.848454063957
differential_evolution step 66: f(x)= 1965.848454063957
differential_evolution step 67: f(x)= 1965.848454063957
differential_evolution step 68: f(x)= 1965.848454063957
differential_evolution step 69: f(x)= 1965.848454063957
differential_evolution step 70: f(x)= 1965.848454063957
differential_evolution step 71: f(x)= 1965.848454063957
differential_evolution step 72: f(x)= 1965.848454063957
differential_evolution step 73: f(x)= 1965.848454063957
differential_evolution step 74: f(x)= 1965.848454063957
differential_evolution step 75: f(x)= 1965.848454063957
differential_evolution step 76: f(x)= 1935.6217568096824
differential_evolution step 77: f(x)= 1935.6217568096824
differential_evolution step 78: f(x)= 1935.6217568096824
differential_evolution step 79: f(x)= 1935.6217568096824
differential_evolution step 80: f(x)= 1935.6217568096824
differential_evolution step 81: f(x)= 1935.6217568096824
differential_evolution step 82: f(x)= 1935.6217568096824
differential_evolution step 83: f(x)= 1935.6217568096824
differential_evolution step 84: f(x)= 1935.6217568096824
differential_evolution step 85: f(x)= 1935.6217568096824
differential_evolution step 86: f(x)= 1935.6217568096824
differential_evolution step 87: f(x)= 1692.3010218819004
differential_evolution step 88: f(x)= 1692.3010218819004
differential_evolution step 89: f(x)= 1692.3010218819004
differential_evolution step 90: f(x)= 1692.3010218819004
differential_evolution step 91: f(x)= 1692.3010218819004
differential_evolution step 92: f(x)= 1692.3010218819004
differential_evolution step 93: f(x)= 1692.3010218819004
differential_evolution step 94: f(x)= 1692.3010218819004
differential_evolution step 95: f(x)= 1692.3010218819004
differential_evolution step 96: f(x)= 1371.6844278166682
differential_evolution step 97: f(x)= 1371.6844278166682
differential_evolution step 98: f(x)= 1371.6844278166682
differential_evolution step 99: f(x)= 1371.6844278166682
differential_evolution step 100: f(x)= 1371.6844278166682
differential_evolution step 101: f(x)= 1371.6844278166682
differential_evolution step 102: f(x)= 1371.6844278166682
differential_evolution step 103: f(x)= 1371.6844278166682
differential_evolution step 104: f(x)= 1371.6844278166682
differential_evolution step 105: f(x)= 1371.6844278166682
differential_evolution step 106: f(x)= 1371.6844278166682
differential_evolution step 107: f(x)= 1371.6844278166682
differential_evolution step 108: f(x)= 1371.6844278166682
differential_evolution step 109: f(x)= 1371.6844278166682
differential_evolution step 110: f(x)= 1371.6844278166682
differential_evolution step 111: f(x)= 1371.6844278166682
differential_evolution step 112: f(x)= 1371.6844278166682
differential_evolution step 113: f(x)= 1371.6844278166682
differential_evolution step 114: f(x)= 1371.6844278166682
differential_evolution step 115: f(x)= 1371.6844278166682
differential_evolution step 116: f(x)= 1371.6844278166682
differential_evolution step 117: f(x)= 1371.6844278166682
differential_evolution step 118: f(x)= 1371.6844278166682
differential_evolution step 119: f(x)= 1371.6844278166682
differential_evolution step 120: f(x)= 1371.6844278166682
differential_evolution step 121: f(x)= 1371.6844278166682
differential_evolution step 122: f(x)= 1371.6844278166682
differential_evolution step 123: f(x)= 1371.6844278166682
differential_evolution step 124: f(x)= 1371.6844278166682
differential_evolution step 125: f(x)= 1371.6844278166682
differential_evolution step 126: f(x)= 1371.6844278166682
differential_evolution step 127: f(x)= 1371.6844278166682
differential_evolution step 128: f(x)= 1371.6844278166682
differential_evolution step 129: f(x)= 1371.6844278166682
differential_evolution step 130: f(x)= 1371.6844278166682
differential_evolution step 131: f(x)= 1371.6844278166682
differential_evolution step 132: f(x)= 1371.6844278166682
differential_evolution step 133: f(x)= 1371.6844278166682
differential_evolution step 134: f(x)= 1371.6844278166682
differential_evolution step 135: f(x)= 1371.6844278166682
differential_evolution step 136: f(x)= 1371.6844278166682
differential_evolution step 137: f(x)= 1371.6844278166682
differential_evolution step 138: f(x)= 1371.6844278166682
differential_evolution step 139: f(x)= 1337.1306829461985
differential_evolution step 140: f(x)= 1337.1306829461985
differential_evolution step 141: f(x)= 1337.1306829461985
differential_evolution step 142: f(x)= 1337.1306829461985
differential_evolution step 143: f(x)= 1337.1306829461985
differential_evolution step 144: f(x)= 1337.1306829461985
differential_evolution step 145: f(x)= 1337.1306829461985
differential_evolution step 146: f(x)= 1337.1306829461985
differential_evolution step 147: f(x)= 1337.1306829461985
differential_evolution step 148: f(x)= 1337.1306829461985
differential_evolution step 149: f(x)= 1337.1306829461985
differential_evolution step 150: f(x)= 1337.1306829461985
differential_evolution step 151: f(x)= 1337.1306829461985
differential_evolution step 152: f(x)= 1337.1306829461985
differential_evolution step 153: f(x)= 1337.1306829461985
differential_evolution step 154: f(x)= 1337.1306829461985
differential_evolution step 155: f(x)= 1337.1306829461985
differential_evolution step 156: f(x)= 1337.1306829461985
differential_evolution step 157: f(x)= 1337.1306829461985
differential_evolution step 158: f(x)= 1337.1306829461985
differential_evolution step 159: f(x)= 1337.1306829461985
differential_evolution step 160: f(x)= 1337.1306829461985
differential_evolution step 161: f(x)= 1337.1306829461985
differential_evolution step 162: f(x)= 1337.1306829461985
differential_evolution step 163: f(x)= 1337.1306829461985
differential_evolution step 164: f(x)= 1337.1306829461985
differential_evolution step 165: f(x)= 1337.1306829461985
differential_evolution step 166: f(x)= 1337.1306829461985
differential_evolution step 167: f(x)= 1337.1306829461985
differential_evolution step 168: f(x)= 1337.1306829461985
differential_evolution step 169: f(x)= 1337.1306829461985
differential_evolution step 170: f(x)= 1337.1306829461985
differential_evolution step 171: f(x)= 1337.1306829461985
differential_evolution step 172: f(x)= 1337.1306829461985
differential_evolution step 173: f(x)= 1337.1306829461985
differential_evolution step 174: f(x)= 1337.1306829461985
differential_evolution step 175: f(x)= 1337.1306829461985
differential_evolution step 176: f(x)= 1337.1306829461985
differential_evolution step 177: f(x)= 1337.1306829461985
differential_evolution step 178: f(x)= 1337.1306829461985
differential_evolution step 179: f(x)= 1337.1306829461985
differential_evolution step 180: f(x)= 1337.1306829461985
differential_evolution step 181: f(x)= 1337.1306829461985
differential_evolution step 182: f(x)= 1337.1306829461985
differential_evolution step 183: f(x)= 1337.1306829461985
differential_evolution step 184: f(x)= 1337.1306829461985
differential_evolution step 185: f(x)= 1337.1306829461985
differential_evolution step 186: f(x)= 1337.1306829461985
differential_evolution step 187: f(x)= 1337.1306829461985
differential_evolution step 188: f(x)= 1337.1306829461985
differential_evolution step 189: f(x)= 1337.1306829461985
differential_evolution step 190: f(x)= 1337.1306829461985
differential_evolution step 191: f(x)= 1337.1306829461985
differential_evolution step 192: f(x)= 1337.1306829461985
differential_evolution step 193: f(x)= 1337.1306829461985
differential_evolution step 194: f(x)= 1337.1306829461985
differential_evolution step 195: f(x)= 1337.1306829461985
differential_evolution step 196: f(x)= 1337.1306829461985
differential_evolution step 197: f(x)= 1337.1306829461985
differential_evolution step 198: f(x)= 1337.1306829461985
differential_evolution step 199: f(x)= 1337.1306829461985
differential_evolution step 200: f(x)= 1337.1306829461985
Cluster 0 DE best chi^2: 1337.131 with params {'x_src': np.float64(77.74560888807987), 'y_src': np.float64(80.83695157031471), 'z_s': np.float64(1.9059966233927375)}
--- Running DE for Cluster 1 ---
[DE] Process Pool with 16 procs (init=latinhypercube, popsize=50)
differential_evolution step 1: f(x)= 3000.0
differential_evolution step 2: f(x)= 3000.0
differential_evolution step 3: f(x)= 3000.0
differential_evolution step 4: f(x)= 3000.0
differential_evolution step 5: f(x)= 3000.0
differential_evolution step 6: f(x)= 3000.0
differential_evolution step 7: f(x)= 3000.0
differential_evolution step 8: f(x)= 3000.0
differential_evolution step 9: f(x)= 3000.0
differential_evolution step 10: f(x)= 3000.0
differential_evolution step 11: f(x)= 3000.0
differential_evolution step 12: f(x)= 982.2836777624084
differential_evolution step 13: f(x)= 982.2836777624084
differential_evolution step 14: f(x)= 982.2836777624084
differential_evolution step 15: f(x)= 982.2836777624084
differential_evolution step 16: f(x)= 982.2836777624084
differential_evolution step 17: f(x)= 982.2836777624084
differential_evolution step 18: f(x)= 922.8046183608149
differential_evolution step 19: f(x)= 922.8046183608149
differential_evolution step 20: f(x)= 922.8046183608149
differential_evolution step 21: f(x)= 922.8046183608149
differential_evolution step 22: f(x)= 922.8046183608149
differential_evolution step 23: f(x)= 922.8046183608149
differential_evolution step 24: f(x)= 922.8046183608149
differential_evolution step 25: f(x)= 922.8046183608149
differential_evolution step 26: f(x)= 922.8046183608149
differential_evolution step 27: f(x)= 587.8320666218356
differential_evolution step 28: f(x)= 216.9635662671118
differential_evolution step 29: f(x)= 63.502329634332774
differential_evolution step 30: f(x)= 63.502329634332774
differential_evolution step 31: f(x)= 63.502329634332774
differential_evolution step 32: f(x)= 63.502329634332774
differential_evolution step 33: f(x)= 63.502329634332774
differential_evolution step 34: f(x)= 63.502329634332774
differential_evolution step 35: f(x)= 63.502329634332774
differential_evolution step 36: f(x)= 63.502329634332774
differential_evolution step 37: f(x)= 63.502329634332774
differential_evolution step 38: f(x)= 63.502329634332774
differential_evolution step 39: f(x)= 63.502329634332774
differential_evolution step 40: f(x)= 63.502329634332774
differential_evolution step 41: f(x)= 63.502329634332774
differential_evolution step 42: f(x)= 63.502329634332774
differential_evolution step 43: f(x)= 63.502329634332774
differential_evolution step 44: f(x)= 63.502329634332774
differential_evolution step 45: f(x)= 63.502329634332774
differential_evolution step 46: f(x)= 63.502329634332774
differential_evolution step 47: f(x)= 63.502329634332774
differential_evolution step 48: f(x)= 63.502329634332774
differential_evolution step 49: f(x)= 63.502329634332774
differential_evolution step 50: f(x)= 63.502329634332774
differential_evolution step 51: f(x)= 63.502329634332774
differential_evolution step 52: f(x)= 63.502329634332774
differential_evolution step 53: f(x)= 63.502329634332774
differential_evolution step 54: f(x)= 63.502329634332774
differential_evolution step 55: f(x)= 63.502329634332774
differential_evolution step 56: f(x)= 63.502329634332774
differential_evolution step 57: f(x)= 44.20904167802162
differential_evolution step 58: f(x)= 44.20904167802162
differential_evolution step 59: f(x)= 44.20904167802162
differential_evolution step 60: f(x)= 44.20904167802162
differential_evolution step 61: f(x)= 44.20904167802162
differential_evolution step 62: f(x)= 44.20904167802162
differential_evolution step 63: f(x)= 33.7169503594688
differential_evolution step 64: f(x)= 17.371690512801194
differential_evolution step 65: f(x)= 17.371690512801194
differential_evolution step 66: f(x)= 13.384936827416677
differential_evolution step 67: f(x)= 13.384936827416677
differential_evolution step 68: f(x)= 13.384936827416677
differential_evolution step 69: f(x)= 13.384936827416677
differential_evolution step 70: f(x)= 13.384936827416677
differential_evolution step 71: f(x)= 13.384936827416677
differential_evolution step 72: f(x)= 13.384936827416677
differential_evolution step 73: f(x)= 13.384936827416677
differential_evolution step 74: f(x)= 13.384936827416677
differential_evolution step 75: f(x)= 13.384936827416677
differential_evolution step 76: f(x)= 13.384936827416677
differential_evolution step 77: f(x)= 9.075686422299714
differential_evolution step 78: f(x)= 9.075686422299714
differential_evolution step 79: f(x)= 9.075686422299714
differential_evolution step 80: f(x)= 9.075686422299714
differential_evolution step 81: f(x)= 3.992823062194991
differential_evolution step 82: f(x)= 3.992823062194991
differential_evolution step 83: f(x)= 3.992823062194991
differential_evolution step 84: f(x)= 3.992823062194991
differential_evolution step 85: f(x)= 3.992823062194991
differential_evolution step 86: f(x)= 3.992823062194991
differential_evolution step 87: f(x)= 3.992823062194991
differential_evolution step 88: f(x)= 3.992823062194991
differential_evolution step 89: f(x)= 3.992823062194991
differential_evolution step 90: f(x)= 3.992823062194991
differential_evolution step 91: f(x)= 3.992823062194991
differential_evolution step 92: f(x)= 3.992823062194991
differential_evolution step 93: f(x)= 3.992823062194991
differential_evolution step 94: f(x)= 3.992823062194991
differential_evolution step 95: f(x)= 3.992823062194991
differential_evolution step 96: f(x)= 3.992823062194991
differential_evolution step 97: f(x)= 3.992823062194991
differential_evolution step 98: f(x)= 3.992823062194991
differential_evolution step 99: f(x)= 3.992823062194991
differential_evolution step 100: f(x)= 3.992823062194991
differential_evolution step 101: f(x)= 3.992823062194991
differential_evolution step 102: f(x)= 3.9557192643318473
differential_evolution step 103: f(x)= 3.5067083230636222
differential_evolution step 104: f(x)= 3.5067083230636222
differential_evolution step 105: f(x)= 3.5067083230636222
differential_evolution step 106: f(x)= 0.5286196975573492
differential_evolution step 107: f(x)= 0.5286196975573492
differential_evolution step 108: f(x)= 0.5286196975573492
differential_evolution step 109: f(x)= 0.5286196975573492
differential_evolution step 110: f(x)= 0.5286196975573492
differential_evolution step 111: f(x)= 0.5286196975573492
differential_evolution step 112: f(x)= 0.5286196975573492
differential_evolution step 113: f(x)= 0.5286196975573492
differential_evolution step 114: f(x)= 0.5286196975573492
differential_evolution step 115: f(x)= 0.5286196975573492
differential_evolution step 116: f(x)= 0.5286196975573492
differential_evolution step 117: f(x)= 0.41061181172249894
differential_evolution step 118: f(x)= 0.41061181172249894
differential_evolution step 119: f(x)= 0.41061181172249894
differential_evolution step 120: f(x)= 0.41061181172249894
differential_evolution step 121: f(x)= 0.41061181172249894
differential_evolution step 122: f(x)= 0.41061181172249894
differential_evolution step 123: f(x)= 0.41061181172249894
differential_evolution step 124: f(x)= 0.41061181172249894
differential_evolution step 125: f(x)= 0.41061181172249894
differential_evolution step 126: f(x)= 0.41061181172249894
differential_evolution step 127: f(x)= 0.41061181172249894
differential_evolution step 128: f(x)= 0.41061181172249894
differential_evolution step 129: f(x)= 0.41061181172249894
differential_evolution step 130: f(x)= 0.41061181172249894
differential_evolution step 131: f(x)= 0.41061181172249894
differential_evolution step 132: f(x)= 0.41061181172249894
differential_evolution step 133: f(x)= 0.29706921723474206
differential_evolution step 134: f(x)= 0.04332546442725253
differential_evolution step 135: f(x)= 0.04332546442725253
differential_evolution step 136: f(x)= 0.04332546442725253
differential_evolution step 137: f(x)= 0.04332546442725253
differential_evolution step 138: f(x)= 0.04332546442725253
differential_evolution step 139: f(x)= 0.04332546442725253
differential_evolution step 140: f(x)= 0.04332546442725253
differential_evolution step 141: f(x)= 0.04332546442725253
differential_evolution step 142: f(x)= 0.04332546442725253
differential_evolution step 143: f(x)= 0.04332546442725253
differential_evolution step 144: f(x)= 0.04332546442725253
differential_evolution step 145: f(x)= 0.04332546442725253
differential_evolution step 146: f(x)= 0.04332546442725253
differential_evolution step 147: f(x)= 0.021824282260909565
Cluster 1 DE best chi^2: 0.022 with params {'x_src': np.float64(207.55653216794835), 'y_src': np.float64(194.1846758949947), 'z_s': np.float64(1.876710199889185)}
--- Running DE for Cluster 2 ---
[DE] Process Pool with 16 procs (init=latinhypercube, popsize=50)
differential_evolution step 1: f(x)= 4242.640687119286
differential_evolution step 2: f(x)= 4242.640687119286
differential_evolution step 3: f(x)= 4242.640687119286
differential_evolution step 4: f(x)= 4242.640687119286
differential_evolution step 5: f(x)= 3000.0
differential_evolution step 6: f(x)= 3000.0
differential_evolution step 7: f(x)= 3000.0
differential_evolution step 8: f(x)= 3000.0
differential_evolution step 9: f(x)= 3000.0
differential_evolution step 10: f(x)= 3000.0
differential_evolution step 11: f(x)= 3000.0
differential_evolution step 12: f(x)= 3000.0
differential_evolution step 13: f(x)= 3000.0
differential_evolution step 14: f(x)= 3000.0
differential_evolution step 15: f(x)= 3000.0
differential_evolution step 16: f(x)= 3000.0
differential_evolution step 17: f(x)= 3000.0
differential_evolution step 18: f(x)= 3000.0
differential_evolution step 19: f(x)= 3000.0
differential_evolution step 20: f(x)= 3000.0
differential_evolution step 21: f(x)= 3000.0
differential_evolution step 22: f(x)= 3000.0
differential_evolution step 23: f(x)= 3000.0
differential_evolution step 24: f(x)= 2198.0969438444367
differential_evolution step 25: f(x)= 2198.0969438444367
differential_evolution step 26: f(x)= 2198.0969438444367
differential_evolution step 27: f(x)= 2198.0969438444367
differential_evolution step 28: f(x)= 2198.0969438444367
differential_evolution step 29: f(x)= 2198.0969438444367
differential_evolution step 30: f(x)= 2198.0969438444367
differential_evolution step 31: f(x)= 2198.0969438444367
differential_evolution step 32: f(x)= 2198.0969438444367
differential_evolution step 33: f(x)= 2198.0969438444367
differential_evolution step 34: f(x)= 2198.0969438444367
differential_evolution step 35: f(x)= 2150.2608036806027
differential_evolution step 36: f(x)= 2150.2608036806027
differential_evolution step 37: f(x)= 2150.2608036806027
differential_evolution step 38: f(x)= 2150.2608036806027
differential_evolution step 39: f(x)= 2150.2608036806027
differential_evolution step 40: f(x)= 2150.2608036806027
differential_evolution step 41: f(x)= 2150.2608036806027
differential_evolution step 42: f(x)= 2150.2608036806027
differential_evolution step 43: f(x)= 2150.2608036806027
differential_evolution step 44: f(x)= 2150.2608036806027
differential_evolution step 45: f(x)= 2150.2608036806027
differential_evolution step 46: f(x)= 2150.2608036806027
differential_evolution step 47: f(x)= 1858.6341548296832
differential_evolution step 48: f(x)= 1858.6341548296832
differential_evolution step 49: f(x)= 1858.6341548296832
differential_evolution step 50: f(x)= 1345.785082960946
differential_evolution step 51: f(x)= 1345.785082960946
differential_evolution step 52: f(x)= 1345.785082960946
differential_evolution step 53: f(x)= 1345.785082960946
differential_evolution step 54: f(x)= 1345.785082960946
differential_evolution step 55: f(x)= 1345.785082960946
differential_evolution step 56: f(x)= 1345.785082960946
differential_evolution step 57: f(x)= 1345.785082960946
differential_evolution step 58: f(x)= 1345.785082960946
differential_evolution step 59: f(x)= 1345.785082960946
differential_evolution step 60: f(x)= 1345.785082960946
differential_evolution step 61: f(x)= 1345.785082960946
differential_evolution step 62: f(x)= 1345.785082960946
differential_evolution step 63: f(x)= 1345.785082960946
differential_evolution step 64: f(x)= 1345.785082960946
differential_evolution step 65: f(x)= 1345.785082960946
differential_evolution step 66: f(x)= 1345.785082960946
differential_evolution step 67: f(x)= 1345.785082960946
differential_evolution step 68: f(x)= 1345.785082960946
differential_evolution step 69: f(x)= 1345.785082960946
differential_evolution step 70: f(x)= 1345.785082960946
differential_evolution step 71: f(x)= 1345.785082960946
differential_evolution step 72: f(x)= 1345.785082960946
differential_evolution step 73: f(x)= 1345.785082960946
differential_evolution step 74: f(x)= 1345.785082960946
differential_evolution step 75: f(x)= 1345.785082960946
differential_evolution step 76: f(x)= 1345.785082960946
differential_evolution step 77: f(x)= 1345.785082960946
differential_evolution step 78: f(x)= 1345.785082960946
differential_evolution step 79: f(x)= 1345.785082960946
differential_evolution step 80: f(x)= 1345.785082960946
differential_evolution step 81: f(x)= 1345.785082960946
differential_evolution step 82: f(x)= 1345.785082960946
differential_evolution step 83: f(x)= 1345.785082960946
differential_evolution step 84: f(x)= 1345.785082960946
differential_evolution step 85: f(x)= 1345.785082960946
differential_evolution step 86: f(x)= 1345.785082960946
differential_evolution step 87: f(x)= 1345.785082960946
differential_evolution step 88: f(x)= 1345.785082960946
differential_evolution step 89: f(x)= 1345.785082960946
differential_evolution step 90: f(x)= 1345.785082960946
differential_evolution step 91: f(x)= 1345.785082960946
differential_evolution step 92: f(x)= 1345.785082960946
differential_evolution step 93: f(x)= 1345.785082960946
differential_evolution step 94: f(x)= 1345.785082960946
differential_evolution step 95: f(x)= 1345.785082960946
differential_evolution step 96: f(x)= 1345.785082960946
differential_evolution step 97: f(x)= 1345.785082960946
differential_evolution step 98: f(x)= 1345.785082960946
differential_evolution step 99: f(x)= 1345.785082960946
differential_evolution step 100: f(x)= 1345.785082960946
differential_evolution step 101: f(x)= 1345.785082960946
differential_evolution step 102: f(x)= 1345.785082960946
differential_evolution step 103: f(x)= 1200.7337786655087
differential_evolution step 104: f(x)= 1200.7337786655087
differential_evolution step 105: f(x)= 1200.7337786655087
differential_evolution step 106: f(x)= 1200.7337786655087
differential_evolution step 107: f(x)= 1200.7337786655087
differential_evolution step 108: f(x)= 1200.7337786655087
differential_evolution step 109: f(x)= 1200.7337786655087
differential_evolution step 110: f(x)= 1200.7337786655087
differential_evolution step 111: f(x)= 1200.7337786655087
differential_evolution step 112: f(x)= 1200.7337786655087
differential_evolution step 113: f(x)= 1200.7337786655087
differential_evolution step 114: f(x)= 1200.7337786655087
differential_evolution step 115: f(x)= 1200.7337786655087
differential_evolution step 116: f(x)= 1200.7337786655087
differential_evolution step 117: f(x)= 1200.7337786655087
differential_evolution step 118: f(x)= 1200.7337786655087
differential_evolution step 119: f(x)= 1200.7337786655087
differential_evolution step 120: f(x)= 1200.7337786655087
differential_evolution step 121: f(x)= 1200.7337786655087
differential_evolution step 122: f(x)= 1200.7337786655087
differential_evolution step 123: f(x)= 1200.7337786655087
differential_evolution step 124: f(x)= 1200.7337786655087
differential_evolution step 125: f(x)= 1200.7337786655087
differential_evolution step 126: f(x)= 1200.7337786655087
differential_evolution step 127: f(x)= 1200.7337786655087
differential_evolution step 128: f(x)= 1200.7337786655087
differential_evolution step 129: f(x)= 1200.7337786655087
differential_evolution step 130: f(x)= 1200.7337786655087
differential_evolution step 131: f(x)= 1200.7337786655087
differential_evolution step 132: f(x)= 1200.7337786655087
differential_evolution step 133: f(x)= 1200.7337786655087
differential_evolution step 134: f(x)= 1200.7337786655087
differential_evolution step 135: f(x)= 1200.7337786655087
differential_evolution step 136: f(x)= 1200.7337786655087
differential_evolution step 137: f(x)= 1200.7337786655087
differential_evolution step 138: f(x)= 1200.7337786655087
differential_evolution step 139: f(x)= 1200.7337786655087
differential_evolution step 140: f(x)= 1176.606521488749
differential_evolution step 141: f(x)= 1176.606521488749
differential_evolution step 142: f(x)= 1176.606521488749
differential_evolution step 143: f(x)= 1176.606521488749
differential_evolution step 144: f(x)= 1176.606521488749
differential_evolution step 145: f(x)= 1176.606521488749
differential_evolution step 146: f(x)= 1176.606521488749
differential_evolution step 147: f(x)= 1176.606521488749
differential_evolution step 148: f(x)= 1176.606521488749
differential_evolution step 149: f(x)= 1176.606521488749
differential_evolution step 150: f(x)= 1176.606521488749
differential_evolution step 151: f(x)= 1176.606521488749
differential_evolution step 152: f(x)= 1176.606521488749
differential_evolution step 153: f(x)= 1176.606521488749
differential_evolution step 154: f(x)= 1176.606521488749
differential_evolution step 155: f(x)= 1176.606521488749
differential_evolution step 156: f(x)= 1176.606521488749
differential_evolution step 157: f(x)= 1176.606521488749
differential_evolution step 158: f(x)= 1176.606521488749
differential_evolution step 159: f(x)= 1176.606521488749
differential_evolution step 160: f(x)= 1176.606521488749
differential_evolution step 161: f(x)= 945.4573466144459
differential_evolution step 162: f(x)= 945.4573466144459
differential_evolution step 163: f(x)= 945.4573466144459
differential_evolution step 164: f(x)= 945.4573466144459
differential_evolution step 165: f(x)= 945.4573466144459
differential_evolution step 166: f(x)= 945.4573466144459
differential_evolution step 167: f(x)= 945.4573466144459
differential_evolution step 168: f(x)= 945.4573466144459
differential_evolution step 169: f(x)= 945.4573466144459
differential_evolution step 170: f(x)= 945.4573466144459
differential_evolution step 171: f(x)= 945.4573466144459
differential_evolution step 172: f(x)= 945.4573466144459
differential_evolution step 173: f(x)= 945.4573466144459
differential_evolution step 174: f(x)= 777.9968343701564
differential_evolution step 175: f(x)= 777.9968343701564
differential_evolution step 176: f(x)= 777.9968343701564
differential_evolution step 177: f(x)= 777.9968343701564
differential_evolution step 178: f(x)= 777.9968343701564
differential_evolution step 179: f(x)= 777.9968343701564
differential_evolution step 180: f(x)= 777.9968343701564
differential_evolution step 181: f(x)= 777.9968343701564
differential_evolution step 182: f(x)= 777.9968343701564
differential_evolution step 183: f(x)= 777.9968343701564
differential_evolution step 184: f(x)= 777.9968343701564
differential_evolution step 185: f(x)= 777.9968343701564
differential_evolution step 186: f(x)= 777.9968343701564
differential_evolution step 187: f(x)= 777.9968343701564
differential_evolution step 188: f(x)= 777.9968343701564
differential_evolution step 189: f(x)= 777.9968343701564
differential_evolution step 190: f(x)= 777.9968343701564
differential_evolution step 191: f(x)= 777.9968343701564
differential_evolution step 192: f(x)= 777.9968343701564
differential_evolution step 193: f(x)= 777.9968343701564
differential_evolution step 194: f(x)= 777.9968343701564
differential_evolution step 195: f(x)= 777.9968343701564
differential_evolution step 196: f(x)= 777.9968343701564
differential_evolution step 197: f(x)= 777.9968343701564
differential_evolution step 198: f(x)= 726.9732271009391
differential_evolution step 199: f(x)= 726.9732271009391
differential_evolution step 200: f(x)= 726.9732271009391
Cluster 2 DE best chi^2: 726.973 with params {'x_src': np.float64(98.68973779665193), 'y_src': np.float64(101.03984945329931), 'z_s': np.float64(1.1155801184681124)}
--- Running DE for Cluster 3 ---
[DE] Process Pool with 16 procs (init=latinhypercube, popsize=50)
differential_evolution step 1: f(x)= 3000.0
differential_evolution step 2: f(x)= 3000.0
differential_evolution step 3: f(x)= 3000.0
differential_evolution step 4: f(x)= 3000.0
differential_evolution step 5: f(x)= 3000.0
differential_evolution step 6: f(x)= 3000.0
differential_evolution step 7: f(x)= 3000.0
differential_evolution step 8: f(x)= 3000.0
differential_evolution step 9: f(x)= 3000.0
differential_evolution step 10: f(x)= 3000.0
differential_evolution step 11: f(x)= 3000.0
differential_evolution step 12: f(x)= 3000.0
differential_evolution step 13: f(x)= 3000.0
differential_evolution step 14: f(x)= 3000.0
differential_evolution step 15: f(x)= 3000.0
differential_evolution step 16: f(x)= 3000.0
differential_evolution step 17: f(x)= 3000.0
differential_evolution step 18: f(x)= 3000.0
differential_evolution step 19: f(x)= 3000.0
differential_evolution step 20: f(x)= 3000.0
differential_evolution step 21: f(x)= 3000.0
differential_evolution step 22: f(x)= 3000.0
differential_evolution step 23: f(x)= 3000.0
differential_evolution step 24: f(x)= 3000.0
differential_evolution step 25: f(x)= 3000.0
differential_evolution step 26: f(x)= 3000.0
differential_evolution step 27: f(x)= 3000.0
differential_evolution step 28: f(x)= 3000.0
differential_evolution step 29: f(x)= 3000.0
differential_evolution step 30: f(x)= 3000.0
differential_evolution step 31: f(x)= 3000.0
differential_evolution step 32: f(x)= 3000.0
differential_evolution step 33: f(x)= 3000.0
differential_evolution step 34: f(x)= 3000.0
differential_evolution step 35: f(x)= 3000.0
differential_evolution step 36: f(x)= 3000.0
differential_evolution step 37: f(x)= 3000.0
differential_evolution step 38: f(x)= 3000.0
differential_evolution step 39: f(x)= 3000.0
differential_evolution step 40: f(x)= 3000.0
differential_evolution step 41: f(x)= 3000.0
differential_evolution step 42: f(x)= 3000.0
differential_evolution step 43: f(x)= 3000.0
differential_evolution step 44: f(x)= 3000.0
differential_evolution step 45: f(x)= 3000.0
differential_evolution step 46: f(x)= 3000.0
differential_evolution step 47: f(x)= 3000.0
differential_evolution step 48: f(x)= 3000.0
differential_evolution step 49: f(x)= 3000.0
differential_evolution step 50: f(x)= 3000.0
differential_evolution step 51: f(x)= 3000.0
differential_evolution step 52: f(x)= 3000.0
differential_evolution step 53: f(x)= 3000.0
differential_evolution step 54: f(x)= 3000.0
differential_evolution step 55: f(x)= 3000.0
differential_evolution step 56: f(x)= 3000.0
differential_evolution step 57: f(x)= 3000.0
differential_evolution step 58: f(x)= 3000.0
differential_evolution step 59: f(x)= 3000.0
differential_evolution step 60: f(x)= 3000.0
differential_evolution step 61: f(x)= 3000.0
differential_evolution step 62: f(x)= 3000.0
differential_evolution step 63: f(x)= 3000.0
differential_evolution step 64: f(x)= 3000.0
differential_evolution step 65: f(x)= 3000.0
differential_evolution step 66: f(x)= 3000.0
differential_evolution step 67: f(x)= 3000.0
differential_evolution step 68: f(x)= 3000.0
differential_evolution step 69: f(x)= 3000.0
differential_evolution step 70: f(x)= 3000.0
differential_evolution step 71: f(x)= 3000.0
differential_evolution step 72: f(x)= 3000.0
differential_evolution step 73: f(x)= 3000.0
differential_evolution step 74: f(x)= 3000.0
differential_evolution step 75: f(x)= 3000.0
differential_evolution step 76: f(x)= 3000.0
differential_evolution step 77: f(x)= 3000.0
differential_evolution step 78: f(x)= 3000.0
differential_evolution step 79: f(x)= 3000.0
differential_evolution step 80: f(x)= 3000.0
differential_evolution step 81: f(x)= 3000.0
differential_evolution step 82: f(x)= 3000.0
differential_evolution step 83: f(x)= 3000.0
differential_evolution step 84: f(x)= 3000.0
differential_evolution step 85: f(x)= 3000.0
differential_evolution step 86: f(x)= 3000.0
differential_evolution step 87: f(x)= 3000.0
differential_evolution step 88: f(x)= 3000.0
differential_evolution step 89: f(x)= 3000.0
differential_evolution step 90: f(x)= 3000.0
differential_evolution step 91: f(x)= 3000.0
differential_evolution step 92: f(x)= 3000.0
differential_evolution step 93: f(x)= 3000.0
differential_evolution step 94: f(x)= 3000.0
differential_evolution step 95: f(x)= 3000.0
differential_evolution step 96: f(x)= 3000.0
differential_evolution step 97: f(x)= 3000.0
differential_evolution step 98: f(x)= 3000.0
differential_evolution step 99: f(x)= 3000.0
differential_evolution step 100: f(x)= 3000.0
differential_evolution step 101: f(x)= 3000.0
differential_evolution step 102: f(x)= 3000.0
differential_evolution step 103: f(x)= 3000.0
differential_evolution step 104: f(x)= 3000.0
differential_evolution step 105: f(x)= 3000.0
differential_evolution step 106: f(x)= 3000.0
differential_evolution step 107: f(x)= 3000.0
differential_evolution step 108: f(x)= 3000.0
differential_evolution step 109: f(x)= 3000.0
differential_evolution step 110: f(x)= 3000.0
differential_evolution step 111: f(x)= 3000.0
differential_evolution step 112: f(x)= 3000.0
differential_evolution step 113: f(x)= 3000.0
differential_evolution step 114: f(x)= 3000.0
differential_evolution step 115: f(x)= 3000.0
differential_evolution step 116: f(x)= 3000.0
differential_evolution step 117: f(x)= 3000.0
differential_evolution step 118: f(x)= 3000.0
differential_evolution step 119: f(x)= 3000.0
differential_evolution step 120: f(x)= 3000.0
differential_evolution step 121: f(x)= 3000.0
differential_evolution step 122: f(x)= 3000.0
differential_evolution step 123: f(x)= 3000.0
differential_evolution step 124: f(x)= 3000.0
differential_evolution step 125: f(x)= 3000.0
differential_evolution step 126: f(x)= 3000.0
differential_evolution step 127: f(x)= 3000.0
differential_evolution step 128: f(x)= 3000.0
differential_evolution step 129: f(x)= 3000.0
differential_evolution step 130: f(x)= 3000.0
differential_evolution step 131: f(x)= 3000.0
differential_evolution step 132: f(x)= 3000.0
differential_evolution step 133: f(x)= 3000.0
differential_evolution step 134: f(x)= 3000.0
differential_evolution step 135: f(x)= 3000.0
differential_evolution step 136: f(x)= 3000.0
differential_evolution step 137: f(x)= 3000.0
differential_evolution step 138: f(x)= 3000.0
differential_evolution step 139: f(x)= 3000.0
differential_evolution step 140: f(x)= 3000.0
differential_evolution step 141: f(x)= 3000.0
differential_evolution step 142: f(x)= 3000.0
differential_evolution step 143: f(x)= 3000.0
differential_evolution step 144: f(x)= 3000.0
differential_evolution step 145: f(x)= 3000.0
differential_evolution step 146: f(x)= 3000.0
differential_evolution step 147: f(x)= 3000.0
differential_evolution step 148: f(x)= 3000.0
differential_evolution step 149: f(x)= 3000.0
differential_evolution step 150: f(x)= 3000.0
differential_evolution step 151: f(x)= 3000.0
differential_evolution step 152: f(x)= 3000.0
differential_evolution step 153: f(x)= 3000.0
differential_evolution step 154: f(x)= 3000.0
differential_evolution step 155: f(x)= 3000.0
differential_evolution step 156: f(x)= 3000.0
differential_evolution step 157: f(x)= 3000.0
differential_evolution step 158: f(x)= 3000.0
Cluster 3 DE best chi^2: 3000.000 with params {'x_src': np.float64(112.74202111665348), 'y_src': np.float64(123.1879416584184), 'z_s': np.float64(4.795462961268958)}
--- Running DE for Cluster 4 ---
[DE] Process Pool with 16 procs (init=latinhypercube, popsize=50)
differential_evolution step 1: f(x)= 3000.0
differential_evolution step 2: f(x)= 3000.0
differential_evolution step 3: f(x)= 3000.0
differential_evolution step 4: f(x)= 3000.0
differential_evolution step 5: f(x)= 3000.0
differential_evolution step 6: f(x)= 3000.0
differential_evolution step 7: f(x)= 3000.0
differential_evolution step 8: f(x)= 3000.0
differential_evolution step 9: f(x)= 3000.0
differential_evolution step 10: f(x)= 3000.0
differential_evolution step 11: f(x)= 3000.0
differential_evolution step 12: f(x)= 3000.0
differential_evolution step 13: f(x)= 3000.0
differential_evolution step 14: f(x)= 3000.0
differential_evolution step 15: f(x)= 3000.0
differential_evolution step 16: f(x)= 3000.0
differential_evolution step 17: f(x)= 3000.0
differential_evolution step 18: f(x)= 3000.0
differential_evolution step 19: f(x)= 3000.0
differential_evolution step 20: f(x)= 3000.0
differential_evolution step 21: f(x)= 3000.0
differential_evolution step 22: f(x)= 3000.0
differential_evolution step 23: f(x)= 3000.0
differential_evolution step 24: f(x)= 3000.0
differential_evolution step 25: f(x)= 3000.0
differential_evolution step 26: f(x)= 3000.0
differential_evolution step 27: f(x)= 3000.0
differential_evolution step 28: f(x)= 3000.0
differential_evolution step 29: f(x)= 3000.0
differential_evolution step 30: f(x)= 3000.0
differential_evolution step 31: f(x)= 3000.0
differential_evolution step 32: f(x)= 3000.0
differential_evolution step 33: f(x)= 3000.0
differential_evolution step 34: f(x)= 3000.0
differential_evolution step 35: f(x)= 3000.0
differential_evolution step 36: f(x)= 3000.0
differential_evolution step 37: f(x)= 3000.0
differential_evolution step 38: f(x)= 3000.0
differential_evolution step 39: f(x)= 3000.0
differential_evolution step 40: f(x)= 3000.0
differential_evolution step 41: f(x)= 2066.2971080591296
differential_evolution step 42: f(x)= 2066.2971080591296
differential_evolution step 43: f(x)= 2066.2971080591296
differential_evolution step 44: f(x)= 2066.2971080591296
differential_evolution step 45: f(x)= 2066.2971080591296
differential_evolution step 46: f(x)= 2066.2971080591296
differential_evolution step 47: f(x)= 2021.9783029073242
differential_evolution step 48: f(x)= 2021.9783029073242
differential_evolution step 49: f(x)= 2021.9783029073242
differential_evolution step 50: f(x)= 2021.9783029073242
differential_evolution step 51: f(x)= 2021.9783029073242
differential_evolution step 52: f(x)= 2021.9783029073242
differential_evolution step 53: f(x)= 2021.9783029073242
differential_evolution step 54: f(x)= 2021.9783029073242
differential_evolution step 55: f(x)= 2021.9783029073242
differential_evolution step 56: f(x)= 2021.9783029073242
differential_evolution step 57: f(x)= 2021.9783029073242
differential_evolution step 58: f(x)= 2021.9783029073242
differential_evolution step 59: f(x)= 2021.9783029073242
differential_evolution step 60: f(x)= 2021.9783029073242
differential_evolution step 61: f(x)= 991.3438384609963
differential_evolution step 62: f(x)= 991.3438384609963
differential_evolution step 63: f(x)= 991.3438384609963
differential_evolution step 64: f(x)= 991.3438384609963
differential_evolution step 65: f(x)= 991.3438384609963
differential_evolution step 66: f(x)= 991.3438384609963
differential_evolution step 67: f(x)= 991.3438384609963
differential_evolution step 68: f(x)= 991.3438384609963
differential_evolution step 69: f(x)= 991.3438384609963
differential_evolution step 70: f(x)= 991.3438384609963
differential_evolution step 71: f(x)= 991.3438384609963
differential_evolution step 72: f(x)= 991.3438384609963
differential_evolution step 73: f(x)= 991.3438384609963
differential_evolution step 74: f(x)= 991.3438384609963
differential_evolution step 75: f(x)= 991.3438384609963
differential_evolution step 76: f(x)= 991.3438384609963
differential_evolution step 77: f(x)= 991.3438384609963
differential_evolution step 78: f(x)= 991.3438384609963
differential_evolution step 79: f(x)= 991.3438384609963
differential_evolution step 80: f(x)= 991.3438384609963
differential_evolution step 81: f(x)= 991.3438384609963
differential_evolution step 82: f(x)= 991.3438384609963
differential_evolution step 83: f(x)= 991.3438384609963
differential_evolution step 84: f(x)= 991.3438384609963
differential_evolution step 85: f(x)= 991.3438384609963
differential_evolution step 86: f(x)= 991.3438384609963
differential_evolution step 87: f(x)= 991.3438384609963
differential_evolution step 88: f(x)= 991.3438384609963
differential_evolution step 89: f(x)= 991.3438384609963
differential_evolution step 90: f(x)= 991.3438384609963
differential_evolution step 91: f(x)= 991.3438384609963
differential_evolution step 92: f(x)= 991.3438384609963
differential_evolution step 93: f(x)= 991.3438384609963
differential_evolution step 94: f(x)= 991.3438384609963
differential_evolution step 95: f(x)= 991.3438384609963
differential_evolution step 96: f(x)= 991.3438384609963
differential_evolution step 97: f(x)= 991.3438384609963
differential_evolution step 98: f(x)= 991.3438384609963
differential_evolution step 99: f(x)= 991.3438384609963
differential_evolution step 100: f(x)= 991.3438384609963
differential_evolution step 101: f(x)= 991.3438384609963
differential_evolution step 102: f(x)= 991.3438384609963
differential_evolution step 103: f(x)= 991.3438384609963
differential_evolution step 104: f(x)= 991.3438384609963
differential_evolution step 105: f(x)= 991.3438384609963
differential_evolution step 106: f(x)= 991.3438384609963
differential_evolution step 107: f(x)= 991.3438384609963
differential_evolution step 108: f(x)= 991.3438384609963
differential_evolution step 109: f(x)= 991.3438384609963
differential_evolution step 110: f(x)= 991.3438384609963
differential_evolution step 111: f(x)= 991.3438384609963
differential_evolution step 112: f(x)= 991.3438384609963
differential_evolution step 113: f(x)= 991.3438384609963
differential_evolution step 114: f(x)= 991.3438384609963
differential_evolution step 115: f(x)= 991.3438384609963
differential_evolution step 116: f(x)= 903.134400507297
differential_evolution step 117: f(x)= 903.134400507297
differential_evolution step 118: f(x)= 903.134400507297
differential_evolution step 119: f(x)= 903.134400507297
differential_evolution step 120: f(x)= 903.134400507297
differential_evolution step 121: f(x)= 903.134400507297
differential_evolution step 122: f(x)= 903.134400507297
differential_evolution step 123: f(x)= 903.134400507297
differential_evolution step 124: f(x)= 903.134400507297
differential_evolution step 125: f(x)= 903.134400507297
differential_evolution step 126: f(x)= 903.134400507297
differential_evolution step 127: f(x)= 903.134400507297
differential_evolution step 128: f(x)= 903.134400507297
differential_evolution step 129: f(x)= 903.134400507297
differential_evolution step 130: f(x)= 903.134400507297
differential_evolution step 131: f(x)= 903.134400507297
differential_evolution step 132: f(x)= 903.134400507297
differential_evolution step 133: f(x)= 903.134400507297
differential_evolution step 134: f(x)= 903.134400507297
differential_evolution step 135: f(x)= 903.134400507297
differential_evolution step 136: f(x)= 903.134400507297
differential_evolution step 137: f(x)= 903.134400507297
differential_evolution step 138: f(x)= 903.134400507297
differential_evolution step 139: f(x)= 903.134400507297
differential_evolution step 140: f(x)= 903.134400507297
differential_evolution step 141: f(x)= 903.134400507297
differential_evolution step 142: f(x)= 903.134400507297
differential_evolution step 143: f(x)= 903.134400507297
differential_evolution step 144: f(x)= 903.134400507297
differential_evolution step 145: f(x)= 903.134400507297
differential_evolution step 146: f(x)= 903.134400507297
differential_evolution step 147: f(x)= 903.134400507297
differential_evolution step 148: f(x)= 903.134400507297
differential_evolution step 149: f(x)= 903.134400507297
differential_evolution step 150: f(x)= 903.134400507297
differential_evolution step 151: f(x)= 903.134400507297
differential_evolution step 152: f(x)= 903.134400507297
differential_evolution step 153: f(x)= 903.134400507297
differential_evolution step 154: f(x)= 903.134400507297
differential_evolution step 155: f(x)= 903.134400507297
differential_evolution step 156: f(x)= 903.134400507297
differential_evolution step 157: f(x)= 903.134400507297
differential_evolution step 158: f(x)= 903.134400507297
differential_evolution step 159: f(x)= 903.134400507297
differential_evolution step 160: f(x)= 903.134400507297
differential_evolution step 161: f(x)= 903.134400507297
differential_evolution step 162: f(x)= 903.134400507297
differential_evolution step 163: f(x)= 903.134400507297
differential_evolution step 164: f(x)= 903.134400507297
differential_evolution step 165: f(x)= 845.0586043214373
differential_evolution step 166: f(x)= 845.0586043214373
differential_evolution step 167: f(x)= 845.0586043214373
differential_evolution step 168: f(x)= 845.0586043214373
differential_evolution step 169: f(x)= 845.0586043214373
differential_evolution step 170: f(x)= 845.0586043214373
differential_evolution step 171: f(x)= 845.0586043214373
differential_evolution step 172: f(x)= 845.0586043214373
differential_evolution step 173: f(x)= 845.0586043214373
differential_evolution step 174: f(x)= 845.0586043214373
differential_evolution step 175: f(x)= 845.0586043214373
differential_evolution step 176: f(x)= 845.0586043214373
differential_evolution step 177: f(x)= 845.0586043214373
differential_evolution step 178: f(x)= 845.0586043214373
differential_evolution step 179: f(x)= 845.0586043214373
differential_evolution step 180: f(x)= 845.0586043214373
differential_evolution step 181: f(x)= 845.0586043214373
differential_evolution step 182: f(x)= 845.0586043214373
differential_evolution step 183: f(x)= 845.0586043214373
differential_evolution step 184: f(x)= 845.0586043214373
differential_evolution step 185: f(x)= 845.0586043214373
differential_evolution step 186: f(x)= 845.0586043214373
differential_evolution step 187: f(x)= 845.0586043214373
differential_evolution step 188: f(x)= 845.0586043214373
differential_evolution step 189: f(x)= 845.0586043214373
differential_evolution step 190: f(x)= 845.0586043214373
differential_evolution step 191: f(x)= 845.0586043214373
differential_evolution step 192: f(x)= 845.0586043214373
differential_evolution step 193: f(x)= 845.0586043214373
differential_evolution step 194: f(x)= 845.0586043214373
differential_evolution step 195: f(x)= 845.0586043214373
differential_evolution step 196: f(x)= 845.0586043214373
differential_evolution step 197: f(x)= 845.0586043214373
differential_evolution step 198: f(x)= 845.0586043214373
differential_evolution step 199: f(x)= 845.0586043214373
differential_evolution step 200: f(x)= 845.0586043214373
Cluster 4 DE best chi^2: 845.059 with params {'x_src': np.float64(218.35396698866458), 'y_src': np.float64(218.13164716202166), 'z_s': np.float64(3.104028436227738)}
--- Running DE for Cluster 5 ---
[DE] Process Pool with 16 procs (init=latinhypercube, popsize=50)
differential_evolution step 1: f(x)= 4242.640687119286
differential_evolution step 2: f(x)= 4242.640687119286
differential_evolution step 3: f(x)= 4242.640687119286
differential_evolution step 4: f(x)= 4242.640687119286
differential_evolution step 5: f(x)= 4242.640687119286
differential_evolution step 6: f(x)= 4242.640687119286
differential_evolution step 7: f(x)= 4242.640687119286
differential_evolution step 8: f(x)= 4242.640687119286
differential_evolution step 9: f(x)= 4242.640687119286
differential_evolution step 10: f(x)= 4242.640687119286
differential_evolution step 11: f(x)= 3000.0
differential_evolution step 12: f(x)= 3000.0
differential_evolution step 13: f(x)= 3000.0
differential_evolution step 14: f(x)= 3000.0
differential_evolution step 15: f(x)= 3000.0
differential_evolution step 16: f(x)= 3000.0
differential_evolution step 17: f(x)= 3000.0
differential_evolution step 18: f(x)= 3000.0
differential_evolution step 19: f(x)= 3000.0
differential_evolution step 20: f(x)= 3000.0
differential_evolution step 21: f(x)= 3000.0
differential_evolution step 22: f(x)= 3000.0
differential_evolution step 23: f(x)= 3000.0
differential_evolution step 24: f(x)= 3000.0
differential_evolution step 25: f(x)= 3000.0
differential_evolution step 26: f(x)= 3000.0
differential_evolution step 27: f(x)= 3000.0
differential_evolution step 28: f(x)= 3000.0
differential_evolution step 29: f(x)= 3000.0
differential_evolution step 30: f(x)= 3000.0
differential_evolution step 31: f(x)= 3000.0
differential_evolution step 32: f(x)= 3000.0
differential_evolution step 33: f(x)= 3000.0
differential_evolution step 34: f(x)= 3000.0
differential_evolution step 35: f(x)= 3000.0
differential_evolution step 36: f(x)= 3000.0
differential_evolution step 37: f(x)= 3000.0
differential_evolution step 38: f(x)= 3000.0
differential_evolution step 39: f(x)= 3000.0
differential_evolution step 40: f(x)= 3000.0
differential_evolution step 41: f(x)= 3000.0
differential_evolution step 42: f(x)= 3000.0
differential_evolution step 43: f(x)= 3000.0
differential_evolution step 44: f(x)= 3000.0
differential_evolution step 45: f(x)= 3000.0
differential_evolution step 46: f(x)= 3000.0
differential_evolution step 47: f(x)= 3000.0
differential_evolution step 48: f(x)= 3000.0
differential_evolution step 49: f(x)= 3000.0
differential_evolution step 50: f(x)= 3000.0
differential_evolution step 51: f(x)= 3000.0
differential_evolution step 52: f(x)= 3000.0
differential_evolution step 53: f(x)= 3000.0
differential_evolution step 54: f(x)= 3000.0
differential_evolution step 55: f(x)= 3000.0
differential_evolution step 56: f(x)= 3000.0
differential_evolution step 57: f(x)= 3000.0
differential_evolution step 58: f(x)= 3000.0
differential_evolution step 59: f(x)= 3000.0
differential_evolution step 60: f(x)= 2855.85717390145
differential_evolution step 61: f(x)= 2855.85717390145
differential_evolution step 62: f(x)= 2855.85717390145
differential_evolution step 63: f(x)= 2855.85717390145
differential_evolution step 64: f(x)= 2855.85717390145
differential_evolution step 65: f(x)= 2855.85717390145
differential_evolution step 66: f(x)= 2855.85717390145
differential_evolution step 67: f(x)= 2855.85717390145
differential_evolution step 68: f(x)= 2855.85717390145
differential_evolution step 69: f(x)= 2855.85717390145
differential_evolution step 70: f(x)= 2855.85717390145
differential_evolution step 71: f(x)= 2855.85717390145
differential_evolution step 72: f(x)= 2855.85717390145
differential_evolution step 73: f(x)= 2855.85717390145
differential_evolution step 74: f(x)= 2855.85717390145
differential_evolution step 75: f(x)= 2855.85717390145
differential_evolution step 76: f(x)= 2855.85717390145
differential_evolution step 77: f(x)= 2855.85717390145
differential_evolution step 78: f(x)= 2855.85717390145
differential_evolution step 79: f(x)= 2855.85717390145
differential_evolution step 80: f(x)= 2855.85717390145
differential_evolution step 81: f(x)= 2855.85717390145
differential_evolution step 82: f(x)= 2855.85717390145
differential_evolution step 83: f(x)= 2745.118851923239
differential_evolution step 84: f(x)= 2745.118851923239
differential_evolution step 85: f(x)= 2745.118851923239
differential_evolution step 86: f(x)= 2745.118851923239
differential_evolution step 87: f(x)= 2745.118851923239
differential_evolution step 88: f(x)= 2745.118851923239
differential_evolution step 89: f(x)= 2498.3069771565265
differential_evolution step 90: f(x)= 2498.3069771565265
differential_evolution step 91: f(x)= 2498.3069771565265
differential_evolution step 92: f(x)= 2498.3069771565265
differential_evolution step 93: f(x)= 2498.3069771565265
differential_evolution step 94: f(x)= 2498.3069771565265
differential_evolution step 95: f(x)= 2498.3069771565265
differential_evolution step 96: f(x)= 2498.3069771565265
differential_evolution step 97: f(x)= 2498.3069771565265
differential_evolution step 98: f(x)= 2498.3069771565265
differential_evolution step 99: f(x)= 2498.3069771565265
differential_evolution step 100: f(x)= 2432.4759539261304
differential_evolution step 101: f(x)= 2432.4759539261304
differential_evolution step 102: f(x)= 2432.4759539261304
differential_evolution step 103: f(x)= 2432.4759539261304
differential_evolution step 104: f(x)= 2432.4759539261304
differential_evolution step 105: f(x)= 2432.4759539261304
differential_evolution step 106: f(x)= 2432.4759539261304
differential_evolution step 107: f(x)= 2432.4759539261304
differential_evolution step 108: f(x)= 2432.4759539261304
differential_evolution step 109: f(x)= 2432.4759539261304
differential_evolution step 110: f(x)= 2432.4759539261304
differential_evolution step 111: f(x)= 2432.4759539261304
differential_evolution step 112: f(x)= 2432.4759539261304
differential_evolution step 113: f(x)= 1973.585881423391
differential_evolution step 114: f(x)= 1973.585881423391
differential_evolution step 115: f(x)= 1973.585881423391
differential_evolution step 116: f(x)= 1973.585881423391
differential_evolution step 117: f(x)= 1973.585881423391
differential_evolution step 118: f(x)= 1973.585881423391
differential_evolution step 119: f(x)= 1973.585881423391
differential_evolution step 120: f(x)= 1973.585881423391
differential_evolution step 121: f(x)= 1973.585881423391
differential_evolution step 122: f(x)= 1973.585881423391
differential_evolution step 123: f(x)= 1973.585881423391
differential_evolution step 124: f(x)= 1973.585881423391
differential_evolution step 125: f(x)= 1973.585881423391
differential_evolution step 126: f(x)= 1973.585881423391
differential_evolution step 127: f(x)= 1973.585881423391
differential_evolution step 128: f(x)= 1973.585881423391
differential_evolution step 129: f(x)= 1973.585881423391
differential_evolution step 130: f(x)= 1973.585881423391
differential_evolution step 131: f(x)= 1973.585881423391
differential_evolution step 132: f(x)= 1973.585881423391
differential_evolution step 133: f(x)= 1973.585881423391
differential_evolution step 134: f(x)= 1973.585881423391
differential_evolution step 135: f(x)= 1973.585881423391
differential_evolution step 136: f(x)= 1973.585881423391
differential_evolution step 137: f(x)= 1973.585881423391
differential_evolution step 138: f(x)= 1973.585881423391
differential_evolution step 139: f(x)= 1973.585881423391
differential_evolution step 140: f(x)= 1973.585881423391
differential_evolution step 141: f(x)= 1973.585881423391
differential_evolution step 142: f(x)= 1973.585881423391
differential_evolution step 143: f(x)= 1973.585881423391
differential_evolution step 144: f(x)= 1922.47712929111
differential_evolution step 145: f(x)= 1922.47712929111
differential_evolution step 146: f(x)= 1922.47712929111
differential_evolution step 147: f(x)= 1922.47712929111
differential_evolution step 148: f(x)= 1922.47712929111
differential_evolution step 149: f(x)= 1922.47712929111
differential_evolution step 150: f(x)= 1922.47712929111
differential_evolution step 151: f(x)= 1922.47712929111
differential_evolution step 152: f(x)= 1922.47712929111
differential_evolution step 153: f(x)= 1922.47712929111
differential_evolution step 154: f(x)= 1922.47712929111
differential_evolution step 155: f(x)= 1922.47712929111
differential_evolution step 156: f(x)= 1922.47712929111
differential_evolution step 157: f(x)= 1922.47712929111
differential_evolution step 158: f(x)= 1922.47712929111
differential_evolution step 159: f(x)= 1922.47712929111
differential_evolution step 160: f(x)= 1922.47712929111
differential_evolution step 161: f(x)= 1922.47712929111
differential_evolution step 162: f(x)= 1922.47712929111
differential_evolution step 163: f(x)= 1922.47712929111
differential_evolution step 164: f(x)= 1922.47712929111
differential_evolution step 165: f(x)= 1922.47712929111
differential_evolution step 166: f(x)= 1922.47712929111
differential_evolution step 167: f(x)= 1922.47712929111
differential_evolution step 168: f(x)= 1922.47712929111
differential_evolution step 169: f(x)= 1922.47712929111
differential_evolution step 170: f(x)= 1922.47712929111
differential_evolution step 171: f(x)= 1922.47712929111
differential_evolution step 172: f(x)= 1922.47712929111
differential_evolution step 173: f(x)= 1922.47712929111
differential_evolution step 174: f(x)= 1922.47712929111
differential_evolution step 175: f(x)= 1922.47712929111
differential_evolution step 176: f(x)= 1922.47712929111
differential_evolution step 177: f(x)= 1922.47712929111
differential_evolution step 178: f(x)= 1922.47712929111
differential_evolution step 179: f(x)= 1922.47712929111
differential_evolution step 180: f(x)= 1922.47712929111
differential_evolution step 181: f(x)= 1922.47712929111
differential_evolution step 182: f(x)= 1922.47712929111
differential_evolution step 183: f(x)= 1922.47712929111
differential_evolution step 184: f(x)= 1922.47712929111
differential_evolution step 185: f(x)= 1922.47712929111
differential_evolution step 186: f(x)= 1922.47712929111
differential_evolution step 187: f(x)= 1922.47712929111
differential_evolution step 188: f(x)= 1922.47712929111
differential_evolution step 189: f(x)= 1922.47712929111
differential_evolution step 190: f(x)= 1922.47712929111
differential_evolution step 191: f(x)= 1922.47712929111
differential_evolution step 192: f(x)= 1922.47712929111
differential_evolution step 193: f(x)= 1922.47712929111
differential_evolution step 194: f(x)= 1922.47712929111
differential_evolution step 195: f(x)= 1922.47712929111
differential_evolution step 196: f(x)= 1922.47712929111
differential_evolution step 197: f(x)= 1922.47712929111
differential_evolution step 198: f(x)= 1922.47712929111
differential_evolution step 199: f(x)= 1922.47712929111
differential_evolution step 200: f(x)= 1922.47712929111
Cluster 5 DE best chi^2: 1922.477 with params {'x_src': np.float64(150.1050052746946), 'y_src': np.float64(145.58927335628601), 'z_s': np.float64(2.117795589328036)}

--- DE Optimization Summary ---
Best fit found for Cluster 1 with chi^2 = 0.022
Best-fit parameters: {'x_src': np.float64(207.55653216794835), 'y_src': np.float64(194.1846758949947), 'z_s': np.float64(1.876710199889185)}

--- Running MCMC for Cluster 1 (chi_sq=0.022) ---
[MCMC] Process Pool with 16 procs
  0%|          | 0/20000 [00:00<?, ?it/s]  0%|          | 84/20000 [01:41<6:39:55,  1.20s/it]  0%|          | 100/20000 [02:00<6:39:36,  1.20s/it]  1%|          | 165/20000 [03:21<6:44:36,  1.22s/it]  1%|          | 180/20000 [03:40<6:44:18,  1.22s/it]  1%|          | 247/20000 [05:01<6:42:32,  1.22s/it]  1%|         | 263/20000 [05:20<6:42:12,  1.22s/it]  2%|         | 333/20000 [06:41<6:33:18,  1.20s/it]  2%|         | 348/20000 [07:00<6:33:00,  1.20s/it]  2%|         | 416/20000 [08:22<6:32:51,  1.20s/it]  2%|         | 429/20000 [08:40<6:32:36,  1.20s/it]  2%|         | 495/20000 [10:02<6:38:04,  1.22s/it]  3%|         | 509/20000 [10:20<6:37:47,  1.22s/it]  3%|         | 577/20000 [11:43<6:37:31,  1.23s/it]  3%|         | 590/20000 [12:00<6:37:15,  1.23s/it]  3%|         | 658/20000 [13:24<6:37:36,  1.23s/it]  3%|         | 670/20000 [13:40<6:37:22,  1.23s/it]  4%|         | 740/20000 [15:04<6:34:32,  1.23s/it]  4%|         | 751/20000 [15:20<6:34:19,  1.23s/it]  4%|         | 817/20000 [16:45<6:41:06,  1.25s/it]  4%|         | 827/20000 [17:00<6:40:54,  1.25s/it]  4%|         | 897/20000 [18:26<6:40:11,  1.26s/it]  5%|         | 906/20000 [18:40<6:40:00,  1.26s/it]  5%|         | 978/20000 [20:07<6:37:04,  1.25s/it]  5%|         | 987/20000 [20:20<6:36:52,  1.25s/it]  5%|         | 1058/20000 [21:48<6:35:59,  1.25s/it]  5%|         | 1067/20000 [22:00<6:35:48,  1.25s/it]  6%|         | 1136/20000 [23:28<6:37:11,  1.26s/it]  6%|         | 1144/20000 [23:40<6:37:01,  1.26s/it]  6%|         | 1218/20000 [25:08<6:31:17,  1.25s/it]  6%|         | 1227/20000 [25:20<6:31:06,  1.25s/it]  6%|         | 1298/20000 [26:48<6:30:11,  1.25s/it]  7%|         | 1307/20000 [27:00<6:30:00,  1.25s/it]  7%|         | 1376/20000 [28:29<6:31:56,  1.26s/it]  7%|         | 1383/20000 [28:40<6:31:47,  1.26s/it]  7%|         | 1452/20000 [30:10<6:36:32,  1.28s/it]  7%|         | 1467/20000 [30:30<6:36:12,  1.28s/it]  8%|         | 1530/20000 [31:50<6:34:53,  1.28s/it]  8%|         | 1545/20000 [32:10<6:34:34,  1.28s/it]  8%|         | 1609/20000 [33:31<6:31:55,  1.28s/it]  8%|         | 1624/20000 [33:50<6:31:35,  1.28s/it]  8%|         | 1687/20000 [35:11<6:30:56,  1.28s/it]  9%|         | 1701/20000 [35:30<6:30:38,  1.28s/it]  9%|         | 1767/20000 [36:51<6:26:45,  1.27s/it]  9%|         | 1781/20000 [37:10<6:26:27,  1.27s/it]  9%|         | 1846/20000 [38:32<6:25:04,  1.27s/it]  9%|         | 1859/20000 [38:50<6:24:48,  1.27s/it] 10%|         | 1920/20000 [40:12<6:30:31,  1.30s/it] 10%|         | 1933/20000 [40:30<6:30:15,  1.30s/it] 10%|         | 1993/20000 [41:53<6:36:11,  1.32s/it] 10%|         | 2006/20000 [42:10<6:35:54,  1.32s/it] 10%|         | 2074/20000 [43:33<6:26:29,  1.29s/it] 10%|         | 2088/20000 [43:50<6:26:11,  1.29s/it] 11%|         | 2154/20000 [45:13<6:21:13,  1.28s/it] 11%|         | 2167/20000 [45:30<6:20:57,  1.28s/it] 11%|         | 2232/20000 [46:54<6:20:51,  1.29s/it] 11%|         | 2243/20000 [47:10<6:20:37,  1.29s/it] 12%|        | 2312/20000 [48:35<6:17:02,  1.28s/it] 12%|        | 2324/20000 [48:50<6:16:46,  1.28s/it] 12%|        | 2393/20000 [50:16<6:12:01,  1.27s/it] 12%|        | 2404/20000 [50:30<6:11:47,  1.27s/it] 12%|        | 2474/20000 [51:57<6:08:07,  1.26s/it] 12%|        | 2485/20000 [52:10<6:07:53,  1.26s/it] 13%|        | 2556/20000 [53:37<6:03:04,  1.25s/it] 13%|        | 2566/20000 [53:50<6:02:51,  1.25s/it] 13%|        | 2640/20000 [55:17<5:56:17,  1.23s/it] 13%|        | 2650/20000 [55:30<5:56:05,  1.23s/it] 14%|        | 2723/20000 [56:58<5:53:15,  1.23s/it] 14%|        | 2732/20000 [57:10<5:53:04,  1.23s/it] 14%|        | 2802/20000 [58:39<5:55:49,  1.24s/it] 14%|        | 2809/20000 [58:50<5:55:41,  1.24s/it] 14%|        | 2884/20000 [1:00:19<5:52:40,  1.24s/it] 14%|        | 2892/20000 [1:00:30<5:52:30,  1.24s/it] 15%|        | 2968/20000 [1:01:59<5:47:03,  1.22s/it] 15%|        | 2976/20000 [1:02:10<5:46:53,  1.22s/it] 15%|        | 3047/20000 [1:03:39<5:49:11,  1.24s/it] 15%|        | 3055/20000 [1:03:50<5:49:02,  1.24s/it] 16%|        | 3130/20000 [1:05:20<5:45:17,  1.23s/it] 16%|        | 3146/20000 [1:05:40<5:44:57,  1.23s/it] 16%|        | 3208/20000 [1:07:01<5:48:57,  1.25s/it] 16%|        | 3224/20000 [1:07:20<5:48:37,  1.25s/it] 16%|        | 3287/20000 [1:08:42<5:50:07,  1.26s/it] 16%|        | 3300/20000 [1:09:00<5:49:51,  1.26s/it] 17%|        | 3363/20000 [1:10:22<5:53:39,  1.28s/it] 17%|        | 3376/20000 [1:10:40<5:53:23,  1.28s/it] 17%|        | 3444/20000 [1:12:03<5:49:36,  1.27s/it] 17%|        | 3458/20000 [1:12:20<5:49:18,  1.27s/it] 18%|        | 3525/20000 [1:13:44<5:45:57,  1.26s/it] 18%|        | 3537/20000 [1:14:00<5:45:42,  1.26s/it] 18%|        | 3607/20000 [1:15:25<5:42:04,  1.25s/it] 18%|        | 3618/20000 [1:15:40<5:41:50,  1.25s/it] 18%|        | 3688/20000 [1:17:06<5:39:52,  1.25s/it] 18%|        | 3696/20000 [1:17:20<5:39:42,  1.25s/it] 19%|        | 3767/20000 [1:18:47<5:39:54,  1.26s/it] 19%|        | 3776/20000 [1:19:00<5:39:43,  1.26s/it] 19%|        | 3846/20000 [1:20:27<5:39:38,  1.26s/it] 19%|        | 3856/20000 [1:20:40<5:39:26,  1.26s/it] 20%|        | 3929/20000 [1:22:08<5:33:55,  1.25s/it] 20%|        | 3938/20000 [1:22:20<5:33:44,  1.25s/it] 20%|        | 4010/20000 [1:23:49<5:32:16,  1.25s/it] 20%|        | 4018/20000 [1:24:00<5:32:06,  1.25s/it] 20%|        | 4092/20000 [1:25:30<5:28:59,  1.24s/it] 21%|        | 4107/20000 [1:25:50<5:28:40,  1.24s/it] 21%|        | 4172/20000 [1:27:10<5:28:22,  1.24s/it] 21%|        | 4189/20000 [1:27:30<5:28:00,  1.24s/it] 21%|       | 4256/20000 [1:28:51<5:23:30,  1.23s/it] 21%|       | 4270/20000 [1:29:10<5:23:13,  1.23s/it] 22%|       | 4337/20000 [1:30:32<5:22:25,  1.24s/it] 22%|       | 4351/20000 [1:30:50<5:22:08,  1.24s/it] 22%|       | 4419/20000 [1:32:13<5:20:24,  1.23s/it] 22%|       | 4433/20000 [1:32:30<5:20:07,  1.23s/it] 22%|       | 4500/20000 [1:33:54<5:19:33,  1.24s/it] 23%|       | 4513/20000 [1:34:10<5:19:17,  1.24s/it] 23%|       | 4582/20000 [1:35:34<5:17:12,  1.23s/it] 23%|       | 4592/20000 [1:35:50<5:17:00,  1.23s/it] 23%|       | 4660/20000 [1:37:15<5:19:25,  1.25s/it] 23%|       | 4672/20000 [1:37:30<5:19:10,  1.25s/it] 24%|       | 4740/20000 [1:38:55<5:18:02,  1.25s/it] 24%|       | 4751/20000 [1:39:10<5:17:48,  1.25s/it] 24%|       | 4821/20000 [1:40:35<5:15:12,  1.25s/it] 24%|       | 4832/20000 [1:40:50<5:14:58,  1.25s/it] 25%|       | 4903/20000 [1:42:16<5:12:03,  1.24s/it] 25%|       | 4913/20000 [1:42:30<5:11:51,  1.24s/it] 25%|       | 4983/20000 [1:43:56<5:11:30,  1.24s/it] 25%|       | 4993/20000 [1:44:10<5:11:18,  1.24s/it] 25%|       | 5065/20000 [1:45:37<5:09:04,  1.24s/it] 25%|       | 5074/20000 [1:45:50<5:08:53,  1.24s/it] 26%|       | 5146/20000 [1:47:18<5:07:23,  1.24s/it] 26%|       | 5155/20000 [1:47:30<5:07:12,  1.24s/it] 26%|       | 5231/20000 [1:48:58<5:00:44,  1.22s/it] 26%|       | 5240/20000 [1:49:10<5:00:33,  1.22s/it] 27%|       | 5316/20000 [1:50:39<4:56:43,  1.21s/it] 27%|       | 5323/20000 [1:50:50<4:56:35,  1.21s/it] 27%|       | 5398/20000 [1:52:20<4:56:12,  1.22s/it] 27%|       | 5415/20000 [1:52:40<4:55:51,  1.22s/it] 27%|       | 5484/20000 [1:54:00<4:50:56,  1.20s/it] 28%|       | 5500/20000 [1:54:20<4:50:37,  1.20s/it] 28%|       | 5565/20000 [1:55:41<4:51:45,  1.21s/it] 28%|       | 5580/20000 [1:56:00<4:51:27,  1.21s/it] 28%|       | 5646/20000 [1:57:22<4:52:42,  1.22s/it] 28%|       | 5660/20000 [1:57:40<4:52:25,  1.22s/it] 29%|       | 5727/20000 [1:59:03<4:52:43,  1.23s/it] 29%|       | 5740/20000 [1:59:20<4:52:27,  1.23s/it] 29%|       | 5808/20000 [2:00:43<4:51:29,  1.23s/it] 29%|       | 5821/20000 [2:01:00<4:51:13,  1.23s/it] 29%|       | 5888/20000 [2:02:23<4:51:14,  1.24s/it] 30%|       | 5901/20000 [2:02:40<4:50:58,  1.24s/it] 30%|       | 5969/20000 [2:04:04<4:49:35,  1.24s/it] 30%|       | 5982/20000 [2:04:20<4:49:19,  1.24s/it] 30%|       | 6050/20000 [2:05:45<4:48:35,  1.24s/it] 30%|       | 6061/20000 [2:06:00<4:48:22,  1.24s/it] 31%|       | 6133/20000 [2:07:26<4:45:09,  1.23s/it] 31%|       | 6145/20000 [2:07:40<4:44:54,  1.23s/it] 31%|       | 6215/20000 [2:09:06<4:43:11,  1.23s/it] 31%|       | 6225/20000 [2:09:20<4:42:59,  1.23s/it] 31%|      | 6297/20000 [2:10:47<4:40:43,  1.23s/it] 32%|      | 6307/20000 [2:11:00<4:40:30,  1.23s/it] 32%|      | 6376/20000 [2:12:27<4:41:33,  1.24s/it] 32%|      | 6386/20000 [2:12:40<4:41:20,  1.24s/it] 32%|      | 6458/20000 [2:14:08<4:39:19,  1.24s/it] 32%|      | 6467/20000 [2:14:20<4:39:08,  1.24s/it] 33%|      | 6535/20000 [2:15:48<4:42:05,  1.26s/it] 33%|      | 6543/20000 [2:16:00<4:41:55,  1.26s/it] 33%|      | 6614/20000 [2:17:29<4:42:10,  1.26s/it] 33%|      | 6621/20000 [2:17:40<4:42:01,  1.26s/it] 33%|      | 6696/20000 [2:19:11<4:38:24,  1.26s/it] 34%|      | 6709/20000 [2:19:30<4:38:08,  1.26s/it] 34%|      | 6774/20000 [2:20:51<4:38:33,  1.26s/it] 34%|      | 6789/20000 [2:21:10<4:38:14,  1.26s/it] 34%|      | 6851/20000 [2:22:32<4:39:49,  1.28s/it] 34%|      | 6865/20000 [2:22:50<4:39:31,  1.28s/it] 35%|      | 6930/20000 [2:24:13<4:38:28,  1.28s/it] 35%|      | 6943/20000 [2:24:30<4:38:12,  1.28s/it] 35%|      | 7011/20000 [2:25:53<4:33:53,  1.27s/it] 35%|      | 7024/20000 [2:26:10<4:33:36,  1.27s/it] 35%|      | 7090/20000 [2:27:34<4:32:58,  1.27s/it] 36%|      | 7101/20000 [2:27:50<4:32:44,  1.27s/it] 36%|      | 7168/20000 [2:29:14<4:32:37,  1.27s/it] 36%|      | 7180/20000 [2:29:30<4:32:22,  1.27s/it] 36%|      | 7251/20000 [2:30:55<4:27:00,  1.26s/it] 36%|      | 7263/20000 [2:31:10<4:26:45,  1.26s/it] 37%|      | 7336/20000 [2:32:36<4:20:29,  1.23s/it] 37%|      | 7346/20000 [2:32:50<4:20:17,  1.23s/it] 37%|      | 7419/20000 [2:34:17<4:17:46,  1.23s/it] 37%|      | 7428/20000 [2:34:30<4:17:35,  1.23s/it] 38%|      | 7500/20000 [2:35:58<4:17:06,  1.23s/it] 38%|      | 7509/20000 [2:36:10<4:16:55,  1.23s/it] 38%|      | 7582/20000 [2:37:38<4:14:46,  1.23s/it] 38%|      | 7590/20000 [2:37:50<4:14:36,  1.23s/it] 38%|      | 7664/20000 [2:39:19<4:13:06,  1.23s/it] 38%|      | 7671/20000 [2:39:30<4:12:57,  1.23s/it] 39%|      | 7744/20000 [2:41:00<4:13:07,  1.24s/it] 39%|      | 7760/20000 [2:41:20<4:12:47,  1.24s/it] 39%|      | 7827/20000 [2:42:40<4:09:33,  1.23s/it] 39%|      | 7842/20000 [2:43:00<4:09:15,  1.23s/it] 40%|      | 7910/20000 [2:44:21<4:06:25,  1.22s/it] 40%|      | 7925/20000 [2:44:40<4:06:07,  1.22s/it] 40%|      | 7987/20000 [2:46:01<4:09:48,  1.25s/it] 40%|      | 8000/20000 [2:46:20<4:09:32,  1.25s/it] 40%|      | 8068/20000 [2:47:42<4:08:00,  1.25s/it] 40%|      | 8082/20000 [2:48:00<4:07:43,  1.25s/it] 41%|      | 8150/20000 [2:49:23<4:05:27,  1.24s/it] 41%|      | 8164/20000 [2:49:40<4:05:10,  1.24s/it] 41%|      | 8229/20000 [2:51:04<4:05:45,  1.25s/it] 41%|      | 8241/20000 [2:51:20<4:05:30,  1.25s/it] 42%|     | 8311/20000 [2:52:45<4:03:01,  1.25s/it] 42%|     | 8322/20000 [2:53:00<4:02:47,  1.25s/it] 42%|     | 8390/20000 [2:54:26<4:02:29,  1.25s/it] 42%|     | 8400/20000 [2:54:40<4:02:17,  1.25s/it] 42%|     | 8469/20000 [2:56:06<4:01:45,  1.26s/it] 42%|     | 8481/20000 [2:56:20<4:01:30,  1.26s/it] 43%|     | 8554/20000 [2:57:46<3:55:22,  1.23s/it] 43%|     | 8565/20000 [2:58:00<3:55:09,  1.23s/it] 43%|     | 8635/20000 [2:59:27<3:54:38,  1.24s/it] 43%|     | 8644/20000 [2:59:40<3:54:27,  1.24s/it] 44%|     | 8714/20000 [3:01:09<3:55:29,  1.25s/it] 44%|     | 8722/20000 [3:01:20<3:55:19,  1.25s/it] 44%|     | 8795/20000 [3:02:49<3:52:51,  1.25s/it] 44%|     | 8803/20000 [3:03:00<3:52:41,  1.25s/it] 44%|     | 8876/20000 [3:04:30<3:50:53,  1.25s/it] 44%|     | 8883/20000 [3:04:40<3:50:44,  1.25s/it] 45%|     | 8955/20000 [3:06:10<3:50:39,  1.25s/it] 45%|     | 8969/20000 [3:06:30<3:50:21,  1.25s/it] 45%|     | 9037/20000 [3:07:51<3:47:33,  1.25s/it] 45%|     | 9052/20000 [3:08:10<3:47:15,  1.25s/it] 46%|     | 9118/20000 [3:09:32<3:46:12,  1.25s/it] 46%|     | 9131/20000 [3:09:50<3:45:55,  1.25s/it] 46%|     | 9195/20000 [3:11:12<3:47:35,  1.26s/it] 46%|     | 9208/20000 [3:11:30<3:47:19,  1.26s/it] 46%|     | 9280/20000 [3:12:53<3:41:31,  1.24s/it] 46%|     | 9293/20000 [3:13:10<3:41:15,  1.24s/it] 47%|     | 9361/20000 [3:14:34<3:40:03,  1.24s/it] 47%|     | 9372/20000 [3:14:50<3:39:50,  1.24s/it] 47%|     | 9442/20000 [3:16:15<3:38:38,  1.24s/it] 47%|     | 9454/20000 [3:16:30<3:38:23,  1.24s/it] 48%|     | 9525/20000 [3:17:55<3:35:02,  1.23s/it] 48%|     | 9537/20000 [3:18:10<3:34:48,  1.23s/it] 48%|     | 9610/20000 [3:19:36<3:30:42,  1.22s/it] 48%|     | 9620/20000 [3:19:50<3:30:30,  1.22s/it] 48%|     | 9691/20000 [3:21:17<3:30:33,  1.23s/it] 49%|     | 9701/20000 [3:21:30<3:30:20,  1.23s/it] 49%|     | 9770/20000 [3:22:58<3:31:30,  1.24s/it] 49%|     | 9780/20000 [3:23:10<3:31:18,  1.24s/it] 49%|     | 9853/20000 [3:24:39<3:28:28,  1.23s/it] 49%|     | 9861/20000 [3:24:50<3:28:18,  1.23s/it] 50%|     | 9936/20000 [3:26:19<3:25:41,  1.23s/it] 50%|     | 9944/20000 [3:26:30<3:25:32,  1.23s/it] 50%|     | 10018/20000 [3:27:59<3:23:48,  1.23s/it] 50%|     | 10027/20000 [3:28:10<3:23:37,  1.23s/it] 51%|     | 10101/20000 [3:29:40<3:21:19,  1.22s/it] 51%|     | 10109/20000 [3:29:50<3:21:09,  1.22s/it] 51%|     | 10185/20000 [3:31:20<3:18:19,  1.21s/it] 51%|     | 10201/20000 [3:31:40<3:18:00,  1.21s/it] 51%|    | 10267/20000 [3:33:00<3:17:16,  1.22s/it] 51%|    | 10282/20000 [3:33:20<3:16:58,  1.22s/it] 52%|    | 10344/20000 [3:34:41<3:19:56,  1.24s/it] 52%|    | 10358/20000 [3:35:00<3:19:38,  1.24s/it] 52%|    | 10421/20000 [3:36:22<3:21:14,  1.26s/it] 52%|    | 10435/20000 [3:36:40<3:20:56,  1.26s/it] 53%|    | 10501/20000 [3:38:03<3:19:36,  1.26s/it] 53%|    | 10514/20000 [3:38:20<3:19:20,  1.26s/it] 53%|    | 10579/20000 [3:39:44<3:19:37,  1.27s/it] 53%|    | 10592/20000 [3:40:00<3:19:21,  1.27s/it] 53%|    | 10660/20000 [3:41:25<3:16:58,  1.27s/it] 53%|    | 10670/20000 [3:41:40<3:16:46,  1.27s/it] 54%|    | 10738/20000 [3:43:06<3:16:40,  1.27s/it] 54%|    | 10749/20000 [3:43:20<3:16:26,  1.27s/it] 54%|    | 10821/20000 [3:44:47<3:12:09,  1.26s/it] 54%|    | 10831/20000 [3:45:00<3:11:57,  1.26s/it] 55%|    | 10901/20000 [3:46:28<3:10:54,  1.26s/it] 55%|    | 10909/20000 [3:46:40<3:10:44,  1.26s/it] 55%|    | 10983/20000 [3:48:09<3:07:37,  1.25s/it] 55%|    | 10991/20000 [3:48:20<3:07:27,  1.25s/it] 55%|    | 11061/20000 [3:49:50<3:08:07,  1.26s/it] 55%|    | 11077/20000 [3:50:10<3:07:47,  1.26s/it] 56%|    | 11141/20000 [3:51:31<3:06:19,  1.26s/it] 56%|    | 11154/20000 [3:51:50<3:06:02,  1.26s/it] 56%|    | 11220/20000 [3:53:11<3:05:06,  1.26s/it] 56%|    | 11235/20000 [3:53:30<3:04:47,  1.26s/it] 56%|    | 11298/20000 [3:54:52<3:04:24,  1.27s/it] 57%|    | 11311/20000 [3:55:10<3:04:08,  1.27s/it] 57%|    | 11374/20000 [3:56:33<3:05:16,  1.29s/it] 57%|    | 11387/20000 [3:56:50<3:05:00,  1.29s/it] 57%|    | 11453/20000 [3:58:14<3:03:15,  1.29s/it] 57%|    | 11465/20000 [3:58:30<3:02:59,  1.29s/it] 58%|    | 11535/20000 [3:59:55<2:59:02,  1.27s/it] 58%|    | 11546/20000 [4:00:10<2:58:48,  1.27s/it] 58%|    | 11613/20000 [4:01:36<2:58:25,  1.28s/it] 58%|    | 11624/20000 [4:01:50<2:58:11,  1.28s/it] 58%|    | 11693/20000 [4:03:17<2:56:02,  1.27s/it] 59%|    | 11703/20000 [4:03:30<2:55:50,  1.27s/it] 59%|    | 11774/20000 [4:04:57<2:52:52,  1.26s/it] 59%|    | 11783/20000 [4:05:10<2:52:41,  1.26s/it] 59%|    | 11851/20000 [4:06:38<2:53:13,  1.28s/it] 59%|    | 11859/20000 [4:06:50<2:53:03,  1.28s/it] 60%|    | 11928/20000 [4:08:18<2:52:48,  1.28s/it] 60%|    | 11937/20000 [4:08:30<2:52:36,  1.28s/it] 60%|    | 12008/20000 [4:10:00<2:50:23,  1.28s/it] 60%|    | 12016/20000 [4:10:10<2:50:13,  1.28s/it] 60%|    | 12088/20000 [4:11:40<2:47:48,  1.27s/it] 61%|    | 12104/20000 [4:12:00<2:47:28,  1.27s/it] 61%|    | 12173/20000 [4:13:21<2:42:15,  1.24s/it] 61%|    | 12188/20000 [4:13:40<2:41:57,  1.24s/it] 61%|   | 12255/20000 [4:15:01<2:39:59,  1.24s/it] 61%|   | 12269/20000 [4:15:20<2:39:42,  1.24s/it] 62%|   | 12335/20000 [4:16:41<2:38:46,  1.24s/it] 62%|   | 12349/20000 [4:17:00<2:38:29,  1.24s/it] 62%|   | 12416/20000 [4:18:22<2:37:11,  1.24s/it] 62%|   | 12429/20000 [4:18:40<2:36:55,  1.24s/it] 62%|   | 12496/20000 [4:20:04<2:36:20,  1.25s/it] 63%|   | 12509/20000 [4:20:20<2:36:04,  1.25s/it] 63%|   | 12574/20000 [4:21:44<2:35:57,  1.26s/it] 63%|   | 12586/20000 [4:22:00<2:35:42,  1.26s/it] 63%|   | 12654/20000 [4:23:25<2:34:22,  1.26s/it] 63%|   | 12666/20000 [4:23:40<2:34:07,  1.26s/it] 64%|   | 12735/20000 [4:25:06<2:32:12,  1.26s/it] 64%|   | 12746/20000 [4:25:20<2:31:59,  1.26s/it] 64%|   | 12813/20000 [4:26:46<2:31:31,  1.27s/it] 64%|   | 12824/20000 [4:27:00<2:31:17,  1.27s/it] 64%|   | 12891/20000 [4:28:27<2:30:51,  1.27s/it] 65%|   | 12901/20000 [4:28:40<2:30:39,  1.27s/it] 65%|   | 12970/20000 [4:30:08<2:29:19,  1.27s/it] 65%|   | 12979/20000 [4:30:20<2:29:07,  1.27s/it] 65%|   | 13046/20000 [4:31:48<2:29:06,  1.29s/it] 65%|   | 13056/20000 [4:32:00<2:28:53,  1.29s/it] 66%|   | 13125/20000 [4:33:28<2:26:42,  1.28s/it] 66%|   | 13134/20000 [4:33:40<2:26:31,  1.28s/it] 66%|   | 13203/20000 [4:35:09<2:25:38,  1.29s/it] 66%|   | 13212/20000 [4:35:20<2:25:26,  1.29s/it] 66%|   | 13283/20000 [4:36:50<2:23:06,  1.28s/it] 66%|   | 13298/20000 [4:37:10<2:22:47,  1.28s/it] 67%|   | 13365/20000 [4:38:31<2:19:40,  1.26s/it] 67%|   | 13380/20000 [4:38:50<2:19:21,  1.26s/it] 67%|   | 13448/20000 [4:40:12<2:16:17,  1.25s/it] 67%|   | 13463/20000 [4:40:30<2:15:59,  1.25s/it] 68%|   | 13533/20000 [4:41:52<2:12:21,  1.23s/it] 68%|   | 13547/20000 [4:42:10<2:12:04,  1.23s/it] 68%|   | 13613/20000 [4:43:32<2:11:29,  1.24s/it] 68%|   | 13626/20000 [4:43:50<2:11:13,  1.24s/it] 68%|   | 13692/20000 [4:45:13<2:10:59,  1.25s/it] 69%|   | 13705/20000 [4:45:30<2:10:42,  1.25s/it] 69%|   | 13773/20000 [4:46:53<2:09:05,  1.24s/it] 69%|   | 13786/20000 [4:47:10<2:08:49,  1.24s/it] 69%|   | 13852/20000 [4:48:34<2:08:29,  1.25s/it] 69%|   | 13863/20000 [4:48:50<2:08:15,  1.25s/it] 70%|   | 13931/20000 [4:50:15<2:07:32,  1.26s/it] 70%|   | 13942/20000 [4:50:30<2:07:18,  1.26s/it] 70%|   | 14010/20000 [4:51:56<2:06:21,  1.27s/it] 70%|   | 14021/20000 [4:52:10<2:06:07,  1.27s/it] 70%|   | 14092/20000 [4:53:36<2:03:24,  1.25s/it] 71%|   | 14104/20000 [4:53:50<2:03:09,  1.25s/it] 71%|   | 14174/20000 [4:55:17<2:00:47,  1.24s/it] 71%|   | 14184/20000 [4:55:30<2:00:35,  1.24s/it] 71%|  | 14256/20000 [4:56:58<1:58:43,  1.24s/it] 71%|  | 14267/20000 [4:57:10<1:58:29,  1.24s/it] 72%|  | 14339/20000 [4:58:39<1:56:20,  1.23s/it] 72%|  | 14348/20000 [4:58:50<1:56:08,  1.23s/it] 72%|  | 14420/20000 [5:00:19<1:54:57,  1.24s/it] 72%|  | 14429/20000 [5:00:30<1:54:46,  1.24s/it] 73%|  | 14501/20000 [5:01:59<1:53:15,  1.24s/it] 73%|  | 14509/20000 [5:02:10<1:53:05,  1.24s/it] 73%|  | 14584/20000 [5:03:40<1:50:57,  1.23s/it] 73%|  | 14600/20000 [5:04:00<1:50:37,  1.23s/it] 73%|  | 14665/20000 [5:05:21<1:49:50,  1.24s/it] 73%|  | 14678/20000 [5:05:40<1:49:34,  1.24s/it] 74%|  | 14744/20000 [5:07:02<1:49:19,  1.25s/it] 74%|  | 14757/20000 [5:07:20<1:49:02,  1.25s/it] 74%|  | 14822/20000 [5:08:43<1:48:45,  1.26s/it] 74%|  | 14834/20000 [5:09:00<1:48:30,  1.26s/it] 74%|  | 14899/20000 [5:10:23<1:48:14,  1.27s/it] 75%|  | 14910/20000 [5:10:40<1:48:00,  1.27s/it] 75%|  | 14975/20000 [5:12:04<1:47:45,  1.29s/it] 75%|  | 14987/20000 [5:12:20<1:47:30,  1.29s/it] 75%|  | 15053/20000 [5:13:44<1:46:00,  1.29s/it] 75%|  | 15065/20000 [5:14:00<1:45:45,  1.29s/it] 76%|  | 15134/20000 [5:15:24<1:43:04,  1.27s/it] 76%|  | 15145/20000 [5:15:40<1:42:50,  1.27s/it] 76%|  | 15210/20000 [5:17:05<1:42:39,  1.29s/it] 76%|  | 15223/20000 [5:17:20<1:42:22,  1.29s/it] 76%|  | 15291/20000 [5:18:45<1:39:52,  1.27s/it] 77%|  | 15302/20000 [5:19:00<1:39:38,  1.27s/it] 77%|  | 15373/20000 [5:20:26<1:37:03,  1.26s/it] 77%|  | 15385/20000 [5:20:40<1:36:48,  1.26s/it] 77%|  | 15460/20000 [5:22:06<1:32:44,  1.23s/it] 77%|  | 15470/20000 [5:22:20<1:32:32,  1.23s/it] 78%|  | 15542/20000 [5:23:48<1:31:16,  1.23s/it] 78%|  | 15552/20000 [5:24:00<1:31:04,  1.23s/it] 78%|  | 15623/20000 [5:25:28<1:29:52,  1.23s/it] 78%|  | 15631/20000 [5:25:40<1:29:43,  1.23s/it] 79%|  | 15706/20000 [5:27:08<1:27:39,  1.22s/it] 79%|  | 15716/20000 [5:27:20<1:27:26,  1.22s/it] 79%|  | 15790/20000 [5:28:49<1:25:15,  1.22s/it] 79%|  | 15798/20000 [5:29:00<1:25:05,  1.22s/it] 79%|  | 15867/20000 [5:30:29<1:25:34,  1.24s/it] 79%|  | 15875/20000 [5:30:40<1:25:24,  1.24s/it] 80%|  | 15948/20000 [5:32:11<1:24:04,  1.24s/it] 80%|  | 15963/20000 [5:32:30<1:23:45,  1.24s/it] 80%|  | 16030/20000 [5:33:52<1:22:05,  1.24s/it] 80%|  | 16044/20000 [5:34:10<1:21:47,  1.24s/it] 81%|  | 16109/20000 [5:35:33<1:21:11,  1.25s/it] 81%|  | 16123/20000 [5:35:50<1:20:54,  1.25s/it] 81%|  | 16191/20000 [5:37:13<1:18:58,  1.24s/it] 81%|  | 16203/20000 [5:37:30<1:18:43,  1.24s/it] 81%| | 16274/20000 [5:38:54<1:16:43,  1.24s/it] 81%| | 16285/20000 [5:39:10<1:16:30,  1.24s/it] 82%| | 16352/20000 [5:40:35<1:16:06,  1.25s/it] 82%| | 16363/20000 [5:40:50<1:15:52,  1.25s/it] 82%| | 16432/20000 [5:42:16<1:14:33,  1.25s/it] 82%| | 16442/20000 [5:42:30<1:14:20,  1.25s/it] 83%| | 16510/20000 [5:43:57<1:13:40,  1.27s/it] 83%| | 16519/20000 [5:44:10<1:13:28,  1.27s/it] 83%| | 16590/20000 [5:45:38<1:11:53,  1.26s/it] 83%| | 16600/20000 [5:45:50<1:11:40,  1.26s/it] 83%| | 16673/20000 [5:47:18<1:09:06,  1.25s/it] 83%| | 16682/20000 [5:47:30<1:08:55,  1.25s/it] 84%| | 16753/20000 [5:48:59<1:07:40,  1.25s/it] 84%| | 16762/20000 [5:49:10<1:07:29,  1.25s/it] 84%| | 16834/20000 [5:50:40<1:05:56,  1.25s/it] 84%| | 16841/20000 [5:50:50<1:05:47,  1.25s/it] 85%| | 16914/20000 [5:52:20<1:04:17,  1.25s/it] 85%| | 16922/20000 [5:52:30<1:04:07,  1.25s/it] 85%| | 16993/20000 [5:54:00<1:02:55,  1.26s/it] 85%| | 17001/20000 [5:54:10<1:02:45,  1.26s/it] 85%| | 17074/20000 [5:55:41<1:01:01,  1.25s/it] 85%| | 17090/20000 [5:56:00<1:00:41,  1.25s/it] 86%| | 17156/20000 [5:57:21<58:57,  1.24s/it]   86%| | 17170/20000 [5:57:40<58:39,  1.24s/it] 86%| | 17235/20000 [5:59:02<57:44,  1.25s/it] 86%| | 17248/20000 [5:59:20<57:28,  1.25s/it] 87%| | 17316/20000 [6:00:42<55:54,  1.25s/it] 87%| | 17329/20000 [6:01:00<55:37,  1.25s/it] 87%| | 17399/20000 [6:02:23<53:38,  1.24s/it] 87%| | 17413/20000 [6:02:40<53:21,  1.24s/it] 87%| | 17484/20000 [6:04:03<51:07,  1.22s/it] 87%| | 17498/20000 [6:04:20<50:49,  1.22s/it] 88%| | 17568/20000 [6:05:44<49:09,  1.21s/it] 88%| | 17582/20000 [6:06:00<48:52,  1.21s/it] 88%| | 17653/20000 [6:07:24<47:05,  1.20s/it] 88%| | 17667/20000 [6:07:40<46:48,  1.20s/it] 89%| | 17743/20000 [6:09:05<44:16,  1.18s/it] 89%| | 17756/20000 [6:09:20<44:01,  1.18s/it] 89%| | 17831/20000 [6:10:45<42:08,  1.17s/it] 89%| | 17842/20000 [6:11:00<41:55,  1.17s/it] 90%| | 17919/20000 [6:12:25<40:08,  1.16s/it] 90%| | 17931/20000 [6:12:40<39:54,  1.16s/it] 90%| | 18008/20000 [6:14:06<38:09,  1.15s/it] 90%| | 18020/20000 [6:14:20<37:55,  1.15s/it] 90%| | 18097/20000 [6:15:46<36:14,  1.14s/it] 91%| | 18108/20000 [6:16:00<36:01,  1.14s/it] 91%| | 18186/20000 [6:17:27<34:25,  1.14s/it] 91%| | 18198/20000 [6:17:40<34:12,  1.14s/it] 91%|| 18276/20000 [6:19:08<32:33,  1.13s/it] 91%|| 18286/20000 [6:19:20<32:22,  1.13s/it] 92%|| 18359/20000 [6:20:48<31:36,  1.16s/it] 92%|| 18370/20000 [6:21:00<31:23,  1.16s/it] 92%|| 18441/20000 [6:22:28<30:30,  1.17s/it] 92%|| 18449/20000 [6:22:40<30:21,  1.17s/it] 93%|| 18526/20000 [6:24:08<28:52,  1.18s/it] 93%|| 18536/20000 [6:24:20<28:40,  1.18s/it] 93%|| 18613/20000 [6:25:49<27:02,  1.17s/it] 93%|| 18623/20000 [6:26:00<26:50,  1.17s/it] 93%|| 18692/20000 [6:27:30<26:07,  1.20s/it] 94%|| 18700/20000 [6:27:40<25:57,  1.20s/it] 94%|| 18765/20000 [6:29:10<25:41,  1.25s/it] 94%|| 18777/20000 [6:29:30<25:26,  1.25s/it] 94%|| 18833/20000 [6:30:51<25:30,  1.31s/it] 94%|| 18846/20000 [6:31:10<25:13,  1.31s/it] 95%|| 18915/20000 [6:32:32<23:11,  1.28s/it] 95%|| 18930/20000 [6:32:50<22:52,  1.28s/it] 95%|| 19001/20000 [6:34:12<20:44,  1.25s/it] 95%|| 19016/20000 [6:34:30<20:26,  1.25s/it] 95%|| 19087/20000 [6:35:53<18:35,  1.22s/it] 96%|| 19101/20000 [6:36:10<18:18,  1.22s/it] 96%|| 19176/20000 [6:37:33<16:22,  1.19s/it] 96%|| 19190/20000 [6:37:50<16:05,  1.19s/it] 96%|| 19259/20000 [6:39:13<14:47,  1.20s/it] 96%|| 19274/20000 [6:39:30<14:29,  1.20s/it] 97%|| 19344/20000 [6:40:54<13:02,  1.19s/it] 97%|| 19357/20000 [6:41:10<12:47,  1.19s/it] 97%|| 19429/20000 [6:42:35<11:19,  1.19s/it] 97%|| 19441/20000 [6:42:50<11:05,  1.19s/it] 98%|| 19516/20000 [6:44:15<09:31,  1.18s/it] 98%|| 19529/20000 [6:44:30<09:16,  1.18s/it] 98%|| 19602/20000 [6:45:56<07:48,  1.18s/it] 98%|| 19612/20000 [6:46:10<07:36,  1.18s/it] 98%|| 19682/20000 [6:47:36<06:20,  1.20s/it] 98%|| 19694/20000 [6:47:50<06:06,  1.20s/it] 99%|| 19763/20000 [6:49:17<04:47,  1.21s/it] 99%|| 19773/20000 [6:49:30<04:35,  1.21s/it] 99%|| 19849/20000 [6:50:58<03:01,  1.20s/it] 99%|| 19859/20000 [6:51:10<02:49,  1.20s/it]100%|| 19948/20000 [6:52:38<00:59,  1.14s/it]100%|| 19960/20000 [6:52:50<00:45,  1.14s/it]100%|| 20000/20000 [6:53:29<00:00,  1.24s/it]

Analysis complete. Found 1 cluster(s) meeting the MCMC criterion.
Accepted cluster indices: [1]

--- Processing Final Results for Cluster 1 ---
--- MCMC Parameter Constraints for Cluster 1 ---
  x_src = 207.591 +0.453 / -0.355
  y_src = 194.188 +0.063 / -0.054
    z_s = 1.872 +0.098 / -0.082
Saving localization results for Cluster 1...
Processing results for Cluster 1...
-> Saved 340000 samples to /users/hiu-yeung.cheng/clusterlensing/out/row12/test_tidy_row12/cluster_1_posterior.npz
Updated CSV row 12 with result for cluster 1.
Loading data from /users/hiu-yeung.cheng/clusterlensing/out/row12/test_tidy_row12/cluster_1_posterior.npz...

Generating corner plot...
-> Corner plot saved to /users/hiu-yeung.cheng/clusterlensing/out/row12/test_tidy_row12/cluster_1_corner_from_saved.png

Generating trace plot...
-> Trace plot saved to /users/hiu-yeung.cheng/clusterlensing/out/row12/test_tidy_row12/cluster_1_trace.png
