Row=10 OUT_DIR=/users/hiu-yeung.cheng/clusterlensing/out/row10 DE_PROCS=16 MCMC_PROCS=16
Setup complete. Lensing system initialized.
True time delays: [    0.          4600.81862408  6623.35407264 11027.39263748
 14443.25965028]
True luminosity distances: 28622.10578613149
Lensed luminosity distances: [6.61940675e+03 4.27230436e+03 4.74057935e+03 2.74104292e+04
 3.10920970e+07]

Running the full analysis pipeline...
--- Running DE for Cluster 0 ---
[DE] Process Pool with 16 procs (init=latinhypercube, popsize=50)
differential_evolution step 1: f(x)= 2072.7000365049284
differential_evolution step 2: f(x)= 2072.7000365049284
differential_evolution step 3: f(x)= 2072.7000365049284
differential_evolution step 4: f(x)= 2072.7000365049284
differential_evolution step 5: f(x)= 1475.6584901671833
differential_evolution step 6: f(x)= 1475.6584901671833
differential_evolution step 7: f(x)= 1475.6584901671833
differential_evolution step 8: f(x)= 1475.6584901671833
differential_evolution step 9: f(x)= 1475.6584901671833
differential_evolution step 10: f(x)= 1475.6584901671833
differential_evolution step 11: f(x)= 1475.6584901671833
differential_evolution step 12: f(x)= 1475.6584901671833
differential_evolution step 13: f(x)= 1475.6584901671833
differential_evolution step 14: f(x)= 1475.6584901671833
differential_evolution step 15: f(x)= 1197.324940258773
differential_evolution step 16: f(x)= 1197.324940258773
differential_evolution step 17: f(x)= 1197.324940258773
differential_evolution step 18: f(x)= 1197.324940258773
differential_evolution step 19: f(x)= 1197.324940258773
differential_evolution step 20: f(x)= 1197.324940258773
differential_evolution step 21: f(x)= 1197.324940258773
differential_evolution step 22: f(x)= 1197.324940258773
differential_evolution step 23: f(x)= 1150.0249016866796
differential_evolution step 24: f(x)= 1150.0249016866796
differential_evolution step 25: f(x)= 1150.0249016866796
differential_evolution step 26: f(x)= 1145.1504660062722
differential_evolution step 27: f(x)= 1145.1504660062722
differential_evolution step 28: f(x)= 1145.1504660062722
differential_evolution step 29: f(x)= 1145.1504660062722
differential_evolution step 30: f(x)= 1145.1504660062722
differential_evolution step 31: f(x)= 1145.1504660062722
differential_evolution step 32: f(x)= 1145.1504660062722
differential_evolution step 33: f(x)= 1071.4042154276592
differential_evolution step 34: f(x)= 1071.4042154276592
differential_evolution step 35: f(x)= 1071.4042154276592
differential_evolution step 36: f(x)= 1071.4042154276592
differential_evolution step 37: f(x)= 1010.7988895883115
differential_evolution step 38: f(x)= 1010.7988895883115
differential_evolution step 39: f(x)= 1010.7988895883115
differential_evolution step 40: f(x)= 1010.7988895883115
differential_evolution step 41: f(x)= 1010.7988895883115
differential_evolution step 42: f(x)= 917.0446558677814
differential_evolution step 43: f(x)= 917.0446558677814
differential_evolution step 44: f(x)= 917.0446558677814
differential_evolution step 45: f(x)= 917.0446558677814
differential_evolution step 46: f(x)= 917.0446558677814
differential_evolution step 47: f(x)= 917.0446558677814
differential_evolution step 48: f(x)= 917.0446558677814
differential_evolution step 49: f(x)= 917.0446558677814
differential_evolution step 50: f(x)= 917.0446558677814
differential_evolution step 51: f(x)= 917.0446558677814
differential_evolution step 52: f(x)= 917.0446558677814
differential_evolution step 53: f(x)= 917.0446558677814
differential_evolution step 54: f(x)= 917.0446558677814
differential_evolution step 55: f(x)= 885.7662690721103
differential_evolution step 56: f(x)= 885.7662690721103
differential_evolution step 57: f(x)= 885.7662690721103
differential_evolution step 58: f(x)= 878.3455357686862
differential_evolution step 59: f(x)= 878.3455357686862
differential_evolution step 60: f(x)= 878.3455357686862
differential_evolution step 61: f(x)= 878.3455357686862
differential_evolution step 62: f(x)= 878.3455357686862
differential_evolution step 63: f(x)= 851.5651918670296
differential_evolution step 64: f(x)= 851.5651918670296
differential_evolution step 65: f(x)= 851.5651918670296
differential_evolution step 66: f(x)= 851.5651918670296
differential_evolution step 67: f(x)= 851.5651918670296
differential_evolution step 68: f(x)= 851.5651918670296
differential_evolution step 69: f(x)= 846.9760243882831
differential_evolution step 70: f(x)= 790.5929113971673
differential_evolution step 71: f(x)= 790.5929113971673
differential_evolution step 72: f(x)= 790.5929113971673
differential_evolution step 73: f(x)= 790.5929113971673
differential_evolution step 74: f(x)= 790.5929113971673
differential_evolution step 75: f(x)= 790.5929113971673
differential_evolution step 76: f(x)= 790.5929113971673
differential_evolution step 77: f(x)= 790.5929113971673
differential_evolution step 78: f(x)= 790.5929113971673
differential_evolution step 79: f(x)= 790.5929113971673
differential_evolution step 80: f(x)= 790.5929113971673
differential_evolution step 81: f(x)= 790.5929113971673
differential_evolution step 82: f(x)= 790.5929113971673
differential_evolution step 83: f(x)= 790.5929113971673
differential_evolution step 84: f(x)= 790.5929113971673
differential_evolution step 85: f(x)= 786.3610339690301
differential_evolution step 86: f(x)= 786.3610339690301
differential_evolution step 87: f(x)= 786.3610339690301
differential_evolution step 88: f(x)= 786.3610339690301
differential_evolution step 89: f(x)= 786.3610339690301
differential_evolution step 90: f(x)= 786.3610339690301
differential_evolution step 91: f(x)= 786.3610339690301
differential_evolution step 92: f(x)= 786.3610339690301
differential_evolution step 93: f(x)= 786.3610339690301
differential_evolution step 94: f(x)= 786.3610339690301
differential_evolution step 95: f(x)= 786.3610339690301
differential_evolution step 96: f(x)= 786.3610339690301
differential_evolution step 97: f(x)= 786.3610339690301
differential_evolution step 98: f(x)= 786.3610339690301
differential_evolution step 99: f(x)= 786.3610339690301
differential_evolution step 100: f(x)= 786.3078638996553
differential_evolution step 101: f(x)= 786.3078638996553
differential_evolution step 102: f(x)= 786.3078638996553
differential_evolution step 103: f(x)= 786.3078638996553
differential_evolution step 104: f(x)= 786.3078638996553
differential_evolution step 105: f(x)= 786.0938798665775
differential_evolution step 106: f(x)= 786.0938798665775
differential_evolution step 107: f(x)= 786.0938798665775
differential_evolution step 108: f(x)= 786.0938798665775
differential_evolution step 109: f(x)= 785.9561251039669
differential_evolution step 110: f(x)= 785.9561251039669
differential_evolution step 111: f(x)= 785.9561251039669
differential_evolution step 112: f(x)= 785.9561251039669
differential_evolution step 113: f(x)= 785.9561251039669
differential_evolution step 114: f(x)= 785.900116910087
differential_evolution step 115: f(x)= 785.900116910087
differential_evolution step 116: f(x)= 785.900116910087
differential_evolution step 117: f(x)= 785.900116910087
differential_evolution step 118: f(x)= 785.900116910087
differential_evolution step 119: f(x)= 785.900116910087
differential_evolution step 120: f(x)= 785.900116910087
differential_evolution step 121: f(x)= 785.900116910087
differential_evolution step 122: f(x)= 785.900116910087
differential_evolution step 123: f(x)= 785.8123355417039
differential_evolution step 124: f(x)= 785.8123355417039
differential_evolution step 125: f(x)= 785.8123355417039
differential_evolution step 126: f(x)= 785.8123355417039
differential_evolution step 127: f(x)= 785.8123355417039
differential_evolution step 128: f(x)= 785.8123355417039
differential_evolution step 129: f(x)= 785.8123355417039
differential_evolution step 130: f(x)= 785.8123355417039
differential_evolution step 131: f(x)= 785.8123355417039
differential_evolution step 132: f(x)= 785.8123355417039
differential_evolution step 133: f(x)= 785.8123355417039
differential_evolution step 134: f(x)= 785.8009789766849
differential_evolution step 135: f(x)= 785.8009789766849
differential_evolution step 136: f(x)= 785.8009789766849
differential_evolution step 137: f(x)= 785.8009789766849
differential_evolution step 138: f(x)= 785.8009789766849
differential_evolution step 139: f(x)= 785.8009789766849
differential_evolution step 140: f(x)= 785.8009789766849
differential_evolution step 141: f(x)= 785.8009789766849
differential_evolution step 142: f(x)= 785.8009789766849
differential_evolution step 143: f(x)= 785.8009789766849
differential_evolution step 144: f(x)= 785.7835067744201
differential_evolution step 145: f(x)= 785.7835067744201
differential_evolution step 146: f(x)= 785.7835067744201
differential_evolution step 147: f(x)= 785.7835067744201
differential_evolution step 148: f(x)= 785.7835067744201
differential_evolution step 149: f(x)= 785.7835067744201
differential_evolution step 150: f(x)= 785.7835067744201
differential_evolution step 151: f(x)= 785.7835067744201
differential_evolution step 152: f(x)= 785.7835067744201
differential_evolution step 153: f(x)= 785.7835067744201
differential_evolution step 154: f(x)= 785.7835067744201
differential_evolution step 155: f(x)= 785.7835067744201
differential_evolution step 156: f(x)= 785.7835067744201
differential_evolution step 157: f(x)= 785.7835067744201
differential_evolution step 158: f(x)= 785.7759351888513
differential_evolution step 159: f(x)= 785.7759351888513
differential_evolution step 160: f(x)= 785.7759351888513
differential_evolution step 161: f(x)= 785.7759351888513
differential_evolution step 162: f(x)= 785.7759351888513
differential_evolution step 163: f(x)= 785.7759351888513
differential_evolution step 164: f(x)= 785.7759351888513
differential_evolution step 165: f(x)= 785.7759351888513
differential_evolution step 166: f(x)= 785.7759351888513
differential_evolution step 167: f(x)= 785.7759351888513
differential_evolution step 168: f(x)= 785.7759351888513
differential_evolution step 169: f(x)= 785.7759351888513
differential_evolution step 170: f(x)= 785.7759351888513
differential_evolution step 171: f(x)= 785.7759351888513
differential_evolution step 172: f(x)= 785.7759351888513
differential_evolution step 173: f(x)= 785.7759351888513
differential_evolution step 174: f(x)= 785.7759351888513
differential_evolution step 175: f(x)= 785.7759351888513
differential_evolution step 176: f(x)= 785.7759351888513
differential_evolution step 177: f(x)= 785.7759351888513
differential_evolution step 178: f(x)= 785.7759351888513
differential_evolution step 179: f(x)= 785.7759351888513
differential_evolution step 180: f(x)= 785.7759351888513
differential_evolution step 181: f(x)= 785.7759351888513
differential_evolution step 182: f(x)= 785.7759351888513
differential_evolution step 183: f(x)= 785.7759351888513
differential_evolution step 184: f(x)= 785.7759351888513
differential_evolution step 185: f(x)= 785.7759351888513
differential_evolution step 186: f(x)= 785.7759351888513
differential_evolution step 187: f(x)= 785.7759351888513
differential_evolution step 188: f(x)= 785.7759351888513
differential_evolution step 189: f(x)= 785.7759351888513
differential_evolution step 190: f(x)= 785.7759351888513
differential_evolution step 191: f(x)= 785.7759351888513
differential_evolution step 192: f(x)= 785.7751255651209
differential_evolution step 193: f(x)= 785.7751255651209
differential_evolution step 194: f(x)= 785.7751255651209
differential_evolution step 195: f(x)= 785.7751255651209
differential_evolution step 196: f(x)= 785.7751255651209
differential_evolution step 197: f(x)= 785.7751255651209
differential_evolution step 198: f(x)= 785.7751255651209
differential_evolution step 199: f(x)= 785.7751255651209
differential_evolution step 200: f(x)= 785.7751255651209
Cluster 0 DE best chi^2: 785.775 with params {'x_src': np.float64(76.2625108434697), 'y_src': np.float64(80.25040710808155), 'z_s': np.float64(1.9793980449184576)}
--- Running DE for Cluster 1 ---
[DE] Process Pool with 16 procs (init=latinhypercube, popsize=50)
differential_evolution step 1: f(x)= 3000.0
differential_evolution step 2: f(x)= 3000.0
differential_evolution step 3: f(x)= 3000.0
differential_evolution step 4: f(x)= 3000.0
differential_evolution step 5: f(x)= 3000.0
differential_evolution step 6: f(x)= 509.2908504581135
differential_evolution step 7: f(x)= 509.2908504581135
differential_evolution step 8: f(x)= 509.2908504581135
differential_evolution step 9: f(x)= 509.2908504581135
differential_evolution step 10: f(x)= 119.76501986059262
differential_evolution step 11: f(x)= 119.76501986059262
differential_evolution step 12: f(x)= 119.76501986059262
differential_evolution step 13: f(x)= 119.76501986059262
differential_evolution step 14: f(x)= 119.76501986059262
differential_evolution step 15: f(x)= 119.76501986059262
differential_evolution step 16: f(x)= 105.71924611809251
differential_evolution step 17: f(x)= 105.71924611809251
differential_evolution step 18: f(x)= 105.71924611809251
differential_evolution step 19: f(x)= 71.56259448165984
differential_evolution step 20: f(x)= 1.2984796538393901
differential_evolution step 21: f(x)= 1.2984796538393901
differential_evolution step 22: f(x)= 1.2984796538393901
differential_evolution step 23: f(x)= 1.2984796538393901
differential_evolution step 24: f(x)= 1.2984796538393901
differential_evolution step 25: f(x)= 1.2984796538393901
differential_evolution step 26: f(x)= 1.2984796538393901
differential_evolution step 27: f(x)= 1.2984796538393901
differential_evolution step 28: f(x)= 1.2984796538393901
differential_evolution step 29: f(x)= 1.2984796538393901
differential_evolution step 30: f(x)= 1.2984796538393901
differential_evolution step 31: f(x)= 1.2984796538393901
differential_evolution step 32: f(x)= 1.2984796538393901
differential_evolution step 33: f(x)= 1.2984796538393901
differential_evolution step 34: f(x)= 1.2984796538393901
differential_evolution step 35: f(x)= 1.2984796538393901
differential_evolution step 36: f(x)= 1.2984796538393901
differential_evolution step 37: f(x)= 1.2984796538393901
differential_evolution step 38: f(x)= 0.4764854334449828
differential_evolution step 39: f(x)= 0.4764854334449828
differential_evolution step 40: f(x)= 0.4764854334449828
differential_evolution step 41: f(x)= 0.4764854334449828
differential_evolution step 42: f(x)= 0.4764854334449828
differential_evolution step 43: f(x)= 0.4764854334449828
differential_evolution step 44: f(x)= 0.4764854334449828
differential_evolution step 45: f(x)= 0.4764854334449828
differential_evolution step 46: f(x)= 0.3102091738249063
differential_evolution step 47: f(x)= 0.30412027752341836
differential_evolution step 48: f(x)= 0.30412027752341836
differential_evolution step 49: f(x)= 0.30412027752341836
differential_evolution step 50: f(x)= 0.30412027752341836
differential_evolution step 51: f(x)= 0.21180557502484945
differential_evolution step 52: f(x)= 0.21180557502484945
differential_evolution step 53: f(x)= 0.21180557502484945
differential_evolution step 54: f(x)= 0.041799645396998736
differential_evolution step 55: f(x)= 0.041799645396998736
differential_evolution step 56: f(x)= 0.041799645396998736
differential_evolution step 57: f(x)= 0.041799645396998736
differential_evolution step 58: f(x)= 0.041799645396998736
differential_evolution step 59: f(x)= 0.041799645396998736
differential_evolution step 60: f(x)= 0.026603471693800604
Cluster 1 DE best chi^2: 0.027 with params {'x_src': np.float64(205.86323910342261), 'y_src': np.float64(192.699716128865), 'z_s': np.float64(3.304592327470617)}
--- Running DE for Cluster 2 ---
[DE] Process Pool with 16 procs (init=latinhypercube, popsize=50)
differential_evolution step 1: f(x)= 4242.640687119286
differential_evolution step 2: f(x)= 4242.640687119286
differential_evolution step 3: f(x)= 4242.640687119286
differential_evolution step 4: f(x)= 4242.640687119286
differential_evolution step 5: f(x)= 3106.6957061334506
differential_evolution step 6: f(x)= 1884.4800534433466
differential_evolution step 7: f(x)= 1068.4897317588902
differential_evolution step 8: f(x)= 1068.4897317588902
differential_evolution step 9: f(x)= 1068.4897317588902
differential_evolution step 10: f(x)= 1068.4897317588902
differential_evolution step 11: f(x)= 1068.4897317588902
differential_evolution step 12: f(x)= 1068.4897317588902
differential_evolution step 13: f(x)= 772.7284305400225
differential_evolution step 14: f(x)= 772.7284305400225
differential_evolution step 15: f(x)= 772.7284305400225
differential_evolution step 16: f(x)= 772.7284305400225
differential_evolution step 17: f(x)= 772.7284305400225
differential_evolution step 18: f(x)= 772.7284305400225
differential_evolution step 19: f(x)= 772.7284305400225
differential_evolution step 20: f(x)= 772.7284305400225
differential_evolution step 21: f(x)= 772.7284305400225
differential_evolution step 22: f(x)= 634.8924764975627
differential_evolution step 23: f(x)= 590.6391969684705
differential_evolution step 24: f(x)= 590.6391969684705
differential_evolution step 25: f(x)= 590.6391969684705
differential_evolution step 26: f(x)= 590.6391969684705
differential_evolution step 27: f(x)= 590.6391969684705
differential_evolution step 28: f(x)= 585.6638032504327
differential_evolution step 29: f(x)= 585.6638032504327
differential_evolution step 30: f(x)= 585.6638032504327
differential_evolution step 31: f(x)= 585.6638032504327
differential_evolution step 32: f(x)= 585.6638032504327
differential_evolution step 33: f(x)= 564.4154954334942
differential_evolution step 34: f(x)= 564.4154954334942
differential_evolution step 35: f(x)= 564.4154954334942
differential_evolution step 36: f(x)= 564.4154954334942
differential_evolution step 37: f(x)= 564.4154954334942
differential_evolution step 38: f(x)= 553.0249305302868
differential_evolution step 39: f(x)= 553.0249305302868
differential_evolution step 40: f(x)= 553.0249305302868
differential_evolution step 41: f(x)= 535.4147089087767
differential_evolution step 42: f(x)= 535.4147089087767
differential_evolution step 43: f(x)= 535.4147089087767
differential_evolution step 44: f(x)= 535.4147089087767
differential_evolution step 45: f(x)= 535.4147089087767
differential_evolution step 46: f(x)= 535.4147089087767
differential_evolution step 47: f(x)= 535.4147089087767
differential_evolution step 48: f(x)= 535.4147089087767
differential_evolution step 49: f(x)= 535.4147089087767
differential_evolution step 50: f(x)= 535.4147089087767
differential_evolution step 51: f(x)= 535.4147089087767
differential_evolution step 52: f(x)= 535.4147089087767
differential_evolution step 53: f(x)= 535.4147089087767
differential_evolution step 54: f(x)= 535.4147089087767
differential_evolution step 55: f(x)= 535.4147089087767
differential_evolution step 56: f(x)= 535.4147089087767
differential_evolution step 57: f(x)= 535.4147089087767
differential_evolution step 58: f(x)= 535.4147089087767
differential_evolution step 59: f(x)= 535.4147089087767
differential_evolution step 60: f(x)= 535.4147089087767
differential_evolution step 61: f(x)= 535.4147089087767
differential_evolution step 62: f(x)= 535.4147089087767
differential_evolution step 63: f(x)= 535.4147089087767
differential_evolution step 64: f(x)= 535.4147089087767
differential_evolution step 65: f(x)= 535.4147089087767
differential_evolution step 66: f(x)= 535.4147089087767
differential_evolution step 67: f(x)= 534.3082143016566
differential_evolution step 68: f(x)= 534.3082143016566
differential_evolution step 69: f(x)= 530.9686779540745
differential_evolution step 70: f(x)= 517.4572281685281
differential_evolution step 71: f(x)= 517.4572281685281
differential_evolution step 72: f(x)= 517.4572281685281
differential_evolution step 73: f(x)= 517.4572281685281
differential_evolution step 74: f(x)= 517.4572281685281
differential_evolution step 75: f(x)= 517.4572281685281
differential_evolution step 76: f(x)= 516.8487888231074
differential_evolution step 77: f(x)= 507.1451148923504
differential_evolution step 78: f(x)= 507.1451148923504
differential_evolution step 79: f(x)= 507.1451148923504
differential_evolution step 80: f(x)= 503.65750298094724
differential_evolution step 81: f(x)= 503.65750298094724
differential_evolution step 82: f(x)= 503.65750298094724
differential_evolution step 83: f(x)= 503.65750298094724
differential_evolution step 84: f(x)= 503.65750298094724
differential_evolution step 85: f(x)= 503.65750298094724
differential_evolution step 86: f(x)= 503.65750298094724
differential_evolution step 87: f(x)= 503.65750298094724
differential_evolution step 88: f(x)= 503.65750298094724
differential_evolution step 89: f(x)= 503.65750298094724
differential_evolution step 90: f(x)= 503.65750298094724
differential_evolution step 91: f(x)= 503.65750298094724
differential_evolution step 92: f(x)= 503.65750298094724
differential_evolution step 93: f(x)= 503.65750298094724
differential_evolution step 94: f(x)= 503.65750298094724
differential_evolution step 95: f(x)= 503.65750298094724
differential_evolution step 96: f(x)= 503.65750298094724
differential_evolution step 97: f(x)= 503.65750298094724
differential_evolution step 98: f(x)= 503.65750298094724
differential_evolution step 99: f(x)= 503.65750298094724
differential_evolution step 100: f(x)= 503.65750298094724
differential_evolution step 101: f(x)= 503.65750298094724
differential_evolution step 102: f(x)= 503.65750298094724
differential_evolution step 103: f(x)= 503.65750298094724
differential_evolution step 104: f(x)= 503.65750298094724
differential_evolution step 105: f(x)= 503.65750298094724
differential_evolution step 106: f(x)= 503.65750298094724
differential_evolution step 107: f(x)= 503.65750298094724
differential_evolution step 108: f(x)= 503.65750298094724
differential_evolution step 109: f(x)= 502.62361558668067
differential_evolution step 110: f(x)= 502.62361558668067
differential_evolution step 111: f(x)= 502.62361558668067
differential_evolution step 112: f(x)= 502.62361558668067
differential_evolution step 113: f(x)= 502.62361558668067
differential_evolution step 114: f(x)= 502.62361558668067
differential_evolution step 115: f(x)= 502.62361558668067
differential_evolution step 116: f(x)= 502.62361558668067
differential_evolution step 117: f(x)= 502.62361558668067
differential_evolution step 118: f(x)= 502.62361558668067
differential_evolution step 119: f(x)= 502.62361558668067
differential_evolution step 120: f(x)= 502.62361558668067
differential_evolution step 121: f(x)= 502.62361558668067
differential_evolution step 122: f(x)= 502.62361558668067
differential_evolution step 123: f(x)= 500.9441633933968
differential_evolution step 124: f(x)= 500.9441633933968
differential_evolution step 125: f(x)= 500.9441633933968
differential_evolution step 126: f(x)= 500.9441633933968
differential_evolution step 127: f(x)= 500.9441633933968
differential_evolution step 128: f(x)= 500.9441633933968
differential_evolution step 129: f(x)= 500.9441633933968
differential_evolution step 130: f(x)= 500.9441633933968
differential_evolution step 131: f(x)= 500.9441633933968
differential_evolution step 132: f(x)= 500.9441633933968
differential_evolution step 133: f(x)= 500.9441633933968
differential_evolution step 134: f(x)= 500.9441633933968
differential_evolution step 135: f(x)= 500.9441633933968
differential_evolution step 136: f(x)= 500.9441633933968
differential_evolution step 137: f(x)= 500.9441633933968
differential_evolution step 138: f(x)= 499.9533320509068
differential_evolution step 139: f(x)= 499.9533320509068
differential_evolution step 140: f(x)= 499.9533320509068
differential_evolution step 141: f(x)= 499.9533320509068
differential_evolution step 142: f(x)= 499.9533320509068
differential_evolution step 143: f(x)= 499.9533320509068
differential_evolution step 144: f(x)= 499.9533320509068
differential_evolution step 145: f(x)= 499.80475884891234
differential_evolution step 146: f(x)= 499.80475884891234
differential_evolution step 147: f(x)= 499.80475884891234
differential_evolution step 148: f(x)= 499.80475884891234
differential_evolution step 149: f(x)= 499.54243789327177
differential_evolution step 150: f(x)= 499.54243789327177
differential_evolution step 151: f(x)= 499.54243789327177
differential_evolution step 152: f(x)= 499.54243789327177
differential_evolution step 153: f(x)= 499.54243789327177
differential_evolution step 154: f(x)= 499.32035087712654
differential_evolution step 155: f(x)= 499.32035087712654
differential_evolution step 156: f(x)= 499.32035087712654
differential_evolution step 157: f(x)= 499.32035087712654
differential_evolution step 158: f(x)= 499.32035087712654
differential_evolution step 159: f(x)= 499.32035087712654
differential_evolution step 160: f(x)= 499.32035087712654
differential_evolution step 161: f(x)= 499.32035087712654
differential_evolution step 162: f(x)= 499.32035087712654
differential_evolution step 163: f(x)= 499.32035087712654
differential_evolution step 164: f(x)= 499.32035087712654
differential_evolution step 165: f(x)= 499.32035087712654
differential_evolution step 166: f(x)= 499.02690841610615
differential_evolution step 167: f(x)= 499.02690841610615
differential_evolution step 168: f(x)= 499.02690841610615
differential_evolution step 169: f(x)= 499.02690841610615
differential_evolution step 170: f(x)= 499.02690841610615
differential_evolution step 171: f(x)= 499.02690841610615
differential_evolution step 172: f(x)= 499.02690841610615
differential_evolution step 173: f(x)= 499.02690841610615
differential_evolution step 174: f(x)= 499.02690841610615
differential_evolution step 175: f(x)= 499.01120215576066
differential_evolution step 176: f(x)= 499.01120215576066
differential_evolution step 177: f(x)= 499.01120215576066
differential_evolution step 178: f(x)= 499.01120215576066
differential_evolution step 179: f(x)= 499.01120215576066
differential_evolution step 180: f(x)= 499.01120215576066
differential_evolution step 181: f(x)= 499.01120215576066
differential_evolution step 182: f(x)= 499.00889573691904
differential_evolution step 183: f(x)= 498.84777643835787
differential_evolution step 184: f(x)= 498.84777643835787
differential_evolution step 185: f(x)= 498.84777643835787
differential_evolution step 186: f(x)= 498.84777643835787
differential_evolution step 187: f(x)= 498.8456995742013
differential_evolution step 188: f(x)= 498.8456995742013
differential_evolution step 189: f(x)= 498.8456995742013
differential_evolution step 190: f(x)= 498.8456995742013
differential_evolution step 191: f(x)= 498.7273909585821
differential_evolution step 192: f(x)= 498.7273909585821
differential_evolution step 193: f(x)= 498.7273909585821
differential_evolution step 194: f(x)= 498.7273909585821
differential_evolution step 195: f(x)= 498.7273909585821
differential_evolution step 196: f(x)= 498.7273909585821
differential_evolution step 197: f(x)= 498.7273909585821
differential_evolution step 198: f(x)= 498.7273909585821
differential_evolution step 199: f(x)= 498.7273909585821
differential_evolution step 200: f(x)= 498.7273909585821
Cluster 2 DE best chi^2: 498.727 with params {'x_src': np.float64(98.25555747283701), 'y_src': np.float64(103.10121155871408), 'z_s': np.float64(1.5359987006846276)}
--- Running DE for Cluster 3 ---
[DE] Process Pool with 16 procs (init=latinhypercube, popsize=50)
differential_evolution step 1: f(x)= 3000.0
differential_evolution step 2: f(x)= 3000.0
differential_evolution step 3: f(x)= 3000.0
differential_evolution step 4: f(x)= 3000.0
differential_evolution step 5: f(x)= 3000.0
differential_evolution step 6: f(x)= 3000.0
differential_evolution step 7: f(x)= 3000.0
differential_evolution step 8: f(x)= 3000.0
differential_evolution step 9: f(x)= 3000.0
differential_evolution step 10: f(x)= 3000.0
differential_evolution step 11: f(x)= 3000.0
differential_evolution step 12: f(x)= 3000.0
differential_evolution step 13: f(x)= 3000.0
differential_evolution step 14: f(x)= 3000.0
differential_evolution step 15: f(x)= 3000.0
differential_evolution step 16: f(x)= 3000.0
differential_evolution step 17: f(x)= 3000.0
differential_evolution step 18: f(x)= 3000.0
differential_evolution step 19: f(x)= 3000.0
differential_evolution step 20: f(x)= 3000.0
differential_evolution step 21: f(x)= 3000.0
differential_evolution step 22: f(x)= 3000.0
differential_evolution step 23: f(x)= 3000.0
differential_evolution step 24: f(x)= 3000.0
differential_evolution step 25: f(x)= 3000.0
differential_evolution step 26: f(x)= 3000.0
differential_evolution step 27: f(x)= 3000.0
differential_evolution step 28: f(x)= 3000.0
differential_evolution step 29: f(x)= 3000.0
differential_evolution step 30: f(x)= 3000.0
differential_evolution step 31: f(x)= 3000.0
differential_evolution step 32: f(x)= 3000.0
differential_evolution step 33: f(x)= 3000.0
differential_evolution step 34: f(x)= 3000.0
differential_evolution step 35: f(x)= 3000.0
differential_evolution step 36: f(x)= 3000.0
differential_evolution step 37: f(x)= 3000.0
differential_evolution step 38: f(x)= 3000.0
differential_evolution step 39: f(x)= 3000.0
differential_evolution step 40: f(x)= 3000.0
differential_evolution step 41: f(x)= 3000.0
differential_evolution step 42: f(x)= 3000.0
differential_evolution step 43: f(x)= 3000.0
differential_evolution step 44: f(x)= 3000.0
differential_evolution step 45: f(x)= 3000.0
differential_evolution step 46: f(x)= 3000.0
differential_evolution step 47: f(x)= 3000.0
differential_evolution step 48: f(x)= 3000.0
differential_evolution step 49: f(x)= 3000.0
differential_evolution step 50: f(x)= 3000.0
differential_evolution step 51: f(x)= 3000.0
differential_evolution step 52: f(x)= 3000.0
differential_evolution step 53: f(x)= 3000.0
differential_evolution step 54: f(x)= 3000.0
differential_evolution step 55: f(x)= 3000.0
differential_evolution step 56: f(x)= 3000.0
differential_evolution step 57: f(x)= 3000.0
differential_evolution step 58: f(x)= 3000.0
differential_evolution step 59: f(x)= 3000.0
differential_evolution step 60: f(x)= 3000.0
differential_evolution step 61: f(x)= 3000.0
differential_evolution step 62: f(x)= 3000.0
differential_evolution step 63: f(x)= 3000.0
differential_evolution step 64: f(x)= 3000.0
differential_evolution step 65: f(x)= 3000.0
differential_evolution step 66: f(x)= 3000.0
differential_evolution step 67: f(x)= 3000.0
differential_evolution step 68: f(x)= 3000.0
differential_evolution step 69: f(x)= 3000.0
differential_evolution step 70: f(x)= 3000.0
differential_evolution step 71: f(x)= 3000.0
differential_evolution step 72: f(x)= 3000.0
differential_evolution step 73: f(x)= 3000.0
differential_evolution step 74: f(x)= 3000.0
differential_evolution step 75: f(x)= 3000.0
differential_evolution step 76: f(x)= 3000.0
differential_evolution step 77: f(x)= 3000.0
differential_evolution step 78: f(x)= 3000.0
differential_evolution step 79: f(x)= 3000.0
differential_evolution step 80: f(x)= 3000.0
differential_evolution step 81: f(x)= 3000.0
differential_evolution step 82: f(x)= 3000.0
differential_evolution step 83: f(x)= 3000.0
differential_evolution step 84: f(x)= 3000.0
differential_evolution step 85: f(x)= 3000.0
differential_evolution step 86: f(x)= 3000.0
differential_evolution step 87: f(x)= 3000.0
differential_evolution step 88: f(x)= 3000.0
differential_evolution step 89: f(x)= 3000.0
differential_evolution step 90: f(x)= 3000.0
differential_evolution step 91: f(x)= 3000.0
differential_evolution step 92: f(x)= 3000.0
differential_evolution step 93: f(x)= 3000.0
differential_evolution step 94: f(x)= 3000.0
differential_evolution step 95: f(x)= 3000.0
differential_evolution step 96: f(x)= 3000.0
differential_evolution step 97: f(x)= 3000.0
differential_evolution step 98: f(x)= 3000.0
differential_evolution step 99: f(x)= 3000.0
differential_evolution step 100: f(x)= 3000.0
differential_evolution step 101: f(x)= 3000.0
differential_evolution step 102: f(x)= 3000.0
differential_evolution step 103: f(x)= 3000.0
differential_evolution step 104: f(x)= 3000.0
differential_evolution step 105: f(x)= 3000.0
differential_evolution step 106: f(x)= 3000.0
differential_evolution step 107: f(x)= 3000.0
differential_evolution step 108: f(x)= 3000.0
differential_evolution step 109: f(x)= 3000.0
differential_evolution step 110: f(x)= 3000.0
differential_evolution step 111: f(x)= 3000.0
differential_evolution step 112: f(x)= 3000.0
differential_evolution step 113: f(x)= 3000.0
differential_evolution step 114: f(x)= 3000.0
differential_evolution step 115: f(x)= 3000.0
differential_evolution step 116: f(x)= 3000.0
differential_evolution step 117: f(x)= 3000.0
differential_evolution step 118: f(x)= 3000.0
differential_evolution step 119: f(x)= 3000.0
differential_evolution step 120: f(x)= 3000.0
differential_evolution step 121: f(x)= 3000.0
differential_evolution step 122: f(x)= 3000.0
differential_evolution step 123: f(x)= 3000.0
differential_evolution step 124: f(x)= 3000.0
differential_evolution step 125: f(x)= 3000.0
differential_evolution step 126: f(x)= 3000.0
differential_evolution step 127: f(x)= 3000.0
differential_evolution step 128: f(x)= 3000.0
differential_evolution step 129: f(x)= 3000.0
differential_evolution step 130: f(x)= 3000.0
differential_evolution step 131: f(x)= 3000.0
differential_evolution step 132: f(x)= 3000.0
differential_evolution step 133: f(x)= 3000.0
differential_evolution step 134: f(x)= 3000.0
differential_evolution step 135: f(x)= 3000.0
differential_evolution step 136: f(x)= 3000.0
differential_evolution step 137: f(x)= 3000.0
differential_evolution step 138: f(x)= 3000.0
differential_evolution step 139: f(x)= 3000.0
differential_evolution step 140: f(x)= 3000.0
differential_evolution step 141: f(x)= 3000.0
differential_evolution step 142: f(x)= 3000.0
differential_evolution step 143: f(x)= 3000.0
differential_evolution step 144: f(x)= 3000.0
differential_evolution step 145: f(x)= 3000.0
differential_evolution step 146: f(x)= 3000.0
differential_evolution step 147: f(x)= 3000.0
differential_evolution step 148: f(x)= 3000.0
differential_evolution step 149: f(x)= 3000.0
differential_evolution step 150: f(x)= 3000.0
differential_evolution step 151: f(x)= 3000.0
differential_evolution step 152: f(x)= 3000.0
differential_evolution step 153: f(x)= 3000.0
differential_evolution step 154: f(x)= 3000.0
differential_evolution step 155: f(x)= 3000.0
differential_evolution step 156: f(x)= 3000.0
differential_evolution step 157: f(x)= 3000.0
differential_evolution step 158: f(x)= 3000.0
differential_evolution step 159: f(x)= 3000.0
differential_evolution step 160: f(x)= 3000.0
differential_evolution step 161: f(x)= 3000.0
Cluster 3 DE best chi^2: 3000.000 with params {'x_src': np.float64(110.57637100333417), 'y_src': np.float64(127.03661083486581), 'z_s': np.float64(3.521487356781602)}
--- Running DE for Cluster 4 ---
[DE] Process Pool with 16 procs (init=latinhypercube, popsize=50)
differential_evolution step 1: f(x)= 3000.0
differential_evolution step 2: f(x)= 3000.0
differential_evolution step 3: f(x)= 3000.0
differential_evolution step 4: f(x)= 3000.0
differential_evolution step 5: f(x)= 3000.0
differential_evolution step 6: f(x)= 3000.0
differential_evolution step 7: f(x)= 3000.0
differential_evolution step 8: f(x)= 3000.0
differential_evolution step 9: f(x)= 3000.0
differential_evolution step 10: f(x)= 3000.0
differential_evolution step 11: f(x)= 3000.0
differential_evolution step 12: f(x)= 3000.0
differential_evolution step 13: f(x)= 2285.6288449062035
differential_evolution step 14: f(x)= 2285.6288449062035
differential_evolution step 15: f(x)= 2285.6288449062035
differential_evolution step 16: f(x)= 2285.6288449062035
differential_evolution step 17: f(x)= 2285.6288449062035
differential_evolution step 18: f(x)= 2285.6288449062035
differential_evolution step 19: f(x)= 948.1299698518844
differential_evolution step 20: f(x)= 948.1299698518844
differential_evolution step 21: f(x)= 948.1299698518844
differential_evolution step 22: f(x)= 948.1299698518844
differential_evolution step 23: f(x)= 948.1299698518844
differential_evolution step 24: f(x)= 948.1299698518844
differential_evolution step 25: f(x)= 948.1299698518844
differential_evolution step 26: f(x)= 948.1299698518844
differential_evolution step 27: f(x)= 948.1299698518844
differential_evolution step 28: f(x)= 948.1299698518844
differential_evolution step 29: f(x)= 948.1299698518844
differential_evolution step 30: f(x)= 948.1299698518844
differential_evolution step 31: f(x)= 948.1299698518844
differential_evolution step 32: f(x)= 948.1299698518844
differential_evolution step 33: f(x)= 948.1299698518844
differential_evolution step 34: f(x)= 948.1299698518844
differential_evolution step 35: f(x)= 948.1299698518844
differential_evolution step 36: f(x)= 948.1299698518844
differential_evolution step 37: f(x)= 948.1299698518844
differential_evolution step 38: f(x)= 948.1299698518844
differential_evolution step 39: f(x)= 948.1299698518844
differential_evolution step 40: f(x)= 948.1299698518844
differential_evolution step 41: f(x)= 948.1299698518844
differential_evolution step 42: f(x)= 948.1299698518844
differential_evolution step 43: f(x)= 838.2207623370629
differential_evolution step 44: f(x)= 838.2207623370629
differential_evolution step 45: f(x)= 838.2207623370629
differential_evolution step 46: f(x)= 838.2207623370629
differential_evolution step 47: f(x)= 649.7643592954033
differential_evolution step 48: f(x)= 649.7643592954033
differential_evolution step 49: f(x)= 649.7643592954033
differential_evolution step 50: f(x)= 649.7643592954033
differential_evolution step 51: f(x)= 649.7643592954033
differential_evolution step 52: f(x)= 649.7643592954033
differential_evolution step 53: f(x)= 649.7643592954033
differential_evolution step 54: f(x)= 649.7643592954033
differential_evolution step 55: f(x)= 649.7643592954033
differential_evolution step 56: f(x)= 649.7643592954033
differential_evolution step 57: f(x)= 649.7643592954033
differential_evolution step 58: f(x)= 649.7643592954033
differential_evolution step 59: f(x)= 649.7643592954033
differential_evolution step 60: f(x)= 649.7643592954033
differential_evolution step 61: f(x)= 649.7643592954033
differential_evolution step 62: f(x)= 649.7643592954033
differential_evolution step 63: f(x)= 649.7643592954033
differential_evolution step 64: f(x)= 603.1746923359055
differential_evolution step 65: f(x)= 603.1746923359055
differential_evolution step 66: f(x)= 603.1746923359055
differential_evolution step 67: f(x)= 603.1746923359055
differential_evolution step 68: f(x)= 603.1746923359055
differential_evolution step 69: f(x)= 603.1746923359055
differential_evolution step 70: f(x)= 603.1746923359055
differential_evolution step 71: f(x)= 603.1746923359055
differential_evolution step 72: f(x)= 603.1746923359055
differential_evolution step 73: f(x)= 603.1746923359055
differential_evolution step 74: f(x)= 603.1746923359055
differential_evolution step 75: f(x)= 603.1746923359055
differential_evolution step 76: f(x)= 603.1746923359055
differential_evolution step 77: f(x)= 603.1746923359055
differential_evolution step 78: f(x)= 603.1746923359055
differential_evolution step 79: f(x)= 603.1746923359055
differential_evolution step 80: f(x)= 603.1746923359055
differential_evolution step 81: f(x)= 603.1746923359055
differential_evolution step 82: f(x)= 603.1746923359055
differential_evolution step 83: f(x)= 603.1746923359055
differential_evolution step 84: f(x)= 603.1746923359055
differential_evolution step 85: f(x)= 603.1746923359055
differential_evolution step 86: f(x)= 603.1746923359055
differential_evolution step 87: f(x)= 603.1746923359055
differential_evolution step 88: f(x)= 603.1746923359055
differential_evolution step 89: f(x)= 603.1746923359055
differential_evolution step 90: f(x)= 603.1746923359055
differential_evolution step 91: f(x)= 603.1746923359055
differential_evolution step 92: f(x)= 603.1746923359055
differential_evolution step 93: f(x)= 603.1746923359055
differential_evolution step 94: f(x)= 603.1746923359055
differential_evolution step 95: f(x)= 603.1746923359055
differential_evolution step 96: f(x)= 603.1746923359055
differential_evolution step 97: f(x)= 603.1746923359055
differential_evolution step 98: f(x)= 603.1746923359055
differential_evolution step 99: f(x)= 603.1746923359055
differential_evolution step 100: f(x)= 603.1746923359055
differential_evolution step 101: f(x)= 603.1746923359055
differential_evolution step 102: f(x)= 603.1746923359055
differential_evolution step 103: f(x)= 603.1746923359055
differential_evolution step 104: f(x)= 603.1746923359055
differential_evolution step 105: f(x)= 603.1746923359055
differential_evolution step 106: f(x)= 597.0895053143116
differential_evolution step 107: f(x)= 597.0895053143116
differential_evolution step 108: f(x)= 597.0895053143116
differential_evolution step 109: f(x)= 597.0895053143116
differential_evolution step 110: f(x)= 597.0895053143116
differential_evolution step 111: f(x)= 597.0895053143116
differential_evolution step 112: f(x)= 597.0895053143116
differential_evolution step 113: f(x)= 597.0895053143116
differential_evolution step 114: f(x)= 597.0895053143116
differential_evolution step 115: f(x)= 597.0895053143116
differential_evolution step 116: f(x)= 597.0895053143116
differential_evolution step 117: f(x)= 597.0895053143116
differential_evolution step 118: f(x)= 597.0895053143116
differential_evolution step 119: f(x)= 597.0895053143116
differential_evolution step 120: f(x)= 597.0895053143116
differential_evolution step 121: f(x)= 597.0895053143116
differential_evolution step 122: f(x)= 597.0895053143116
differential_evolution step 123: f(x)= 597.0895053143116
differential_evolution step 124: f(x)= 597.0895053143116
differential_evolution step 125: f(x)= 597.0895053143116
differential_evolution step 126: f(x)= 597.0895053143116
differential_evolution step 127: f(x)= 597.0895053143116
differential_evolution step 128: f(x)= 591.519197998352
differential_evolution step 129: f(x)= 591.519197998352
differential_evolution step 130: f(x)= 591.519197998352
differential_evolution step 131: f(x)= 591.519197998352
differential_evolution step 132: f(x)= 591.519197998352
differential_evolution step 133: f(x)= 591.519197998352
differential_evolution step 134: f(x)= 591.519197998352
differential_evolution step 135: f(x)= 591.519197998352
differential_evolution step 136: f(x)= 591.519197998352
differential_evolution step 137: f(x)= 591.519197998352
differential_evolution step 138: f(x)= 591.519197998352
differential_evolution step 139: f(x)= 591.519197998352
differential_evolution step 140: f(x)= 591.519197998352
differential_evolution step 141: f(x)= 591.519197998352
differential_evolution step 142: f(x)= 591.519197998352
differential_evolution step 143: f(x)= 591.519197998352
differential_evolution step 144: f(x)= 591.519197998352
differential_evolution step 145: f(x)= 591.519197998352
differential_evolution step 146: f(x)= 591.519197998352
differential_evolution step 147: f(x)= 591.519197998352
differential_evolution step 148: f(x)= 591.519197998352
differential_evolution step 149: f(x)= 591.519197998352
differential_evolution step 150: f(x)= 591.519197998352
differential_evolution step 151: f(x)= 591.519197998352
differential_evolution step 152: f(x)= 591.519197998352
differential_evolution step 153: f(x)= 591.519197998352
differential_evolution step 154: f(x)= 591.519197998352
differential_evolution step 155: f(x)= 591.519197998352
differential_evolution step 156: f(x)= 591.519197998352
differential_evolution step 157: f(x)= 591.519197998352
differential_evolution step 158: f(x)= 591.519197998352
differential_evolution step 159: f(x)= 591.519197998352
differential_evolution step 160: f(x)= 591.519197998352
differential_evolution step 161: f(x)= 591.519197998352
differential_evolution step 162: f(x)= 591.519197998352
differential_evolution step 163: f(x)= 591.519197998352
differential_evolution step 164: f(x)= 591.519197998352
differential_evolution step 165: f(x)= 591.519197998352
differential_evolution step 166: f(x)= 591.519197998352
differential_evolution step 167: f(x)= 591.519197998352
differential_evolution step 168: f(x)= 591.519197998352
differential_evolution step 169: f(x)= 591.519197998352
differential_evolution step 170: f(x)= 591.519197998352
differential_evolution step 171: f(x)= 591.519197998352
differential_evolution step 172: f(x)= 591.519197998352
differential_evolution step 173: f(x)= 591.519197998352
differential_evolution step 174: f(x)= 591.519197998352
differential_evolution step 175: f(x)= 591.519197998352
differential_evolution step 176: f(x)= 591.519197998352
differential_evolution step 177: f(x)= 591.519197998352
differential_evolution step 178: f(x)= 591.519197998352
differential_evolution step 179: f(x)= 591.519197998352
differential_evolution step 180: f(x)= 591.519197998352
differential_evolution step 181: f(x)= 591.519197998352
differential_evolution step 182: f(x)= 591.519197998352
differential_evolution step 183: f(x)= 591.519197998352
differential_evolution step 184: f(x)= 591.519197998352
differential_evolution step 185: f(x)= 591.519197998352
differential_evolution step 186: f(x)= 591.519197998352
differential_evolution step 187: f(x)= 591.519197998352
differential_evolution step 188: f(x)= 591.519197998352
differential_evolution step 189: f(x)= 591.519197998352
differential_evolution step 190: f(x)= 591.519197998352
differential_evolution step 191: f(x)= 591.519197998352
differential_evolution step 192: f(x)= 580.1723160920969
differential_evolution step 193: f(x)= 580.1723160920969
differential_evolution step 194: f(x)= 580.1723160920969
differential_evolution step 195: f(x)= 580.1723160920969
differential_evolution step 196: f(x)= 543.2004137829998
differential_evolution step 197: f(x)= 543.2004137829998
differential_evolution step 198: f(x)= 543.2004137829998
differential_evolution step 199: f(x)= 543.2004137829998
differential_evolution step 200: f(x)= 543.2004137829998
Cluster 4 DE best chi^2: 543.200 with params {'x_src': np.float64(213.2350285787143), 'y_src': np.float64(220.0576782233939), 'z_s': np.float64(1.6718778388824191)}
--- Running DE for Cluster 5 ---
[DE] Process Pool with 16 procs (init=latinhypercube, popsize=50)
differential_evolution step 1: f(x)= 4242.640687119286
differential_evolution step 2: f(x)= 4242.640687119286
differential_evolution step 3: f(x)= 4242.640687119286
differential_evolution step 4: f(x)= 4242.640687119286
differential_evolution step 5: f(x)= 4242.640687119286
differential_evolution step 6: f(x)= 4242.640687119286
differential_evolution step 7: f(x)= 4242.640687119286
differential_evolution step 8: f(x)= 4242.640687119286
differential_evolution step 9: f(x)= 4242.640687119286
differential_evolution step 10: f(x)= 4242.640687119286
differential_evolution step 11: f(x)= 4242.640687119286
differential_evolution step 12: f(x)= 3000.0
differential_evolution step 13: f(x)= 3000.0
differential_evolution step 14: f(x)= 3000.0
differential_evolution step 15: f(x)= 3000.0
differential_evolution step 16: f(x)= 3000.0
differential_evolution step 17: f(x)= 3000.0
differential_evolution step 18: f(x)= 3000.0
differential_evolution step 19: f(x)= 3000.0
differential_evolution step 20: f(x)= 2660.6329595994794
differential_evolution step 21: f(x)= 2660.6329595994794
differential_evolution step 22: f(x)= 2660.6329595994794
differential_evolution step 23: f(x)= 2660.6329595994794
differential_evolution step 24: f(x)= 2660.6329595994794
differential_evolution step 25: f(x)= 2660.6329595994794
differential_evolution step 26: f(x)= 2660.6329595994794
differential_evolution step 27: f(x)= 2660.6329595994794
differential_evolution step 28: f(x)= 2660.6329595994794
differential_evolution step 29: f(x)= 2660.6329595994794
differential_evolution step 30: f(x)= 2660.6329595994794
differential_evolution step 31: f(x)= 2138.869405976927
differential_evolution step 32: f(x)= 2138.869405976927
differential_evolution step 33: f(x)= 2138.869405976927
differential_evolution step 34: f(x)= 2138.869405976927
differential_evolution step 35: f(x)= 2138.869405976927
differential_evolution step 36: f(x)= 2138.869405976927
differential_evolution step 37: f(x)= 1851.6760878466102
differential_evolution step 38: f(x)= 1851.6760878466102
differential_evolution step 39: f(x)= 1851.6760878466102
differential_evolution step 40: f(x)= 1851.6760878466102
differential_evolution step 41: f(x)= 1851.6760878466102
differential_evolution step 42: f(x)= 1851.6760878466102
differential_evolution step 43: f(x)= 1851.6760878466102
differential_evolution step 44: f(x)= 1851.6760878466102
differential_evolution step 45: f(x)= 1851.6760878466102
differential_evolution step 46: f(x)= 1471.4943589526006
differential_evolution step 47: f(x)= 1471.4943589526006
differential_evolution step 48: f(x)= 1471.4943589526006
differential_evolution step 49: f(x)= 1471.4943589526006
differential_evolution step 50: f(x)= 1471.4943589526006
differential_evolution step 51: f(x)= 1471.4943589526006
differential_evolution step 52: f(x)= 1471.4943589526006
differential_evolution step 53: f(x)= 1471.4943589526006
differential_evolution step 54: f(x)= 1471.4943589526006
differential_evolution step 55: f(x)= 1471.4943589526006
differential_evolution step 56: f(x)= 1471.4943589526006
differential_evolution step 57: f(x)= 1471.4943589526006
differential_evolution step 58: f(x)= 1471.4943589526006
differential_evolution step 59: f(x)= 1471.4943589526006
differential_evolution step 60: f(x)= 1471.4943589526006
differential_evolution step 61: f(x)= 1471.4943589526006
differential_evolution step 62: f(x)= 1471.4943589526006
differential_evolution step 63: f(x)= 1471.4943589526006
differential_evolution step 64: f(x)= 1471.4943589526006
differential_evolution step 65: f(x)= 1471.4943589526006
differential_evolution step 66: f(x)= 1436.8270101248668
differential_evolution step 67: f(x)= 1436.8270101248668
differential_evolution step 68: f(x)= 1436.8270101248668
differential_evolution step 69: f(x)= 1436.8270101248668
differential_evolution step 70: f(x)= 1436.8270101248668
differential_evolution step 71: f(x)= 1436.8270101248668
differential_evolution step 72: f(x)= 1436.8270101248668
differential_evolution step 73: f(x)= 1436.8270101248668
differential_evolution step 74: f(x)= 1436.8270101248668
differential_evolution step 75: f(x)= 1436.8270101248668
differential_evolution step 76: f(x)= 1436.8270101248668
differential_evolution step 77: f(x)= 1436.8270101248668
differential_evolution step 78: f(x)= 1436.8270101248668
differential_evolution step 79: f(x)= 1347.2941284767417
differential_evolution step 80: f(x)= 1347.2941284767417
differential_evolution step 81: f(x)= 1347.2941284767417
differential_evolution step 82: f(x)= 1347.2941284767417
differential_evolution step 83: f(x)= 1347.2941284767417
differential_evolution step 84: f(x)= 1347.2941284767417
differential_evolution step 85: f(x)= 1347.2941284767417
differential_evolution step 86: f(x)= 1347.2941284767417
differential_evolution step 87: f(x)= 1347.2941284767417
differential_evolution step 88: f(x)= 1347.2941284767417
differential_evolution step 89: f(x)= 1333.770200778797
differential_evolution step 90: f(x)= 1333.770200778797
differential_evolution step 91: f(x)= 1333.770200778797
differential_evolution step 92: f(x)= 1333.770200778797
differential_evolution step 93: f(x)= 1333.770200778797
differential_evolution step 94: f(x)= 1333.770200778797
differential_evolution step 95: f(x)= 1333.770200778797
differential_evolution step 96: f(x)= 1333.770200778797
differential_evolution step 97: f(x)= 1333.770200778797
differential_evolution step 98: f(x)= 1333.770200778797
differential_evolution step 99: f(x)= 1333.770200778797
differential_evolution step 100: f(x)= 1333.770200778797
differential_evolution step 101: f(x)= 1333.770200778797
differential_evolution step 102: f(x)= 1333.770200778797
differential_evolution step 103: f(x)= 1333.770200778797
differential_evolution step 104: f(x)= 1310.2941731023711
differential_evolution step 105: f(x)= 1310.2941731023711
differential_evolution step 106: f(x)= 1310.2941731023711
differential_evolution step 107: f(x)= 1310.2941731023711
differential_evolution step 108: f(x)= 1310.2941731023711
differential_evolution step 109: f(x)= 1310.2941731023711
differential_evolution step 110: f(x)= 1310.2941731023711
differential_evolution step 111: f(x)= 1310.2941731023711
differential_evolution step 112: f(x)= 1310.2941731023711
differential_evolution step 113: f(x)= 1310.2941731023711
differential_evolution step 114: f(x)= 1310.2941731023711
differential_evolution step 115: f(x)= 1310.2941731023711
differential_evolution step 116: f(x)= 1310.2941731023711
differential_evolution step 117: f(x)= 1310.2941731023711
differential_evolution step 118: f(x)= 1310.2941731023711
differential_evolution step 119: f(x)= 1310.2941731023711
differential_evolution step 120: f(x)= 1310.2941731023711
differential_evolution step 121: f(x)= 1310.2941731023711
differential_evolution step 122: f(x)= 1310.2941731023711
differential_evolution step 123: f(x)= 1310.2941731023711
differential_evolution step 124: f(x)= 1310.2941731023711
differential_evolution step 125: f(x)= 1302.7904751328797
differential_evolution step 126: f(x)= 1288.8943281918798
differential_evolution step 127: f(x)= 1288.8943281918798
differential_evolution step 128: f(x)= 1288.8943281918798
differential_evolution step 129: f(x)= 1288.8943281918798
differential_evolution step 130: f(x)= 1288.8943281918798
differential_evolution step 131: f(x)= 1288.8943281918798
differential_evolution step 132: f(x)= 1288.8943281918798
differential_evolution step 133: f(x)= 1288.8943281918798
differential_evolution step 134: f(x)= 1288.8943281918798
differential_evolution step 135: f(x)= 1288.8943281918798
differential_evolution step 136: f(x)= 1288.8943281918798
differential_evolution step 137: f(x)= 1288.8943281918798
differential_evolution step 138: f(x)= 1288.8943281918798
differential_evolution step 139: f(x)= 1288.8943281918798
differential_evolution step 140: f(x)= 1288.8943281918798
differential_evolution step 141: f(x)= 1288.8943281918798
differential_evolution step 142: f(x)= 1287.335793862965
differential_evolution step 143: f(x)= 1287.335793862965
differential_evolution step 144: f(x)= 1287.335793862965
differential_evolution step 145: f(x)= 1287.335793862965
differential_evolution step 146: f(x)= 1287.335793862965
differential_evolution step 147: f(x)= 1287.335793862965
differential_evolution step 148: f(x)= 1287.335793862965
differential_evolution step 149: f(x)= 1287.335793862965
differential_evolution step 150: f(x)= 1287.335793862965
differential_evolution step 151: f(x)= 1287.335793862965
differential_evolution step 152: f(x)= 1287.335793862965
differential_evolution step 153: f(x)= 1287.335793862965
differential_evolution step 154: f(x)= 1287.335793862965
differential_evolution step 155: f(x)= 1287.335793862965
differential_evolution step 156: f(x)= 1287.335793862965
differential_evolution step 157: f(x)= 1287.335793862965
differential_evolution step 158: f(x)= 1287.335793862965
differential_evolution step 159: f(x)= 1287.335793862965
differential_evolution step 160: f(x)= 1287.335793862965
differential_evolution step 161: f(x)= 1287.335793862965
differential_evolution step 162: f(x)= 1287.335793862965
differential_evolution step 163: f(x)= 1287.335793862965
differential_evolution step 164: f(x)= 1287.335793862965
differential_evolution step 165: f(x)= 1287.335793862965
differential_evolution step 166: f(x)= 1287.2461351076333
differential_evolution step 167: f(x)= 1287.2461351076333
differential_evolution step 168: f(x)= 1287.2461351076333
differential_evolution step 169: f(x)= 1287.2461351076333
differential_evolution step 170: f(x)= 1287.2461351076333
differential_evolution step 171: f(x)= 1287.2461351076333
differential_evolution step 172: f(x)= 1287.2461351076333
differential_evolution step 173: f(x)= 1287.0139937478355
differential_evolution step 174: f(x)= 1287.0139937478355
differential_evolution step 175: f(x)= 1287.0139937478355
differential_evolution step 176: f(x)= 1287.0139937478355
differential_evolution step 177: f(x)= 1287.0139937478355
differential_evolution step 178: f(x)= 1287.0139937478355
differential_evolution step 179: f(x)= 1287.0139937478355
differential_evolution step 180: f(x)= 1286.7283772938927
differential_evolution step 181: f(x)= 1286.7283772938927
differential_evolution step 182: f(x)= 1286.7283772938927
differential_evolution step 183: f(x)= 1286.7283772938927
differential_evolution step 184: f(x)= 1286.7283772938927
differential_evolution step 185: f(x)= 1286.7283772938927
differential_evolution step 186: f(x)= 1286.7283772938927
differential_evolution step 187: f(x)= 1286.7283772938927
differential_evolution step 188: f(x)= 1286.7283772938927
differential_evolution step 189: f(x)= 1286.7283772938927
differential_evolution step 190: f(x)= 1286.7283772938927
differential_evolution step 191: f(x)= 1286.7283772938927
differential_evolution step 192: f(x)= 1286.7283772938927
differential_evolution step 193: f(x)= 1286.7283772938927
differential_evolution step 194: f(x)= 1286.7283772938927
differential_evolution step 195: f(x)= 1286.7283772938927
differential_evolution step 196: f(x)= 1286.7283772938927
differential_evolution step 197: f(x)= 1286.7283772938927
differential_evolution step 198: f(x)= 1286.7283772938927
differential_evolution step 199: f(x)= 1286.7283772938927
differential_evolution step 200: f(x)= 1286.7283772938927
Cluster 5 DE best chi^2: 1286.728 with params {'x_src': np.float64(149.58248090420312), 'y_src': np.float64(146.59018843301354), 'z_s': np.float64(2.437100031948347)}

--- DE Optimization Summary ---
Best fit found for Cluster 1 with chi^2 = 0.027
Best-fit parameters: {'x_src': np.float64(205.86323910342261), 'y_src': np.float64(192.699716128865), 'z_s': np.float64(3.304592327470617)}

--- Running MCMC for Cluster 1 (chi_sq=0.027) ---
[MCMC] Process Pool with 16 procs
  0%|          | 0/20000 [00:00<?, ?it/s]  0%|          | 69/20000 [01:40<8:01:30,  1.45s/it]  0%|          | 82/20000 [02:00<8:01:11,  1.45s/it]  1%|          | 142/20000 [03:20<7:46:25,  1.41s/it]  1%|          | 157/20000 [03:40<7:46:04,  1.41s/it]  1%|          | 216/20000 [05:02<7:38:26,  1.39s/it]  1%|          | 228/20000 [05:20<7:38:09,  1.39s/it]  1%|         | 289/20000 [06:42<7:34:24,  1.38s/it]  2%|         | 301/20000 [07:00<7:34:07,  1.38s/it]  2%|         | 369/20000 [08:23<7:17:29,  1.34s/it]  2%|         | 382/20000 [08:40<7:17:11,  1.34s/it]  2%|         | 447/20000 [10:04<7:11:25,  1.32s/it]  2%|         | 459/20000 [10:20<7:11:10,  1.32s/it]  3%|         | 526/20000 [11:44<7:03:29,  1.30s/it]  3%|         | 538/20000 [12:00<7:03:13,  1.30s/it]  3%|         | 612/20000 [13:25<6:46:41,  1.26s/it]  3%|         | 624/20000 [13:40<6:46:26,  1.26s/it]  3%|         | 696/20000 [15:06<6:38:46,  1.24s/it]  4%|         | 707/20000 [15:20<6:38:32,  1.24s/it]  4%|         | 785/20000 [16:46<6:25:22,  1.20s/it]  4%|         | 796/20000 [17:00<6:25:09,  1.20s/it]  4%|         | 874/20000 [18:27<6:16:16,  1.18s/it]  4%|         | 885/20000 [18:40<6:16:03,  1.18s/it]  5%|         | 960/20000 [20:07<6:13:06,  1.18s/it]  5%|         | 970/20000 [20:20<6:12:54,  1.18s/it]  5%|         | 1045/20000 [21:47<6:11:33,  1.18s/it]  5%|         | 1055/20000 [22:00<6:11:21,  1.18s/it]  6%|         | 1131/20000 [23:28<6:09:12,  1.17s/it]  6%|         | 1141/20000 [23:40<6:09:01,  1.17s/it]  6%|         | 1214/20000 [25:08<6:10:48,  1.18s/it]  6%|         | 1224/20000 [25:20<6:10:37,  1.18s/it]  7%|         | 1302/20000 [26:49<6:05:09,  1.17s/it]  7%|         | 1311/20000 [27:00<6:04:59,  1.17s/it]  7%|         | 1387/20000 [28:30<6:05:08,  1.18s/it]  7%|         | 1405/20000 [28:50<6:04:47,  1.18s/it]  7%|         | 1473/20000 [30:11<6:03:03,  1.18s/it]  7%|         | 1489/20000 [30:30<6:02:44,  1.18s/it]  8%|         | 1563/20000 [31:52<5:56:15,  1.16s/it]  8%|         | 1577/20000 [32:10<5:55:59,  1.16s/it]  8%|         | 1650/20000 [33:33<5:54:31,  1.16s/it]  8%|         | 1663/20000 [33:50<5:54:16,  1.16s/it]  9%|         | 1737/20000 [35:13<5:52:38,  1.16s/it]  9%|         | 1751/20000 [35:30<5:52:22,  1.16s/it]  9%|         | 1824/20000 [36:54<5:50:33,  1.16s/it]  9%|         | 1838/20000 [37:10<5:50:17,  1.16s/it] 10%|         | 1911/20000 [38:35<5:49:06,  1.16s/it] 10%|         | 1923/20000 [38:50<5:48:53,  1.16s/it] 10%|         | 1998/20000 [40:15<5:46:41,  1.16s/it] 10%|         | 2011/20000 [40:30<5:46:26,  1.16s/it] 10%|         | 2087/20000 [41:55<5:42:14,  1.15s/it] 10%|         | 2099/20000 [42:10<5:42:00,  1.15s/it] 11%|         | 2171/20000 [43:35<5:44:28,  1.16s/it] 11%|         | 2182/20000 [43:50<5:44:16,  1.16s/it] 11%|        | 2254/20000 [45:16<5:47:48,  1.18s/it] 11%|        | 2265/20000 [45:30<5:47:35,  1.18s/it] 12%|        | 2340/20000 [46:57<5:46:06,  1.18s/it] 12%|        | 2350/20000 [47:10<5:45:54,  1.18s/it] 12%|        | 2428/20000 [48:38<5:41:46,  1.17s/it] 12%|        | 2438/20000 [48:50<5:41:34,  1.17s/it] 13%|        | 2513/20000 [50:19<5:41:53,  1.17s/it] 13%|        | 2521/20000 [50:30<5:41:44,  1.17s/it] 13%|        | 2600/20000 [51:59<5:38:35,  1.17s/it] 13%|        | 2608/20000 [52:10<5:38:25,  1.17s/it] 13%|        | 2683/20000 [53:40<5:40:47,  1.18s/it] 13%|        | 2699/20000 [54:00<5:40:28,  1.18s/it] 14%|        | 2767/20000 [55:20<5:40:20,  1.18s/it] 14%|        | 2783/20000 [55:40<5:40:01,  1.18s/it] 14%|        | 2853/20000 [57:00<5:36:52,  1.18s/it] 14%|        | 2870/20000 [57:20<5:36:32,  1.18s/it] 15%|        | 2939/20000 [58:41<5:34:31,  1.18s/it] 15%|        | 2954/20000 [59:00<5:34:14,  1.18s/it] 15%|        | 3025/20000 [1:00:21<5:31:49,  1.17s/it] 15%|        | 3041/20000 [1:00:40<5:31:30,  1.17s/it] 16%|        | 3115/20000 [1:02:02<5:24:57,  1.15s/it] 16%|        | 3129/20000 [1:02:20<5:24:41,  1.15s/it] 16%|        | 3202/20000 [1:03:43<5:23:51,  1.16s/it] 16%|        | 3217/20000 [1:04:00<5:23:33,  1.16s/it] 16%|        | 3291/20000 [1:05:23<5:19:29,  1.15s/it] 17%|        | 3305/20000 [1:05:40<5:19:12,  1.15s/it] 17%|        | 3376/20000 [1:07:03<5:20:34,  1.16s/it] 17%|        | 3390/20000 [1:07:20<5:20:18,  1.16s/it] 17%|        | 3466/20000 [1:08:43<5:15:19,  1.14s/it] 17%|        | 3480/20000 [1:09:00<5:15:03,  1.14s/it] 18%|        | 3557/20000 [1:10:24<5:10:05,  1.13s/it] 18%|        | 3571/20000 [1:10:40<5:09:49,  1.13s/it] 18%|        | 3650/20000 [1:12:04<5:03:48,  1.11s/it] 18%|        | 3664/20000 [1:12:20<5:03:32,  1.11s/it] 19%|        | 3739/20000 [1:13:45<5:03:18,  1.12s/it] 19%|        | 3753/20000 [1:14:00<5:03:03,  1.12s/it] 19%|        | 3830/20000 [1:15:26<5:00:47,  1.12s/it] 19%|        | 3842/20000 [1:15:40<5:00:34,  1.12s/it] 20%|        | 3922/20000 [1:17:06<4:57:27,  1.11s/it] 20%|        | 3933/20000 [1:17:20<4:57:15,  1.11s/it] 20%|        | 4012/20000 [1:18:47<4:56:17,  1.11s/it] 20%|        | 4022/20000 [1:19:00<4:56:06,  1.11s/it] 20%|        | 4094/20000 [1:20:28<5:03:23,  1.14s/it] 21%|        | 4103/20000 [1:20:40<5:03:13,  1.14s/it] 21%|        | 4180/20000 [1:22:08<5:03:53,  1.15s/it] 21%|        | 4189/20000 [1:22:20<5:03:42,  1.15s/it] 21%|       | 4266/20000 [1:23:49<5:03:32,  1.16s/it] 21%|       | 4274/20000 [1:24:00<5:03:22,  1.16s/it] 22%|       | 4352/20000 [1:25:29<5:02:18,  1.16s/it] 22%|       | 4361/20000 [1:25:40<5:02:08,  1.16s/it] 22%|       | 4435/20000 [1:27:10<5:04:51,  1.18s/it] 22%|       | 4451/20000 [1:27:30<5:04:32,  1.18s/it] 23%|       | 4519/20000 [1:28:50<5:04:33,  1.18s/it] 23%|       | 4535/20000 [1:29:10<5:04:14,  1.18s/it] 23%|       | 4605/20000 [1:30:30<5:01:54,  1.18s/it] 23%|       | 4622/20000 [1:30:50<5:01:34,  1.18s/it] 23%|       | 4694/20000 [1:32:10<4:56:03,  1.16s/it] 24%|       | 4710/20000 [1:32:30<4:55:44,  1.16s/it] 24%|       | 4783/20000 [1:33:51<4:51:32,  1.15s/it] 24%|       | 4798/20000 [1:34:10<4:51:15,  1.15s/it] 24%|       | 4868/20000 [1:35:32<4:52:51,  1.16s/it] 24%|       | 4884/20000 [1:35:50<4:52:32,  1.16s/it] 25%|       | 4954/20000 [1:37:12<4:51:38,  1.16s/it] 25%|       | 4969/20000 [1:37:30<4:51:21,  1.16s/it] 25%|       | 5039/20000 [1:38:52<4:51:16,  1.17s/it] 25%|       | 5054/20000 [1:39:10<4:50:58,  1.17s/it] 26%|       | 5123/20000 [1:40:33<4:51:29,  1.18s/it] 26%|       | 5137/20000 [1:40:50<4:51:13,  1.18s/it] 26%|       | 5212/20000 [1:42:14<4:47:01,  1.16s/it] 26%|       | 5223/20000 [1:42:30<4:46:49,  1.16s/it] 26%|       | 5293/20000 [1:43:55<4:51:15,  1.19s/it] 27%|       | 5306/20000 [1:44:10<4:51:00,  1.19s/it] 27%|       | 5381/20000 [1:45:35<4:45:44,  1.17s/it] 27%|       | 5393/20000 [1:45:50<4:45:30,  1.17s/it] 27%|       | 5465/20000 [1:47:16<4:45:59,  1.18s/it] 27%|       | 5477/20000 [1:47:30<4:45:45,  1.18s/it] 28%|       | 5551/20000 [1:48:57<4:43:38,  1.18s/it] 28%|       | 5560/20000 [1:49:10<4:43:27,  1.18s/it] 28%|       | 5633/20000 [1:50:37<4:45:12,  1.19s/it] 28%|       | 5645/20000 [1:50:50<4:44:58,  1.19s/it] 29%|       | 5719/20000 [1:52:18<4:42:13,  1.19s/it] 29%|       | 5728/20000 [1:52:30<4:42:02,  1.19s/it] 29%|       | 5803/20000 [1:53:58<4:41:01,  1.19s/it] 29%|       | 5812/20000 [1:54:10<4:40:50,  1.19s/it] 29%|       | 5886/20000 [1:55:39<4:41:19,  1.20s/it] 29%|       | 5894/20000 [1:55:50<4:41:09,  1.20s/it] 30%|       | 5970/20000 [1:57:19<4:39:24,  1.19s/it] 30%|       | 5978/20000 [1:57:30<4:39:15,  1.19s/it] 30%|       | 6059/20000 [1:59:00<4:33:05,  1.18s/it] 30%|       | 6076/20000 [1:59:20<4:32:45,  1.18s/it] 31%|       | 6148/20000 [2:00:40<4:28:10,  1.16s/it] 31%|       | 6162/20000 [2:01:00<4:27:54,  1.16s/it] 31%|       | 6234/20000 [2:02:21<4:27:08,  1.16s/it] 31%|      | 6250/20000 [2:02:40<4:26:49,  1.16s/it] 32%|      | 6325/20000 [2:04:02<4:21:24,  1.15s/it] 32%|      | 6341/20000 [2:04:20<4:21:06,  1.15s/it] 32%|      | 6412/20000 [2:05:43<4:20:36,  1.15s/it] 32%|      | 6424/20000 [2:06:00<4:20:22,  1.15s/it] 32%|      | 6493/20000 [2:07:24<4:24:54,  1.18s/it] 33%|      | 6505/20000 [2:07:40<4:24:40,  1.18s/it] 33%|      | 6576/20000 [2:09:05<4:25:52,  1.19s/it] 33%|      | 6589/20000 [2:09:20<4:25:36,  1.19s/it] 33%|      | 6661/20000 [2:10:46<4:24:16,  1.19s/it] 33%|      | 6671/20000 [2:11:00<4:24:04,  1.19s/it] 34%|      | 6743/20000 [2:12:26<4:24:43,  1.20s/it] 34%|      | 6755/20000 [2:12:40<4:24:29,  1.20s/it] 34%|      | 6831/20000 [2:14:06<4:19:06,  1.18s/it] 34%|      | 6841/20000 [2:14:20<4:18:54,  1.18s/it] 35%|      | 6920/20000 [2:15:47<4:14:17,  1.17s/it] 35%|      | 6931/20000 [2:16:00<4:14:05,  1.17s/it] 35%|      | 7007/20000 [2:17:28<4:12:14,  1.16s/it] 35%|      | 7017/20000 [2:17:40<4:12:02,  1.16s/it] 35%|      | 7094/20000 [2:19:09<4:09:51,  1.16s/it] 36%|      | 7102/20000 [2:19:20<4:09:42,  1.16s/it] 36%|      | 7178/20000 [2:20:49<4:10:12,  1.17s/it] 36%|      | 7187/20000 [2:21:00<4:10:02,  1.17s/it] 36%|      | 7262/20000 [2:22:29<4:09:52,  1.18s/it] 36%|      | 7271/20000 [2:22:40<4:09:41,  1.18s/it] 37%|      | 7349/20000 [2:24:10<4:07:25,  1.17s/it] 37%|      | 7366/20000 [2:24:30<4:07:05,  1.17s/it] 37%|      | 7431/20000 [2:25:51<4:08:49,  1.19s/it] 37%|      | 7445/20000 [2:26:10<4:08:32,  1.19s/it] 38%|      | 7514/20000 [2:27:31<4:08:30,  1.19s/it] 38%|      | 7529/20000 [2:27:50<4:08:12,  1.19s/it] 38%|      | 7598/20000 [2:29:12<4:07:00,  1.19s/it] 38%|      | 7613/20000 [2:29:30<4:06:42,  1.19s/it] 38%|      | 7680/20000 [2:30:53<4:07:36,  1.21s/it] 38%|      | 7693/20000 [2:31:10<4:07:20,  1.21s/it] 39%|      | 7758/20000 [2:32:34<4:11:24,  1.23s/it] 39%|      | 7771/20000 [2:32:50<4:11:08,  1.23s/it] 39%|      | 7841/20000 [2:34:14<4:08:24,  1.23s/it] 39%|      | 7853/20000 [2:34:30<4:08:09,  1.23s/it] 40%|      | 7924/20000 [2:35:55<4:05:41,  1.22s/it] 40%|      | 7935/20000 [2:36:10<4:05:27,  1.22s/it] 40%|      | 8008/20000 [2:37:35<4:02:24,  1.21s/it] 40%|      | 8019/20000 [2:37:50<4:02:11,  1.21s/it] 40%|      | 8089/20000 [2:39:15<4:02:22,  1.22s/it] 41%|      | 8101/20000 [2:39:30<4:02:07,  1.22s/it] 41%|      | 8171/20000 [2:40:56<4:00:53,  1.22s/it] 41%|      | 8183/20000 [2:41:10<4:00:38,  1.22s/it] 41%|     | 8259/20000 [2:42:37<3:54:31,  1.20s/it] 41%|     | 8270/20000 [2:42:50<3:54:18,  1.20s/it] 42%|     | 8344/20000 [2:44:18<3:52:07,  1.19s/it] 42%|     | 8353/20000 [2:44:30<3:51:57,  1.19s/it] 42%|     | 8431/20000 [2:45:59<3:48:30,  1.19s/it] 42%|     | 8440/20000 [2:46:10<3:48:19,  1.19s/it] 43%|     | 8522/20000 [2:47:39<3:41:43,  1.16s/it] 43%|     | 8532/20000 [2:47:50<3:41:32,  1.16s/it] 43%|     | 8610/20000 [2:49:20<3:39:24,  1.16s/it] 43%|     | 8627/20000 [2:49:40<3:39:04,  1.16s/it] 43%|     | 8699/20000 [2:51:01<3:36:23,  1.15s/it] 44%|     | 8715/20000 [2:51:20<3:36:05,  1.15s/it] 44%|     | 8788/20000 [2:52:41<3:33:29,  1.14s/it] 44%|     | 8803/20000 [2:53:00<3:33:11,  1.14s/it] 44%|     | 8873/20000 [2:54:22<3:33:52,  1.15s/it] 44%|     | 8888/20000 [2:54:40<3:33:35,  1.15s/it] 45%|     | 8955/20000 [2:56:02<3:35:57,  1.17s/it] 45%|     | 8970/20000 [2:56:20<3:35:39,  1.17s/it] 45%|     | 9040/20000 [2:57:43<3:34:58,  1.18s/it] 45%|     | 9054/20000 [2:58:00<3:34:41,  1.18s/it] 46%|     | 9126/20000 [2:59:23<3:32:51,  1.17s/it] 46%|     | 9139/20000 [2:59:40<3:32:36,  1.17s/it] 46%|     | 9211/20000 [3:01:03<3:31:23,  1.18s/it] 46%|     | 9223/20000 [3:01:20<3:31:09,  1.18s/it] 46%|     | 9292/20000 [3:02:44<3:33:21,  1.20s/it] 47%|     | 9305/20000 [3:03:00<3:33:05,  1.20s/it] 47%|     | 9373/20000 [3:04:25<3:34:01,  1.21s/it] 47%|     | 9384/20000 [3:04:40<3:33:47,  1.21s/it] 47%|     | 9458/20000 [3:06:05<3:31:11,  1.20s/it] 47%|     | 9470/20000 [3:06:20<3:30:56,  1.20s/it] 48%|     | 9547/20000 [3:07:47<3:25:46,  1.18s/it] 48%|     | 9558/20000 [3:08:00<3:25:33,  1.18s/it] 48%|     | 9634/20000 [3:09:27<3:22:40,  1.17s/it] 48%|     | 9645/20000 [3:09:40<3:22:27,  1.17s/it] 49%|     | 9717/20000 [3:11:08<3:23:03,  1.18s/it] 49%|     | 9726/20000 [3:11:20<3:22:52,  1.18s/it] 49%|     | 9801/20000 [3:12:48<3:21:41,  1.19s/it] 49%|     | 9811/20000 [3:13:00<3:21:29,  1.19s/it] 49%|     | 9881/20000 [3:14:28<3:23:27,  1.21s/it] 49%|     | 9891/20000 [3:14:40<3:23:15,  1.21s/it] 50%|     | 9963/20000 [3:16:08<3:22:30,  1.21s/it] 50%|     | 9973/20000 [3:16:20<3:22:18,  1.21s/it] 50%|     | 10048/20000 [3:17:48<3:19:08,  1.20s/it] 50%|     | 10058/20000 [3:18:00<3:18:56,  1.20s/it] 51%|     | 10135/20000 [3:19:29<3:15:12,  1.19s/it] 51%|     | 10144/20000 [3:19:40<3:15:01,  1.19s/it] 51%|     | 10216/20000 [3:21:09<3:16:01,  1.20s/it] 51%|     | 10223/20000 [3:21:20<3:15:53,  1.20s/it] 51%|    | 10296/20000 [3:22:49<3:16:44,  1.22s/it] 52%|    | 10304/20000 [3:23:00<3:16:34,  1.22s/it] 52%|    | 10382/20000 [3:24:30<3:12:40,  1.20s/it] 52%|    | 10397/20000 [3:24:50<3:12:22,  1.20s/it] 52%|    | 10468/20000 [3:26:10<3:09:16,  1.19s/it] 52%|    | 10484/20000 [3:26:30<3:08:57,  1.19s/it] 53%|    | 10556/20000 [3:27:51<3:05:25,  1.18s/it] 53%|    | 10571/20000 [3:28:10<3:05:08,  1.18s/it] 53%|    | 10644/20000 [3:29:31<3:01:43,  1.17s/it] 53%|    | 10659/20000 [3:29:50<3:01:25,  1.17s/it] 54%|    | 10730/20000 [3:31:13<3:00:40,  1.17s/it] 54%|    | 10743/20000 [3:31:30<3:00:25,  1.17s/it] 54%|    | 10811/20000 [3:32:54<3:02:39,  1.19s/it] 54%|    | 10822/20000 [3:33:10<3:02:26,  1.19s/it] 54%|    | 10892/20000 [3:34:34<3:03:01,  1.21s/it] 55%|    | 10905/20000 [3:34:50<3:02:45,  1.21s/it] 55%|    | 10973/20000 [3:36:15<3:03:08,  1.22s/it] 55%|    | 10985/20000 [3:36:30<3:02:54,  1.22s/it] 55%|    | 11056/20000 [3:37:56<3:01:23,  1.22s/it] 55%|    | 11067/20000 [3:38:10<3:01:10,  1.22s/it] 56%|    | 11141/20000 [3:39:36<2:57:51,  1.20s/it] 56%|    | 11152/20000 [3:39:50<2:57:38,  1.20s/it] 56%|    | 11225/20000 [3:41:16<2:55:34,  1.20s/it] 56%|    | 11236/20000 [3:41:30<2:55:21,  1.20s/it] 57%|    | 11307/20000 [3:42:57<2:55:13,  1.21s/it] 57%|    | 11317/20000 [3:43:10<2:55:01,  1.21s/it] 57%|    | 11389/20000 [3:44:38<2:54:30,  1.22s/it] 57%|    | 11398/20000 [3:44:50<2:54:19,  1.22s/it] 57%|    | 11469/20000 [3:46:19<2:54:46,  1.23s/it] 57%|    | 11477/20000 [3:46:30<2:54:36,  1.23s/it] 58%|    | 11551/20000 [3:48:00<2:53:06,  1.23s/it] 58%|    | 11567/20000 [3:48:20<2:52:47,  1.23s/it] 58%|    | 11636/20000 [3:49:41<2:49:44,  1.22s/it] 58%|    | 11651/20000 [3:50:00<2:49:26,  1.22s/it] 59%|    | 11721/20000 [3:51:22<2:46:45,  1.21s/it] 59%|    | 11735/20000 [3:51:40<2:46:28,  1.21s/it] 59%|    | 11805/20000 [3:53:03<2:44:55,  1.21s/it] 59%|    | 11817/20000 [3:53:20<2:44:41,  1.21s/it] 59%|    | 11885/20000 [3:54:44<2:45:26,  1.22s/it] 59%|    | 11898/20000 [3:55:00<2:45:10,  1.22s/it] 60%|    | 11970/20000 [3:56:25<2:42:11,  1.21s/it] 60%|    | 11981/20000 [3:56:40<2:41:58,  1.21s/it] 60%|    | 12050/20000 [3:58:05<2:42:14,  1.22s/it] 60%|    | 12062/20000 [3:58:20<2:41:59,  1.22s/it] 61%|    | 12137/20000 [3:59:47<2:38:00,  1.21s/it] 61%|    | 12146/20000 [4:00:00<2:37:49,  1.21s/it] 61%|    | 12215/20000 [4:01:27<2:39:26,  1.23s/it] 61%|    | 12226/20000 [4:01:40<2:39:12,  1.23s/it] 62%|   | 12301/20000 [4:03:09<2:35:43,  1.21s/it] 62%|   | 12310/20000 [4:03:20<2:35:33,  1.21s/it] 62%|   | 12389/20000 [4:04:49<2:30:55,  1.19s/it] 62%|   | 12398/20000 [4:05:00<2:30:44,  1.19s/it] 62%|   | 12474/20000 [4:06:29<2:29:06,  1.19s/it] 62%|   | 12483/20000 [4:06:40<2:28:55,  1.19s/it] 63%|   | 12562/20000 [4:08:10<2:25:31,  1.17s/it] 63%|   | 12579/20000 [4:08:30<2:25:11,  1.17s/it] 63%|   | 12650/20000 [4:09:51<2:22:42,  1.16s/it] 63%|   | 12667/20000 [4:10:10<2:22:22,  1.16s/it] 64%|   | 12738/20000 [4:11:32<2:20:30,  1.16s/it] 64%|   | 12752/20000 [4:11:50<2:20:13,  1.16s/it] 64%|   | 12821/20000 [4:13:13<2:20:51,  1.18s/it] 64%|   | 12835/20000 [4:13:30<2:20:35,  1.18s/it] 65%|   | 12904/20000 [4:14:54<2:20:40,  1.19s/it] 65%|   | 12917/20000 [4:15:10<2:20:24,  1.19s/it] 65%|   | 12988/20000 [4:16:35<2:19:22,  1.19s/it] 65%|   | 12999/20000 [4:16:50<2:19:09,  1.19s/it] 65%|   | 13064/20000 [4:18:15<2:21:54,  1.23s/it] 65%|   | 13076/20000 [4:18:30<2:21:39,  1.23s/it] 66%|   | 13144/20000 [4:19:55<2:21:10,  1.24s/it] 66%|   | 13156/20000 [4:20:10<2:20:55,  1.24s/it] 66%|   | 13228/20000 [4:21:36<2:18:12,  1.22s/it] 66%|   | 13240/20000 [4:21:50<2:17:57,  1.22s/it] 67%|   | 13316/20000 [4:23:17<2:13:25,  1.20s/it] 67%|   | 13326/20000 [4:23:30<2:13:13,  1.20s/it] 67%|   | 13400/20000 [4:24:57<2:11:46,  1.20s/it] 67%|   | 13410/20000 [4:25:10<2:11:34,  1.20s/it] 67%|   | 13482/20000 [4:26:38<2:11:01,  1.21s/it] 67%|   | 13491/20000 [4:26:50<2:10:50,  1.21s/it] 68%|   | 13566/20000 [4:28:18<2:09:02,  1.20s/it] 68%|   | 13574/20000 [4:28:30<2:08:53,  1.20s/it] 68%|   | 13643/20000 [4:29:58<2:10:25,  1.23s/it] 68%|   | 13651/20000 [4:30:10<2:10:15,  1.23s/it] 69%|   | 13724/20000 [4:31:40<2:09:23,  1.24s/it] 69%|   | 13731/20000 [4:31:50<2:09:14,  1.24s/it] 69%|   | 13805/20000 [4:33:21<2:08:08,  1.24s/it] 69%|   | 13819/20000 [4:33:40<2:07:50,  1.24s/it] 69%|   | 13888/20000 [4:35:02<2:05:28,  1.23s/it] 70%|   | 13902/20000 [4:35:20<2:05:11,  1.23s/it] 70%|   | 13975/20000 [4:36:43<2:01:28,  1.21s/it] 70%|   | 13989/20000 [4:37:00<2:01:11,  1.21s/it] 70%|   | 14061/20000 [4:38:24<1:58:40,  1.20s/it] 70%|   | 14074/20000 [4:38:40<1:58:24,  1.20s/it] 71%|   | 14143/20000 [4:40:04<1:57:54,  1.21s/it] 71%|   | 14156/20000 [4:40:20<1:57:39,  1.21s/it] 71%|   | 14224/20000 [4:41:45<1:57:17,  1.22s/it] 71%|   | 14235/20000 [4:42:00<1:57:04,  1.22s/it] 72%|  | 14304/20000 [4:43:26<1:56:43,  1.23s/it] 72%|  | 14314/20000 [4:43:40<1:56:31,  1.23s/it] 72%|  | 14383/20000 [4:45:06<1:56:06,  1.24s/it] 72%|  | 14394/20000 [4:45:20<1:55:52,  1.24s/it] 72%|  | 14459/20000 [4:46:46<1:56:48,  1.26s/it] 72%|  | 14470/20000 [4:47:00<1:56:34,  1.26s/it] 73%|  | 14543/20000 [4:48:27<1:53:12,  1.24s/it] 73%|  | 14553/20000 [4:48:40<1:53:00,  1.24s/it] 73%|  | 14627/20000 [4:50:08<1:50:13,  1.23s/it] 73%|  | 14637/20000 [4:50:20<1:50:01,  1.23s/it] 74%|  | 14714/20000 [4:51:48<1:46:14,  1.21s/it] 74%|  | 14723/20000 [4:52:00<1:46:03,  1.21s/it] 74%|  | 14803/20000 [4:53:28<1:42:17,  1.18s/it] 74%|  | 14812/20000 [4:53:40<1:42:07,  1.18s/it] 74%|  | 14892/20000 [4:55:09<1:39:07,  1.16s/it] 74%|  | 14900/20000 [4:55:20<1:38:57,  1.16s/it] 75%|  | 14981/20000 [4:56:50<1:36:39,  1.16s/it] 75%|  | 14990/20000 [4:57:00<1:36:28,  1.16s/it] 75%|  | 15076/20000 [4:58:31<1:32:22,  1.13s/it] 75%|  | 15094/20000 [4:58:50<1:32:02,  1.13s/it] 76%|  | 15165/20000 [5:00:11<1:30:40,  1.13s/it] 76%|  | 15181/20000 [5:00:30<1:30:22,  1.13s/it] 76%|  | 15254/20000 [5:01:51<1:29:03,  1.13s/it] 76%|  | 15272/20000 [5:02:10<1:28:43,  1.13s/it] 77%|  | 15345/20000 [5:03:32<1:26:58,  1.12s/it] 77%|  | 15360/20000 [5:03:50<1:26:41,  1.12s/it] 77%|  | 15431/20000 [5:05:13<1:26:36,  1.14s/it] 77%|  | 15445/20000 [5:05:30<1:26:20,  1.14s/it] 78%|  | 15517/20000 [5:06:54<1:25:38,  1.15s/it] 78%|  | 15530/20000 [5:07:10<1:25:23,  1.15s/it] 78%|  | 15605/20000 [5:08:35<1:24:01,  1.15s/it] 78%|  | 15618/20000 [5:08:50<1:23:46,  1.15s/it] 78%|  | 15693/20000 [5:10:16<1:22:19,  1.15s/it] 79%|  | 15705/20000 [5:10:30<1:22:06,  1.15s/it] 79%|  | 15781/20000 [5:11:56<1:20:29,  1.14s/it] 79%|  | 15792/20000 [5:12:10<1:20:16,  1.14s/it] 79%|  | 15866/20000 [5:13:37<1:19:38,  1.16s/it] 79%|  | 15876/20000 [5:13:50<1:19:27,  1.16s/it] 80%|  | 15956/20000 [5:15:17<1:17:08,  1.14s/it] 80%|  | 15968/20000 [5:15:30<1:16:54,  1.14s/it] 80%|  | 16041/20000 [5:16:58<1:16:11,  1.15s/it] 80%|  | 16051/20000 [5:17:10<1:16:00,  1.15s/it] 81%|  | 16123/20000 [5:18:38<1:15:57,  1.18s/it] 81%|  | 16131/20000 [5:18:50<1:15:48,  1.18s/it] 81%|  | 16204/20000 [5:20:19<1:15:44,  1.20s/it] 81%|  | 16213/20000 [5:20:30<1:15:33,  1.20s/it] 81%| | 16287/20000 [5:22:00<1:14:23,  1.20s/it] 82%| | 16303/20000 [5:22:20<1:14:04,  1.20s/it] 82%| | 16369/20000 [5:23:41<1:13:20,  1.21s/it] 82%| | 16383/20000 [5:24:00<1:13:03,  1.21s/it] 82%| | 16456/20000 [5:25:22<1:10:32,  1.19s/it] 82%| | 16470/20000 [5:25:40<1:10:15,  1.19s/it] 83%| | 16540/20000 [5:27:02<1:08:51,  1.19s/it] 83%| | 16553/20000 [5:27:20<1:08:36,  1.19s/it] 83%| | 16623/20000 [5:28:43<1:07:30,  1.20s/it] 83%| | 16637/20000 [5:29:00<1:07:13,  1.20s/it] 84%| | 16706/20000 [5:30:23<1:05:57,  1.20s/it] 84%| | 16720/20000 [5:30:40<1:05:40,  1.20s/it] 84%| | 16794/20000 [5:32:03<1:03:08,  1.18s/it] 84%| | 16809/20000 [5:32:20<1:02:50,  1.18s/it] 84%| | 16882/20000 [5:33:44<1:00:51,  1.17s/it] 84%| | 16896/20000 [5:34:00<1:00:34,  1.17s/it] 85%| | 16967/20000 [5:35:25<59:27,  1.18s/it]   85%| | 16979/20000 [5:35:40<59:13,  1.18s/it] 85%| | 17052/20000 [5:37:06<57:58,  1.18s/it] 85%| | 17063/20000 [5:37:20<57:45,  1.18s/it] 86%| | 17139/20000 [5:38:46<55:51,  1.17s/it] 86%| | 17150/20000 [5:39:00<55:39,  1.17s/it] 86%| | 17224/20000 [5:40:27<54:23,  1.18s/it] 86%| | 17233/20000 [5:40:40<54:12,  1.18s/it] 87%| | 17302/20000 [5:42:07<54:12,  1.21s/it] 87%| | 17312/20000 [5:42:20<54:00,  1.21s/it] 87%| | 17383/20000 [5:43:47<52:59,  1.22s/it] 87%| | 17393/20000 [5:44:00<52:47,  1.22s/it] 87%| | 17467/20000 [5:45:28<51:09,  1.21s/it] 87%| | 17476/20000 [5:45:40<50:58,  1.21s/it] 88%| | 17553/20000 [5:47:10<48:58,  1.20s/it] 88%| | 17562/20000 [5:47:20<48:47,  1.20s/it] 88%| | 17639/20000 [5:48:51<46:55,  1.19s/it] 88%| | 17656/20000 [5:49:10<46:35,  1.19s/it] 89%| | 17724/20000 [5:50:31<45:10,  1.19s/it] 89%| | 17738/20000 [5:50:50<44:54,  1.19s/it] 89%| | 17805/20000 [5:52:13<44:12,  1.21s/it] 89%| | 17818/20000 [5:52:30<43:56,  1.21s/it] 89%| | 17889/20000 [5:53:54<42:28,  1.21s/it] 90%| | 17901/20000 [5:54:10<42:14,  1.21s/it] 90%| | 17970/20000 [5:55:34<41:08,  1.22s/it] 90%| | 17983/20000 [5:55:50<40:53,  1.22s/it] 90%| | 18053/20000 [5:57:15<39:28,  1.22s/it] 90%| | 18064/20000 [5:57:30<39:14,  1.22s/it] 91%| | 18138/20000 [5:58:56<37:26,  1.21s/it] 91%| | 18151/20000 [5:59:10<37:10,  1.21s/it] 91%| | 18221/20000 [6:00:36<35:48,  1.21s/it] 91%| | 18233/20000 [6:00:50<35:34,  1.21s/it] 92%|| 18304/20000 [6:02:18<34:14,  1.21s/it] 92%|| 18314/20000 [6:02:30<34:02,  1.21s/it] 92%|| 18391/20000 [6:03:58<32:02,  1.19s/it] 92%|| 18402/20000 [6:04:10<31:49,  1.19s/it] 92%|| 18478/20000 [6:05:39<30:01,  1.18s/it] 92%|| 18486/20000 [6:05:50<29:52,  1.18s/it] 93%|| 18559/20000 [6:07:20<28:50,  1.20s/it] 93%|| 18567/20000 [6:07:30<28:40,  1.20s/it] 93%|| 18644/20000 [6:09:00<26:59,  1.19s/it] 93%|| 18660/20000 [6:09:20<26:40,  1.19s/it] 94%|| 18730/20000 [6:10:41<25:09,  1.19s/it] 94%|| 18744/20000 [6:11:00<24:53,  1.19s/it] 94%|| 18811/20000 [6:12:22<23:51,  1.20s/it] 94%|| 18826/20000 [6:12:40<23:33,  1.20s/it] 94%|| 18893/20000 [6:14:03<22:21,  1.21s/it] 95%|| 18907/20000 [6:14:20<22:04,  1.21s/it] 95%|| 18974/20000 [6:15:43<20:51,  1.22s/it] 95%|| 18987/20000 [6:16:00<20:35,  1.22s/it] 95%|| 19053/20000 [6:17:24<19:31,  1.24s/it] 95%|| 19066/20000 [6:17:40<19:15,  1.24s/it] 96%|| 19134/20000 [6:19:04<17:51,  1.24s/it] 96%|| 19147/20000 [6:19:20<17:35,  1.24s/it] 96%|| 19221/20000 [6:20:45<15:44,  1.21s/it] 96%|| 19233/20000 [6:21:00<15:29,  1.21s/it] 97%|| 19305/20000 [6:22:25<13:58,  1.21s/it] 97%|| 19317/20000 [6:22:40<13:44,  1.21s/it] 97%|| 19394/20000 [6:24:06<11:57,  1.18s/it] 97%|| 19405/20000 [6:24:20<11:44,  1.18s/it] 97%|| 19483/20000 [6:25:47<10:04,  1.17s/it] 97%|| 19494/20000 [6:26:00<09:51,  1.17s/it] 98%|| 19572/20000 [6:27:28<08:15,  1.16s/it] 98%|| 19583/20000 [6:27:40<08:02,  1.16s/it] 98%|| 19664/20000 [6:29:09<06:22,  1.14s/it] 98%|| 19673/20000 [6:29:20<06:11,  1.14s/it] 99%|| 19748/20000 [6:30:49<04:50,  1.15s/it] 99%|| 19758/20000 [6:31:00<04:39,  1.15s/it] 99%|| 19841/20000 [6:32:29<02:59,  1.13s/it] 99%|| 19850/20000 [6:32:40<02:49,  1.13s/it]100%|| 19932/20000 [6:34:09<01:16,  1.12s/it]100%|| 19941/20000 [6:34:20<01:06,  1.12s/it]100%|| 20000/20000 [6:35:22<00:00,  1.19s/it]

Analysis complete. Found 1 cluster(s) meeting the MCMC criterion.
Accepted cluster indices: [1]

--- Processing Final Results for Cluster 1 ---
--- MCMC Parameter Constraints for Cluster 1 ---
  x_src = 205.889 +0.509 / -0.399
  y_src = 192.694 +0.173 / -0.138
    z_s = 3.305 +0.209 / -0.169
Saving localization results for Cluster 1...
Processing results for Cluster 1...
-> Saved 340000 samples to /users/hiu-yeung.cheng/clusterlensing/out/row10/test_tidy_row10/cluster_1_posterior.npz
Updated CSV row 10 with result for cluster 1.
Loading data from /users/hiu-yeung.cheng/clusterlensing/out/row10/test_tidy_row10/cluster_1_posterior.npz...

Generating corner plot...
-> Corner plot saved to /users/hiu-yeung.cheng/clusterlensing/out/row10/test_tidy_row10/cluster_1_corner_from_saved.png

Generating trace plot...
-> Trace plot saved to /users/hiu-yeung.cheng/clusterlensing/out/row10/test_tidy_row10/cluster_1_trace.png
