Row=1 OUT_DIR=/users/hiu-yeung.cheng/clusterlensing/out/row1 DE_PROCS=16 MCMC_PROCS=16
DEBUG: Initializing ClusterLensing with z_s_ref = 3.78706609319303
Setup complete. Lensing system initialized.
True time delays: [    0.         12539.52827758 15515.68976488 16397.06106911
 16586.61759678]
True luminosity distances: 33595.75730757021
Lensed luminosity distances: [   6166.00313594    7563.34811137    6365.60311256   10704.35559183
 5835998.12627354]

Running the full analysis pipeline...
--- Running DE for Cluster 0 ---
[DE] Process Pool with 16 procs (init=latinhypercube, popsize=50)
differential_evolution step 1: f(x)= 152.2878022611792
differential_evolution step 2: f(x)= 152.2878022611792
differential_evolution step 3: f(x)= 152.2878022611792
differential_evolution step 4: f(x)= 152.2878022611792
differential_evolution step 5: f(x)= 152.2878022611792
differential_evolution step 6: f(x)= 152.2878022611792
differential_evolution step 7: f(x)= 152.2878022611792
differential_evolution step 8: f(x)= 152.2878022611792
differential_evolution step 9: f(x)= 152.2878022611792
differential_evolution step 10: f(x)= 152.2878022611792
differential_evolution step 11: f(x)= 152.2878022611792
differential_evolution step 12: f(x)= 108.93338983687009
differential_evolution step 13: f(x)= 108.93338983687009
differential_evolution step 14: f(x)= 108.93338983687009
differential_evolution step 15: f(x)= 108.93338983687009
differential_evolution step 16: f(x)= 108.93338983687009
differential_evolution step 17: f(x)= 108.93338983687009
differential_evolution step 18: f(x)= 41.87671434283851
differential_evolution step 19: f(x)= 41.87671434283851
differential_evolution step 20: f(x)= 41.87671434283851
differential_evolution step 21: f(x)= 41.87671434283851
differential_evolution step 22: f(x)= 41.87671434283851
differential_evolution step 23: f(x)= 41.87671434283851
differential_evolution step 24: f(x)= 41.87671434283851
differential_evolution step 25: f(x)= 34.49425445680204
differential_evolution step 26: f(x)= 30.852844342595084
differential_evolution step 27: f(x)= 30.852844342595084
differential_evolution step 28: f(x)= 30.852844342595084
differential_evolution step 29: f(x)= 30.852844342595084
differential_evolution step 30: f(x)= 19.668711594579925
differential_evolution step 31: f(x)= 19.668711594579925
differential_evolution step 32: f(x)= 19.668711594579925
differential_evolution step 33: f(x)= 19.668711594579925
differential_evolution step 34: f(x)= 19.668711594579925
differential_evolution step 35: f(x)= 19.668711594579925
differential_evolution step 36: f(x)= 19.668711594579925
differential_evolution step 37: f(x)= 19.668711594579925
differential_evolution step 38: f(x)= 19.668711594579925
differential_evolution step 39: f(x)= 19.668711594579925
differential_evolution step 40: f(x)= 19.668711594579925
differential_evolution step 41: f(x)= 19.668711594579925
differential_evolution step 42: f(x)= 3.2016636096616127
differential_evolution step 43: f(x)= 3.2016636096616127
differential_evolution step 44: f(x)= 3.2016636096616127
differential_evolution step 45: f(x)= 3.2016636096616127
differential_evolution step 46: f(x)= 3.2016636096616127
differential_evolution step 47: f(x)= 1.5190427599548235
differential_evolution step 48: f(x)= 1.5190427599548235
differential_evolution step 49: f(x)= 1.5190427599548235
differential_evolution step 50: f(x)= 1.5190427599548235
differential_evolution step 51: f(x)= 1.5190427599548235
differential_evolution step 52: f(x)= 1.5190427599548235
differential_evolution step 53: f(x)= 1.1475160444189698
differential_evolution step 54: f(x)= 0.35318591031415103
differential_evolution step 55: f(x)= 0.35318591031415103
differential_evolution step 56: f(x)= 0.35318591031415103
differential_evolution step 57: f(x)= 0.35318591031415103
differential_evolution step 58: f(x)= 0.061677291496869235
differential_evolution step 59: f(x)= 0.061677291496869235
differential_evolution step 60: f(x)= 0.061677291496869235
differential_evolution step 61: f(x)= 0.061677291496869235
differential_evolution step 62: f(x)= 0.049637297777268455
differential_evolution step 63: f(x)= 0.049637297777268455
differential_evolution step 64: f(x)= 0.049637297777268455
differential_evolution step 65: f(x)= 0.049637297777268455
differential_evolution step 66: f(x)= 0.049637297777268455
differential_evolution step 67: f(x)= 0.049637297777268455
differential_evolution step 68: f(x)= 0.049637297777268455
differential_evolution step 69: f(x)= 0.049637297777268455
differential_evolution step 70: f(x)= 0.036684589097885405
differential_evolution step 71: f(x)= 0.001104886053113072
Cluster 0 DE best chi^2: 0.001 with params {'x_src': np.float64(73.73348463128404), 'y_src': np.float64(81.11224319262965), 'z_s': np.float64(3.785588440954081)}
--- Running DE for Cluster 1 ---
[DE] Process Pool with 16 procs (init=latinhypercube, popsize=50)
differential_evolution step 1: f(x)= 1044.93579642666
differential_evolution step 2: f(x)= 1044.93579642666
differential_evolution step 3: f(x)= 1044.93579642666
differential_evolution step 4: f(x)= 1044.93579642666
differential_evolution step 5: f(x)= 1044.93579642666
differential_evolution step 6: f(x)= 1044.93579642666
differential_evolution step 7: f(x)= 1044.93579642666
differential_evolution step 8: f(x)= 1044.93579642666
differential_evolution step 9: f(x)= 568.7994187079549
differential_evolution step 10: f(x)= 568.7994187079549
differential_evolution step 11: f(x)= 568.7994187079549
differential_evolution step 12: f(x)= 568.7994187079549
differential_evolution step 13: f(x)= 568.7994187079549
differential_evolution step 14: f(x)= 568.7994187079549
differential_evolution step 15: f(x)= 568.7994187079549
differential_evolution step 16: f(x)= 568.7994187079549
differential_evolution step 17: f(x)= 270.891652112665
differential_evolution step 18: f(x)= 270.891652112665
differential_evolution step 19: f(x)= 270.891652112665
differential_evolution step 20: f(x)= 270.891652112665
differential_evolution step 21: f(x)= 270.891652112665
differential_evolution step 22: f(x)= 270.891652112665
differential_evolution step 23: f(x)= 270.891652112665
differential_evolution step 24: f(x)= 270.891652112665
differential_evolution step 25: f(x)= 270.891652112665
differential_evolution step 26: f(x)= 270.891652112665
differential_evolution step 27: f(x)= 270.891652112665
differential_evolution step 28: f(x)= 270.891652112665
differential_evolution step 29: f(x)= 270.891652112665
differential_evolution step 30: f(x)= 270.891652112665
differential_evolution step 31: f(x)= 270.891652112665
differential_evolution step 32: f(x)= 270.891652112665
differential_evolution step 33: f(x)= 270.891652112665
differential_evolution step 34: f(x)= 270.891652112665
differential_evolution step 35: f(x)= 270.891652112665
differential_evolution step 36: f(x)= 270.891652112665
differential_evolution step 37: f(x)= 270.891652112665
differential_evolution step 38: f(x)= 270.891652112665
differential_evolution step 39: f(x)= 270.891652112665
differential_evolution step 40: f(x)= 270.891652112665
differential_evolution step 41: f(x)= 270.891652112665
differential_evolution step 42: f(x)= 270.891652112665
differential_evolution step 43: f(x)= 270.891652112665
differential_evolution step 44: f(x)= 186.96748775158284
differential_evolution step 45: f(x)= 186.96748775158284
differential_evolution step 46: f(x)= 186.96748775158284
differential_evolution step 47: f(x)= 186.96748775158284
differential_evolution step 48: f(x)= 186.96748775158284
differential_evolution step 49: f(x)= 186.96748775158284
differential_evolution step 50: f(x)= 186.96748775158284
differential_evolution step 51: f(x)= 186.96748775158284
differential_evolution step 52: f(x)= 186.96748775158284
differential_evolution step 53: f(x)= 186.96748775158284
differential_evolution step 54: f(x)= 186.96748775158284
differential_evolution step 55: f(x)= 186.96748775158284
differential_evolution step 56: f(x)= 186.96748775158284
differential_evolution step 57: f(x)= 186.96748775158284
differential_evolution step 58: f(x)= 186.96748775158284
differential_evolution step 59: f(x)= 186.96748775158284
differential_evolution step 60: f(x)= 186.96748775158284
differential_evolution step 61: f(x)= 186.96748775158284
differential_evolution step 62: f(x)= 186.96748775158284
differential_evolution step 63: f(x)= 186.96748775158284
differential_evolution step 64: f(x)= 186.96748775158284
differential_evolution step 65: f(x)= 186.96748775158284
differential_evolution step 66: f(x)= 186.96748775158284
differential_evolution step 67: f(x)= 186.96748775158284
differential_evolution step 68: f(x)= 186.96748775158284
differential_evolution step 69: f(x)= 186.96748775158284
differential_evolution step 70: f(x)= 186.96748775158284
differential_evolution step 71: f(x)= 186.96748775158284
differential_evolution step 72: f(x)= 186.96748775158284
differential_evolution step 73: f(x)= 186.96748775158284
differential_evolution step 74: f(x)= 186.96748775158284
differential_evolution step 75: f(x)= 186.96748775158284
differential_evolution step 76: f(x)= 186.96748775158284
differential_evolution step 77: f(x)= 186.96748775158284
differential_evolution step 78: f(x)= 186.96748775158284
differential_evolution step 79: f(x)= 185.4231167572326
differential_evolution step 80: f(x)= 185.4231167572326
differential_evolution step 81: f(x)= 185.4231167572326
differential_evolution step 82: f(x)= 182.286849097326
differential_evolution step 83: f(x)= 182.286849097326
differential_evolution step 84: f(x)= 182.286849097326
differential_evolution step 85: f(x)= 182.286849097326
differential_evolution step 86: f(x)= 182.286849097326
differential_evolution step 87: f(x)= 182.286849097326
differential_evolution step 88: f(x)= 182.286849097326
differential_evolution step 89: f(x)= 182.286849097326
differential_evolution step 90: f(x)= 182.286849097326
differential_evolution step 91: f(x)= 182.286849097326
differential_evolution step 92: f(x)= 182.286849097326
differential_evolution step 93: f(x)= 182.286849097326
differential_evolution step 94: f(x)= 182.286849097326
differential_evolution step 95: f(x)= 182.286849097326
differential_evolution step 96: f(x)= 182.286849097326
differential_evolution step 97: f(x)= 181.71148971138496
differential_evolution step 98: f(x)= 181.71148971138496
differential_evolution step 99: f(x)= 180.76234170932906
differential_evolution step 100: f(x)= 180.76234170932906
differential_evolution step 101: f(x)= 180.76234170932906
differential_evolution step 102: f(x)= 180.76234170932906
differential_evolution step 103: f(x)= 180.76234170932906
differential_evolution step 104: f(x)= 180.76234170932906
differential_evolution step 105: f(x)= 180.76234170932906
differential_evolution step 106: f(x)= 180.52552600312265
differential_evolution step 107: f(x)= 180.52552600312265
differential_evolution step 108: f(x)= 180.52552600312265
differential_evolution step 109: f(x)= 180.50765594048073
differential_evolution step 110: f(x)= 180.50765594048073
differential_evolution step 111: f(x)= 180.01454727709427
differential_evolution step 112: f(x)= 180.01454727709427
differential_evolution step 113: f(x)= 180.01454727709427
differential_evolution step 114: f(x)= 180.01454727709427
differential_evolution step 115: f(x)= 180.01454727709427
differential_evolution step 116: f(x)= 179.95165632960493
differential_evolution step 117: f(x)= 179.95165632960493
differential_evolution step 118: f(x)= 179.70534920402687
differential_evolution step 119: f(x)= 179.70534920402687
differential_evolution step 120: f(x)= 179.70534920402687
differential_evolution step 121: f(x)= 179.70534920402687
differential_evolution step 122: f(x)= 179.70534920402687
differential_evolution step 123: f(x)= 179.70534920402687
differential_evolution step 124: f(x)= 179.70534920402687
differential_evolution step 125: f(x)= 179.70534920402687
differential_evolution step 126: f(x)= 179.70534920402687
differential_evolution step 127: f(x)= 179.70534920402687
differential_evolution step 128: f(x)= 179.70534920402687
differential_evolution step 129: f(x)= 179.70534920402687
differential_evolution step 130: f(x)= 179.68864659173877
differential_evolution step 131: f(x)= 179.68864659173877
differential_evolution step 132: f(x)= 179.68864659173877
differential_evolution step 133: f(x)= 179.68864659173877
differential_evolution step 134: f(x)= 179.68864659173877
differential_evolution step 135: f(x)= 179.68864659173877
differential_evolution step 136: f(x)= 179.68864659173877
differential_evolution step 137: f(x)= 179.68864659173877
differential_evolution step 138: f(x)= 179.68864659173877
differential_evolution step 139: f(x)= 179.68864659173877
differential_evolution step 140: f(x)= 179.68864659173877
differential_evolution step 141: f(x)= 179.68864659173877
differential_evolution step 142: f(x)= 179.6845714867524
differential_evolution step 143: f(x)= 179.6845714867524
differential_evolution step 144: f(x)= 179.6845714867524
differential_evolution step 145: f(x)= 179.6845714867524
differential_evolution step 146: f(x)= 179.6845714867524
differential_evolution step 147: f(x)= 179.6845714867524
differential_evolution step 148: f(x)= 179.6845714867524
differential_evolution step 149: f(x)= 179.6845714867524
differential_evolution step 150: f(x)= 179.6845714867524
differential_evolution step 151: f(x)= 179.6845714867524
differential_evolution step 152: f(x)= 179.6845714867524
differential_evolution step 153: f(x)= 179.6655094054703
differential_evolution step 154: f(x)= 179.6655094054703
differential_evolution step 155: f(x)= 179.6655094054703
differential_evolution step 156: f(x)= 179.65931098896866
differential_evolution step 157: f(x)= 179.65219575184878
differential_evolution step 158: f(x)= 179.65219575184878
differential_evolution step 159: f(x)= 179.6332156444554
differential_evolution step 160: f(x)= 179.6332156444554
differential_evolution step 161: f(x)= 179.6332156444554
differential_evolution step 162: f(x)= 179.6332156444554
differential_evolution step 163: f(x)= 179.6332156444554
differential_evolution step 164: f(x)= 179.6332156444554
differential_evolution step 165: f(x)= 179.63225269649885
differential_evolution step 166: f(x)= 179.60709849290652
differential_evolution step 167: f(x)= 179.60709849290652
differential_evolution step 168: f(x)= 179.60709849290652
differential_evolution step 169: f(x)= 179.60709849290652
differential_evolution step 170: f(x)= 179.60709849290652
differential_evolution step 171: f(x)= 179.60709849290652
differential_evolution step 172: f(x)= 179.60709849290652
differential_evolution step 173: f(x)= 179.60709849290652
differential_evolution step 174: f(x)= 179.60709849290652
differential_evolution step 175: f(x)= 179.60709849290652
differential_evolution step 176: f(x)= 179.60709849290652
differential_evolution step 177: f(x)= 179.606923009842
differential_evolution step 178: f(x)= 179.606923009842
differential_evolution step 179: f(x)= 179.59753734351256
differential_evolution step 180: f(x)= 179.59753734351256
differential_evolution step 181: f(x)= 179.59753734351256
differential_evolution step 182: f(x)= 179.59753734351256
differential_evolution step 183: f(x)= 179.59500670196292
differential_evolution step 184: f(x)= 179.59500670196292
differential_evolution step 185: f(x)= 179.59500670196292
differential_evolution step 186: f(x)= 179.59500670196292
differential_evolution step 187: f(x)= 179.59000229537807
differential_evolution step 188: f(x)= 179.570181858604
differential_evolution step 189: f(x)= 179.570181858604
differential_evolution step 190: f(x)= 179.56895932542588
differential_evolution step 191: f(x)= 179.56895932542588
differential_evolution step 192: f(x)= 179.56895932542588
differential_evolution step 193: f(x)= 179.56895932542588
differential_evolution step 194: f(x)= 179.56175969265882
differential_evolution step 195: f(x)= 179.56175969265882
differential_evolution step 196: f(x)= 179.56175969265882
differential_evolution step 197: f(x)= 179.56175969265882
differential_evolution step 198: f(x)= 179.56175969265882
differential_evolution step 199: f(x)= 179.56175969265882
differential_evolution step 200: f(x)= 179.56175969265882
Cluster 1 DE best chi^2: 179.562 with params {'x_src': np.float64(208.44768747607287), 'y_src': np.float64(199.3615169966556), 'z_s': np.float64(1.6574615035726068)}
--- Running DE for Cluster 2 ---
[DE] Process Pool with 16 procs (init=latinhypercube, popsize=50)
differential_evolution step 1: f(x)= 200.70862683828295
differential_evolution step 2: f(x)= 200.70862683828295
differential_evolution step 3: f(x)= 200.70862683828295
differential_evolution step 4: f(x)= 200.70862683828295
differential_evolution step 5: f(x)= 200.70862683828295
differential_evolution step 6: f(x)= 200.70862683828295
differential_evolution step 7: f(x)= 200.70862683828295
differential_evolution step 8: f(x)= 200.70862683828295
differential_evolution step 9: f(x)= 200.70862683828295
differential_evolution step 10: f(x)= 200.70862683828295
differential_evolution step 11: f(x)= 200.70862683828295
differential_evolution step 12: f(x)= 200.70862683828295
differential_evolution step 13: f(x)= 200.70862683828295
differential_evolution step 14: f(x)= 180.2875586525215
differential_evolution step 15: f(x)= 168.74469047447553
differential_evolution step 16: f(x)= 168.74469047447553
differential_evolution step 17: f(x)= 168.74469047447553
differential_evolution step 18: f(x)= 168.74469047447553
differential_evolution step 19: f(x)= 165.64596327543973
differential_evolution step 20: f(x)= 165.64596327543973
differential_evolution step 21: f(x)= 165.64596327543973
differential_evolution step 22: f(x)= 159.50156749896428
differential_evolution step 23: f(x)= 159.50156749896428
differential_evolution step 24: f(x)= 155.68426045257638
differential_evolution step 25: f(x)= 155.68426045257638
differential_evolution step 26: f(x)= 155.68426045257638
differential_evolution step 27: f(x)= 155.68426045257638
differential_evolution step 28: f(x)= 155.68426045257638
differential_evolution step 29: f(x)= 155.68426045257638
differential_evolution step 30: f(x)= 155.68426045257638
differential_evolution step 31: f(x)= 155.68426045257638
differential_evolution step 32: f(x)= 155.68426045257638
differential_evolution step 33: f(x)= 155.68426045257638
differential_evolution step 34: f(x)= 155.68426045257638
differential_evolution step 35: f(x)= 155.68426045257638
differential_evolution step 36: f(x)= 154.74736809837765
differential_evolution step 37: f(x)= 154.5197718144337
differential_evolution step 38: f(x)= 152.72327010261182
differential_evolution step 39: f(x)= 152.72327010261182
differential_evolution step 40: f(x)= 152.72327010261182
differential_evolution step 41: f(x)= 150.6435195578169
differential_evolution step 42: f(x)= 150.6435195578169
differential_evolution step 43: f(x)= 150.6435195578169
differential_evolution step 44: f(x)= 150.1732124792024
differential_evolution step 45: f(x)= 150.1732124792024
differential_evolution step 46: f(x)= 150.1732124792024
differential_evolution step 47: f(x)= 150.1732124792024
differential_evolution step 48: f(x)= 150.1732124792024
differential_evolution step 49: f(x)= 149.65948781420065
differential_evolution step 50: f(x)= 149.65948781420065
differential_evolution step 51: f(x)= 149.65948781420065
differential_evolution step 52: f(x)= 149.65948781420065
differential_evolution step 53: f(x)= 149.65948781420065
differential_evolution step 54: f(x)= 149.65948781420065
differential_evolution step 55: f(x)= 149.65948781420065
differential_evolution step 56: f(x)= 149.65948781420065
differential_evolution step 57: f(x)= 149.36892743709063
differential_evolution step 58: f(x)= 149.36892743709063
differential_evolution step 59: f(x)= 149.36892743709063
differential_evolution step 60: f(x)= 149.36892743709063
differential_evolution step 61: f(x)= 149.36892743709063
differential_evolution step 62: f(x)= 149.36892743709063
differential_evolution step 63: f(x)= 149.36892743709063
differential_evolution step 64: f(x)= 149.36892743709063
differential_evolution step 65: f(x)= 149.36892743709063
differential_evolution step 66: f(x)= 149.29581610570645
differential_evolution step 67: f(x)= 149.29581610570645
differential_evolution step 68: f(x)= 149.29581610570645
differential_evolution step 69: f(x)= 148.87703690281543
differential_evolution step 70: f(x)= 148.87703690281543
differential_evolution step 71: f(x)= 148.87703690281543
differential_evolution step 72: f(x)= 148.87703690281543
differential_evolution step 73: f(x)= 148.87703690281543
differential_evolution step 74: f(x)= 148.87703690281543
differential_evolution step 75: f(x)= 148.87703690281543
differential_evolution step 76: f(x)= 148.87703690281543
differential_evolution step 77: f(x)= 148.87703690281543
differential_evolution step 78: f(x)= 148.87703690281543
differential_evolution step 79: f(x)= 148.79884405330762
differential_evolution step 80: f(x)= 148.79884405330762
differential_evolution step 81: f(x)= 148.72320141258746
differential_evolution step 82: f(x)= 148.72320141258746
differential_evolution step 83: f(x)= 148.72320141258746
differential_evolution step 84: f(x)= 148.72320141258746
differential_evolution step 85: f(x)= 148.72320141258746
differential_evolution step 86: f(x)= 148.72320141258746
differential_evolution step 87: f(x)= 148.72320141258746
differential_evolution step 88: f(x)= 148.72320141258746
differential_evolution step 89: f(x)= 148.72320141258746
differential_evolution step 90: f(x)= 148.72320141258746
differential_evolution step 91: f(x)= 148.66726057807597
differential_evolution step 92: f(x)= 148.66726057807597
differential_evolution step 93: f(x)= 148.66726057807597
differential_evolution step 94: f(x)= 148.66726057807597
differential_evolution step 95: f(x)= 148.66726057807597
differential_evolution step 96: f(x)= 148.66726057807597
differential_evolution step 97: f(x)= 148.66726057807597
differential_evolution step 98: f(x)= 148.66726057807597
differential_evolution step 99: f(x)= 148.66726057807597
differential_evolution step 100: f(x)= 148.6154230465554
differential_evolution step 101: f(x)= 148.6154230465554
differential_evolution step 102: f(x)= 148.6154230465554
differential_evolution step 103: f(x)= 148.6154230465554
differential_evolution step 104: f(x)= 148.6154230465554
differential_evolution step 105: f(x)= 148.6154230465554
differential_evolution step 106: f(x)= 148.6154230465554
differential_evolution step 107: f(x)= 148.6154230465554
differential_evolution step 108: f(x)= 148.6154230465554
differential_evolution step 109: f(x)= 148.6154230465554
differential_evolution step 110: f(x)= 148.6154230465554
differential_evolution step 111: f(x)= 148.6154230465554
differential_evolution step 112: f(x)= 148.6154230465554
differential_evolution step 113: f(x)= 148.6154230465554
differential_evolution step 114: f(x)= 148.6154230465554
differential_evolution step 115: f(x)= 148.6154230465554
differential_evolution step 116: f(x)= 148.6154230465554
differential_evolution step 117: f(x)= 148.6154230465554
differential_evolution step 118: f(x)= 148.6154230465554
differential_evolution step 119: f(x)= 148.6154230465554
differential_evolution step 120: f(x)= 148.6154230465554
differential_evolution step 121: f(x)= 148.6063542723459
differential_evolution step 122: f(x)= 148.6063542723459
differential_evolution step 123: f(x)= 148.6063542723459
differential_evolution step 124: f(x)= 148.6063542723459
differential_evolution step 125: f(x)= 148.6063542723459
differential_evolution step 126: f(x)= 148.6063542723459
differential_evolution step 127: f(x)= 148.6063542723459
differential_evolution step 128: f(x)= 148.6063542723459
differential_evolution step 129: f(x)= 148.6063542723459
differential_evolution step 130: f(x)= 148.6063542723459
differential_evolution step 131: f(x)= 148.6063542723459
differential_evolution step 132: f(x)= 148.6063542723459
differential_evolution step 133: f(x)= 148.6063542723459
differential_evolution step 134: f(x)= 148.6063542723459
differential_evolution step 135: f(x)= 148.6063542723459
differential_evolution step 136: f(x)= 148.6063542723459
differential_evolution step 137: f(x)= 148.6063542723459
differential_evolution step 138: f(x)= 148.6063542723459
differential_evolution step 139: f(x)= 148.6063542723459
differential_evolution step 140: f(x)= 148.6063542723459
differential_evolution step 141: f(x)= 148.6063542723459
differential_evolution step 142: f(x)= 148.6063542723459
differential_evolution step 143: f(x)= 148.6063542723459
differential_evolution step 144: f(x)= 148.6063542723459
differential_evolution step 145: f(x)= 148.6063542723459
differential_evolution step 146: f(x)= 148.60597777760367
differential_evolution step 147: f(x)= 148.60597777760367
differential_evolution step 148: f(x)= 148.6037490250356
differential_evolution step 149: f(x)= 148.58467343320336
differential_evolution step 150: f(x)= 148.58467343320336
differential_evolution step 151: f(x)= 148.58294523882705
differential_evolution step 152: f(x)= 148.58294523882705
differential_evolution step 153: f(x)= 148.58294523882705
differential_evolution step 154: f(x)= 148.58294523882705
differential_evolution step 155: f(x)= 148.58294523882705
differential_evolution step 156: f(x)= 148.58294523882705
differential_evolution step 157: f(x)= 148.58294523882705
differential_evolution step 158: f(x)= 148.58294523882705
differential_evolution step 159: f(x)= 148.58294523882705
differential_evolution step 160: f(x)= 148.58294523882705
differential_evolution step 161: f(x)= 148.58294523882705
differential_evolution step 162: f(x)= 148.58294523882705
differential_evolution step 163: f(x)= 148.58294523882705
differential_evolution step 164: f(x)= 148.58032757771926
differential_evolution step 165: f(x)= 148.58032757771926
differential_evolution step 166: f(x)= 148.58032757771926
differential_evolution step 167: f(x)= 148.58032757771926
differential_evolution step 168: f(x)= 148.57604085502598
differential_evolution step 169: f(x)= 148.57604085502598
differential_evolution step 170: f(x)= 148.57604085502598
differential_evolution step 171: f(x)= 148.57604085502598
differential_evolution step 172: f(x)= 148.57604085502598
differential_evolution step 173: f(x)= 148.57604085502598
differential_evolution step 174: f(x)= 148.57604085502598
differential_evolution step 175: f(x)= 148.57604085502598
differential_evolution step 176: f(x)= 148.57604085502598
differential_evolution step 177: f(x)= 148.57604085502598
differential_evolution step 178: f(x)= 148.57604085502598
differential_evolution step 179: f(x)= 148.57604085502598
differential_evolution step 180: f(x)= 148.57604085502598
differential_evolution step 181: f(x)= 148.5744273460699
differential_evolution step 182: f(x)= 148.5744273460699
differential_evolution step 183: f(x)= 148.5744273460699
differential_evolution step 184: f(x)= 148.5744273460699
differential_evolution step 185: f(x)= 148.5744273460699
differential_evolution step 186: f(x)= 148.5744273460699
differential_evolution step 187: f(x)= 148.5722211098653
differential_evolution step 188: f(x)= 148.5722211098653
differential_evolution step 189: f(x)= 148.5722211098653
differential_evolution step 190: f(x)= 148.5722211098653
differential_evolution step 191: f(x)= 148.5722211098653
differential_evolution step 192: f(x)= 148.5722211098653
differential_evolution step 193: f(x)= 148.5722211098653
differential_evolution step 194: f(x)= 148.5722211098653
differential_evolution step 195: f(x)= 148.5722211098653
differential_evolution step 196: f(x)= 148.5722211098653
differential_evolution step 197: f(x)= 148.5722211098653
differential_evolution step 198: f(x)= 148.5722211098653
differential_evolution step 199: f(x)= 148.5722211098653
differential_evolution step 200: f(x)= 148.5722211098653
Cluster 2 DE best chi^2: 148.572 with params {'x_src': np.float64(96.71408142934203), 'y_src': np.float64(98.59367146408839), 'z_s': np.float64(2.42237266353512)}
--- Running DE for Cluster 3 ---
[DE] Process Pool with 16 procs (init=latinhypercube, popsize=50)
differential_evolution step 1: f(x)= 4242.640687119286
differential_evolution step 2: f(x)= 4242.640687119286
differential_evolution step 3: f(x)= 4242.640687119286
differential_evolution step 4: f(x)= 3000.0
differential_evolution step 5: f(x)= 3000.0
differential_evolution step 6: f(x)= 3000.0
differential_evolution step 7: f(x)= 3000.0
differential_evolution step 8: f(x)= 3000.0
differential_evolution step 9: f(x)= 3000.0
differential_evolution step 10: f(x)= 3000.0
differential_evolution step 11: f(x)= 2344.232147907824
differential_evolution step 12: f(x)= 2033.8410125284995
differential_evolution step 13: f(x)= 2033.8410125284995
differential_evolution step 14: f(x)= 2033.8410125284995
differential_evolution step 15: f(x)= 2033.8410125284995
differential_evolution step 16: f(x)= 2033.8410125284995
differential_evolution step 17: f(x)= 2033.8410125284995
differential_evolution step 18: f(x)= 2033.8410125284995
differential_evolution step 19: f(x)= 2033.8410125284995
differential_evolution step 20: f(x)= 2033.8410125284995
differential_evolution step 21: f(x)= 1098.400185384145
differential_evolution step 22: f(x)= 1098.400185384145
differential_evolution step 23: f(x)= 1098.400185384145
differential_evolution step 24: f(x)= 1098.400185384145
differential_evolution step 25: f(x)= 1098.400185384145
differential_evolution step 26: f(x)= 1098.400185384145
differential_evolution step 27: f(x)= 1098.400185384145
differential_evolution step 28: f(x)= 1098.400185384145
differential_evolution step 29: f(x)= 1098.400185384145
differential_evolution step 30: f(x)= 1098.400185384145
differential_evolution step 31: f(x)= 1098.400185384145
differential_evolution step 32: f(x)= 1098.400185384145
differential_evolution step 33: f(x)= 1098.400185384145
differential_evolution step 34: f(x)= 1098.400185384145
differential_evolution step 35: f(x)= 1098.400185384145
differential_evolution step 36: f(x)= 1098.400185384145
differential_evolution step 37: f(x)= 1098.400185384145
differential_evolution step 38: f(x)= 1098.400185384145
differential_evolution step 39: f(x)= 1098.400185384145
differential_evolution step 40: f(x)= 1098.400185384145
differential_evolution step 41: f(x)= 1098.400185384145
differential_evolution step 42: f(x)= 1098.400185384145
differential_evolution step 43: f(x)= 1098.400185384145
differential_evolution step 44: f(x)= 1098.400185384145
differential_evolution step 45: f(x)= 1098.400185384145
differential_evolution step 46: f(x)= 1098.400185384145
differential_evolution step 47: f(x)= 1098.400185384145
differential_evolution step 48: f(x)= 1098.400185384145
differential_evolution step 49: f(x)= 1098.400185384145
differential_evolution step 50: f(x)= 1098.400185384145
differential_evolution step 51: f(x)= 1098.400185384145
differential_evolution step 52: f(x)= 1098.400185384145
differential_evolution step 53: f(x)= 1098.400185384145
differential_evolution step 54: f(x)= 1098.400185384145
differential_evolution step 55: f(x)= 1098.400185384145
differential_evolution step 56: f(x)= 1098.400185384145
differential_evolution step 57: f(x)= 1098.400185384145
differential_evolution step 58: f(x)= 1098.400185384145
differential_evolution step 59: f(x)= 1098.400185384145
differential_evolution step 60: f(x)= 1098.400185384145
differential_evolution step 61: f(x)= 1098.400185384145
differential_evolution step 62: f(x)= 1098.400185384145
differential_evolution step 63: f(x)= 1098.400185384145
differential_evolution step 64: f(x)= 1098.400185384145
differential_evolution step 65: f(x)= 1098.400185384145
differential_evolution step 66: f(x)= 1098.400185384145
differential_evolution step 67: f(x)= 1098.400185384145
differential_evolution step 68: f(x)= 1098.400185384145
differential_evolution step 69: f(x)= 1098.400185384145
differential_evolution step 70: f(x)= 1098.400185384145
differential_evolution step 71: f(x)= 1098.400185384145
differential_evolution step 72: f(x)= 1098.400185384145
differential_evolution step 73: f(x)= 1098.400185384145
differential_evolution step 74: f(x)= 1098.400185384145
differential_evolution step 75: f(x)= 1098.400185384145
differential_evolution step 76: f(x)= 1098.400185384145
differential_evolution step 77: f(x)= 1098.400185384145
differential_evolution step 78: f(x)= 1098.400185384145
differential_evolution step 79: f(x)= 1098.400185384145
differential_evolution step 80: f(x)= 1098.400185384145
differential_evolution step 81: f(x)= 1098.400185384145
differential_evolution step 82: f(x)= 1098.400185384145
differential_evolution step 83: f(x)= 1098.400185384145
differential_evolution step 84: f(x)= 1098.400185384145
differential_evolution step 85: f(x)= 1098.400185384145
differential_evolution step 86: f(x)= 1098.400185384145
differential_evolution step 87: f(x)= 1098.400185384145
differential_evolution step 88: f(x)= 1098.400185384145
differential_evolution step 89: f(x)= 1098.400185384145
differential_evolution step 90: f(x)= 1098.400185384145
differential_evolution step 91: f(x)= 1042.2798537424048
differential_evolution step 92: f(x)= 994.4002951560475
differential_evolution step 93: f(x)= 994.4002951560475
differential_evolution step 94: f(x)= 994.4002951560475
differential_evolution step 95: f(x)= 994.4002951560475
differential_evolution step 96: f(x)= 994.4002951560475
differential_evolution step 97: f(x)= 994.4002951560475
differential_evolution step 98: f(x)= 994.4002951560475
differential_evolution step 99: f(x)= 994.4002951560475
differential_evolution step 100: f(x)= 994.4002951560475
differential_evolution step 101: f(x)= 994.4002951560475
differential_evolution step 102: f(x)= 994.4002951560475
differential_evolution step 103: f(x)= 994.4002951560475
differential_evolution step 104: f(x)= 994.4002951560475
differential_evolution step 105: f(x)= 994.4002951560475
differential_evolution step 106: f(x)= 994.4002951560475
differential_evolution step 107: f(x)= 994.4002951560475
differential_evolution step 108: f(x)= 994.4002951560475
differential_evolution step 109: f(x)= 994.4002951560475
differential_evolution step 110: f(x)= 994.4002951560475
differential_evolution step 111: f(x)= 994.4002951560475
differential_evolution step 112: f(x)= 994.4002951560475
differential_evolution step 113: f(x)= 987.4955719118783
differential_evolution step 114: f(x)= 987.4955719118783
differential_evolution step 115: f(x)= 987.4955719118783
differential_evolution step 116: f(x)= 987.4955719118783
differential_evolution step 117: f(x)= 987.4955719118783
differential_evolution step 118: f(x)= 987.4955719118783
differential_evolution step 119: f(x)= 987.4955719118783
differential_evolution step 120: f(x)= 987.4955719118783
differential_evolution step 121: f(x)= 987.4955719118783
differential_evolution step 122: f(x)= 961.6949111584316
differential_evolution step 123: f(x)= 961.6949111584316
differential_evolution step 124: f(x)= 961.6949111584316
differential_evolution step 125: f(x)= 961.6949111584316
differential_evolution step 126: f(x)= 961.6949111584316
differential_evolution step 127: f(x)= 960.2745821240507
differential_evolution step 128: f(x)= 960.2745821240507
differential_evolution step 129: f(x)= 960.2745821240507
differential_evolution step 130: f(x)= 960.2745821240507
differential_evolution step 131: f(x)= 960.2745821240507
differential_evolution step 132: f(x)= 960.2745821240507
differential_evolution step 133: f(x)= 960.2745821240507
differential_evolution step 134: f(x)= 955.1018843371634
differential_evolution step 135: f(x)= 955.1018843371634
differential_evolution step 136: f(x)= 955.1018843371634
differential_evolution step 137: f(x)= 955.1018843371634
differential_evolution step 138: f(x)= 955.1018843371634
differential_evolution step 139: f(x)= 955.1018843371634
differential_evolution step 140: f(x)= 955.1018843371634
differential_evolution step 141: f(x)= 955.1018843371634
differential_evolution step 142: f(x)= 955.1018843371634
differential_evolution step 143: f(x)= 955.1018843371634
differential_evolution step 144: f(x)= 954.0093652602848
differential_evolution step 145: f(x)= 954.0093652602848
differential_evolution step 146: f(x)= 954.0093652602848
differential_evolution step 147: f(x)= 954.0093652602848
differential_evolution step 148: f(x)= 954.0093652602848
differential_evolution step 149: f(x)= 953.3944231292456
differential_evolution step 150: f(x)= 953.3944231292456
differential_evolution step 151: f(x)= 953.3944231292456
differential_evolution step 152: f(x)= 953.3944231292456
differential_evolution step 153: f(x)= 952.2935797881559
differential_evolution step 154: f(x)= 951.8672771206101
differential_evolution step 155: f(x)= 951.8672771206101
differential_evolution step 156: f(x)= 951.8672771206101
differential_evolution step 157: f(x)= 951.8672771206101
differential_evolution step 158: f(x)= 951.8672771206101
differential_evolution step 159: f(x)= 951.738720740822
differential_evolution step 160: f(x)= 951.738720740822
differential_evolution step 161: f(x)= 951.738720740822
differential_evolution step 162: f(x)= 951.738720740822
differential_evolution step 163: f(x)= 950.5006995905726
differential_evolution step 164: f(x)= 950.5006995905726
differential_evolution step 165: f(x)= 950.5006995905726
differential_evolution step 166: f(x)= 950.5006995905726
differential_evolution step 167: f(x)= 950.5006995905726
differential_evolution step 168: f(x)= 950.5006995905726
differential_evolution step 169: f(x)= 950.5006995905726
differential_evolution step 170: f(x)= 950.5006995905726
differential_evolution step 171: f(x)= 950.5006995905726
differential_evolution step 172: f(x)= 950.5006995905726
differential_evolution step 173: f(x)= 950.5006995905726
differential_evolution step 174: f(x)= 950.5006995905726
differential_evolution step 175: f(x)= 950.5006995905726
differential_evolution step 176: f(x)= 950.5006995905726
differential_evolution step 177: f(x)= 950.5006995905726
differential_evolution step 178: f(x)= 950.5006995905726
differential_evolution step 179: f(x)= 950.5006995905726
differential_evolution step 180: f(x)= 950.5006995905726
differential_evolution step 181: f(x)= 950.5006995905726
differential_evolution step 182: f(x)= 950.5006995905726
differential_evolution step 183: f(x)= 950.5006995905726
differential_evolution step 184: f(x)= 950.5006995905726
differential_evolution step 185: f(x)= 950.5006995905726
differential_evolution step 186: f(x)= 950.5006995905726
differential_evolution step 187: f(x)= 950.5006995905726
differential_evolution step 188: f(x)= 950.5006995905726
differential_evolution step 189: f(x)= 950.5006995905726
differential_evolution step 190: f(x)= 950.5006995905726
differential_evolution step 191: f(x)= 950.5006995905726
differential_evolution step 192: f(x)= 950.5006995905726
differential_evolution step 193: f(x)= 950.5006995905726
differential_evolution step 194: f(x)= 950.5006995905726
differential_evolution step 195: f(x)= 950.5006995905726
differential_evolution step 196: f(x)= 950.5006995905726
differential_evolution step 197: f(x)= 950.5006995905726
differential_evolution step 198: f(x)= 950.5006995905726
differential_evolution step 199: f(x)= 950.5006995905726
differential_evolution step 200: f(x)= 950.5006995905726
Cluster 3 DE best chi^2: 950.501 with params {'x_src': np.float64(110.5935875608408), 'y_src': np.float64(123.32395294422665), 'z_s': np.float64(3.277680629958137)}
--- Running DE for Cluster 4 ---
[DE] Process Pool with 16 procs (init=latinhypercube, popsize=50)
differential_evolution step 1: f(x)= 2801.4444648429153
differential_evolution step 2: f(x)= 2801.4444648429153
differential_evolution step 3: f(x)= 1332.5131171727692
differential_evolution step 4: f(x)= 1332.5131171727692
differential_evolution step 5: f(x)= 868.0879511373698
differential_evolution step 6: f(x)= 868.0879511373698
differential_evolution step 7: f(x)= 868.0879511373698
differential_evolution step 8: f(x)= 411.33245185892565
differential_evolution step 9: f(x)= 411.33245185892565
differential_evolution step 10: f(x)= 411.33245185892565
differential_evolution step 11: f(x)= 287.6899227842374
differential_evolution step 12: f(x)= 287.6899227842374
differential_evolution step 13: f(x)= 287.6899227842374
differential_evolution step 14: f(x)= 287.6899227842374
differential_evolution step 15: f(x)= 125.88153657889947
differential_evolution step 16: f(x)= 125.88153657889947
differential_evolution step 17: f(x)= 125.88153657889947
differential_evolution step 18: f(x)= 125.88153657889947
differential_evolution step 19: f(x)= 125.88153657889947
differential_evolution step 20: f(x)= 125.88153657889947
differential_evolution step 21: f(x)= 125.88153657889947
differential_evolution step 22: f(x)= 125.88153657889947
differential_evolution step 23: f(x)= 125.88153657889947
differential_evolution step 24: f(x)= 125.88153657889947
differential_evolution step 25: f(x)= 125.88153657889947
differential_evolution step 26: f(x)= 125.88153657889947
differential_evolution step 27: f(x)= 125.88153657889947
differential_evolution step 28: f(x)= 125.88153657889947
differential_evolution step 29: f(x)= 125.88153657889947
differential_evolution step 30: f(x)= 125.88153657889947
differential_evolution step 31: f(x)= 125.88153657889947
differential_evolution step 32: f(x)= 125.88153657889947
differential_evolution step 33: f(x)= 125.88153657889947
differential_evolution step 34: f(x)= 125.88153657889947
differential_evolution step 35: f(x)= 125.88153657889947
differential_evolution step 36: f(x)= 125.88153657889947
differential_evolution step 37: f(x)= 125.88153657889947
differential_evolution step 38: f(x)= 125.88153657889947
differential_evolution step 39: f(x)= 125.88153657889947
differential_evolution step 40: f(x)= 125.88153657889947
differential_evolution step 41: f(x)= 125.88153657889947
differential_evolution step 42: f(x)= 125.88153657889947
differential_evolution step 43: f(x)= 125.88153657889947
differential_evolution step 44: f(x)= 125.88153657889947
differential_evolution step 45: f(x)= 125.88153657889947
differential_evolution step 46: f(x)= 125.88153657889947
differential_evolution step 47: f(x)= 125.88153657889947
differential_evolution step 48: f(x)= 125.88153657889947
differential_evolution step 49: f(x)= 125.88153657889947
differential_evolution step 50: f(x)= 125.88153657889947
differential_evolution step 51: f(x)= 125.88153657889947
differential_evolution step 52: f(x)= 125.88153657889947
differential_evolution step 53: f(x)= 125.88153657889947
differential_evolution step 54: f(x)= 125.88153657889947
differential_evolution step 55: f(x)= 125.88153657889947
differential_evolution step 56: f(x)= 125.88153657889947
differential_evolution step 57: f(x)= 125.88153657889947
differential_evolution step 58: f(x)= 125.88153657889947
differential_evolution step 59: f(x)= 125.88153657889947
differential_evolution step 60: f(x)= 125.88153657889947
differential_evolution step 61: f(x)= 125.88153657889947
differential_evolution step 62: f(x)= 125.88153657889947
differential_evolution step 63: f(x)= 125.88153657889947
differential_evolution step 64: f(x)= 125.88153657889947
differential_evolution step 65: f(x)= 125.88153657889947
differential_evolution step 66: f(x)= 125.88153657889947
differential_evolution step 67: f(x)= 125.88153657889947
differential_evolution step 68: f(x)= 125.88153657889947
differential_evolution step 69: f(x)= 125.88153657889947
differential_evolution step 70: f(x)= 125.88153657889947
differential_evolution step 71: f(x)= 125.88153657889947
differential_evolution step 72: f(x)= 125.88153657889947
differential_evolution step 73: f(x)= 125.88153657889947
differential_evolution step 74: f(x)= 125.88153657889947
differential_evolution step 75: f(x)= 125.88153657889947
differential_evolution step 76: f(x)= 125.88153657889947
differential_evolution step 77: f(x)= 125.88153657889947
differential_evolution step 78: f(x)= 125.88153657889947
differential_evolution step 79: f(x)= 125.88153657889947
differential_evolution step 80: f(x)= 125.88153657889947
differential_evolution step 81: f(x)= 125.88153657889947
differential_evolution step 82: f(x)= 125.88153657889947
differential_evolution step 83: f(x)= 125.88153657889947
differential_evolution step 84: f(x)= 125.88153657889947
differential_evolution step 85: f(x)= 125.88153657889947
differential_evolution step 86: f(x)= 125.88153657889947
differential_evolution step 87: f(x)= 125.88153657889947
differential_evolution step 88: f(x)= 125.88153657889947
differential_evolution step 89: f(x)= 125.88153657889947
differential_evolution step 90: f(x)= 125.88153657889947
differential_evolution step 91: f(x)= 125.88153657889947
differential_evolution step 92: f(x)= 125.88153657889947
differential_evolution step 93: f(x)= 125.88153657889947
differential_evolution step 94: f(x)= 125.88153657889947
differential_evolution step 95: f(x)= 125.88153657889947
differential_evolution step 96: f(x)= 125.88153657889947
differential_evolution step 97: f(x)= 125.88153657889947
differential_evolution step 98: f(x)= 125.88153657889947
differential_evolution step 99: f(x)= 125.88153657889947
differential_evolution step 100: f(x)= 125.88153657889947
differential_evolution step 101: f(x)= 125.88153657889947
differential_evolution step 102: f(x)= 125.88153657889947
differential_evolution step 103: f(x)= 125.88153657889947
differential_evolution step 104: f(x)= 125.88153657889947
differential_evolution step 105: f(x)= 125.88153657889947
differential_evolution step 106: f(x)= 125.88153657889947
differential_evolution step 107: f(x)= 125.88153657889947
differential_evolution step 108: f(x)= 125.88153657889947
differential_evolution step 109: f(x)= 125.88153657889947
differential_evolution step 110: f(x)= 125.88153657889947
differential_evolution step 111: f(x)= 125.88153657889947
differential_evolution step 112: f(x)= 125.88153657889947
differential_evolution step 113: f(x)= 125.88153657889947
differential_evolution step 114: f(x)= 125.88153657889947
differential_evolution step 115: f(x)= 125.88153657889947
differential_evolution step 116: f(x)= 125.88153657889947
differential_evolution step 117: f(x)= 125.88153657889947
differential_evolution step 118: f(x)= 125.88153657889947
differential_evolution step 119: f(x)= 116.66504560585363
differential_evolution step 120: f(x)= 116.66504560585363
differential_evolution step 121: f(x)= 116.66504560585363
differential_evolution step 122: f(x)= 116.66504560585363
differential_evolution step 123: f(x)= 116.66504560585363
differential_evolution step 124: f(x)= 116.66504560585363
differential_evolution step 125: f(x)= 116.66504560585363
differential_evolution step 126: f(x)= 116.66504560585363
differential_evolution step 127: f(x)= 116.66504560585363
differential_evolution step 128: f(x)= 116.66504560585363
differential_evolution step 129: f(x)= 116.66504560585363
differential_evolution step 130: f(x)= 116.66504560585363
differential_evolution step 131: f(x)= 116.66504560585363
differential_evolution step 132: f(x)= 116.66504560585363
differential_evolution step 133: f(x)= 116.66504560585363
differential_evolution step 134: f(x)= 116.66504560585363
differential_evolution step 135: f(x)= 116.66504560585363
differential_evolution step 136: f(x)= 116.66504560585363
differential_evolution step 137: f(x)= 116.66504560585363
differential_evolution step 138: f(x)= 110.0648249473166
differential_evolution step 139: f(x)= 110.0648249473166
differential_evolution step 140: f(x)= 110.0648249473166
differential_evolution step 141: f(x)= 110.0648249473166
differential_evolution step 142: f(x)= 110.0648249473166
differential_evolution step 143: f(x)= 110.0648249473166
differential_evolution step 144: f(x)= 110.0648249473166
differential_evolution step 145: f(x)= 103.36940511333731
differential_evolution step 146: f(x)= 103.36940511333731
differential_evolution step 147: f(x)= 103.36940511333731
differential_evolution step 148: f(x)= 103.36940511333731
differential_evolution step 149: f(x)= 103.36940511333731
differential_evolution step 150: f(x)= 103.36940511333731
differential_evolution step 151: f(x)= 103.36940511333731
differential_evolution step 152: f(x)= 103.36940511333731
differential_evolution step 153: f(x)= 103.36940511333731
differential_evolution step 154: f(x)= 103.36940511333731
differential_evolution step 155: f(x)= 103.36940511333731
differential_evolution step 156: f(x)= 102.32920555902251
differential_evolution step 157: f(x)= 102.32920555902251
differential_evolution step 158: f(x)= 102.32920555902251
differential_evolution step 159: f(x)= 102.32920555902251
differential_evolution step 160: f(x)= 102.32920555902251
differential_evolution step 161: f(x)= 102.32920555902251
differential_evolution step 162: f(x)= 102.32920555902251
differential_evolution step 163: f(x)= 102.32920555902251
differential_evolution step 164: f(x)= 102.32920555902251
differential_evolution step 165: f(x)= 102.32920555902251
differential_evolution step 166: f(x)= 102.32920555902251
differential_evolution step 167: f(x)= 102.32920555902251
differential_evolution step 168: f(x)= 102.32920555902251
differential_evolution step 169: f(x)= 102.32920555902251
differential_evolution step 170: f(x)= 102.32920555902251
differential_evolution step 171: f(x)= 102.32920555902251
differential_evolution step 172: f(x)= 102.32920555902251
differential_evolution step 173: f(x)= 96.61816209627547
differential_evolution step 174: f(x)= 96.61816209627547
differential_evolution step 175: f(x)= 96.61816209627547
differential_evolution step 176: f(x)= 96.61816209627547
differential_evolution step 177: f(x)= 96.61816209627547
differential_evolution step 178: f(x)= 96.61816209627547
differential_evolution step 179: f(x)= 96.61816209627547
differential_evolution step 180: f(x)= 96.61816209627547
differential_evolution step 181: f(x)= 96.61816209627547
differential_evolution step 182: f(x)= 94.11926832692912
differential_evolution step 183: f(x)= 94.11926832692912
differential_evolution step 184: f(x)= 94.11926832692912
differential_evolution step 185: f(x)= 94.11926832692912
differential_evolution step 186: f(x)= 94.11926832692912
differential_evolution step 187: f(x)= 94.11926832692912
differential_evolution step 188: f(x)= 94.11926832692912
differential_evolution step 189: f(x)= 94.11926832692912
differential_evolution step 190: f(x)= 94.11926832692912
differential_evolution step 191: f(x)= 94.11926832692912
differential_evolution step 192: f(x)= 94.11926832692912
differential_evolution step 193: f(x)= 94.11926832692912
differential_evolution step 194: f(x)= 94.11926832692912
differential_evolution step 195: f(x)= 93.48291290716182
differential_evolution step 196: f(x)= 93.48291290716182
differential_evolution step 197: f(x)= 92.98015802934532
differential_evolution step 198: f(x)= 92.98015802934532
differential_evolution step 199: f(x)= 90.31434083649837
differential_evolution step 200: f(x)= 90.31434083649837
Cluster 4 DE best chi^2: 90.314 with params {'x_src': np.float64(217.44856166775534), 'y_src': np.float64(221.3011821178831), 'z_s': np.float64(3.2558780203113975)}
--- Running DE for Cluster 5 ---
[DE] Process Pool with 16 procs (init=latinhypercube, popsize=50)
differential_evolution step 1: f(x)= 3000.0
differential_evolution step 2: f(x)= 3000.0
differential_evolution step 3: f(x)= 3000.0
differential_evolution step 4: f(x)= 1190.264669940907
differential_evolution step 5: f(x)= 1190.264669940907
differential_evolution step 6: f(x)= 1190.264669940907
differential_evolution step 7: f(x)= 1190.264669940907
differential_evolution step 8: f(x)= 1190.264669940907
differential_evolution step 9: f(x)= 1190.264669940907
differential_evolution step 10: f(x)= 1190.264669940907
differential_evolution step 11: f(x)= 1190.264669940907
differential_evolution step 12: f(x)= 1190.264669940907
differential_evolution step 13: f(x)= 1190.264669940907
differential_evolution step 14: f(x)= 1190.264669940907
differential_evolution step 15: f(x)= 685.1152771198468
differential_evolution step 16: f(x)= 685.1152771198468
differential_evolution step 17: f(x)= 685.1152771198468
differential_evolution step 18: f(x)= 685.1152771198468
differential_evolution step 19: f(x)= 685.1152771198468
differential_evolution step 20: f(x)= 685.1152771198468
differential_evolution step 21: f(x)= 346.30086142043615
differential_evolution step 22: f(x)= 346.30086142043615
differential_evolution step 23: f(x)= 346.30086142043615
differential_evolution step 24: f(x)= 346.30086142043615
differential_evolution step 25: f(x)= 247.81105619562112
differential_evolution step 26: f(x)= 247.81105619562112
differential_evolution step 27: f(x)= 247.81105619562112
differential_evolution step 28: f(x)= 247.81105619562112
differential_evolution step 29: f(x)= 246.5356043133639
differential_evolution step 30: f(x)= 246.5356043133639
differential_evolution step 31: f(x)= 246.5356043133639
differential_evolution step 32: f(x)= 204.6510833749849
differential_evolution step 33: f(x)= 204.6510833749849
differential_evolution step 34: f(x)= 204.6510833749849
differential_evolution step 35: f(x)= 204.6510833749849
differential_evolution step 36: f(x)= 204.6510833749849
differential_evolution step 37: f(x)= 204.6510833749849
differential_evolution step 38: f(x)= 204.6510833749849
differential_evolution step 39: f(x)= 204.6510833749849
differential_evolution step 40: f(x)= 204.6510833749849
differential_evolution step 41: f(x)= 204.6510833749849
differential_evolution step 42: f(x)= 204.6510833749849
differential_evolution step 43: f(x)= 204.6510833749849
differential_evolution step 44: f(x)= 204.6510833749849
differential_evolution step 45: f(x)= 204.6510833749849
differential_evolution step 46: f(x)= 204.6510833749849
differential_evolution step 47: f(x)= 204.6510833749849
differential_evolution step 48: f(x)= 204.6510833749849
differential_evolution step 49: f(x)= 204.6510833749849
differential_evolution step 50: f(x)= 204.6510833749849
differential_evolution step 51: f(x)= 204.6510833749849
differential_evolution step 52: f(x)= 192.87307937351613
differential_evolution step 53: f(x)= 179.85261798472231
differential_evolution step 54: f(x)= 179.85261798472231
differential_evolution step 55: f(x)= 179.85261798472231
differential_evolution step 56: f(x)= 170.21674630402666
differential_evolution step 57: f(x)= 170.21674630402666
differential_evolution step 58: f(x)= 156.2026846089335
differential_evolution step 59: f(x)= 156.2026846089335
differential_evolution step 60: f(x)= 156.2026846089335
differential_evolution step 61: f(x)= 146.6381448259224
differential_evolution step 62: f(x)= 146.6381448259224
differential_evolution step 63: f(x)= 146.6381448259224
differential_evolution step 64: f(x)= 146.6381448259224
differential_evolution step 65: f(x)= 113.59302171350059
differential_evolution step 66: f(x)= 113.59302171350059
differential_evolution step 67: f(x)= 113.59302171350059
differential_evolution step 68: f(x)= 113.59302171350059
differential_evolution step 69: f(x)= 108.81991635810668
differential_evolution step 70: f(x)= 108.81991635810668
differential_evolution step 71: f(x)= 108.81991635810668
differential_evolution step 72: f(x)= 108.81991635810668
differential_evolution step 73: f(x)= 108.81991635810668
differential_evolution step 74: f(x)= 108.81991635810668
differential_evolution step 75: f(x)= 108.81991635810668
differential_evolution step 76: f(x)= 108.81991635810668
differential_evolution step 77: f(x)= 108.81991635810668
differential_evolution step 78: f(x)= 108.81991635810668
differential_evolution step 79: f(x)= 108.81991635810668
differential_evolution step 80: f(x)= 108.43130109404255
differential_evolution step 81: f(x)= 108.43130109404255
differential_evolution step 82: f(x)= 108.43130109404255
differential_evolution step 83: f(x)= 108.43130109404255
differential_evolution step 84: f(x)= 108.43130109404255
differential_evolution step 85: f(x)= 108.43130109404255
differential_evolution step 86: f(x)= 108.43130109404255
differential_evolution step 87: f(x)= 108.43130109404255
differential_evolution step 88: f(x)= 108.43130109404255
differential_evolution step 89: f(x)= 108.43130109404255
differential_evolution step 90: f(x)= 108.43130109404255
differential_evolution step 91: f(x)= 108.43130109404255
differential_evolution step 92: f(x)= 108.43130109404255
differential_evolution step 93: f(x)= 108.43130109404255
differential_evolution step 94: f(x)= 108.43130109404255
differential_evolution step 95: f(x)= 108.43130109404255
differential_evolution step 96: f(x)= 108.43130109404255
differential_evolution step 97: f(x)= 108.43130109404255
differential_evolution step 98: f(x)= 108.0683355155351
differential_evolution step 99: f(x)= 108.0683355155351
differential_evolution step 100: f(x)= 108.0683355155351
differential_evolution step 101: f(x)= 108.0683355155351
differential_evolution step 102: f(x)= 108.0683355155351
differential_evolution step 103: f(x)= 108.0683355155351
differential_evolution step 104: f(x)= 108.0683355155351
differential_evolution step 105: f(x)= 108.0683355155351
differential_evolution step 106: f(x)= 107.98787079654844
differential_evolution step 107: f(x)= 107.98787079654844
differential_evolution step 108: f(x)= 107.98787079654844
differential_evolution step 109: f(x)= 107.98787079654844
differential_evolution step 110: f(x)= 107.89910830585038
differential_evolution step 111: f(x)= 107.89910830585038
differential_evolution step 112: f(x)= 107.61921932421653
differential_evolution step 113: f(x)= 107.61921932421653
differential_evolution step 114: f(x)= 107.61921932421653
differential_evolution step 115: f(x)= 107.61921932421653
differential_evolution step 116: f(x)= 107.61921932421653
differential_evolution step 117: f(x)= 107.61921932421653
differential_evolution step 118: f(x)= 107.61921932421653
differential_evolution step 119: f(x)= 107.61921932421653
differential_evolution step 120: f(x)= 107.61921932421653
differential_evolution step 121: f(x)= 107.61921932421653
differential_evolution step 122: f(x)= 107.61921932421653
differential_evolution step 123: f(x)= 107.56319752340504
differential_evolution step 124: f(x)= 107.56319752340504
differential_evolution step 125: f(x)= 107.56319752340504
differential_evolution step 126: f(x)= 107.56319752340504
differential_evolution step 127: f(x)= 107.56319752340504
differential_evolution step 128: f(x)= 107.56319752340504
differential_evolution step 129: f(x)= 107.56319752340504
differential_evolution step 130: f(x)= 107.56319752340504
differential_evolution step 131: f(x)= 107.56319752340504
differential_evolution step 132: f(x)= 107.56319752340504
differential_evolution step 133: f(x)= 107.5302955006338
differential_evolution step 134: f(x)= 107.37482566721962
differential_evolution step 135: f(x)= 107.37482566721962
differential_evolution step 136: f(x)= 107.37482566721962
differential_evolution step 137: f(x)= 107.37482566721962
differential_evolution step 138: f(x)= 107.37482566721962
differential_evolution step 139: f(x)= 107.37482566721962
differential_evolution step 140: f(x)= 107.37482566721962
differential_evolution step 141: f(x)= 107.37482566721962
differential_evolution step 142: f(x)= 107.37482566721962
differential_evolution step 143: f(x)= 107.37482566721962
differential_evolution step 144: f(x)= 107.37482566721962
differential_evolution step 145: f(x)= 107.37482566721962
differential_evolution step 146: f(x)= 107.37482566721962
differential_evolution step 147: f(x)= 107.37482566721962
differential_evolution step 148: f(x)= 107.37482566721962
differential_evolution step 149: f(x)= 107.21103461546689
differential_evolution step 150: f(x)= 107.21103461546689
differential_evolution step 151: f(x)= 107.21103461546689
differential_evolution step 152: f(x)= 107.21103461546689
differential_evolution step 153: f(x)= 107.21103461546689
differential_evolution step 154: f(x)= 107.21103461546689
differential_evolution step 155: f(x)= 107.21103461546689
differential_evolution step 156: f(x)= 107.21103461546689
differential_evolution step 157: f(x)= 107.21103461546689
differential_evolution step 158: f(x)= 107.21103461546689
differential_evolution step 159: f(x)= 107.21103461546689
differential_evolution step 160: f(x)= 107.21103461546689
differential_evolution step 161: f(x)= 107.21103461546689
differential_evolution step 162: f(x)= 107.21103461546689
differential_evolution step 163: f(x)= 107.21103461546689
differential_evolution step 164: f(x)= 107.21103461546689
differential_evolution step 165: f(x)= 107.21103461546689
differential_evolution step 166: f(x)= 107.21103461546689
differential_evolution step 167: f(x)= 107.21103461546689
differential_evolution step 168: f(x)= 107.21103461546689
differential_evolution step 169: f(x)= 107.21103461546689
differential_evolution step 170: f(x)= 107.21103461546689
differential_evolution step 171: f(x)= 107.21103461546689
differential_evolution step 172: f(x)= 107.21103461546689
differential_evolution step 173: f(x)= 107.21103461546689
differential_evolution step 174: f(x)= 107.21103461546689
differential_evolution step 175: f(x)= 107.21103461546689
differential_evolution step 176: f(x)= 107.21103461546689
differential_evolution step 177: f(x)= 107.21103461546689
differential_evolution step 178: f(x)= 107.21011636442415
differential_evolution step 179: f(x)= 107.21011636442415
differential_evolution step 180: f(x)= 107.20884923303329
differential_evolution step 181: f(x)= 107.20884923303329
differential_evolution step 182: f(x)= 107.20884923303329
differential_evolution step 183: f(x)= 107.20884923303329
differential_evolution step 184: f(x)= 107.20884923303329
differential_evolution step 185: f(x)= 107.20884923303329
differential_evolution step 186: f(x)= 107.20884923303329
differential_evolution step 187: f(x)= 107.20884923303329
differential_evolution step 188: f(x)= 107.18940929606184
differential_evolution step 189: f(x)= 107.18940929606184
differential_evolution step 190: f(x)= 107.18940929606184
differential_evolution step 191: f(x)= 107.18940929606184
differential_evolution step 192: f(x)= 107.18940929606184
differential_evolution step 193: f(x)= 107.18940929606184
differential_evolution step 194: f(x)= 107.18940929606184
differential_evolution step 195: f(x)= 107.18940929606184
differential_evolution step 196: f(x)= 107.18940929606184
differential_evolution step 197: f(x)= 107.18940929606184
differential_evolution step 198: f(x)= 107.18940929606184
differential_evolution step 199: f(x)= 107.18940929606184
differential_evolution step 200: f(x)= 107.18940929606184
Cluster 5 DE best chi^2: 107.189 with params {'x_src': np.float64(147.94381641033132), 'y_src': np.float64(147.58957737435574), 'z_s': np.float64(3.724181625923549)}

--- DE Optimization Summary ---
Best fit found for Cluster 0 with chi^2 = 0.001
Best-fit parameters: {'x_src': np.float64(73.73348463128404), 'y_src': np.float64(81.11224319262965), 'z_s': np.float64(3.785588440954081)}

--- Running MCMC for Cluster 0 (chi_sq=0.001) ---
[MCMC] Process Pool with 16 procs
  0%|          | 0/20000 [00:00<?, ?it/s]  0%|          | 83/20000 [01:40<6:41:07,  1.21s/it]  0%|          | 97/20000 [02:00<6:40:50,  1.21s/it]  1%|          | 163/20000 [03:21<6:49:22,  1.24s/it]  1%|          | 179/20000 [03:40<6:49:02,  1.24s/it]  1%|          | 248/20000 [05:01<6:39:10,  1.21s/it]  1%|         | 262/20000 [05:20<6:38:53,  1.21s/it]  2%|         | 326/20000 [06:42<6:48:08,  1.24s/it]  2%|         | 338/20000 [07:00<6:47:53,  1.24s/it]  2%|         | 404/20000 [08:23<6:51:24,  1.26s/it]  2%|         | 417/20000 [08:40<6:51:07,  1.26s/it]  2%|         | 481/20000 [10:04<6:55:48,  1.28s/it]  2%|         | 492/20000 [10:20<6:55:34,  1.28s/it]  3%|         | 559/20000 [11:45<6:56:00,  1.28s/it]  3%|         | 569/20000 [12:00<6:55:47,  1.28s/it]  3%|         | 636/20000 [13:25<6:55:59,  1.29s/it]  3%|         | 646/20000 [13:40<6:55:46,  1.29s/it]  4%|         | 715/20000 [15:06<6:52:26,  1.28s/it]  4%|         | 725/20000 [15:20<6:52:13,  1.28s/it]  4%|         | 795/20000 [16:46<6:47:54,  1.27s/it]  4%|         | 806/20000 [17:00<6:47:40,  1.27s/it]  4%|         | 879/20000 [18:27<6:38:41,  1.25s/it]  4%|         | 889/20000 [18:40<6:38:29,  1.25s/it]  5%|         | 963/20000 [20:07<6:31:04,  1.23s/it]  5%|         | 972/20000 [20:20<6:30:53,  1.23s/it]  5%|         | 1039/20000 [21:48<6:38:06,  1.26s/it]  5%|         | 1048/20000 [22:00<6:37:55,  1.26s/it]  6%|         | 1119/20000 [23:28<6:35:36,  1.26s/it]  6%|         | 1127/20000 [23:40<6:35:26,  1.26s/it]  6%|         | 1194/20000 [25:09<6:42:05,  1.28s/it]  6%|         | 1202/20000 [25:20<6:41:55,  1.28s/it]  6%|         | 1271/20000 [26:50<6:43:33,  1.29s/it]  6%|         | 1285/20000 [27:10<6:43:15,  1.29s/it]  7%|         | 1347/20000 [28:32<6:45:28,  1.30s/it]  7%|         | 1359/20000 [28:50<6:45:13,  1.30s/it]  7%|         | 1422/20000 [30:12<6:47:27,  1.32s/it]  7%|         | 1435/20000 [30:30<6:47:09,  1.32s/it]  7%|         | 1497/20000 [31:53<6:48:35,  1.32s/it]  8%|         | 1509/20000 [32:10<6:48:19,  1.32s/it]  8%|         | 1573/20000 [33:34<6:46:41,  1.32s/it]  8%|         | 1585/20000 [33:50<6:46:26,  1.32s/it]  8%|         | 1651/20000 [35:14<6:41:45,  1.31s/it]  8%|         | 1662/20000 [35:30<6:41:30,  1.31s/it]  9%|         | 1730/20000 [36:55<6:36:37,  1.30s/it]  9%|         | 1741/20000 [37:10<6:36:23,  1.30s/it]  9%|         | 1809/20000 [38:36<6:32:22,  1.29s/it]  9%|         | 1819/20000 [38:50<6:32:09,  1.29s/it]  9%|         | 1887/20000 [40:17<6:31:14,  1.30s/it]  9%|         | 1895/20000 [40:30<6:31:04,  1.30s/it] 10%|         | 1963/20000 [41:58<6:31:27,  1.30s/it] 10%|         | 1971/20000 [42:10<6:31:17,  1.30s/it] 10%|         | 2039/20000 [43:38<6:31:38,  1.31s/it] 10%|         | 2047/20000 [43:50<6:31:27,  1.31s/it] 11%|         | 2116/20000 [45:19<6:29:49,  1.31s/it] 11%|         | 2124/20000 [45:30<6:29:38,  1.31s/it] 11%|         | 2194/20000 [46:59<6:26:10,  1.30s/it] 11%|         | 2201/20000 [47:10<6:26:01,  1.30s/it] 11%|        | 2274/20000 [48:40<6:20:18,  1.29s/it] 11%|        | 2282/20000 [48:50<6:20:08,  1.29s/it] 12%|        | 2355/20000 [50:20<6:14:10,  1.27s/it] 12%|        | 2372/20000 [50:40<6:13:48,  1.27s/it] 12%|        | 2432/20000 [52:00<6:15:24,  1.28s/it] 12%|        | 2447/20000 [52:20<6:15:05,  1.28s/it] 13%|        | 2508/20000 [53:40<6:16:44,  1.29s/it] 13%|        | 2523/20000 [54:00<6:16:25,  1.29s/it] 13%|        | 2584/20000 [55:21<6:17:11,  1.30s/it] 13%|        | 2599/20000 [55:40<6:16:52,  1.30s/it] 13%|        | 2660/20000 [57:01<6:17:29,  1.31s/it] 13%|        | 2673/20000 [57:20<6:17:12,  1.31s/it] 14%|        | 2736/20000 [58:42<6:17:16,  1.31s/it] 14%|        | 2749/20000 [59:00<6:16:59,  1.31s/it] 14%|        | 2812/20000 [1:00:22<6:16:16,  1.31s/it] 14%|        | 2825/20000 [1:00:40<6:15:59,  1.31s/it] 14%|        | 2886/20000 [1:02:02<6:18:29,  1.33s/it] 14%|        | 2899/20000 [1:02:20<6:18:12,  1.33s/it] 15%|        | 2963/20000 [1:03:44<6:15:53,  1.32s/it] 15%|        | 2974/20000 [1:04:00<6:15:39,  1.32s/it] 15%|        | 3038/20000 [1:05:25<6:15:59,  1.33s/it] 15%|        | 3048/20000 [1:05:40<6:15:46,  1.33s/it] 16%|        | 3112/20000 [1:07:06<6:17:27,  1.34s/it] 16%|        | 3121/20000 [1:07:20<6:17:15,  1.34s/it] 16%|        | 3186/20000 [1:08:47<6:18:06,  1.35s/it] 16%|        | 3195/20000 [1:09:00<6:17:54,  1.35s/it] 16%|        | 3261/20000 [1:10:27<6:15:26,  1.35s/it] 16%|        | 3269/20000 [1:10:40<6:15:15,  1.35s/it] 17%|        | 3342/20000 [1:12:08<6:04:48,  1.31s/it] 17%|        | 3350/20000 [1:12:20<6:04:37,  1.31s/it] 17%|        | 3420/20000 [1:13:49<6:01:11,  1.31s/it] 17%|        | 3427/20000 [1:14:00<6:01:02,  1.31s/it] 17%|        | 3498/20000 [1:15:29<5:57:40,  1.30s/it] 18%|        | 3506/20000 [1:15:40<5:57:29,  1.30s/it] 18%|        | 3580/20000 [1:17:09<5:49:13,  1.28s/it] 18%|        | 3587/20000 [1:17:20<5:49:04,  1.28s/it] 18%|        | 3656/20000 [1:18:50<5:51:05,  1.29s/it] 18%|        | 3671/20000 [1:19:10<5:50:46,  1.29s/it] 19%|        | 3737/20000 [1:20:30<5:45:30,  1.27s/it] 19%|        | 3751/20000 [1:20:50<5:45:12,  1.27s/it] 19%|        | 3815/20000 [1:22:11<5:45:11,  1.28s/it] 19%|        | 3828/20000 [1:22:30<5:44:55,  1.28s/it] 19%|        | 3893/20000 [1:23:52<5:44:45,  1.28s/it] 20%|        | 3906/20000 [1:24:10<5:44:28,  1.28s/it] 20%|        | 3968/20000 [1:25:33<5:47:56,  1.30s/it] 20%|        | 3980/20000 [1:25:50<5:47:40,  1.30s/it] 20%|        | 4044/20000 [1:27:14<5:48:08,  1.31s/it] 20%|        | 4055/20000 [1:27:30<5:47:54,  1.31s/it] 21%|        | 4122/20000 [1:28:54<5:44:28,  1.30s/it] 21%|        | 4133/20000 [1:29:10<5:44:14,  1.30s/it] 21%|        | 4196/20000 [1:30:35<5:47:11,  1.32s/it] 21%|        | 4207/20000 [1:30:50<5:46:56,  1.32s/it] 21%|       | 4274/20000 [1:32:15<5:42:46,  1.31s/it] 21%|       | 4285/20000 [1:32:30<5:42:32,  1.31s/it] 22%|       | 4351/20000 [1:33:56<5:41:19,  1.31s/it] 22%|       | 4360/20000 [1:34:10<5:41:07,  1.31s/it] 22%|       | 4427/20000 [1:35:37<5:41:23,  1.32s/it] 22%|       | 4437/20000 [1:35:50<5:41:10,  1.32s/it] 23%|       | 4504/20000 [1:37:17<5:38:46,  1.31s/it] 23%|       | 4513/20000 [1:37:30<5:38:34,  1.31s/it] 23%|       | 4582/20000 [1:38:58<5:35:37,  1.31s/it] 23%|       | 4590/20000 [1:39:10<5:35:26,  1.31s/it] 23%|       | 4661/20000 [1:40:39<5:31:20,  1.30s/it] 23%|       | 4669/20000 [1:40:50<5:31:09,  1.30s/it] 24%|       | 4740/20000 [1:42:20<5:28:25,  1.29s/it] 24%|       | 4757/20000 [1:42:40<5:28:03,  1.29s/it] 24%|       | 4821/20000 [1:44:00<5:22:55,  1.28s/it] 24%|       | 4836/20000 [1:44:20<5:22:36,  1.28s/it] 24%|       | 4900/20000 [1:45:42<5:21:38,  1.28s/it] 25%|       | 4913/20000 [1:46:00<5:21:22,  1.28s/it] 25%|       | 4976/20000 [1:47:22<5:23:10,  1.29s/it] 25%|       | 4990/20000 [1:47:40<5:22:52,  1.29s/it] 25%|       | 5055/20000 [1:49:03<5:20:34,  1.29s/it] 25%|       | 5069/20000 [1:49:20<5:20:16,  1.29s/it] 26%|       | 5139/20000 [1:50:44<5:11:49,  1.26s/it] 26%|       | 5151/20000 [1:51:00<5:11:34,  1.26s/it] 26%|       | 5220/20000 [1:52:25<5:09:15,  1.26s/it] 26%|       | 5231/20000 [1:52:40<5:09:01,  1.26s/it] 26%|       | 5299/20000 [1:54:05<5:08:56,  1.26s/it] 27%|       | 5309/20000 [1:54:20<5:08:43,  1.26s/it] 27%|       | 5378/20000 [1:55:46<5:08:22,  1.27s/it] 27%|       | 5388/20000 [1:56:00<5:08:09,  1.27s/it] 27%|       | 5454/20000 [1:57:26<5:10:25,  1.28s/it] 27%|       | 5464/20000 [1:57:40<5:10:12,  1.28s/it] 28%|       | 5536/20000 [1:59:07<5:04:50,  1.26s/it] 28%|       | 5545/20000 [1:59:20<5:04:38,  1.26s/it] 28%|       | 5614/20000 [2:00:48<5:05:02,  1.27s/it] 28%|       | 5623/20000 [2:01:00<5:04:51,  1.27s/it] 28%|       | 5696/20000 [2:02:28<4:59:29,  1.26s/it] 29%|       | 5705/20000 [2:02:40<4:59:17,  1.26s/it] 29%|       | 5772/20000 [2:04:09<5:02:34,  1.28s/it] 29%|       | 5780/20000 [2:04:20<5:02:24,  1.28s/it] 29%|       | 5849/20000 [2:05:49<5:03:04,  1.29s/it] 29%|       | 5857/20000 [2:06:00<5:02:54,  1.29s/it] 30%|       | 5932/20000 [2:07:30<4:55:50,  1.26s/it] 30%|       | 5939/20000 [2:07:40<4:55:41,  1.26s/it] 30%|       | 6010/20000 [2:09:11<4:56:27,  1.27s/it] 30%|       | 6024/20000 [2:09:30<4:56:09,  1.27s/it] 30%|       | 6091/20000 [2:10:51<4:52:29,  1.26s/it] 31%|       | 6106/20000 [2:11:10<4:52:10,  1.26s/it] 31%|       | 6171/20000 [2:12:32<4:50:56,  1.26s/it] 31%|       | 6185/20000 [2:12:50<4:50:38,  1.26s/it] 31%|      | 6252/20000 [2:14:13<4:48:19,  1.26s/it] 31%|      | 6263/20000 [2:14:30<4:48:05,  1.26s/it] 32%|      | 6325/20000 [2:15:54<4:54:20,  1.29s/it] 32%|      | 6336/20000 [2:16:10<4:54:06,  1.29s/it] 32%|      | 6400/20000 [2:17:35<4:56:09,  1.31s/it] 32%|      | 6410/20000 [2:17:50<4:55:56,  1.31s/it] 32%|      | 6480/20000 [2:19:15<4:51:21,  1.29s/it] 32%|      | 6491/20000 [2:19:30<4:51:07,  1.29s/it] 33%|      | 6564/20000 [2:20:57<4:43:12,  1.26s/it] 33%|      | 6573/20000 [2:21:10<4:43:01,  1.26s/it] 33%|      | 6642/20000 [2:22:38<4:43:40,  1.27s/it] 33%|      | 6650/20000 [2:22:50<4:43:30,  1.27s/it] 34%|      | 6718/20000 [2:24:18<4:44:59,  1.29s/it] 34%|      | 6726/20000 [2:24:30<4:44:49,  1.29s/it] 34%|      | 6794/20000 [2:25:59<4:46:00,  1.30s/it] 34%|      | 6803/20000 [2:26:10<4:45:49,  1.30s/it] 34%|      | 6881/20000 [2:27:39<4:33:50,  1.25s/it] 34%|      | 6889/20000 [2:27:50<4:33:40,  1.25s/it] 35%|      | 6956/20000 [2:29:20<4:37:40,  1.28s/it] 35%|      | 6970/20000 [2:29:40<4:37:22,  1.28s/it] 35%|      | 7031/20000 [2:31:01<4:40:28,  1.30s/it] 35%|      | 7045/20000 [2:31:20<4:40:10,  1.30s/it] 36%|      | 7105/20000 [2:32:41<4:42:26,  1.31s/it] 36%|      | 7119/20000 [2:33:00<4:42:07,  1.31s/it] 36%|      | 7189/20000 [2:34:22<4:32:48,  1.28s/it] 36%|      | 7202/20000 [2:34:40<4:32:32,  1.28s/it] 36%|      | 7268/20000 [2:36:03<4:31:18,  1.28s/it] 36%|      | 7282/20000 [2:36:20<4:31:00,  1.28s/it] 37%|      | 7350/20000 [2:37:43<4:25:55,  1.26s/it] 37%|      | 7361/20000 [2:38:00<4:25:41,  1.26s/it] 37%|      | 7425/20000 [2:39:24<4:29:13,  1.28s/it] 37%|      | 7436/20000 [2:39:40<4:28:59,  1.28s/it] 38%|      | 7500/20000 [2:41:05<4:31:32,  1.30s/it] 38%|      | 7510/20000 [2:41:20<4:31:19,  1.30s/it] 38%|      | 7579/20000 [2:42:46<4:27:39,  1.29s/it] 38%|      | 7589/20000 [2:43:00<4:27:26,  1.29s/it] 38%|      | 7655/20000 [2:44:26<4:27:42,  1.30s/it] 38%|      | 7664/20000 [2:44:40<4:27:30,  1.30s/it] 39%|      | 7729/20000 [2:46:07<4:29:46,  1.32s/it] 39%|      | 7740/20000 [2:46:20<4:29:31,  1.32s/it] 39%|      | 7813/20000 [2:47:47<4:20:01,  1.28s/it] 39%|      | 7822/20000 [2:48:00<4:19:50,  1.28s/it] 39%|      | 7892/20000 [2:49:28<4:17:55,  1.28s/it] 40%|      | 7900/20000 [2:49:40<4:17:45,  1.28s/it] 40%|      | 7971/20000 [2:51:09<4:16:26,  1.28s/it] 40%|      | 7978/20000 [2:51:20<4:16:17,  1.28s/it] 40%|      | 8048/20000 [2:52:49<4:16:07,  1.29s/it] 40%|      | 8056/20000 [2:53:00<4:15:57,  1.29s/it] 41%|      | 8132/20000 [2:54:30<4:09:01,  1.26s/it] 41%|      | 8148/20000 [2:54:50<4:08:41,  1.26s/it] 41%|      | 8215/20000 [2:56:11<4:04:35,  1.25s/it] 41%|      | 8228/20000 [2:56:30<4:04:19,  1.25s/it] 41%|     | 8293/20000 [2:57:51<4:05:08,  1.26s/it] 42%|     | 8308/20000 [2:58:10<4:04:49,  1.26s/it] 42%|     | 8373/20000 [2:59:32<4:03:30,  1.26s/it] 42%|     | 8385/20000 [2:59:50<4:03:15,  1.26s/it] 42%|     | 8451/20000 [3:01:13<4:03:57,  1.27s/it] 42%|     | 8463/20000 [3:01:30<4:03:42,  1.27s/it] 43%|     | 8531/20000 [3:02:54<4:02:12,  1.27s/it] 43%|     | 8543/20000 [3:03:10<4:01:56,  1.27s/it] 43%|     | 8613/20000 [3:04:35<3:58:11,  1.26s/it] 43%|     | 8624/20000 [3:04:50<3:57:57,  1.26s/it] 43%|     | 8687/20000 [3:06:15<4:02:18,  1.29s/it] 43%|     | 8697/20000 [3:06:30<4:02:05,  1.29s/it] 44%|     | 8762/20000 [3:07:55<4:03:22,  1.30s/it] 44%|     | 8772/20000 [3:08:10<4:03:09,  1.30s/it] 44%|     | 8835/20000 [3:09:36<4:05:44,  1.32s/it] 44%|     | 8845/20000 [3:09:50<4:05:31,  1.32s/it] 45%|     | 8913/20000 [3:11:16<4:02:05,  1.31s/it] 45%|     | 8924/20000 [3:11:30<4:01:50,  1.31s/it] 45%|     | 8996/20000 [3:12:56<3:54:11,  1.28s/it] 45%|     | 9006/20000 [3:13:10<3:53:58,  1.28s/it] 45%|     | 9077/20000 [3:14:37<3:50:29,  1.27s/it] 45%|     | 9088/20000 [3:14:50<3:50:15,  1.27s/it] 46%|     | 9156/20000 [3:16:17<3:49:17,  1.27s/it] 46%|     | 9165/20000 [3:16:30<3:49:05,  1.27s/it] 46%|     | 9237/20000 [3:17:58<3:46:06,  1.26s/it] 46%|     | 9247/20000 [3:18:10<3:45:53,  1.26s/it] 47%|     | 9319/20000 [3:19:38<3:42:31,  1.25s/it] 47%|     | 9328/20000 [3:19:50<3:42:20,  1.25s/it] 47%|     | 9400/20000 [3:21:19<3:40:40,  1.25s/it] 47%|     | 9408/20000 [3:21:30<3:40:30,  1.25s/it] 47%|     | 9483/20000 [3:23:00<3:36:43,  1.24s/it] 47%|     | 9491/20000 [3:23:10<3:36:33,  1.24s/it] 48%|     | 9562/20000 [3:24:40<3:37:00,  1.25s/it] 48%|     | 9575/20000 [3:25:00<3:36:43,  1.25s/it] 48%|     | 9635/20000 [3:26:21<3:42:06,  1.29s/it] 48%|     | 9647/20000 [3:26:40<3:41:51,  1.29s/it] 49%|     | 9709/20000 [3:28:02<3:43:53,  1.31s/it] 49%|     | 9725/20000 [3:28:20<3:43:32,  1.31s/it] 49%|     | 9789/20000 [3:29:42<3:39:38,  1.29s/it] 49%|     | 9801/20000 [3:30:00<3:39:22,  1.29s/it] 49%|     | 9862/20000 [3:31:23<3:42:14,  1.32s/it] 49%|     | 9875/20000 [3:31:40<3:41:57,  1.32s/it] 50%|     | 9941/20000 [3:33:03<3:38:25,  1.30s/it] 50%|     | 9955/20000 [3:33:20<3:38:06,  1.30s/it] 50%|     | 10024/20000 [3:34:44<3:31:34,  1.27s/it] 50%|     | 10037/20000 [3:35:00<3:31:18,  1.27s/it] 51%|     | 10102/20000 [3:36:24<3:30:55,  1.28s/it] 51%|     | 10114/20000 [3:36:40<3:30:40,  1.28s/it] 51%|     | 10181/20000 [3:38:05<3:28:42,  1.28s/it] 51%|     | 10193/20000 [3:38:20<3:28:26,  1.28s/it] 51%|    | 10264/20000 [3:39:45<3:23:35,  1.25s/it] 51%|    | 10277/20000 [3:40:00<3:23:19,  1.25s/it] 52%|    | 10351/20000 [3:41:26<3:16:58,  1.22s/it] 52%|    | 10362/20000 [3:41:40<3:16:44,  1.22s/it] 52%|    | 10430/20000 [3:43:07<3:18:04,  1.24s/it] 52%|    | 10439/20000 [3:43:20<3:17:53,  1.24s/it] 53%|    | 10507/20000 [3:44:48<3:19:33,  1.26s/it] 53%|    | 10516/20000 [3:45:00<3:19:22,  1.26s/it] 53%|    | 10590/20000 [3:46:28<3:15:10,  1.24s/it] 53%|    | 10598/20000 [3:46:40<3:15:00,  1.24s/it] 53%|    | 10665/20000 [3:48:09<3:18:13,  1.27s/it] 53%|    | 10672/20000 [3:48:20<3:18:04,  1.27s/it] 54%|    | 10740/20000 [3:49:51<3:20:01,  1.30s/it] 54%|    | 10754/20000 [3:50:10<3:19:43,  1.30s/it] 54%|    | 10820/20000 [3:51:31<3:16:31,  1.28s/it] 54%|    | 10836/20000 [3:51:50<3:16:11,  1.28s/it] 55%|    | 10902/20000 [3:53:12<3:12:23,  1.27s/it] 55%|    | 10915/20000 [3:53:30<3:12:07,  1.27s/it] 55%|    | 10978/20000 [3:54:53<3:13:15,  1.29s/it] 55%|    | 10990/20000 [3:55:10<3:13:00,  1.29s/it] 55%|    | 11056/20000 [3:56:34<3:11:43,  1.29s/it] 55%|    | 11067/20000 [3:56:50<3:11:28,  1.29s/it] 56%|    | 11132/20000 [3:58:14<3:11:49,  1.30s/it] 56%|    | 11144/20000 [3:58:30<3:11:34,  1.30s/it] 56%|    | 11212/20000 [3:59:55<3:08:11,  1.28s/it] 56%|    | 11224/20000 [4:00:10<3:07:55,  1.28s/it] 56%|    | 11297/20000 [4:01:35<3:01:38,  1.25s/it] 57%|    | 11309/20000 [4:01:50<3:01:23,  1.25s/it] 57%|    | 11378/20000 [4:03:16<2:59:27,  1.25s/it] 57%|    | 11389/20000 [4:03:30<2:59:14,  1.25s/it] 57%|    | 11460/20000 [4:04:57<2:56:59,  1.24s/it] 57%|    | 11470/20000 [4:05:10<2:56:47,  1.24s/it] 58%|    | 11541/20000 [4:06:37<2:55:03,  1.24s/it] 58%|    | 11550/20000 [4:06:50<2:54:52,  1.24s/it] 58%|    | 11615/20000 [4:08:17<2:57:52,  1.27s/it] 58%|    | 11624/20000 [4:08:30<2:57:40,  1.27s/it] 58%|    | 11691/20000 [4:09:58<2:58:25,  1.29s/it] 58%|    | 11700/20000 [4:10:10<2:58:13,  1.29s/it] 59%|    | 11769/20000 [4:11:39<2:57:02,  1.29s/it] 59%|    | 11778/20000 [4:11:50<2:56:50,  1.29s/it] 59%|    | 11850/20000 [4:13:20<2:53:21,  1.28s/it] 59%|    | 11857/20000 [4:13:30<2:53:12,  1.28s/it] 60%|    | 11925/20000 [4:15:00<2:54:13,  1.29s/it] 60%|    | 11940/20000 [4:15:20<2:53:54,  1.29s/it] 60%|    | 12008/20000 [4:16:41<2:49:14,  1.27s/it] 60%|    | 12022/20000 [4:17:00<2:48:56,  1.27s/it] 60%|    | 12093/20000 [4:18:22<2:44:01,  1.24s/it] 61%|    | 12107/20000 [4:18:40<2:43:44,  1.24s/it] 61%|    | 12173/20000 [4:20:02<2:42:40,  1.25s/it] 61%|    | 12185/20000 [4:20:20<2:42:25,  1.25s/it] 61%|   | 12252/20000 [4:21:43<2:42:11,  1.26s/it] 61%|   | 12266/20000 [4:22:00<2:41:53,  1.26s/it] 62%|   | 12338/20000 [4:23:23<2:36:39,  1.23s/it] 62%|   | 12351/20000 [4:23:40<2:36:23,  1.23s/it] 62%|   | 12421/20000 [4:25:05<2:34:38,  1.22s/it] 62%|   | 12432/20000 [4:25:20<2:34:24,  1.22s/it] 63%|   | 12502/20000 [4:26:46<2:34:01,  1.23s/it] 63%|   | 12512/20000 [4:27:00<2:33:49,  1.23s/it] 63%|   | 12581/20000 [4:28:26<2:33:48,  1.24s/it] 63%|   | 12591/20000 [4:28:40<2:33:35,  1.24s/it] 63%|   | 12662/20000 [4:30:07<2:32:15,  1.24s/it] 63%|   | 12673/20000 [4:30:20<2:32:02,  1.24s/it] 64%|   | 12748/20000 [4:31:48<2:27:24,  1.22s/it] 64%|   | 12757/20000 [4:32:00<2:27:13,  1.22s/it] 64%|   | 12826/20000 [4:33:29<2:28:30,  1.24s/it] 64%|   | 12833/20000 [4:33:40<2:28:21,  1.24s/it] 65%|   | 12906/20000 [4:35:10<2:27:36,  1.25s/it] 65%|   | 12913/20000 [4:35:20<2:27:27,  1.25s/it] 65%|   | 12983/20000 [4:36:50<2:27:43,  1.26s/it] 65%|   | 12996/20000 [4:37:10<2:27:27,  1.26s/it] 65%|   | 13059/20000 [4:38:31<2:28:20,  1.28s/it] 65%|   | 13074/20000 [4:38:50<2:28:01,  1.28s/it] 66%|   | 13140/20000 [4:40:11<2:24:58,  1.27s/it] 66%|   | 13156/20000 [4:40:30<2:24:38,  1.27s/it] 66%|   | 13224/20000 [4:41:51<2:20:34,  1.24s/it] 66%|   | 13236/20000 [4:42:10<2:20:20,  1.24s/it] 66%|   | 13299/20000 [4:43:32<2:22:14,  1.27s/it] 67%|   | 13313/20000 [4:43:50<2:21:56,  1.27s/it] 67%|   | 13377/20000 [4:45:13<2:21:00,  1.28s/it] 67%|   | 13389/20000 [4:45:30<2:20:44,  1.28s/it] 67%|   | 13451/20000 [4:46:53<2:22:02,  1.30s/it] 67%|   | 13465/20000 [4:47:10<2:21:44,  1.30s/it] 68%|   | 13536/20000 [4:48:34<2:16:13,  1.26s/it] 68%|   | 13547/20000 [4:48:50<2:15:59,  1.26s/it] 68%|   | 13622/20000 [4:50:15<2:11:17,  1.24s/it] 68%|   | 13633/20000 [4:50:30<2:11:03,  1.24s/it] 68%|   | 13697/20000 [4:51:55<2:12:46,  1.26s/it] 69%|   | 13707/20000 [4:52:10<2:12:33,  1.26s/it] 69%|   | 13777/20000 [4:53:35<2:10:47,  1.26s/it] 69%|   | 13788/20000 [4:53:50<2:10:33,  1.26s/it] 69%|   | 13854/20000 [4:55:17<2:10:50,  1.28s/it] 69%|   | 13863/20000 [4:55:30<2:10:38,  1.28s/it] 70%|   | 13932/20000 [4:56:57<2:09:27,  1.28s/it] 70%|   | 13942/20000 [4:57:10<2:09:15,  1.28s/it] 70%|   | 14012/20000 [4:58:38<2:07:05,  1.27s/it] 70%|   | 14020/20000 [4:58:50<2:06:55,  1.27s/it] 70%|   | 14092/20000 [5:00:19<2:04:56,  1.27s/it] 70%|   | 14100/20000 [5:00:30<2:04:46,  1.27s/it] 71%|   | 14169/20000 [5:01:59<2:04:29,  1.28s/it] 71%|   | 14177/20000 [5:02:10<2:04:19,  1.28s/it] 71%|  | 14250/20000 [5:03:40<2:01:29,  1.27s/it] 71%|  | 14257/20000 [5:03:50<2:01:20,  1.27s/it] 72%|  | 14324/20000 [5:05:20<2:02:19,  1.29s/it] 72%|  | 14339/20000 [5:05:40<2:01:59,  1.29s/it] 72%|  | 14405/20000 [5:07:01<1:59:03,  1.28s/it] 72%|  | 14420/20000 [5:07:20<1:58:44,  1.28s/it] 72%|  | 14483/20000 [5:08:41<1:57:36,  1.28s/it] 72%|  | 14498/20000 [5:09:00<1:57:17,  1.28s/it] 73%|  | 14569/20000 [5:10:21<1:52:33,  1.24s/it] 73%|  | 14584/20000 [5:10:40<1:52:14,  1.24s/it] 73%|  | 14656/20000 [5:12:02<1:48:23,  1.22s/it] 73%|  | 14671/20000 [5:12:20<1:48:05,  1.22s/it] 74%|  | 14737/20000 [5:13:43<1:47:30,  1.23s/it] 74%|  | 14750/20000 [5:14:00<1:47:14,  1.23s/it] 74%|  | 14816/20000 [5:15:23<1:46:55,  1.24s/it] 74%|  | 14830/20000 [5:15:40<1:46:37,  1.24s/it] 74%|  | 14898/20000 [5:17:04<1:45:06,  1.24s/it] 75%|  | 14909/20000 [5:17:20<1:44:53,  1.24s/it] 75%|  | 14974/20000 [5:18:44<1:45:29,  1.26s/it] 75%|  | 14984/20000 [5:19:00<1:45:16,  1.26s/it] 75%|  | 15048/20000 [5:20:24<1:46:10,  1.29s/it] 75%|  | 15058/20000 [5:20:40<1:45:57,  1.29s/it] 76%|  | 15126/20000 [5:22:05<1:44:26,  1.29s/it] 76%|  | 15138/20000 [5:22:20<1:44:10,  1.29s/it] 76%|  | 15206/20000 [5:23:46<1:42:10,  1.28s/it] 76%|  | 15217/20000 [5:24:00<1:41:56,  1.28s/it] 76%|  | 15281/20000 [5:25:26<1:41:54,  1.30s/it] 76%|  | 15292/20000 [5:25:40<1:41:40,  1.30s/it] 77%|  | 15356/20000 [5:27:07<1:41:31,  1.31s/it] 77%|  | 15365/20000 [5:27:20<1:41:19,  1.31s/it] 77%|  | 15437/20000 [5:28:48<1:38:13,  1.29s/it] 77%|  | 15446/20000 [5:29:00<1:38:01,  1.29s/it] 78%|  | 15513/20000 [5:30:28<1:37:10,  1.30s/it] 78%|  | 15521/20000 [5:30:40<1:36:59,  1.30s/it] 78%|  | 15592/20000 [5:32:10<1:35:04,  1.29s/it] 78%|  | 15599/20000 [5:32:20<1:34:55,  1.29s/it] 78%|  | 15673/20000 [5:33:50<1:32:11,  1.28s/it] 78%|  | 15687/20000 [5:34:10<1:31:53,  1.28s/it] 79%|  | 15752/20000 [5:35:30<1:30:16,  1.28s/it] 79%|  | 15766/20000 [5:35:50<1:29:58,  1.28s/it] 79%|  | 15831/20000 [5:37:11<1:28:39,  1.28s/it] 79%|  | 15845/20000 [5:37:30<1:28:21,  1.28s/it] 80%|  | 15912/20000 [5:38:52<1:26:12,  1.27s/it] 80%|  | 15924/20000 [5:39:10<1:25:57,  1.27s/it] 80%|  | 15988/20000 [5:40:33<1:25:51,  1.28s/it] 80%|  | 15999/20000 [5:40:50<1:25:36,  1.28s/it] 80%|  | 16065/20000 [5:42:14<1:24:49,  1.29s/it] 80%|  | 16076/20000 [5:42:30<1:24:35,  1.29s/it] 81%|  | 16142/20000 [5:43:55<1:23:27,  1.30s/it] 81%|  | 16153/20000 [5:44:10<1:23:13,  1.30s/it] 81%|  | 16220/20000 [5:45:36<1:21:34,  1.29s/it] 81%|  | 16231/20000 [5:45:50<1:21:20,  1.29s/it] 81%| | 16298/20000 [5:47:16<1:19:40,  1.29s/it] 82%| | 16309/20000 [5:47:30<1:19:25,  1.29s/it] 82%| | 16381/20000 [5:48:56<1:16:23,  1.27s/it] 82%| | 16392/20000 [5:49:10<1:16:09,  1.27s/it] 82%| | 16465/20000 [5:50:37<1:13:29,  1.25s/it] 82%| | 16474/20000 [5:50:50<1:13:18,  1.25s/it] 83%| | 16546/20000 [5:52:18<1:11:42,  1.25s/it] 83%| | 16556/20000 [5:52:30<1:11:30,  1.25s/it] 83%| | 16625/20000 [5:53:58<1:10:25,  1.25s/it] 83%| | 16634/20000 [5:54:10<1:10:14,  1.25s/it] 84%| | 16709/20000 [5:55:39<1:07:47,  1.24s/it] 84%| | 16718/20000 [5:55:50<1:07:36,  1.24s/it] 84%| | 16792/20000 [5:57:20<1:05:48,  1.23s/it] 84%| | 16807/20000 [5:57:40<1:05:29,  1.23s/it] 84%| | 16875/20000 [5:59:01<1:03:47,  1.22s/it] 84%| | 16889/20000 [5:59:20<1:03:30,  1.22s/it] 85%| | 16955/20000 [6:00:41<1:02:41,  1.24s/it] 85%| | 16969/20000 [6:01:00<1:02:23,  1.24s/it] 85%| | 17039/20000 [6:02:22<1:00:18,  1.22s/it] 85%| | 17054/20000 [6:02:40<1:00:00,  1.22s/it] 86%| | 17119/20000 [6:04:02<59:06,  1.23s/it]   86%| | 17133/20000 [6:04:20<58:49,  1.23s/it] 86%| | 17198/20000 [6:05:42<57:58,  1.24s/it] 86%| | 17212/20000 [6:06:00<57:41,  1.24s/it] 86%| | 17282/20000 [6:07:22<55:37,  1.23s/it] 86%| | 17297/20000 [6:07:40<55:19,  1.23s/it] 87%| | 17368/20000 [6:09:03<53:04,  1.21s/it] 87%| | 17382/20000 [6:09:20<52:48,  1.21s/it] 87%| | 17447/20000 [6:10:43<52:12,  1.23s/it] 87%| | 17461/20000 [6:11:00<51:55,  1.23s/it] 88%| | 17531/20000 [6:12:24<50:05,  1.22s/it] 88%| | 17545/20000 [6:12:40<49:48,  1.22s/it] 88%| | 17615/20000 [6:14:04<48:04,  1.21s/it] 88%| | 17626/20000 [6:14:20<47:50,  1.21s/it] 88%| | 17689/20000 [6:15:44<48:08,  1.25s/it] 89%| | 17702/20000 [6:16:00<47:52,  1.25s/it] 89%| | 17771/20000 [6:17:25<46:09,  1.24s/it] 89%| | 17782/20000 [6:17:40<45:55,  1.24s/it] 89%| | 17850/20000 [6:19:05<44:46,  1.25s/it] 89%| | 17861/20000 [6:19:20<44:32,  1.25s/it] 90%| | 17931/20000 [6:20:46<43:03,  1.25s/it] 90%| | 17941/20000 [6:21:00<42:51,  1.25s/it] 90%| | 18011/20000 [6:22:26<41:24,  1.25s/it] 90%| | 18024/20000 [6:22:40<41:08,  1.25s/it] 90%| | 18095/20000 [6:24:07<39:14,  1.24s/it] 91%| | 18105/20000 [6:24:20<39:01,  1.24s/it] 91%| | 18174/20000 [6:25:47<37:53,  1.25s/it] 91%| | 18185/20000 [6:26:00<37:39,  1.25s/it] 91%|| 18258/20000 [6:27:28<35:48,  1.23s/it] 91%|| 18267/20000 [6:27:40<35:37,  1.23s/it] 92%|| 18344/20000 [6:29:09<33:29,  1.21s/it] 92%|| 18352/20000 [6:29:20<33:19,  1.21s/it] 92%|| 18428/20000 [6:30:49<31:38,  1.21s/it] 92%|| 18438/20000 [6:31:00<31:26,  1.21s/it] 93%|| 18514/20000 [6:32:30<29:37,  1.20s/it] 93%|| 18530/20000 [6:32:50<29:18,  1.20s/it] 93%|| 18594/20000 [6:34:10<28:23,  1.21s/it] 93%|| 18609/20000 [6:34:30<28:05,  1.21s/it] 93%|| 18673/20000 [6:35:50<27:09,  1.23s/it] 93%|| 18688/20000 [6:36:10<26:50,  1.23s/it] 94%|| 18755/20000 [6:37:30<25:26,  1.23s/it] 94%|| 18771/20000 [6:37:50<25:07,  1.23s/it] 94%|| 18836/20000 [6:39:11<23:52,  1.23s/it] 94%|| 18849/20000 [6:39:30<23:36,  1.23s/it] 95%|| 18913/20000 [6:40:52<22:43,  1.25s/it] 95%|| 18927/20000 [6:41:10<22:25,  1.25s/it] 95%|| 18990/20000 [6:42:32<21:20,  1.27s/it] 95%|| 19003/20000 [6:42:50<21:03,  1.27s/it] 95%|| 19067/20000 [6:44:12<19:51,  1.28s/it] 95%|| 19080/20000 [6:44:30<19:34,  1.28s/it] 96%|| 19145/20000 [6:45:53<18:15,  1.28s/it] 96%|| 19157/20000 [6:46:10<18:00,  1.28s/it] 96%|| 19220/20000 [6:47:33<16:53,  1.30s/it] 96%|| 19232/20000 [6:47:50<16:37,  1.30s/it] 96%|| 19294/20000 [6:49:15<15:31,  1.32s/it] 97%|| 19304/20000 [6:49:30<15:17,  1.32s/it] 97%|| 19369/20000 [6:50:56<13:58,  1.33s/it] 97%|| 19378/20000 [6:51:10<13:46,  1.33s/it] 97%|| 19441/20000 [6:52:37<12:35,  1.35s/it] 97%|| 19450/20000 [6:52:50<12:22,  1.35s/it] 98%|| 19516/20000 [6:54:18<10:52,  1.35s/it] 98%|| 19524/20000 [6:54:30<10:41,  1.35s/it] 98%|| 19589/20000 [6:55:58<09:17,  1.36s/it] 98%|| 19597/20000 [6:56:10<09:06,  1.36s/it] 98%|| 19662/20000 [6:57:38<07:39,  1.36s/it] 98%|| 19671/20000 [6:57:50<07:27,  1.36s/it] 99%|| 19744/20000 [6:59:19<05:37,  1.32s/it] 99%|| 19751/20000 [6:59:30<05:28,  1.32s/it] 99%|| 19824/20000 [7:01:00<03:49,  1.30s/it] 99%|| 19840/20000 [7:01:20<03:28,  1.30s/it]100%|| 19903/20000 [7:02:41<02:05,  1.29s/it]100%|| 19917/20000 [7:03:00<01:47,  1.29s/it]100%|| 19985/20000 [7:04:22<00:19,  1.27s/it]100%|| 19999/20000 [7:04:40<00:01,  1.27s/it]100%|| 20000/20000 [7:04:40<00:00,  1.27s/it]

Analysis complete. Found 1 cluster(s) meeting the MCMC criterion.
Accepted cluster indices: [0]

--- Processing Final Results for Cluster 0 ---
--- MCMC Parameter Constraints for Cluster 0 ---
  x_src = 73.735 +0.058 / -0.049
  y_src = 81.112 +0.233 / -0.191
    z_s = 3.782 +0.234 / -0.181
Saving localization results for Cluster 0...
Processing results for Cluster 0...
-> Saved 340000 samples to /users/hiu-yeung.cheng/clusterlensing/out/row1/test_tidy_row1/cluster_0_posterior.npz
Updated CSV row 1 with result for cluster 0.
Loading data from /users/hiu-yeung.cheng/clusterlensing/out/row1/test_tidy_row1/cluster_0_posterior.npz...

Generating corner plot...
-> Corner plot saved to /users/hiu-yeung.cheng/clusterlensing/out/row1/test_tidy_row1/cluster_0_corner_from_saved.png

Generating trace plot...
-> Trace plot saved to /users/hiu-yeung.cheng/clusterlensing/out/row1/test_tidy_row1/cluster_0_trace.png
