Row=16 OUT_DIR=/users/hiu-yeung.cheng/clusterlensing/out/row16 DE_PROCS=16 MCMC_PROCS=16
Setup complete. Lensing system initialized.
True time delays: [    0.         17321.36579921 17322.00012211 17596.48714789
 20449.92315204]
True luminosity distances: 11737.152202136072
Lensed luminosity distances: [3.30617059e+03 1.48628525e+02 1.77779824e+02 2.19577400e+03
 7.48200743e+06]

Running the full analysis pipeline...
--- Running DE for Cluster 0 ---
[DE] Process Pool with 16 procs (init=latinhypercube, popsize=50)
differential_evolution step 1: f(x)= 3000.0
differential_evolution step 2: f(x)= 3000.0
differential_evolution step 3: f(x)= 3000.0
differential_evolution step 4: f(x)= 3000.0
differential_evolution step 5: f(x)= 3000.0
differential_evolution step 6: f(x)= 3000.0
differential_evolution step 7: f(x)= 3000.0
differential_evolution step 8: f(x)= 3000.0
differential_evolution step 9: f(x)= 3000.0
differential_evolution step 10: f(x)= 3000.0
differential_evolution step 11: f(x)= 3000.0
differential_evolution step 12: f(x)= 2550.7139187489706
differential_evolution step 13: f(x)= 2550.7139187489706
differential_evolution step 14: f(x)= 2550.7139187489706
differential_evolution step 15: f(x)= 2550.7139187489706
differential_evolution step 16: f(x)= 2550.7139187489706
differential_evolution step 17: f(x)= 2550.7139187489706
differential_evolution step 18: f(x)= 2550.7139187489706
differential_evolution step 19: f(x)= 2550.7139187489706
differential_evolution step 20: f(x)= 2550.7139187489706
differential_evolution step 21: f(x)= 2550.7139187489706
differential_evolution step 22: f(x)= 2550.7139187489706
differential_evolution step 23: f(x)= 2550.7139187489706
differential_evolution step 24: f(x)= 2550.7139187489706
differential_evolution step 25: f(x)= 2550.7139187489706
differential_evolution step 26: f(x)= 2550.7139187489706
differential_evolution step 27: f(x)= 2550.7139187489706
differential_evolution step 28: f(x)= 2550.7139187489706
differential_evolution step 29: f(x)= 2550.7139187489706
differential_evolution step 30: f(x)= 2184.6953092978997
differential_evolution step 31: f(x)= 2184.6953092978997
differential_evolution step 32: f(x)= 2184.6953092978997
differential_evolution step 33: f(x)= 2184.6953092978997
differential_evolution step 34: f(x)= 2184.6953092978997
differential_evolution step 35: f(x)= 2184.6953092978997
differential_evolution step 36: f(x)= 2184.6953092978997
differential_evolution step 37: f(x)= 2184.6953092978997
differential_evolution step 38: f(x)= 2184.6953092978997
differential_evolution step 39: f(x)= 2184.6953092978997
differential_evolution step 40: f(x)= 2184.6953092978997
differential_evolution step 41: f(x)= 2184.6953092978997
differential_evolution step 42: f(x)= 2184.6953092978997
differential_evolution step 43: f(x)= 2184.6953092978997
differential_evolution step 44: f(x)= 2184.6953092978997
differential_evolution step 45: f(x)= 2184.6953092978997
differential_evolution step 46: f(x)= 2184.6953092978997
differential_evolution step 47: f(x)= 2184.6953092978997
differential_evolution step 48: f(x)= 2184.6953092978997
differential_evolution step 49: f(x)= 2184.6953092978997
differential_evolution step 50: f(x)= 2184.6953092978997
differential_evolution step 51: f(x)= 2184.6953092978997
differential_evolution step 52: f(x)= 2184.6953092978997
differential_evolution step 53: f(x)= 2184.6953092978997
differential_evolution step 54: f(x)= 2184.6953092978997
differential_evolution step 55: f(x)= 2184.6953092978997
differential_evolution step 56: f(x)= 2184.6953092978997
differential_evolution step 57: f(x)= 2184.6953092978997
differential_evolution step 58: f(x)= 2184.6953092978997
differential_evolution step 59: f(x)= 2184.6953092978997
differential_evolution step 60: f(x)= 1992.0083909411865
differential_evolution step 61: f(x)= 1992.0083909411865
differential_evolution step 62: f(x)= 1992.0083909411865
differential_evolution step 63: f(x)= 1992.0083909411865
differential_evolution step 64: f(x)= 1992.0083909411865
differential_evolution step 65: f(x)= 1992.0083909411865
differential_evolution step 66: f(x)= 1992.0083909411865
differential_evolution step 67: f(x)= 1992.0083909411865
differential_evolution step 68: f(x)= 1992.0083909411865
differential_evolution step 69: f(x)= 1992.0083909411865
differential_evolution step 70: f(x)= 1992.0083909411865
differential_evolution step 71: f(x)= 1992.0083909411865
differential_evolution step 72: f(x)= 1992.0083909411865
differential_evolution step 73: f(x)= 1992.0083909411865
differential_evolution step 74: f(x)= 1992.0083909411865
differential_evolution step 75: f(x)= 1992.0083909411865
differential_evolution step 76: f(x)= 1992.0083909411865
differential_evolution step 77: f(x)= 1992.0083909411865
differential_evolution step 78: f(x)= 1992.0083909411865
differential_evolution step 79: f(x)= 1992.0083909411865
differential_evolution step 80: f(x)= 1992.0083909411865
differential_evolution step 81: f(x)= 1992.0083909411865
differential_evolution step 82: f(x)= 1992.0083909411865
differential_evolution step 83: f(x)= 1992.0083909411865
differential_evolution step 84: f(x)= 1992.0083909411865
differential_evolution step 85: f(x)= 1992.0083909411865
differential_evolution step 86: f(x)= 1992.0083909411865
differential_evolution step 87: f(x)= 1992.0083909411865
differential_evolution step 88: f(x)= 1992.0083909411865
differential_evolution step 89: f(x)= 1992.0083909411865
differential_evolution step 90: f(x)= 1992.0083909411865
differential_evolution step 91: f(x)= 1992.0083909411865
differential_evolution step 92: f(x)= 1992.0083909411865
differential_evolution step 93: f(x)= 1992.0083909411865
differential_evolution step 94: f(x)= 1992.0083909411865
differential_evolution step 95: f(x)= 1992.0083909411865
differential_evolution step 96: f(x)= 1992.0083909411865
differential_evolution step 97: f(x)= 1992.0083909411865
differential_evolution step 98: f(x)= 1992.0083909411865
differential_evolution step 99: f(x)= 1992.0083909411865
differential_evolution step 100: f(x)= 1992.0083909411865
differential_evolution step 101: f(x)= 1992.0083909411865
differential_evolution step 102: f(x)= 1992.0083909411865
differential_evolution step 103: f(x)= 1992.0083909411865
differential_evolution step 104: f(x)= 1992.0083909411865
differential_evolution step 105: f(x)= 1992.0083909411865
differential_evolution step 106: f(x)= 1992.0083909411865
differential_evolution step 107: f(x)= 1992.0083909411865
differential_evolution step 108: f(x)= 1992.0083909411865
differential_evolution step 109: f(x)= 1992.0083909411865
differential_evolution step 110: f(x)= 1992.0083909411865
differential_evolution step 111: f(x)= 1992.0083909411865
differential_evolution step 112: f(x)= 1992.0083909411865
differential_evolution step 113: f(x)= 1992.0083909411865
differential_evolution step 114: f(x)= 1992.0083909411865
differential_evolution step 115: f(x)= 1992.0083909411865
differential_evolution step 116: f(x)= 1992.0083909411865
differential_evolution step 117: f(x)= 1992.0083909411865
differential_evolution step 118: f(x)= 1992.0083909411865
differential_evolution step 119: f(x)= 1992.0083909411865
differential_evolution step 120: f(x)= 1992.0083909411865
differential_evolution step 121: f(x)= 1992.0083909411865
differential_evolution step 122: f(x)= 1992.0083909411865
differential_evolution step 123: f(x)= 1992.0083909411865
differential_evolution step 124: f(x)= 1992.0083909411865
differential_evolution step 125: f(x)= 1992.0083909411865
differential_evolution step 126: f(x)= 1992.0083909411865
differential_evolution step 127: f(x)= 1992.0083909411865
differential_evolution step 128: f(x)= 1992.0083909411865
differential_evolution step 129: f(x)= 1992.0083909411865
differential_evolution step 130: f(x)= 1992.0083909411865
differential_evolution step 131: f(x)= 1992.0083909411865
differential_evolution step 132: f(x)= 1992.0083909411865
differential_evolution step 133: f(x)= 1992.0083909411865
differential_evolution step 134: f(x)= 1992.0083909411865
differential_evolution step 135: f(x)= 1992.0083909411865
differential_evolution step 136: f(x)= 1992.0083909411865
differential_evolution step 137: f(x)= 1992.0083909411865
differential_evolution step 138: f(x)= 1992.0083909411865
differential_evolution step 139: f(x)= 1992.0083909411865
differential_evolution step 140: f(x)= 1992.0083909411865
differential_evolution step 141: f(x)= 1992.0083909411865
differential_evolution step 142: f(x)= 1992.0083909411865
differential_evolution step 143: f(x)= 1992.0083909411865
differential_evolution step 144: f(x)= 1992.0083909411865
differential_evolution step 145: f(x)= 1992.0083909411865
differential_evolution step 146: f(x)= 1992.0083909411865
differential_evolution step 147: f(x)= 1992.0083909411865
differential_evolution step 148: f(x)= 1992.0083909411865
differential_evolution step 149: f(x)= 1992.0083909411865
differential_evolution step 150: f(x)= 1992.0083909411865
differential_evolution step 151: f(x)= 1992.0083909411865
differential_evolution step 152: f(x)= 1992.0083909411865
differential_evolution step 153: f(x)= 1992.0083909411865
differential_evolution step 154: f(x)= 1992.0083909411865
differential_evolution step 155: f(x)= 1992.0083909411865
differential_evolution step 156: f(x)= 1992.0083909411865
differential_evolution step 157: f(x)= 1992.0083909411865
differential_evolution step 158: f(x)= 1992.0083909411865
differential_evolution step 159: f(x)= 1992.0083909411865
differential_evolution step 160: f(x)= 1992.0083909411865
differential_evolution step 161: f(x)= 1992.0083909411865
differential_evolution step 162: f(x)= 1992.0083909411865
differential_evolution step 163: f(x)= 1992.0083909411865
differential_evolution step 164: f(x)= 1992.0083909411865
differential_evolution step 165: f(x)= 1992.0083909411865
differential_evolution step 166: f(x)= 1992.0083909411865
differential_evolution step 167: f(x)= 1992.0083909411865
differential_evolution step 168: f(x)= 1992.0083909411865
differential_evolution step 169: f(x)= 1992.0083909411865
differential_evolution step 170: f(x)= 1992.0083909411865
differential_evolution step 171: f(x)= 1992.0083909411865
differential_evolution step 172: f(x)= 1992.0083909411865
differential_evolution step 173: f(x)= 1992.0083909411865
differential_evolution step 174: f(x)= 1992.0083909411865
differential_evolution step 175: f(x)= 1992.0083909411865
differential_evolution step 176: f(x)= 1992.0083909411865
differential_evolution step 177: f(x)= 1992.0083909411865
differential_evolution step 178: f(x)= 1992.0083909411865
differential_evolution step 179: f(x)= 1992.0083909411865
differential_evolution step 180: f(x)= 1992.0083909411865
differential_evolution step 181: f(x)= 1992.0083909411865
differential_evolution step 182: f(x)= 1992.0083909411865
differential_evolution step 183: f(x)= 1992.0083909411865
differential_evolution step 184: f(x)= 1992.0083909411865
differential_evolution step 185: f(x)= 1992.0083909411865
differential_evolution step 186: f(x)= 1992.0083909411865
differential_evolution step 187: f(x)= 1992.0083909411865
differential_evolution step 188: f(x)= 1992.0083909411865
differential_evolution step 189: f(x)= 1992.0083909411865
differential_evolution step 190: f(x)= 1992.0083909411865
differential_evolution step 191: f(x)= 1992.0083909411865
differential_evolution step 192: f(x)= 1992.0083909411865
differential_evolution step 193: f(x)= 1992.0083909411865
differential_evolution step 194: f(x)= 1992.0083909411865
differential_evolution step 195: f(x)= 1992.0083909411865
differential_evolution step 196: f(x)= 1992.0083909411865
differential_evolution step 197: f(x)= 1992.0083909411865
differential_evolution step 198: f(x)= 1992.0083909411865
differential_evolution step 199: f(x)= 1992.0083909411865
differential_evolution step 200: f(x)= 1992.0083909411865
Cluster 0 DE best chi^2: 1992.008 with params {'x_src': np.float64(82.39411981326072), 'y_src': np.float64(74.3696371997253), 'z_s': np.float64(3.3532166099312564)}
--- Running DE for Cluster 1 ---
[DE] Process Pool with 16 procs (init=latinhypercube, popsize=50)
differential_evolution step 1: f(x)= 3000.0
differential_evolution step 2: f(x)= 3000.0
differential_evolution step 3: f(x)= 3000.0
differential_evolution step 4: f(x)= 3000.0
differential_evolution step 5: f(x)= 3000.0
differential_evolution step 6: f(x)= 3000.0
differential_evolution step 7: f(x)= 3000.0
differential_evolution step 8: f(x)= 3000.0
differential_evolution step 9: f(x)= 3000.0
differential_evolution step 10: f(x)= 3000.0
differential_evolution step 11: f(x)= 3000.0
differential_evolution step 12: f(x)= 3000.0
differential_evolution step 13: f(x)= 3000.0
differential_evolution step 14: f(x)= 3000.0
differential_evolution step 15: f(x)= 3000.0
differential_evolution step 16: f(x)= 3000.0
differential_evolution step 17: f(x)= 3000.0
differential_evolution step 18: f(x)= 3000.0
differential_evolution step 19: f(x)= 3000.0
differential_evolution step 20: f(x)= 3000.0
differential_evolution step 21: f(x)= 3000.0
differential_evolution step 22: f(x)= 3000.0
differential_evolution step 23: f(x)= 642.6721818395622
differential_evolution step 24: f(x)= 642.6721818395622
differential_evolution step 25: f(x)= 642.6721818395622
differential_evolution step 26: f(x)= 642.6721818395622
differential_evolution step 27: f(x)= 642.6721818395622
differential_evolution step 28: f(x)= 642.6721818395622
differential_evolution step 29: f(x)= 642.6721818395622
differential_evolution step 30: f(x)= 642.6721818395622
differential_evolution step 31: f(x)= 642.6721818395622
differential_evolution step 32: f(x)= 642.6721818395622
differential_evolution step 33: f(x)= 642.6721818395622
differential_evolution step 34: f(x)= 642.6721818395622
differential_evolution step 35: f(x)= 642.6721818395622
differential_evolution step 36: f(x)= 642.6721818395622
differential_evolution step 37: f(x)= 642.6721818395622
differential_evolution step 38: f(x)= 642.6721818395622
differential_evolution step 39: f(x)= 642.6721818395622
differential_evolution step 40: f(x)= 642.6721818395622
differential_evolution step 41: f(x)= 642.6721818395622
differential_evolution step 42: f(x)= 642.6721818395622
differential_evolution step 43: f(x)= 642.6721818395622
differential_evolution step 44: f(x)= 642.6721818395622
differential_evolution step 45: f(x)= 642.6721818395622
differential_evolution step 46: f(x)= 642.6721818395622
differential_evolution step 47: f(x)= 642.6721818395622
differential_evolution step 48: f(x)= 642.6721818395622
differential_evolution step 49: f(x)= 642.6721818395622
differential_evolution step 50: f(x)= 642.6721818395622
differential_evolution step 51: f(x)= 642.6721818395622
differential_evolution step 52: f(x)= 642.6721818395622
differential_evolution step 53: f(x)= 642.6721818395622
differential_evolution step 54: f(x)= 642.6721818395622
differential_evolution step 55: f(x)= 642.6721818395622
differential_evolution step 56: f(x)= 642.6721818395622
differential_evolution step 57: f(x)= 642.6721818395622
differential_evolution step 58: f(x)= 642.6721818395622
differential_evolution step 59: f(x)= 642.6721818395622
differential_evolution step 60: f(x)= 642.6721818395622
differential_evolution step 61: f(x)= 642.6721818395622
differential_evolution step 62: f(x)= 642.6721818395622
differential_evolution step 63: f(x)= 642.6721818395622
differential_evolution step 64: f(x)= 642.6721818395622
differential_evolution step 65: f(x)= 642.6721818395622
differential_evolution step 66: f(x)= 642.6721818395622
differential_evolution step 67: f(x)= 642.6721818395622
differential_evolution step 68: f(x)= 642.6721818395622
differential_evolution step 69: f(x)= 642.6721818395622
differential_evolution step 70: f(x)= 642.6721818395622
differential_evolution step 71: f(x)= 642.6721818395622
differential_evolution step 72: f(x)= 642.6721818395622
differential_evolution step 73: f(x)= 642.6721818395622
differential_evolution step 74: f(x)= 642.6721818395622
differential_evolution step 75: f(x)= 642.6721818395622
differential_evolution step 76: f(x)= 642.6721818395622
differential_evolution step 77: f(x)= 642.6721818395622
differential_evolution step 78: f(x)= 642.6721818395622
differential_evolution step 79: f(x)= 642.6721818395622
differential_evolution step 80: f(x)= 642.6721818395622
differential_evolution step 81: f(x)= 642.6721818395622
differential_evolution step 82: f(x)= 642.6721818395622
differential_evolution step 83: f(x)= 642.6721818395622
differential_evolution step 84: f(x)= 642.6721818395622
differential_evolution step 85: f(x)= 642.6721818395622
differential_evolution step 86: f(x)= 642.6721818395622
differential_evolution step 87: f(x)= 642.6721818395622
differential_evolution step 88: f(x)= 642.6721818395622
differential_evolution step 89: f(x)= 642.6721818395622
differential_evolution step 90: f(x)= 642.6721818395622
differential_evolution step 91: f(x)= 642.6721818395622
differential_evolution step 92: f(x)= 642.6721818395622
differential_evolution step 93: f(x)= 642.6721818395622
differential_evolution step 94: f(x)= 642.6721818395622
differential_evolution step 95: f(x)= 642.6721818395622
differential_evolution step 96: f(x)= 642.6721818395622
differential_evolution step 97: f(x)= 642.6721818395622
differential_evolution step 98: f(x)= 642.6721818395622
differential_evolution step 99: f(x)= 642.6721818395622
differential_evolution step 100: f(x)= 642.6721818395622
differential_evolution step 101: f(x)= 642.6721818395622
differential_evolution step 102: f(x)= 642.6721818395622
differential_evolution step 103: f(x)= 642.6721818395622
differential_evolution step 104: f(x)= 642.6721818395622
differential_evolution step 105: f(x)= 642.6721818395622
differential_evolution step 106: f(x)= 642.6721818395622
differential_evolution step 107: f(x)= 642.6721818395622
differential_evolution step 108: f(x)= 642.6721818395622
differential_evolution step 109: f(x)= 642.6721818395622
differential_evolution step 110: f(x)= 642.6721818395622
differential_evolution step 111: f(x)= 642.6721818395622
differential_evolution step 112: f(x)= 642.6721818395622
differential_evolution step 113: f(x)= 642.6721818395622
differential_evolution step 114: f(x)= 642.6721818395622
differential_evolution step 115: f(x)= 642.6721818395622
differential_evolution step 116: f(x)= 642.6721818395622
differential_evolution step 117: f(x)= 642.6721818395622
differential_evolution step 118: f(x)= 642.6721818395622
differential_evolution step 119: f(x)= 642.6721818395622
differential_evolution step 120: f(x)= 642.6721818395622
differential_evolution step 121: f(x)= 642.6721818395622
differential_evolution step 122: f(x)= 642.6721818395622
differential_evolution step 123: f(x)= 642.6721818395622
differential_evolution step 124: f(x)= 642.6721818395622
differential_evolution step 125: f(x)= 642.6721818395622
differential_evolution step 126: f(x)= 642.6721818395622
differential_evolution step 127: f(x)= 642.6721818395622
differential_evolution step 128: f(x)= 642.6721818395622
differential_evolution step 129: f(x)= 642.6721818395622
differential_evolution step 130: f(x)= 642.6721818395622
differential_evolution step 131: f(x)= 642.6721818395622
differential_evolution step 132: f(x)= 642.6721818395622
differential_evolution step 133: f(x)= 642.6721818395622
differential_evolution step 134: f(x)= 642.6721818395622
differential_evolution step 135: f(x)= 642.6721818395622
differential_evolution step 136: f(x)= 642.6721818395622
differential_evolution step 137: f(x)= 642.6721818395622
differential_evolution step 138: f(x)= 642.6721818395622
differential_evolution step 139: f(x)= 642.6721818395622
differential_evolution step 140: f(x)= 642.6721818395622
differential_evolution step 141: f(x)= 642.6721818395622
differential_evolution step 142: f(x)= 642.6721818395622
differential_evolution step 143: f(x)= 642.6721818395622
differential_evolution step 144: f(x)= 642.6721818395622
differential_evolution step 145: f(x)= 642.6721818395622
differential_evolution step 146: f(x)= 642.6721818395622
differential_evolution step 147: f(x)= 642.6721818395622
differential_evolution step 148: f(x)= 642.6721818395622
differential_evolution step 149: f(x)= 642.6721818395622
differential_evolution step 150: f(x)= 642.6721818395622
differential_evolution step 151: f(x)= 642.6721818395622
differential_evolution step 152: f(x)= 642.6721818395622
differential_evolution step 153: f(x)= 642.6721818395622
differential_evolution step 154: f(x)= 642.6721818395622
differential_evolution step 155: f(x)= 642.6721818395622
differential_evolution step 156: f(x)= 642.6721818395622
differential_evolution step 157: f(x)= 642.6721818395622
differential_evolution step 158: f(x)= 642.6721818395622
differential_evolution step 159: f(x)= 642.6721818395622
differential_evolution step 160: f(x)= 642.6721818395622
differential_evolution step 161: f(x)= 642.6721818395622
differential_evolution step 162: f(x)= 642.6721818395622
differential_evolution step 163: f(x)= 642.6721818395622
differential_evolution step 164: f(x)= 642.6721818395622
differential_evolution step 165: f(x)= 642.6721818395622
differential_evolution step 166: f(x)= 642.6721818395622
differential_evolution step 167: f(x)= 642.6721818395622
differential_evolution step 168: f(x)= 642.6721818395622
differential_evolution step 169: f(x)= 642.6721818395622
differential_evolution step 170: f(x)= 642.6721818395622
differential_evolution step 171: f(x)= 642.6721818395622
differential_evolution step 172: f(x)= 642.6721818395622
differential_evolution step 173: f(x)= 642.6721818395622
differential_evolution step 174: f(x)= 642.6721818395622
differential_evolution step 175: f(x)= 642.6721818395622
differential_evolution step 176: f(x)= 642.6721818395622
differential_evolution step 177: f(x)= 642.6721818395622
differential_evolution step 178: f(x)= 642.6721818395622
differential_evolution step 179: f(x)= 642.6721818395622
differential_evolution step 180: f(x)= 642.6721818395622
differential_evolution step 181: f(x)= 642.6721818395622
differential_evolution step 182: f(x)= 642.6721818395622
differential_evolution step 183: f(x)= 642.6721818395622
differential_evolution step 184: f(x)= 642.6721818395622
differential_evolution step 185: f(x)= 642.6721818395622
differential_evolution step 186: f(x)= 642.6721818395622
differential_evolution step 187: f(x)= 642.6721818395622
differential_evolution step 188: f(x)= 642.6721818395622
differential_evolution step 189: f(x)= 642.6721818395622
differential_evolution step 190: f(x)= 642.6721818395622
differential_evolution step 191: f(x)= 642.6721818395622
differential_evolution step 192: f(x)= 642.6721818395622
differential_evolution step 193: f(x)= 642.6721818395622
differential_evolution step 194: f(x)= 642.6721818395622
differential_evolution step 195: f(x)= 642.6721818395622
differential_evolution step 196: f(x)= 642.6721818395622
differential_evolution step 197: f(x)= 642.6721818395622
differential_evolution step 198: f(x)= 642.6721818395622
differential_evolution step 199: f(x)= 642.6721818395622
differential_evolution step 200: f(x)= 642.6721818395622
Cluster 1 DE best chi^2: 642.672 with params {'x_src': np.float64(210.22172629254533), 'y_src': np.float64(198.29325742788157), 'z_s': np.float64(1.0017798171848225)}
--- Running DE for Cluster 2 ---
[DE] Process Pool with 16 procs (init=latinhypercube, popsize=50)
differential_evolution step 1: f(x)= 4242.640687119286
differential_evolution step 2: f(x)= 4242.640687119286
differential_evolution step 3: f(x)= 4242.640687119286
differential_evolution step 4: f(x)= 4242.640687119286
differential_evolution step 5: f(x)= 4242.640687119286
differential_evolution step 6: f(x)= 4242.640687119286
differential_evolution step 7: f(x)= 4242.640687119286
differential_evolution step 8: f(x)= 4242.640687119286
differential_evolution step 9: f(x)= 4242.640687119286
differential_evolution step 10: f(x)= 4242.640687119286
differential_evolution step 11: f(x)= 3000.0
differential_evolution step 12: f(x)= 3000.0
differential_evolution step 13: f(x)= 3000.0
differential_evolution step 14: f(x)= 3000.0
differential_evolution step 15: f(x)= 3000.0
differential_evolution step 16: f(x)= 3000.0
differential_evolution step 17: f(x)= 3000.0
differential_evolution step 18: f(x)= 3000.0
differential_evolution step 19: f(x)= 3000.0
differential_evolution step 20: f(x)= 3000.0
differential_evolution step 21: f(x)= 3000.0
differential_evolution step 22: f(x)= 3000.0
differential_evolution step 23: f(x)= 3000.0
differential_evolution step 24: f(x)= 3000.0
differential_evolution step 25: f(x)= 3000.0
differential_evolution step 26: f(x)= 3000.0
differential_evolution step 27: f(x)= 3000.0
differential_evolution step 28: f(x)= 3000.0
differential_evolution step 29: f(x)= 3000.0
differential_evolution step 30: f(x)= 3000.0
differential_evolution step 31: f(x)= 3000.0
differential_evolution step 32: f(x)= 3000.0
differential_evolution step 33: f(x)= 3000.0
differential_evolution step 34: f(x)= 3000.0
differential_evolution step 35: f(x)= 3000.0
differential_evolution step 36: f(x)= 3000.0
differential_evolution step 37: f(x)= 3000.0
differential_evolution step 38: f(x)= 3000.0
differential_evolution step 39: f(x)= 3000.0
differential_evolution step 40: f(x)= 3000.0
differential_evolution step 41: f(x)= 3000.0
differential_evolution step 42: f(x)= 3000.0
differential_evolution step 43: f(x)= 3000.0
differential_evolution step 44: f(x)= 3000.0
differential_evolution step 45: f(x)= 3000.0
differential_evolution step 46: f(x)= 3000.0
differential_evolution step 47: f(x)= 3000.0
differential_evolution step 48: f(x)= 3000.0
differential_evolution step 49: f(x)= 3000.0
differential_evolution step 50: f(x)= 3000.0
differential_evolution step 51: f(x)= 3000.0
differential_evolution step 52: f(x)= 3000.0
differential_evolution step 53: f(x)= 3000.0
differential_evolution step 54: f(x)= 3000.0
differential_evolution step 55: f(x)= 3000.0
differential_evolution step 56: f(x)= 3000.0
differential_evolution step 57: f(x)= 3000.0
differential_evolution step 58: f(x)= 3000.0
differential_evolution step 59: f(x)= 3000.0
differential_evolution step 60: f(x)= 3000.0
differential_evolution step 61: f(x)= 3000.0
differential_evolution step 62: f(x)= 3000.0
differential_evolution step 63: f(x)= 3000.0
differential_evolution step 64: f(x)= 3000.0
differential_evolution step 65: f(x)= 3000.0
differential_evolution step 66: f(x)= 3000.0
differential_evolution step 67: f(x)= 3000.0
differential_evolution step 68: f(x)= 3000.0
differential_evolution step 69: f(x)= 3000.0
differential_evolution step 70: f(x)= 3000.0
differential_evolution step 71: f(x)= 3000.0
differential_evolution step 72: f(x)= 3000.0
differential_evolution step 73: f(x)= 3000.0
differential_evolution step 74: f(x)= 3000.0
differential_evolution step 75: f(x)= 3000.0
differential_evolution step 76: f(x)= 3000.0
differential_evolution step 77: f(x)= 3000.0
differential_evolution step 78: f(x)= 3000.0
differential_evolution step 79: f(x)= 3000.0
differential_evolution step 80: f(x)= 3000.0
differential_evolution step 81: f(x)= 3000.0
differential_evolution step 82: f(x)= 3000.0
differential_evolution step 83: f(x)= 3000.0
differential_evolution step 84: f(x)= 3000.0
differential_evolution step 85: f(x)= 3000.0
differential_evolution step 86: f(x)= 3000.0
differential_evolution step 87: f(x)= 3000.0
differential_evolution step 88: f(x)= 3000.0
differential_evolution step 89: f(x)= 3000.0
differential_evolution step 90: f(x)= 3000.0
differential_evolution step 91: f(x)= 3000.0
differential_evolution step 92: f(x)= 3000.0
differential_evolution step 93: f(x)= 3000.0
differential_evolution step 94: f(x)= 3000.0
differential_evolution step 95: f(x)= 3000.0
differential_evolution step 96: f(x)= 3000.0
differential_evolution step 97: f(x)= 3000.0
differential_evolution step 98: f(x)= 3000.0
differential_evolution step 99: f(x)= 3000.0
differential_evolution step 100: f(x)= 3000.0
differential_evolution step 101: f(x)= 3000.0
differential_evolution step 102: f(x)= 3000.0
differential_evolution step 103: f(x)= 3000.0
differential_evolution step 104: f(x)= 3000.0
differential_evolution step 105: f(x)= 3000.0
differential_evolution step 106: f(x)= 3000.0
differential_evolution step 107: f(x)= 3000.0
differential_evolution step 108: f(x)= 3000.0
differential_evolution step 109: f(x)= 3000.0
differential_evolution step 110: f(x)= 3000.0
differential_evolution step 111: f(x)= 3000.0
differential_evolution step 112: f(x)= 3000.0
differential_evolution step 113: f(x)= 3000.0
differential_evolution step 114: f(x)= 3000.0
differential_evolution step 115: f(x)= 3000.0
differential_evolution step 116: f(x)= 3000.0
differential_evolution step 117: f(x)= 3000.0
differential_evolution step 118: f(x)= 3000.0
differential_evolution step 119: f(x)= 3000.0
differential_evolution step 120: f(x)= 3000.0
differential_evolution step 121: f(x)= 3000.0
differential_evolution step 122: f(x)= 3000.0
differential_evolution step 123: f(x)= 3000.0
differential_evolution step 124: f(x)= 3000.0
differential_evolution step 125: f(x)= 3000.0
differential_evolution step 126: f(x)= 3000.0
differential_evolution step 127: f(x)= 3000.0
differential_evolution step 128: f(x)= 3000.0
differential_evolution step 129: f(x)= 3000.0
differential_evolution step 130: f(x)= 3000.0
differential_evolution step 131: f(x)= 3000.0
differential_evolution step 132: f(x)= 3000.0
differential_evolution step 133: f(x)= 3000.0
differential_evolution step 134: f(x)= 3000.0
differential_evolution step 135: f(x)= 3000.0
differential_evolution step 136: f(x)= 3000.0
differential_evolution step 137: f(x)= 3000.0
differential_evolution step 138: f(x)= 3000.0
differential_evolution step 139: f(x)= 3000.0
differential_evolution step 140: f(x)= 3000.0
differential_evolution step 141: f(x)= 3000.0
differential_evolution step 142: f(x)= 3000.0
differential_evolution step 143: f(x)= 3000.0
differential_evolution step 144: f(x)= 3000.0
differential_evolution step 145: f(x)= 3000.0
differential_evolution step 146: f(x)= 3000.0
differential_evolution step 147: f(x)= 3000.0
differential_evolution step 148: f(x)= 3000.0
differential_evolution step 149: f(x)= 3000.0
differential_evolution step 150: f(x)= 3000.0
differential_evolution step 151: f(x)= 3000.0
differential_evolution step 152: f(x)= 3000.0
differential_evolution step 153: f(x)= 3000.0
differential_evolution step 154: f(x)= 3000.0
differential_evolution step 155: f(x)= 3000.0
differential_evolution step 156: f(x)= 3000.0
differential_evolution step 157: f(x)= 3000.0
differential_evolution step 158: f(x)= 3000.0
differential_evolution step 159: f(x)= 3000.0
differential_evolution step 160: f(x)= 3000.0
differential_evolution step 161: f(x)= 3000.0
differential_evolution step 162: f(x)= 3000.0
differential_evolution step 163: f(x)= 3000.0
differential_evolution step 164: f(x)= 3000.0
differential_evolution step 165: f(x)= 3000.0
differential_evolution step 166: f(x)= 3000.0
differential_evolution step 167: f(x)= 3000.0
differential_evolution step 168: f(x)= 3000.0
differential_evolution step 169: f(x)= 3000.0
differential_evolution step 170: f(x)= 3000.0
differential_evolution step 171: f(x)= 3000.0
differential_evolution step 172: f(x)= 3000.0
differential_evolution step 173: f(x)= 3000.0
differential_evolution step 174: f(x)= 3000.0
differential_evolution step 175: f(x)= 3000.0
differential_evolution step 176: f(x)= 3000.0
differential_evolution step 177: f(x)= 3000.0
differential_evolution step 178: f(x)= 3000.0
differential_evolution step 179: f(x)= 3000.0
differential_evolution step 180: f(x)= 3000.0
differential_evolution step 181: f(x)= 3000.0
differential_evolution step 182: f(x)= 3000.0
differential_evolution step 183: f(x)= 3000.0
differential_evolution step 184: f(x)= 3000.0
differential_evolution step 185: f(x)= 3000.0
differential_evolution step 186: f(x)= 3000.0
differential_evolution step 187: f(x)= 3000.0
differential_evolution step 188: f(x)= 3000.0
differential_evolution step 189: f(x)= 3000.0
differential_evolution step 190: f(x)= 3000.0
differential_evolution step 191: f(x)= 3000.0
differential_evolution step 192: f(x)= 3000.0
differential_evolution step 193: f(x)= 3000.0
differential_evolution step 194: f(x)= 3000.0
differential_evolution step 195: f(x)= 3000.0
differential_evolution step 196: f(x)= 3000.0
differential_evolution step 197: f(x)= 3000.0
differential_evolution step 198: f(x)= 3000.0
differential_evolution step 199: f(x)= 3000.0
differential_evolution step 200: f(x)= 3000.0
Cluster 2 DE best chi^2: 3000.000 with params {'x_src': np.float64(101.90604520809225), 'y_src': np.float64(104.55832458621352), 'z_s': np.float64(4.787770815326521)}
--- Running DE for Cluster 3 ---
[DE] Process Pool with 16 procs (init=latinhypercube, popsize=50)
differential_evolution step 1: f(x)= 4242.640687119286
differential_evolution step 2: f(x)= 4242.640687119286
differential_evolution step 3: f(x)= 4242.640687119286
differential_evolution step 4: f(x)= 4242.640687119286
differential_evolution step 5: f(x)= 4242.640687119286
differential_evolution step 6: f(x)= 4242.640687119286
differential_evolution step 7: f(x)= 4242.640687119286
differential_evolution step 8: f(x)= 3000.0
differential_evolution step 9: f(x)= 3000.0
differential_evolution step 10: f(x)= 3000.0
differential_evolution step 11: f(x)= 3000.0
differential_evolution step 12: f(x)= 3000.0
differential_evolution step 13: f(x)= 3000.0
differential_evolution step 14: f(x)= 3000.0
differential_evolution step 15: f(x)= 3000.0
differential_evolution step 16: f(x)= 3000.0
differential_evolution step 17: f(x)= 3000.0
differential_evolution step 18: f(x)= 3000.0
differential_evolution step 19: f(x)= 3000.0
differential_evolution step 20: f(x)= 3000.0
differential_evolution step 21: f(x)= 3000.0
differential_evolution step 22: f(x)= 3000.0
differential_evolution step 23: f(x)= 3000.0
differential_evolution step 24: f(x)= 3000.0
differential_evolution step 25: f(x)= 3000.0
differential_evolution step 26: f(x)= 3000.0
differential_evolution step 27: f(x)= 3000.0
differential_evolution step 28: f(x)= 3000.0
differential_evolution step 29: f(x)= 3000.0
differential_evolution step 30: f(x)= 3000.0
differential_evolution step 31: f(x)= 3000.0
differential_evolution step 32: f(x)= 3000.0
differential_evolution step 33: f(x)= 3000.0
differential_evolution step 34: f(x)= 3000.0
differential_evolution step 35: f(x)= 3000.0
differential_evolution step 36: f(x)= 3000.0
differential_evolution step 37: f(x)= 3000.0
differential_evolution step 38: f(x)= 3000.0
differential_evolution step 39: f(x)= 3000.0
differential_evolution step 40: f(x)= 3000.0
differential_evolution step 41: f(x)= 3000.0
differential_evolution step 42: f(x)= 3000.0
differential_evolution step 43: f(x)= 3000.0
differential_evolution step 44: f(x)= 3000.0
differential_evolution step 45: f(x)= 3000.0
differential_evolution step 46: f(x)= 3000.0
differential_evolution step 47: f(x)= 3000.0
differential_evolution step 48: f(x)= 3000.0
differential_evolution step 49: f(x)= 3000.0
differential_evolution step 50: f(x)= 3000.0
differential_evolution step 51: f(x)= 3000.0
differential_evolution step 52: f(x)= 3000.0
differential_evolution step 53: f(x)= 3000.0
differential_evolution step 54: f(x)= 3000.0
differential_evolution step 55: f(x)= 3000.0
differential_evolution step 56: f(x)= 3000.0
differential_evolution step 57: f(x)= 3000.0
differential_evolution step 58: f(x)= 3000.0
differential_evolution step 59: f(x)= 3000.0
differential_evolution step 60: f(x)= 3000.0
differential_evolution step 61: f(x)= 3000.0
differential_evolution step 62: f(x)= 3000.0
differential_evolution step 63: f(x)= 3000.0
differential_evolution step 64: f(x)= 3000.0
differential_evolution step 65: f(x)= 3000.0
differential_evolution step 66: f(x)= 3000.0
differential_evolution step 67: f(x)= 3000.0
differential_evolution step 68: f(x)= 3000.0
differential_evolution step 69: f(x)= 3000.0
differential_evolution step 70: f(x)= 3000.0
differential_evolution step 71: f(x)= 3000.0
differential_evolution step 72: f(x)= 3000.0
differential_evolution step 73: f(x)= 3000.0
differential_evolution step 74: f(x)= 3000.0
differential_evolution step 75: f(x)= 3000.0
differential_evolution step 76: f(x)= 3000.0
differential_evolution step 77: f(x)= 3000.0
differential_evolution step 78: f(x)= 3000.0
differential_evolution step 79: f(x)= 3000.0
differential_evolution step 80: f(x)= 3000.0
differential_evolution step 81: f(x)= 3000.0
differential_evolution step 82: f(x)= 3000.0
differential_evolution step 83: f(x)= 3000.0
differential_evolution step 84: f(x)= 3000.0
differential_evolution step 85: f(x)= 3000.0
differential_evolution step 86: f(x)= 3000.0
differential_evolution step 87: f(x)= 3000.0
differential_evolution step 88: f(x)= 3000.0
differential_evolution step 89: f(x)= 3000.0
differential_evolution step 90: f(x)= 3000.0
differential_evolution step 91: f(x)= 3000.0
differential_evolution step 92: f(x)= 3000.0
differential_evolution step 93: f(x)= 3000.0
differential_evolution step 94: f(x)= 3000.0
differential_evolution step 95: f(x)= 3000.0
differential_evolution step 96: f(x)= 3000.0
differential_evolution step 97: f(x)= 3000.0
differential_evolution step 98: f(x)= 3000.0
differential_evolution step 99: f(x)= 3000.0
differential_evolution step 100: f(x)= 3000.0
differential_evolution step 101: f(x)= 3000.0
differential_evolution step 102: f(x)= 3000.0
differential_evolution step 103: f(x)= 3000.0
differential_evolution step 104: f(x)= 3000.0
differential_evolution step 105: f(x)= 3000.0
differential_evolution step 106: f(x)= 3000.0
differential_evolution step 107: f(x)= 3000.0
differential_evolution step 108: f(x)= 3000.0
differential_evolution step 109: f(x)= 3000.0
differential_evolution step 110: f(x)= 3000.0
differential_evolution step 111: f(x)= 3000.0
differential_evolution step 112: f(x)= 3000.0
differential_evolution step 113: f(x)= 3000.0
differential_evolution step 114: f(x)= 3000.0
differential_evolution step 115: f(x)= 3000.0
differential_evolution step 116: f(x)= 3000.0
differential_evolution step 117: f(x)= 3000.0
differential_evolution step 118: f(x)= 3000.0
differential_evolution step 119: f(x)= 3000.0
differential_evolution step 120: f(x)= 3000.0
differential_evolution step 121: f(x)= 3000.0
differential_evolution step 122: f(x)= 3000.0
differential_evolution step 123: f(x)= 3000.0
differential_evolution step 124: f(x)= 3000.0
differential_evolution step 125: f(x)= 3000.0
differential_evolution step 126: f(x)= 3000.0
differential_evolution step 127: f(x)= 3000.0
differential_evolution step 128: f(x)= 3000.0
differential_evolution step 129: f(x)= 3000.0
differential_evolution step 130: f(x)= 3000.0
differential_evolution step 131: f(x)= 3000.0
differential_evolution step 132: f(x)= 3000.0
differential_evolution step 133: f(x)= 3000.0
differential_evolution step 134: f(x)= 3000.0
differential_evolution step 135: f(x)= 3000.0
differential_evolution step 136: f(x)= 3000.0
differential_evolution step 137: f(x)= 3000.0
differential_evolution step 138: f(x)= 3000.0
differential_evolution step 139: f(x)= 3000.0
differential_evolution step 140: f(x)= 3000.0
differential_evolution step 141: f(x)= 3000.0
differential_evolution step 142: f(x)= 3000.0
differential_evolution step 143: f(x)= 3000.0
differential_evolution step 144: f(x)= 3000.0
differential_evolution step 145: f(x)= 3000.0
differential_evolution step 146: f(x)= 3000.0
differential_evolution step 147: f(x)= 3000.0
differential_evolution step 148: f(x)= 3000.0
differential_evolution step 149: f(x)= 3000.0
differential_evolution step 150: f(x)= 3000.0
differential_evolution step 151: f(x)= 3000.0
differential_evolution step 152: f(x)= 3000.0
differential_evolution step 153: f(x)= 3000.0
differential_evolution step 154: f(x)= 3000.0
differential_evolution step 155: f(x)= 3000.0
differential_evolution step 156: f(x)= 3000.0
differential_evolution step 157: f(x)= 3000.0
differential_evolution step 158: f(x)= 3000.0
differential_evolution step 159: f(x)= 3000.0
differential_evolution step 160: f(x)= 3000.0
differential_evolution step 161: f(x)= 3000.0
differential_evolution step 162: f(x)= 3000.0
differential_evolution step 163: f(x)= 3000.0
differential_evolution step 164: f(x)= 3000.0
differential_evolution step 165: f(x)= 3000.0
differential_evolution step 166: f(x)= 3000.0
differential_evolution step 167: f(x)= 3000.0
differential_evolution step 168: f(x)= 3000.0
differential_evolution step 169: f(x)= 3000.0
Cluster 3 DE best chi^2: 3000.000 with params {'x_src': np.float64(112.74454708193178), 'y_src': np.float64(126.39850705383901), 'z_s': np.float64(2.4920734304230834)}
--- Running DE for Cluster 4 ---
[DE] Process Pool with 16 procs (init=latinhypercube, popsize=50)
differential_evolution step 1: f(x)= 3000.0
differential_evolution step 2: f(x)= 3000.0
differential_evolution step 3: f(x)= 3000.0
differential_evolution step 4: f(x)= 3000.0
differential_evolution step 5: f(x)= 3000.0
differential_evolution step 6: f(x)= 3000.0
differential_evolution step 7: f(x)= 3000.0
differential_evolution step 8: f(x)= 3000.0
differential_evolution step 9: f(x)= 3000.0
differential_evolution step 10: f(x)= 3000.0
differential_evolution step 11: f(x)= 3000.0
differential_evolution step 12: f(x)= 3000.0
differential_evolution step 13: f(x)= 3000.0
differential_evolution step 14: f(x)= 3000.0
differential_evolution step 15: f(x)= 3000.0
differential_evolution step 16: f(x)= 3000.0
differential_evolution step 17: f(x)= 3000.0
differential_evolution step 18: f(x)= 3000.0
differential_evolution step 19: f(x)= 3000.0
differential_evolution step 20: f(x)= 3000.0
differential_evolution step 21: f(x)= 3000.0
differential_evolution step 22: f(x)= 3000.0
differential_evolution step 23: f(x)= 3000.0
differential_evolution step 24: f(x)= 3000.0
differential_evolution step 25: f(x)= 3000.0
differential_evolution step 26: f(x)= 3000.0
differential_evolution step 27: f(x)= 3000.0
differential_evolution step 28: f(x)= 3000.0
differential_evolution step 29: f(x)= 3000.0
differential_evolution step 30: f(x)= 3000.0
differential_evolution step 31: f(x)= 3000.0
differential_evolution step 32: f(x)= 3000.0
differential_evolution step 33: f(x)= 3000.0
differential_evolution step 34: f(x)= 3000.0
differential_evolution step 35: f(x)= 3000.0
differential_evolution step 36: f(x)= 3000.0
differential_evolution step 37: f(x)= 3000.0
differential_evolution step 38: f(x)= 3000.0
differential_evolution step 39: f(x)= 3000.0
differential_evolution step 40: f(x)= 3000.0
differential_evolution step 41: f(x)= 3000.0
differential_evolution step 42: f(x)= 3000.0
differential_evolution step 43: f(x)= 3000.0
differential_evolution step 44: f(x)= 3000.0
differential_evolution step 45: f(x)= 3000.0
differential_evolution step 46: f(x)= 3000.0
differential_evolution step 47: f(x)= 3000.0
differential_evolution step 48: f(x)= 3000.0
differential_evolution step 49: f(x)= 3000.0
differential_evolution step 50: f(x)= 3000.0
differential_evolution step 51: f(x)= 3000.0
differential_evolution step 52: f(x)= 3000.0
differential_evolution step 53: f(x)= 3000.0
differential_evolution step 54: f(x)= 3000.0
differential_evolution step 55: f(x)= 3000.0
differential_evolution step 56: f(x)= 3000.0
differential_evolution step 57: f(x)= 3000.0
differential_evolution step 58: f(x)= 3000.0
differential_evolution step 59: f(x)= 3000.0
differential_evolution step 60: f(x)= 3000.0
differential_evolution step 61: f(x)= 3000.0
differential_evolution step 62: f(x)= 3000.0
differential_evolution step 63: f(x)= 3000.0
differential_evolution step 64: f(x)= 3000.0
differential_evolution step 65: f(x)= 3000.0
differential_evolution step 66: f(x)= 3000.0
differential_evolution step 67: f(x)= 3000.0
differential_evolution step 68: f(x)= 3000.0
differential_evolution step 69: f(x)= 3000.0
differential_evolution step 70: f(x)= 3000.0
differential_evolution step 71: f(x)= 3000.0
differential_evolution step 72: f(x)= 3000.0
differential_evolution step 73: f(x)= 3000.0
Cluster 4 DE best chi^2: 3000.000 with params {'x_src': np.float64(261.0877622783518), 'y_src': np.float64(252.0099736526123), 'z_s': np.float64(3.575397600229367)}
--- Running DE for Cluster 5 ---
[DE] Process Pool with 16 procs (init=latinhypercube, popsize=50)
differential_evolution step 1: f(x)= 4242.640687119286
differential_evolution step 2: f(x)= 4242.640687119286
differential_evolution step 3: f(x)= 4242.640687119286
differential_evolution step 4: f(x)= 4242.640687119286
differential_evolution step 5: f(x)= 4242.640687119286
differential_evolution step 6: f(x)= 4242.640687119286
differential_evolution step 7: f(x)= 3000.0
differential_evolution step 8: f(x)= 3000.0
differential_evolution step 9: f(x)= 3000.0
differential_evolution step 10: f(x)= 3000.0
differential_evolution step 11: f(x)= 3000.0
differential_evolution step 12: f(x)= 3000.0
differential_evolution step 13: f(x)= 3000.0
differential_evolution step 14: f(x)= 3000.0
differential_evolution step 15: f(x)= 3000.0
differential_evolution step 16: f(x)= 3000.0
differential_evolution step 17: f(x)= 3000.0
differential_evolution step 18: f(x)= 3000.0
differential_evolution step 19: f(x)= 3000.0
differential_evolution step 20: f(x)= 3000.0
differential_evolution step 21: f(x)= 3000.0
differential_evolution step 22: f(x)= 3000.0
differential_evolution step 23: f(x)= 3000.0
differential_evolution step 24: f(x)= 3000.0
differential_evolution step 25: f(x)= 1931.7363215411651
differential_evolution step 26: f(x)= 1931.7363215411651
differential_evolution step 27: f(x)= 1931.7363215411651
differential_evolution step 28: f(x)= 1931.7363215411651
differential_evolution step 29: f(x)= 1931.7363215411651
differential_evolution step 30: f(x)= 1931.7363215411651
differential_evolution step 31: f(x)= 1931.7363215411651
differential_evolution step 32: f(x)= 1931.7363215411651
differential_evolution step 33: f(x)= 1931.7363215411651
differential_evolution step 34: f(x)= 1931.7363215411651
differential_evolution step 35: f(x)= 1931.7363215411651
differential_evolution step 36: f(x)= 1931.7363215411651
differential_evolution step 37: f(x)= 1931.7363215411651
differential_evolution step 38: f(x)= 1931.7363215411651
differential_evolution step 39: f(x)= 1931.7363215411651
differential_evolution step 40: f(x)= 1931.7363215411651
differential_evolution step 41: f(x)= 1931.7363215411651
differential_evolution step 42: f(x)= 1931.7363215411651
differential_evolution step 43: f(x)= 1931.7363215411651
differential_evolution step 44: f(x)= 1931.7363215411651
differential_evolution step 45: f(x)= 1931.7363215411651
differential_evolution step 46: f(x)= 1931.7363215411651
differential_evolution step 47: f(x)= 1931.7363215411651
differential_evolution step 48: f(x)= 1931.7363215411651
differential_evolution step 49: f(x)= 1931.7363215411651
differential_evolution step 50: f(x)= 1931.7363215411651
differential_evolution step 51: f(x)= 1931.7363215411651
differential_evolution step 52: f(x)= 1931.7363215411651
differential_evolution step 53: f(x)= 1931.7363215411651
differential_evolution step 54: f(x)= 1931.7363215411651
differential_evolution step 55: f(x)= 1931.7363215411651
differential_evolution step 56: f(x)= 1931.7363215411651
differential_evolution step 57: f(x)= 1931.7363215411651
differential_evolution step 58: f(x)= 1931.7363215411651
differential_evolution step 59: f(x)= 1931.7363215411651
differential_evolution step 60: f(x)= 1931.7363215411651
differential_evolution step 61: f(x)= 1931.7363215411651
differential_evolution step 62: f(x)= 1931.7363215411651
differential_evolution step 63: f(x)= 1931.7363215411651
differential_evolution step 64: f(x)= 1931.7363215411651
differential_evolution step 65: f(x)= 1931.7363215411651
differential_evolution step 66: f(x)= 1931.7363215411651
differential_evolution step 67: f(x)= 1931.7363215411651
differential_evolution step 68: f(x)= 1931.7363215411651
differential_evolution step 69: f(x)= 1931.7363215411651
differential_evolution step 70: f(x)= 1931.7363215411651
differential_evolution step 71: f(x)= 1875.5291053397548
differential_evolution step 72: f(x)= 1875.5291053397548
differential_evolution step 73: f(x)= 1875.5291053397548
differential_evolution step 74: f(x)= 1875.5291053397548
differential_evolution step 75: f(x)= 1875.5291053397548
differential_evolution step 76: f(x)= 1875.5291053397548
differential_evolution step 77: f(x)= 1875.5291053397548
differential_evolution step 78: f(x)= 1875.5291053397548
differential_evolution step 79: f(x)= 1875.5291053397548
differential_evolution step 80: f(x)= 1875.5291053397548
differential_evolution step 81: f(x)= 1875.5291053397548
differential_evolution step 82: f(x)= 1875.5291053397548
differential_evolution step 83: f(x)= 1875.5291053397548
differential_evolution step 84: f(x)= 1875.5291053397548
differential_evolution step 85: f(x)= 1875.5291053397548
differential_evolution step 86: f(x)= 1875.5291053397548
differential_evolution step 87: f(x)= 1875.5291053397548
differential_evolution step 88: f(x)= 1875.5291053397548
differential_evolution step 89: f(x)= 1875.5291053397548
differential_evolution step 90: f(x)= 1875.5291053397548
differential_evolution step 91: f(x)= 1875.5291053397548
differential_evolution step 92: f(x)= 1875.5291053397548
differential_evolution step 93: f(x)= 1875.5291053397548
differential_evolution step 94: f(x)= 1875.5291053397548
differential_evolution step 95: f(x)= 1875.5291053397548
differential_evolution step 96: f(x)= 1875.5291053397548
differential_evolution step 97: f(x)= 1875.5291053397548
differential_evolution step 98: f(x)= 1875.5291053397548
differential_evolution step 99: f(x)= 1875.5291053397548
differential_evolution step 100: f(x)= 1875.5291053397548
differential_evolution step 101: f(x)= 1875.5291053397548
differential_evolution step 102: f(x)= 1875.5291053397548
differential_evolution step 103: f(x)= 1875.5291053397548
differential_evolution step 104: f(x)= 1875.5291053397548
differential_evolution step 105: f(x)= 1875.5291053397548
differential_evolution step 106: f(x)= 1875.5291053397548
differential_evolution step 107: f(x)= 1875.5291053397548
differential_evolution step 108: f(x)= 1875.5291053397548
differential_evolution step 109: f(x)= 1875.5291053397548
differential_evolution step 110: f(x)= 1875.5291053397548
differential_evolution step 111: f(x)= 1875.5291053397548
differential_evolution step 112: f(x)= 1875.5291053397548
differential_evolution step 113: f(x)= 1875.5291053397548
differential_evolution step 114: f(x)= 1875.5291053397548
differential_evolution step 115: f(x)= 1875.5291053397548
differential_evolution step 116: f(x)= 1875.5291053397548
differential_evolution step 117: f(x)= 1875.5291053397548
differential_evolution step 118: f(x)= 1875.5291053397548
differential_evolution step 119: f(x)= 1875.5291053397548
differential_evolution step 120: f(x)= 1875.5291053397548
differential_evolution step 121: f(x)= 1875.5291053397548
differential_evolution step 122: f(x)= 1875.5291053397548
differential_evolution step 123: f(x)= 1875.5291053397548
differential_evolution step 124: f(x)= 1875.5291053397548
differential_evolution step 125: f(x)= 1875.5291053397548
differential_evolution step 126: f(x)= 1875.5291053397548
differential_evolution step 127: f(x)= 1875.5291053397548
differential_evolution step 128: f(x)= 1875.5291053397548
differential_evolution step 129: f(x)= 1875.5291053397548
differential_evolution step 130: f(x)= 1875.5291053397548
differential_evolution step 131: f(x)= 1875.5291053397548
differential_evolution step 132: f(x)= 1875.5291053397548
differential_evolution step 133: f(x)= 1875.5291053397548
differential_evolution step 134: f(x)= 1875.5291053397548
differential_evolution step 135: f(x)= 1875.5291053397548
differential_evolution step 136: f(x)= 1875.5291053397548
differential_evolution step 137: f(x)= 1875.5291053397548
differential_evolution step 138: f(x)= 1875.5291053397548
differential_evolution step 139: f(x)= 1875.5291053397548
differential_evolution step 140: f(x)= 1875.5291053397548
differential_evolution step 141: f(x)= 1875.5291053397548
differential_evolution step 142: f(x)= 1875.5291053397548
differential_evolution step 143: f(x)= 1875.5291053397548
differential_evolution step 144: f(x)= 1875.5291053397548
differential_evolution step 145: f(x)= 1875.5291053397548
differential_evolution step 146: f(x)= 1875.5291053397548
differential_evolution step 147: f(x)= 1875.5291053397548
differential_evolution step 148: f(x)= 1875.5291053397548
differential_evolution step 149: f(x)= 1875.5291053397548
differential_evolution step 150: f(x)= 1875.5291053397548
differential_evolution step 151: f(x)= 1875.5291053397548
differential_evolution step 152: f(x)= 1875.5291053397548
differential_evolution step 153: f(x)= 1875.5291053397548
differential_evolution step 154: f(x)= 1875.5291053397548
differential_evolution step 155: f(x)= 1875.5291053397548
differential_evolution step 156: f(x)= 1875.5291053397548
differential_evolution step 157: f(x)= 1875.5291053397548
differential_evolution step 158: f(x)= 1875.5291053397548
differential_evolution step 159: f(x)= 1875.5291053397548
differential_evolution step 160: f(x)= 1875.5291053397548
differential_evolution step 161: f(x)= 1875.5291053397548
differential_evolution step 162: f(x)= 1875.5291053397548
differential_evolution step 163: f(x)= 1875.5291053397548
differential_evolution step 164: f(x)= 1875.5291053397548
differential_evolution step 165: f(x)= 1875.5291053397548
differential_evolution step 166: f(x)= 1875.5291053397548
differential_evolution step 167: f(x)= 1875.5291053397548
differential_evolution step 168: f(x)= 1875.5291053397548
differential_evolution step 169: f(x)= 1875.5291053397548
differential_evolution step 170: f(x)= 1875.5291053397548
differential_evolution step 171: f(x)= 1875.5291053397548
differential_evolution step 172: f(x)= 1875.5291053397548
differential_evolution step 173: f(x)= 1875.5291053397548
differential_evolution step 174: f(x)= 1875.5291053397548
differential_evolution step 175: f(x)= 1875.5291053397548
differential_evolution step 176: f(x)= 1875.5291053397548
differential_evolution step 177: f(x)= 1875.5291053397548
differential_evolution step 178: f(x)= 1875.5291053397548
differential_evolution step 179: f(x)= 1875.5291053397548
differential_evolution step 180: f(x)= 1875.5291053397548
differential_evolution step 181: f(x)= 1875.5291053397548
differential_evolution step 182: f(x)= 1875.5291053397548
differential_evolution step 183: f(x)= 1875.5291053397548
differential_evolution step 184: f(x)= 1875.5291053397548
differential_evolution step 185: f(x)= 1875.5291053397548
differential_evolution step 186: f(x)= 1875.5291053397548
differential_evolution step 187: f(x)= 1875.5291053397548
differential_evolution step 188: f(x)= 1875.5291053397548
differential_evolution step 189: f(x)= 1875.5291053397548
differential_evolution step 190: f(x)= 1875.5291053397548
differential_evolution step 191: f(x)= 1875.5291053397548
differential_evolution step 192: f(x)= 1875.5291053397548
differential_evolution step 193: f(x)= 1875.5291053397548
differential_evolution step 194: f(x)= 1875.5291053397548
differential_evolution step 195: f(x)= 1875.5291053397548
differential_evolution step 196: f(x)= 1875.5291053397548
differential_evolution step 197: f(x)= 1875.5291053397548
differential_evolution step 198: f(x)= 1875.5291053397548
differential_evolution step 199: f(x)= 1875.5291053397548
differential_evolution step 200: f(x)= 1875.5291053397548
Cluster 5 DE best chi^2: 1875.529 with params {'x_src': np.float64(146.67512918311354), 'y_src': np.float64(148.54779897064643), 'z_s': np.float64(2.2296085516222264)}

--- DE Optimization Summary ---
Best fit found for Cluster 1 with chi^2 = 642.672
Best-fit parameters: {'x_src': np.float64(210.22172629254533), 'y_src': np.float64(198.29325742788157), 'z_s': np.float64(1.0017798171848225)}

--- Running MCMC for Cluster 1 (chi_sq=642.672) ---
[MCMC] Process Pool with 16 procs
  0%|          | 0/20000 [00:00<?, ?it/s]  0%|          | 85/20000 [01:40<6:32:21,  1.18s/it]  0%|          | 99/20000 [02:00<6:32:04,  1.18s/it]  1%|          | 154/20000 [03:21<7:21:28,  1.33s/it]  1%|          | 167/20000 [03:40<7:21:11,  1.33s/it]  1%|          | 231/20000 [05:02<7:15:48,  1.32s/it]  1%|          | 242/20000 [05:20<7:15:33,  1.32s/it]  2%|         | 300/20000 [06:43<7:32:05,  1.38s/it]  2%|         | 310/20000 [07:00<7:31:51,  1.38s/it]  2%|         | 371/20000 [08:25<7:36:09,  1.39s/it]  2%|         | 380/20000 [08:40<7:35:56,  1.39s/it]  2%|         | 441/20000 [10:05<7:38:42,  1.41s/it]  2%|         | 453/20000 [10:20<7:38:25,  1.41s/it]  3%|         | 525/20000 [11:45<7:11:34,  1.33s/it]  3%|         | 536/20000 [12:00<7:11:19,  1.33s/it]  3%|         | 602/20000 [13:26<7:07:43,  1.32s/it]  3%|         | 613/20000 [13:40<7:07:28,  1.32s/it]  3%|         | 679/20000 [15:06<7:03:35,  1.32s/it]  3%|         | 688/20000 [15:20<7:03:23,  1.32s/it]  4%|         | 754/20000 [16:46<7:03:42,  1.32s/it]  4%|         | 763/20000 [17:00<7:03:30,  1.32s/it]  4%|         | 823/20000 [18:26<7:14:29,  1.36s/it]  4%|         | 831/20000 [18:40<7:14:18,  1.36s/it]  5%|         | 901/20000 [20:07<7:05:24,  1.34s/it]  5%|         | 911/20000 [20:20<7:05:11,  1.34s/it]  5%|         | 976/20000 [21:47<7:04:22,  1.34s/it]  5%|         | 983/20000 [22:00<7:04:12,  1.34s/it]  5%|         | 1045/20000 [23:28<7:13:43,  1.37s/it]  5%|         | 1053/20000 [23:40<7:13:32,  1.37s/it]  6%|         | 1116/20000 [25:10<7:17:22,  1.39s/it]  6%|         | 1129/20000 [25:30<7:17:04,  1.39s/it]  6%|         | 1185/20000 [26:50<7:21:48,  1.41s/it]  6%|         | 1201/20000 [27:10<7:21:26,  1.41s/it]  6%|         | 1264/20000 [28:30<7:05:51,  1.36s/it]  6%|         | 1276/20000 [28:50<7:05:35,  1.36s/it]  7%|         | 1339/20000 [30:11<7:02:16,  1.36s/it]  7%|         | 1354/20000 [30:30<7:01:55,  1.36s/it]  7%|         | 1418/20000 [31:51<6:51:38,  1.33s/it]  7%|         | 1431/20000 [32:10<6:51:20,  1.33s/it]  7%|         | 1496/20000 [33:32<6:46:45,  1.32s/it]  8%|         | 1507/20000 [33:50<6:46:30,  1.32s/it]  8%|         | 1568/20000 [35:12<6:51:33,  1.34s/it]  8%|         | 1582/20000 [35:30<6:51:14,  1.34s/it]  8%|         | 1645/20000 [36:53<6:47:13,  1.33s/it]  8%|         | 1656/20000 [37:10<6:46:58,  1.33s/it]  9%|         | 1721/20000 [38:34<6:45:10,  1.33s/it]  9%|         | 1731/20000 [38:50<6:44:57,  1.33s/it]  9%|         | 1796/20000 [40:15<6:45:05,  1.34s/it]  9%|         | 1805/20000 [40:30<6:44:53,  1.34s/it]  9%|         | 1867/20000 [41:56<6:50:43,  1.36s/it]  9%|         | 1876/20000 [42:10<6:50:31,  1.36s/it] 10%|         | 1946/20000 [43:36<6:40:26,  1.33s/it] 10%|         | 1956/20000 [43:50<6:40:12,  1.33s/it] 10%|         | 2026/20000 [45:16<6:31:07,  1.31s/it] 10%|         | 2036/20000 [45:30<6:30:54,  1.31s/it] 10%|         | 2098/20000 [46:56<6:36:42,  1.33s/it] 11%|         | 2107/20000 [47:10<6:36:31,  1.33s/it] 11%|         | 2169/20000 [48:37<6:42:50,  1.36s/it] 11%|         | 2177/20000 [48:50<6:42:39,  1.36s/it] 11%|         | 2239/20000 [50:18<6:48:15,  1.38s/it] 11%|         | 2248/20000 [50:30<6:48:02,  1.38s/it] 12%|        | 2308/20000 [51:59<6:54:07,  1.40s/it] 12%|        | 2316/20000 [52:10<6:53:56,  1.40s/it] 12%|        | 2381/20000 [53:40<6:50:18,  1.40s/it] 12%|        | 2394/20000 [54:00<6:50:00,  1.40s/it] 12%|        | 2453/20000 [55:20<6:48:24,  1.40s/it] 12%|        | 2465/20000 [55:40<6:48:07,  1.40s/it] 13%|        | 2531/20000 [57:01<6:37:27,  1.37s/it] 13%|        | 2544/20000 [57:20<6:37:09,  1.37s/it] 13%|        | 2606/20000 [58:43<6:34:25,  1.36s/it] 13%|        | 2619/20000 [59:00<6:34:08,  1.36s/it] 13%|        | 2677/20000 [1:00:23<6:36:51,  1.37s/it] 13%|        | 2687/20000 [1:00:40<6:36:37,  1.37s/it] 14%|        | 2753/20000 [1:02:03<6:30:45,  1.36s/it] 14%|        | 2767/20000 [1:02:20<6:30:26,  1.36s/it] 14%|        | 2832/20000 [1:03:44<6:21:28,  1.33s/it] 14%|        | 2841/20000 [1:04:00<6:21:16,  1.33s/it] 14%|        | 2900/20000 [1:05:25<6:31:19,  1.37s/it] 15%|        | 2911/20000 [1:05:40<6:31:04,  1.37s/it] 15%|        | 2971/20000 [1:07:05<6:33:27,  1.39s/it] 15%|        | 2982/20000 [1:07:20<6:33:12,  1.39s/it] 15%|        | 3040/20000 [1:08:45<6:37:05,  1.40s/it] 15%|        | 3049/20000 [1:09:00<6:36:52,  1.40s/it] 16%|        | 3112/20000 [1:10:27<6:35:48,  1.41s/it] 16%|        | 3121/20000 [1:10:40<6:35:36,  1.41s/it] 16%|        | 3184/20000 [1:12:07<6:33:09,  1.40s/it] 16%|        | 3191/20000 [1:12:20<6:32:59,  1.40s/it] 16%|        | 3254/20000 [1:13:49<6:35:30,  1.42s/it] 16%|        | 3261/20000 [1:14:00<6:35:20,  1.42s/it] 17%|        | 3326/20000 [1:15:30<6:32:26,  1.41s/it] 17%|        | 3339/20000 [1:15:50<6:32:07,  1.41s/it] 17%|        | 3397/20000 [1:17:10<6:30:47,  1.41s/it] 17%|        | 3412/20000 [1:17:30<6:30:26,  1.41s/it] 17%|        | 3474/20000 [1:18:51<6:19:52,  1.38s/it] 17%|        | 3486/20000 [1:19:10<6:19:35,  1.38s/it] 18%|        | 3550/20000 [1:20:31<6:13:35,  1.36s/it] 18%|        | 3565/20000 [1:20:50<6:13:15,  1.36s/it] 18%|        | 3632/20000 [1:22:12<5:59:24,  1.32s/it] 18%|        | 3646/20000 [1:22:30<5:59:05,  1.32s/it] 19%|        | 3705/20000 [1:23:53<6:03:18,  1.34s/it] 19%|        | 3718/20000 [1:24:10<6:03:01,  1.34s/it] 19%|        | 3786/20000 [1:25:33<5:52:45,  1.31s/it] 19%|        | 3801/20000 [1:25:50<5:52:25,  1.31s/it] 19%|        | 3868/20000 [1:27:13<5:44:10,  1.28s/it] 19%|        | 3880/20000 [1:27:30<5:43:55,  1.28s/it] 20%|        | 3941/20000 [1:28:54<5:50:35,  1.31s/it] 20%|        | 3952/20000 [1:29:10<5:50:21,  1.31s/it] 20%|        | 4019/20000 [1:30:35<5:47:18,  1.30s/it] 20%|        | 4030/20000 [1:30:50<5:47:04,  1.30s/it] 20%|        | 4091/20000 [1:32:17<5:53:47,  1.33s/it] 21%|        | 4101/20000 [1:32:30<5:53:34,  1.33s/it] 21%|        | 4163/20000 [1:33:57<5:57:04,  1.35s/it] 21%|        | 4172/20000 [1:34:10<5:56:52,  1.35s/it] 21%|        | 4237/20000 [1:35:38<5:55:42,  1.35s/it] 21%|        | 4245/20000 [1:35:50<5:55:31,  1.35s/it] 22%|       | 4310/20000 [1:37:18<5:55:33,  1.36s/it] 22%|       | 4319/20000 [1:37:30<5:55:20,  1.36s/it] 22%|       | 4386/20000 [1:38:59<5:51:20,  1.35s/it] 22%|       | 4393/20000 [1:39:10<5:51:11,  1.35s/it] 22%|       | 4454/20000 [1:40:41<6:00:17,  1.39s/it] 22%|       | 4467/20000 [1:41:00<5:59:58,  1.39s/it] 23%|       | 4524/20000 [1:42:21<6:01:56,  1.40s/it] 23%|       | 4536/20000 [1:42:40<6:01:39,  1.40s/it] 23%|       | 4598/20000 [1:44:02<5:57:33,  1.39s/it] 23%|       | 4610/20000 [1:44:20<5:57:16,  1.39s/it] 23%|       | 4670/20000 [1:45:42<5:55:37,  1.39s/it] 23%|       | 4682/20000 [1:46:00<5:55:20,  1.39s/it] 24%|       | 4746/20000 [1:47:22<5:47:59,  1.37s/it] 24%|       | 4760/20000 [1:47:40<5:47:39,  1.37s/it] 24%|       | 4822/20000 [1:49:03<5:43:00,  1.36s/it] 24%|       | 4836/20000 [1:49:20<5:42:41,  1.36s/it] 25%|       | 4903/20000 [1:50:44<5:32:02,  1.32s/it] 25%|       | 4914/20000 [1:51:00<5:31:47,  1.32s/it] 25%|       | 4971/20000 [1:52:25<5:41:54,  1.36s/it] 25%|       | 4980/20000 [1:52:40<5:41:42,  1.36s/it] 25%|       | 5045/20000 [1:54:06<5:40:04,  1.36s/it] 25%|       | 5054/20000 [1:54:20<5:39:51,  1.36s/it] 26%|       | 5122/20000 [1:55:46<5:34:03,  1.35s/it] 26%|       | 5132/20000 [1:56:00<5:33:50,  1.35s/it] 26%|       | 5208/20000 [1:57:27<5:17:24,  1.29s/it] 26%|       | 5219/20000 [1:57:40<5:17:10,  1.29s/it] 26%|       | 5300/20000 [1:59:07<4:59:15,  1.22s/it] 27%|       | 5309/20000 [1:59:20<4:59:04,  1.22s/it] 27%|       | 5382/20000 [2:00:47<4:57:35,  1.22s/it] 27%|       | 5390/20000 [2:01:00<4:57:25,  1.22s/it] 27%|       | 5451/20000 [2:02:28<5:11:19,  1.28s/it] 27%|       | 5458/20000 [2:02:40<5:11:10,  1.28s/it] 28%|       | 5520/20000 [2:04:09<5:21:35,  1.33s/it] 28%|       | 5527/20000 [2:04:20<5:21:26,  1.33s/it] 28%|       | 5590/20000 [2:05:49<5:27:04,  1.36s/it] 28%|       | 5597/20000 [2:06:00<5:26:55,  1.36s/it] 28%|       | 5662/20000 [2:07:30<5:27:54,  1.37s/it] 28%|       | 5678/20000 [2:07:50<5:27:32,  1.37s/it] 29%|       | 5740/20000 [2:09:11<5:20:26,  1.35s/it] 29%|       | 5752/20000 [2:09:30<5:20:10,  1.35s/it] 29%|       | 5818/20000 [2:10:51<5:14:10,  1.33s/it] 29%|       | 5835/20000 [2:11:10<5:13:47,  1.33s/it] 30%|       | 5909/20000 [2:12:32<4:54:49,  1.26s/it] 30%|       | 5923/20000 [2:12:50<4:54:31,  1.26s/it] 30%|       | 5996/20000 [2:14:13<4:45:40,  1.22s/it] 30%|       | 6011/20000 [2:14:30<4:45:22,  1.22s/it] 30%|       | 6085/20000 [2:15:53<4:36:35,  1.19s/it] 30%|       | 6098/20000 [2:16:10<4:36:20,  1.19s/it] 31%|       | 6173/20000 [2:17:33<4:31:03,  1.18s/it] 31%|       | 6184/20000 [2:17:50<4:30:50,  1.18s/it] 31%|       | 6249/20000 [2:19:14<4:38:57,  1.22s/it] 31%|      | 6263/20000 [2:19:30<4:38:40,  1.22s/it] 32%|      | 6334/20000 [2:20:55<4:35:04,  1.21s/it] 32%|      | 6344/20000 [2:21:10<4:34:52,  1.21s/it] 32%|      | 6404/20000 [2:22:36<4:47:43,  1.27s/it] 32%|      | 6414/20000 [2:22:50<4:47:30,  1.27s/it] 32%|      | 6481/20000 [2:24:16<4:48:13,  1.28s/it] 32%|      | 6493/20000 [2:24:30<4:47:57,  1.28s/it] 33%|      | 6577/20000 [2:25:57<4:28:24,  1.20s/it] 33%|      | 6590/20000 [2:26:10<4:28:09,  1.20s/it] 33%|      | 6665/20000 [2:27:37<4:22:17,  1.18s/it] 33%|      | 6677/20000 [2:27:50<4:22:03,  1.18s/it] 34%|      | 6750/20000 [2:29:17<4:21:01,  1.18s/it] 34%|      | 6758/20000 [2:29:30<4:20:52,  1.18s/it] 34%|      | 6823/20000 [2:30:58<4:31:24,  1.24s/it] 34%|      | 6829/20000 [2:31:10<4:31:17,  1.24s/it] 34%|      | 6896/20000 [2:32:39<4:38:32,  1.28s/it] 35%|      | 6903/20000 [2:32:50<4:38:23,  1.28s/it] 35%|      | 6972/20000 [2:34:19<4:39:39,  1.29s/it] 35%|      | 6981/20000 [2:34:30<4:39:28,  1.29s/it] 35%|      | 7046/20000 [2:36:00<4:42:30,  1.31s/it] 35%|      | 7058/20000 [2:36:20<4:42:14,  1.31s/it] 36%|      | 7111/20000 [2:37:41<4:55:08,  1.37s/it] 36%|      | 7124/20000 [2:38:00<4:54:50,  1.37s/it] 36%|      | 7182/20000 [2:39:21<4:56:05,  1.39s/it] 36%|      | 7194/20000 [2:39:40<4:55:49,  1.39s/it] 36%|      | 7250/20000 [2:41:02<5:00:35,  1.41s/it] 36%|      | 7261/20000 [2:41:20<5:00:19,  1.41s/it] 37%|      | 7320/20000 [2:42:42<4:59:57,  1.42s/it] 37%|      | 7332/20000 [2:43:00<4:59:40,  1.42s/it] 37%|      | 7390/20000 [2:44:23<4:59:23,  1.42s/it] 37%|      | 7402/20000 [2:44:40<4:59:06,  1.42s/it] 37%|      | 7457/20000 [2:46:04<5:02:31,  1.45s/it] 37%|      | 7467/20000 [2:46:20<5:02:17,  1.45s/it] 38%|      | 7529/20000 [2:47:45<4:58:07,  1.43s/it] 38%|      | 7538/20000 [2:48:00<4:57:54,  1.43s/it] 38%|      | 7606/20000 [2:49:26<4:48:07,  1.39s/it] 38%|      | 7616/20000 [2:49:40<4:47:53,  1.39s/it] 38%|      | 7687/20000 [2:51:07<4:36:24,  1.35s/it] 38%|      | 7697/20000 [2:51:20<4:36:11,  1.35s/it] 39%|      | 7771/20000 [2:52:47<4:24:24,  1.30s/it] 39%|      | 7779/20000 [2:53:00<4:24:13,  1.30s/it] 39%|      | 7839/20000 [2:54:28<4:33:17,  1.35s/it] 39%|      | 7846/20000 [2:54:40<4:33:07,  1.35s/it] 40%|      | 7917/20000 [2:56:08<4:27:37,  1.33s/it] 40%|      | 7926/20000 [2:56:20<4:27:25,  1.33s/it] 40%|      | 8013/20000 [2:57:49<4:05:53,  1.23s/it] 40%|      | 8023/20000 [2:58:00<4:05:41,  1.23s/it] 41%|      | 8113/20000 [2:59:30<3:48:36,  1.15s/it] 41%|      | 8127/20000 [2:59:50<3:48:20,  1.15s/it] 41%|      | 8193/20000 [3:01:10<3:52:38,  1.18s/it] 41%|      | 8208/20000 [3:01:30<3:52:20,  1.18s/it] 41%|     | 8277/20000 [3:02:51<3:51:59,  1.19s/it] 41%|     | 8292/20000 [3:03:10<3:51:41,  1.19s/it] 42%|     | 8364/20000 [3:04:31<3:48:12,  1.18s/it] 42%|     | 8380/20000 [3:04:50<3:47:53,  1.18s/it] 42%|     | 8440/20000 [3:06:12<3:54:46,  1.22s/it] 42%|     | 8455/20000 [3:06:30<3:54:28,  1.22s/it] 43%|     | 8536/20000 [3:07:53<3:41:58,  1.16s/it] 43%|     | 8550/20000 [3:08:10<3:41:42,  1.16s/it] 43%|     | 8631/20000 [3:09:34<3:34:03,  1.13s/it] 43%|     | 8647/20000 [3:09:50<3:33:45,  1.13s/it] 44%|     | 8729/20000 [3:11:14<3:26:02,  1.10s/it] 44%|     | 8743/20000 [3:11:30<3:25:47,  1.10s/it] 44%|     | 8827/20000 [3:12:55<3:19:58,  1.07s/it] 44%|     | 8841/20000 [3:13:10<3:19:43,  1.07s/it] 45%|     | 8922/20000 [3:14:35<3:17:14,  1.07s/it] 45%|     | 8935/20000 [3:14:50<3:17:00,  1.07s/it] 45%|     | 9018/20000 [3:16:16<3:14:25,  1.06s/it] 45%|     | 9032/20000 [3:16:30<3:14:10,  1.06s/it] 46%|     | 9121/20000 [3:17:56<3:07:51,  1.04s/it] 46%|     | 9134/20000 [3:18:10<3:07:37,  1.04s/it] 46%|     | 9223/20000 [3:19:37<3:03:07,  1.02s/it] 46%|     | 9236/20000 [3:19:50<3:02:53,  1.02s/it] 47%|     | 9325/20000 [3:21:17<2:59:34,  1.01s/it] 47%|     | 9337/20000 [3:21:30<2:59:22,  1.01s/it] 47%|     | 9422/20000 [3:22:57<2:59:05,  1.02s/it] 47%|     | 9430/20000 [3:23:10<2:58:57,  1.02s/it] 47%|     | 9496/20000 [3:24:38<3:12:31,  1.10s/it] 48%|     | 9504/20000 [3:24:50<3:12:22,  1.10s/it] 48%|     | 9567/20000 [3:26:19<3:25:09,  1.18s/it] 48%|     | 9575/20000 [3:26:30<3:25:00,  1.18s/it] 48%|     | 9639/20000 [3:27:59<3:33:23,  1.24s/it] 48%|     | 9647/20000 [3:28:10<3:33:13,  1.24s/it] 49%|     | 9718/20000 [3:29:40<3:33:56,  1.25s/it] 49%|     | 9734/20000 [3:30:00<3:33:36,  1.25s/it] 49%|     | 9803/20000 [3:31:21<3:28:54,  1.23s/it] 49%|     | 9816/20000 [3:31:40<3:28:38,  1.23s/it] 49%|     | 9880/20000 [3:33:01<3:30:54,  1.25s/it] 49%|     | 9896/20000 [3:33:20<3:30:34,  1.25s/it] 50%|     | 9958/20000 [3:34:42<3:31:19,  1.26s/it] 50%|     | 9971/20000 [3:35:00<3:31:02,  1.26s/it] 50%|     | 10036/20000 [3:36:23<3:31:09,  1.27s/it] 50%|     | 10052/20000 [3:36:40<3:30:49,  1.27s/it] 51%|     | 10130/20000 [3:38:03<3:17:53,  1.20s/it] 51%|     | 10143/20000 [3:38:20<3:17:38,  1.20s/it] 51%|     | 10209/20000 [3:39:43<3:19:17,  1.22s/it] 51%|     | 10221/20000 [3:40:00<3:19:02,  1.22s/it] 51%|    | 10288/20000 [3:41:24<3:20:29,  1.24s/it] 51%|    | 10299/20000 [3:41:40<3:20:15,  1.24s/it] 52%|    | 10371/20000 [3:43:06<3:17:44,  1.23s/it] 52%|    | 10383/20000 [3:43:20<3:17:29,  1.23s/it] 52%|    | 10460/20000 [3:44:47<3:11:07,  1.20s/it] 52%|    | 10469/20000 [3:45:00<3:10:56,  1.20s/it] 53%|    | 10538/20000 [3:46:28<3:13:34,  1.23s/it] 53%|    | 10548/20000 [3:46:40<3:13:22,  1.23s/it] 53%|    | 10619/20000 [3:48:08<3:12:16,  1.23s/it] 53%|    | 10629/20000 [3:48:20<3:12:04,  1.23s/it] 54%|    | 10705/20000 [3:49:48<3:07:34,  1.21s/it] 54%|    | 10714/20000 [3:50:00<3:07:23,  1.21s/it] 54%|    | 10784/20000 [3:51:29<3:09:00,  1.23s/it] 54%|    | 10792/20000 [3:51:40<3:08:51,  1.23s/it] 54%|    | 10862/20000 [3:53:09<3:09:43,  1.25s/it] 54%|    | 10870/20000 [3:53:20<3:09:33,  1.25s/it] 55%|    | 10945/20000 [3:54:50<3:06:47,  1.24s/it] 55%|    | 10960/20000 [3:55:10<3:06:28,  1.24s/it] 55%|    | 11026/20000 [3:56:31<3:05:06,  1.24s/it] 55%|    | 11040/20000 [3:56:50<3:04:49,  1.24s/it] 56%|    | 11105/20000 [3:58:11<3:04:47,  1.25s/it] 56%|    | 11120/20000 [3:58:30<3:04:28,  1.25s/it] 56%|    | 11183/20000 [3:59:51<3:05:02,  1.26s/it] 56%|    | 11197/20000 [4:00:10<3:04:44,  1.26s/it] 56%|    | 11263/20000 [4:01:32<3:03:24,  1.26s/it] 56%|    | 11276/20000 [4:01:50<3:03:07,  1.26s/it] 57%|    | 11346/20000 [4:03:13<2:59:24,  1.24s/it] 57%|    | 11360/20000 [4:03:30<2:59:07,  1.24s/it] 57%|    | 11427/20000 [4:04:53<2:57:36,  1.24s/it] 57%|    | 11442/20000 [4:05:10<2:57:17,  1.24s/it] 58%|    | 11513/20000 [4:06:34<2:52:36,  1.22s/it] 58%|    | 11527/20000 [4:06:50<2:52:19,  1.22s/it] 58%|    | 11602/20000 [4:08:15<2:46:55,  1.19s/it] 58%|    | 11613/20000 [4:08:30<2:46:42,  1.19s/it] 58%|    | 11684/20000 [4:09:56<2:46:58,  1.20s/it] 58%|    | 11694/20000 [4:10:10<2:46:46,  1.20s/it] 59%|    | 11766/20000 [4:11:36<2:46:10,  1.21s/it] 59%|    | 11776/20000 [4:11:50<2:45:58,  1.21s/it] 59%|    | 11847/20000 [4:13:17<2:45:46,  1.22s/it] 59%|    | 11858/20000 [4:13:30<2:45:33,  1.22s/it] 60%|    | 11937/20000 [4:14:58<2:39:43,  1.19s/it] 60%|    | 11945/20000 [4:15:10<2:39:33,  1.19s/it] 60%|    | 12020/20000 [4:16:38<2:39:00,  1.20s/it] 60%|    | 12029/20000 [4:16:50<2:38:49,  1.20s/it] 60%|    | 12100/20000 [4:18:19<2:39:36,  1.21s/it] 61%|    | 12109/20000 [4:18:30<2:39:25,  1.21s/it] 61%|    | 12183/20000 [4:19:59<2:37:43,  1.21s/it] 61%|    | 12191/20000 [4:20:10<2:37:34,  1.21s/it] 61%|   | 12265/20000 [4:21:39<2:36:33,  1.21s/it] 61%|   | 12273/20000 [4:21:50<2:36:23,  1.21s/it] 62%|   | 12350/20000 [4:23:20<2:33:41,  1.21s/it] 62%|   | 12359/20000 [4:23:30<2:33:30,  1.21s/it] 62%|   | 12437/20000 [4:25:01<2:30:07,  1.19s/it] 62%|   | 12453/20000 [4:25:20<2:29:48,  1.19s/it] 63%|   | 12519/20000 [4:26:42<2:30:02,  1.20s/it] 63%|   | 12533/20000 [4:27:00<2:29:45,  1.20s/it] 63%|   | 12606/20000 [4:28:23<2:26:39,  1.19s/it] 63%|   | 12620/20000 [4:28:40<2:26:22,  1.19s/it] 63%|   | 12690/20000 [4:30:03<2:25:18,  1.19s/it] 64%|   | 12705/20000 [4:30:20<2:25:00,  1.19s/it] 64%|   | 12777/20000 [4:31:44<2:22:18,  1.18s/it] 64%|   | 12792/20000 [4:32:00<2:22:00,  1.18s/it] 64%|   | 12864/20000 [4:33:25<2:19:43,  1.17s/it] 64%|   | 12876/20000 [4:33:40<2:19:29,  1.17s/it] 65%|   | 12947/20000 [4:35:05<2:19:21,  1.19s/it] 65%|   | 12959/20000 [4:35:20<2:19:06,  1.19s/it] 65%|   | 13030/20000 [4:36:46<2:18:28,  1.19s/it] 65%|   | 13041/20000 [4:37:00<2:18:15,  1.19s/it] 66%|   | 13121/20000 [4:38:27<2:13:39,  1.17s/it] 66%|   | 13132/20000 [4:38:40<2:13:26,  1.17s/it] 66%|   | 13206/20000 [4:40:07<2:12:43,  1.17s/it] 66%|   | 13217/20000 [4:40:20<2:12:30,  1.17s/it] 66%|   | 13289/20000 [4:41:48<2:12:26,  1.18s/it] 66%|   | 13298/20000 [4:42:00<2:12:16,  1.18s/it] 67%|   | 13378/20000 [4:43:28<2:08:40,  1.17s/it] 67%|   | 13388/20000 [4:43:40<2:08:28,  1.17s/it] 67%|   | 13463/20000 [4:45:09<2:07:40,  1.17s/it] 67%|   | 13470/20000 [4:45:20<2:07:32,  1.17s/it] 68%|   | 13545/20000 [4:46:49<2:07:41,  1.19s/it] 68%|   | 13553/20000 [4:47:00<2:07:31,  1.19s/it] 68%|   | 13632/20000 [4:48:30<2:04:48,  1.18s/it] 68%|   | 13641/20000 [4:48:40<2:04:37,  1.18s/it] 69%|   | 13718/20000 [4:50:11<2:03:10,  1.18s/it] 69%|   | 13733/20000 [4:50:30<2:02:52,  1.18s/it] 69%|   | 13801/20000 [4:51:51<2:02:28,  1.19s/it] 69%|   | 13816/20000 [4:52:10<2:02:11,  1.19s/it] 69%|   | 13884/20000 [4:53:32<2:01:45,  1.19s/it] 69%|   | 13898/20000 [4:53:50<2:01:29,  1.19s/it] 70%|   | 13971/20000 [4:55:12<1:58:44,  1.18s/it] 70%|   | 13986/20000 [4:55:30<1:58:26,  1.18s/it] 70%|   | 14053/20000 [4:56:53<1:58:18,  1.19s/it] 70%|   | 14069/20000 [4:57:10<1:57:59,  1.19s/it] 71%|   | 14142/20000 [4:58:33<1:54:37,  1.17s/it] 71%|   | 14157/20000 [4:58:50<1:54:19,  1.17s/it] 71%|   | 14230/20000 [5:00:14<1:51:54,  1.16s/it] 71%|   | 14242/20000 [5:00:30<1:51:40,  1.16s/it] 72%|  | 14313/20000 [5:01:54<1:51:31,  1.18s/it] 72%|  | 14325/20000 [5:02:10<1:51:17,  1.18s/it] 72%|  | 14395/20000 [5:03:34<1:51:11,  1.19s/it] 72%|  | 14408/20000 [5:03:50<1:50:56,  1.19s/it] 72%|  | 14478/20000 [5:05:16<1:50:24,  1.20s/it] 72%|  | 14489/20000 [5:05:30<1:50:11,  1.20s/it] 73%|  | 14560/20000 [5:06:56<1:49:29,  1.21s/it] 73%|  | 14571/20000 [5:07:10<1:49:16,  1.21s/it] 73%|  | 14648/20000 [5:08:37<1:46:05,  1.19s/it] 73%|  | 14657/20000 [5:08:50<1:45:54,  1.19s/it] 74%|  | 14734/20000 [5:10:17<1:43:45,  1.18s/it] 74%|  | 14743/20000 [5:10:30<1:43:34,  1.18s/it] 74%|  | 14818/20000 [5:11:58<1:42:32,  1.19s/it] 74%|  | 14827/20000 [5:12:10<1:42:21,  1.19s/it] 75%|  | 14914/20000 [5:13:39<1:36:47,  1.14s/it] 75%|  | 14924/20000 [5:13:50<1:36:35,  1.14s/it] 75%|  | 14999/20000 [5:15:19<1:36:04,  1.15s/it] 75%|  | 15006/20000 [5:15:30<1:35:56,  1.15s/it] 75%|  | 15083/20000 [5:16:59<1:35:22,  1.16s/it] 75%|  | 15093/20000 [5:17:10<1:35:10,  1.16s/it] 76%|  | 15165/20000 [5:18:40<1:35:17,  1.18s/it] 76%|  | 15172/20000 [5:18:50<1:35:09,  1.18s/it] 76%|  | 15258/20000 [5:20:21<1:31:03,  1.15s/it] 76%|  | 15276/20000 [5:20:40<1:30:42,  1.15s/it] 77%|  | 15342/20000 [5:22:02<1:30:36,  1.17s/it] 77%|  | 15357/20000 [5:22:20<1:30:19,  1.17s/it] 77%|  | 15430/20000 [5:23:43<1:28:25,  1.16s/it] 77%|  | 15443/20000 [5:24:00<1:28:10,  1.16s/it] 78%|  | 15510/20000 [5:25:24<1:29:04,  1.19s/it] 78%|  | 15521/20000 [5:25:40<1:28:51,  1.19s/it] 78%|  | 15588/20000 [5:27:05<1:29:40,  1.22s/it] 78%|  | 15600/20000 [5:27:20<1:29:25,  1.22s/it] 78%|  | 15686/20000 [5:28:45<1:22:55,  1.15s/it] 79%|  | 15701/20000 [5:29:00<1:22:38,  1.15s/it] 79%|  | 15788/20000 [5:30:26<1:16:59,  1.10s/it] 79%|  | 15802/20000 [5:30:40<1:16:44,  1.10s/it] 79%|  | 15889/20000 [5:32:06<1:12:51,  1.06s/it] 80%|  | 15902/20000 [5:32:20<1:12:37,  1.06s/it] 80%|  | 15980/20000 [5:33:47<1:12:06,  1.08s/it] 80%|  | 15990/20000 [5:34:00<1:11:55,  1.08s/it] 80%|  | 16058/20000 [5:35:27<1:14:20,  1.13s/it] 80%|  | 16068/20000 [5:35:40<1:14:09,  1.13s/it] 81%|  | 16147/20000 [5:37:07<1:12:32,  1.13s/it] 81%|  | 16157/20000 [5:37:20<1:12:21,  1.13s/it] 81%|  | 16224/20000 [5:38:48<1:14:15,  1.18s/it] 81%|  | 16231/20000 [5:39:00<1:14:07,  1.18s/it] 82%| | 16309/20000 [5:40:29<1:12:41,  1.18s/it] 82%| | 16319/20000 [5:40:40<1:12:29,  1.18s/it] 82%| | 16392/20000 [5:42:09<1:11:31,  1.19s/it] 82%| | 16400/20000 [5:42:20<1:11:22,  1.19s/it] 82%| | 16472/20000 [5:43:50<1:11:06,  1.21s/it] 82%| | 16489/20000 [5:44:10<1:10:46,  1.21s/it] 83%| | 16563/20000 [5:45:31<1:07:30,  1.18s/it] 83%| | 16576/20000 [5:45:50<1:07:15,  1.18s/it] 83%| | 16641/20000 [5:47:12<1:07:47,  1.21s/it] 83%| | 16654/20000 [5:47:30<1:07:31,  1.21s/it] 84%| | 16724/20000 [5:48:52<1:06:02,  1.21s/it] 84%| | 16738/20000 [5:49:10<1:05:45,  1.21s/it] 84%| | 16810/20000 [5:50:33<1:03:35,  1.20s/it] 84%| | 16824/20000 [5:50:50<1:03:19,  1.20s/it] 84%| | 16890/20000 [5:52:13<1:02:51,  1.21s/it] 85%| | 16902/20000 [5:52:30<1:02:36,  1.21s/it] 85%| | 16971/20000 [5:53:53<1:01:36,  1.22s/it] 85%| | 16984/20000 [5:54:10<1:01:20,  1.22s/it] 85%| | 17056/20000 [5:55:33<59:13,  1.21s/it]   85%| | 17069/20000 [5:55:50<58:57,  1.21s/it] 86%| | 17130/20000 [5:57:13<59:38,  1.25s/it] 86%| | 17142/20000 [5:57:30<59:23,  1.25s/it] 86%| | 17211/20000 [5:58:54<57:58,  1.25s/it] 86%| | 17223/20000 [5:59:10<57:43,  1.25s/it] 86%| | 17298/20000 [6:00:35<54:53,  1.22s/it] 87%| | 17310/20000 [6:00:50<54:39,  1.22s/it] 87%| | 17379/20000 [6:02:16<53:34,  1.23s/it] 87%| | 17390/20000 [6:02:30<53:20,  1.23s/it] 87%| | 17457/20000 [6:03:56<52:42,  1.24s/it] 87%| | 17467/20000 [6:04:10<52:29,  1.24s/it] 88%| | 17536/20000 [6:05:37<51:24,  1.25s/it] 88%| | 17546/20000 [6:05:50<51:11,  1.25s/it] 88%| | 17618/20000 [6:07:18<49:27,  1.25s/it] 88%| | 17628/20000 [6:07:30<49:15,  1.25s/it] 88%| | 17700/20000 [6:08:59<47:36,  1.24s/it] 89%| | 17708/20000 [6:09:10<47:26,  1.24s/it] 89%| | 17778/20000 [6:10:40<46:34,  1.26s/it] 89%| | 17784/20000 [6:10:50<46:27,  1.26s/it] 89%| | 17861/20000 [6:12:21<44:25,  1.25s/it] 89%| | 17876/20000 [6:12:40<44:07,  1.25s/it] 90%| | 17942/20000 [6:14:02<42:41,  1.24s/it] 90%| | 17956/20000 [6:14:20<42:23,  1.24s/it] 90%| | 18019/20000 [6:15:42<41:41,  1.26s/it] 90%| | 18032/20000 [6:16:00<41:25,  1.26s/it] 91%| | 18102/20000 [6:17:23<39:29,  1.25s/it] 91%| | 18116/20000 [6:17:40<39:11,  1.25s/it] 91%| | 18180/20000 [6:19:04<38:17,  1.26s/it] 91%| | 18190/20000 [6:19:20<38:04,  1.26s/it] 91%|| 18258/20000 [6:20:45<36:54,  1.27s/it] 91%|| 18271/20000 [6:21:00<36:37,  1.27s/it] 92%|| 18342/20000 [6:22:26<34:32,  1.25s/it] 92%|| 18353/20000 [6:22:40<34:19,  1.25s/it] 92%|| 18424/20000 [6:24:07<32:39,  1.24s/it] 92%|| 18434/20000 [6:24:20<32:27,  1.24s/it] 93%|| 18507/20000 [6:25:48<30:41,  1.23s/it] 93%|| 18517/20000 [6:26:00<30:29,  1.23s/it] 93%|| 18592/20000 [6:27:28<28:34,  1.22s/it] 93%|| 18601/20000 [6:27:40<28:24,  1.22s/it] 93%|| 18673/20000 [6:29:09<27:07,  1.23s/it] 93%|| 18681/20000 [6:29:20<26:57,  1.23s/it] 94%|| 18760/20000 [6:30:50<24:54,  1.21s/it] 94%|| 18768/20000 [6:31:00<24:45,  1.21s/it] 94%|| 18839/20000 [6:32:30<23:42,  1.22s/it] 94%|| 18853/20000 [6:32:50<23:25,  1.22s/it] 95%|| 18919/20000 [6:34:11<22:13,  1.23s/it] 95%|| 18934/20000 [6:34:30<21:54,  1.23s/it] 95%|| 18993/20000 [6:35:51<21:15,  1.27s/it] 95%|| 19008/20000 [6:36:10<20:56,  1.27s/it] 95%|| 19071/20000 [6:37:31<19:41,  1.27s/it] 95%|| 19085/20000 [6:37:50<19:24,  1.27s/it] 96%|| 19148/20000 [6:39:11<18:10,  1.28s/it] 96%|| 19164/20000 [6:39:30<17:50,  1.28s/it] 96%|| 19229/20000 [6:40:52<16:19,  1.27s/it] 96%|| 19241/20000 [6:41:10<16:03,  1.27s/it] 97%|| 19304/20000 [6:42:33<14:59,  1.29s/it] 97%|| 19315/20000 [6:42:50<14:45,  1.29s/it] 97%|| 19380/20000 [6:44:14<13:26,  1.30s/it] 97%|| 19392/20000 [6:44:30<13:10,  1.30s/it] 97%|| 19452/20000 [6:45:55<12:09,  1.33s/it] 97%|| 19463/20000 [6:46:10<11:54,  1.33s/it] 98%|| 19530/20000 [6:47:36<10:19,  1.32s/it] 98%|| 19541/20000 [6:47:50<10:05,  1.32s/it] 98%|| 19607/20000 [6:49:16<08:36,  1.31s/it] 98%|| 19617/20000 [6:49:30<08:23,  1.31s/it] 98%|| 19686/20000 [6:50:57<06:49,  1.30s/it] 98%|| 19695/20000 [6:51:10<06:37,  1.30s/it] 99%|| 19763/20000 [6:52:38<05:09,  1.31s/it] 99%|| 19771/20000 [6:52:50<04:58,  1.31s/it] 99%|| 19838/20000 [6:54:19<03:33,  1.32s/it] 99%|| 19846/20000 [6:54:30<03:22,  1.32s/it]100%|| 19912/20000 [6:55:59<01:56,  1.33s/it]100%|| 19919/20000 [6:56:10<01:47,  1.33s/it]100%|| 19988/20000 [6:57:39<00:15,  1.33s/it]100%|| 19999/20000 [6:57:50<00:01,  1.33s/it]100%|| 20000/20000 [6:57:51<00:00,  1.25s/it]

Analysis complete. Found 1 cluster(s) meeting the MCMC criterion.
Accepted cluster indices: [1]

--- Processing Final Results for Cluster 1 ---
--- MCMC Parameter Constraints for Cluster 1 ---
  x_src = 207.908 +0.399 / -0.142
  y_src = 200.609 +0.159 / -0.319
    z_s = 1.496 +0.047 / -0.087
Saving localization results for Cluster 1...
Processing results for Cluster 1...
-> Saved 340000 samples to /users/hiu-yeung.cheng/clusterlensing/out/row16/test_tidy_row16/cluster_1_posterior.npz
Updated CSV row 16 with result for cluster 1.
Loading data from /users/hiu-yeung.cheng/clusterlensing/out/row16/test_tidy_row16/cluster_1_posterior.npz...

Generating corner plot...
-> Corner plot saved to /users/hiu-yeung.cheng/clusterlensing/out/row16/test_tidy_row16/cluster_1_corner_from_saved.png

Generating trace plot...
-> Trace plot saved to /users/hiu-yeung.cheng/clusterlensing/out/row16/test_tidy_row16/cluster_1_trace.png
