Row=15 OUT_DIR=/users/hiu-yeung.cheng/clusterlensing/out/row15 DE_PROCS=16 MCMC_PROCS=16
Setup complete. Lensing system initialized.
True time delays: [    0.          5639.53160597  6924.50342531 11466.53443428
 14669.75089938]
True luminosity distances: 24758.384937594907
Lensed luminosity distances: [5.86236250e+03 3.32650058e+03 3.58850216e+03 2.32140249e+04
 2.61095981e+07]

Running the full analysis pipeline...
--- Running DE for Cluster 0 ---
[DE] Process Pool with 16 procs (init=latinhypercube, popsize=50)
differential_evolution step 1: f(x)= 3000.0
differential_evolution step 2: f(x)= 3000.0
differential_evolution step 3: f(x)= 3000.0
differential_evolution step 4: f(x)= 1930.8773250151853
differential_evolution step 5: f(x)= 1930.8773250151853
differential_evolution step 6: f(x)= 1930.8773250151853
differential_evolution step 7: f(x)= 1930.8773250151853
differential_evolution step 8: f(x)= 1930.8773250151853
differential_evolution step 9: f(x)= 1930.8773250151853
differential_evolution step 10: f(x)= 1930.8773250151853
differential_evolution step 11: f(x)= 1930.8773250151853
differential_evolution step 12: f(x)= 1758.1944047595293
differential_evolution step 13: f(x)= 1441.9866768496427
differential_evolution step 14: f(x)= 1441.9866768496427
differential_evolution step 15: f(x)= 1441.9866768496427
differential_evolution step 16: f(x)= 1275.9383821346628
differential_evolution step 17: f(x)= 1229.5669476648884
differential_evolution step 18: f(x)= 1229.5669476648884
differential_evolution step 19: f(x)= 1229.5669476648884
differential_evolution step 20: f(x)= 1181.417567681057
differential_evolution step 21: f(x)= 1181.417567681057
differential_evolution step 22: f(x)= 1142.6665961608007
differential_evolution step 23: f(x)= 1142.6665961608007
differential_evolution step 24: f(x)= 1142.6665961608007
differential_evolution step 25: f(x)= 1142.6665961608007
differential_evolution step 26: f(x)= 1142.6665961608007
differential_evolution step 27: f(x)= 1021.0435624064687
differential_evolution step 28: f(x)= 1021.0435624064687
differential_evolution step 29: f(x)= 1021.0435624064687
differential_evolution step 30: f(x)= 1021.0435624064687
differential_evolution step 31: f(x)= 1021.0435624064687
differential_evolution step 32: f(x)= 1021.0435624064687
differential_evolution step 33: f(x)= 1021.0435624064687
differential_evolution step 34: f(x)= 1021.0435624064687
differential_evolution step 35: f(x)= 916.856023838314
differential_evolution step 36: f(x)= 916.856023838314
differential_evolution step 37: f(x)= 916.856023838314
differential_evolution step 38: f(x)= 916.856023838314
differential_evolution step 39: f(x)= 916.856023838314
differential_evolution step 40: f(x)= 916.856023838314
differential_evolution step 41: f(x)= 916.856023838314
differential_evolution step 42: f(x)= 916.856023838314
differential_evolution step 43: f(x)= 916.856023838314
differential_evolution step 44: f(x)= 916.856023838314
differential_evolution step 45: f(x)= 916.856023838314
differential_evolution step 46: f(x)= 916.856023838314
differential_evolution step 47: f(x)= 916.856023838314
differential_evolution step 48: f(x)= 908.6266934613594
differential_evolution step 49: f(x)= 859.0767027646106
differential_evolution step 50: f(x)= 859.0767027646106
differential_evolution step 51: f(x)= 859.0767027646106
differential_evolution step 52: f(x)= 859.0767027646106
differential_evolution step 53: f(x)= 859.0767027646106
differential_evolution step 54: f(x)= 859.0767027646106
differential_evolution step 55: f(x)= 859.0767027646106
differential_evolution step 56: f(x)= 839.0633972782376
differential_evolution step 57: f(x)= 839.0633972782376
differential_evolution step 58: f(x)= 839.0633972782376
differential_evolution step 59: f(x)= 839.0633972782376
differential_evolution step 60: f(x)= 839.0633972782376
differential_evolution step 61: f(x)= 839.0633972782376
differential_evolution step 62: f(x)= 839.0633972782376
differential_evolution step 63: f(x)= 839.0633972782376
differential_evolution step 64: f(x)= 839.0633972782376
differential_evolution step 65: f(x)= 839.0633972782376
differential_evolution step 66: f(x)= 839.0633972782376
differential_evolution step 67: f(x)= 839.0633972782376
differential_evolution step 68: f(x)= 839.0633972782376
differential_evolution step 69: f(x)= 839.0633972782376
differential_evolution step 70: f(x)= 835.8632288842076
differential_evolution step 71: f(x)= 835.8632288842076
differential_evolution step 72: f(x)= 809.3338227705565
differential_evolution step 73: f(x)= 809.3338227705565
differential_evolution step 74: f(x)= 809.3338227705565
differential_evolution step 75: f(x)= 809.3338227705565
differential_evolution step 76: f(x)= 809.3338227705565
differential_evolution step 77: f(x)= 793.683421717
differential_evolution step 78: f(x)= 793.683421717
differential_evolution step 79: f(x)= 793.683421717
differential_evolution step 80: f(x)= 793.683421717
differential_evolution step 81: f(x)= 793.683421717
differential_evolution step 82: f(x)= 793.683421717
differential_evolution step 83: f(x)= 793.683421717
differential_evolution step 84: f(x)= 793.683421717
differential_evolution step 85: f(x)= 793.683421717
differential_evolution step 86: f(x)= 793.683421717
differential_evolution step 87: f(x)= 793.683421717
differential_evolution step 88: f(x)= 793.683421717
differential_evolution step 89: f(x)= 793.683421717
differential_evolution step 90: f(x)= 793.683421717
differential_evolution step 91: f(x)= 793.683421717
differential_evolution step 92: f(x)= 792.1507921269185
differential_evolution step 93: f(x)= 792.1507921269185
differential_evolution step 94: f(x)= 792.1507921269185
differential_evolution step 95: f(x)= 792.1507921269185
differential_evolution step 96: f(x)= 792.1507921269185
differential_evolution step 97: f(x)= 792.1507921269185
differential_evolution step 98: f(x)= 792.1507921269185
differential_evolution step 99: f(x)= 791.7769661547513
differential_evolution step 100: f(x)= 790.5422886803974
differential_evolution step 101: f(x)= 790.5422886803974
differential_evolution step 102: f(x)= 790.5422886803974
differential_evolution step 103: f(x)= 789.8954983877911
differential_evolution step 104: f(x)= 789.8954983877911
differential_evolution step 105: f(x)= 789.8954983877911
differential_evolution step 106: f(x)= 789.8954983877911
differential_evolution step 107: f(x)= 789.8954983877911
differential_evolution step 108: f(x)= 789.8954983877911
differential_evolution step 109: f(x)= 789.8954983877911
differential_evolution step 110: f(x)= 789.8954983877911
differential_evolution step 111: f(x)= 789.8954983877911
differential_evolution step 112: f(x)= 789.8954983877911
differential_evolution step 113: f(x)= 789.8954983877911
differential_evolution step 114: f(x)= 789.8954983877911
differential_evolution step 115: f(x)= 789.8954983877911
differential_evolution step 116: f(x)= 789.7781865282808
differential_evolution step 117: f(x)= 789.7781865282808
differential_evolution step 118: f(x)= 789.7781865282808
differential_evolution step 119: f(x)= 789.7044566703489
differential_evolution step 120: f(x)= 789.7044566703489
differential_evolution step 121: f(x)= 789.6456848918222
differential_evolution step 122: f(x)= 789.5743708882167
differential_evolution step 123: f(x)= 789.4103002579319
differential_evolution step 124: f(x)= 789.4103002579319
differential_evolution step 125: f(x)= 789.4103002579319
differential_evolution step 126: f(x)= 789.4103002579319
differential_evolution step 127: f(x)= 789.4103002579319
differential_evolution step 128: f(x)= 789.4103002579319
differential_evolution step 129: f(x)= 789.4103002579319
differential_evolution step 130: f(x)= 789.4103002579319
differential_evolution step 131: f(x)= 789.4103002579319
differential_evolution step 132: f(x)= 789.4103002579319
differential_evolution step 133: f(x)= 789.4103002579319
differential_evolution step 134: f(x)= 789.4103002579319
differential_evolution step 135: f(x)= 789.4103002579319
differential_evolution step 136: f(x)= 789.4103002579319
differential_evolution step 137: f(x)= 789.3841200025292
differential_evolution step 138: f(x)= 789.3841200025292
differential_evolution step 139: f(x)= 789.3783310655753
differential_evolution step 140: f(x)= 789.3783310655753
differential_evolution step 141: f(x)= 789.3452010562382
differential_evolution step 142: f(x)= 789.3452010562382
differential_evolution step 143: f(x)= 789.3452010562382
differential_evolution step 144: f(x)= 789.3452010562382
differential_evolution step 145: f(x)= 789.3168894843878
differential_evolution step 146: f(x)= 789.3168894843878
differential_evolution step 147: f(x)= 789.3168894843878
differential_evolution step 148: f(x)= 789.3168894843878
differential_evolution step 149: f(x)= 789.3168894843878
differential_evolution step 150: f(x)= 789.3168894843878
differential_evolution step 151: f(x)= 789.3168894843878
differential_evolution step 152: f(x)= 789.3168894843878
differential_evolution step 153: f(x)= 789.2929769745173
differential_evolution step 154: f(x)= 789.2929769745173
differential_evolution step 155: f(x)= 789.2929769745173
differential_evolution step 156: f(x)= 789.2929769745173
differential_evolution step 157: f(x)= 789.2929769745173
differential_evolution step 158: f(x)= 789.2929769745173
differential_evolution step 159: f(x)= 789.2929769745173
differential_evolution step 160: f(x)= 789.2929769745173
differential_evolution step 161: f(x)= 789.2929769745173
differential_evolution step 162: f(x)= 789.2929769745173
differential_evolution step 163: f(x)= 789.2929769745173
differential_evolution step 164: f(x)= 789.2929769745173
differential_evolution step 165: f(x)= 789.269617453733
differential_evolution step 166: f(x)= 789.269617453733
differential_evolution step 167: f(x)= 789.269617453733
differential_evolution step 168: f(x)= 789.269617453733
differential_evolution step 169: f(x)= 789.269617453733
differential_evolution step 170: f(x)= 789.269617453733
differential_evolution step 171: f(x)= 789.2627986317018
differential_evolution step 172: f(x)= 789.2147127028826
differential_evolution step 173: f(x)= 789.2147127028826
differential_evolution step 174: f(x)= 789.2147127028826
differential_evolution step 175: f(x)= 789.2147127028826
differential_evolution step 176: f(x)= 789.2147127028826
differential_evolution step 177: f(x)= 789.2147127028826
differential_evolution step 178: f(x)= 789.2147127028826
differential_evolution step 179: f(x)= 789.2147127028826
differential_evolution step 180: f(x)= 789.2147127028826
differential_evolution step 181: f(x)= 789.2147127028826
differential_evolution step 182: f(x)= 789.2147127028826
differential_evolution step 183: f(x)= 789.2147127028826
differential_evolution step 184: f(x)= 789.2147127028826
differential_evolution step 185: f(x)= 789.2147127028826
differential_evolution step 186: f(x)= 789.2147127028826
differential_evolution step 187: f(x)= 789.2147127028826
differential_evolution step 188: f(x)= 789.2147127028826
differential_evolution step 189: f(x)= 789.2147127028826
differential_evolution step 190: f(x)= 789.2147127028826
differential_evolution step 191: f(x)= 789.2147127028826
differential_evolution step 192: f(x)= 789.2147127028826
differential_evolution step 193: f(x)= 789.2147127028826
differential_evolution step 194: f(x)= 789.2147127028826
differential_evolution step 195: f(x)= 789.2147127028826
differential_evolution step 196: f(x)= 789.2147127028826
differential_evolution step 197: f(x)= 789.2147127028826
differential_evolution step 198: f(x)= 789.2147127028826
differential_evolution step 199: f(x)= 789.2147127028826
differential_evolution step 200: f(x)= 789.2147127028826
Cluster 0 DE best chi^2: 789.215 with params {'x_src': np.float64(76.05805173071224), 'y_src': np.float64(80.31887720385126), 'z_s': np.float64(1.9886946679368003)}
--- Running DE for Cluster 1 ---
[DE] Process Pool with 16 procs (init=latinhypercube, popsize=50)
differential_evolution step 1: f(x)= 3000.0
differential_evolution step 2: f(x)= 3000.0
differential_evolution step 3: f(x)= 3000.0
differential_evolution step 4: f(x)= 3000.0
differential_evolution step 5: f(x)= 3000.0
differential_evolution step 6: f(x)= 3000.0
differential_evolution step 7: f(x)= 3000.0
differential_evolution step 8: f(x)= 3000.0
differential_evolution step 9: f(x)= 1226.6757187303324
differential_evolution step 10: f(x)= 251.706882083136
differential_evolution step 11: f(x)= 251.706882083136
differential_evolution step 12: f(x)= 251.706882083136
differential_evolution step 13: f(x)= 97.08339970725505
differential_evolution step 14: f(x)= 60.70606640915382
differential_evolution step 15: f(x)= 60.70606640915382
differential_evolution step 16: f(x)= 60.70606640915382
differential_evolution step 17: f(x)= 60.70606640915382
differential_evolution step 18: f(x)= 12.708204846525092
differential_evolution step 19: f(x)= 12.708204846525092
differential_evolution step 20: f(x)= 12.708204846525092
differential_evolution step 21: f(x)= 12.708204846525092
differential_evolution step 22: f(x)= 12.708204846525092
differential_evolution step 23: f(x)= 12.708204846525092
differential_evolution step 24: f(x)= 12.708204846525092
differential_evolution step 25: f(x)= 12.708204846525092
differential_evolution step 26: f(x)= 12.708204846525092
differential_evolution step 27: f(x)= 12.708204846525092
differential_evolution step 28: f(x)= 5.577832461431785
differential_evolution step 29: f(x)= 5.577832461431785
differential_evolution step 30: f(x)= 5.577832461431785
differential_evolution step 31: f(x)= 4.909804504644451
differential_evolution step 32: f(x)= 4.909804504644451
differential_evolution step 33: f(x)= 1.2075576783245134
differential_evolution step 34: f(x)= 1.2075576783245134
differential_evolution step 35: f(x)= 1.2075576783245134
differential_evolution step 36: f(x)= 1.2075576783245134
differential_evolution step 37: f(x)= 1.2075576783245134
differential_evolution step 38: f(x)= 1.2075576783245134
differential_evolution step 39: f(x)= 0.20914814471110885
differential_evolution step 40: f(x)= 0.20914814471110885
differential_evolution step 41: f(x)= 0.20914814471110885
differential_evolution step 42: f(x)= 0.20914814471110885
differential_evolution step 43: f(x)= 0.20914814471110885
differential_evolution step 44: f(x)= 0.20914814471110885
differential_evolution step 45: f(x)= 0.20914814471110885
differential_evolution step 46: f(x)= 0.20914814471110885
differential_evolution step 47: f(x)= 0.20914814471110885
differential_evolution step 48: f(x)= 0.011626866515297344
Cluster 1 DE best chi^2: 0.012 with params {'x_src': np.float64(205.9352395849586), 'y_src': np.float64(192.22762123027366), 'z_s': np.float64(2.94116743879257)}
--- Running DE for Cluster 2 ---
[DE] Process Pool with 16 procs (init=latinhypercube, popsize=50)
differential_evolution step 1: f(x)= 4242.640687119286
differential_evolution step 2: f(x)= 4242.640687119286
differential_evolution step 3: f(x)= 4242.640687119286
differential_evolution step 4: f(x)= 1546.7165921261942
differential_evolution step 5: f(x)= 1546.7165921261942
differential_evolution step 6: f(x)= 1546.7165921261942
differential_evolution step 7: f(x)= 1546.7165921261942
differential_evolution step 8: f(x)= 1546.7165921261942
differential_evolution step 9: f(x)= 1546.7165921261942
differential_evolution step 10: f(x)= 1127.6963537722904
differential_evolution step 11: f(x)= 1127.6963537722904
differential_evolution step 12: f(x)= 971.7947866832085
differential_evolution step 13: f(x)= 712.8784237117893
differential_evolution step 14: f(x)= 712.8784237117893
differential_evolution step 15: f(x)= 712.8784237117893
differential_evolution step 16: f(x)= 712.8784237117893
differential_evolution step 17: f(x)= 712.8784237117893
differential_evolution step 18: f(x)= 648.7744922308643
differential_evolution step 19: f(x)= 648.7744922308643
differential_evolution step 20: f(x)= 648.7744922308643
differential_evolution step 21: f(x)= 641.9311443974775
differential_evolution step 22: f(x)= 641.9311443974775
differential_evolution step 23: f(x)= 634.8161357518418
differential_evolution step 24: f(x)= 595.4190741897361
differential_evolution step 25: f(x)= 595.4190741897361
differential_evolution step 26: f(x)= 575.7154226528037
differential_evolution step 27: f(x)= 566.7138534524474
differential_evolution step 28: f(x)= 566.7138534524474
differential_evolution step 29: f(x)= 566.7138534524474
differential_evolution step 30: f(x)= 566.7138534524474
differential_evolution step 31: f(x)= 520.412602579177
differential_evolution step 32: f(x)= 520.412602579177
differential_evolution step 33: f(x)= 520.412602579177
differential_evolution step 34: f(x)= 520.412602579177
differential_evolution step 35: f(x)= 520.412602579177
differential_evolution step 36: f(x)= 520.412602579177
differential_evolution step 37: f(x)= 520.412602579177
differential_evolution step 38: f(x)= 514.1726623222812
differential_evolution step 39: f(x)= 511.8519674356579
differential_evolution step 40: f(x)= 511.8519674356579
differential_evolution step 41: f(x)= 511.8519674356579
differential_evolution step 42: f(x)= 511.8519674356579
differential_evolution step 43: f(x)= 511.8519674356579
differential_evolution step 44: f(x)= 511.8519674356579
differential_evolution step 45: f(x)= 511.8519674356579
differential_evolution step 46: f(x)= 511.8519674356579
differential_evolution step 47: f(x)= 511.8519674356579
differential_evolution step 48: f(x)= 511.8519674356579
differential_evolution step 49: f(x)= 511.8519674356579
differential_evolution step 50: f(x)= 506.0835687824714
differential_evolution step 51: f(x)= 506.0835687824714
differential_evolution step 52: f(x)= 506.0835687824714
differential_evolution step 53: f(x)= 506.0835687824714
differential_evolution step 54: f(x)= 506.0835687824714
differential_evolution step 55: f(x)= 506.0835687824714
differential_evolution step 56: f(x)= 504.34633535760236
differential_evolution step 57: f(x)= 504.34633535760236
differential_evolution step 58: f(x)= 504.34633535760236
differential_evolution step 59: f(x)= 504.34633535760236
differential_evolution step 60: f(x)= 504.34633535760236
differential_evolution step 61: f(x)= 502.6592863215566
differential_evolution step 62: f(x)= 502.6592863215566
differential_evolution step 63: f(x)= 502.6592863215566
differential_evolution step 64: f(x)= 502.6592863215566
differential_evolution step 65: f(x)= 502.6592863215566
differential_evolution step 66: f(x)= 502.6592863215566
differential_evolution step 67: f(x)= 502.56584271731924
differential_evolution step 68: f(x)= 502.56584271731924
differential_evolution step 69: f(x)= 502.56584271731924
differential_evolution step 70: f(x)= 502.56584271731924
differential_evolution step 71: f(x)= 502.56584271731924
differential_evolution step 72: f(x)= 502.56584271731924
differential_evolution step 73: f(x)= 502.56584271731924
differential_evolution step 74: f(x)= 502.56584271731924
differential_evolution step 75: f(x)= 502.56584271731924
differential_evolution step 76: f(x)= 502.4585637079928
differential_evolution step 77: f(x)= 502.4585637079928
differential_evolution step 78: f(x)= 502.4585637079928
differential_evolution step 79: f(x)= 500.3957797105196
differential_evolution step 80: f(x)= 500.3957797105196
differential_evolution step 81: f(x)= 500.3957797105196
differential_evolution step 82: f(x)= 500.22273253276717
differential_evolution step 83: f(x)= 500.22273253276717
differential_evolution step 84: f(x)= 500.22273253276717
differential_evolution step 85: f(x)= 497.92278871917307
differential_evolution step 86: f(x)= 497.92278871917307
differential_evolution step 87: f(x)= 497.92278871917307
differential_evolution step 88: f(x)= 496.0949610088303
differential_evolution step 89: f(x)= 496.0949610088303
differential_evolution step 90: f(x)= 496.0949610088303
differential_evolution step 91: f(x)= 496.0949610088303
differential_evolution step 92: f(x)= 496.0949610088303
differential_evolution step 93: f(x)= 496.0949610088303
differential_evolution step 94: f(x)= 496.0949610088303
differential_evolution step 95: f(x)= 496.0949610088303
differential_evolution step 96: f(x)= 496.0949610088303
differential_evolution step 97: f(x)= 496.0949610088303
differential_evolution step 98: f(x)= 496.0949610088303
differential_evolution step 99: f(x)= 492.8434793580358
differential_evolution step 100: f(x)= 492.8434793580358
differential_evolution step 101: f(x)= 492.8434793580358
differential_evolution step 102: f(x)= 492.8434793580358
differential_evolution step 103: f(x)= 492.8434793580358
differential_evolution step 104: f(x)= 492.8434793580358
differential_evolution step 105: f(x)= 492.8434793580358
differential_evolution step 106: f(x)= 490.9379499104539
differential_evolution step 107: f(x)= 490.9379499104539
differential_evolution step 108: f(x)= 489.52170640054635
differential_evolution step 109: f(x)= 487.7350637552146
differential_evolution step 110: f(x)= 484.9501478609885
differential_evolution step 111: f(x)= 484.9501478609885
differential_evolution step 112: f(x)= 484.9501478609885
differential_evolution step 113: f(x)= 484.9501478609885
differential_evolution step 114: f(x)= 484.9079153502516
differential_evolution step 115: f(x)= 484.9079153502516
differential_evolution step 116: f(x)= 484.9079153502516
differential_evolution step 117: f(x)= 484.9079153502516
differential_evolution step 118: f(x)= 483.86691707965724
differential_evolution step 119: f(x)= 483.86691707965724
differential_evolution step 120: f(x)= 483.7842640177928
differential_evolution step 121: f(x)= 483.7842640177928
differential_evolution step 122: f(x)= 483.7842640177928
differential_evolution step 123: f(x)= 483.7842640177928
differential_evolution step 124: f(x)= 483.7842640177928
differential_evolution step 125: f(x)= 483.7842640177928
differential_evolution step 126: f(x)= 481.1340285108411
differential_evolution step 127: f(x)= 481.0565641230892
differential_evolution step 128: f(x)= 481.0565641230892
differential_evolution step 129: f(x)= 481.0565641230892
differential_evolution step 130: f(x)= 481.0565641230892
differential_evolution step 131: f(x)= 481.0565641230892
differential_evolution step 132: f(x)= 478.05694911490934
differential_evolution step 133: f(x)= 478.05694911490934
differential_evolution step 134: f(x)= 478.05694911490934
differential_evolution step 135: f(x)= 478.05694911490934
differential_evolution step 136: f(x)= 478.05694911490934
differential_evolution step 137: f(x)= 438.67028451149645
differential_evolution step 138: f(x)= 437.63420326414223
differential_evolution step 139: f(x)= 436.408794003054
differential_evolution step 140: f(x)= 436.408794003054
differential_evolution step 141: f(x)= 435.61929666362755
differential_evolution step 142: f(x)= 435.61929666362755
differential_evolution step 143: f(x)= 435.61929666362755
differential_evolution step 144: f(x)= 435.61929666362755
differential_evolution step 145: f(x)= 435.42613840331666
differential_evolution step 146: f(x)= 435.42613840331666
differential_evolution step 147: f(x)= 435.42613840331666
differential_evolution step 148: f(x)= 435.28027851906444
differential_evolution step 149: f(x)= 435.28027851906444
differential_evolution step 150: f(x)= 433.2225950235993
differential_evolution step 151: f(x)= 433.2225950235993
differential_evolution step 152: f(x)= 433.2225950235993
differential_evolution step 153: f(x)= 433.2225950235993
differential_evolution step 154: f(x)= 433.2225950235993
differential_evolution step 155: f(x)= 433.2225950235993
differential_evolution step 156: f(x)= 433.2225950235993
differential_evolution step 157: f(x)= 433.2225950235993
differential_evolution step 158: f(x)= 433.2225950235993
differential_evolution step 159: f(x)= 433.2225950235993
differential_evolution step 160: f(x)= 433.2225950235993
differential_evolution step 161: f(x)= 433.2225950235993
differential_evolution step 162: f(x)= 433.2225950235993
differential_evolution step 163: f(x)= 433.2225950235993
differential_evolution step 164: f(x)= 433.2225950235993
differential_evolution step 165: f(x)= 433.2225950235993
differential_evolution step 166: f(x)= 433.2225950235993
differential_evolution step 167: f(x)= 433.2225950235993
differential_evolution step 168: f(x)= 433.2225950235993
differential_evolution step 169: f(x)= 433.2225950235993
differential_evolution step 170: f(x)= 433.2225950235993
differential_evolution step 171: f(x)= 433.2225950235993
differential_evolution step 172: f(x)= 433.2225950235993
differential_evolution step 173: f(x)= 432.05050329699
differential_evolution step 174: f(x)= 432.05050329699
differential_evolution step 175: f(x)= 432.05050329699
differential_evolution step 176: f(x)= 432.05050329699
differential_evolution step 177: f(x)= 432.05050329699
differential_evolution step 178: f(x)= 432.05050329699
differential_evolution step 179: f(x)= 432.05050329699
differential_evolution step 180: f(x)= 431.1400685788517
differential_evolution step 181: f(x)= 431.1400685788517
differential_evolution step 182: f(x)= 431.1400685788517
differential_evolution step 183: f(x)= 431.1400685788517
differential_evolution step 184: f(x)= 431.1400685788517
differential_evolution step 185: f(x)= 431.1400685788517
differential_evolution step 186: f(x)= 431.1400685788517
differential_evolution step 187: f(x)= 431.1400685788517
differential_evolution step 188: f(x)= 431.1400685788517
differential_evolution step 189: f(x)= 431.1400685788517
differential_evolution step 190: f(x)= 431.1400685788517
differential_evolution step 191: f(x)= 431.1400685788517
differential_evolution step 192: f(x)= 431.1400685788517
differential_evolution step 193: f(x)= 431.1400685788517
differential_evolution step 194: f(x)= 431.1400685788517
differential_evolution step 195: f(x)= 431.1400685788517
differential_evolution step 196: f(x)= 431.1400685788517
differential_evolution step 197: f(x)= 431.1400685788517
differential_evolution step 198: f(x)= 431.1400685788517
differential_evolution step 199: f(x)= 431.1400685788517
differential_evolution step 200: f(x)= 431.1400685788517
Cluster 2 DE best chi^2: 431.140 with params {'x_src': np.float64(98.5965972780632), 'y_src': np.float64(103.31901645282522), 'z_s': np.float64(1.4388918942804763)}
--- Running DE for Cluster 3 ---
[DE] Process Pool with 16 procs (init=latinhypercube, popsize=50)
differential_evolution step 1: f(x)= 3000.0
differential_evolution step 2: f(x)= 3000.0
differential_evolution step 3: f(x)= 3000.0
differential_evolution step 4: f(x)= 3000.0
differential_evolution step 5: f(x)= 3000.0
differential_evolution step 6: f(x)= 3000.0
differential_evolution step 7: f(x)= 3000.0
differential_evolution step 8: f(x)= 3000.0
differential_evolution step 9: f(x)= 3000.0
differential_evolution step 10: f(x)= 3000.0
differential_evolution step 11: f(x)= 3000.0
differential_evolution step 12: f(x)= 3000.0
differential_evolution step 13: f(x)= 3000.0
differential_evolution step 14: f(x)= 3000.0
differential_evolution step 15: f(x)= 3000.0
differential_evolution step 16: f(x)= 3000.0
differential_evolution step 17: f(x)= 3000.0
differential_evolution step 18: f(x)= 3000.0
differential_evolution step 19: f(x)= 3000.0
differential_evolution step 20: f(x)= 3000.0
differential_evolution step 21: f(x)= 3000.0
differential_evolution step 22: f(x)= 3000.0
differential_evolution step 23: f(x)= 3000.0
differential_evolution step 24: f(x)= 3000.0
differential_evolution step 25: f(x)= 3000.0
differential_evolution step 26: f(x)= 3000.0
differential_evolution step 27: f(x)= 3000.0
differential_evolution step 28: f(x)= 3000.0
differential_evolution step 29: f(x)= 3000.0
differential_evolution step 30: f(x)= 3000.0
differential_evolution step 31: f(x)= 3000.0
differential_evolution step 32: f(x)= 3000.0
differential_evolution step 33: f(x)= 3000.0
differential_evolution step 34: f(x)= 3000.0
differential_evolution step 35: f(x)= 3000.0
differential_evolution step 36: f(x)= 3000.0
differential_evolution step 37: f(x)= 3000.0
differential_evolution step 38: f(x)= 3000.0
differential_evolution step 39: f(x)= 3000.0
differential_evolution step 40: f(x)= 3000.0
differential_evolution step 41: f(x)= 3000.0
differential_evolution step 42: f(x)= 3000.0
differential_evolution step 43: f(x)= 3000.0
differential_evolution step 44: f(x)= 3000.0
differential_evolution step 45: f(x)= 3000.0
differential_evolution step 46: f(x)= 3000.0
differential_evolution step 47: f(x)= 3000.0
differential_evolution step 48: f(x)= 3000.0
differential_evolution step 49: f(x)= 3000.0
differential_evolution step 50: f(x)= 3000.0
differential_evolution step 51: f(x)= 3000.0
differential_evolution step 52: f(x)= 3000.0
differential_evolution step 53: f(x)= 3000.0
differential_evolution step 54: f(x)= 3000.0
differential_evolution step 55: f(x)= 3000.0
differential_evolution step 56: f(x)= 3000.0
differential_evolution step 57: f(x)= 3000.0
differential_evolution step 58: f(x)= 3000.0
differential_evolution step 59: f(x)= 3000.0
differential_evolution step 60: f(x)= 3000.0
differential_evolution step 61: f(x)= 3000.0
differential_evolution step 62: f(x)= 3000.0
differential_evolution step 63: f(x)= 3000.0
differential_evolution step 64: f(x)= 3000.0
differential_evolution step 65: f(x)= 3000.0
differential_evolution step 66: f(x)= 3000.0
differential_evolution step 67: f(x)= 3000.0
differential_evolution step 68: f(x)= 3000.0
differential_evolution step 69: f(x)= 3000.0
differential_evolution step 70: f(x)= 3000.0
differential_evolution step 71: f(x)= 3000.0
differential_evolution step 72: f(x)= 3000.0
differential_evolution step 73: f(x)= 3000.0
differential_evolution step 74: f(x)= 3000.0
differential_evolution step 75: f(x)= 3000.0
differential_evolution step 76: f(x)= 3000.0
differential_evolution step 77: f(x)= 3000.0
differential_evolution step 78: f(x)= 3000.0
differential_evolution step 79: f(x)= 3000.0
differential_evolution step 80: f(x)= 3000.0
differential_evolution step 81: f(x)= 3000.0
differential_evolution step 82: f(x)= 3000.0
differential_evolution step 83: f(x)= 3000.0
differential_evolution step 84: f(x)= 3000.0
differential_evolution step 85: f(x)= 3000.0
differential_evolution step 86: f(x)= 3000.0
differential_evolution step 87: f(x)= 3000.0
differential_evolution step 88: f(x)= 3000.0
differential_evolution step 89: f(x)= 3000.0
differential_evolution step 90: f(x)= 3000.0
differential_evolution step 91: f(x)= 3000.0
differential_evolution step 92: f(x)= 3000.0
differential_evolution step 93: f(x)= 3000.0
differential_evolution step 94: f(x)= 3000.0
differential_evolution step 95: f(x)= 3000.0
differential_evolution step 96: f(x)= 3000.0
differential_evolution step 97: f(x)= 3000.0
differential_evolution step 98: f(x)= 3000.0
differential_evolution step 99: f(x)= 3000.0
differential_evolution step 100: f(x)= 3000.0
differential_evolution step 101: f(x)= 3000.0
differential_evolution step 102: f(x)= 3000.0
differential_evolution step 103: f(x)= 3000.0
differential_evolution step 104: f(x)= 3000.0
differential_evolution step 105: f(x)= 3000.0
differential_evolution step 106: f(x)= 3000.0
differential_evolution step 107: f(x)= 3000.0
differential_evolution step 108: f(x)= 3000.0
differential_evolution step 109: f(x)= 3000.0
differential_evolution step 110: f(x)= 3000.0
differential_evolution step 111: f(x)= 3000.0
differential_evolution step 112: f(x)= 3000.0
differential_evolution step 113: f(x)= 3000.0
differential_evolution step 114: f(x)= 3000.0
differential_evolution step 115: f(x)= 3000.0
differential_evolution step 116: f(x)= 3000.0
differential_evolution step 117: f(x)= 3000.0
differential_evolution step 118: f(x)= 3000.0
differential_evolution step 119: f(x)= 3000.0
differential_evolution step 120: f(x)= 3000.0
differential_evolution step 121: f(x)= 3000.0
differential_evolution step 122: f(x)= 3000.0
differential_evolution step 123: f(x)= 3000.0
differential_evolution step 124: f(x)= 3000.0
differential_evolution step 125: f(x)= 3000.0
differential_evolution step 126: f(x)= 3000.0
differential_evolution step 127: f(x)= 3000.0
differential_evolution step 128: f(x)= 3000.0
differential_evolution step 129: f(x)= 3000.0
differential_evolution step 130: f(x)= 3000.0
differential_evolution step 131: f(x)= 3000.0
differential_evolution step 132: f(x)= 3000.0
differential_evolution step 133: f(x)= 3000.0
differential_evolution step 134: f(x)= 3000.0
differential_evolution step 135: f(x)= 3000.0
differential_evolution step 136: f(x)= 3000.0
differential_evolution step 137: f(x)= 3000.0
differential_evolution step 138: f(x)= 3000.0
differential_evolution step 139: f(x)= 3000.0
differential_evolution step 140: f(x)= 3000.0
differential_evolution step 141: f(x)= 3000.0
differential_evolution step 142: f(x)= 3000.0
differential_evolution step 143: f(x)= 3000.0
differential_evolution step 144: f(x)= 3000.0
differential_evolution step 145: f(x)= 3000.0
differential_evolution step 146: f(x)= 3000.0
differential_evolution step 147: f(x)= 3000.0
differential_evolution step 148: f(x)= 3000.0
differential_evolution step 149: f(x)= 3000.0
Cluster 3 DE best chi^2: 3000.000 with params {'x_src': np.float64(111.63451323876767), 'y_src': np.float64(124.69106472526671), 'z_s': np.float64(3.1122511336498997)}
--- Running DE for Cluster 4 ---
[DE] Process Pool with 16 procs (init=latinhypercube, popsize=50)
differential_evolution step 1: f(x)= 2469.6876067235207
differential_evolution step 2: f(x)= 2469.6876067235207
differential_evolution step 3: f(x)= 2469.6876067235207
differential_evolution step 4: f(x)= 2469.6876067235207
differential_evolution step 5: f(x)= 2469.6876067235207
differential_evolution step 6: f(x)= 2469.6876067235207
differential_evolution step 7: f(x)= 2469.6876067235207
differential_evolution step 8: f(x)= 2113.341412616569
differential_evolution step 9: f(x)= 2113.341412616569
differential_evolution step 10: f(x)= 1341.7417065690206
differential_evolution step 11: f(x)= 1341.7417065690206
differential_evolution step 12: f(x)= 1341.7417065690206
differential_evolution step 13: f(x)= 1265.377499078029
differential_evolution step 14: f(x)= 1265.377499078029
differential_evolution step 15: f(x)= 1265.377499078029
differential_evolution step 16: f(x)= 1265.377499078029
differential_evolution step 17: f(x)= 1265.377499078029
differential_evolution step 18: f(x)= 1085.561165398644
differential_evolution step 19: f(x)= 1085.561165398644
differential_evolution step 20: f(x)= 1085.561165398644
differential_evolution step 21: f(x)= 1085.561165398644
differential_evolution step 22: f(x)= 1085.561165398644
differential_evolution step 23: f(x)= 938.3677395451806
differential_evolution step 24: f(x)= 938.3677395451806
differential_evolution step 25: f(x)= 938.3677395451806
differential_evolution step 26: f(x)= 938.3677395451806
differential_evolution step 27: f(x)= 938.3677395451806
differential_evolution step 28: f(x)= 938.3677395451806
differential_evolution step 29: f(x)= 938.3677395451806
differential_evolution step 30: f(x)= 938.3677395451806
differential_evolution step 31: f(x)= 938.3677395451806
differential_evolution step 32: f(x)= 938.3677395451806
differential_evolution step 33: f(x)= 938.3677395451806
differential_evolution step 34: f(x)= 570.0948358687904
differential_evolution step 35: f(x)= 570.0948358687904
differential_evolution step 36: f(x)= 570.0948358687904
differential_evolution step 37: f(x)= 570.0948358687904
differential_evolution step 38: f(x)= 570.0948358687904
differential_evolution step 39: f(x)= 570.0948358687904
differential_evolution step 40: f(x)= 570.0948358687904
differential_evolution step 41: f(x)= 570.0948358687904
differential_evolution step 42: f(x)= 570.0948358687904
differential_evolution step 43: f(x)= 570.0948358687904
differential_evolution step 44: f(x)= 570.0948358687904
differential_evolution step 45: f(x)= 570.0948358687904
differential_evolution step 46: f(x)= 570.0948358687904
differential_evolution step 47: f(x)= 570.0948358687904
differential_evolution step 48: f(x)= 570.0948358687904
differential_evolution step 49: f(x)= 570.0948358687904
differential_evolution step 50: f(x)= 570.0948358687904
differential_evolution step 51: f(x)= 570.0948358687904
differential_evolution step 52: f(x)= 570.0948358687904
differential_evolution step 53: f(x)= 570.0948358687904
differential_evolution step 54: f(x)= 570.0948358687904
differential_evolution step 55: f(x)= 570.0948358687904
differential_evolution step 56: f(x)= 570.0948358687904
differential_evolution step 57: f(x)= 570.0948358687904
differential_evolution step 58: f(x)= 570.0948358687904
differential_evolution step 59: f(x)= 570.0948358687904
differential_evolution step 60: f(x)= 570.0948358687904
differential_evolution step 61: f(x)= 570.0948358687904
differential_evolution step 62: f(x)= 570.0948358687904
differential_evolution step 63: f(x)= 570.0948358687904
differential_evolution step 64: f(x)= 570.0948358687904
differential_evolution step 65: f(x)= 570.0948358687904
differential_evolution step 66: f(x)= 570.0948358687904
differential_evolution step 67: f(x)= 570.0948358687904
differential_evolution step 68: f(x)= 570.0948358687904
differential_evolution step 69: f(x)= 570.0948358687904
differential_evolution step 70: f(x)= 570.0948358687904
differential_evolution step 71: f(x)= 570.0948358687904
differential_evolution step 72: f(x)= 570.0948358687904
differential_evolution step 73: f(x)= 570.0948358687904
differential_evolution step 74: f(x)= 570.0948358687904
differential_evolution step 75: f(x)= 570.0948358687904
differential_evolution step 76: f(x)= 570.0948358687904
differential_evolution step 77: f(x)= 570.0948358687904
differential_evolution step 78: f(x)= 570.0948358687904
differential_evolution step 79: f(x)= 570.0948358687904
differential_evolution step 80: f(x)= 570.0948358687904
differential_evolution step 81: f(x)= 570.0948358687904
differential_evolution step 82: f(x)= 570.0948358687904
differential_evolution step 83: f(x)= 570.0948358687904
differential_evolution step 84: f(x)= 570.0948358687904
differential_evolution step 85: f(x)= 570.0948358687904
differential_evolution step 86: f(x)= 570.0948358687904
differential_evolution step 87: f(x)= 570.0948358687904
differential_evolution step 88: f(x)= 570.0948358687904
differential_evolution step 89: f(x)= 570.0948358687904
differential_evolution step 90: f(x)= 570.0948358687904
differential_evolution step 91: f(x)= 570.0948358687904
differential_evolution step 92: f(x)= 570.0948358687904
differential_evolution step 93: f(x)= 570.0948358687904
differential_evolution step 94: f(x)= 570.0948358687904
differential_evolution step 95: f(x)= 570.0948358687904
differential_evolution step 96: f(x)= 570.0948358687904
differential_evolution step 97: f(x)= 570.0948358687904
differential_evolution step 98: f(x)= 570.0948358687904
differential_evolution step 99: f(x)= 570.0948358687904
differential_evolution step 100: f(x)= 570.0948358687904
differential_evolution step 101: f(x)= 570.0948358687904
differential_evolution step 102: f(x)= 570.0948358687904
differential_evolution step 103: f(x)= 570.0948358687904
differential_evolution step 104: f(x)= 570.0948358687904
differential_evolution step 105: f(x)= 570.0948358687904
differential_evolution step 106: f(x)= 570.0948358687904
differential_evolution step 107: f(x)= 570.0948358687904
differential_evolution step 108: f(x)= 570.0948358687904
differential_evolution step 109: f(x)= 570.0948358687904
differential_evolution step 110: f(x)= 570.0948358687904
differential_evolution step 111: f(x)= 570.0948358687904
differential_evolution step 112: f(x)= 570.0948358687904
differential_evolution step 113: f(x)= 570.0948358687904
differential_evolution step 114: f(x)= 570.0948358687904
differential_evolution step 115: f(x)= 570.0948358687904
differential_evolution step 116: f(x)= 570.0948358687904
differential_evolution step 117: f(x)= 570.0948358687904
differential_evolution step 118: f(x)= 570.0948358687904
differential_evolution step 119: f(x)= 570.0948358687904
differential_evolution step 120: f(x)= 570.0948358687904
differential_evolution step 121: f(x)= 570.0948358687904
differential_evolution step 122: f(x)= 570.0948358687904
differential_evolution step 123: f(x)= 570.0948358687904
differential_evolution step 124: f(x)= 570.0948358687904
differential_evolution step 125: f(x)= 570.0948358687904
differential_evolution step 126: f(x)= 570.0948358687904
differential_evolution step 127: f(x)= 570.0948358687904
differential_evolution step 128: f(x)= 570.0948358687904
differential_evolution step 129: f(x)= 570.0948358687904
differential_evolution step 130: f(x)= 570.0948358687904
differential_evolution step 131: f(x)= 570.0948358687904
differential_evolution step 132: f(x)= 570.0948358687904
differential_evolution step 133: f(x)= 570.0948358687904
differential_evolution step 134: f(x)= 360.9221329655069
differential_evolution step 135: f(x)= 360.9221329655069
differential_evolution step 136: f(x)= 360.9221329655069
differential_evolution step 137: f(x)= 360.9221329655069
differential_evolution step 138: f(x)= 360.9221329655069
differential_evolution step 139: f(x)= 360.9221329655069
differential_evolution step 140: f(x)= 360.9221329655069
differential_evolution step 141: f(x)= 360.9221329655069
differential_evolution step 142: f(x)= 360.9221329655069
differential_evolution step 143: f(x)= 360.9221329655069
differential_evolution step 144: f(x)= 360.9221329655069
differential_evolution step 145: f(x)= 360.9221329655069
differential_evolution step 146: f(x)= 360.9221329655069
differential_evolution step 147: f(x)= 360.9221329655069
differential_evolution step 148: f(x)= 360.9221329655069
differential_evolution step 149: f(x)= 360.9221329655069
differential_evolution step 150: f(x)= 360.9221329655069
differential_evolution step 151: f(x)= 360.9221329655069
differential_evolution step 152: f(x)= 360.9221329655069
differential_evolution step 153: f(x)= 360.9221329655069
differential_evolution step 154: f(x)= 360.9221329655069
differential_evolution step 155: f(x)= 360.9221329655069
differential_evolution step 156: f(x)= 360.9221329655069
differential_evolution step 157: f(x)= 360.9221329655069
differential_evolution step 158: f(x)= 360.9221329655069
differential_evolution step 159: f(x)= 360.9221329655069
differential_evolution step 160: f(x)= 360.9221329655069
differential_evolution step 161: f(x)= 360.9221329655069
differential_evolution step 162: f(x)= 360.9221329655069
differential_evolution step 163: f(x)= 360.9221329655069
differential_evolution step 164: f(x)= 360.9221329655069
differential_evolution step 165: f(x)= 360.9221329655069
differential_evolution step 166: f(x)= 360.9221329655069
differential_evolution step 167: f(x)= 360.9221329655069
differential_evolution step 168: f(x)= 360.9221329655069
differential_evolution step 169: f(x)= 360.9221329655069
differential_evolution step 170: f(x)= 360.9221329655069
differential_evolution step 171: f(x)= 360.9221329655069
differential_evolution step 172: f(x)= 360.9221329655069
differential_evolution step 173: f(x)= 360.9221329655069
differential_evolution step 174: f(x)= 360.9221329655069
differential_evolution step 175: f(x)= 360.9221329655069
differential_evolution step 176: f(x)= 360.9221329655069
differential_evolution step 177: f(x)= 360.9221329655069
differential_evolution step 178: f(x)= 360.9221329655069
differential_evolution step 179: f(x)= 360.9221329655069
differential_evolution step 180: f(x)= 360.9221329655069
differential_evolution step 181: f(x)= 360.9221329655069
differential_evolution step 182: f(x)= 360.9221329655069
differential_evolution step 183: f(x)= 360.9221329655069
differential_evolution step 184: f(x)= 360.9221329655069
differential_evolution step 185: f(x)= 360.9221329655069
differential_evolution step 186: f(x)= 360.9221329655069
differential_evolution step 187: f(x)= 360.9221329655069
differential_evolution step 188: f(x)= 360.9221329655069
differential_evolution step 189: f(x)= 360.9221329655069
differential_evolution step 190: f(x)= 360.9221329655069
differential_evolution step 191: f(x)= 360.9221329655069
differential_evolution step 192: f(x)= 360.9221329655069
differential_evolution step 193: f(x)= 360.9221329655069
differential_evolution step 194: f(x)= 360.9221329655069
differential_evolution step 195: f(x)= 360.9221329655069
differential_evolution step 196: f(x)= 360.9221329655069
differential_evolution step 197: f(x)= 360.9221329655069
differential_evolution step 198: f(x)= 360.9221329655069
differential_evolution step 199: f(x)= 360.9221329655069
differential_evolution step 200: f(x)= 360.9221329655069
Cluster 4 DE best chi^2: 360.922 with params {'x_src': np.float64(214.48691282551965), 'y_src': np.float64(220.7572029202135), 'z_s': np.float64(1.6012896325124895)}
--- Running DE for Cluster 5 ---
[DE] Process Pool with 16 procs (init=latinhypercube, popsize=50)
differential_evolution step 1: f(x)= 4242.640687119286
differential_evolution step 2: f(x)= 4242.640687119286
differential_evolution step 3: f(x)= 4242.640687119286
differential_evolution step 4: f(x)= 4242.640687119286
differential_evolution step 5: f(x)= 4242.640687119286
differential_evolution step 6: f(x)= 4242.640687119286
differential_evolution step 7: f(x)= 3000.0
differential_evolution step 8: f(x)= 3000.0
differential_evolution step 9: f(x)= 3000.0
differential_evolution step 10: f(x)= 3000.0
differential_evolution step 11: f(x)= 3000.0
differential_evolution step 12: f(x)= 2381.6880133608133
differential_evolution step 13: f(x)= 2381.6880133608133
differential_evolution step 14: f(x)= 2381.6880133608133
differential_evolution step 15: f(x)= 2381.6880133608133
differential_evolution step 16: f(x)= 2381.6880133608133
differential_evolution step 17: f(x)= 2381.6880133608133
differential_evolution step 18: f(x)= 2381.6880133608133
differential_evolution step 19: f(x)= 2381.6880133608133
differential_evolution step 20: f(x)= 2381.6880133608133
differential_evolution step 21: f(x)= 2118.1709049772953
differential_evolution step 22: f(x)= 2118.1709049772953
differential_evolution step 23: f(x)= 2118.1709049772953
differential_evolution step 24: f(x)= 2118.1709049772953
differential_evolution step 25: f(x)= 2118.1709049772953
differential_evolution step 26: f(x)= 2118.1709049772953
differential_evolution step 27: f(x)= 2118.1709049772953
differential_evolution step 28: f(x)= 1582.2148421967418
differential_evolution step 29: f(x)= 1582.2148421967418
differential_evolution step 30: f(x)= 1582.2148421967418
differential_evolution step 31: f(x)= 1582.2148421967418
differential_evolution step 32: f(x)= 1582.2148421967418
differential_evolution step 33: f(x)= 1582.2148421967418
differential_evolution step 34: f(x)= 1582.2148421967418
differential_evolution step 35: f(x)= 1582.2148421967418
differential_evolution step 36: f(x)= 1582.2148421967418
differential_evolution step 37: f(x)= 1582.2148421967418
differential_evolution step 38: f(x)= 1582.2148421967418
differential_evolution step 39: f(x)= 1582.2148421967418
differential_evolution step 40: f(x)= 1582.2148421967418
differential_evolution step 41: f(x)= 1582.2148421967418
differential_evolution step 42: f(x)= 1582.2148421967418
differential_evolution step 43: f(x)= 1582.2148421967418
differential_evolution step 44: f(x)= 1582.2148421967418
differential_evolution step 45: f(x)= 1582.2148421967418
differential_evolution step 46: f(x)= 1582.2148421967418
differential_evolution step 47: f(x)= 1582.2148421967418
differential_evolution step 48: f(x)= 1582.2148421967418
differential_evolution step 49: f(x)= 1582.2148421967418
differential_evolution step 50: f(x)= 1582.2148421967418
differential_evolution step 51: f(x)= 1582.2148421967418
differential_evolution step 52: f(x)= 1582.2148421967418
differential_evolution step 53: f(x)= 1582.2148421967418
differential_evolution step 54: f(x)= 1582.2148421967418
differential_evolution step 55: f(x)= 1582.2148421967418
differential_evolution step 56: f(x)= 1582.2148421967418
differential_evolution step 57: f(x)= 1582.2148421967418
differential_evolution step 58: f(x)= 1582.2148421967418
differential_evolution step 59: f(x)= 1356.1535149329336
differential_evolution step 60: f(x)= 1356.1535149329336
differential_evolution step 61: f(x)= 1356.1535149329336
differential_evolution step 62: f(x)= 1356.1535149329336
differential_evolution step 63: f(x)= 1356.1535149329336
differential_evolution step 64: f(x)= 1356.1535149329336
differential_evolution step 65: f(x)= 1356.1535149329336
differential_evolution step 66: f(x)= 1356.1535149329336
differential_evolution step 67: f(x)= 1356.1535149329336
differential_evolution step 68: f(x)= 1349.5965540277946
differential_evolution step 69: f(x)= 1349.5965540277946
differential_evolution step 70: f(x)= 1349.5965540277946
differential_evolution step 71: f(x)= 1349.5965540277946
differential_evolution step 72: f(x)= 1349.5965540277946
differential_evolution step 73: f(x)= 1349.5965540277946
differential_evolution step 74: f(x)= 1349.5965540277946
differential_evolution step 75: f(x)= 1349.5965540277946
differential_evolution step 76: f(x)= 1349.5965540277946
differential_evolution step 77: f(x)= 1349.5965540277946
differential_evolution step 78: f(x)= 1349.5965540277946
differential_evolution step 79: f(x)= 1349.5965540277946
differential_evolution step 80: f(x)= 1349.5965540277946
differential_evolution step 81: f(x)= 1349.5965540277946
differential_evolution step 82: f(x)= 1349.5965540277946
differential_evolution step 83: f(x)= 1349.5965540277946
differential_evolution step 84: f(x)= 1349.5965540277946
differential_evolution step 85: f(x)= 1349.5965540277946
differential_evolution step 86: f(x)= 1349.5965540277946
differential_evolution step 87: f(x)= 1349.5965540277946
differential_evolution step 88: f(x)= 1349.5965540277946
differential_evolution step 89: f(x)= 1349.5965540277946
differential_evolution step 90: f(x)= 1349.5965540277946
differential_evolution step 91: f(x)= 1349.5965540277946
differential_evolution step 92: f(x)= 1349.5965540277946
differential_evolution step 93: f(x)= 1349.5965540277946
differential_evolution step 94: f(x)= 1349.5965540277946
differential_evolution step 95: f(x)= 1349.5965540277946
differential_evolution step 96: f(x)= 1349.5965540277946
differential_evolution step 97: f(x)= 1349.5965540277946
differential_evolution step 98: f(x)= 1349.5965540277946
differential_evolution step 99: f(x)= 1349.5965540277946
differential_evolution step 100: f(x)= 1349.5965540277946
differential_evolution step 101: f(x)= 1349.5965540277946
differential_evolution step 102: f(x)= 1349.5965540277946
differential_evolution step 103: f(x)= 1349.5965540277946
differential_evolution step 104: f(x)= 1349.5965540277946
differential_evolution step 105: f(x)= 1349.5965540277946
differential_evolution step 106: f(x)= 1349.5965540277946
differential_evolution step 107: f(x)= 1349.5965540277946
differential_evolution step 108: f(x)= 1349.5965540277946
differential_evolution step 109: f(x)= 1349.5965540277946
differential_evolution step 110: f(x)= 1349.5965540277946
differential_evolution step 111: f(x)= 1349.5965540277946
differential_evolution step 112: f(x)= 1349.5965540277946
differential_evolution step 113: f(x)= 1349.5965540277946
differential_evolution step 114: f(x)= 1349.5965540277946
differential_evolution step 115: f(x)= 1349.5965540277946
differential_evolution step 116: f(x)= 1349.5965540277946
differential_evolution step 117: f(x)= 1349.5965540277946
differential_evolution step 118: f(x)= 1349.5965540277946
differential_evolution step 119: f(x)= 1349.5965540277946
differential_evolution step 120: f(x)= 1349.5965540277946
differential_evolution step 121: f(x)= 1349.5965540277946
differential_evolution step 122: f(x)= 1334.0186052110562
differential_evolution step 123: f(x)= 1334.0186052110562
differential_evolution step 124: f(x)= 1334.0186052110562
differential_evolution step 125: f(x)= 1334.0186052110562
differential_evolution step 126: f(x)= 1334.0186052110562
differential_evolution step 127: f(x)= 1319.5605059487239
differential_evolution step 128: f(x)= 1308.7291695375566
differential_evolution step 129: f(x)= 1308.7291695375566
differential_evolution step 130: f(x)= 1308.7291695375566
differential_evolution step 131: f(x)= 1308.7291695375566
differential_evolution step 132: f(x)= 1308.7291695375566
differential_evolution step 133: f(x)= 1308.7291695375566
differential_evolution step 134: f(x)= 1308.7291695375566
differential_evolution step 135: f(x)= 1308.7291695375566
differential_evolution step 136: f(x)= 1308.7291695375566
differential_evolution step 137: f(x)= 1308.7291695375566
differential_evolution step 138: f(x)= 1308.7291695375566
differential_evolution step 139: f(x)= 1308.7291695375566
differential_evolution step 140: f(x)= 1308.7291695375566
differential_evolution step 141: f(x)= 1308.7291695375566
differential_evolution step 142: f(x)= 1308.7291695375566
differential_evolution step 143: f(x)= 1308.3039816268818
differential_evolution step 144: f(x)= 1308.3039816268818
differential_evolution step 145: f(x)= 1308.3039816268818
differential_evolution step 146: f(x)= 1308.3039816268818
differential_evolution step 147: f(x)= 1308.3039816268818
differential_evolution step 148: f(x)= 1308.3039816268818
differential_evolution step 149: f(x)= 1308.3039816268818
differential_evolution step 150: f(x)= 1308.3039816268818
differential_evolution step 151: f(x)= 1308.3039816268818
differential_evolution step 152: f(x)= 1308.3039816268818
differential_evolution step 153: f(x)= 1308.3039816268818
differential_evolution step 154: f(x)= 1303.720786233201
differential_evolution step 155: f(x)= 1303.6843312769374
differential_evolution step 156: f(x)= 1303.6843312769374
differential_evolution step 157: f(x)= 1303.6843312769374
differential_evolution step 158: f(x)= 1303.6843312769374
differential_evolution step 159: f(x)= 1303.0447449073915
differential_evolution step 160: f(x)= 1303.0447449073915
differential_evolution step 161: f(x)= 1303.0447449073915
differential_evolution step 162: f(x)= 1301.0065629702851
differential_evolution step 163: f(x)= 1301.0065629702851
differential_evolution step 164: f(x)= 1301.0065629702851
differential_evolution step 165: f(x)= 1301.0065629702851
differential_evolution step 166: f(x)= 1301.0065629702851
differential_evolution step 167: f(x)= 1301.0065629702851
differential_evolution step 168: f(x)= 1300.5806087873088
differential_evolution step 169: f(x)= 1300.5806087873088
differential_evolution step 170: f(x)= 1300.5806087873088
differential_evolution step 171: f(x)= 1300.5806087873088
differential_evolution step 172: f(x)= 1300.5806087873088
differential_evolution step 173: f(x)= 1300.5806087873088
differential_evolution step 174: f(x)= 1300.5806087873088
differential_evolution step 175: f(x)= 1300.5806087873088
differential_evolution step 176: f(x)= 1300.5806087873088
differential_evolution step 177: f(x)= 1300.4785151687909
differential_evolution step 178: f(x)= 1300.4785151687909
differential_evolution step 179: f(x)= 1300.4785151687909
differential_evolution step 180: f(x)= 1300.4785151687909
differential_evolution step 181: f(x)= 1300.4785151687909
differential_evolution step 182: f(x)= 1300.4785151687909
differential_evolution step 183: f(x)= 1300.4785151687909
differential_evolution step 184: f(x)= 1300.4142438451386
differential_evolution step 185: f(x)= 1300.4142438451386
differential_evolution step 186: f(x)= 1300.2976907537764
differential_evolution step 187: f(x)= 1300.2976907537764
differential_evolution step 188: f(x)= 1300.2976907537764
differential_evolution step 189: f(x)= 1300.2250844365344
differential_evolution step 190: f(x)= 1300.2250844365344
differential_evolution step 191: f(x)= 1300.2250844365344
differential_evolution step 192: f(x)= 1300.2250844365344
differential_evolution step 193: f(x)= 1300.2250844365344
differential_evolution step 194: f(x)= 1300.2250844365344
differential_evolution step 195: f(x)= 1300.2250844365344
differential_evolution step 196: f(x)= 1300.2250844365344
differential_evolution step 197: f(x)= 1300.1345508783036
differential_evolution step 198: f(x)= 1300.1345508783036
differential_evolution step 199: f(x)= 1300.1345508783036
differential_evolution step 200: f(x)= 1300.0974920646026
Cluster 5 DE best chi^2: 1300.097 with params {'x_src': np.float64(148.41876117901847), 'y_src': np.float64(145.7629959930851), 'z_s': np.float64(2.340843987354746)}

--- DE Optimization Summary ---
Best fit found for Cluster 1 with chi^2 = 0.012
Best-fit parameters: {'x_src': np.float64(205.9352395849586), 'y_src': np.float64(192.22762123027366), 'z_s': np.float64(2.94116743879257)}

--- Running MCMC for Cluster 1 (chi_sq=0.012) ---
[MCMC] Process Pool with 16 procs
  0%|          | 0/20000 [00:00<?, ?it/s]  0%|          | 68/20000 [01:41<8:14:00,  1.49s/it]  0%|          | 81/20000 [02:00<8:13:40,  1.49s/it]  1%|          | 138/20000 [03:21<8:00:49,  1.45s/it]  1%|          | 152/20000 [03:40<8:00:29,  1.45s/it]  1%|          | 216/20000 [05:01<7:32:07,  1.37s/it]  1%|          | 228/20000 [05:20<7:31:51,  1.37s/it]  1%|         | 287/20000 [06:41<7:35:56,  1.39s/it]  2%|         | 301/20000 [07:00<7:35:37,  1.39s/it]  2%|         | 365/20000 [08:22<7:21:42,  1.35s/it]  2%|         | 378/20000 [08:40<7:21:25,  1.35s/it]  2%|         | 441/20000 [10:03<7:17:25,  1.34s/it]  2%|         | 453/20000 [10:20<7:17:09,  1.34s/it]  3%|         | 514/20000 [11:43<7:19:00,  1.35s/it]  3%|         | 528/20000 [12:00<7:18:41,  1.35s/it]  3%|         | 599/20000 [13:23<6:57:49,  1.29s/it]  3%|         | 614/20000 [13:40<6:57:29,  1.29s/it]  3%|         | 684/20000 [15:03<6:43:47,  1.25s/it]  3%|         | 697/20000 [15:20<6:43:31,  1.25s/it]  4%|         | 771/20000 [16:44<6:31:59,  1.22s/it]  4%|         | 784/20000 [17:00<6:31:44,  1.22s/it]  4%|         | 859/20000 [18:25<6:22:08,  1.20s/it]  4%|         | 872/20000 [18:40<6:21:53,  1.20s/it]  5%|         | 947/20000 [20:06<6:15:28,  1.18s/it]  5%|         | 958/20000 [20:20<6:15:15,  1.18s/it]  5%|         | 1031/20000 [21:46<6:14:50,  1.19s/it]  5%|         | 1041/20000 [22:00<6:14:39,  1.19s/it]  6%|         | 1115/20000 [23:27<6:14:07,  1.19s/it]  6%|         | 1126/20000 [23:40<6:13:54,  1.19s/it]  6%|         | 1200/20000 [25:07<6:11:44,  1.19s/it]  6%|         | 1210/20000 [25:20<6:11:32,  1.19s/it]  6%|         | 1284/20000 [26:47<6:10:55,  1.19s/it]  6%|         | 1294/20000 [27:00<6:10:44,  1.19s/it]  7%|         | 1368/20000 [28:29<6:10:41,  1.19s/it]  7%|         | 1375/20000 [28:40<6:10:33,  1.19s/it]  7%|         | 1450/20000 [30:09<6:11:30,  1.20s/it]  7%|         | 1460/20000 [30:20<6:11:18,  1.20s/it]  8%|         | 1536/20000 [31:49<6:06:11,  1.19s/it]  8%|         | 1544/20000 [32:00<6:06:01,  1.19s/it]  8%|         | 1623/20000 [33:30<6:01:41,  1.18s/it]  8%|         | 1640/20000 [33:50<6:01:21,  1.18s/it]  9%|         | 1709/20000 [35:10<5:58:26,  1.18s/it]  9%|         | 1726/20000 [35:30<5:58:06,  1.18s/it]  9%|         | 1797/20000 [36:50<5:53:27,  1.17s/it]  9%|         | 1813/20000 [37:10<5:53:08,  1.17s/it]  9%|         | 1885/20000 [38:31<5:50:04,  1.16s/it] 10%|         | 1900/20000 [38:50<5:49:46,  1.16s/it] 10%|         | 1969/20000 [40:12<5:51:50,  1.17s/it] 10%|         | 1981/20000 [40:30<5:51:36,  1.17s/it] 10%|         | 2049/20000 [41:52<5:57:19,  1.19s/it] 10%|         | 2064/20000 [42:10<5:57:01,  1.19s/it] 11%|         | 2137/20000 [43:33<5:51:07,  1.18s/it] 11%|         | 2151/20000 [43:50<5:50:51,  1.18s/it] 11%|         | 2223/20000 [45:13<5:48:32,  1.18s/it] 11%|         | 2236/20000 [45:30<5:48:17,  1.18s/it] 12%|        | 2307/20000 [46:53<5:48:14,  1.18s/it] 12%|        | 2321/20000 [47:10<5:47:57,  1.18s/it] 12%|        | 2395/20000 [48:34<5:42:53,  1.17s/it] 12%|        | 2409/20000 [48:50<5:42:37,  1.17s/it] 12%|        | 2482/20000 [50:14<5:39:43,  1.16s/it] 12%|        | 2495/20000 [50:30<5:39:28,  1.16s/it] 13%|        | 2564/20000 [51:55<5:44:06,  1.18s/it] 13%|        | 2575/20000 [52:10<5:43:53,  1.18s/it] 13%|        | 2641/20000 [53:36<5:52:52,  1.22s/it] 13%|        | 2651/20000 [53:50<5:52:39,  1.22s/it] 14%|        | 2727/20000 [55:17<5:46:45,  1.20s/it] 14%|        | 2738/20000 [55:30<5:46:32,  1.20s/it] 14%|        | 2813/20000 [56:58<5:41:56,  1.19s/it] 14%|        | 2823/20000 [57:10<5:41:44,  1.19s/it] 14%|        | 2896/20000 [58:38<5:41:31,  1.20s/it] 15%|        | 2906/20000 [58:50<5:41:19,  1.20s/it] 15%|        | 2982/20000 [1:00:19<5:37:55,  1.19s/it] 15%|        | 2991/20000 [1:00:30<5:37:44,  1.19s/it] 15%|        | 3065/20000 [1:01:59<5:37:30,  1.20s/it] 15%|        | 3073/20000 [1:02:10<5:37:20,  1.20s/it] 16%|        | 3149/20000 [1:03:40<5:36:22,  1.20s/it] 16%|        | 3166/20000 [1:04:00<5:36:01,  1.20s/it] 16%|        | 3232/20000 [1:05:20<5:35:23,  1.20s/it] 16%|        | 3247/20000 [1:05:40<5:35:05,  1.20s/it] 17%|        | 3315/20000 [1:07:01<5:35:12,  1.21s/it] 17%|        | 3330/20000 [1:07:20<5:34:54,  1.21s/it] 17%|        | 3399/20000 [1:08:41<5:32:25,  1.20s/it] 17%|        | 3412/20000 [1:09:00<5:32:09,  1.20s/it] 17%|        | 3481/20000 [1:10:22<5:32:47,  1.21s/it] 17%|        | 3495/20000 [1:10:40<5:32:30,  1.21s/it] 18%|        | 3560/20000 [1:12:02<5:35:43,  1.23s/it] 18%|        | 3574/20000 [1:12:20<5:35:26,  1.23s/it] 18%|        | 3641/20000 [1:13:42<5:35:07,  1.23s/it] 18%|        | 3655/20000 [1:14:00<5:34:50,  1.23s/it] 19%|        | 3718/20000 [1:15:22<5:39:01,  1.25s/it] 19%|        | 3732/20000 [1:15:40<5:38:44,  1.25s/it] 19%|        | 3803/20000 [1:17:03<5:31:35,  1.23s/it] 19%|        | 3818/20000 [1:17:20<5:31:17,  1.23s/it] 19%|        | 3886/20000 [1:18:43<5:28:14,  1.22s/it] 19%|        | 3899/20000 [1:19:00<5:27:58,  1.22s/it] 20%|        | 3965/20000 [1:20:24<5:31:03,  1.24s/it] 20%|        | 3977/20000 [1:20:40<5:30:49,  1.24s/it] 20%|        | 4048/20000 [1:22:05<5:27:34,  1.23s/it] 20%|        | 4059/20000 [1:22:20<5:27:20,  1.23s/it] 21%|        | 4135/20000 [1:23:45<5:18:59,  1.21s/it] 21%|        | 4147/20000 [1:24:00<5:18:45,  1.21s/it] 21%|        | 4222/20000 [1:25:26<5:13:01,  1.19s/it] 21%|        | 4235/20000 [1:25:40<5:12:46,  1.19s/it] 22%|       | 4310/20000 [1:27:06<5:07:18,  1.18s/it] 22%|       | 4322/20000 [1:27:20<5:07:04,  1.18s/it] 22%|       | 4398/20000 [1:28:46<5:02:53,  1.16s/it] 22%|       | 4409/20000 [1:29:00<5:02:40,  1.16s/it] 22%|       | 4482/20000 [1:30:27<5:04:07,  1.18s/it] 22%|       | 4493/20000 [1:30:40<5:03:54,  1.18s/it] 23%|       | 4570/20000 [1:32:08<4:59:37,  1.17s/it] 23%|       | 4580/20000 [1:32:20<4:59:25,  1.17s/it] 23%|       | 4656/20000 [1:33:48<4:58:13,  1.17s/it] 23%|       | 4665/20000 [1:34:00<4:58:03,  1.17s/it] 24%|       | 4742/20000 [1:35:29<4:57:17,  1.17s/it] 24%|       | 4749/20000 [1:35:40<4:57:08,  1.17s/it] 24%|       | 4827/20000 [1:37:10<4:56:15,  1.17s/it] 24%|       | 4835/20000 [1:37:20<4:56:05,  1.17s/it] 25%|       | 4913/20000 [1:38:50<4:54:38,  1.17s/it] 25%|       | 4928/20000 [1:39:10<4:54:20,  1.17s/it] 25%|       | 4996/20000 [1:40:31<4:55:56,  1.18s/it] 25%|       | 5010/20000 [1:40:50<4:55:39,  1.18s/it] 25%|       | 5077/20000 [1:42:11<4:58:26,  1.20s/it] 25%|       | 5091/20000 [1:42:30<4:58:09,  1.20s/it] 26%|       | 5162/20000 [1:43:52<4:55:27,  1.19s/it] 26%|       | 5178/20000 [1:44:10<4:55:08,  1.19s/it] 26%|       | 5247/20000 [1:45:33<4:53:09,  1.19s/it] 26%|       | 5261/20000 [1:45:50<4:52:52,  1.19s/it] 27%|       | 5332/20000 [1:47:13<4:50:47,  1.19s/it] 27%|       | 5345/20000 [1:47:30<4:50:31,  1.19s/it] 27%|       | 5415/20000 [1:48:54<4:50:50,  1.20s/it] 27%|       | 5428/20000 [1:49:10<4:50:34,  1.20s/it] 27%|       | 5499/20000 [1:50:34<4:48:47,  1.19s/it] 28%|       | 5511/20000 [1:50:50<4:48:32,  1.19s/it] 28%|       | 5581/20000 [1:52:15<4:49:41,  1.21s/it] 28%|       | 5593/20000 [1:52:30<4:49:27,  1.21s/it] 28%|       | 5663/20000 [1:53:56<4:49:57,  1.21s/it] 28%|       | 5674/20000 [1:54:10<4:49:43,  1.21s/it] 29%|       | 5746/20000 [1:55:36<4:47:42,  1.21s/it] 29%|       | 5756/20000 [1:55:50<4:47:30,  1.21s/it] 29%|       | 5833/20000 [1:57:17<4:42:34,  1.20s/it] 29%|       | 5842/20000 [1:57:30<4:42:24,  1.20s/it] 30%|       | 5918/20000 [1:58:58<4:39:38,  1.19s/it] 30%|       | 5928/20000 [1:59:10<4:39:26,  1.19s/it] 30%|       | 6003/20000 [2:00:39<4:37:47,  1.19s/it] 30%|       | 6012/20000 [2:00:50<4:37:36,  1.19s/it] 30%|       | 6089/20000 [2:02:20<4:34:44,  1.18s/it] 30%|       | 6097/20000 [2:02:30<4:34:34,  1.18s/it] 31%|       | 6174/20000 [2:04:00<4:32:50,  1.18s/it] 31%|       | 6190/20000 [2:04:20<4:32:31,  1.18s/it] 31%|      | 6259/20000 [2:05:41<4:31:11,  1.18s/it] 31%|      | 6275/20000 [2:06:00<4:30:52,  1.18s/it] 32%|      | 6344/20000 [2:07:21<4:29:21,  1.18s/it] 32%|      | 6358/20000 [2:07:40<4:29:05,  1.18s/it] 32%|      | 6427/20000 [2:09:01<4:29:27,  1.19s/it] 32%|      | 6441/20000 [2:09:20<4:29:10,  1.19s/it] 33%|      | 6508/20000 [2:10:42<4:30:55,  1.20s/it] 33%|      | 6524/20000 [2:11:00<4:30:36,  1.20s/it] 33%|      | 6592/20000 [2:12:22<4:28:36,  1.20s/it] 33%|      | 6605/20000 [2:12:40<4:28:21,  1.20s/it] 33%|      | 6677/20000 [2:14:03<4:26:00,  1.20s/it] 33%|      | 6690/20000 [2:14:20<4:25:44,  1.20s/it] 34%|      | 6760/20000 [2:15:44<4:25:34,  1.20s/it] 34%|      | 6773/20000 [2:16:00<4:25:19,  1.20s/it] 34%|      | 6845/20000 [2:17:25<4:22:28,  1.20s/it] 34%|      | 6856/20000 [2:17:40<4:22:15,  1.20s/it] 35%|      | 6930/20000 [2:19:05<4:19:39,  1.19s/it] 35%|      | 6942/20000 [2:19:20<4:19:25,  1.19s/it] 35%|      | 7016/20000 [2:20:45<4:16:12,  1.18s/it] 35%|      | 7027/20000 [2:21:00<4:15:59,  1.18s/it] 36%|      | 7101/20000 [2:22:26<4:14:27,  1.18s/it] 36%|      | 7112/20000 [2:22:40<4:14:14,  1.18s/it] 36%|      | 7184/20000 [2:24:07<4:14:48,  1.19s/it] 36%|      | 7195/20000 [2:24:20<4:14:35,  1.19s/it] 36%|      | 7269/20000 [2:25:47<4:12:23,  1.19s/it] 36%|      | 7279/20000 [2:26:00<4:12:11,  1.19s/it] 37%|      | 7352/20000 [2:27:28<4:12:02,  1.20s/it] 37%|      | 7361/20000 [2:27:40<4:11:51,  1.20s/it] 37%|      | 7436/20000 [2:29:08<4:10:17,  1.20s/it] 37%|      | 7445/20000 [2:29:20<4:10:06,  1.20s/it] 38%|      | 7520/20000 [2:30:49<4:09:03,  1.20s/it] 38%|      | 7528/20000 [2:31:00<4:08:53,  1.20s/it] 38%|      | 7601/20000 [2:32:29<4:10:03,  1.21s/it] 38%|      | 7609/20000 [2:32:40<4:09:53,  1.21s/it] 38%|      | 7687/20000 [2:34:11<4:06:12,  1.20s/it] 39%|      | 7702/20000 [2:34:30<4:05:54,  1.20s/it] 39%|      | 7767/20000 [2:35:51<4:07:41,  1.21s/it] 39%|      | 7782/20000 [2:36:10<4:07:23,  1.21s/it] 39%|      | 7851/20000 [2:37:31<4:04:44,  1.21s/it] 39%|      | 7866/20000 [2:37:50<4:04:26,  1.21s/it] 40%|      | 7933/20000 [2:39:11<4:03:44,  1.21s/it] 40%|      | 7946/20000 [2:39:30<4:03:28,  1.21s/it] 40%|      | 8012/20000 [2:40:52<4:05:48,  1.23s/it] 40%|      | 8028/20000 [2:41:10<4:05:29,  1.23s/it] 40%|      | 8100/20000 [2:42:33<3:58:47,  1.20s/it] 41%|      | 8113/20000 [2:42:50<3:58:31,  1.20s/it] 41%|      | 8184/20000 [2:44:13<3:56:42,  1.20s/it] 41%|      | 8197/20000 [2:44:30<3:56:26,  1.20s/it] 41%|     | 8269/20000 [2:45:54<3:53:56,  1.20s/it] 41%|     | 8282/20000 [2:46:10<3:53:40,  1.20s/it] 42%|     | 8355/20000 [2:47:35<3:50:55,  1.19s/it] 42%|     | 8368/20000 [2:47:50<3:50:39,  1.19s/it] 42%|     | 8444/20000 [2:49:16<3:45:40,  1.17s/it] 42%|     | 8456/20000 [2:49:30<3:45:26,  1.17s/it] 43%|     | 8529/20000 [2:50:56<3:44:44,  1.18s/it] 43%|     | 8540/20000 [2:51:10<3:44:31,  1.18s/it] 43%|     | 8615/20000 [2:52:38<3:43:11,  1.18s/it] 43%|     | 8625/20000 [2:52:50<3:43:00,  1.18s/it] 44%|     | 8703/20000 [2:54:18<3:39:26,  1.17s/it] 44%|     | 8713/20000 [2:54:30<3:39:14,  1.17s/it] 44%|     | 8789/20000 [2:55:59<3:38:02,  1.17s/it] 44%|     | 8798/20000 [2:56:10<3:37:51,  1.17s/it] 44%|     | 8870/20000 [2:57:40<3:40:36,  1.19s/it] 44%|     | 8877/20000 [2:57:50<3:40:27,  1.19s/it] 45%|     | 8952/20000 [2:59:20<3:41:07,  1.20s/it] 45%|     | 8967/20000 [2:59:40<3:40:49,  1.20s/it] 45%|     | 9037/20000 [3:01:01<3:38:20,  1.19s/it] 45%|     | 9052/20000 [3:01:20<3:38:02,  1.19s/it] 46%|     | 9118/20000 [3:02:41<3:39:08,  1.21s/it] 46%|     | 9133/20000 [3:03:00<3:38:50,  1.21s/it] 46%|     | 9202/20000 [3:04:21<3:36:31,  1.20s/it] 46%|     | 9216/20000 [3:04:40<3:36:14,  1.20s/it] 46%|     | 9286/20000 [3:06:01<3:34:17,  1.20s/it] 47%|     | 9301/20000 [3:06:20<3:33:59,  1.20s/it] 47%|     | 9372/20000 [3:07:42<3:30:43,  1.19s/it] 47%|     | 9389/20000 [3:08:00<3:30:22,  1.19s/it] 47%|     | 9460/20000 [3:09:22<3:26:30,  1.18s/it] 47%|     | 9474/20000 [3:09:40<3:26:13,  1.18s/it] 48%|     | 9543/20000 [3:11:03<3:26:28,  1.18s/it] 48%|     | 9556/20000 [3:11:20<3:26:13,  1.18s/it] 48%|     | 9623/20000 [3:12:43<3:28:16,  1.20s/it] 48%|     | 9635/20000 [3:13:00<3:28:01,  1.20s/it] 49%|     | 9706/20000 [3:14:23<3:26:50,  1.21s/it] 49%|     | 9719/20000 [3:14:40<3:26:34,  1.21s/it] 49%|     | 9789/20000 [3:16:04<3:25:48,  1.21s/it] 49%|     | 9801/20000 [3:16:20<3:25:33,  1.21s/it] 49%|     | 9870/20000 [3:17:44<3:25:30,  1.22s/it] 49%|     | 9881/20000 [3:18:00<3:25:17,  1.22s/it] 50%|     | 9953/20000 [3:19:25<3:23:40,  1.22s/it] 50%|     | 9965/20000 [3:19:40<3:23:26,  1.22s/it] 50%|     | 10033/20000 [3:21:06<3:24:13,  1.23s/it] 50%|     | 10043/20000 [3:21:20<3:24:01,  1.23s/it] 51%|     | 10113/20000 [3:22:47<3:24:21,  1.24s/it] 51%|     | 10123/20000 [3:23:00<3:24:09,  1.24s/it] 51%|     | 10198/20000 [3:24:28<3:19:40,  1.22s/it] 51%|     | 10207/20000 [3:24:40<3:19:29,  1.22s/it] 51%|    | 10282/20000 [3:26:09<3:16:58,  1.22s/it] 51%|    | 10291/20000 [3:26:20<3:16:47,  1.22s/it] 52%|    | 10369/20000 [3:27:49<3:12:16,  1.20s/it] 52%|    | 10377/20000 [3:28:00<3:12:06,  1.20s/it] 52%|    | 10453/20000 [3:29:30<3:10:19,  1.20s/it] 52%|    | 10461/20000 [3:29:40<3:10:09,  1.20s/it] 53%|    | 10539/20000 [3:31:10<3:07:25,  1.19s/it] 53%|    | 10555/20000 [3:31:30<3:07:06,  1.19s/it] 53%|    | 10622/20000 [3:32:51<3:06:44,  1.19s/it] 53%|    | 10638/20000 [3:33:10<3:06:25,  1.19s/it] 54%|    | 10705/20000 [3:34:31<3:05:52,  1.20s/it] 54%|    | 10720/20000 [3:34:50<3:05:34,  1.20s/it] 54%|    | 10792/20000 [3:36:12<3:01:59,  1.19s/it] 54%|    | 10807/20000 [3:36:30<3:01:41,  1.19s/it] 54%|    | 10876/20000 [3:37:53<3:00:59,  1.19s/it] 54%|    | 10891/20000 [3:38:10<3:00:42,  1.19s/it] 55%|    | 10960/20000 [3:39:33<2:59:45,  1.19s/it] 55%|    | 10974/20000 [3:39:50<2:59:28,  1.19s/it] 55%|    | 11042/20000 [3:41:14<2:59:51,  1.20s/it] 55%|    | 11053/20000 [3:41:30<2:59:37,  1.20s/it] 56%|    | 11125/20000 [3:42:54<2:58:15,  1.21s/it] 56%|    | 11137/20000 [3:43:10<2:58:00,  1.21s/it] 56%|    | 11210/20000 [3:44:36<2:55:58,  1.20s/it] 56%|    | 11220/20000 [3:44:50<2:55:46,  1.20s/it] 56%|    | 11290/20000 [3:46:17<2:56:49,  1.22s/it] 56%|    | 11299/20000 [3:46:30<2:56:38,  1.22s/it] 57%|    | 11367/20000 [3:47:57<2:58:46,  1.24s/it] 57%|    | 11377/20000 [3:48:10<2:58:33,  1.24s/it] 57%|    | 11453/20000 [3:49:38<2:54:09,  1.22s/it] 57%|    | 11462/20000 [3:49:50<2:53:58,  1.22s/it] 58%|    | 11535/20000 [3:51:18<2:52:23,  1.22s/it] 58%|    | 11543/20000 [3:51:30<2:52:13,  1.22s/it] 58%|    | 11616/20000 [3:52:59<2:51:39,  1.23s/it] 58%|    | 11624/20000 [3:53:10<2:51:29,  1.23s/it] 58%|    | 11698/20000 [3:54:40<2:49:48,  1.23s/it] 59%|    | 11706/20000 [3:54:50<2:49:38,  1.23s/it] 59%|    | 11781/20000 [3:56:20<2:47:31,  1.22s/it] 59%|    | 11796/20000 [3:56:40<2:47:13,  1.22s/it] 59%|    | 11862/20000 [3:58:02<2:47:02,  1.23s/it] 59%|    | 11874/20000 [3:58:20<2:46:47,  1.23s/it] 60%|    | 11946/20000 [3:59:43<2:44:16,  1.22s/it] 60%|    | 11960/20000 [4:00:00<2:43:59,  1.22s/it] 60%|    | 12024/20000 [4:01:23<2:45:00,  1.24s/it] 60%|    | 12038/20000 [4:01:40<2:44:43,  1.24s/it] 61%|    | 12109/20000 [4:03:04<2:41:03,  1.22s/it] 61%|    | 12122/20000 [4:03:20<2:40:47,  1.22s/it] 61%|    | 12192/20000 [4:04:45<2:38:48,  1.22s/it] 61%|    | 12204/20000 [4:05:00<2:38:33,  1.22s/it] 61%|   | 12274/20000 [4:06:25<2:37:30,  1.22s/it] 61%|   | 12286/20000 [4:06:40<2:37:15,  1.22s/it] 62%|   | 12355/20000 [4:08:06<2:36:26,  1.23s/it] 62%|   | 12365/20000 [4:08:20<2:36:14,  1.23s/it] 62%|   | 12439/20000 [4:09:47<2:33:41,  1.22s/it] 62%|   | 12450/20000 [4:10:00<2:33:27,  1.22s/it] 63%|   | 12527/20000 [4:11:27<2:28:47,  1.19s/it] 63%|   | 12538/20000 [4:11:40<2:28:34,  1.19s/it] 63%|   | 12610/20000 [4:13:08<2:27:46,  1.20s/it] 63%|   | 12620/20000 [4:13:20<2:27:34,  1.20s/it] 63%|   | 12693/20000 [4:14:49<2:26:47,  1.21s/it] 64%|   | 12701/20000 [4:15:00<2:26:38,  1.21s/it] 64%|   | 12774/20000 [4:16:29<2:26:16,  1.21s/it] 64%|   | 12781/20000 [4:16:40<2:26:07,  1.21s/it] 64%|   | 12856/20000 [4:18:09<2:24:50,  1.22s/it] 64%|   | 12865/20000 [4:18:20<2:24:39,  1.22s/it] 65%|   | 12938/20000 [4:19:50<2:23:47,  1.22s/it] 65%|   | 12954/20000 [4:20:10<2:23:27,  1.22s/it] 65%|   | 13024/20000 [4:21:31<2:20:26,  1.21s/it] 65%|   | 13038/20000 [4:21:50<2:20:09,  1.21s/it] 66%|   | 13104/20000 [4:23:12<2:20:28,  1.22s/it] 66%|   | 13117/20000 [4:23:30<2:20:12,  1.22s/it] 66%|   | 13188/20000 [4:24:52<2:17:51,  1.21s/it] 66%|   | 13201/20000 [4:25:10<2:17:35,  1.21s/it] 66%|   | 13269/20000 [4:26:33<2:17:15,  1.22s/it] 66%|   | 13282/20000 [4:26:50<2:17:00,  1.22s/it] 67%|   | 13352/20000 [4:28:14<2:15:16,  1.22s/it] 67%|   | 13364/20000 [4:28:30<2:15:01,  1.22s/it] 67%|   | 13439/20000 [4:29:56<2:11:35,  1.20s/it] 67%|   | 13449/20000 [4:30:10<2:11:23,  1.20s/it] 68%|   | 13520/20000 [4:31:36<2:11:13,  1.22s/it] 68%|   | 13530/20000 [4:31:50<2:11:01,  1.22s/it] 68%|   | 13604/20000 [4:33:17<2:08:54,  1.21s/it] 68%|   | 13615/20000 [4:33:30<2:08:40,  1.21s/it] 68%|   | 13686/20000 [4:34:57<2:07:43,  1.21s/it] 68%|   | 13696/20000 [4:35:10<2:07:31,  1.21s/it] 69%|   | 13768/20000 [4:36:38<2:06:31,  1.22s/it] 69%|   | 13778/20000 [4:36:50<2:06:19,  1.22s/it] 69%|   | 13853/20000 [4:38:19<2:03:47,  1.21s/it] 69%|   | 13861/20000 [4:38:30<2:03:38,  1.21s/it] 70%|   | 13935/20000 [4:39:59<2:02:32,  1.21s/it] 70%|   | 13943/20000 [4:40:10<2:02:22,  1.21s/it] 70%|   | 14018/20000 [4:41:39<2:00:50,  1.21s/it] 70%|   | 14027/20000 [4:41:50<2:00:39,  1.21s/it] 70%|   | 14100/20000 [4:43:20<1:59:36,  1.22s/it] 71%|   | 14115/20000 [4:43:40<1:59:18,  1.22s/it] 71%|   | 14182/20000 [4:45:01<1:58:18,  1.22s/it] 71%|   | 14197/20000 [4:45:20<1:58:00,  1.22s/it] 71%|  | 14261/20000 [4:46:42<1:58:16,  1.24s/it] 71%|  | 14275/20000 [4:47:00<1:57:58,  1.24s/it] 72%|  | 14342/20000 [4:48:22<1:56:39,  1.24s/it] 72%|  | 14355/20000 [4:48:40<1:56:22,  1.24s/it] 72%|  | 14425/20000 [4:50:02<1:54:09,  1.23s/it] 72%|  | 14439/20000 [4:50:20<1:53:52,  1.23s/it] 73%|  | 14512/20000 [4:51:43<1:50:19,  1.21s/it] 73%|  | 14526/20000 [4:52:00<1:50:02,  1.21s/it] 73%|  | 14600/20000 [4:53:24<1:46:56,  1.19s/it] 73%|  | 14613/20000 [4:53:40<1:46:40,  1.19s/it] 73%|  | 14685/20000 [4:55:05<1:45:18,  1.19s/it] 73%|  | 14698/20000 [4:55:20<1:45:02,  1.19s/it] 74%|  | 14770/20000 [4:56:46<1:43:26,  1.19s/it] 74%|  | 14781/20000 [4:57:00<1:43:13,  1.19s/it] 74%|  | 14858/20000 [4:58:26<1:40:33,  1.17s/it] 74%|  | 14870/20000 [4:58:40<1:40:19,  1.17s/it] 75%|  | 14942/20000 [5:00:06<1:39:22,  1.18s/it] 75%|  | 14953/20000 [5:00:20<1:39:09,  1.18s/it] 75%|  | 15028/20000 [5:01:47<1:37:34,  1.18s/it] 75%|  | 15038/20000 [5:02:00<1:37:22,  1.18s/it] 76%|  | 15112/20000 [5:03:28<1:36:20,  1.18s/it] 76%|  | 15122/20000 [5:03:40<1:36:08,  1.18s/it] 76%|  | 15199/20000 [5:05:08<1:34:02,  1.18s/it] 76%|  | 15209/20000 [5:05:20<1:33:50,  1.18s/it] 76%|  | 15285/20000 [5:06:49<1:32:13,  1.17s/it] 76%|  | 15294/20000 [5:07:00<1:32:03,  1.17s/it] 77%|  | 15373/20000 [5:08:29<1:29:41,  1.16s/it] 77%|  | 15382/20000 [5:08:40<1:29:31,  1.16s/it] 77%|  | 15461/20000 [5:10:09<1:27:23,  1.16s/it] 77%|  | 15470/20000 [5:10:20<1:27:13,  1.16s/it] 78%|  | 15547/20000 [5:11:50<1:26:06,  1.16s/it] 78%|  | 15563/20000 [5:12:10<1:25:47,  1.16s/it] 78%|  | 15633/20000 [5:13:30<1:24:34,  1.16s/it] 78%|  | 15650/20000 [5:13:50<1:24:15,  1.16s/it] 79%|  | 15720/20000 [5:15:11<1:22:45,  1.16s/it] 79%|  | 15737/20000 [5:15:30<1:22:25,  1.16s/it] 79%|  | 15806/20000 [5:16:52<1:21:20,  1.16s/it] 79%|  | 15821/20000 [5:17:10<1:21:02,  1.16s/it] 79%|  | 15890/20000 [5:18:32<1:20:18,  1.17s/it] 80%|  | 15904/20000 [5:18:50<1:20:02,  1.17s/it] 80%|  | 15969/20000 [5:20:12<1:20:36,  1.20s/it] 80%|  | 15983/20000 [5:20:30<1:20:19,  1.20s/it] 80%|  | 16049/20000 [5:21:54<1:20:17,  1.22s/it] 80%|  | 16061/20000 [5:22:10<1:20:02,  1.22s/it] 81%|  | 16132/20000 [5:23:34<1:18:30,  1.22s/it] 81%|  | 16144/20000 [5:23:50<1:18:16,  1.22s/it] 81%|  | 16215/20000 [5:25:15<1:16:49,  1.22s/it] 81%|  | 16226/20000 [5:25:30<1:16:36,  1.22s/it] 81%| | 16297/20000 [5:26:56<1:15:15,  1.22s/it] 82%| | 16308/20000 [5:27:10<1:15:02,  1.22s/it] 82%| | 16378/20000 [5:28:37<1:14:04,  1.23s/it] 82%| | 16390/20000 [5:28:50<1:13:49,  1.23s/it] 82%| | 16463/20000 [5:30:18<1:11:37,  1.22s/it] 82%| | 16473/20000 [5:30:30<1:11:25,  1.22s/it] 83%| | 16545/20000 [5:31:58<1:10:04,  1.22s/it] 83%| | 16555/20000 [5:32:10<1:09:52,  1.22s/it] 83%| | 16630/20000 [5:33:38<1:07:41,  1.21s/it] 83%| | 16639/20000 [5:33:50<1:07:30,  1.21s/it] 84%| | 16711/20000 [5:35:19<1:06:40,  1.22s/it] 84%| | 16720/20000 [5:35:30<1:06:29,  1.22s/it] 84%| | 16794/20000 [5:36:59<1:04:48,  1.21s/it] 84%| | 16804/20000 [5:37:10<1:04:36,  1.21s/it] 84%| | 16879/20000 [5:38:39<1:02:33,  1.20s/it] 84%| | 16888/20000 [5:38:50<1:02:22,  1.20s/it] 85%| | 16964/20000 [5:40:19<1:00:28,  1.20s/it] 85%| | 16972/20000 [5:40:30<1:00:19,  1.20s/it] 85%| | 17043/20000 [5:42:00<1:00:05,  1.22s/it] 85%| | 17058/20000 [5:42:20<59:47,  1.22s/it]   86%| | 17127/20000 [5:43:41<58:03,  1.21s/it] 86%| | 17142/20000 [5:44:00<57:45,  1.21s/it] 86%| | 17208/20000 [5:45:21<56:43,  1.22s/it] 86%| | 17224/20000 [5:45:40<56:24,  1.22s/it] 86%| | 17290/20000 [5:47:02<55:13,  1.22s/it] 87%| | 17306/20000 [5:47:20<54:53,  1.22s/it] 87%| | 17377/20000 [5:48:43<52:35,  1.20s/it] 87%| | 17392/20000 [5:49:00<52:17,  1.20s/it] 87%| | 17463/20000 [5:50:23<50:24,  1.19s/it] 87%| | 17478/20000 [5:50:40<50:06,  1.19s/it] 88%| | 17547/20000 [5:52:03<48:43,  1.19s/it] 88%| | 17560/20000 [5:52:20<48:28,  1.19s/it] 88%| | 17628/20000 [5:53:44<47:45,  1.21s/it] 88%| | 17641/20000 [5:54:00<47:29,  1.21s/it] 89%| | 17710/20000 [5:55:25<46:21,  1.21s/it] 89%| | 17722/20000 [5:55:40<46:06,  1.21s/it] 89%| | 17792/20000 [5:57:06<44:50,  1.22s/it] 89%| | 17803/20000 [5:57:20<44:36,  1.22s/it] 89%| | 17876/20000 [5:58:47<42:59,  1.21s/it] 89%| | 17886/20000 [5:59:00<42:47,  1.21s/it] 90%| | 17958/20000 [6:00:27<41:23,  1.22s/it] 90%| | 17968/20000 [6:00:40<41:11,  1.22s/it] 90%| | 18040/20000 [6:02:07<39:49,  1.22s/it] 90%| | 18050/20000 [6:02:20<39:37,  1.22s/it] 91%| | 18120/20000 [6:03:48<38:34,  1.23s/it] 91%| | 18130/20000 [6:04:00<38:22,  1.23s/it] 91%| | 18205/20000 [6:05:29<36:24,  1.22s/it] 91%| | 18214/20000 [6:05:40<36:13,  1.22s/it] 91%|| 18291/20000 [6:07:09<34:13,  1.20s/it] 91%|| 18298/20000 [6:07:20<34:04,  1.20s/it] 92%|| 18371/20000 [6:08:50<33:06,  1.22s/it] 92%|| 18388/20000 [6:09:10<32:45,  1.22s/it] 92%|| 18455/20000 [6:10:31<31:14,  1.21s/it] 92%|| 18470/20000 [6:10:50<30:55,  1.21s/it] 93%|| 18539/20000 [6:12:11<29:23,  1.21s/it] 93%|| 18556/20000 [6:12:30<29:02,  1.21s/it] 93%|| 18626/20000 [6:13:52<27:16,  1.19s/it] 93%|| 18641/20000 [6:14:10<26:58,  1.19s/it] 94%|| 18711/20000 [6:15:33<25:33,  1.19s/it] 94%|| 18726/20000 [6:15:50<25:15,  1.19s/it] 94%|| 18798/20000 [6:17:13<23:38,  1.18s/it] 94%|| 18811/20000 [6:17:30<23:23,  1.18s/it] 94%|| 18882/20000 [6:18:54<22:04,  1.18s/it] 94%|| 18895/20000 [6:19:10<21:49,  1.18s/it] 95%|| 18970/20000 [6:20:34<20:06,  1.17s/it] 95%|| 18984/20000 [6:20:50<19:49,  1.17s/it] 95%|| 19058/20000 [6:22:15<18:16,  1.16s/it] 95%|| 19069/20000 [6:22:30<18:03,  1.16s/it] 96%|| 19146/20000 [6:23:56<16:29,  1.16s/it] 96%|| 19158/20000 [6:24:10<16:15,  1.16s/it] 96%|| 19237/20000 [6:25:37<14:32,  1.14s/it] 96%|| 19248/20000 [6:25:50<14:19,  1.14s/it] 97%|| 19329/20000 [6:27:17<12:35,  1.13s/it] 97%|| 19341/20000 [6:27:30<12:22,  1.13s/it] 97%|| 19421/20000 [6:28:58<10:46,  1.12s/it] 97%|| 19432/20000 [6:29:10<10:33,  1.12s/it] 98%|| 19512/20000 [6:30:39<09:03,  1.11s/it] 98%|| 19521/20000 [6:30:50<08:53,  1.11s/it] 98%|| 19596/20000 [6:32:19<07:39,  1.14s/it] 98%|| 19605/20000 [6:32:30<07:29,  1.14s/it] 98%|| 19678/20000 [6:34:00<06:14,  1.16s/it] 98%|| 19685/20000 [6:34:10<06:06,  1.16s/it] 99%|| 19764/20000 [6:35:40<04:34,  1.16s/it] 99%|| 19781/20000 [6:36:00<04:15,  1.16s/it] 99%|| 19858/20000 [6:37:21<02:41,  1.14s/it] 99%|| 19875/20000 [6:37:40<02:21,  1.14s/it]100%|| 19939/20000 [6:39:02<01:11,  1.17s/it]100%|| 19955/20000 [6:39:20<00:52,  1.17s/it]100%|| 20000/20000 [6:40:14<00:00,  1.20s/it]

Analysis complete. Found 1 cluster(s) meeting the MCMC criterion.
Accepted cluster indices: [1]

--- Processing Final Results for Cluster 1 ---
--- MCMC Parameter Constraints for Cluster 1 ---
  x_src = 206.009 +0.482 / -0.334
  y_src = 192.234 +0.183 / -0.139
    z_s = 2.926 +0.178 / -0.149
Saving localization results for Cluster 1...
Processing results for Cluster 1...
-> Saved 340000 samples to /users/hiu-yeung.cheng/clusterlensing/out/row15/test_tidy_row15/cluster_1_posterior.npz
Updated CSV row 15 with result for cluster 1.
Loading data from /users/hiu-yeung.cheng/clusterlensing/out/row15/test_tidy_row15/cluster_1_posterior.npz...

Generating corner plot...
-> Corner plot saved to /users/hiu-yeung.cheng/clusterlensing/out/row15/test_tidy_row15/cluster_1_corner_from_saved.png

Generating trace plot...
-> Trace plot saved to /users/hiu-yeung.cheng/clusterlensing/out/row15/test_tidy_row15/cluster_1_trace.png
