Row=22 OUT_DIR=/users/hiu-yeung.cheng/clusterlensing/out/row22 DE_PROCS=16 MCMC_PROCS=16
Setup complete. Lensing system initialized.
True time delays: [    0.          3594.83517144 11784.52355331 14319.6094767
 14327.84774725]
True luminosity distances: 29082.726539121013
Lensed luminosity distances: [10923.58452949  9604.31722431 13425.9597417   6516.90140933
 12759.94218323]

Running the full analysis pipeline...
--- Running DE for Cluster 0 ---
[DE] Process Pool with 16 procs (init=latinhypercube, popsize=50)
differential_evolution step 1: f(x)= 4242.640687119286
differential_evolution step 2: f(x)= 3000.0
differential_evolution step 3: f(x)= 3000.0
differential_evolution step 4: f(x)= 3000.0
differential_evolution step 5: f(x)= 3000.0
differential_evolution step 6: f(x)= 3000.0
differential_evolution step 7: f(x)= 3000.0
differential_evolution step 8: f(x)= 3000.0
differential_evolution step 9: f(x)= 3000.0
differential_evolution step 10: f(x)= 1748.7523958127804
differential_evolution step 11: f(x)= 1748.7523958127804
differential_evolution step 12: f(x)= 1748.7523958127804
differential_evolution step 13: f(x)= 1748.7523958127804
differential_evolution step 14: f(x)= 1748.7523958127804
differential_evolution step 15: f(x)= 1748.7523958127804
differential_evolution step 16: f(x)= 1748.7523958127804
differential_evolution step 17: f(x)= 1748.7523958127804
differential_evolution step 18: f(x)= 723.2903863013095
differential_evolution step 19: f(x)= 723.2903863013095
differential_evolution step 20: f(x)= 525.6277718060225
differential_evolution step 21: f(x)= 525.6277718060225
differential_evolution step 22: f(x)= 525.6277718060225
differential_evolution step 23: f(x)= 525.6277718060225
differential_evolution step 24: f(x)= 525.6277718060225
differential_evolution step 25: f(x)= 525.6277718060225
differential_evolution step 26: f(x)= 525.6277718060225
differential_evolution step 27: f(x)= 525.6277718060225
differential_evolution step 28: f(x)= 525.6277718060225
differential_evolution step 29: f(x)= 525.6277718060225
differential_evolution step 30: f(x)= 525.6277718060225
differential_evolution step 31: f(x)= 525.6277718060225
differential_evolution step 32: f(x)= 525.6277718060225
differential_evolution step 33: f(x)= 525.6277718060225
differential_evolution step 34: f(x)= 525.6277718060225
differential_evolution step 35: f(x)= 525.6277718060225
differential_evolution step 36: f(x)= 525.6277718060225
differential_evolution step 37: f(x)= 525.6277718060225
differential_evolution step 38: f(x)= 525.6277718060225
differential_evolution step 39: f(x)= 525.6277718060225
differential_evolution step 40: f(x)= 525.6277718060225
differential_evolution step 41: f(x)= 525.6277718060225
differential_evolution step 42: f(x)= 508.25760059284056
differential_evolution step 43: f(x)= 508.25760059284056
differential_evolution step 44: f(x)= 508.25760059284056
differential_evolution step 45: f(x)= 508.25760059284056
differential_evolution step 46: f(x)= 508.25760059284056
differential_evolution step 47: f(x)= 508.25760059284056
differential_evolution step 48: f(x)= 508.25760059284056
differential_evolution step 49: f(x)= 488.9007056150387
differential_evolution step 50: f(x)= 488.9007056150387
differential_evolution step 51: f(x)= 488.9007056150387
differential_evolution step 52: f(x)= 488.9007056150387
differential_evolution step 53: f(x)= 488.9007056150387
differential_evolution step 54: f(x)= 488.9007056150387
differential_evolution step 55: f(x)= 488.9007056150387
differential_evolution step 56: f(x)= 488.9007056150387
differential_evolution step 57: f(x)= 488.9007056150387
differential_evolution step 58: f(x)= 488.9007056150387
differential_evolution step 59: f(x)= 488.8489858850633
differential_evolution step 60: f(x)= 488.8489858850633
differential_evolution step 61: f(x)= 488.8489858850633
differential_evolution step 62: f(x)= 485.04395661791455
differential_evolution step 63: f(x)= 485.04395661791455
differential_evolution step 64: f(x)= 485.04395661791455
differential_evolution step 65: f(x)= 485.04395661791455
differential_evolution step 66: f(x)= 481.81941250739175
differential_evolution step 67: f(x)= 481.81941250739175
differential_evolution step 68: f(x)= 354.8637495566819
differential_evolution step 69: f(x)= 354.8637495566819
differential_evolution step 70: f(x)= 354.8637495566819
differential_evolution step 71: f(x)= 354.8637495566819
differential_evolution step 72: f(x)= 354.8637495566819
differential_evolution step 73: f(x)= 354.8637495566819
differential_evolution step 74: f(x)= 354.8637495566819
differential_evolution step 75: f(x)= 354.8637495566819
differential_evolution step 76: f(x)= 354.8637495566819
differential_evolution step 77: f(x)= 354.8637495566819
differential_evolution step 78: f(x)= 354.8637495566819
differential_evolution step 79: f(x)= 354.8637495566819
differential_evolution step 80: f(x)= 354.8637495566819
differential_evolution step 81: f(x)= 354.8637495566819
differential_evolution step 82: f(x)= 354.8637495566819
differential_evolution step 83: f(x)= 354.8637495566819
differential_evolution step 84: f(x)= 354.8637495566819
differential_evolution step 85: f(x)= 354.8637495566819
differential_evolution step 86: f(x)= 354.8637495566819
differential_evolution step 87: f(x)= 354.8637495566819
differential_evolution step 88: f(x)= 354.8637495566819
differential_evolution step 89: f(x)= 354.8637495566819
differential_evolution step 90: f(x)= 354.8637495566819
differential_evolution step 91: f(x)= 354.8637495566819
differential_evolution step 92: f(x)= 354.8637495566819
differential_evolution step 93: f(x)= 354.8637495566819
differential_evolution step 94: f(x)= 354.8637495566819
differential_evolution step 95: f(x)= 354.8637495566819
differential_evolution step 96: f(x)= 354.8637495566819
differential_evolution step 97: f(x)= 354.8637495566819
differential_evolution step 98: f(x)= 354.8637495566819
differential_evolution step 99: f(x)= 354.8637495566819
differential_evolution step 100: f(x)= 354.8637495566819
differential_evolution step 101: f(x)= 354.8637495566819
differential_evolution step 102: f(x)= 354.8637495566819
differential_evolution step 103: f(x)= 354.8637495566819
differential_evolution step 104: f(x)= 354.8637495566819
differential_evolution step 105: f(x)= 344.72524855324895
differential_evolution step 106: f(x)= 344.72524855324895
differential_evolution step 107: f(x)= 344.72524855324895
differential_evolution step 108: f(x)= 344.72524855324895
differential_evolution step 109: f(x)= 344.72524855324895
differential_evolution step 110: f(x)= 344.72524855324895
differential_evolution step 111: f(x)= 344.72524855324895
differential_evolution step 112: f(x)= 344.72524855324895
differential_evolution step 113: f(x)= 343.15758241936174
differential_evolution step 114: f(x)= 343.15758241936174
differential_evolution step 115: f(x)= 343.15758241936174
differential_evolution step 116: f(x)= 343.15758241936174
differential_evolution step 117: f(x)= 343.15758241936174
differential_evolution step 118: f(x)= 343.15758241936174
differential_evolution step 119: f(x)= 331.05472913462773
differential_evolution step 120: f(x)= 331.05472913462773
differential_evolution step 121: f(x)= 246.57861916651473
differential_evolution step 122: f(x)= 246.57861916651473
differential_evolution step 123: f(x)= 246.57861916651473
differential_evolution step 124: f(x)= 246.57861916651473
differential_evolution step 125: f(x)= 246.57861916651473
differential_evolution step 126: f(x)= 246.57861916651473
differential_evolution step 127: f(x)= 246.57861916651473
differential_evolution step 128: f(x)= 239.0010014842468
differential_evolution step 129: f(x)= 239.0010014842468
differential_evolution step 130: f(x)= 239.0010014842468
differential_evolution step 131: f(x)= 239.0010014842468
differential_evolution step 132: f(x)= 239.0010014842468
differential_evolution step 133: f(x)= 239.0010014842468
differential_evolution step 134: f(x)= 239.0010014842468
differential_evolution step 135: f(x)= 239.0010014842468
differential_evolution step 136: f(x)= 239.0010014842468
differential_evolution step 137: f(x)= 239.0010014842468
differential_evolution step 138: f(x)= 239.0010014842468
differential_evolution step 139: f(x)= 239.0010014842468
differential_evolution step 140: f(x)= 239.0010014842468
differential_evolution step 141: f(x)= 239.0010014842468
differential_evolution step 142: f(x)= 239.0010014842468
differential_evolution step 143: f(x)= 239.0010014842468
differential_evolution step 144: f(x)= 230.41362799710657
differential_evolution step 145: f(x)= 230.41362799710657
differential_evolution step 146: f(x)= 230.41362799710657
differential_evolution step 147: f(x)= 230.41362799710657
differential_evolution step 148: f(x)= 230.41362799710657
differential_evolution step 149: f(x)= 230.41362799710657
differential_evolution step 150: f(x)= 229.73194538850657
differential_evolution step 151: f(x)= 229.73194538850657
differential_evolution step 152: f(x)= 229.73194538850657
differential_evolution step 153: f(x)= 224.3584515651024
differential_evolution step 154: f(x)= 223.41817522822214
differential_evolution step 155: f(x)= 223.41817522822214
differential_evolution step 156: f(x)= 223.41817522822214
differential_evolution step 157: f(x)= 222.19736254391393
differential_evolution step 158: f(x)= 222.19736254391393
differential_evolution step 159: f(x)= 222.19736254391393
differential_evolution step 160: f(x)= 222.19736254391393
differential_evolution step 161: f(x)= 222.19736254391393
differential_evolution step 162: f(x)= 222.19736254391393
differential_evolution step 163: f(x)= 222.19736254391393
differential_evolution step 164: f(x)= 222.19736254391393
differential_evolution step 165: f(x)= 222.19736254391393
differential_evolution step 166: f(x)= 222.19736254391393
differential_evolution step 167: f(x)= 222.19736254391393
differential_evolution step 168: f(x)= 222.19736254391393
differential_evolution step 169: f(x)= 222.19736254391393
differential_evolution step 170: f(x)= 222.19736254391393
differential_evolution step 171: f(x)= 222.19736254391393
differential_evolution step 172: f(x)= 222.19736254391393
differential_evolution step 173: f(x)= 222.19736254391393
differential_evolution step 174: f(x)= 219.24063120431828
differential_evolution step 175: f(x)= 219.24063120431828
differential_evolution step 176: f(x)= 219.24063120431828
differential_evolution step 177: f(x)= 219.24063120431828
differential_evolution step 178: f(x)= 219.24063120431828
differential_evolution step 179: f(x)= 219.24063120431828
differential_evolution step 180: f(x)= 217.32119685696503
differential_evolution step 181: f(x)= 217.32119685696503
differential_evolution step 182: f(x)= 217.32119685696503
differential_evolution step 183: f(x)= 217.32119685696503
differential_evolution step 184: f(x)= 217.32119685696503
differential_evolution step 185: f(x)= 217.32119685696503
differential_evolution step 186: f(x)= 217.32119685696503
differential_evolution step 187: f(x)= 217.32119685696503
differential_evolution step 188: f(x)= 217.32119685696503
differential_evolution step 189: f(x)= 217.32119685696503
differential_evolution step 190: f(x)= 217.32119685696503
differential_evolution step 191: f(x)= 217.32119685696503
differential_evolution step 192: f(x)= 217.32119685696503
differential_evolution step 193: f(x)= 217.29137600956278
differential_evolution step 194: f(x)= 217.29137600956278
differential_evolution step 195: f(x)= 217.29137600956278
differential_evolution step 196: f(x)= 217.29137600956278
differential_evolution step 197: f(x)= 217.29137600956278
differential_evolution step 198: f(x)= 217.29137600956278
differential_evolution step 199: f(x)= 217.29137600956278
differential_evolution step 200: f(x)= 217.29137600956278
Cluster 0 DE best chi^2: 217.291 with params {'x_src': np.float64(77.92260922726672), 'y_src': np.float64(78.27547539428858), 'z_s': np.float64(4.316544940877825)}
--- Running DE for Cluster 1 ---
[DE] Process Pool with 16 procs (init=latinhypercube, popsize=50)
differential_evolution step 1: f(x)= 3000.0
differential_evolution step 2: f(x)= 3000.0
differential_evolution step 3: f(x)= 3000.0
differential_evolution step 4: f(x)= 3000.0
differential_evolution step 5: f(x)= 3000.0
differential_evolution step 6: f(x)= 3000.0
differential_evolution step 7: f(x)= 3000.0
differential_evolution step 8: f(x)= 3000.0
differential_evolution step 9: f(x)= 3000.0
differential_evolution step 10: f(x)= 3000.0
differential_evolution step 11: f(x)= 3000.0
differential_evolution step 12: f(x)= 3000.0
differential_evolution step 13: f(x)= 3000.0
differential_evolution step 14: f(x)= 3000.0
differential_evolution step 15: f(x)= 3000.0
differential_evolution step 16: f(x)= 3000.0
differential_evolution step 17: f(x)= 3000.0
differential_evolution step 18: f(x)= 3000.0
differential_evolution step 19: f(x)= 3000.0
differential_evolution step 20: f(x)= 3000.0
differential_evolution step 21: f(x)= 3000.0
differential_evolution step 22: f(x)= 3000.0
differential_evolution step 23: f(x)= 3000.0
differential_evolution step 24: f(x)= 3000.0
differential_evolution step 25: f(x)= 3000.0
differential_evolution step 26: f(x)= 3000.0
differential_evolution step 27: f(x)= 3000.0
differential_evolution step 28: f(x)= 3000.0
differential_evolution step 29: f(x)= 3000.0
differential_evolution step 30: f(x)= 3000.0
differential_evolution step 31: f(x)= 3000.0
differential_evolution step 32: f(x)= 3000.0
differential_evolution step 33: f(x)= 3000.0
differential_evolution step 34: f(x)= 3000.0
differential_evolution step 35: f(x)= 3000.0
differential_evolution step 36: f(x)= 3000.0
differential_evolution step 37: f(x)= 3000.0
differential_evolution step 38: f(x)= 3000.0
Cluster 1 DE best chi^2: 3000.000 with params {'x_src': np.float64(206.86386759102226), 'y_src': np.float64(194.40870870548687), 'z_s': np.float64(4.31442841051609)}
--- Running DE for Cluster 2 ---
[DE] Process Pool with 16 procs (init=latinhypercube, popsize=50)
differential_evolution step 1: f(x)= 4242.640687119286
differential_evolution step 2: f(x)= 4242.640687119286
differential_evolution step 3: f(x)= 3000.0
differential_evolution step 4: f(x)= 3000.0
differential_evolution step 5: f(x)= 3000.0
differential_evolution step 6: f(x)= 3000.0
differential_evolution step 7: f(x)= 3000.0
differential_evolution step 8: f(x)= 3000.0
differential_evolution step 9: f(x)= 2029.1003820968594
differential_evolution step 10: f(x)= 2029.1003820968594
differential_evolution step 11: f(x)= 2029.1003820968594
differential_evolution step 12: f(x)= 2029.1003820968594
differential_evolution step 13: f(x)= 2029.1003820968594
differential_evolution step 14: f(x)= 2029.1003820968594
differential_evolution step 15: f(x)= 143.5169305337034
differential_evolution step 16: f(x)= 143.5169305337034
differential_evolution step 17: f(x)= 143.5169305337034
differential_evolution step 18: f(x)= 143.5169305337034
differential_evolution step 19: f(x)= 143.5169305337034
differential_evolution step 20: f(x)= 143.5169305337034
differential_evolution step 21: f(x)= 143.5169305337034
differential_evolution step 22: f(x)= 143.5169305337034
differential_evolution step 23: f(x)= 143.5169305337034
differential_evolution step 24: f(x)= 143.5169305337034
differential_evolution step 25: f(x)= 143.5169305337034
differential_evolution step 26: f(x)= 130.909534081405
differential_evolution step 27: f(x)= 130.909534081405
differential_evolution step 28: f(x)= 118.87877929743846
differential_evolution step 29: f(x)= 61.56088241451603
differential_evolution step 30: f(x)= 61.56088241451603
differential_evolution step 31: f(x)= 61.56088241451603
differential_evolution step 32: f(x)= 61.56088241451603
differential_evolution step 33: f(x)= 61.56088241451603
differential_evolution step 34: f(x)= 61.56088241451603
differential_evolution step 35: f(x)= 61.56088241451603
differential_evolution step 36: f(x)= 61.56088241451603
differential_evolution step 37: f(x)= 61.56088241451603
differential_evolution step 38: f(x)= 61.56088241451603
differential_evolution step 39: f(x)= 52.00343107895567
differential_evolution step 40: f(x)= 52.00343107895567
differential_evolution step 41: f(x)= 52.00343107895567
differential_evolution step 42: f(x)= 52.00343107895567
differential_evolution step 43: f(x)= 52.00343107895567
differential_evolution step 44: f(x)= 52.00343107895567
differential_evolution step 45: f(x)= 52.00343107895567
differential_evolution step 46: f(x)= 52.00343107895567
differential_evolution step 47: f(x)= 52.00343107895567
differential_evolution step 48: f(x)= 52.00343107895567
differential_evolution step 49: f(x)= 52.00343107895567
differential_evolution step 50: f(x)= 52.00343107895567
differential_evolution step 51: f(x)= 52.00343107895567
differential_evolution step 52: f(x)= 52.00343107895567
differential_evolution step 53: f(x)= 52.00343107895567
differential_evolution step 54: f(x)= 52.00343107895567
differential_evolution step 55: f(x)= 33.54911759122348
differential_evolution step 56: f(x)= 33.54911759122348
differential_evolution step 57: f(x)= 33.54911759122348
differential_evolution step 58: f(x)= 33.54911759122348
differential_evolution step 59: f(x)= 33.54911759122348
differential_evolution step 60: f(x)= 33.54911759122348
differential_evolution step 61: f(x)= 33.54911759122348
differential_evolution step 62: f(x)= 33.54911759122348
differential_evolution step 63: f(x)= 33.54911759122348
differential_evolution step 64: f(x)= 33.54911759122348
differential_evolution step 65: f(x)= 33.54911759122348
differential_evolution step 66: f(x)= 25.026462910281673
differential_evolution step 67: f(x)= 25.026462910281673
differential_evolution step 68: f(x)= 25.026462910281673
differential_evolution step 69: f(x)= 25.026462910281673
differential_evolution step 70: f(x)= 25.026462910281673
differential_evolution step 71: f(x)= 25.026462910281673
differential_evolution step 72: f(x)= 25.026462910281673
differential_evolution step 73: f(x)= 25.026462910281673
differential_evolution step 74: f(x)= 6.974626199968573
differential_evolution step 75: f(x)= 6.974626199968573
differential_evolution step 76: f(x)= 6.974626199968573
differential_evolution step 77: f(x)= 6.974626199968573
differential_evolution step 78: f(x)= 6.974626199968573
differential_evolution step 79: f(x)= 6.974626199968573
differential_evolution step 80: f(x)= 6.974626199968573
differential_evolution step 81: f(x)= 6.974626199968573
differential_evolution step 82: f(x)= 6.974626199968573
differential_evolution step 83: f(x)= 6.974626199968573
differential_evolution step 84: f(x)= 6.974626199968573
differential_evolution step 85: f(x)= 6.974626199968573
differential_evolution step 86: f(x)= 6.974626199968573
differential_evolution step 87: f(x)= 6.974626199968573
differential_evolution step 88: f(x)= 6.974626199968573
differential_evolution step 89: f(x)= 6.974626199968573
differential_evolution step 90: f(x)= 6.974626199968573
differential_evolution step 91: f(x)= 3.8160203581539522
differential_evolution step 92: f(x)= 3.8160203581539522
differential_evolution step 93: f(x)= 3.8160203581539522
differential_evolution step 94: f(x)= 3.8160203581539522
differential_evolution step 95: f(x)= 1.5307643889623195
differential_evolution step 96: f(x)= 1.5307643889623195
differential_evolution step 97: f(x)= 1.5307643889623195
differential_evolution step 98: f(x)= 1.5307643889623195
differential_evolution step 99: f(x)= 1.5307643889623195
differential_evolution step 100: f(x)= 0.6059696478122961
differential_evolution step 101: f(x)= 0.6059696478122961
differential_evolution step 102: f(x)= 0.6059696478122961
differential_evolution step 103: f(x)= 0.6037617305199627
differential_evolution step 104: f(x)= 0.6037617305199627
differential_evolution step 105: f(x)= 0.6037617305199627
differential_evolution step 106: f(x)= 0.6037617305199627
differential_evolution step 107: f(x)= 0.6037617305199627
differential_evolution step 108: f(x)= 0.6037617305199627
differential_evolution step 109: f(x)= 0.2956801395014269
differential_evolution step 110: f(x)= 0.2956801395014269
differential_evolution step 111: f(x)= 0.2956801395014269
differential_evolution step 112: f(x)= 0.2808641481379563
differential_evolution step 113: f(x)= 0.2808641481379563
differential_evolution step 114: f(x)= 0.2808641481379563
differential_evolution step 115: f(x)= 0.2808641481379563
differential_evolution step 116: f(x)= 0.2808641481379563
differential_evolution step 117: f(x)= 0.2808641481379563
differential_evolution step 118: f(x)= 0.2528886152203389
differential_evolution step 119: f(x)= 0.2055662766874947
differential_evolution step 120: f(x)= 0.06770705844012768
differential_evolution step 121: f(x)= 0.06770705844012768
differential_evolution step 122: f(x)= 0.04744156016630964
differential_evolution step 123: f(x)= 0.04744156016630964
differential_evolution step 124: f(x)= 0.04744156016630964
differential_evolution step 125: f(x)= 0.03744338557284
differential_evolution step 126: f(x)= 0.03744338557284
differential_evolution step 127: f(x)= 0.03744338557284
differential_evolution step 128: f(x)= 0.03744338557284
differential_evolution step 129: f(x)= 0.03744338557284
differential_evolution step 130: f(x)= 0.03744338557284
differential_evolution step 131: f(x)= 0.03744338557284
differential_evolution step 132: f(x)= 0.03744338557284
differential_evolution step 133: f(x)= 0.03744338557284
differential_evolution step 134: f(x)= 0.03744338557284
differential_evolution step 135: f(x)= 0.03744338557284
differential_evolution step 136: f(x)= 0.013470867735548665
Cluster 2 DE best chi^2: 0.013 with params {'x_src': np.float64(100.0462525787216), 'y_src': np.float64(98.87011350687116), 'z_s': np.float64(3.3668144828189877)}
--- Running DE for Cluster 3 ---
[DE] Process Pool with 16 procs (init=latinhypercube, popsize=50)
differential_evolution step 1: f(x)= 4242.640687119286
differential_evolution step 2: f(x)= 3000.0
differential_evolution step 3: f(x)= 3000.0
differential_evolution step 4: f(x)= 3000.0
differential_evolution step 5: f(x)= 3000.0
differential_evolution step 6: f(x)= 3000.0
differential_evolution step 7: f(x)= 3000.0
differential_evolution step 8: f(x)= 3000.0
differential_evolution step 9: f(x)= 3000.0
differential_evolution step 10: f(x)= 3000.0
differential_evolution step 11: f(x)= 3000.0
differential_evolution step 12: f(x)= 3000.0
differential_evolution step 13: f(x)= 3000.0
differential_evolution step 14: f(x)= 3000.0
differential_evolution step 15: f(x)= 3000.0
differential_evolution step 16: f(x)= 3000.0
differential_evolution step 17: f(x)= 3000.0
differential_evolution step 18: f(x)= 3000.0
differential_evolution step 19: f(x)= 3000.0
differential_evolution step 20: f(x)= 3000.0
differential_evolution step 21: f(x)= 3000.0
differential_evolution step 22: f(x)= 3000.0
differential_evolution step 23: f(x)= 3000.0
differential_evolution step 24: f(x)= 3000.0
differential_evolution step 25: f(x)= 3000.0
differential_evolution step 26: f(x)= 3000.0
differential_evolution step 27: f(x)= 3000.0
differential_evolution step 28: f(x)= 3000.0
differential_evolution step 29: f(x)= 3000.0
differential_evolution step 30: f(x)= 3000.0
differential_evolution step 31: f(x)= 3000.0
differential_evolution step 32: f(x)= 3000.0
differential_evolution step 33: f(x)= 3000.0
differential_evolution step 34: f(x)= 3000.0
differential_evolution step 35: f(x)= 3000.0
differential_evolution step 36: f(x)= 3000.0
differential_evolution step 37: f(x)= 3000.0
differential_evolution step 38: f(x)= 3000.0
differential_evolution step 39: f(x)= 3000.0
differential_evolution step 40: f(x)= 3000.0
differential_evolution step 41: f(x)= 3000.0
differential_evolution step 42: f(x)= 3000.0
differential_evolution step 43: f(x)= 3000.0
differential_evolution step 44: f(x)= 3000.0
differential_evolution step 45: f(x)= 3000.0
differential_evolution step 46: f(x)= 3000.0
differential_evolution step 47: f(x)= 3000.0
differential_evolution step 48: f(x)= 3000.0
differential_evolution step 49: f(x)= 3000.0
differential_evolution step 50: f(x)= 3000.0
differential_evolution step 51: f(x)= 3000.0
differential_evolution step 52: f(x)= 3000.0
differential_evolution step 53: f(x)= 3000.0
differential_evolution step 54: f(x)= 3000.0
differential_evolution step 55: f(x)= 3000.0
differential_evolution step 56: f(x)= 3000.0
differential_evolution step 57: f(x)= 3000.0
differential_evolution step 58: f(x)= 3000.0
differential_evolution step 59: f(x)= 3000.0
differential_evolution step 60: f(x)= 3000.0
differential_evolution step 61: f(x)= 3000.0
differential_evolution step 62: f(x)= 3000.0
differential_evolution step 63: f(x)= 3000.0
differential_evolution step 64: f(x)= 3000.0
differential_evolution step 65: f(x)= 3000.0
differential_evolution step 66: f(x)= 3000.0
differential_evolution step 67: f(x)= 3000.0
differential_evolution step 68: f(x)= 3000.0
differential_evolution step 69: f(x)= 3000.0
differential_evolution step 70: f(x)= 3000.0
differential_evolution step 71: f(x)= 3000.0
differential_evolution step 72: f(x)= 3000.0
differential_evolution step 73: f(x)= 3000.0
differential_evolution step 74: f(x)= 3000.0
differential_evolution step 75: f(x)= 3000.0
differential_evolution step 76: f(x)= 3000.0
differential_evolution step 77: f(x)= 3000.0
differential_evolution step 78: f(x)= 3000.0
differential_evolution step 79: f(x)= 3000.0
differential_evolution step 80: f(x)= 3000.0
differential_evolution step 81: f(x)= 3000.0
differential_evolution step 82: f(x)= 3000.0
differential_evolution step 83: f(x)= 3000.0
differential_evolution step 84: f(x)= 3000.0
differential_evolution step 85: f(x)= 3000.0
differential_evolution step 86: f(x)= 3000.0
differential_evolution step 87: f(x)= 3000.0
differential_evolution step 88: f(x)= 3000.0
differential_evolution step 89: f(x)= 3000.0
differential_evolution step 90: f(x)= 3000.0
differential_evolution step 91: f(x)= 3000.0
differential_evolution step 92: f(x)= 3000.0
differential_evolution step 93: f(x)= 3000.0
differential_evolution step 94: f(x)= 3000.0
differential_evolution step 95: f(x)= 3000.0
differential_evolution step 96: f(x)= 3000.0
differential_evolution step 97: f(x)= 3000.0
differential_evolution step 98: f(x)= 3000.0
differential_evolution step 99: f(x)= 3000.0
differential_evolution step 100: f(x)= 3000.0
differential_evolution step 101: f(x)= 3000.0
differential_evolution step 102: f(x)= 3000.0
differential_evolution step 103: f(x)= 3000.0
differential_evolution step 104: f(x)= 3000.0
differential_evolution step 105: f(x)= 3000.0
differential_evolution step 106: f(x)= 3000.0
differential_evolution step 107: f(x)= 3000.0
differential_evolution step 108: f(x)= 3000.0
differential_evolution step 109: f(x)= 3000.0
differential_evolution step 110: f(x)= 3000.0
differential_evolution step 111: f(x)= 3000.0
differential_evolution step 112: f(x)= 3000.0
differential_evolution step 113: f(x)= 3000.0
differential_evolution step 114: f(x)= 3000.0
differential_evolution step 115: f(x)= 3000.0
differential_evolution step 116: f(x)= 3000.0
differential_evolution step 117: f(x)= 3000.0
differential_evolution step 118: f(x)= 3000.0
differential_evolution step 119: f(x)= 3000.0
differential_evolution step 120: f(x)= 3000.0
differential_evolution step 121: f(x)= 3000.0
differential_evolution step 122: f(x)= 3000.0
differential_evolution step 123: f(x)= 3000.0
differential_evolution step 124: f(x)= 3000.0
differential_evolution step 125: f(x)= 3000.0
differential_evolution step 126: f(x)= 3000.0
differential_evolution step 127: f(x)= 3000.0
differential_evolution step 128: f(x)= 3000.0
differential_evolution step 129: f(x)= 3000.0
differential_evolution step 130: f(x)= 3000.0
differential_evolution step 131: f(x)= 3000.0
differential_evolution step 132: f(x)= 3000.0
differential_evolution step 133: f(x)= 3000.0
differential_evolution step 134: f(x)= 3000.0
differential_evolution step 135: f(x)= 3000.0
differential_evolution step 136: f(x)= 3000.0
differential_evolution step 137: f(x)= 3000.0
differential_evolution step 138: f(x)= 3000.0
differential_evolution step 139: f(x)= 3000.0
differential_evolution step 140: f(x)= 3000.0
differential_evolution step 141: f(x)= 3000.0
differential_evolution step 142: f(x)= 3000.0
differential_evolution step 143: f(x)= 3000.0
differential_evolution step 144: f(x)= 3000.0
differential_evolution step 145: f(x)= 3000.0
Cluster 3 DE best chi^2: 3000.000 with params {'x_src': np.float64(116.0202427206081), 'y_src': np.float64(120.5615170988976), 'z_s': np.float64(2.0390517051000736)}
--- Running DE for Cluster 4 ---
[DE] Process Pool with 16 procs (init=latinhypercube, popsize=50)
differential_evolution step 1: f(x)= 3000.0
differential_evolution step 2: f(x)= 3000.0
differential_evolution step 3: f(x)= 1187.3584367657568
differential_evolution step 4: f(x)= 1187.3584367657568
differential_evolution step 5: f(x)= 1187.3584367657568
differential_evolution step 6: f(x)= 1187.3584367657568
differential_evolution step 7: f(x)= 1187.3584367657568
differential_evolution step 8: f(x)= 1187.3584367657568
differential_evolution step 9: f(x)= 1187.3584367657568
differential_evolution step 10: f(x)= 1187.3584367657568
differential_evolution step 11: f(x)= 1187.3584367657568
differential_evolution step 12: f(x)= 1187.3584367657568
differential_evolution step 13: f(x)= 1187.3584367657568
differential_evolution step 14: f(x)= 1187.3584367657568
differential_evolution step 15: f(x)= 1187.3584367657568
differential_evolution step 16: f(x)= 1187.3584367657568
differential_evolution step 17: f(x)= 1187.3584367657568
differential_evolution step 18: f(x)= 1187.3584367657568
differential_evolution step 19: f(x)= 1187.3584367657568
differential_evolution step 20: f(x)= 1187.3584367657568
differential_evolution step 21: f(x)= 1187.3584367657568
differential_evolution step 22: f(x)= 1187.3584367657568
differential_evolution step 23: f(x)= 1187.3584367657568
differential_evolution step 24: f(x)= 1187.3584367657568
differential_evolution step 25: f(x)= 687.0193668620567
differential_evolution step 26: f(x)= 687.0193668620567
differential_evolution step 27: f(x)= 687.0193668620567
differential_evolution step 28: f(x)= 687.0193668620567
differential_evolution step 29: f(x)= 687.0193668620567
differential_evolution step 30: f(x)= 687.0193668620567
differential_evolution step 31: f(x)= 687.0193668620567
differential_evolution step 32: f(x)= 687.0193668620567
differential_evolution step 33: f(x)= 687.0193668620567
differential_evolution step 34: f(x)= 687.0193668620567
differential_evolution step 35: f(x)= 687.0193668620567
differential_evolution step 36: f(x)= 687.0193668620567
differential_evolution step 37: f(x)= 687.0193668620567
differential_evolution step 38: f(x)= 687.0193668620567
differential_evolution step 39: f(x)= 687.0193668620567
differential_evolution step 40: f(x)= 687.0193668620567
differential_evolution step 41: f(x)= 687.0193668620567
differential_evolution step 42: f(x)= 687.0193668620567
differential_evolution step 43: f(x)= 687.0193668620567
differential_evolution step 44: f(x)= 687.0193668620567
differential_evolution step 45: f(x)= 687.0193668620567
differential_evolution step 46: f(x)= 687.0193668620567
differential_evolution step 47: f(x)= 687.0193668620567
differential_evolution step 48: f(x)= 687.0193668620567
differential_evolution step 49: f(x)= 687.0193668620567
differential_evolution step 50: f(x)= 687.0193668620567
differential_evolution step 51: f(x)= 687.0193668620567
differential_evolution step 52: f(x)= 687.0193668620567
differential_evolution step 53: f(x)= 687.0193668620567
differential_evolution step 54: f(x)= 687.0193668620567
differential_evolution step 55: f(x)= 687.0193668620567
differential_evolution step 56: f(x)= 687.0193668620567
differential_evolution step 57: f(x)= 687.0193668620567
differential_evolution step 58: f(x)= 687.0193668620567
differential_evolution step 59: f(x)= 687.0193668620567
differential_evolution step 60: f(x)= 687.0193668620567
differential_evolution step 61: f(x)= 687.0193668620567
differential_evolution step 62: f(x)= 687.0193668620567
differential_evolution step 63: f(x)= 687.0193668620567
differential_evolution step 64: f(x)= 687.0193668620567
differential_evolution step 65: f(x)= 687.0193668620567
differential_evolution step 66: f(x)= 687.0193668620567
differential_evolution step 67: f(x)= 687.0193668620567
differential_evolution step 68: f(x)= 687.0193668620567
differential_evolution step 69: f(x)= 687.0193668620567
differential_evolution step 70: f(x)= 687.0193668620567
differential_evolution step 71: f(x)= 687.0193668620567
differential_evolution step 72: f(x)= 687.0193668620567
differential_evolution step 73: f(x)= 687.0193668620567
differential_evolution step 74: f(x)= 687.0193668620567
differential_evolution step 75: f(x)= 687.0193668620567
differential_evolution step 76: f(x)= 687.0193668620567
differential_evolution step 77: f(x)= 687.0193668620567
differential_evolution step 78: f(x)= 687.0193668620567
differential_evolution step 79: f(x)= 687.0193668620567
differential_evolution step 80: f(x)= 687.0193668620567
differential_evolution step 81: f(x)= 687.0193668620567
differential_evolution step 82: f(x)= 687.0193668620567
differential_evolution step 83: f(x)= 687.0193668620567
differential_evolution step 84: f(x)= 687.0193668620567
differential_evolution step 85: f(x)= 687.0193668620567
differential_evolution step 86: f(x)= 687.0193668620567
differential_evolution step 87: f(x)= 687.0193668620567
differential_evolution step 88: f(x)= 687.0193668620567
differential_evolution step 89: f(x)= 687.0193668620567
differential_evolution step 90: f(x)= 687.0193668620567
differential_evolution step 91: f(x)= 687.0193668620567
differential_evolution step 92: f(x)= 687.0193668620567
differential_evolution step 93: f(x)= 687.0193668620567
differential_evolution step 94: f(x)= 687.0193668620567
differential_evolution step 95: f(x)= 687.0193668620567
differential_evolution step 96: f(x)= 687.0193668620567
differential_evolution step 97: f(x)= 687.0193668620567
differential_evolution step 98: f(x)= 687.0193668620567
differential_evolution step 99: f(x)= 687.0193668620567
differential_evolution step 100: f(x)= 687.0193668620567
differential_evolution step 101: f(x)= 687.0193668620567
differential_evolution step 102: f(x)= 687.0193668620567
differential_evolution step 103: f(x)= 687.0193668620567
differential_evolution step 104: f(x)= 687.0193668620567
differential_evolution step 105: f(x)= 687.0193668620567
differential_evolution step 106: f(x)= 535.6656955275882
differential_evolution step 107: f(x)= 535.6656955275882
differential_evolution step 108: f(x)= 535.6656955275882
differential_evolution step 109: f(x)= 535.6656955275882
differential_evolution step 110: f(x)= 535.6656955275882
differential_evolution step 111: f(x)= 535.6656955275882
differential_evolution step 112: f(x)= 535.6656955275882
differential_evolution step 113: f(x)= 535.6656955275882
differential_evolution step 114: f(x)= 535.6656955275882
differential_evolution step 115: f(x)= 535.6656955275882
differential_evolution step 116: f(x)= 535.6656955275882
differential_evolution step 117: f(x)= 535.6656955275882
differential_evolution step 118: f(x)= 535.6656955275882
differential_evolution step 119: f(x)= 535.6656955275882
differential_evolution step 120: f(x)= 535.6656955275882
differential_evolution step 121: f(x)= 535.6656955275882
differential_evolution step 122: f(x)= 535.6656955275882
differential_evolution step 123: f(x)= 535.6656955275882
differential_evolution step 124: f(x)= 535.6656955275882
differential_evolution step 125: f(x)= 535.6656955275882
differential_evolution step 126: f(x)= 535.6656955275882
differential_evolution step 127: f(x)= 535.6656955275882
differential_evolution step 128: f(x)= 535.6656955275882
differential_evolution step 129: f(x)= 535.6656955275882
differential_evolution step 130: f(x)= 535.6656955275882
differential_evolution step 131: f(x)= 535.6656955275882
differential_evolution step 132: f(x)= 535.6656955275882
differential_evolution step 133: f(x)= 535.6656955275882
differential_evolution step 134: f(x)= 381.04151073358173
differential_evolution step 135: f(x)= 381.04151073358173
differential_evolution step 136: f(x)= 381.04151073358173
differential_evolution step 137: f(x)= 381.04151073358173
differential_evolution step 138: f(x)= 381.04151073358173
differential_evolution step 139: f(x)= 381.04151073358173
differential_evolution step 140: f(x)= 381.04151073358173
differential_evolution step 141: f(x)= 381.04151073358173
differential_evolution step 142: f(x)= 381.04151073358173
differential_evolution step 143: f(x)= 381.04151073358173
differential_evolution step 144: f(x)= 381.04151073358173
differential_evolution step 145: f(x)= 381.04151073358173
differential_evolution step 146: f(x)= 381.04151073358173
differential_evolution step 147: f(x)= 381.04151073358173
differential_evolution step 148: f(x)= 381.04151073358173
differential_evolution step 149: f(x)= 381.04151073358173
differential_evolution step 150: f(x)= 381.04151073358173
differential_evolution step 151: f(x)= 381.04151073358173
differential_evolution step 152: f(x)= 381.04151073358173
differential_evolution step 153: f(x)= 381.04151073358173
differential_evolution step 154: f(x)= 381.04151073358173
differential_evolution step 155: f(x)= 381.04151073358173
differential_evolution step 156: f(x)= 381.04151073358173
differential_evolution step 157: f(x)= 381.04151073358173
differential_evolution step 158: f(x)= 381.04151073358173
differential_evolution step 159: f(x)= 381.04151073358173
differential_evolution step 160: f(x)= 381.04151073358173
differential_evolution step 161: f(x)= 381.04151073358173
differential_evolution step 162: f(x)= 381.04151073358173
differential_evolution step 163: f(x)= 381.04151073358173
differential_evolution step 164: f(x)= 381.04151073358173
differential_evolution step 165: f(x)= 381.04151073358173
differential_evolution step 166: f(x)= 381.04151073358173
differential_evolution step 167: f(x)= 381.04151073358173
differential_evolution step 168: f(x)= 381.04151073358173
differential_evolution step 169: f(x)= 381.04151073358173
differential_evolution step 170: f(x)= 381.04151073358173
differential_evolution step 171: f(x)= 381.04151073358173
differential_evolution step 172: f(x)= 381.04151073358173
differential_evolution step 173: f(x)= 381.04151073358173
differential_evolution step 174: f(x)= 381.04151073358173
differential_evolution step 175: f(x)= 381.04151073358173
differential_evolution step 176: f(x)= 381.04151073358173
differential_evolution step 177: f(x)= 381.04151073358173
differential_evolution step 178: f(x)= 381.04151073358173
differential_evolution step 179: f(x)= 381.04151073358173
differential_evolution step 180: f(x)= 381.04151073358173
differential_evolution step 181: f(x)= 381.04151073358173
differential_evolution step 182: f(x)= 381.04151073358173
differential_evolution step 183: f(x)= 381.04151073358173
differential_evolution step 184: f(x)= 381.04151073358173
differential_evolution step 185: f(x)= 381.04151073358173
differential_evolution step 186: f(x)= 381.04151073358173
differential_evolution step 187: f(x)= 381.04151073358173
differential_evolution step 188: f(x)= 381.04151073358173
differential_evolution step 189: f(x)= 381.04151073358173
differential_evolution step 190: f(x)= 381.04151073358173
differential_evolution step 191: f(x)= 381.04151073358173
differential_evolution step 192: f(x)= 381.04151073358173
differential_evolution step 193: f(x)= 381.04151073358173
differential_evolution step 194: f(x)= 381.04151073358173
differential_evolution step 195: f(x)= 381.04151073358173
differential_evolution step 196: f(x)= 381.04151073358173
differential_evolution step 197: f(x)= 381.04151073358173
differential_evolution step 198: f(x)= 381.04151073358173
differential_evolution step 199: f(x)= 381.04151073358173
differential_evolution step 200: f(x)= 381.04151073358173
Cluster 4 DE best chi^2: 381.042 with params {'x_src': np.float64(241.7963491472737), 'y_src': np.float64(238.86368259052634), 'z_s': np.float64(2.160875679573217)}
--- Running DE for Cluster 5 ---
[DE] Process Pool with 16 procs (init=latinhypercube, popsize=50)
differential_evolution step 1: f(x)= 4242.640687119286
differential_evolution step 2: f(x)= 4242.640687119286
differential_evolution step 3: f(x)= 4242.640687119286
differential_evolution step 4: f(x)= 4242.640687119286
differential_evolution step 5: f(x)= 4242.640687119286
differential_evolution step 6: f(x)= 4242.640687119286
differential_evolution step 7: f(x)= 3000.0
differential_evolution step 8: f(x)= 3000.0
differential_evolution step 9: f(x)= 3000.0
differential_evolution step 10: f(x)= 3000.0
differential_evolution step 11: f(x)= 3000.0
differential_evolution step 12: f(x)= 3000.0
differential_evolution step 13: f(x)= 3000.0
differential_evolution step 14: f(x)= 3000.0
differential_evolution step 15: f(x)= 3000.0
differential_evolution step 16: f(x)= 3000.0
differential_evolution step 17: f(x)= 3000.0
differential_evolution step 18: f(x)= 2983.27682625768
differential_evolution step 19: f(x)= 2983.27682625768
differential_evolution step 20: f(x)= 2983.27682625768
differential_evolution step 21: f(x)= 2983.27682625768
differential_evolution step 22: f(x)= 2983.27682625768
differential_evolution step 23: f(x)= 2983.27682625768
differential_evolution step 24: f(x)= 2983.27682625768
differential_evolution step 25: f(x)= 1725.5900663964849
differential_evolution step 26: f(x)= 1725.5900663964849
differential_evolution step 27: f(x)= 1545.7011502553544
differential_evolution step 28: f(x)= 1545.7011502553544
differential_evolution step 29: f(x)= 1545.7011502553544
differential_evolution step 30: f(x)= 1179.7226595115117
differential_evolution step 31: f(x)= 1179.7226595115117
differential_evolution step 32: f(x)= 1179.7226595115117
differential_evolution step 33: f(x)= 1179.7226595115117
differential_evolution step 34: f(x)= 1179.7226595115117
differential_evolution step 35: f(x)= 1179.7226595115117
differential_evolution step 36: f(x)= 649.7716207843438
differential_evolution step 37: f(x)= 649.7716207843438
differential_evolution step 38: f(x)= 462.1747062861276
differential_evolution step 39: f(x)= 462.1747062861276
differential_evolution step 40: f(x)= 462.1747062861276
differential_evolution step 41: f(x)= 462.1747062861276
differential_evolution step 42: f(x)= 462.1747062861276
differential_evolution step 43: f(x)= 462.1747062861276
differential_evolution step 44: f(x)= 462.1747062861276
differential_evolution step 45: f(x)= 462.1747062861276
differential_evolution step 46: f(x)= 462.1747062861276
differential_evolution step 47: f(x)= 462.1747062861276
differential_evolution step 48: f(x)= 292.2192457223533
differential_evolution step 49: f(x)= 292.2192457223533
differential_evolution step 50: f(x)= 292.2192457223533
differential_evolution step 51: f(x)= 292.2192457223533
differential_evolution step 52: f(x)= 292.2192457223533
differential_evolution step 53: f(x)= 292.2192457223533
differential_evolution step 54: f(x)= 292.2192457223533
differential_evolution step 55: f(x)= 292.2192457223533
differential_evolution step 56: f(x)= 292.2192457223533
differential_evolution step 57: f(x)= 191.22523835126384
differential_evolution step 58: f(x)= 191.22523835126384
differential_evolution step 59: f(x)= 191.22523835126384
differential_evolution step 60: f(x)= 191.22523835126384
differential_evolution step 61: f(x)= 191.22523835126384
differential_evolution step 62: f(x)= 191.22523835126384
differential_evolution step 63: f(x)= 191.22523835126384
differential_evolution step 64: f(x)= 191.22523835126384
differential_evolution step 65: f(x)= 191.22523835126384
differential_evolution step 66: f(x)= 191.22523835126384
differential_evolution step 67: f(x)= 191.22523835126384
differential_evolution step 68: f(x)= 191.22523835126384
differential_evolution step 69: f(x)= 191.22523835126384
differential_evolution step 70: f(x)= 191.22523835126384
differential_evolution step 71: f(x)= 191.22523835126384
differential_evolution step 72: f(x)= 191.22523835126384
differential_evolution step 73: f(x)= 191.22523835126384
differential_evolution step 74: f(x)= 191.22523835126384
differential_evolution step 75: f(x)= 191.22523835126384
differential_evolution step 76: f(x)= 191.22523835126384
differential_evolution step 77: f(x)= 191.22523835126384
differential_evolution step 78: f(x)= 191.22523835126384
differential_evolution step 79: f(x)= 191.22523835126384
differential_evolution step 80: f(x)= 191.22523835126384
differential_evolution step 81: f(x)= 191.22523835126384
differential_evolution step 82: f(x)= 191.22523835126384
differential_evolution step 83: f(x)= 191.22523835126384
differential_evolution step 84: f(x)= 191.22523835126384
differential_evolution step 85: f(x)= 191.22523835126384
differential_evolution step 86: f(x)= 191.22523835126384
differential_evolution step 87: f(x)= 191.22523835126384
differential_evolution step 88: f(x)= 186.68512372745116
differential_evolution step 89: f(x)= 186.68512372745116
differential_evolution step 90: f(x)= 186.68512372745116
differential_evolution step 91: f(x)= 186.68512372745116
differential_evolution step 92: f(x)= 186.68512372745116
differential_evolution step 93: f(x)= 186.68512372745116
differential_evolution step 94: f(x)= 186.68512372745116
differential_evolution step 95: f(x)= 186.68512372745116
differential_evolution step 96: f(x)= 186.68512372745116
differential_evolution step 97: f(x)= 186.68512372745116
differential_evolution step 98: f(x)= 186.68512372745116
differential_evolution step 99: f(x)= 186.68512372745116
differential_evolution step 100: f(x)= 186.68512372745116
differential_evolution step 101: f(x)= 186.68512372745116
differential_evolution step 102: f(x)= 186.68512372745116
differential_evolution step 103: f(x)= 186.68512372745116
differential_evolution step 104: f(x)= 186.68512372745116
differential_evolution step 105: f(x)= 185.69151914017453
differential_evolution step 106: f(x)= 156.81526772658214
differential_evolution step 107: f(x)= 156.81526772658214
differential_evolution step 108: f(x)= 156.81526772658214
differential_evolution step 109: f(x)= 156.81526772658214
differential_evolution step 110: f(x)= 146.08886721805675
differential_evolution step 111: f(x)= 146.08886721805675
differential_evolution step 112: f(x)= 146.08886721805675
differential_evolution step 113: f(x)= 146.08886721805675
differential_evolution step 114: f(x)= 146.08886721805675
differential_evolution step 115: f(x)= 146.08886721805675
differential_evolution step 116: f(x)= 146.08886721805675
differential_evolution step 117: f(x)= 146.08886721805675
differential_evolution step 118: f(x)= 146.08886721805675
differential_evolution step 119: f(x)= 146.08886721805675
differential_evolution step 120: f(x)= 146.08886721805675
differential_evolution step 121: f(x)= 146.08886721805675
differential_evolution step 122: f(x)= 146.08886721805675
differential_evolution step 123: f(x)= 146.08886721805675
differential_evolution step 124: f(x)= 146.08886721805675
differential_evolution step 125: f(x)= 146.08886721805675
differential_evolution step 126: f(x)= 146.08886721805675
differential_evolution step 127: f(x)= 146.08886721805675
differential_evolution step 128: f(x)= 146.08886721805675
differential_evolution step 129: f(x)= 146.08886721805675
differential_evolution step 130: f(x)= 146.08886721805675
differential_evolution step 131: f(x)= 146.08886721805675
differential_evolution step 132: f(x)= 146.08886721805675
differential_evolution step 133: f(x)= 146.08886721805675
differential_evolution step 134: f(x)= 146.08886721805675
differential_evolution step 135: f(x)= 146.08886721805675
differential_evolution step 136: f(x)= 146.08886721805675
differential_evolution step 137: f(x)= 146.08886721805675
differential_evolution step 138: f(x)= 146.08886721805675
differential_evolution step 139: f(x)= 146.08886721805675
differential_evolution step 140: f(x)= 146.08886721805675
differential_evolution step 141: f(x)= 146.08886721805675
differential_evolution step 142: f(x)= 140.02994880615563
differential_evolution step 143: f(x)= 140.02994880615563
differential_evolution step 144: f(x)= 140.02994880615563
differential_evolution step 145: f(x)= 140.02994880615563
differential_evolution step 146: f(x)= 140.02994880615563
differential_evolution step 147: f(x)= 140.02994880615563
differential_evolution step 148: f(x)= 140.02994880615563
differential_evolution step 149: f(x)= 140.02994880615563
differential_evolution step 150: f(x)= 140.02994880615563
differential_evolution step 151: f(x)= 140.02994880615563
differential_evolution step 152: f(x)= 140.02994880615563
differential_evolution step 153: f(x)= 140.02994880615563
differential_evolution step 154: f(x)= 140.02994880615563
differential_evolution step 155: f(x)= 140.02994880615563
differential_evolution step 156: f(x)= 140.02994880615563
differential_evolution step 157: f(x)= 140.02994880615563
differential_evolution step 158: f(x)= 140.02994880615563
differential_evolution step 159: f(x)= 140.02994880615563
differential_evolution step 160: f(x)= 140.02994880615563
differential_evolution step 161: f(x)= 135.09263703783313
differential_evolution step 162: f(x)= 135.09263703783313
differential_evolution step 163: f(x)= 135.09263703783313
differential_evolution step 164: f(x)= 135.09263703783313
differential_evolution step 165: f(x)= 135.09263703783313
differential_evolution step 166: f(x)= 135.09263703783313
differential_evolution step 167: f(x)= 135.09263703783313
differential_evolution step 168: f(x)= 135.09263703783313
differential_evolution step 169: f(x)= 135.09263703783313
differential_evolution step 170: f(x)= 135.09263703783313
differential_evolution step 171: f(x)= 135.09263703783313
differential_evolution step 172: f(x)= 135.09263703783313
differential_evolution step 173: f(x)= 135.09263703783313
differential_evolution step 174: f(x)= 135.09263703783313
differential_evolution step 175: f(x)= 133.10376582294538
differential_evolution step 176: f(x)= 133.10376582294538
differential_evolution step 177: f(x)= 133.10376582294538
differential_evolution step 178: f(x)= 133.10376582294538
differential_evolution step 179: f(x)= 133.10376582294538
differential_evolution step 180: f(x)= 133.10376582294538
differential_evolution step 181: f(x)= 133.10376582294538
differential_evolution step 182: f(x)= 133.10376582294538
differential_evolution step 183: f(x)= 133.10376582294538
differential_evolution step 184: f(x)= 133.10376582294538
differential_evolution step 185: f(x)= 133.10376582294538
differential_evolution step 186: f(x)= 133.10376582294538
differential_evolution step 187: f(x)= 133.10376582294538
differential_evolution step 188: f(x)= 133.10376582294538
differential_evolution step 189: f(x)= 133.10376582294538
differential_evolution step 190: f(x)= 133.10376582294538
differential_evolution step 191: f(x)= 133.10376582294538
differential_evolution step 192: f(x)= 133.10376582294538
differential_evolution step 193: f(x)= 133.10376582294538
differential_evolution step 194: f(x)= 133.10376582294538
differential_evolution step 195: f(x)= 133.10376582294538
differential_evolution step 196: f(x)= 133.10376582294538
differential_evolution step 197: f(x)= 133.10376582294538
differential_evolution step 198: f(x)= 133.10376582294538
differential_evolution step 199: f(x)= 133.10376582294538
differential_evolution step 200: f(x)= 133.10376582294538
Cluster 5 DE best chi^2: 133.104 with params {'x_src': np.float64(148.5821922744139), 'y_src': np.float64(145.72724396812), 'z_s': np.float64(4.607994953150437)}

--- DE Optimization Summary ---
Best fit found for Cluster 2 with chi^2 = 0.013
Best-fit parameters: {'x_src': np.float64(100.0462525787216), 'y_src': np.float64(98.87011350687116), 'z_s': np.float64(3.3668144828189877)}

--- Running MCMC for Cluster 2 (chi_sq=0.013) ---
[MCMC] Process Pool with 16 procs
  0%|          | 0/20000 [00:00<?, ?it/s]  0%|          | 73/20000 [01:41<7:40:15,  1.39s/it]  0%|          | 86/20000 [02:00<7:39:57,  1.39s/it]  1%|          | 142/20000 [03:21<7:52:46,  1.43s/it]  1%|          | 154/20000 [03:40<7:52:29,  1.43s/it]  1%|          | 210/20000 [05:02<7:58:42,  1.45s/it]  1%|          | 222/20000 [05:20<7:58:25,  1.45s/it]  1%|         | 279/20000 [06:42<7:57:34,  1.45s/it]  1%|         | 290/20000 [07:00<7:57:18,  1.45s/it]  2%|         | 348/20000 [08:23<7:56:12,  1.45s/it]  2%|         | 360/20000 [08:40<7:55:54,  1.45s/it]  2%|         | 419/20000 [10:04<7:50:37,  1.44s/it]  2%|         | 431/20000 [10:20<7:50:20,  1.44s/it]  2%|         | 496/20000 [11:45<7:33:51,  1.40s/it]  3%|         | 507/20000 [12:00<7:33:36,  1.40s/it]  3%|         | 577/20000 [13:26<7:15:40,  1.35s/it]  3%|         | 586/20000 [13:40<7:15:28,  1.35s/it]  3%|         | 653/20000 [15:07<7:12:22,  1.34s/it]  3%|         | 661/20000 [15:20<7:12:11,  1.34s/it]  4%|         | 733/20000 [16:48<7:02:07,  1.31s/it]  4%|         | 742/20000 [17:00<7:01:56,  1.31s/it]  4%|         | 812/20000 [18:28<6:56:33,  1.30s/it]  4%|         | 819/20000 [18:40<6:56:24,  1.30s/it]  4%|         | 885/20000 [20:09<7:01:52,  1.32s/it]  4%|         | 892/20000 [20:20<7:01:42,  1.32s/it]  5%|         | 962/20000 [21:50<6:59:13,  1.32s/it]  5%|         | 976/20000 [22:10<6:58:54,  1.32s/it]  5%|         | 1042/20000 [23:30<6:50:36,  1.30s/it]  5%|         | 1057/20000 [23:50<6:50:17,  1.30s/it]  6%|         | 1125/20000 [25:11<6:40:24,  1.27s/it]  6%|         | 1139/20000 [25:30<6:40:06,  1.27s/it]  6%|         | 1207/20000 [26:52<6:34:22,  1.26s/it]  6%|         | 1221/20000 [27:10<6:34:04,  1.26s/it]  6%|         | 1284/20000 [28:32<6:36:43,  1.27s/it]  6%|         | 1298/20000 [28:50<6:36:25,  1.27s/it]  7%|         | 1362/20000 [30:13<6:37:10,  1.28s/it]  7%|         | 1375/20000 [30:30<6:36:54,  1.28s/it]  7%|         | 1439/20000 [31:53<6:37:41,  1.29s/it]  7%|         | 1451/20000 [32:10<6:37:25,  1.29s/it]  8%|         | 1513/20000 [33:34<6:42:24,  1.31s/it]  8%|         | 1524/20000 [33:50<6:42:10,  1.31s/it]  8%|         | 1590/20000 [35:15<6:41:41,  1.31s/it]  8%|         | 1601/20000 [35:30<6:41:26,  1.31s/it]  8%|         | 1668/20000 [36:55<6:37:31,  1.30s/it]  8%|         | 1680/20000 [37:10<6:37:15,  1.30s/it]  9%|         | 1749/20000 [38:36<6:29:57,  1.28s/it]  9%|         | 1759/20000 [38:50<6:29:44,  1.28s/it]  9%|         | 1827/20000 [40:16<6:28:53,  1.28s/it]  9%|         | 1837/20000 [40:30<6:28:40,  1.28s/it] 10%|         | 1905/20000 [41:57<6:27:39,  1.29s/it] 10%|         | 1914/20000 [42:10<6:27:27,  1.29s/it] 10%|         | 1981/20000 [43:37<6:29:05,  1.30s/it] 10%|         | 1990/20000 [43:50<6:28:54,  1.30s/it] 10%|         | 2058/20000 [45:17<6:27:50,  1.30s/it] 10%|         | 2067/20000 [45:30<6:27:39,  1.30s/it] 11%|         | 2133/20000 [46:57<6:29:47,  1.31s/it] 11%|         | 2142/20000 [47:10<6:29:35,  1.31s/it] 11%|         | 2210/20000 [48:38<6:27:44,  1.31s/it] 11%|         | 2219/20000 [48:50<6:27:32,  1.31s/it] 11%|        | 2292/20000 [50:18<6:18:07,  1.28s/it] 12%|        | 2301/20000 [50:30<6:17:56,  1.28s/it] 12%|        | 2372/20000 [52:00<6:15:29,  1.28s/it] 12%|        | 2385/20000 [52:20<6:15:12,  1.28s/it] 12%|        | 2448/20000 [53:41<6:18:26,  1.29s/it] 12%|        | 2462/20000 [54:00<6:18:08,  1.29s/it] 13%|        | 2529/20000 [55:21<6:11:40,  1.28s/it] 13%|        | 2543/20000 [55:40<6:11:23,  1.28s/it] 13%|        | 2608/20000 [57:01<6:09:06,  1.27s/it] 13%|        | 2623/20000 [57:20<6:08:47,  1.27s/it] 13%|        | 2692/20000 [58:42<6:01:01,  1.25s/it] 14%|        | 2707/20000 [59:00<6:00:43,  1.25s/it] 14%|        | 2779/20000 [1:00:23<5:50:38,  1.22s/it] 14%|        | 2791/20000 [1:00:40<5:50:24,  1.22s/it] 14%|        | 2856/20000 [1:02:04<5:56:14,  1.25s/it] 14%|        | 2868/20000 [1:02:20<5:55:59,  1.25s/it] 15%|        | 2939/20000 [1:03:45<5:51:37,  1.24s/it] 15%|        | 2949/20000 [1:04:00<5:51:25,  1.24s/it] 15%|        | 3012/20000 [1:05:26<6:01:48,  1.28s/it] 15%|        | 3021/20000 [1:05:40<6:01:37,  1.28s/it] 15%|        | 3088/20000 [1:07:07<6:04:39,  1.29s/it] 15%|        | 3097/20000 [1:07:20<6:04:28,  1.29s/it] 16%|        | 3165/20000 [1:08:48<6:04:06,  1.30s/it] 16%|        | 3174/20000 [1:09:00<6:03:55,  1.30s/it] 16%|        | 3242/20000 [1:10:28<6:02:49,  1.30s/it] 16%|        | 3251/20000 [1:10:40<6:02:38,  1.30s/it] 17%|        | 3316/20000 [1:12:09<6:06:03,  1.32s/it] 17%|        | 3325/20000 [1:12:20<6:05:51,  1.32s/it] 17%|        | 3395/20000 [1:13:50<6:01:09,  1.30s/it] 17%|        | 3411/20000 [1:14:10<6:00:48,  1.30s/it] 17%|        | 3481/20000 [1:15:30<5:46:56,  1.26s/it] 17%|        | 3497/20000 [1:15:50<5:46:35,  1.26s/it] 18%|        | 3566/20000 [1:17:10<5:38:19,  1.24s/it] 18%|        | 3582/20000 [1:17:30<5:37:59,  1.24s/it] 18%|        | 3649/20000 [1:18:51<5:35:05,  1.23s/it] 18%|        | 3663/20000 [1:19:10<5:34:48,  1.23s/it] 19%|        | 3727/20000 [1:20:32<5:38:00,  1.25s/it] 19%|        | 3739/20000 [1:20:50<5:37:45,  1.25s/it] 19%|        | 3804/20000 [1:22:12<5:41:15,  1.26s/it] 19%|        | 3817/20000 [1:22:30<5:40:59,  1.26s/it] 19%|        | 3886/20000 [1:23:53<5:36:47,  1.25s/it] 19%|        | 3898/20000 [1:24:10<5:36:32,  1.25s/it] 20%|        | 3965/20000 [1:25:34<5:36:41,  1.26s/it] 20%|        | 3977/20000 [1:25:50<5:36:26,  1.26s/it] 20%|        | 4044/20000 [1:27:15<5:36:37,  1.27s/it] 20%|        | 4054/20000 [1:27:30<5:36:24,  1.27s/it] 21%|        | 4119/20000 [1:28:55<5:40:28,  1.29s/it] 21%|        | 4128/20000 [1:29:10<5:40:16,  1.29s/it] 21%|        | 4196/20000 [1:30:36<5:40:44,  1.29s/it] 21%|        | 4207/20000 [1:30:50<5:40:29,  1.29s/it] 21%|       | 4277/20000 [1:32:17<5:35:03,  1.28s/it] 21%|       | 4284/20000 [1:32:30<5:34:54,  1.28s/it] 22%|       | 4350/20000 [1:33:57<5:40:18,  1.30s/it] 22%|       | 4358/20000 [1:34:10<5:40:07,  1.30s/it] 22%|       | 4417/20000 [1:35:38<5:52:40,  1.36s/it] 22%|       | 4426/20000 [1:35:50<5:52:28,  1.36s/it] 22%|       | 4490/20000 [1:37:18<5:52:14,  1.36s/it] 22%|       | 4499/20000 [1:37:30<5:52:02,  1.36s/it] 23%|       | 4557/20000 [1:39:00<6:01:44,  1.41s/it] 23%|       | 4563/20000 [1:39:10<6:01:36,  1.41s/it] 23%|       | 4625/20000 [1:40:40<6:05:54,  1.43s/it] 23%|       | 4638/20000 [1:41:00<6:05:36,  1.43s/it] 24%|       | 4701/20000 [1:42:22<5:56:36,  1.40s/it] 24%|       | 4713/20000 [1:42:40<5:56:20,  1.40s/it] 24%|       | 4773/20000 [1:44:02<5:54:41,  1.40s/it] 24%|       | 4786/20000 [1:44:20<5:54:22,  1.40s/it] 24%|       | 4853/20000 [1:45:42<5:40:55,  1.35s/it] 24%|       | 4867/20000 [1:46:00<5:40:36,  1.35s/it] 25%|       | 4926/20000 [1:47:24<5:42:13,  1.36s/it] 25%|       | 4938/20000 [1:47:40<5:41:56,  1.36s/it] 25%|       | 5002/20000 [1:49:04<5:37:34,  1.35s/it] 25%|       | 5014/20000 [1:49:20<5:37:18,  1.35s/it] 25%|       | 5074/20000 [1:50:45<5:38:59,  1.36s/it] 25%|       | 5086/20000 [1:51:00<5:38:43,  1.36s/it] 26%|       | 5156/20000 [1:52:26<5:26:35,  1.32s/it] 26%|       | 5168/20000 [1:52:40<5:26:19,  1.32s/it] 26%|       | 5231/20000 [1:54:06<5:26:31,  1.33s/it] 26%|       | 5242/20000 [1:54:20<5:26:17,  1.33s/it] 27%|       | 5316/20000 [1:55:47<5:13:53,  1.28s/it] 27%|       | 5326/20000 [1:56:00<5:13:40,  1.28s/it] 27%|       | 5400/20000 [1:57:29<5:05:59,  1.26s/it] 27%|       | 5409/20000 [1:57:40<5:05:48,  1.26s/it] 27%|       | 5478/20000 [1:59:09<5:06:27,  1.27s/it] 27%|       | 5485/20000 [1:59:20<5:06:18,  1.27s/it] 28%|       | 5552/20000 [2:00:50<5:11:33,  1.29s/it] 28%|       | 5566/20000 [2:01:10<5:11:14,  1.29s/it] 28%|       | 5630/20000 [2:02:30<5:09:01,  1.29s/it] 28%|       | 5646/20000 [2:02:50<5:08:41,  1.29s/it] 29%|       | 5714/20000 [2:04:10<5:00:11,  1.26s/it] 29%|       | 5729/20000 [2:04:30<4:59:52,  1.26s/it] 29%|       | 5791/20000 [2:05:51<5:01:34,  1.27s/it] 29%|       | 5802/20000 [2:06:10<5:01:20,  1.27s/it] 29%|       | 5864/20000 [2:07:32<5:07:28,  1.31s/it] 29%|       | 5877/20000 [2:07:50<5:07:11,  1.31s/it] 30%|       | 5942/20000 [2:09:12<5:04:37,  1.30s/it] 30%|       | 5955/20000 [2:09:30<5:04:20,  1.30s/it] 30%|       | 6021/20000 [2:10:53<5:01:14,  1.29s/it] 30%|       | 6035/20000 [2:11:10<5:00:56,  1.29s/it] 30%|       | 6100/20000 [2:12:34<4:58:13,  1.29s/it] 31%|       | 6112/20000 [2:12:50<4:57:57,  1.29s/it] 31%|       | 6174/20000 [2:14:15<5:01:48,  1.31s/it] 31%|       | 6185/20000 [2:14:30<5:01:34,  1.31s/it] 31%|       | 6247/20000 [2:15:56<5:05:14,  1.33s/it] 31%|      | 6257/20000 [2:16:10<5:05:01,  1.33s/it] 32%|      | 6318/20000 [2:17:37<5:09:40,  1.36s/it] 32%|      | 6326/20000 [2:17:50<5:09:29,  1.36s/it] 32%|      | 6387/20000 [2:19:18<5:14:56,  1.39s/it] 32%|      | 6394/20000 [2:19:30<5:14:46,  1.39s/it] 32%|      | 6460/20000 [2:20:59<5:13:02,  1.39s/it] 32%|      | 6467/20000 [2:21:10<5:12:53,  1.39s/it] 33%|      | 6535/20000 [2:22:40<5:08:25,  1.37s/it] 33%|      | 6551/20000 [2:23:00<5:08:03,  1.37s/it] 33%|      | 6614/20000 [2:24:21<4:59:40,  1.34s/it] 33%|      | 6628/20000 [2:24:40<4:59:21,  1.34s/it] 33%|      | 6688/20000 [2:26:02<4:59:36,  1.35s/it] 34%|      | 6701/20000 [2:26:20<4:59:18,  1.35s/it] 34%|      | 6757/20000 [2:27:43<5:04:52,  1.38s/it] 34%|      | 6768/20000 [2:28:00<5:04:37,  1.38s/it] 34%|      | 6830/20000 [2:29:23<5:02:35,  1.38s/it] 34%|      | 6841/20000 [2:29:40<5:02:20,  1.38s/it] 35%|      | 6903/20000 [2:31:03<5:00:40,  1.38s/it] 35%|      | 6916/20000 [2:31:20<5:00:22,  1.38s/it] 35%|      | 6976/20000 [2:32:44<4:59:26,  1.38s/it] 35%|      | 6988/20000 [2:33:00<4:59:10,  1.38s/it] 35%|      | 7052/20000 [2:34:25<4:53:35,  1.36s/it] 35%|      | 7062/20000 [2:34:40<4:53:22,  1.36s/it] 36%|      | 7126/20000 [2:36:06<4:52:20,  1.36s/it] 36%|      | 7135/20000 [2:36:20<4:52:08,  1.36s/it] 36%|      | 7199/20000 [2:37:46<4:51:35,  1.37s/it] 36%|      | 7208/20000 [2:38:00<4:51:23,  1.37s/it] 36%|      | 7277/20000 [2:39:27<4:44:56,  1.34s/it] 36%|      | 7287/20000 [2:39:40<4:44:43,  1.34s/it] 37%|      | 7355/20000 [2:41:07<4:39:25,  1.33s/it] 37%|      | 7364/20000 [2:41:20<4:39:13,  1.33s/it] 37%|      | 7432/20000 [2:42:48<4:36:25,  1.32s/it] 37%|      | 7440/20000 [2:43:00<4:36:14,  1.32s/it] 38%|      | 7506/20000 [2:44:29<4:37:25,  1.33s/it] 38%|      | 7512/20000 [2:44:40<4:37:17,  1.33s/it] 38%|      | 7580/20000 [2:46:10<4:37:44,  1.34s/it] 38%|      | 7587/20000 [2:46:20<4:37:34,  1.34s/it] 38%|      | 7653/20000 [2:47:51<4:38:39,  1.35s/it] 38%|      | 7666/20000 [2:48:10<4:38:21,  1.35s/it] 39%|      | 7725/20000 [2:49:31<4:39:43,  1.37s/it] 39%|      | 7739/20000 [2:49:50<4:39:23,  1.37s/it] 39%|      | 7807/20000 [2:51:12<4:28:50,  1.32s/it] 39%|      | 7821/20000 [2:51:30<4:28:32,  1.32s/it] 39%|      | 7885/20000 [2:52:54<4:25:48,  1.32s/it] 39%|      | 7895/20000 [2:53:10<4:25:35,  1.32s/it] 40%|      | 7955/20000 [2:54:34<4:30:46,  1.35s/it] 40%|      | 7966/20000 [2:54:50<4:30:31,  1.35s/it] 40%|      | 8029/20000 [2:56:15<4:29:58,  1.35s/it] 40%|      | 8040/20000 [2:56:30<4:29:43,  1.35s/it] 40%|      | 8097/20000 [2:57:56<4:36:03,  1.39s/it] 41%|      | 8107/20000 [2:58:10<4:35:49,  1.39s/it] 41%|      | 8166/20000 [2:59:36<4:37:48,  1.41s/it] 41%|      | 8174/20000 [2:59:50<4:37:37,  1.41s/it] 41%|      | 8234/20000 [3:01:17<4:40:43,  1.43s/it] 41%|      | 8243/20000 [3:01:30<4:40:30,  1.43s/it] 42%|     | 8303/20000 [3:02:57<4:40:09,  1.44s/it] 42%|     | 8311/20000 [3:03:10<4:39:57,  1.44s/it] 42%|     | 8378/20000 [3:04:38<4:32:41,  1.41s/it] 42%|     | 8385/20000 [3:04:50<4:32:31,  1.41s/it] 42%|     | 8444/20000 [3:06:18<4:37:00,  1.44s/it] 42%|     | 8452/20000 [3:06:30<4:36:49,  1.44s/it] 43%|     | 8512/20000 [3:07:58<4:37:16,  1.45s/it] 43%|     | 8519/20000 [3:08:10<4:37:06,  1.45s/it] 43%|     | 8585/20000 [3:09:39<4:31:16,  1.43s/it] 43%|     | 8592/20000 [3:09:50<4:31:06,  1.43s/it] 43%|     | 8653/20000 [3:11:20<4:33:22,  1.45s/it] 43%|     | 8667/20000 [3:11:40<4:33:01,  1.45s/it] 44%|     | 8729/20000 [3:13:01<4:24:19,  1.41s/it] 44%|     | 8741/20000 [3:13:20<4:24:02,  1.41s/it] 44%|     | 8801/20000 [3:14:42<4:22:06,  1.40s/it] 44%|     | 8813/20000 [3:15:00<4:21:49,  1.40s/it] 44%|     | 8869/20000 [3:16:22<4:24:40,  1.43s/it] 44%|     | 8880/20000 [3:16:40<4:24:24,  1.43s/it] 45%|     | 8944/20000 [3:18:04<4:18:36,  1.40s/it] 45%|     | 8955/20000 [3:18:20<4:18:20,  1.40s/it] 45%|     | 9018/20000 [3:19:44<4:14:02,  1.39s/it] 45%|     | 9029/20000 [3:20:00<4:13:47,  1.39s/it] 45%|     | 9089/20000 [3:21:24<4:13:35,  1.39s/it] 46%|     | 9101/20000 [3:21:40<4:13:18,  1.39s/it] 46%|     | 9162/20000 [3:23:05<4:10:52,  1.39s/it] 46%|     | 9171/20000 [3:23:20<4:10:40,  1.39s/it] 46%|     | 9230/20000 [3:24:45<4:13:55,  1.41s/it] 46%|     | 9240/20000 [3:25:00<4:13:41,  1.41s/it] 47%|     | 9301/20000 [3:26:26<4:12:45,  1.42s/it] 47%|     | 9310/20000 [3:26:40<4:12:32,  1.42s/it] 47%|     | 9376/20000 [3:28:07<4:07:02,  1.40s/it] 47%|     | 9386/20000 [3:28:20<4:06:48,  1.40s/it] 47%|     | 9456/20000 [3:29:49<3:58:00,  1.35s/it] 47%|     | 9464/20000 [3:30:00<3:57:49,  1.35s/it] 48%|     | 9530/20000 [3:31:30<3:56:53,  1.36s/it] 48%|     | 9536/20000 [3:31:40<3:56:45,  1.36s/it] 48%|     | 9605/20000 [3:33:11<3:54:45,  1.35s/it] 48%|     | 9619/20000 [3:33:30<3:54:26,  1.35s/it] 48%|     | 9682/20000 [3:34:51<3:50:26,  1.34s/it] 48%|     | 9696/20000 [3:35:10<3:50:07,  1.34s/it] 49%|     | 9761/20000 [3:36:32<3:44:51,  1.32s/it] 49%|     | 9773/20000 [3:36:50<3:44:35,  1.32s/it] 49%|     | 9830/20000 [3:38:12<3:49:48,  1.36s/it] 49%|     | 9842/20000 [3:38:30<3:49:31,  1.36s/it] 50%|     | 9902/20000 [3:39:53<3:50:32,  1.37s/it] 50%|     | 9915/20000 [3:40:10<3:50:14,  1.37s/it] 50%|     | 9975/20000 [3:41:33<3:49:08,  1.37s/it] 50%|     | 9986/20000 [3:41:50<3:48:53,  1.37s/it] 50%|     | 10054/20000 [3:43:14<3:42:15,  1.34s/it] 50%|     | 10067/20000 [3:43:30<3:41:58,  1.34s/it] 51%|     | 10138/20000 [3:44:55<3:33:11,  1.30s/it] 51%|     | 10149/20000 [3:45:10<3:32:57,  1.30s/it] 51%|     | 10220/20000 [3:46:36<3:28:06,  1.28s/it] 51%|     | 10231/20000 [3:46:50<3:27:52,  1.28s/it] 52%|    | 10304/20000 [3:48:17<3:22:19,  1.25s/it] 52%|    | 10314/20000 [3:48:30<3:22:07,  1.25s/it] 52%|    | 10383/20000 [3:49:57<3:21:26,  1.26s/it] 52%|    | 10393/20000 [3:50:10<3:21:13,  1.26s/it] 52%|    | 10464/20000 [3:51:38<3:19:17,  1.25s/it] 52%|    | 10473/20000 [3:51:50<3:19:05,  1.25s/it] 53%|    | 10542/20000 [3:53:18<3:19:05,  1.26s/it] 53%|    | 10551/20000 [3:53:30<3:18:54,  1.26s/it] 53%|    | 10617/20000 [3:55:00<3:21:34,  1.29s/it] 53%|    | 10629/20000 [3:55:20<3:21:18,  1.29s/it] 53%|    | 10685/20000 [3:56:41<3:28:39,  1.34s/it] 53%|    | 10696/20000 [3:57:00<3:28:25,  1.34s/it] 54%|    | 10748/20000 [3:58:22<3:37:16,  1.41s/it] 54%|    | 10761/20000 [3:58:40<3:36:57,  1.41s/it] 54%|    | 10829/20000 [4:00:03<3:27:18,  1.36s/it] 54%|    | 10843/20000 [4:00:20<3:26:59,  1.36s/it] 55%|    | 10901/20000 [4:01:43<3:27:23,  1.37s/it] 55%|    | 10913/20000 [4:02:00<3:27:07,  1.37s/it] 55%|    | 10967/20000 [4:03:23<3:32:21,  1.41s/it] 55%|    | 10978/20000 [4:03:40<3:32:05,  1.41s/it] 55%|    | 11033/20000 [4:05:04<3:35:23,  1.44s/it] 55%|    | 11043/20000 [4:05:20<3:35:08,  1.44s/it] 56%|    | 11101/20000 [4:06:44<3:35:19,  1.45s/it] 56%|    | 11112/20000 [4:07:00<3:35:03,  1.45s/it] 56%|    | 11172/20000 [4:08:24<3:31:40,  1.44s/it] 56%|    | 11182/20000 [4:08:40<3:31:25,  1.44s/it] 56%|    | 11243/20000 [4:10:05<3:28:55,  1.43s/it] 56%|    | 11255/20000 [4:10:20<3:28:37,  1.43s/it] 57%|    | 11319/20000 [4:11:45<3:21:54,  1.40s/it] 57%|    | 11331/20000 [4:12:00<3:21:37,  1.40s/it] 57%|    | 11396/20000 [4:13:26<3:16:35,  1.37s/it] 57%|    | 11405/20000 [4:13:40<3:16:23,  1.37s/it] 57%|    | 11464/20000 [4:15:06<3:19:11,  1.40s/it] 57%|    | 11473/20000 [4:15:20<3:18:59,  1.40s/it] 58%|    | 11537/20000 [4:16:47<3:16:47,  1.40s/it] 58%|    | 11547/20000 [4:17:00<3:16:33,  1.40s/it] 58%|    | 11611/20000 [4:18:28<3:13:45,  1.39s/it] 58%|    | 11619/20000 [4:18:40<3:13:34,  1.39s/it] 58%|    | 11681/20000 [4:20:10<3:14:29,  1.40s/it] 58%|    | 11686/20000 [4:20:20<3:14:22,  1.40s/it] 59%|    | 11744/20000 [4:21:50<3:20:28,  1.46s/it] 59%|    | 11755/20000 [4:22:10<3:20:12,  1.46s/it] 59%|    | 11813/20000 [4:23:31<3:18:57,  1.46s/it] 59%|    | 11826/20000 [4:23:50<3:18:38,  1.46s/it] 59%|    | 11883/20000 [4:25:12<3:16:13,  1.45s/it] 59%|    | 11896/20000 [4:25:30<3:15:54,  1.45s/it] 60%|    | 11956/20000 [4:26:52<3:11:38,  1.43s/it] 60%|    | 11969/20000 [4:27:10<3:11:19,  1.43s/it] 60%|    | 12024/20000 [4:28:33<3:11:48,  1.44s/it] 60%|    | 12035/20000 [4:28:50<3:11:32,  1.44s/it] 60%|    | 12095/20000 [4:30:14<3:09:26,  1.44s/it] 61%|    | 12105/20000 [4:30:30<3:09:11,  1.44s/it] 61%|    | 12168/20000 [4:31:55<3:05:35,  1.42s/it] 61%|    | 12178/20000 [4:32:10<3:05:21,  1.42s/it] 61%|    | 12236/20000 [4:33:36<3:06:07,  1.44s/it] 61%|    | 12246/20000 [4:33:50<3:05:52,  1.44s/it] 62%|   | 12310/20000 [4:35:16<3:00:54,  1.41s/it] 62%|   | 12320/20000 [4:35:30<3:00:40,  1.41s/it] 62%|   | 12385/20000 [4:36:56<2:56:22,  1.39s/it] 62%|   | 12394/20000 [4:37:10<2:56:10,  1.39s/it] 62%|   | 12459/20000 [4:38:37<2:53:44,  1.38s/it] 62%|   | 12466/20000 [4:38:50<2:53:34,  1.38s/it] 63%|   | 12528/20000 [4:40:19<2:55:08,  1.41s/it] 63%|   | 12535/20000 [4:40:30<2:54:58,  1.41s/it] 63%|   | 12600/20000 [4:42:00<2:53:35,  1.41s/it] 63%|   | 12612/20000 [4:42:20<2:53:18,  1.41s/it] 63%|   | 12667/20000 [4:43:40<2:55:01,  1.43s/it] 63%|   | 12680/20000 [4:44:00<2:54:42,  1.43s/it] 64%|   | 12745/20000 [4:45:21<2:47:38,  1.39s/it] 64%|   | 12757/20000 [4:45:40<2:47:21,  1.39s/it] 64%|   | 12816/20000 [4:47:01<2:47:01,  1.39s/it] 64%|   | 12829/20000 [4:47:20<2:46:43,  1.39s/it] 64%|   | 12881/20000 [4:48:41<2:50:15,  1.44s/it] 64%|   | 12894/20000 [4:49:00<2:49:57,  1.44s/it] 65%|   | 12951/20000 [4:50:22<2:48:39,  1.44s/it] 65%|   | 12963/20000 [4:50:40<2:48:22,  1.44s/it] 65%|   | 13020/20000 [4:52:03<2:47:49,  1.44s/it] 65%|   | 13031/20000 [4:52:20<2:47:33,  1.44s/it] 65%|   | 13087/20000 [4:53:44<2:48:43,  1.46s/it] 65%|   | 13096/20000 [4:54:00<2:48:30,  1.46s/it] 66%|   | 13159/20000 [4:55:25<2:44:25,  1.44s/it] 66%|   | 13169/20000 [4:55:40<2:44:11,  1.44s/it] 66%|   | 13229/20000 [4:57:06<2:42:53,  1.44s/it] 66%|   | 13237/20000 [4:57:20<2:42:42,  1.44s/it] 67%|   | 13303/20000 [4:58:47<2:38:40,  1.42s/it] 67%|   | 13311/20000 [4:59:00<2:38:29,  1.42s/it] 67%|   | 13373/20000 [5:00:28<2:37:28,  1.43s/it] 67%|   | 13381/20000 [5:00:40<2:37:16,  1.43s/it] 67%|   | 13443/20000 [5:02:08<2:36:06,  1.43s/it] 67%|   | 13452/20000 [5:02:20<2:35:53,  1.43s/it] 68%|   | 13511/20000 [5:03:49<2:36:16,  1.45s/it] 68%|   | 13517/20000 [5:04:00<2:36:08,  1.45s/it] 68%|   | 13583/20000 [5:05:30<2:33:10,  1.43s/it] 68%|   | 13596/20000 [5:05:50<2:32:52,  1.43s/it] 68%|   | 13659/20000 [5:07:11<2:27:48,  1.40s/it] 68%|   | 13674/20000 [5:07:30<2:27:27,  1.40s/it] 69%|   | 13735/20000 [5:08:52<2:23:36,  1.38s/it] 69%|   | 13749/20000 [5:09:10<2:23:17,  1.38s/it] 69%|   | 13812/20000 [5:10:32<2:19:38,  1.35s/it] 69%|   | 13825/20000 [5:10:50<2:19:21,  1.35s/it] 69%|   | 13887/20000 [5:12:13<2:17:27,  1.35s/it] 69%|   | 13898/20000 [5:12:30<2:17:13,  1.35s/it] 70%|   | 13960/20000 [5:13:54<2:17:00,  1.36s/it] 70%|   | 13972/20000 [5:14:10<2:16:44,  1.36s/it] 70%|   | 14038/20000 [5:15:35<2:13:04,  1.34s/it] 70%|   | 14048/20000 [5:15:50<2:12:51,  1.34s/it] 71%|   | 14108/20000 [5:17:15<2:14:10,  1.37s/it] 71%|   | 14119/20000 [5:17:30<2:13:55,  1.37s/it] 71%|   | 14181/20000 [5:18:56<2:12:46,  1.37s/it] 71%|   | 14191/20000 [5:19:10<2:12:32,  1.37s/it] 71%|  | 14253/20000 [5:20:36<2:11:53,  1.38s/it] 71%|  | 14263/20000 [5:20:50<2:11:39,  1.38s/it] 72%|  | 14325/20000 [5:22:17<2:10:45,  1.38s/it] 72%|  | 14334/20000 [5:22:30<2:10:32,  1.38s/it] 72%|  | 14402/20000 [5:23:58<2:07:05,  1.36s/it] 72%|  | 14410/20000 [5:24:10<2:06:55,  1.36s/it] 72%|  | 14474/20000 [5:25:38<2:06:16,  1.37s/it] 72%|  | 14483/20000 [5:25:50<2:06:03,  1.37s/it] 73%|  | 14549/20000 [5:27:19<2:03:49,  1.36s/it] 73%|  | 14557/20000 [5:27:30<2:03:38,  1.36s/it] 73%|  | 14623/20000 [5:28:59<2:01:53,  1.36s/it] 73%|  | 14630/20000 [5:29:10<2:01:44,  1.36s/it] 73%|  | 14693/20000 [5:30:41<2:02:42,  1.39s/it] 74%|  | 14707/20000 [5:31:00<2:02:23,  1.39s/it] 74%|  | 14768/20000 [5:32:22<1:59:42,  1.37s/it] 74%|  | 14781/20000 [5:32:40<1:59:25,  1.37s/it] 74%|  | 14842/20000 [5:34:02<1:57:30,  1.37s/it] 74%|  | 14854/20000 [5:34:20<1:57:13,  1.37s/it] 75%|  | 14911/20000 [5:35:43<1:58:19,  1.40s/it] 75%|  | 14923/20000 [5:36:00<1:58:02,  1.40s/it] 75%|  | 14988/20000 [5:37:23<1:54:08,  1.37s/it] 75%|  | 15001/20000 [5:37:40<1:53:50,  1.37s/it] 75%|  | 15063/20000 [5:39:04<1:51:45,  1.36s/it] 75%|  | 15074/20000 [5:39:20<1:51:30,  1.36s/it] 76%|  | 15138/20000 [5:40:45<1:49:49,  1.36s/it] 76%|  | 15148/20000 [5:41:00<1:49:35,  1.36s/it] 76%|  | 15211/20000 [5:42:26<1:48:51,  1.36s/it] 76%|  | 15220/20000 [5:42:40<1:48:39,  1.36s/it] 76%|  | 15284/20000 [5:44:07<1:47:32,  1.37s/it] 76%|  | 15293/20000 [5:44:20<1:47:20,  1.37s/it] 77%|  | 15357/20000 [5:45:48<1:46:17,  1.37s/it] 77%|  | 15365/20000 [5:46:00<1:46:06,  1.37s/it] 77%|  | 15430/20000 [5:47:29<1:44:47,  1.38s/it] 77%|  | 15438/20000 [5:47:40<1:44:36,  1.38s/it] 78%|  | 15507/20000 [5:49:09<1:41:26,  1.35s/it] 78%|  | 15515/20000 [5:49:20<1:41:16,  1.35s/it] 78%|  | 15581/20000 [5:50:50<1:39:58,  1.36s/it] 78%|  | 15594/20000 [5:51:10<1:39:41,  1.36s/it] 78%|  | 15651/20000 [5:52:30<1:39:57,  1.38s/it] 78%|  | 15664/20000 [5:52:50<1:39:39,  1.38s/it] 79%|  | 15725/20000 [5:54:11<1:37:42,  1.37s/it] 79%|  | 15739/20000 [5:54:30<1:37:22,  1.37s/it] 79%|  | 15802/20000 [5:55:51<1:34:36,  1.35s/it] 79%|  | 15816/20000 [5:56:10<1:34:17,  1.35s/it] 79%|  | 15886/20000 [5:57:32<1:29:08,  1.30s/it] 80%|  | 15900/20000 [5:57:50<1:28:49,  1.30s/it] 80%|  | 15962/20000 [5:59:12<1:28:00,  1.31s/it] 80%|  | 15974/20000 [5:59:30<1:27:44,  1.31s/it] 80%|  | 16029/20000 [6:00:53<1:29:58,  1.36s/it] 80%|  | 16041/20000 [6:01:10<1:29:42,  1.36s/it] 80%|  | 16098/20000 [6:02:33<1:30:17,  1.39s/it] 81%|  | 16109/20000 [6:02:50<1:30:01,  1.39s/it] 81%|  | 16174/20000 [6:04:14<1:27:15,  1.37s/it] 81%|  | 16184/20000 [6:04:30<1:27:02,  1.37s/it] 81%|  | 16245/20000 [6:05:55<1:26:29,  1.38s/it] 81%| | 16257/20000 [6:06:10<1:26:13,  1.38s/it] 82%| | 16319/20000 [6:07:36<1:24:38,  1.38s/it] 82%| | 16328/20000 [6:07:50<1:24:25,  1.38s/it] 82%| | 16397/20000 [6:09:16<1:21:01,  1.35s/it] 82%| | 16406/20000 [6:09:30<1:20:49,  1.35s/it] 82%| | 16478/20000 [6:10:57<1:17:09,  1.31s/it] 82%| | 16488/20000 [6:11:10<1:16:55,  1.31s/it] 83%| | 16551/20000 [6:12:37<1:16:28,  1.33s/it] 83%| | 16561/20000 [6:12:50<1:16:15,  1.33s/it] 83%| | 16626/20000 [6:14:17<1:14:58,  1.33s/it] 83%| | 16635/20000 [6:14:30<1:14:46,  1.33s/it] 84%| | 16702/20000 [6:15:57<1:13:03,  1.33s/it] 84%| | 16711/20000 [6:16:10<1:12:51,  1.33s/it] 84%| | 16781/20000 [6:17:38<1:10:17,  1.31s/it] 84%| | 16789/20000 [6:17:50<1:10:07,  1.31s/it] 84%| | 16856/20000 [6:19:19<1:09:15,  1.32s/it] 84%| | 16863/20000 [6:19:30<1:09:06,  1.32s/it] 85%| | 16931/20000 [6:21:00<1:07:59,  1.33s/it] 85%| | 16939/20000 [6:21:10<1:07:48,  1.33s/it] 85%| | 17006/20000 [6:22:40<1:06:27,  1.33s/it] 85%| | 17021/20000 [6:23:00<1:06:07,  1.33s/it] 85%| | 17080/20000 [6:24:21<1:05:19,  1.34s/it] 85%| | 17092/20000 [6:24:40<1:05:03,  1.34s/it] 86%| | 17152/20000 [6:26:02<1:04:31,  1.36s/it] 86%| | 17164/20000 [6:26:20<1:04:15,  1.36s/it] 86%| | 17226/20000 [6:27:43<1:02:52,  1.36s/it] 86%| | 17239/20000 [6:28:00<1:02:34,  1.36s/it] 87%| | 17304/20000 [6:29:24<1:00:10,  1.34s/it] 87%| | 17317/20000 [6:29:40<59:53,  1.34s/it]   87%| | 17379/20000 [6:31:05<58:42,  1.34s/it] 87%| | 17389/20000 [6:31:20<58:28,  1.34s/it] 87%| | 17450/20000 [6:32:46<57:59,  1.36s/it] 87%| | 17459/20000 [6:33:00<57:47,  1.36s/it] 88%| | 17526/20000 [6:34:26<55:40,  1.35s/it] 88%| | 17536/20000 [6:34:40<55:27,  1.35s/it] 88%| | 17604/20000 [6:36:07<53:14,  1.33s/it] 88%| | 17614/20000 [6:36:20<53:01,  1.33s/it] 88%| | 17680/20000 [6:37:48<51:24,  1.33s/it] 88%| | 17689/20000 [6:38:00<51:12,  1.33s/it] 89%| | 17755/20000 [6:39:28<49:51,  1.33s/it] 89%| | 17765/20000 [6:39:40<49:38,  1.33s/it] 89%| | 17831/20000 [6:41:08<47:59,  1.33s/it] 89%| | 17839/20000 [6:41:20<47:49,  1.33s/it] 90%| | 17906/20000 [6:42:49<46:29,  1.33s/it] 90%| | 17915/20000 [6:43:00<46:17,  1.33s/it] 90%| | 17981/20000 [6:44:29<44:50,  1.33s/it] 90%| | 17989/20000 [6:44:40<44:39,  1.33s/it] 90%| | 18058/20000 [6:46:09<42:48,  1.32s/it] 90%| | 18066/20000 [6:46:20<42:38,  1.32s/it] 91%| | 18132/20000 [6:47:50<41:32,  1.33s/it] 91%| | 18139/20000 [6:48:00<41:23,  1.33s/it] 91%| | 18207/20000 [6:49:31<39:57,  1.34s/it] 91%| | 18221/20000 [6:49:50<39:38,  1.34s/it] 91%|| 18283/20000 [6:51:11<38:06,  1.33s/it] 91%|| 18296/20000 [6:51:30<37:48,  1.33s/it] 92%|| 18351/20000 [6:52:52<37:45,  1.37s/it] 92%|| 18363/20000 [6:53:10<37:29,  1.37s/it] 92%|| 18430/20000 [6:54:32<35:08,  1.34s/it] 92%|| 18444/20000 [6:54:50<34:49,  1.34s/it] 93%|| 18510/20000 [6:56:13<32:42,  1.32s/it] 93%|| 18524/20000 [6:56:30<32:24,  1.32s/it] 93%|| 18589/20000 [6:57:54<30:37,  1.30s/it] 93%|| 18602/20000 [6:58:10<30:20,  1.30s/it] 93%|| 18669/20000 [6:59:35<28:37,  1.29s/it] 93%|| 18680/20000 [6:59:50<28:22,  1.29s/it] 94%|| 18741/20000 [7:01:15<27:44,  1.32s/it] 94%|| 18750/20000 [7:01:30<27:32,  1.32s/it] 94%|| 18817/20000 [7:02:57<26:07,  1.32s/it] 94%|| 18826/20000 [7:03:10<25:55,  1.32s/it] 94%|| 18893/20000 [7:04:38<24:27,  1.33s/it] 95%|| 18902/20000 [7:04:50<24:15,  1.33s/it] 95%|| 18972/20000 [7:06:19<22:27,  1.31s/it] 95%|| 18980/20000 [7:06:30<22:17,  1.31s/it] 95%|| 19049/20000 [7:07:59<20:44,  1.31s/it] 95%|| 19056/20000 [7:08:10<20:35,  1.31s/it] 96%|| 19123/20000 [7:09:40<19:23,  1.33s/it] 96%|| 19136/20000 [7:10:00<19:05,  1.33s/it] 96%|| 19195/20000 [7:11:20<18:02,  1.34s/it] 96%|| 19210/20000 [7:11:40<17:42,  1.34s/it] 96%|| 19272/20000 [7:13:01<16:11,  1.33s/it] 96%|| 19286/20000 [7:13:20<15:52,  1.33s/it] 97%|| 19350/20000 [7:14:41<14:17,  1.32s/it] 97%|| 19364/20000 [7:15:00<13:58,  1.32s/it] 97%|| 19433/20000 [7:16:22<12:08,  1.28s/it] 97%|| 19447/20000 [7:16:40<11:50,  1.28s/it] 98%|| 19509/20000 [7:18:02<10:35,  1.29s/it] 98%|| 19522/20000 [7:18:20<10:18,  1.29s/it] 98%|| 19586/20000 [7:19:44<08:59,  1.30s/it] 98%|| 19597/20000 [7:20:00<08:44,  1.30s/it] 98%|| 19657/20000 [7:21:24<07:37,  1.33s/it] 98%|| 19668/20000 [7:21:40<07:22,  1.33s/it] 99%|| 19729/20000 [7:23:05<06:06,  1.35s/it] 99%|| 19741/20000 [7:23:20<05:49,  1.35s/it] 99%|| 19814/20000 [7:24:46<04:01,  1.30s/it] 99%|| 19826/20000 [7:25:00<03:45,  1.30s/it]100%|| 19901/20000 [7:26:26<02:03,  1.25s/it]100%|| 19913/20000 [7:26:40<01:48,  1.25s/it]100%|| 19981/20000 [7:28:06<00:23,  1.25s/it]100%|| 19992/20000 [7:28:20<00:10,  1.25s/it]100%|| 20000/20000 [7:28:30<00:00,  1.35s/it]

Analysis complete. Found 1 cluster(s) meeting the MCMC criterion.
Accepted cluster indices: [2]

--- Processing Final Results for Cluster 2 ---
--- MCMC Parameter Constraints for Cluster 2 ---
  x_src = 99.997 +0.098 / -0.104
  y_src = 98.908 +0.097 / -0.072
    z_s = 3.330 +0.170 / -0.136
Saving localization results for Cluster 2...
Processing results for Cluster 2...
-> Saved 340000 samples to /users/hiu-yeung.cheng/clusterlensing/out/row22/test_tidy_row22/cluster_2_posterior.npz
Updated CSV row 22 with result for cluster 2.
Loading data from /users/hiu-yeung.cheng/clusterlensing/out/row22/test_tidy_row22/cluster_2_posterior.npz...

Generating corner plot...
-> Corner plot saved to /users/hiu-yeung.cheng/clusterlensing/out/row22/test_tidy_row22/cluster_2_corner_from_saved.png

Generating trace plot...
-> Trace plot saved to /users/hiu-yeung.cheng/clusterlensing/out/row22/test_tidy_row22/cluster_2_trace.png
