Row=2 OUT_DIR=/users/hiu-yeung.cheng/clusterlensing/out/row2 DE_PROCS=16 MCMC_PROCS=16
DEBUG: Initializing ClusterLensing with z_s_ref = 2.8978882589578943
Setup complete. Lensing system initialized.
True time delays: [    0.          9109.57611799 12706.5704145  15278.0539168
 15281.21802901]
True luminosity distances: 24384.42812868677
Lensed luminosity distances: [  5678.87592459   5978.36067733   5855.11473401  26049.21603195
 108557.32220156]

Running the full analysis pipeline...
--- Running DE for Cluster 0 ---
[DE] Process Pool with 16 procs (init=latinhypercube, popsize=50)
differential_evolution step 1: f(x)= 4242.640687119286
differential_evolution step 2: f(x)= 4242.640687119286
differential_evolution step 3: f(x)= 3000.0
differential_evolution step 4: f(x)= 3000.0
differential_evolution step 5: f(x)= 3000.0
differential_evolution step 6: f(x)= 3000.0
differential_evolution step 7: f(x)= 3000.0
differential_evolution step 8: f(x)= 3000.0
differential_evolution step 9: f(x)= 2838.756431360959
differential_evolution step 10: f(x)= 2838.756431360959
differential_evolution step 11: f(x)= 981.7680892024692
differential_evolution step 12: f(x)= 981.7680892024692
differential_evolution step 13: f(x)= 981.7680892024692
differential_evolution step 14: f(x)= 305.3838514566169
differential_evolution step 15: f(x)= 305.3838514566169
differential_evolution step 16: f(x)= 305.3838514566169
differential_evolution step 17: f(x)= 305.3838514566169
differential_evolution step 18: f(x)= 305.3838514566169
differential_evolution step 19: f(x)= 305.3838514566169
differential_evolution step 20: f(x)= 305.3838514566169
differential_evolution step 21: f(x)= 305.3838514566169
differential_evolution step 22: f(x)= 305.3838514566169
differential_evolution step 23: f(x)= 305.3838514566169
differential_evolution step 24: f(x)= 305.3838514566169
differential_evolution step 25: f(x)= 305.3838514566169
differential_evolution step 26: f(x)= 305.3838514566169
differential_evolution step 27: f(x)= 282.861881288618
differential_evolution step 28: f(x)= 282.861881288618
differential_evolution step 29: f(x)= 203.19685182061397
differential_evolution step 30: f(x)= 203.19685182061397
differential_evolution step 31: f(x)= 203.19685182061397
differential_evolution step 32: f(x)= 203.19685182061397
differential_evolution step 33: f(x)= 203.19685182061397
differential_evolution step 34: f(x)= 203.19685182061397
differential_evolution step 35: f(x)= 203.19685182061397
differential_evolution step 36: f(x)= 203.19685182061397
differential_evolution step 37: f(x)= 203.19685182061397
differential_evolution step 38: f(x)= 203.19685182061397
differential_evolution step 39: f(x)= 203.19685182061397
differential_evolution step 40: f(x)= 203.19685182061397
differential_evolution step 41: f(x)= 203.19685182061397
differential_evolution step 42: f(x)= 203.19685182061397
differential_evolution step 43: f(x)= 203.19685182061397
differential_evolution step 44: f(x)= 203.19685182061397
differential_evolution step 45: f(x)= 203.19685182061397
differential_evolution step 46: f(x)= 203.19685182061397
differential_evolution step 47: f(x)= 203.19685182061397
differential_evolution step 48: f(x)= 203.19685182061397
differential_evolution step 49: f(x)= 203.19685182061397
differential_evolution step 50: f(x)= 203.19685182061397
differential_evolution step 51: f(x)= 203.19685182061397
differential_evolution step 52: f(x)= 203.19685182061397
differential_evolution step 53: f(x)= 203.19685182061397
differential_evolution step 54: f(x)= 203.19685182061397
differential_evolution step 55: f(x)= 203.19685182061397
differential_evolution step 56: f(x)= 91.91390211888279
differential_evolution step 57: f(x)= 91.91390211888279
differential_evolution step 58: f(x)= 91.91390211888279
differential_evolution step 59: f(x)= 91.91390211888279
differential_evolution step 60: f(x)= 91.91390211888279
differential_evolution step 61: f(x)= 91.91390211888279
differential_evolution step 62: f(x)= 91.91390211888279
differential_evolution step 63: f(x)= 91.91390211888279
differential_evolution step 64: f(x)= 91.91390211888279
differential_evolution step 65: f(x)= 91.91390211888279
differential_evolution step 66: f(x)= 91.91390211888279
differential_evolution step 67: f(x)= 91.91390211888279
differential_evolution step 68: f(x)= 91.91390211888279
differential_evolution step 69: f(x)= 91.91390211888279
differential_evolution step 70: f(x)= 91.91390211888279
differential_evolution step 71: f(x)= 91.91390211888279
differential_evolution step 72: f(x)= 91.91390211888279
differential_evolution step 73: f(x)= 91.91390211888279
differential_evolution step 74: f(x)= 91.91390211888279
differential_evolution step 75: f(x)= 91.91390211888279
differential_evolution step 76: f(x)= 91.91390211888279
differential_evolution step 77: f(x)= 91.91390211888279
differential_evolution step 78: f(x)= 91.91390211888279
differential_evolution step 79: f(x)= 91.91390211888279
differential_evolution step 80: f(x)= 91.91390211888279
differential_evolution step 81: f(x)= 91.91390211888279
differential_evolution step 82: f(x)= 91.91390211888279
differential_evolution step 83: f(x)= 91.91390211888279
differential_evolution step 84: f(x)= 91.91390211888279
differential_evolution step 85: f(x)= 91.91390211888279
differential_evolution step 86: f(x)= 91.91390211888279
differential_evolution step 87: f(x)= 91.91390211888279
differential_evolution step 88: f(x)= 91.91390211888279
differential_evolution step 89: f(x)= 91.91390211888279
differential_evolution step 90: f(x)= 91.91390211888279
differential_evolution step 91: f(x)= 91.91390211888279
differential_evolution step 92: f(x)= 91.91390211888279
differential_evolution step 93: f(x)= 91.91390211888279
differential_evolution step 94: f(x)= 91.91390211888279
differential_evolution step 95: f(x)= 91.91390211888279
differential_evolution step 96: f(x)= 91.91390211888279
differential_evolution step 97: f(x)= 91.91390211888279
differential_evolution step 98: f(x)= 72.69644299493505
differential_evolution step 99: f(x)= 72.69644299493505
differential_evolution step 100: f(x)= 72.69644299493505
differential_evolution step 101: f(x)= 72.69644299493505
differential_evolution step 102: f(x)= 72.69644299493505
differential_evolution step 103: f(x)= 72.69644299493505
differential_evolution step 104: f(x)= 72.69644299493505
differential_evolution step 105: f(x)= 72.69644299493505
differential_evolution step 106: f(x)= 72.69644299493505
differential_evolution step 107: f(x)= 72.69644299493505
differential_evolution step 108: f(x)= 72.69644299493505
differential_evolution step 109: f(x)= 72.69644299493505
differential_evolution step 110: f(x)= 72.69644299493505
differential_evolution step 111: f(x)= 72.69644299493505
differential_evolution step 112: f(x)= 72.69644299493505
differential_evolution step 113: f(x)= 72.69644299493505
differential_evolution step 114: f(x)= 72.69644299493505
differential_evolution step 115: f(x)= 72.69644299493505
differential_evolution step 116: f(x)= 72.69644299493505
differential_evolution step 117: f(x)= 72.69644299493505
differential_evolution step 118: f(x)= 69.54067195473601
differential_evolution step 119: f(x)= 69.54067195473601
differential_evolution step 120: f(x)= 69.54067195473601
differential_evolution step 121: f(x)= 69.54067195473601
differential_evolution step 122: f(x)= 69.54067195473601
differential_evolution step 123: f(x)= 69.54067195473601
differential_evolution step 124: f(x)= 69.54067195473601
differential_evolution step 125: f(x)= 69.54067195473601
differential_evolution step 126: f(x)= 69.54067195473601
differential_evolution step 127: f(x)= 69.54067195473601
differential_evolution step 128: f(x)= 69.54067195473601
differential_evolution step 129: f(x)= 69.54067195473601
differential_evolution step 130: f(x)= 67.1599751368835
differential_evolution step 131: f(x)= 67.1599751368835
differential_evolution step 132: f(x)= 67.1599751368835
differential_evolution step 133: f(x)= 67.1599751368835
differential_evolution step 134: f(x)= 67.1599751368835
differential_evolution step 135: f(x)= 67.1599751368835
differential_evolution step 136: f(x)= 67.1599751368835
differential_evolution step 137: f(x)= 67.1599751368835
differential_evolution step 138: f(x)= 67.1599751368835
differential_evolution step 139: f(x)= 67.1599751368835
differential_evolution step 140: f(x)= 67.1599751368835
differential_evolution step 141: f(x)= 67.1599751368835
differential_evolution step 142: f(x)= 67.1599751368835
differential_evolution step 143: f(x)= 67.1599751368835
differential_evolution step 144: f(x)= 67.1599751368835
differential_evolution step 145: f(x)= 11.640057591305563
differential_evolution step 146: f(x)= 11.640057591305563
differential_evolution step 147: f(x)= 11.640057591305563
differential_evolution step 148: f(x)= 11.640057591305563
differential_evolution step 149: f(x)= 11.640057591305563
differential_evolution step 150: f(x)= 11.640057591305563
differential_evolution step 151: f(x)= 11.640057591305563
differential_evolution step 152: f(x)= 11.640057591305563
differential_evolution step 153: f(x)= 11.640057591305563
differential_evolution step 154: f(x)= 11.640057591305563
differential_evolution step 155: f(x)= 11.640057591305563
differential_evolution step 156: f(x)= 11.640057591305563
differential_evolution step 157: f(x)= 11.640057591305563
differential_evolution step 158: f(x)= 11.640057591305563
differential_evolution step 159: f(x)= 11.640057591305563
differential_evolution step 160: f(x)= 11.640057591305563
differential_evolution step 161: f(x)= 11.640057591305563
differential_evolution step 162: f(x)= 11.640057591305563
differential_evolution step 163: f(x)= 11.640057591305563
differential_evolution step 164: f(x)= 9.576579417086593
differential_evolution step 165: f(x)= 9.576579417086593
differential_evolution step 166: f(x)= 9.092433260521064
differential_evolution step 167: f(x)= 8.816861465407769
differential_evolution step 168: f(x)= 8.816861465407769
differential_evolution step 169: f(x)= 4.8821824070193145
differential_evolution step 170: f(x)= 4.8821824070193145
differential_evolution step 171: f(x)= 4.8821824070193145
differential_evolution step 172: f(x)= 4.8821824070193145
differential_evolution step 173: f(x)= 4.8821824070193145
differential_evolution step 174: f(x)= 4.8821824070193145
differential_evolution step 175: f(x)= 2.0446578015002332
differential_evolution step 176: f(x)= 2.0446578015002332
differential_evolution step 177: f(x)= 2.0446578015002332
differential_evolution step 178: f(x)= 2.0446578015002332
differential_evolution step 179: f(x)= 0.6523864104754036
differential_evolution step 180: f(x)= 0.6523864104754036
differential_evolution step 181: f(x)= 0.6523864104754036
differential_evolution step 182: f(x)= 0.6523864104754036
differential_evolution step 183: f(x)= 0.6523864104754036
differential_evolution step 184: f(x)= 0.6523864104754036
differential_evolution step 185: f(x)= 0.6523864104754036
differential_evolution step 186: f(x)= 0.558491973326523
differential_evolution step 187: f(x)= 0.558491973326523
differential_evolution step 188: f(x)= 0.558491973326523
differential_evolution step 189: f(x)= 0.558491973326523
differential_evolution step 190: f(x)= 0.558491973326523
differential_evolution step 191: f(x)= 0.558491973326523
differential_evolution step 192: f(x)= 0.558491973326523
differential_evolution step 193: f(x)= 0.2721163475067413
differential_evolution step 194: f(x)= 0.2721163475067413
differential_evolution step 195: f(x)= 0.2721163475067413
differential_evolution step 196: f(x)= 0.2721163475067413
differential_evolution step 197: f(x)= 0.2721163475067413
differential_evolution step 198: f(x)= 0.2721163475067413
differential_evolution step 199: f(x)= 0.2721163475067413
differential_evolution step 200: f(x)= 0.01103431858457071
Cluster 0 DE best chi^2: 0.011 with params {'x_src': np.float64(74.65595844123747), 'y_src': np.float64(79.56130254512692), 'z_s': np.float64(2.8944385566379145)}
--- Running DE for Cluster 1 ---
[DE] Process Pool with 16 procs (init=latinhypercube, popsize=50)
differential_evolution step 1: f(x)= 3000.0
differential_evolution step 2: f(x)= 3000.0
differential_evolution step 3: f(x)= 3000.0
differential_evolution step 4: f(x)= 3000.0
differential_evolution step 5: f(x)= 3000.0
differential_evolution step 6: f(x)= 3000.0
differential_evolution step 7: f(x)= 3000.0
differential_evolution step 8: f(x)= 3000.0
differential_evolution step 9: f(x)= 3000.0
differential_evolution step 10: f(x)= 3000.0
differential_evolution step 11: f(x)= 3000.0
differential_evolution step 12: f(x)= 3000.0
differential_evolution step 13: f(x)= 3000.0
differential_evolution step 14: f(x)= 3000.0
differential_evolution step 15: f(x)= 3000.0
differential_evolution step 16: f(x)= 3000.0
differential_evolution step 17: f(x)= 3000.0
differential_evolution step 18: f(x)= 3000.0
differential_evolution step 19: f(x)= 3000.0
differential_evolution step 20: f(x)= 3000.0
differential_evolution step 21: f(x)= 3000.0
differential_evolution step 22: f(x)= 3000.0
differential_evolution step 23: f(x)= 3000.0
differential_evolution step 24: f(x)= 3000.0
differential_evolution step 25: f(x)= 3000.0
differential_evolution step 26: f(x)= 3000.0
differential_evolution step 27: f(x)= 3000.0
differential_evolution step 28: f(x)= 3000.0
differential_evolution step 29: f(x)= 3000.0
differential_evolution step 30: f(x)= 3000.0
differential_evolution step 31: f(x)= 3000.0
differential_evolution step 32: f(x)= 3000.0
differential_evolution step 33: f(x)= 3000.0
differential_evolution step 34: f(x)= 3000.0
differential_evolution step 35: f(x)= 3000.0
differential_evolution step 36: f(x)= 3000.0
Cluster 1 DE best chi^2: 3000.000 with params {'x_src': np.float64(203.49941620730237), 'y_src': np.float64(196.80501813886357), 'z_s': np.float64(3.2568493446123825)}
--- Running DE for Cluster 2 ---
[DE] Process Pool with 16 procs (init=latinhypercube, popsize=50)
differential_evolution step 1: f(x)= 669.7110793199315
differential_evolution step 2: f(x)= 669.7110793199315
differential_evolution step 3: f(x)= 669.7110793199315
differential_evolution step 4: f(x)= 669.7110793199315
differential_evolution step 5: f(x)= 669.7110793199315
differential_evolution step 6: f(x)= 669.7110793199315
differential_evolution step 7: f(x)= 669.7110793199315
differential_evolution step 8: f(x)= 669.7110793199315
differential_evolution step 9: f(x)= 151.9634080012487
differential_evolution step 10: f(x)= 151.9634080012487
differential_evolution step 11: f(x)= 151.9634080012487
differential_evolution step 12: f(x)= 151.9634080012487
differential_evolution step 13: f(x)= 149.0987889768193
differential_evolution step 14: f(x)= 149.0987889768193
differential_evolution step 15: f(x)= 149.0987889768193
differential_evolution step 16: f(x)= 149.0987889768193
differential_evolution step 17: f(x)= 149.0987889768193
differential_evolution step 18: f(x)= 123.10726235504552
differential_evolution step 19: f(x)= 123.10726235504552
differential_evolution step 20: f(x)= 98.81077581636589
differential_evolution step 21: f(x)= 98.81077581636589
differential_evolution step 22: f(x)= 98.81077581636589
differential_evolution step 23: f(x)= 98.81077581636589
differential_evolution step 24: f(x)= 98.81077581636589
differential_evolution step 25: f(x)= 97.33048144522328
differential_evolution step 26: f(x)= 97.33048144522328
differential_evolution step 27: f(x)= 97.33048144522328
differential_evolution step 28: f(x)= 97.33048144522328
differential_evolution step 29: f(x)= 97.33048144522328
differential_evolution step 30: f(x)= 97.33048144522328
differential_evolution step 31: f(x)= 97.33048144522328
differential_evolution step 32: f(x)= 97.33048144522328
differential_evolution step 33: f(x)= 97.33048144522328
differential_evolution step 34: f(x)= 97.33048144522328
differential_evolution step 35: f(x)= 97.33048144522328
differential_evolution step 36: f(x)= 97.33048144522328
differential_evolution step 37: f(x)= 97.33048144522328
differential_evolution step 38: f(x)= 85.71212708883729
differential_evolution step 39: f(x)= 85.71212708883729
differential_evolution step 40: f(x)= 85.71212708883729
differential_evolution step 41: f(x)= 85.71212708883729
differential_evolution step 42: f(x)= 85.71212708883729
differential_evolution step 43: f(x)= 85.71212708883729
differential_evolution step 44: f(x)= 85.71212708883729
differential_evolution step 45: f(x)= 85.71212708883729
differential_evolution step 46: f(x)= 85.71212708883729
differential_evolution step 47: f(x)= 85.71212708883729
differential_evolution step 48: f(x)= 85.71212708883729
differential_evolution step 49: f(x)= 85.71212708883729
differential_evolution step 50: f(x)= 79.97092021339728
differential_evolution step 51: f(x)= 79.97092021339728
differential_evolution step 52: f(x)= 79.97092021339728
differential_evolution step 53: f(x)= 79.97092021339728
differential_evolution step 54: f(x)= 79.97092021339728
differential_evolution step 55: f(x)= 79.97092021339728
differential_evolution step 56: f(x)= 79.97092021339728
differential_evolution step 57: f(x)= 79.97092021339728
differential_evolution step 58: f(x)= 79.97092021339728
differential_evolution step 59: f(x)= 79.97092021339728
differential_evolution step 60: f(x)= 79.97092021339728
differential_evolution step 61: f(x)= 79.97092021339728
differential_evolution step 62: f(x)= 79.97092021339728
differential_evolution step 63: f(x)= 79.97092021339728
differential_evolution step 64: f(x)= 79.97092021339728
differential_evolution step 65: f(x)= 79.97092021339728
differential_evolution step 66: f(x)= 79.97092021339728
differential_evolution step 67: f(x)= 79.97092021339728
differential_evolution step 68: f(x)= 79.97092021339728
differential_evolution step 69: f(x)= 79.97092021339728
differential_evolution step 70: f(x)= 79.97092021339728
differential_evolution step 71: f(x)= 79.97092021339728
differential_evolution step 72: f(x)= 79.97092021339728
differential_evolution step 73: f(x)= 79.97092021339728
differential_evolution step 74: f(x)= 79.67556881554128
differential_evolution step 75: f(x)= 79.67556881554128
differential_evolution step 76: f(x)= 78.27645005890557
differential_evolution step 77: f(x)= 78.27645005890557
differential_evolution step 78: f(x)= 78.27645005890557
differential_evolution step 79: f(x)= 78.27645005890557
differential_evolution step 80: f(x)= 78.27645005890557
differential_evolution step 81: f(x)= 78.27645005890557
differential_evolution step 82: f(x)= 78.27645005890557
differential_evolution step 83: f(x)= 78.27645005890557
differential_evolution step 84: f(x)= 78.27645005890557
differential_evolution step 85: f(x)= 78.27645005890557
differential_evolution step 86: f(x)= 78.27645005890557
differential_evolution step 87: f(x)= 78.01542681126536
differential_evolution step 88: f(x)= 78.01542681126536
differential_evolution step 89: f(x)= 77.87169918713505
differential_evolution step 90: f(x)= 77.35519041140383
differential_evolution step 91: f(x)= 77.35519041140383
differential_evolution step 92: f(x)= 77.35519041140383
differential_evolution step 93: f(x)= 77.03825764471301
differential_evolution step 94: f(x)= 77.03825764471301
differential_evolution step 95: f(x)= 76.69836380134915
differential_evolution step 96: f(x)= 76.69836380134915
differential_evolution step 97: f(x)= 76.69836380134915
differential_evolution step 98: f(x)= 76.69836380134915
differential_evolution step 99: f(x)= 76.69836380134915
differential_evolution step 100: f(x)= 76.69836380134915
differential_evolution step 101: f(x)= 76.69836380134915
differential_evolution step 102: f(x)= 76.69836380134915
differential_evolution step 103: f(x)= 76.4908282145933
differential_evolution step 104: f(x)= 76.4908282145933
differential_evolution step 105: f(x)= 76.4908282145933
differential_evolution step 106: f(x)= 76.4908282145933
differential_evolution step 107: f(x)= 76.4908282145933
differential_evolution step 108: f(x)= 76.4908282145933
differential_evolution step 109: f(x)= 76.4908282145933
differential_evolution step 110: f(x)= 76.4908282145933
differential_evolution step 111: f(x)= 76.4908282145933
differential_evolution step 112: f(x)= 76.4908282145933
differential_evolution step 113: f(x)= 76.4908282145933
differential_evolution step 114: f(x)= 76.4908282145933
differential_evolution step 115: f(x)= 76.4908282145933
differential_evolution step 116: f(x)= 76.4908282145933
differential_evolution step 117: f(x)= 76.4908282145933
differential_evolution step 118: f(x)= 76.4908282145933
differential_evolution step 119: f(x)= 76.4908282145933
differential_evolution step 120: f(x)= 76.4908282145933
differential_evolution step 121: f(x)= 76.4908282145933
differential_evolution step 122: f(x)= 76.4908282145933
differential_evolution step 123: f(x)= 76.4908282145933
differential_evolution step 124: f(x)= 76.4908282145933
differential_evolution step 125: f(x)= 76.4908282145933
differential_evolution step 126: f(x)= 76.4908282145933
differential_evolution step 127: f(x)= 76.4908282145933
differential_evolution step 128: f(x)= 76.4908282145933
differential_evolution step 129: f(x)= 76.4908282145933
differential_evolution step 130: f(x)= 76.4908282145933
differential_evolution step 131: f(x)= 76.4908282145933
differential_evolution step 132: f(x)= 76.45333595831217
differential_evolution step 133: f(x)= 76.422129719702
differential_evolution step 134: f(x)= 76.422129719702
differential_evolution step 135: f(x)= 76.422129719702
differential_evolution step 136: f(x)= 76.422129719702
differential_evolution step 137: f(x)= 76.422129719702
differential_evolution step 138: f(x)= 76.422129719702
differential_evolution step 139: f(x)= 76.422129719702
differential_evolution step 140: f(x)= 76.422129719702
differential_evolution step 141: f(x)= 76.422129719702
differential_evolution step 142: f(x)= 76.422129719702
differential_evolution step 143: f(x)= 76.422129719702
differential_evolution step 144: f(x)= 76.422129719702
differential_evolution step 145: f(x)= 76.422129719702
differential_evolution step 146: f(x)= 76.422129719702
differential_evolution step 147: f(x)= 76.422129719702
differential_evolution step 148: f(x)= 76.422129719702
differential_evolution step 149: f(x)= 76.422129719702
differential_evolution step 150: f(x)= 76.422129719702
differential_evolution step 151: f(x)= 76.422129719702
differential_evolution step 152: f(x)= 76.422129719702
differential_evolution step 153: f(x)= 76.422129719702
differential_evolution step 154: f(x)= 76.42024932522206
differential_evolution step 155: f(x)= 76.42024932522206
differential_evolution step 156: f(x)= 76.42024932522206
differential_evolution step 157: f(x)= 76.42024932522206
differential_evolution step 158: f(x)= 76.42024932522206
differential_evolution step 159: f(x)= 76.42024932522206
differential_evolution step 160: f(x)= 76.36329292809079
differential_evolution step 161: f(x)= 76.36329292809079
differential_evolution step 162: f(x)= 76.36329292809079
differential_evolution step 163: f(x)= 76.36329292809079
differential_evolution step 164: f(x)= 76.36329292809079
differential_evolution step 165: f(x)= 76.36329292809079
differential_evolution step 166: f(x)= 76.36329292809079
differential_evolution step 167: f(x)= 76.36329292809079
differential_evolution step 168: f(x)= 76.36329292809079
differential_evolution step 169: f(x)= 76.36329292809079
differential_evolution step 170: f(x)= 76.36329292809079
differential_evolution step 171: f(x)= 76.36329292809079
differential_evolution step 172: f(x)= 76.36329292809079
differential_evolution step 173: f(x)= 76.36329292809079
differential_evolution step 174: f(x)= 76.36329292809079
differential_evolution step 175: f(x)= 76.36329292809079
differential_evolution step 176: f(x)= 76.36329292809079
differential_evolution step 177: f(x)= 76.36329292809079
differential_evolution step 178: f(x)= 76.36329292809079
differential_evolution step 179: f(x)= 76.36329292809079
differential_evolution step 180: f(x)= 76.36329292809079
differential_evolution step 181: f(x)= 76.36329292809079
differential_evolution step 182: f(x)= 76.36329292809079
differential_evolution step 183: f(x)= 76.36329292809079
differential_evolution step 184: f(x)= 76.35302822731376
differential_evolution step 185: f(x)= 76.35302822731376
differential_evolution step 186: f(x)= 76.35302822731376
differential_evolution step 187: f(x)= 76.35302822731376
differential_evolution step 188: f(x)= 76.35302822731376
differential_evolution step 189: f(x)= 76.35302822731376
differential_evolution step 190: f(x)= 76.34408543746783
differential_evolution step 191: f(x)= 76.34408543746783
differential_evolution step 192: f(x)= 76.34408543746783
differential_evolution step 193: f(x)= 76.34408543746783
differential_evolution step 194: f(x)= 76.34408543746783
differential_evolution step 195: f(x)= 76.34408543746783
differential_evolution step 196: f(x)= 76.34408543746783
differential_evolution step 197: f(x)= 76.34408543746783
differential_evolution step 198: f(x)= 76.34408543746783
differential_evolution step 199: f(x)= 76.34408543746783
differential_evolution step 200: f(x)= 76.34408543746783
Cluster 2 DE best chi^2: 76.344 with params {'x_src': np.float64(98.72867494108749), 'y_src': np.float64(97.8800519981993), 'z_s': np.float64(2.1034762976792423)}
--- Running DE for Cluster 3 ---
[DE] Process Pool with 16 procs (init=latinhypercube, popsize=50)
differential_evolution step 1: f(x)= 3000.0
differential_evolution step 2: f(x)= 3000.0
differential_evolution step 3: f(x)= 3000.0
differential_evolution step 4: f(x)= 3000.0
differential_evolution step 5: f(x)= 3000.0
differential_evolution step 6: f(x)= 3000.0
differential_evolution step 7: f(x)= 3000.0
differential_evolution step 8: f(x)= 3000.0
differential_evolution step 9: f(x)= 3000.0
differential_evolution step 10: f(x)= 3000.0
differential_evolution step 11: f(x)= 3000.0
differential_evolution step 12: f(x)= 3000.0
differential_evolution step 13: f(x)= 2786.418388656063
differential_evolution step 14: f(x)= 2786.418388656063
differential_evolution step 15: f(x)= 2786.418388656063
differential_evolution step 16: f(x)= 2786.418388656063
differential_evolution step 17: f(x)= 2786.418388656063
differential_evolution step 18: f(x)= 2786.418388656063
differential_evolution step 19: f(x)= 2473.0447046048903
differential_evolution step 20: f(x)= 2473.0447046048903
differential_evolution step 21: f(x)= 2473.0447046048903
differential_evolution step 22: f(x)= 2473.0447046048903
differential_evolution step 23: f(x)= 2473.0447046048903
differential_evolution step 24: f(x)= 2473.0447046048903
differential_evolution step 25: f(x)= 2473.0447046048903
differential_evolution step 26: f(x)= 2473.0447046048903
differential_evolution step 27: f(x)= 2473.0447046048903
differential_evolution step 28: f(x)= 2473.0447046048903
differential_evolution step 29: f(x)= 2473.0447046048903
differential_evolution step 30: f(x)= 2473.0447046048903
differential_evolution step 31: f(x)= 2473.0447046048903
differential_evolution step 32: f(x)= 2473.0447046048903
differential_evolution step 33: f(x)= 2473.0447046048903
differential_evolution step 34: f(x)= 2473.0447046048903
differential_evolution step 35: f(x)= 2473.0447046048903
differential_evolution step 36: f(x)= 2473.0447046048903
differential_evolution step 37: f(x)= 2473.0447046048903
differential_evolution step 38: f(x)= 2473.0447046048903
differential_evolution step 39: f(x)= 2473.0447046048903
differential_evolution step 40: f(x)= 2473.0447046048903
differential_evolution step 41: f(x)= 2473.0447046048903
differential_evolution step 42: f(x)= 2473.0447046048903
differential_evolution step 43: f(x)= 2473.0447046048903
differential_evolution step 44: f(x)= 2473.0447046048903
differential_evolution step 45: f(x)= 2473.0447046048903
differential_evolution step 46: f(x)= 2473.0447046048903
differential_evolution step 47: f(x)= 2473.0447046048903
differential_evolution step 48: f(x)= 2473.0447046048903
differential_evolution step 49: f(x)= 2473.0447046048903
differential_evolution step 50: f(x)= 2473.0447046048903
differential_evolution step 51: f(x)= 2473.0447046048903
differential_evolution step 52: f(x)= 2473.0447046048903
differential_evolution step 53: f(x)= 2473.0447046048903
differential_evolution step 54: f(x)= 2473.0447046048903
differential_evolution step 55: f(x)= 2473.0447046048903
differential_evolution step 56: f(x)= 2473.0447046048903
differential_evolution step 57: f(x)= 2473.0447046048903
differential_evolution step 58: f(x)= 2473.0447046048903
differential_evolution step 59: f(x)= 2473.0447046048903
differential_evolution step 60: f(x)= 2473.0447046048903
differential_evolution step 61: f(x)= 2473.0447046048903
differential_evolution step 62: f(x)= 2473.0447046048903
differential_evolution step 63: f(x)= 2473.0447046048903
differential_evolution step 64: f(x)= 2473.0447046048903
differential_evolution step 65: f(x)= 2473.0447046048903
differential_evolution step 66: f(x)= 2473.0447046048903
differential_evolution step 67: f(x)= 2473.0447046048903
differential_evolution step 68: f(x)= 2473.0447046048903
differential_evolution step 69: f(x)= 2473.0447046048903
differential_evolution step 70: f(x)= 2473.0447046048903
differential_evolution step 71: f(x)= 2473.0447046048903
differential_evolution step 72: f(x)= 2473.0447046048903
differential_evolution step 73: f(x)= 2473.0447046048903
differential_evolution step 74: f(x)= 2473.0447046048903
differential_evolution step 75: f(x)= 2473.0447046048903
differential_evolution step 76: f(x)= 2473.0447046048903
differential_evolution step 77: f(x)= 2473.0447046048903
differential_evolution step 78: f(x)= 2473.0447046048903
differential_evolution step 79: f(x)= 2473.0447046048903
differential_evolution step 80: f(x)= 2473.0447046048903
differential_evolution step 81: f(x)= 2473.0447046048903
differential_evolution step 82: f(x)= 2473.0447046048903
differential_evolution step 83: f(x)= 2473.0447046048903
differential_evolution step 84: f(x)= 2473.0447046048903
differential_evolution step 85: f(x)= 2473.0447046048903
differential_evolution step 86: f(x)= 2473.0447046048903
differential_evolution step 87: f(x)= 2473.0447046048903
differential_evolution step 88: f(x)= 2473.0447046048903
differential_evolution step 89: f(x)= 2473.0447046048903
differential_evolution step 90: f(x)= 2473.0447046048903
differential_evolution step 91: f(x)= 2473.0447046048903
differential_evolution step 92: f(x)= 2473.0447046048903
differential_evolution step 93: f(x)= 2473.0447046048903
differential_evolution step 94: f(x)= 2370.405937222343
differential_evolution step 95: f(x)= 2370.405937222343
differential_evolution step 96: f(x)= 2370.405937222343
differential_evolution step 97: f(x)= 2370.405937222343
differential_evolution step 98: f(x)= 2370.405937222343
differential_evolution step 99: f(x)= 2370.405937222343
differential_evolution step 100: f(x)= 2370.405937222343
differential_evolution step 101: f(x)= 2370.405937222343
differential_evolution step 102: f(x)= 2370.405937222343
differential_evolution step 103: f(x)= 2370.405937222343
differential_evolution step 104: f(x)= 2370.405937222343
differential_evolution step 105: f(x)= 2370.405937222343
differential_evolution step 106: f(x)= 2370.405937222343
differential_evolution step 107: f(x)= 2370.405937222343
differential_evolution step 108: f(x)= 2370.405937222343
differential_evolution step 109: f(x)= 2370.405937222343
differential_evolution step 110: f(x)= 2370.405937222343
differential_evolution step 111: f(x)= 2370.405937222343
differential_evolution step 112: f(x)= 2370.405937222343
differential_evolution step 113: f(x)= 2370.405937222343
differential_evolution step 114: f(x)= 2370.405937222343
differential_evolution step 115: f(x)= 2370.405937222343
differential_evolution step 116: f(x)= 2370.405937222343
differential_evolution step 117: f(x)= 2370.405937222343
differential_evolution step 118: f(x)= 2370.405937222343
differential_evolution step 119: f(x)= 2370.405937222343
differential_evolution step 120: f(x)= 2370.405937222343
differential_evolution step 121: f(x)= 2370.405937222343
differential_evolution step 122: f(x)= 2370.405937222343
differential_evolution step 123: f(x)= 2370.405937222343
differential_evolution step 124: f(x)= 2370.405937222343
differential_evolution step 125: f(x)= 2370.405937222343
differential_evolution step 126: f(x)= 2370.405937222343
differential_evolution step 127: f(x)= 2370.405937222343
differential_evolution step 128: f(x)= 2370.405937222343
differential_evolution step 129: f(x)= 2370.405937222343
differential_evolution step 130: f(x)= 2370.405937222343
differential_evolution step 131: f(x)= 2370.405937222343
differential_evolution step 132: f(x)= 2370.405937222343
differential_evolution step 133: f(x)= 2370.405937222343
differential_evolution step 134: f(x)= 2370.405937222343
differential_evolution step 135: f(x)= 2370.405937222343
differential_evolution step 136: f(x)= 2370.405937222343
differential_evolution step 137: f(x)= 2370.405937222343
differential_evolution step 138: f(x)= 2370.405937222343
differential_evolution step 139: f(x)= 2370.405937222343
differential_evolution step 140: f(x)= 2370.405937222343
differential_evolution step 141: f(x)= 2370.405937222343
differential_evolution step 142: f(x)= 2370.405937222343
differential_evolution step 143: f(x)= 2370.405937222343
differential_evolution step 144: f(x)= 2370.405937222343
differential_evolution step 145: f(x)= 2370.405937222343
differential_evolution step 146: f(x)= 2370.405937222343
differential_evolution step 147: f(x)= 2370.405937222343
differential_evolution step 148: f(x)= 2370.405937222343
differential_evolution step 149: f(x)= 2370.405937222343
differential_evolution step 150: f(x)= 2370.405937222343
differential_evolution step 151: f(x)= 2370.405937222343
differential_evolution step 152: f(x)= 2370.405937222343
differential_evolution step 153: f(x)= 2370.405937222343
differential_evolution step 154: f(x)= 2370.405937222343
differential_evolution step 155: f(x)= 2370.405937222343
differential_evolution step 156: f(x)= 2370.405937222343
differential_evolution step 157: f(x)= 2370.405937222343
differential_evolution step 158: f(x)= 2370.405937222343
differential_evolution step 159: f(x)= 2370.405937222343
differential_evolution step 160: f(x)= 2370.405937222343
differential_evolution step 161: f(x)= 2370.405937222343
differential_evolution step 162: f(x)= 2370.405937222343
differential_evolution step 163: f(x)= 2370.405937222343
differential_evolution step 164: f(x)= 2370.405937222343
differential_evolution step 165: f(x)= 2370.405937222343
differential_evolution step 166: f(x)= 2370.405937222343
differential_evolution step 167: f(x)= 2370.405937222343
differential_evolution step 168: f(x)= 2370.405937222343
differential_evolution step 169: f(x)= 2370.405937222343
differential_evolution step 170: f(x)= 2370.405937222343
differential_evolution step 171: f(x)= 2370.405937222343
differential_evolution step 172: f(x)= 2370.405937222343
differential_evolution step 173: f(x)= 2370.405937222343
differential_evolution step 174: f(x)= 2370.405937222343
differential_evolution step 175: f(x)= 2370.405937222343
differential_evolution step 176: f(x)= 2370.405937222343
differential_evolution step 177: f(x)= 2370.405937222343
differential_evolution step 178: f(x)= 2370.405937222343
differential_evolution step 179: f(x)= 2370.405937222343
differential_evolution step 180: f(x)= 2370.405937222343
differential_evolution step 181: f(x)= 2370.405937222343
differential_evolution step 182: f(x)= 2370.405937222343
differential_evolution step 183: f(x)= 2370.405937222343
differential_evolution step 184: f(x)= 2370.405937222343
differential_evolution step 185: f(x)= 2370.405937222343
differential_evolution step 186: f(x)= 2370.405937222343
differential_evolution step 187: f(x)= 2370.405937222343
differential_evolution step 188: f(x)= 2370.405937222343
differential_evolution step 189: f(x)= 2370.405937222343
differential_evolution step 190: f(x)= 2370.405937222343
differential_evolution step 191: f(x)= 2370.405937222343
differential_evolution step 192: f(x)= 2370.405937222343
differential_evolution step 193: f(x)= 2370.405937222343
differential_evolution step 194: f(x)= 2370.405937222343
differential_evolution step 195: f(x)= 2370.405937222343
differential_evolution step 196: f(x)= 2370.405937222343
differential_evolution step 197: f(x)= 2370.405937222343
differential_evolution step 198: f(x)= 2370.405937222343
differential_evolution step 199: f(x)= 2370.405937222343
differential_evolution step 200: f(x)= 2370.405937222343
Cluster 3 DE best chi^2: 2370.406 with params {'x_src': np.float64(112.0375539343325), 'y_src': np.float64(123.53763842709168), 'z_s': np.float64(3.044412176300979)}
--- Running DE for Cluster 4 ---
[DE] Process Pool with 16 procs (init=latinhypercube, popsize=50)
differential_evolution step 1: f(x)= 3000.0
differential_evolution step 2: f(x)= 3000.0
differential_evolution step 3: f(x)= 482.4563740574563
differential_evolution step 4: f(x)= 482.4563740574563
differential_evolution step 5: f(x)= 482.4563740574563
differential_evolution step 6: f(x)= 482.4563740574563
differential_evolution step 7: f(x)= 482.4563740574563
differential_evolution step 8: f(x)= 482.4563740574563
differential_evolution step 9: f(x)= 482.4563740574563
differential_evolution step 10: f(x)= 482.4563740574563
differential_evolution step 11: f(x)= 482.4563740574563
differential_evolution step 12: f(x)= 482.4563740574563
differential_evolution step 13: f(x)= 482.4563740574563
differential_evolution step 14: f(x)= 482.4563740574563
differential_evolution step 15: f(x)= 482.4563740574563
differential_evolution step 16: f(x)= 325.8979498981148
differential_evolution step 17: f(x)= 325.8979498981148
differential_evolution step 18: f(x)= 325.8979498981148
differential_evolution step 19: f(x)= 274.41999303708087
differential_evolution step 20: f(x)= 274.41999303708087
differential_evolution step 21: f(x)= 274.41999303708087
differential_evolution step 22: f(x)= 274.41999303708087
differential_evolution step 23: f(x)= 274.41999303708087
differential_evolution step 24: f(x)= 274.41999303708087
differential_evolution step 25: f(x)= 274.41999303708087
differential_evolution step 26: f(x)= 274.41999303708087
differential_evolution step 27: f(x)= 274.41999303708087
differential_evolution step 28: f(x)= 274.41999303708087
differential_evolution step 29: f(x)= 274.41999303708087
differential_evolution step 30: f(x)= 127.83145998233161
differential_evolution step 31: f(x)= 127.83145998233161
differential_evolution step 32: f(x)= 127.83145998233161
differential_evolution step 33: f(x)= 127.83145998233161
differential_evolution step 34: f(x)= 127.83145998233161
differential_evolution step 35: f(x)= 127.83145998233161
differential_evolution step 36: f(x)= 127.83145998233161
differential_evolution step 37: f(x)= 127.83145998233161
differential_evolution step 38: f(x)= 127.83145998233161
differential_evolution step 39: f(x)= 127.83145998233161
differential_evolution step 40: f(x)= 127.83145998233161
differential_evolution step 41: f(x)= 127.83145998233161
differential_evolution step 42: f(x)= 127.83145998233161
differential_evolution step 43: f(x)= 127.83145998233161
differential_evolution step 44: f(x)= 127.83145998233161
differential_evolution step 45: f(x)= 127.83145998233161
differential_evolution step 46: f(x)= 127.83145998233161
differential_evolution step 47: f(x)= 127.83145998233161
differential_evolution step 48: f(x)= 127.83145998233161
differential_evolution step 49: f(x)= 127.83145998233161
differential_evolution step 50: f(x)= 127.83145998233161
differential_evolution step 51: f(x)= 127.83145998233161
differential_evolution step 52: f(x)= 127.83145998233161
differential_evolution step 53: f(x)= 127.83145998233161
differential_evolution step 54: f(x)= 127.83145998233161
differential_evolution step 55: f(x)= 127.83145998233161
differential_evolution step 56: f(x)= 127.83145998233161
differential_evolution step 57: f(x)= 127.83145998233161
differential_evolution step 58: f(x)= 127.83145998233161
differential_evolution step 59: f(x)= 127.83145998233161
differential_evolution step 60: f(x)= 127.83145998233161
differential_evolution step 61: f(x)= 127.83145998233161
differential_evolution step 62: f(x)= 127.83145998233161
differential_evolution step 63: f(x)= 127.83145998233161
differential_evolution step 64: f(x)= 127.83145998233161
differential_evolution step 65: f(x)= 127.83145998233161
differential_evolution step 66: f(x)= 127.83145998233161
differential_evolution step 67: f(x)= 127.83145998233161
differential_evolution step 68: f(x)= 127.83145998233161
differential_evolution step 69: f(x)= 127.83145998233161
differential_evolution step 70: f(x)= 127.83145998233161
differential_evolution step 71: f(x)= 127.83145998233161
differential_evolution step 72: f(x)= 127.83145998233161
differential_evolution step 73: f(x)= 127.83145998233161
differential_evolution step 74: f(x)= 127.83145998233161
differential_evolution step 75: f(x)= 127.83145998233161
differential_evolution step 76: f(x)= 127.83145998233161
differential_evolution step 77: f(x)= 127.83145998233161
differential_evolution step 78: f(x)= 127.83145998233161
differential_evolution step 79: f(x)= 127.83145998233161
differential_evolution step 80: f(x)= 127.83145998233161
differential_evolution step 81: f(x)= 127.83145998233161
differential_evolution step 82: f(x)= 127.83145998233161
differential_evolution step 83: f(x)= 127.83145998233161
differential_evolution step 84: f(x)= 127.83145998233161
differential_evolution step 85: f(x)= 127.83145998233161
differential_evolution step 86: f(x)= 127.83145998233161
differential_evolution step 87: f(x)= 127.83145998233161
differential_evolution step 88: f(x)= 127.83145998233161
differential_evolution step 89: f(x)= 127.83145998233161
differential_evolution step 90: f(x)= 127.83145998233161
differential_evolution step 91: f(x)= 127.83145998233161
differential_evolution step 92: f(x)= 127.83145998233161
differential_evolution step 93: f(x)= 127.83145998233161
differential_evolution step 94: f(x)= 127.83145998233161
differential_evolution step 95: f(x)= 127.83145998233161
differential_evolution step 96: f(x)= 127.83145998233161
differential_evolution step 97: f(x)= 127.83145998233161
differential_evolution step 98: f(x)= 127.83145998233161
differential_evolution step 99: f(x)= 127.83145998233161
differential_evolution step 100: f(x)= 127.83145998233161
differential_evolution step 101: f(x)= 127.83145998233161
differential_evolution step 102: f(x)= 127.83145998233161
differential_evolution step 103: f(x)= 127.83145998233161
differential_evolution step 104: f(x)= 127.83145998233161
differential_evolution step 105: f(x)= 127.83145998233161
differential_evolution step 106: f(x)= 127.83145998233161
differential_evolution step 107: f(x)= 127.83145998233161
differential_evolution step 108: f(x)= 127.83145998233161
differential_evolution step 109: f(x)= 127.83145998233161
differential_evolution step 110: f(x)= 127.83145998233161
differential_evolution step 111: f(x)= 127.83145998233161
differential_evolution step 112: f(x)= 127.83145998233161
differential_evolution step 113: f(x)= 127.83145998233161
differential_evolution step 114: f(x)= 127.83145998233161
differential_evolution step 115: f(x)= 127.83145998233161
differential_evolution step 116: f(x)= 127.83145998233161
differential_evolution step 117: f(x)= 127.83145998233161
differential_evolution step 118: f(x)= 127.83145998233161
differential_evolution step 119: f(x)= 127.83145998233161
differential_evolution step 120: f(x)= 99.67960788880575
differential_evolution step 121: f(x)= 99.67960788880575
differential_evolution step 122: f(x)= 99.67960788880575
differential_evolution step 123: f(x)= 99.67960788880575
differential_evolution step 124: f(x)= 99.67960788880575
differential_evolution step 125: f(x)= 99.67960788880575
differential_evolution step 126: f(x)= 99.67960788880575
differential_evolution step 127: f(x)= 99.67960788880575
differential_evolution step 128: f(x)= 99.67960788880575
differential_evolution step 129: f(x)= 99.67960788880575
differential_evolution step 130: f(x)= 99.67960788880575
differential_evolution step 131: f(x)= 99.67960788880575
differential_evolution step 132: f(x)= 99.67960788880575
differential_evolution step 133: f(x)= 99.67960788880575
differential_evolution step 134: f(x)= 99.67960788880575
differential_evolution step 135: f(x)= 99.67960788880575
differential_evolution step 136: f(x)= 99.67960788880575
differential_evolution step 137: f(x)= 99.67960788880575
differential_evolution step 138: f(x)= 99.67960788880575
differential_evolution step 139: f(x)= 99.67960788880575
differential_evolution step 140: f(x)= 99.67960788880575
differential_evolution step 141: f(x)= 99.67960788880575
differential_evolution step 142: f(x)= 99.67960788880575
differential_evolution step 143: f(x)= 99.67960788880575
differential_evolution step 144: f(x)= 99.67960788880575
differential_evolution step 145: f(x)= 99.67960788880575
differential_evolution step 146: f(x)= 97.44806180364385
differential_evolution step 147: f(x)= 97.44806180364385
differential_evolution step 148: f(x)= 97.44806180364385
differential_evolution step 149: f(x)= 97.44806180364385
differential_evolution step 150: f(x)= 97.44806180364385
differential_evolution step 151: f(x)= 97.44806180364385
differential_evolution step 152: f(x)= 97.44806180364385
differential_evolution step 153: f(x)= 81.82940103740668
differential_evolution step 154: f(x)= 81.82940103740668
differential_evolution step 155: f(x)= 81.82940103740668
differential_evolution step 156: f(x)= 81.82940103740668
differential_evolution step 157: f(x)= 81.82940103740668
differential_evolution step 158: f(x)= 81.82940103740668
differential_evolution step 159: f(x)= 73.82739345957887
differential_evolution step 160: f(x)= 73.82739345957887
differential_evolution step 161: f(x)= 73.82739345957887
differential_evolution step 162: f(x)= 73.82739345957887
differential_evolution step 163: f(x)= 73.82739345957887
differential_evolution step 164: f(x)= 73.34420094628551
differential_evolution step 165: f(x)= 73.34420094628551
differential_evolution step 166: f(x)= 72.19206287180555
differential_evolution step 167: f(x)= 72.19206287180555
differential_evolution step 168: f(x)= 72.19206287180555
differential_evolution step 169: f(x)= 72.19206287180555
differential_evolution step 170: f(x)= 72.19206287180555
differential_evolution step 171: f(x)= 72.19206287180555
differential_evolution step 172: f(x)= 72.19206287180555
differential_evolution step 173: f(x)= 72.19206287180555
differential_evolution step 174: f(x)= 70.93058888148009
differential_evolution step 175: f(x)= 70.93058888148009
differential_evolution step 176: f(x)= 68.83043927984762
differential_evolution step 177: f(x)= 68.83043927984762
differential_evolution step 178: f(x)= 68.7639655442361
differential_evolution step 179: f(x)= 68.4716083137853
differential_evolution step 180: f(x)= 68.38176794060456
differential_evolution step 181: f(x)= 66.54496980778207
differential_evolution step 182: f(x)= 66.54496980778207
differential_evolution step 183: f(x)= 66.54496980778207
differential_evolution step 184: f(x)= 65.39801412808248
differential_evolution step 185: f(x)= 65.39801412808248
differential_evolution step 186: f(x)= 64.89901235111711
differential_evolution step 187: f(x)= 64.89901235111711
differential_evolution step 188: f(x)= 64.89901235111711
differential_evolution step 189: f(x)= 64.89901235111711
differential_evolution step 190: f(x)= 64.89901235111711
differential_evolution step 191: f(x)= 64.8150559025226
differential_evolution step 192: f(x)= 64.8150559025226
differential_evolution step 193: f(x)= 64.65508384403837
differential_evolution step 194: f(x)= 64.65508384403837
differential_evolution step 195: f(x)= 64.65508384403837
differential_evolution step 196: f(x)= 64.65508384403837
differential_evolution step 197: f(x)= 64.65508384403837
differential_evolution step 198: f(x)= 64.65508384403837
differential_evolution step 199: f(x)= 64.65508384403837
differential_evolution step 200: f(x)= 64.65508384403837
Cluster 4 DE best chi^2: 64.655 with params {'x_src': np.float64(241.91045693849728), 'y_src': np.float64(240.87238406527166), 'z_s': np.float64(1.7167554537319085)}
--- Running DE for Cluster 5 ---
[DE] Process Pool with 16 procs (init=latinhypercube, popsize=50)
differential_evolution step 1: f(x)= 4242.640687119286
differential_evolution step 2: f(x)= 3000.0
differential_evolution step 3: f(x)= 3000.0
differential_evolution step 4: f(x)= 3000.0
differential_evolution step 5: f(x)= 3000.0
differential_evolution step 6: f(x)= 3000.0
differential_evolution step 7: f(x)= 3000.0
differential_evolution step 8: f(x)= 3000.0
differential_evolution step 9: f(x)= 3000.0
differential_evolution step 10: f(x)= 3000.0
differential_evolution step 11: f(x)= 2059.0717627522554
differential_evolution step 12: f(x)= 2059.0717627522554
differential_evolution step 13: f(x)= 975.4085064052085
differential_evolution step 14: f(x)= 975.4085064052085
differential_evolution step 15: f(x)= 975.4085064052085
differential_evolution step 16: f(x)= 489.8681830116016
differential_evolution step 17: f(x)= 489.8681830116016
differential_evolution step 18: f(x)= 489.8681830116016
differential_evolution step 19: f(x)= 489.8681830116016
differential_evolution step 20: f(x)= 489.8681830116016
differential_evolution step 21: f(x)= 489.8681830116016
differential_evolution step 22: f(x)= 489.8681830116016
differential_evolution step 23: f(x)= 261.66414345399255
differential_evolution step 24: f(x)= 261.66414345399255
differential_evolution step 25: f(x)= 261.66414345399255
differential_evolution step 26: f(x)= 261.66414345399255
differential_evolution step 27: f(x)= 261.66414345399255
differential_evolution step 28: f(x)= 261.66414345399255
differential_evolution step 29: f(x)= 261.66414345399255
differential_evolution step 30: f(x)= 261.66414345399255
differential_evolution step 31: f(x)= 261.66414345399255
differential_evolution step 32: f(x)= 261.66414345399255
differential_evolution step 33: f(x)= 261.66414345399255
differential_evolution step 34: f(x)= 261.66414345399255
differential_evolution step 35: f(x)= 261.66414345399255
differential_evolution step 36: f(x)= 261.66414345399255
differential_evolution step 37: f(x)= 259.51113863666023
differential_evolution step 38: f(x)= 259.51113863666023
differential_evolution step 39: f(x)= 259.51113863666023
differential_evolution step 40: f(x)= 165.06380940469978
differential_evolution step 41: f(x)= 165.06380940469978
differential_evolution step 42: f(x)= 165.06380940469978
differential_evolution step 43: f(x)= 165.06380940469978
differential_evolution step 44: f(x)= 165.06380940469978
differential_evolution step 45: f(x)= 165.06380940469978
differential_evolution step 46: f(x)= 165.06380940469978
differential_evolution step 47: f(x)= 165.06380940469978
differential_evolution step 48: f(x)= 165.06380940469978
differential_evolution step 49: f(x)= 165.06380940469978
differential_evolution step 50: f(x)= 165.06380940469978
differential_evolution step 51: f(x)= 133.12311896246672
differential_evolution step 52: f(x)= 133.12311896246672
differential_evolution step 53: f(x)= 133.12311896246672
differential_evolution step 54: f(x)= 133.12311896246672
differential_evolution step 55: f(x)= 133.12311896246672
differential_evolution step 56: f(x)= 133.12311896246672
differential_evolution step 57: f(x)= 133.12311896246672
differential_evolution step 58: f(x)= 133.12311896246672
differential_evolution step 59: f(x)= 133.12311896246672
differential_evolution step 60: f(x)= 133.12311896246672
differential_evolution step 61: f(x)= 133.12311896246672
differential_evolution step 62: f(x)= 133.12311896246672
differential_evolution step 63: f(x)= 133.12311896246672
differential_evolution step 64: f(x)= 133.12311896246672
differential_evolution step 65: f(x)= 133.12311896246672
differential_evolution step 66: f(x)= 133.12311896246672
differential_evolution step 67: f(x)= 133.12311896246672
differential_evolution step 68: f(x)= 132.15530621431037
differential_evolution step 69: f(x)= 132.15530621431037
differential_evolution step 70: f(x)= 132.15530621431037
differential_evolution step 71: f(x)= 132.15530621431037
differential_evolution step 72: f(x)= 132.15530621431037
differential_evolution step 73: f(x)= 132.15530621431037
differential_evolution step 74: f(x)= 132.15530621431037
differential_evolution step 75: f(x)= 132.15530621431037
differential_evolution step 76: f(x)= 132.15530621431037
differential_evolution step 77: f(x)= 132.15530621431037
differential_evolution step 78: f(x)= 132.15530621431037
differential_evolution step 79: f(x)= 132.15530621431037
differential_evolution step 80: f(x)= 132.15530621431037
differential_evolution step 81: f(x)= 132.15530621431037
differential_evolution step 82: f(x)= 130.42502814329788
differential_evolution step 83: f(x)= 130.42502814329788
differential_evolution step 84: f(x)= 130.42502814329788
differential_evolution step 85: f(x)= 130.42502814329788
differential_evolution step 86: f(x)= 129.42870371104294
differential_evolution step 87: f(x)= 128.79216354329597
differential_evolution step 88: f(x)= 128.79216354329597
differential_evolution step 89: f(x)= 128.79216354329597
differential_evolution step 90: f(x)= 128.79216354329597
differential_evolution step 91: f(x)= 128.79216354329597
differential_evolution step 92: f(x)= 128.79216354329597
differential_evolution step 93: f(x)= 128.79216354329597
differential_evolution step 94: f(x)= 128.79216354329597
differential_evolution step 95: f(x)= 128.79216354329597
differential_evolution step 96: f(x)= 128.79216354329597
differential_evolution step 97: f(x)= 128.79216354329597
differential_evolution step 98: f(x)= 128.79216354329597
differential_evolution step 99: f(x)= 128.79216354329597
differential_evolution step 100: f(x)= 128.79216354329597
differential_evolution step 101: f(x)= 128.77587866228362
differential_evolution step 102: f(x)= 128.77587866228362
differential_evolution step 103: f(x)= 128.77587866228362
differential_evolution step 104: f(x)= 128.7418855444834
differential_evolution step 105: f(x)= 128.7418855444834
differential_evolution step 106: f(x)= 128.7418855444834
differential_evolution step 107: f(x)= 128.7418855444834
differential_evolution step 108: f(x)= 128.7418855444834
differential_evolution step 109: f(x)= 128.735818458983
differential_evolution step 110: f(x)= 128.735818458983
differential_evolution step 111: f(x)= 128.735818458983
differential_evolution step 112: f(x)= 128.72255435482134
differential_evolution step 113: f(x)= 128.72255435482134
differential_evolution step 114: f(x)= 128.72255435482134
differential_evolution step 115: f(x)= 128.72255435482134
differential_evolution step 116: f(x)= 128.72255435482134
differential_evolution step 117: f(x)= 128.72255435482134
differential_evolution step 118: f(x)= 128.6931291366629
differential_evolution step 119: f(x)= 128.6931291366629
differential_evolution step 120: f(x)= 128.6931291366629
differential_evolution step 121: f(x)= 128.6931291366629
differential_evolution step 122: f(x)= 128.6931291366629
differential_evolution step 123: f(x)= 128.6931291366629
differential_evolution step 124: f(x)= 128.6931291366629
differential_evolution step 125: f(x)= 128.6931291366629
differential_evolution step 126: f(x)= 128.6931291366629
differential_evolution step 127: f(x)= 128.6931291366629
differential_evolution step 128: f(x)= 128.68093105737205
differential_evolution step 129: f(x)= 128.68093105737205
differential_evolution step 130: f(x)= 128.65413569662448
differential_evolution step 131: f(x)= 128.65413569662448
differential_evolution step 132: f(x)= 128.65413569662448
differential_evolution step 133: f(x)= 128.65413569662448
differential_evolution step 134: f(x)= 128.65413569662448
differential_evolution step 135: f(x)= 128.6509133533796
differential_evolution step 136: f(x)= 128.6509133533796
differential_evolution step 137: f(x)= 128.6509133533796
differential_evolution step 138: f(x)= 128.6509133533796
differential_evolution step 139: f(x)= 128.6509133533796
differential_evolution step 140: f(x)= 128.6509133533796
differential_evolution step 141: f(x)= 128.6509133533796
differential_evolution step 142: f(x)= 128.6509133533796
differential_evolution step 143: f(x)= 128.6509133533796
differential_evolution step 144: f(x)= 128.64749118056324
differential_evolution step 145: f(x)= 128.64749118056324
differential_evolution step 146: f(x)= 128.64749118056324
differential_evolution step 147: f(x)= 128.64749118056324
differential_evolution step 148: f(x)= 128.62201531444512
differential_evolution step 149: f(x)= 128.62201531444512
differential_evolution step 150: f(x)= 128.62201531444512
differential_evolution step 151: f(x)= 128.62201531444512
differential_evolution step 152: f(x)= 128.62201531444512
differential_evolution step 153: f(x)= 128.62201531444512
differential_evolution step 154: f(x)= 128.62201531444512
differential_evolution step 155: f(x)= 128.62201531444512
differential_evolution step 156: f(x)= 128.62201531444512
differential_evolution step 157: f(x)= 128.62201531444512
differential_evolution step 158: f(x)= 128.62201531444512
differential_evolution step 159: f(x)= 128.62201531444512
differential_evolution step 160: f(x)= 128.62201531444512
differential_evolution step 161: f(x)= 128.62201531444512
differential_evolution step 162: f(x)= 128.62201531444512
differential_evolution step 163: f(x)= 128.62201531444512
differential_evolution step 164: f(x)= 128.62201531444512
differential_evolution step 165: f(x)= 128.62201531444512
differential_evolution step 166: f(x)= 128.62201531444512
differential_evolution step 167: f(x)= 128.62201531444512
differential_evolution step 168: f(x)= 128.62201531444512
differential_evolution step 169: f(x)= 128.62201531444512
differential_evolution step 170: f(x)= 128.62201531444512
differential_evolution step 171: f(x)= 128.62201531444512
differential_evolution step 172: f(x)= 128.62201531444512
differential_evolution step 173: f(x)= 128.62201531444512
differential_evolution step 174: f(x)= 128.62201531444512
differential_evolution step 175: f(x)= 128.62201531444512
differential_evolution step 176: f(x)= 128.62201531444512
differential_evolution step 177: f(x)= 128.62201531444512
differential_evolution step 178: f(x)= 128.62201531444512
differential_evolution step 179: f(x)= 128.62201531444512
differential_evolution step 180: f(x)= 128.62201531444512
differential_evolution step 181: f(x)= 128.62201531444512
differential_evolution step 182: f(x)= 128.62201531444512
differential_evolution step 183: f(x)= 128.62201531444512
differential_evolution step 184: f(x)= 128.62201531444512
differential_evolution step 185: f(x)= 128.62201531444512
differential_evolution step 186: f(x)= 128.62201531444512
differential_evolution step 187: f(x)= 128.62201531444512
differential_evolution step 188: f(x)= 128.62201531444512
differential_evolution step 189: f(x)= 128.62201531444512
differential_evolution step 190: f(x)= 128.62201531444512
differential_evolution step 191: f(x)= 128.62201531444512
differential_evolution step 192: f(x)= 128.6157327841566
differential_evolution step 193: f(x)= 128.6157327841566
differential_evolution step 194: f(x)= 128.6157327841566
differential_evolution step 195: f(x)= 128.6157327841566
differential_evolution step 196: f(x)= 128.6157327841566
differential_evolution step 197: f(x)= 128.6157327841566
differential_evolution step 198: f(x)= 128.6157327841566
differential_evolution step 199: f(x)= 128.6157327841566
differential_evolution step 200: f(x)= 128.6157327841566
Cluster 5 DE best chi^2: 128.616 with params {'x_src': np.float64(148.19426721253006), 'y_src': np.float64(146.89191087350912), 'z_s': np.float64(3.351645140612994)}

--- DE Optimization Summary ---
Best fit found for Cluster 0 with chi^2 = 0.011
Best-fit parameters: {'x_src': np.float64(74.65595844123747), 'y_src': np.float64(79.56130254512692), 'z_s': np.float64(2.8944385566379145)}

--- Running MCMC for Cluster 0 (chi_sq=0.011) ---
[MCMC] Process Pool with 16 procs
  0%|          | 0/20000 [00:00<?, ?it/s]  0%|          | 77/20000 [01:40<7:13:49,  1.31s/it]  0%|          | 92/20000 [02:00<7:13:30,  1.31s/it]  1%|          | 155/20000 [03:20<7:07:49,  1.29s/it]  1%|          | 170/20000 [03:40<7:07:29,  1.29s/it]  1%|          | 233/20000 [05:01<7:06:11,  1.29s/it]  1%|          | 247/20000 [05:20<7:05:53,  1.29s/it]  2%|         | 312/20000 [06:41<7:01:07,  1.28s/it]  2%|         | 325/20000 [07:00<7:00:51,  1.28s/it]  2%|         | 388/20000 [08:22<7:03:30,  1.30s/it]  2%|         | 402/20000 [08:40<7:03:12,  1.30s/it]  2%|         | 468/20000 [10:03<6:57:58,  1.28s/it]  2%|         | 481/20000 [10:20<6:57:41,  1.28s/it]  3%|         | 544/20000 [11:43<7:00:53,  1.30s/it]  3%|         | 556/20000 [12:00<7:00:38,  1.30s/it]  3%|         | 620/20000 [13:24<7:01:58,  1.31s/it]  3%|         | 631/20000 [13:40<7:01:44,  1.31s/it]  3%|         | 697/20000 [15:05<7:00:22,  1.31s/it]  4%|         | 707/20000 [15:20<7:00:09,  1.31s/it]  4%|         | 775/20000 [16:45<6:56:19,  1.30s/it]  4%|         | 785/20000 [17:00<6:56:06,  1.30s/it]  4%|         | 853/20000 [18:26<6:54:00,  1.30s/it]  4%|         | 862/20000 [18:40<6:53:48,  1.30s/it]  5%|         | 929/20000 [20:06<6:54:41,  1.30s/it]  5%|         | 941/20000 [20:20<6:54:25,  1.30s/it]  5%|         | 1010/20000 [21:47<6:46:35,  1.28s/it]  5%|         | 1019/20000 [22:00<6:46:23,  1.28s/it]  5%|         | 1087/20000 [23:27<6:47:02,  1.29s/it]  5%|         | 1095/20000 [23:40<6:46:52,  1.29s/it]  6%|         | 1164/20000 [25:09<6:47:52,  1.30s/it]  6%|         | 1171/20000 [25:20<6:47:43,  1.30s/it]  6%|         | 1242/20000 [26:49<6:44:53,  1.30s/it]  6%|         | 1251/20000 [27:00<6:44:41,  1.30s/it]  7%|         | 1318/20000 [28:30<6:45:59,  1.30s/it]  7%|         | 1332/20000 [28:50<6:45:41,  1.30s/it]  7%|         | 1390/20000 [30:11<6:53:18,  1.33s/it]  7%|         | 1403/20000 [30:30<6:53:01,  1.33s/it]  7%|         | 1465/20000 [31:51<6:52:16,  1.33s/it]  7%|         | 1478/20000 [32:10<6:51:59,  1.33s/it]  8%|         | 1537/20000 [33:33<6:57:27,  1.36s/it]  8%|         | 1548/20000 [33:50<6:57:12,  1.36s/it]  8%|         | 1610/20000 [35:13<6:57:45,  1.36s/it]  8%|         | 1621/20000 [35:30<6:57:30,  1.36s/it]  8%|         | 1683/20000 [36:54<6:56:50,  1.37s/it]  8%|         | 1693/20000 [37:10<6:56:36,  1.37s/it]  9%|         | 1756/20000 [38:34<6:56:21,  1.37s/it]  9%|         | 1767/20000 [38:50<6:56:06,  1.37s/it]  9%|         | 1833/20000 [40:14<6:48:04,  1.35s/it]  9%|         | 1844/20000 [40:30<6:47:49,  1.35s/it] 10%|         | 1909/20000 [41:55<6:43:47,  1.34s/it] 10%|         | 1921/20000 [42:10<6:43:30,  1.34s/it] 10%|         | 1985/20000 [43:35<6:40:41,  1.33s/it] 10%|         | 1994/20000 [43:50<6:40:29,  1.33s/it] 10%|         | 2062/20000 [45:16<6:36:57,  1.33s/it] 10%|         | 2072/20000 [45:30<6:36:44,  1.33s/it] 11%|         | 2143/20000 [46:56<6:26:28,  1.30s/it] 11%|         | 2153/20000 [47:10<6:26:15,  1.30s/it] 11%|         | 2221/20000 [48:36<6:23:21,  1.29s/it] 11%|         | 2230/20000 [48:50<6:23:09,  1.29s/it] 11%|        | 2298/20000 [50:17<6:22:54,  1.30s/it] 12%|        | 2307/20000 [50:30<6:22:42,  1.30s/it] 12%|        | 2373/20000 [51:58<6:25:49,  1.31s/it] 12%|        | 2382/20000 [52:10<6:25:37,  1.31s/it] 12%|        | 2447/20000 [53:38<6:27:34,  1.32s/it] 12%|        | 2455/20000 [53:50<6:27:23,  1.32s/it] 13%|        | 2522/20000 [55:19<6:27:22,  1.33s/it] 13%|        | 2530/20000 [55:30<6:27:12,  1.33s/it] 13%|        | 2597/20000 [57:00<6:27:01,  1.33s/it] 13%|        | 2612/20000 [57:20<6:26:41,  1.33s/it] 13%|        | 2669/20000 [58:40<6:30:17,  1.35s/it] 13%|        | 2683/20000 [59:00<6:29:58,  1.35s/it] 14%|        | 2744/20000 [1:00:21<6:27:38,  1.35s/it] 14%|        | 2759/20000 [1:00:40<6:27:18,  1.35s/it] 14%|        | 2821/20000 [1:02:02<6:23:02,  1.34s/it] 14%|        | 2834/20000 [1:02:20<6:22:45,  1.34s/it] 14%|        | 2896/20000 [1:03:43<6:22:26,  1.34s/it] 15%|        | 2908/20000 [1:04:00<6:22:09,  1.34s/it] 15%|        | 2973/20000 [1:05:24<6:17:32,  1.33s/it] 15%|        | 2985/20000 [1:05:40<6:17:16,  1.33s/it] 15%|        | 3051/20000 [1:07:04<6:11:39,  1.32s/it] 15%|        | 3063/20000 [1:07:20<6:11:23,  1.32s/it] 16%|        | 3124/20000 [1:08:44<6:15:01,  1.33s/it] 16%|        | 3133/20000 [1:09:00<6:14:49,  1.33s/it] 16%|        | 3198/20000 [1:10:24<6:15:00,  1.34s/it] 16%|        | 3209/20000 [1:10:40<6:14:45,  1.34s/it] 16%|        | 3274/20000 [1:12:04<6:11:37,  1.33s/it] 16%|        | 3284/20000 [1:12:20<6:11:24,  1.33s/it] 17%|        | 3350/20000 [1:13:45<6:09:13,  1.33s/it] 17%|        | 3360/20000 [1:14:00<6:09:00,  1.33s/it] 17%|        | 3425/20000 [1:15:26<6:08:32,  1.33s/it] 17%|        | 3436/20000 [1:15:40<6:08:17,  1.33s/it] 18%|        | 3504/20000 [1:17:07<6:02:04,  1.32s/it] 18%|        | 3513/20000 [1:17:20<6:01:52,  1.32s/it] 18%|        | 3589/20000 [1:18:48<5:49:01,  1.28s/it] 18%|        | 3597/20000 [1:19:00<5:48:51,  1.28s/it] 18%|        | 3664/20000 [1:20:28<5:52:26,  1.29s/it] 18%|        | 3673/20000 [1:20:40<5:52:15,  1.29s/it] 19%|        | 3748/20000 [1:22:10<5:42:59,  1.27s/it] 19%|        | 3763/20000 [1:22:30<5:42:40,  1.27s/it] 19%|        | 3826/20000 [1:23:51<5:43:31,  1.27s/it] 19%|        | 3841/20000 [1:24:10<5:43:12,  1.27s/it] 20%|        | 3907/20000 [1:25:31<5:39:10,  1.26s/it] 20%|        | 3920/20000 [1:25:50<5:38:53,  1.26s/it] 20%|        | 3981/20000 [1:27:12<5:45:22,  1.29s/it] 20%|        | 3993/20000 [1:27:30<5:45:07,  1.29s/it] 20%|        | 4058/20000 [1:28:53<5:45:04,  1.30s/it] 20%|        | 4071/20000 [1:29:10<5:44:47,  1.30s/it] 21%|        | 4139/20000 [1:30:34<5:38:18,  1.28s/it] 21%|        | 4151/20000 [1:30:50<5:38:02,  1.28s/it] 21%|        | 4215/20000 [1:32:14<5:40:08,  1.29s/it] 21%|        | 4227/20000 [1:32:30<5:39:52,  1.29s/it] 21%|       | 4294/20000 [1:33:55<5:37:06,  1.29s/it] 22%|       | 4305/20000 [1:34:10<5:36:52,  1.29s/it] 22%|       | 4373/20000 [1:35:36<5:34:37,  1.28s/it] 22%|       | 4384/20000 [1:35:50<5:34:23,  1.28s/it] 22%|       | 4450/20000 [1:37:17<5:34:54,  1.29s/it] 22%|       | 4459/20000 [1:37:30<5:34:42,  1.29s/it] 23%|       | 4527/20000 [1:38:58<5:34:41,  1.30s/it] 23%|       | 4537/20000 [1:39:10<5:34:28,  1.30s/it] 23%|       | 4608/20000 [1:40:39<5:29:08,  1.28s/it] 23%|       | 4615/20000 [1:40:50<5:28:59,  1.28s/it] 23%|       | 4688/20000 [1:42:19<5:25:06,  1.27s/it] 23%|       | 4696/20000 [1:42:30<5:24:56,  1.27s/it] 24%|       | 4766/20000 [1:44:00<5:24:55,  1.28s/it] 24%|       | 4781/20000 [1:44:20<5:24:36,  1.28s/it] 24%|       | 4846/20000 [1:45:41<5:21:39,  1.27s/it] 24%|       | 4860/20000 [1:46:00<5:21:21,  1.27s/it] 25%|       | 4925/20000 [1:47:22<5:20:19,  1.27s/it] 25%|       | 4937/20000 [1:47:40<5:20:03,  1.27s/it] 25%|       | 5004/20000 [1:49:03<5:18:42,  1.28s/it] 25%|       | 5016/20000 [1:49:20<5:18:26,  1.28s/it] 25%|       | 5081/20000 [1:50:43<5:19:30,  1.29s/it] 25%|       | 5095/20000 [1:51:00<5:19:12,  1.29s/it] 26%|       | 5166/20000 [1:52:24<5:09:22,  1.25s/it] 26%|       | 5178/20000 [1:52:40<5:09:07,  1.25s/it] 26%|       | 5246/20000 [1:54:04<5:08:23,  1.25s/it] 26%|       | 5258/20000 [1:54:20<5:08:08,  1.25s/it] 27%|       | 5322/20000 [1:55:45<5:11:17,  1.27s/it] 27%|       | 5332/20000 [1:56:00<5:11:04,  1.27s/it] 27%|       | 5399/20000 [1:57:25<5:12:19,  1.28s/it] 27%|       | 5409/20000 [1:57:40<5:12:06,  1.28s/it] 27%|       | 5478/20000 [1:59:06<5:09:59,  1.28s/it] 27%|       | 5488/20000 [1:59:20<5:09:47,  1.28s/it] 28%|       | 5558/20000 [2:00:47<5:06:36,  1.27s/it] 28%|       | 5567/20000 [2:01:00<5:06:24,  1.27s/it] 28%|       | 5635/20000 [2:02:28<5:07:37,  1.28s/it] 28%|       | 5644/20000 [2:02:40<5:07:26,  1.28s/it] 29%|       | 5715/20000 [2:04:08<5:03:27,  1.27s/it] 29%|       | 5723/20000 [2:04:20<5:03:16,  1.27s/it] 29%|       | 5790/20000 [2:05:49<5:06:44,  1.30s/it] 29%|       | 5797/20000 [2:06:00<5:06:35,  1.30s/it] 29%|       | 5865/20000 [2:07:29<5:08:21,  1.31s/it] 29%|       | 5872/20000 [2:07:40<5:08:12,  1.31s/it] 30%|       | 5943/20000 [2:09:11<5:05:47,  1.31s/it] 30%|       | 5957/20000 [2:09:30<5:05:29,  1.31s/it] 30%|       | 6020/20000 [2:10:52<5:04:33,  1.31s/it] 30%|       | 6034/20000 [2:11:10<5:04:14,  1.31s/it] 30%|       | 6100/20000 [2:12:32<4:59:02,  1.29s/it] 31%|       | 6114/20000 [2:12:50<4:58:44,  1.29s/it] 31%|       | 6177/20000 [2:14:13<4:58:58,  1.30s/it] 31%|       | 6188/20000 [2:14:30<4:58:44,  1.30s/it] 31%|      | 6252/20000 [2:15:54<5:00:07,  1.31s/it] 31%|      | 6263/20000 [2:16:10<4:59:53,  1.31s/it] 32%|      | 6322/20000 [2:17:34<5:06:15,  1.34s/it] 32%|      | 6332/20000 [2:17:50<5:06:02,  1.34s/it] 32%|      | 6391/20000 [2:19:14<5:12:03,  1.38s/it] 32%|      | 6402/20000 [2:19:30<5:11:48,  1.38s/it] 32%|      | 6467/20000 [2:20:55<5:06:49,  1.36s/it] 32%|      | 6477/20000 [2:21:10<5:06:35,  1.36s/it] 33%|      | 6543/20000 [2:22:35<5:02:25,  1.35s/it] 33%|      | 6553/20000 [2:22:50<5:02:12,  1.35s/it] 33%|      | 6614/20000 [2:24:16<5:04:57,  1.37s/it] 33%|      | 6623/20000 [2:24:30<5:04:44,  1.37s/it] 33%|      | 6682/20000 [2:25:56<5:10:00,  1.40s/it] 33%|      | 6691/20000 [2:26:10<5:09:47,  1.40s/it] 34%|      | 6758/20000 [2:27:37<5:03:35,  1.38s/it] 34%|      | 6768/20000 [2:27:50<5:03:21,  1.38s/it] 34%|      | 6835/20000 [2:29:18<4:57:36,  1.36s/it] 34%|      | 6842/20000 [2:29:30<4:57:26,  1.36s/it] 35%|      | 6902/20000 [2:30:59<5:05:00,  1.40s/it] 35%|      | 6909/20000 [2:31:10<5:04:50,  1.40s/it] 35%|      | 6976/20000 [2:32:39<5:01:00,  1.39s/it] 35%|      | 6983/20000 [2:32:50<5:00:50,  1.39s/it] 35%|      | 7046/20000 [2:34:21<5:03:10,  1.40s/it] 35%|      | 7061/20000 [2:34:40<5:02:49,  1.40s/it] 36%|      | 7124/20000 [2:36:02<4:54:13,  1.37s/it] 36%|      | 7136/20000 [2:36:20<4:53:57,  1.37s/it] 36%|      | 7197/20000 [2:37:43<4:52:56,  1.37s/it] 36%|      | 7210/20000 [2:38:00<4:52:39,  1.37s/it] 36%|      | 7273/20000 [2:39:23<4:47:55,  1.36s/it] 36%|      | 7283/20000 [2:39:40<4:47:41,  1.36s/it] 37%|      | 7344/20000 [2:41:04<4:50:00,  1.37s/it] 37%|      | 7354/20000 [2:41:20<4:49:46,  1.37s/it] 37%|      | 7414/20000 [2:42:44<4:52:02,  1.39s/it] 37%|      | 7424/20000 [2:43:00<4:51:48,  1.39s/it] 37%|      | 7489/20000 [2:44:25<4:47:04,  1.38s/it] 37%|      | 7498/20000 [2:44:40<4:46:51,  1.38s/it] 38%|      | 7557/20000 [2:46:05<4:51:29,  1.41s/it] 38%|      | 7566/20000 [2:46:20<4:51:17,  1.41s/it] 38%|      | 7624/20000 [2:47:45<4:55:07,  1.43s/it] 38%|      | 7635/20000 [2:48:00<4:54:51,  1.43s/it] 38%|      | 7700/20000 [2:49:27<4:47:06,  1.40s/it] 39%|      | 7709/20000 [2:49:40<4:46:54,  1.40s/it] 39%|      | 7776/20000 [2:51:07<4:40:05,  1.37s/it] 39%|      | 7784/20000 [2:51:20<4:39:54,  1.37s/it] 39%|      | 7847/20000 [2:52:47<4:40:34,  1.39s/it] 39%|      | 7854/20000 [2:53:00<4:40:24,  1.39s/it] 40%|      | 7914/20000 [2:54:28<4:46:06,  1.42s/it] 40%|      | 7922/20000 [2:54:40<4:45:55,  1.42s/it] 40%|      | 7994/20000 [2:56:09<4:33:40,  1.37s/it] 40%|      | 8001/20000 [2:56:20<4:33:30,  1.37s/it] 40%|      | 8072/20000 [2:57:49<4:26:38,  1.34s/it] 40%|      | 8079/20000 [2:58:00<4:26:29,  1.34s/it] 41%|      | 8146/20000 [2:59:30<4:26:32,  1.35s/it] 41%|      | 8162/20000 [2:59:50<4:26:10,  1.35s/it] 41%|      | 8220/20000 [3:01:11<4:25:38,  1.35s/it] 41%|      | 8232/20000 [3:01:30<4:25:22,  1.35s/it] 41%|     | 8295/20000 [3:02:51<4:22:57,  1.35s/it] 42%|     | 8307/20000 [3:03:10<4:22:41,  1.35s/it] 42%|     | 8370/20000 [3:04:32<4:20:40,  1.34s/it] 42%|     | 8383/20000 [3:04:50<4:20:23,  1.34s/it] 42%|     | 8444/20000 [3:06:12<4:19:23,  1.35s/it] 42%|     | 8457/20000 [3:06:30<4:19:06,  1.35s/it] 43%|     | 8513/20000 [3:07:52<4:23:42,  1.38s/it] 43%|     | 8525/20000 [3:08:10<4:23:25,  1.38s/it] 43%|     | 8582/20000 [3:09:33<4:26:45,  1.40s/it] 43%|     | 8593/20000 [3:09:50<4:26:30,  1.40s/it] 43%|     | 8650/20000 [3:11:13<4:29:27,  1.42s/it] 43%|     | 8663/20000 [3:11:30<4:29:08,  1.42s/it] 44%|     | 8732/20000 [3:12:54<4:15:16,  1.36s/it] 44%|     | 8744/20000 [3:13:10<4:14:59,  1.36s/it] 44%|     | 8815/20000 [3:14:35<4:04:26,  1.31s/it] 44%|     | 8826/20000 [3:14:50<4:04:11,  1.31s/it] 44%|     | 8892/20000 [3:16:16<4:02:50,  1.31s/it] 45%|     | 8903/20000 [3:16:30<4:02:36,  1.31s/it] 45%|     | 8968/20000 [3:17:56<4:01:51,  1.32s/it] 45%|     | 8976/20000 [3:18:10<4:01:40,  1.32s/it] 45%|     | 9044/20000 [3:19:37<4:00:26,  1.32s/it] 45%|     | 9054/20000 [3:19:50<4:00:13,  1.32s/it] 46%|     | 9125/20000 [3:21:17<3:54:26,  1.29s/it] 46%|     | 9134/20000 [3:21:30<3:54:14,  1.29s/it] 46%|     | 9205/20000 [3:22:58<3:50:34,  1.28s/it] 46%|     | 9215/20000 [3:23:10<3:50:22,  1.28s/it] 46%|     | 9283/20000 [3:24:38<3:49:15,  1.28s/it] 46%|     | 9292/20000 [3:24:50<3:49:04,  1.28s/it] 47%|     | 9353/20000 [3:26:18<3:54:58,  1.32s/it] 47%|     | 9361/20000 [3:26:30<3:54:47,  1.32s/it] 47%|     | 9421/20000 [3:27:59<4:01:13,  1.37s/it] 47%|     | 9428/20000 [3:28:10<4:01:03,  1.37s/it] 47%|     | 9491/20000 [3:29:40<4:03:24,  1.39s/it] 48%|     | 9506/20000 [3:30:00<4:03:03,  1.39s/it] 48%|     | 9564/20000 [3:31:22<4:01:47,  1.39s/it] 48%|     | 9575/20000 [3:31:40<4:01:32,  1.39s/it] 48%|     | 9631/20000 [3:33:03<4:06:12,  1.42s/it] 48%|     | 9643/20000 [3:33:20<4:05:55,  1.42s/it] 49%|     | 9704/20000 [3:34:44<4:02:04,  1.41s/it] 49%|     | 9717/20000 [3:35:00<4:01:45,  1.41s/it] 49%|     | 9785/20000 [3:36:25<3:50:57,  1.36s/it] 49%|     | 9796/20000 [3:36:40<3:50:42,  1.36s/it] 49%|     | 9855/20000 [3:38:05<3:53:21,  1.38s/it] 49%|     | 9866/20000 [3:38:20<3:53:06,  1.38s/it] 50%|     | 9931/20000 [3:39:46<3:48:41,  1.36s/it] 50%|     | 9943/20000 [3:40:00<3:48:24,  1.36s/it] 50%|     | 10014/20000 [3:41:26<3:38:42,  1.31s/it] 50%|     | 10024/20000 [3:41:40<3:38:29,  1.31s/it] 50%|     | 10093/20000 [3:43:07<3:35:04,  1.30s/it] 50%|     | 10100/20000 [3:43:20<3:34:55,  1.30s/it] 51%|     | 10166/20000 [3:44:49<3:37:41,  1.33s/it] 51%|     | 10173/20000 [3:45:00<3:37:32,  1.33s/it] 51%|     | 10237/20000 [3:46:29<3:39:58,  1.35s/it] 51%|     | 10245/20000 [3:46:40<3:39:47,  1.35s/it] 52%|    | 10315/20000 [3:48:09<3:34:52,  1.33s/it] 52%|    | 10321/20000 [3:48:20<3:34:44,  1.33s/it] 52%|    | 10384/20000 [3:49:49<3:38:43,  1.36s/it] 52%|    | 10391/20000 [3:50:00<3:38:34,  1.36s/it] 52%|    | 10455/20000 [3:51:30<3:39:45,  1.38s/it] 52%|    | 10469/20000 [3:51:50<3:39:25,  1.38s/it] 53%|    | 10537/20000 [3:53:11<3:29:43,  1.33s/it] 53%|    | 10554/20000 [3:53:30<3:29:21,  1.33s/it] 53%|    | 10614/20000 [3:54:52<3:27:12,  1.32s/it] 53%|    | 10626/20000 [3:55:10<3:26:56,  1.32s/it] 53%|    | 10682/20000 [3:56:32<3:32:02,  1.37s/it] 53%|    | 10694/20000 [3:56:50<3:31:46,  1.37s/it] 54%|    | 10755/20000 [3:58:12<3:31:00,  1.37s/it] 54%|    | 10767/20000 [3:58:30<3:30:43,  1.37s/it] 54%|    | 10829/20000 [3:59:53<3:28:47,  1.37s/it] 54%|    | 10842/20000 [4:00:10<3:28:29,  1.37s/it] 55%|    | 10907/20000 [4:01:33<3:23:16,  1.34s/it] 55%|    | 10920/20000 [4:01:50<3:22:58,  1.34s/it] 55%|    | 10987/20000 [4:03:13<3:17:12,  1.31s/it] 55%|    | 11000/20000 [4:03:30<3:16:55,  1.31s/it] 55%|    | 11066/20000 [4:04:54<3:13:34,  1.30s/it] 55%|    | 11078/20000 [4:05:10<3:13:19,  1.30s/it] 56%|    | 11141/20000 [4:06:35<3:13:50,  1.31s/it] 56%|    | 11152/20000 [4:06:50<3:13:36,  1.31s/it] 56%|    | 11219/20000 [4:08:15<3:11:09,  1.31s/it] 56%|    | 11229/20000 [4:08:30<3:10:56,  1.31s/it] 56%|    | 11291/20000 [4:09:56<3:13:23,  1.33s/it] 56%|    | 11299/20000 [4:10:10<3:13:13,  1.33s/it] 57%|    | 11362/20000 [4:11:36<3:15:06,  1.36s/it] 57%|    | 11372/20000 [4:11:50<3:14:53,  1.36s/it] 57%|    | 11436/20000 [4:13:16<3:13:20,  1.35s/it] 57%|    | 11445/20000 [4:13:30<3:13:08,  1.35s/it] 58%|    | 11509/20000 [4:14:57<3:12:52,  1.36s/it] 58%|    | 11518/20000 [4:15:10<3:12:40,  1.36s/it] 58%|    | 11578/20000 [4:16:38<3:15:08,  1.39s/it] 58%|    | 11587/20000 [4:16:50<3:14:56,  1.39s/it] 58%|    | 11656/20000 [4:18:18<3:08:36,  1.36s/it] 58%|    | 11666/20000 [4:18:30<3:08:23,  1.36s/it] 59%|    | 11737/20000 [4:19:58<3:01:31,  1.32s/it] 59%|    | 11747/20000 [4:20:10<3:01:18,  1.32s/it] 59%|    | 11813/20000 [4:21:38<2:59:47,  1.32s/it] 59%|    | 11820/20000 [4:21:50<2:59:38,  1.32s/it] 59%|    | 11889/20000 [4:23:19<2:58:38,  1.32s/it] 59%|    | 11897/20000 [4:23:30<2:58:27,  1.32s/it] 60%|    | 11965/20000 [4:24:59<2:56:49,  1.32s/it] 60%|    | 11973/20000 [4:25:10<2:56:39,  1.32s/it] 60%|    | 12039/20000 [4:26:40<2:56:36,  1.33s/it] 60%|    | 12045/20000 [4:26:50<2:56:28,  1.33s/it] 61%|    | 12116/20000 [4:28:20<2:53:50,  1.32s/it] 61%|    | 12130/20000 [4:28:40<2:53:32,  1.32s/it] 61%|    | 12190/20000 [4:30:01<2:53:34,  1.33s/it] 61%|    | 12202/20000 [4:30:20<2:53:18,  1.33s/it] 61%|   | 12260/20000 [4:31:42<2:55:57,  1.36s/it] 61%|   | 12274/20000 [4:32:00<2:55:38,  1.36s/it] 62%|   | 12338/20000 [4:33:23<2:51:21,  1.34s/it] 62%|   | 12350/20000 [4:33:40<2:51:05,  1.34s/it] 62%|   | 12412/20000 [4:35:03<2:50:28,  1.35s/it] 62%|   | 12422/20000 [4:35:20<2:50:14,  1.35s/it] 62%|   | 12485/20000 [4:36:44<2:50:00,  1.36s/it] 62%|   | 12496/20000 [4:37:00<2:49:45,  1.36s/it] 63%|   | 12561/20000 [4:38:25<2:47:25,  1.35s/it] 63%|   | 12570/20000 [4:38:40<2:47:13,  1.35s/it] 63%|   | 12632/20000 [4:40:06<2:48:23,  1.37s/it] 63%|   | 12641/20000 [4:40:20<2:48:10,  1.37s/it] 64%|   | 12712/20000 [4:41:47<2:42:01,  1.33s/it] 64%|   | 12724/20000 [4:42:00<2:41:45,  1.33s/it] 64%|   | 12798/20000 [4:43:27<2:33:32,  1.28s/it] 64%|   | 12806/20000 [4:43:40<2:33:21,  1.28s/it] 64%|   | 12871/20000 [4:45:07<2:35:07,  1.31s/it] 64%|   | 12881/20000 [4:45:20<2:34:54,  1.31s/it] 65%|   | 12949/20000 [4:46:48<2:32:51,  1.30s/it] 65%|   | 12957/20000 [4:47:00<2:32:41,  1.30s/it] 65%|   | 13021/20000 [4:48:29<2:34:31,  1.33s/it] 65%|   | 13030/20000 [4:48:40<2:34:19,  1.33s/it] 66%|   | 13102/20000 [4:50:09<2:29:29,  1.30s/it] 66%|   | 13111/20000 [4:50:20<2:29:17,  1.30s/it] 66%|   | 13181/20000 [4:51:49<2:26:38,  1.29s/it] 66%|   | 13189/20000 [4:52:00<2:26:28,  1.29s/it] 66%|   | 13251/20000 [4:53:30<2:29:42,  1.33s/it] 66%|   | 13257/20000 [4:53:40<2:29:34,  1.33s/it] 67%|   | 13325/20000 [4:55:10<2:29:08,  1.34s/it] 67%|   | 13341/20000 [4:55:30<2:28:47,  1.34s/it] 67%|   | 13401/20000 [4:56:51<2:27:04,  1.34s/it] 67%|   | 13414/20000 [4:57:10<2:26:46,  1.34s/it] 67%|   | 13474/20000 [4:58:32<2:26:34,  1.35s/it] 67%|   | 13487/20000 [4:58:50<2:26:17,  1.35s/it] 68%|   | 13548/20000 [5:00:12<2:25:05,  1.35s/it] 68%|   | 13560/20000 [5:00:30<2:24:49,  1.35s/it] 68%|   | 13621/20000 [5:01:53<2:24:40,  1.36s/it] 68%|   | 13633/20000 [5:02:10<2:24:23,  1.36s/it] 68%|   | 13696/20000 [5:03:35<2:22:40,  1.36s/it] 69%|   | 13705/20000 [5:03:50<2:22:28,  1.36s/it] 69%|   | 13765/20000 [5:05:15<2:23:55,  1.38s/it] 69%|   | 13774/20000 [5:05:30<2:23:42,  1.38s/it] 69%|   | 13838/20000 [5:06:55<2:22:05,  1.38s/it] 69%|   | 13850/20000 [5:07:10<2:21:48,  1.38s/it] 70%|   | 13917/20000 [5:08:37<2:17:05,  1.35s/it] 70%|   | 13926/20000 [5:08:50<2:16:53,  1.35s/it] 70%|   | 13997/20000 [5:10:18<2:12:33,  1.32s/it] 70%|   | 14007/20000 [5:10:30<2:12:20,  1.32s/it] 70%|   | 14078/20000 [5:11:58<2:08:02,  1.30s/it] 70%|   | 14086/20000 [5:12:10<2:07:52,  1.30s/it] 71%|   | 14160/20000 [5:13:39<2:04:09,  1.28s/it] 71%|   | 14168/20000 [5:13:50<2:03:59,  1.28s/it] 71%|   | 14233/20000 [5:15:19<2:05:12,  1.30s/it] 71%|   | 14241/20000 [5:15:30<2:05:01,  1.30s/it] 72%|  | 14316/20000 [5:16:59<2:00:32,  1.27s/it] 72%|  | 14324/20000 [5:17:10<2:00:22,  1.27s/it] 72%|  | 14400/20000 [5:18:40<1:56:34,  1.25s/it] 72%|  | 14406/20000 [5:18:50<1:56:26,  1.25s/it] 72%|  | 14473/20000 [5:20:21<1:58:33,  1.29s/it] 72%|  | 14485/20000 [5:20:40<1:58:18,  1.29s/it] 73%|  | 14547/20000 [5:22:02<1:59:00,  1.31s/it] 73%|  | 14559/20000 [5:22:20<1:58:44,  1.31s/it] 73%|  | 14628/20000 [5:23:43<1:55:20,  1.29s/it] 73%|  | 14641/20000 [5:24:00<1:55:03,  1.29s/it] 74%|  | 14707/20000 [5:25:23<1:53:16,  1.28s/it] 74%|  | 14719/20000 [5:25:40<1:53:01,  1.28s/it] 74%|  | 14777/20000 [5:27:05<1:55:42,  1.33s/it] 74%|  | 14787/20000 [5:27:20<1:55:29,  1.33s/it] 74%|  | 14846/20000 [5:28:45<1:57:20,  1.37s/it] 74%|  | 14855/20000 [5:29:00<1:57:07,  1.37s/it] 75%|  | 14917/20000 [5:30:25<1:56:46,  1.38s/it] 75%|  | 14928/20000 [5:30:40<1:56:31,  1.38s/it] 75%|  | 14985/20000 [5:32:06<1:57:36,  1.41s/it] 75%|  | 14993/20000 [5:32:20<1:57:25,  1.41s/it] 75%|  | 15056/20000 [5:33:47<1:56:13,  1.41s/it] 75%|  | 15066/20000 [5:34:00<1:55:58,  1.41s/it] 76%|  | 15134/20000 [5:35:27<1:51:21,  1.37s/it] 76%|  | 15141/20000 [5:35:40<1:51:11,  1.37s/it] 76%|  | 15208/20000 [5:37:08<1:49:12,  1.37s/it] 76%|  | 15216/20000 [5:37:20<1:49:01,  1.37s/it] 76%|  | 15288/20000 [5:38:48<1:44:37,  1.33s/it] 76%|  | 15297/20000 [5:39:00<1:44:25,  1.33s/it] 77%|  | 15366/20000 [5:40:29<1:41:57,  1.32s/it] 77%|  | 15374/20000 [5:40:40<1:41:46,  1.32s/it] 77%|  | 15441/20000 [5:42:10<1:41:00,  1.33s/it] 77%|  | 15455/20000 [5:42:30<1:40:41,  1.33s/it] 78%|  | 15521/20000 [5:43:51<1:37:36,  1.31s/it] 78%|  | 15534/20000 [5:44:10<1:37:19,  1.31s/it] 78%|  | 15599/20000 [5:45:32<1:35:28,  1.30s/it] 78%|  | 15612/20000 [5:45:50<1:35:11,  1.30s/it] 78%|  | 15677/20000 [5:47:12<1:33:27,  1.30s/it] 78%|  | 15691/20000 [5:47:30<1:33:09,  1.30s/it] 79%|  | 15758/20000 [5:48:53<1:30:41,  1.28s/it] 79%|  | 15769/20000 [5:49:10<1:30:27,  1.28s/it] 79%|  | 15838/20000 [5:50:34<1:28:33,  1.28s/it] 79%|  | 15849/20000 [5:50:50<1:28:19,  1.28s/it] 80%|  | 15915/20000 [5:52:15<1:27:27,  1.28s/it] 80%|  | 15926/20000 [5:52:30<1:27:13,  1.28s/it] 80%|  | 15993/20000 [5:53:56<1:26:01,  1.29s/it] 80%|  | 16006/20000 [5:54:10<1:25:44,  1.29s/it] 80%|  | 16069/20000 [5:55:37<1:25:13,  1.30s/it] 80%|  | 16080/20000 [5:55:50<1:24:59,  1.30s/it] 81%|  | 16155/20000 [5:57:17<1:20:37,  1.26s/it] 81%|  | 16164/20000 [5:57:30<1:20:26,  1.26s/it] 81%|  | 16234/20000 [5:58:58<1:19:16,  1.26s/it] 81%|  | 16243/20000 [5:59:10<1:19:04,  1.26s/it] 82%| | 16313/20000 [6:00:39<1:17:48,  1.27s/it] 82%| | 16321/20000 [6:00:50<1:17:38,  1.27s/it] 82%| | 16393/20000 [6:02:20<1:16:05,  1.27s/it] 82%| | 16402/20000 [6:02:30<1:15:53,  1.27s/it] 82%| | 16480/20000 [6:04:00<1:12:10,  1.23s/it] 82%| | 16495/20000 [6:04:20<1:11:51,  1.23s/it] 83%| | 16563/20000 [6:05:41<1:10:14,  1.23s/it] 83%| | 16579/20000 [6:06:00<1:09:55,  1.23s/it] 83%| | 16645/20000 [6:07:23<1:08:41,  1.23s/it] 83%| | 16659/20000 [6:07:40<1:08:24,  1.23s/it] 84%| | 16727/20000 [6:09:03<1:07:00,  1.23s/it] 84%| | 16741/20000 [6:09:20<1:06:43,  1.23s/it] 84%| | 16810/20000 [6:10:44<1:05:01,  1.22s/it] 84%| | 16823/20000 [6:11:00<1:04:46,  1.22s/it] 84%| | 16893/20000 [6:12:25<1:03:11,  1.22s/it] 85%| | 16906/20000 [6:12:40<1:02:55,  1.22s/it] 85%| | 16976/20000 [6:14:06<1:01:29,  1.22s/it] 85%| | 16988/20000 [6:14:20<1:01:14,  1.22s/it] 85%| | 17055/20000 [6:15:46<1:00:35,  1.23s/it] 85%| | 17064/20000 [6:16:00<1:00:24,  1.23s/it] 86%| | 17127/20000 [6:17:27<1:01:16,  1.28s/it] 86%| | 17139/20000 [6:17:40<1:01:00,  1.28s/it] 86%| | 17207/20000 [6:19:08<59:20,  1.27s/it]   86%| | 17216/20000 [6:19:20<59:09,  1.27s/it] 86%| | 17280/20000 [6:20:48<59:01,  1.30s/it] 86%| | 17287/20000 [6:21:00<58:52,  1.30s/it] 87%| | 17354/20000 [6:22:29<58:10,  1.32s/it] 87%| | 17362/20000 [6:22:40<57:59,  1.32s/it] 87%| | 17430/20000 [6:24:09<56:34,  1.32s/it] 87%| | 17438/20000 [6:24:20<56:24,  1.32s/it] 88%| | 17507/20000 [6:25:50<54:42,  1.32s/it] 88%| | 17513/20000 [6:26:00<54:34,  1.32s/it] 88%| | 17581/20000 [6:27:31<53:38,  1.33s/it] 88%| | 17597/20000 [6:27:50<53:17,  1.33s/it] 88%| | 17663/20000 [6:29:12<50:38,  1.30s/it] 88%| | 17676/20000 [6:29:30<50:21,  1.30s/it] 89%| | 17743/20000 [6:30:52<48:22,  1.29s/it] 89%| | 17757/20000 [6:31:10<48:04,  1.29s/it] 89%| | 17824/20000 [6:32:34<46:14,  1.27s/it] 89%| | 17838/20000 [6:32:50<45:56,  1.27s/it] 90%| | 17904/20000 [6:34:14<44:19,  1.27s/it] 90%| | 17917/20000 [6:34:30<44:02,  1.27s/it] 90%| | 17985/20000 [6:35:55<42:21,  1.26s/it] 90%| | 17996/20000 [6:36:10<42:07,  1.26s/it] 90%| | 18066/20000 [6:37:36<40:32,  1.26s/it] 90%| | 18076/20000 [6:37:50<40:19,  1.26s/it] 91%| | 18146/20000 [6:39:17<38:51,  1.26s/it] 91%| | 18156/20000 [6:39:30<38:39,  1.26s/it] 91%| | 18225/20000 [6:40:57<37:18,  1.26s/it] 91%| | 18233/20000 [6:41:10<37:08,  1.26s/it] 91%|| 18299/20000 [6:42:38<36:34,  1.29s/it] 92%|| 18310/20000 [6:42:50<36:20,  1.29s/it] 92%|| 18372/20000 [6:44:19<35:46,  1.32s/it] 92%|| 18379/20000 [6:44:30<35:37,  1.32s/it] 92%|| 18443/20000 [6:46:00<34:54,  1.35s/it] 92%|| 18450/20000 [6:46:10<34:45,  1.35s/it] 93%|| 18513/20000 [6:47:40<33:58,  1.37s/it] 93%|| 18520/20000 [6:47:50<33:48,  1.37s/it] 93%|| 18581/20000 [6:49:21<33:13,  1.40s/it] 93%|| 18593/20000 [6:49:40<32:56,  1.40s/it] 93%|| 18648/20000 [6:51:02<32:17,  1.43s/it] 93%|| 18662/20000 [6:51:20<31:57,  1.43s/it] 94%|| 18719/20000 [6:52:43<30:31,  1.43s/it] 94%|| 18731/20000 [6:53:00<30:14,  1.43s/it] 94%|| 18787/20000 [6:54:23<29:09,  1.44s/it] 94%|| 18800/20000 [6:54:40<28:51,  1.44s/it] 94%|| 18858/20000 [6:56:05<27:22,  1.44s/it] 94%|| 18868/20000 [6:56:20<27:08,  1.44s/it] 95%|| 18926/20000 [6:57:45<25:57,  1.45s/it] 95%|| 18935/20000 [6:58:00<25:44,  1.45s/it] 95%|| 18994/20000 [6:59:25<24:25,  1.46s/it] 95%|| 19005/20000 [6:59:40<24:09,  1.46s/it] 95%|| 19072/20000 [7:01:06<21:39,  1.40s/it] 95%|| 19082/20000 [7:01:20<21:25,  1.40s/it] 96%|| 19146/20000 [7:02:47<19:48,  1.39s/it] 96%|| 19155/20000 [7:03:00<19:35,  1.39s/it] 96%|| 19226/20000 [7:04:28<17:23,  1.35s/it] 96%|| 19236/20000 [7:04:40<17:10,  1.35s/it] 97%|| 19308/20000 [7:06:09<15:07,  1.31s/it] 97%|| 19317/20000 [7:06:20<14:56,  1.31s/it] 97%|| 19400/20000 [7:07:49<12:22,  1.24s/it] 97%|| 19409/20000 [7:08:00<12:11,  1.24s/it] 97%|| 19483/20000 [7:09:31<10:36,  1.23s/it] 97%|| 19498/20000 [7:09:50<10:18,  1.23s/it] 98%|| 19567/20000 [7:11:11<08:48,  1.22s/it] 98%|| 19582/20000 [7:11:30<08:29,  1.22s/it] 98%|| 19651/20000 [7:12:51<07:03,  1.21s/it] 98%|| 19665/20000 [7:13:10<06:46,  1.21s/it] 99%|| 19734/20000 [7:14:32<05:22,  1.21s/it] 99%|| 19749/20000 [7:14:50<05:04,  1.21s/it] 99%|| 19819/20000 [7:16:13<03:38,  1.20s/it] 99%|| 19834/20000 [7:16:30<03:19,  1.20s/it]100%|| 19909/20000 [7:17:53<01:47,  1.18s/it]100%|| 19923/20000 [7:18:10<01:30,  1.18s/it]100%|| 19998/20000 [7:19:34<00:02,  1.16s/it]100%|| 20000/20000 [7:19:37<00:00,  1.32s/it]

Analysis complete. Found 1 cluster(s) meeting the MCMC criterion.
Accepted cluster indices: [0]

--- Processing Final Results for Cluster 0 ---
--- MCMC Parameter Constraints for Cluster 0 ---
  x_src = 74.658 +0.044 / -0.040
  y_src = 79.556 +0.124 / -0.090
    z_s = 2.894 +0.095 / -0.075
Saving localization results for Cluster 0...
Processing results for Cluster 0...
-> Saved 340000 samples to /users/hiu-yeung.cheng/clusterlensing/out/row2/test_tidy_row2/cluster_0_posterior.npz
Updated CSV row 2 with result for cluster 0.
Loading data from /users/hiu-yeung.cheng/clusterlensing/out/row2/test_tidy_row2/cluster_0_posterior.npz...

Generating corner plot...
-> Corner plot saved to /users/hiu-yeung.cheng/clusterlensing/out/row2/test_tidy_row2/cluster_0_corner_from_saved.png

Generating trace plot...
-> Trace plot saved to /users/hiu-yeung.cheng/clusterlensing/out/row2/test_tidy_row2/cluster_0_trace.png
