Row=24 OUT_DIR=/users/hiu-yeung.cheng/clusterlensing/out/row24 DE_PROCS=16 MCMC_PROCS=16
Setup complete. Lensing system initialized.
True time delays: [    0.         17425.15117006 20492.37675465 20566.33251985
 20916.82673429]
True luminosity distances: 21247.925965770573
Lensed luminosity distances: [ 9323.27418978  4536.21188378  5837.24754783  4809.62420702
 13156.62840976]

Running the full analysis pipeline...
--- Running DE for Cluster 0 ---
[DE] Process Pool with 16 procs (init=latinhypercube, popsize=50)
differential_evolution step 1: f(x)= 4242.640687119286
differential_evolution step 2: f(x)= 3000.0
differential_evolution step 3: f(x)= 122.29961150521245
differential_evolution step 4: f(x)= 122.29961150521245
differential_evolution step 5: f(x)= 122.29961150521245
differential_evolution step 6: f(x)= 122.29961150521245
differential_evolution step 7: f(x)= 122.29961150521245
differential_evolution step 8: f(x)= 122.29961150521245
differential_evolution step 9: f(x)= 122.29961150521245
differential_evolution step 10: f(x)= 122.29961150521245
differential_evolution step 11: f(x)= 122.29961150521245
differential_evolution step 12: f(x)= 122.29961150521245
differential_evolution step 13: f(x)= 122.29961150521245
differential_evolution step 14: f(x)= 122.29961150521245
differential_evolution step 15: f(x)= 122.29961150521245
differential_evolution step 16: f(x)= 122.29961150521245
differential_evolution step 17: f(x)= 122.29961150521245
differential_evolution step 18: f(x)= 122.29961150521245
differential_evolution step 19: f(x)= 122.29961150521245
differential_evolution step 20: f(x)= 122.29961150521245
differential_evolution step 21: f(x)= 122.29961150521245
differential_evolution step 22: f(x)= 122.29961150521245
differential_evolution step 23: f(x)= 122.29961150521245
differential_evolution step 24: f(x)= 122.29961150521245
differential_evolution step 25: f(x)= 122.29961150521245
differential_evolution step 26: f(x)= 122.29961150521245
differential_evolution step 27: f(x)= 122.29961150521245
differential_evolution step 28: f(x)= 122.29961150521245
differential_evolution step 29: f(x)= 122.29961150521245
differential_evolution step 30: f(x)= 122.29961150521245
differential_evolution step 31: f(x)= 122.29961150521245
differential_evolution step 32: f(x)= 122.29961150521245
differential_evolution step 33: f(x)= 122.29961150521245
differential_evolution step 34: f(x)= 122.29961150521245
differential_evolution step 35: f(x)= 122.29961150521245
differential_evolution step 36: f(x)= 122.29961150521245
differential_evolution step 37: f(x)= 106.77658710429881
differential_evolution step 38: f(x)= 106.77658710429881
differential_evolution step 39: f(x)= 106.77658710429881
differential_evolution step 40: f(x)= 106.77658710429881
differential_evolution step 41: f(x)= 106.77658710429881
differential_evolution step 42: f(x)= 106.77658710429881
differential_evolution step 43: f(x)= 106.77658710429881
differential_evolution step 44: f(x)= 106.77658710429881
differential_evolution step 45: f(x)= 106.77658710429881
differential_evolution step 46: f(x)= 106.77658710429881
differential_evolution step 47: f(x)= 106.77658710429881
differential_evolution step 48: f(x)= 106.77658710429881
differential_evolution step 49: f(x)= 106.77658710429881
differential_evolution step 50: f(x)= 106.77658710429881
differential_evolution step 51: f(x)= 106.77658710429881
differential_evolution step 52: f(x)= 106.77658710429881
differential_evolution step 53: f(x)= 106.77658710429881
differential_evolution step 54: f(x)= 106.77658710429881
differential_evolution step 55: f(x)= 106.77658710429881
differential_evolution step 56: f(x)= 106.77658710429881
differential_evolution step 57: f(x)= 106.77658710429881
differential_evolution step 58: f(x)= 106.77658710429881
differential_evolution step 59: f(x)= 106.77658710429881
differential_evolution step 60: f(x)= 106.77658710429881
differential_evolution step 61: f(x)= 106.77658710429881
differential_evolution step 62: f(x)= 106.77658710429881
differential_evolution step 63: f(x)= 106.77658710429881
differential_evolution step 64: f(x)= 106.77658710429881
differential_evolution step 65: f(x)= 106.77658710429881
differential_evolution step 66: f(x)= 106.77658710429881
differential_evolution step 67: f(x)= 106.77658710429881
differential_evolution step 68: f(x)= 106.77658710429881
differential_evolution step 69: f(x)= 106.77658710429881
differential_evolution step 70: f(x)= 106.77658710429881
differential_evolution step 71: f(x)= 106.77658710429881
differential_evolution step 72: f(x)= 106.77658710429881
differential_evolution step 73: f(x)= 106.77658710429881
differential_evolution step 74: f(x)= 106.77658710429881
differential_evolution step 75: f(x)= 106.77658710429881
differential_evolution step 76: f(x)= 106.77658710429881
differential_evolution step 77: f(x)= 104.6456003341669
differential_evolution step 78: f(x)= 104.6456003341669
differential_evolution step 79: f(x)= 99.88838109211667
differential_evolution step 80: f(x)= 99.88838109211667
differential_evolution step 81: f(x)= 99.88838109211667
differential_evolution step 82: f(x)= 99.88838109211667
differential_evolution step 83: f(x)= 99.88838109211667
differential_evolution step 84: f(x)= 99.88838109211667
differential_evolution step 85: f(x)= 99.88838109211667
differential_evolution step 86: f(x)= 99.88838109211667
differential_evolution step 87: f(x)= 99.70714816332566
differential_evolution step 88: f(x)= 99.70714816332566
differential_evolution step 89: f(x)= 97.63924174948045
differential_evolution step 90: f(x)= 97.63924174948045
differential_evolution step 91: f(x)= 97.63924174948045
differential_evolution step 92: f(x)= 97.63924174948045
differential_evolution step 93: f(x)= 96.8569864585008
differential_evolution step 94: f(x)= 96.25833023061185
differential_evolution step 95: f(x)= 96.25833023061185
differential_evolution step 96: f(x)= 96.25833023061185
differential_evolution step 97: f(x)= 96.25833023061185
differential_evolution step 98: f(x)= 96.14829249678426
differential_evolution step 99: f(x)= 96.14829249678426
differential_evolution step 100: f(x)= 96.14829249678426
differential_evolution step 101: f(x)= 96.14829249678426
differential_evolution step 102: f(x)= 96.14829249678426
differential_evolution step 103: f(x)= 96.14829249678426
differential_evolution step 104: f(x)= 96.14829249678426
differential_evolution step 105: f(x)= 96.14829249678426
differential_evolution step 106: f(x)= 96.14829249678426
differential_evolution step 107: f(x)= 96.14829249678426
differential_evolution step 108: f(x)= 95.88661894276302
differential_evolution step 109: f(x)= 95.88661894276302
differential_evolution step 110: f(x)= 95.88661894276302
differential_evolution step 111: f(x)= 95.88661894276302
differential_evolution step 112: f(x)= 95.830669324057
differential_evolution step 113: f(x)= 95.830669324057
differential_evolution step 114: f(x)= 95.830669324057
differential_evolution step 115: f(x)= 95.78768403133358
differential_evolution step 116: f(x)= 95.78768403133358
differential_evolution step 117: f(x)= 95.78768403133358
differential_evolution step 118: f(x)= 95.78768403133358
differential_evolution step 119: f(x)= 95.78768403133358
differential_evolution step 120: f(x)= 95.78768403133358
differential_evolution step 121: f(x)= 95.78768403133358
differential_evolution step 122: f(x)= 95.78768403133358
differential_evolution step 123: f(x)= 95.78768403133358
differential_evolution step 124: f(x)= 95.78768403133358
differential_evolution step 125: f(x)= 95.78768403133358
differential_evolution step 126: f(x)= 95.78768403133358
differential_evolution step 127: f(x)= 95.78768403133358
differential_evolution step 128: f(x)= 95.78768403133358
differential_evolution step 129: f(x)= 95.78768403133358
differential_evolution step 130: f(x)= 95.78768403133358
differential_evolution step 131: f(x)= 95.78768403133358
differential_evolution step 132: f(x)= 95.78768403133358
differential_evolution step 133: f(x)= 95.78768403133358
differential_evolution step 134: f(x)= 95.78768403133358
differential_evolution step 135: f(x)= 95.78768403133358
differential_evolution step 136: f(x)= 95.78280998859177
differential_evolution step 137: f(x)= 95.78280998859177
differential_evolution step 138: f(x)= 95.78280998859177
differential_evolution step 139: f(x)= 95.78280998859177
differential_evolution step 140: f(x)= 95.78280998859177
differential_evolution step 141: f(x)= 95.72332969827943
differential_evolution step 142: f(x)= 95.72332969827943
differential_evolution step 143: f(x)= 95.72332969827943
differential_evolution step 144: f(x)= 95.72332969827943
differential_evolution step 145: f(x)= 95.72332969827943
differential_evolution step 146: f(x)= 95.72332969827943
differential_evolution step 147: f(x)= 95.72332969827943
differential_evolution step 148: f(x)= 95.72332969827943
differential_evolution step 149: f(x)= 95.72332969827943
differential_evolution step 150: f(x)= 95.72332969827943
differential_evolution step 151: f(x)= 95.72332969827943
differential_evolution step 152: f(x)= 95.72332969827943
differential_evolution step 153: f(x)= 95.72332969827943
differential_evolution step 154: f(x)= 95.72332969827943
differential_evolution step 155: f(x)= 95.71670789679953
differential_evolution step 156: f(x)= 95.71670789679953
differential_evolution step 157: f(x)= 95.71670789679953
differential_evolution step 158: f(x)= 95.71670789679953
differential_evolution step 159: f(x)= 95.71670789679953
differential_evolution step 160: f(x)= 95.70477623514418
differential_evolution step 161: f(x)= 95.70477623514418
differential_evolution step 162: f(x)= 95.70477623514418
differential_evolution step 163: f(x)= 95.70477623514418
differential_evolution step 164: f(x)= 95.70477623514418
differential_evolution step 165: f(x)= 95.70477623514418
differential_evolution step 166: f(x)= 95.70477623514418
differential_evolution step 167: f(x)= 95.69441846774299
differential_evolution step 168: f(x)= 95.69441846774299
differential_evolution step 169: f(x)= 95.69441846774299
differential_evolution step 170: f(x)= 95.69441846774299
differential_evolution step 171: f(x)= 95.69441846774299
differential_evolution step 172: f(x)= 95.69441846774299
differential_evolution step 173: f(x)= 95.69441846774299
differential_evolution step 174: f(x)= 95.69441846774299
differential_evolution step 175: f(x)= 95.68296773226791
differential_evolution step 176: f(x)= 95.68296773226791
differential_evolution step 177: f(x)= 95.68296773226791
differential_evolution step 178: f(x)= 95.68296773226791
differential_evolution step 179: f(x)= 95.68296773226791
differential_evolution step 180: f(x)= 95.68296773226791
differential_evolution step 181: f(x)= 95.68296773226791
differential_evolution step 182: f(x)= 95.68296773226791
differential_evolution step 183: f(x)= 95.68296773226791
differential_evolution step 184: f(x)= 95.68296773226791
differential_evolution step 185: f(x)= 95.68296773226791
differential_evolution step 186: f(x)= 95.68296773226791
differential_evolution step 187: f(x)= 95.68296773226791
differential_evolution step 188: f(x)= 95.68296773226791
differential_evolution step 189: f(x)= 95.68296773226791
differential_evolution step 190: f(x)= 95.68296773226791
differential_evolution step 191: f(x)= 95.68296773226791
differential_evolution step 192: f(x)= 95.68296773226791
differential_evolution step 193: f(x)= 95.68296773226791
differential_evolution step 194: f(x)= 95.68296773226791
differential_evolution step 195: f(x)= 95.68296773226791
differential_evolution step 196: f(x)= 95.68296773226791
differential_evolution step 197: f(x)= 95.68296773226791
differential_evolution step 198: f(x)= 95.68296773226791
differential_evolution step 199: f(x)= 95.66900013716388
differential_evolution step 200: f(x)= 95.66900013716388
Cluster 0 DE best chi^2: 95.669 with params {'x_src': np.float64(81.87774376926792), 'y_src': np.float64(76.98924566176343), 'z_s': np.float64(4.242654348436953)}
--- Running DE for Cluster 1 ---
[DE] Process Pool with 16 procs (init=latinhypercube, popsize=50)
differential_evolution step 1: f(x)= 3000.0
differential_evolution step 2: f(x)= 3000.0
differential_evolution step 3: f(x)= 3000.0
differential_evolution step 4: f(x)= 3000.0
differential_evolution step 5: f(x)= 3000.0
differential_evolution step 6: f(x)= 3000.0
differential_evolution step 7: f(x)= 3000.0
differential_evolution step 8: f(x)= 3000.0
differential_evolution step 9: f(x)= 3000.0
differential_evolution step 10: f(x)= 3000.0
differential_evolution step 11: f(x)= 3000.0
differential_evolution step 12: f(x)= 3000.0
differential_evolution step 13: f(x)= 3000.0
differential_evolution step 14: f(x)= 3000.0
differential_evolution step 15: f(x)= 3000.0
differential_evolution step 16: f(x)= 3000.0
differential_evolution step 17: f(x)= 3000.0
differential_evolution step 18: f(x)= 3000.0
differential_evolution step 19: f(x)= 3000.0
differential_evolution step 20: f(x)= 3000.0
differential_evolution step 21: f(x)= 3000.0
differential_evolution step 22: f(x)= 3000.0
differential_evolution step 23: f(x)= 3000.0
differential_evolution step 24: f(x)= 3000.0
differential_evolution step 25: f(x)= 3000.0
differential_evolution step 26: f(x)= 3000.0
differential_evolution step 27: f(x)= 3000.0
differential_evolution step 28: f(x)= 3000.0
differential_evolution step 29: f(x)= 3000.0
differential_evolution step 30: f(x)= 3000.0
differential_evolution step 31: f(x)= 3000.0
differential_evolution step 32: f(x)= 3000.0
differential_evolution step 33: f(x)= 3000.0
differential_evolution step 34: f(x)= 3000.0
Cluster 1 DE best chi^2: 3000.000 with params {'x_src': np.float64(204.43844239544836), 'y_src': np.float64(195.97026607753335), 'z_s': np.float64(3.147945888149361)}
--- Running DE for Cluster 2 ---
[DE] Process Pool with 16 procs (init=latinhypercube, popsize=50)
differential_evolution step 1: f(x)= 755.743320170542
differential_evolution step 2: f(x)= 755.743320170542
differential_evolution step 3: f(x)= 551.3849069411436
differential_evolution step 4: f(x)= 551.3849069411436
differential_evolution step 5: f(x)= 128.9212623853894
differential_evolution step 6: f(x)= 128.9212623853894
differential_evolution step 7: f(x)= 128.9212623853894
differential_evolution step 8: f(x)= 128.9212623853894
differential_evolution step 9: f(x)= 76.88157145378403
differential_evolution step 10: f(x)= 18.624697009121423
differential_evolution step 11: f(x)= 18.624697009121423
differential_evolution step 12: f(x)= 18.624697009121423
differential_evolution step 13: f(x)= 18.624697009121423
differential_evolution step 14: f(x)= 18.624697009121423
differential_evolution step 15: f(x)= 18.624697009121423
differential_evolution step 16: f(x)= 18.624697009121423
differential_evolution step 17: f(x)= 18.624697009121423
differential_evolution step 18: f(x)= 18.624697009121423
differential_evolution step 19: f(x)= 18.624697009121423
differential_evolution step 20: f(x)= 18.624697009121423
differential_evolution step 21: f(x)= 18.624697009121423
differential_evolution step 22: f(x)= 18.624697009121423
differential_evolution step 23: f(x)= 18.624697009121423
differential_evolution step 24: f(x)= 18.624697009121423
differential_evolution step 25: f(x)= 18.624697009121423
differential_evolution step 26: f(x)= 18.624697009121423
differential_evolution step 27: f(x)= 18.624697009121423
differential_evolution step 28: f(x)= 18.624697009121423
differential_evolution step 29: f(x)= 18.624697009121423
differential_evolution step 30: f(x)= 18.624697009121423
differential_evolution step 31: f(x)= 5.606411732036722
differential_evolution step 32: f(x)= 5.606411732036722
differential_evolution step 33: f(x)= 5.606411732036722
differential_evolution step 34: f(x)= 5.606411732036722
differential_evolution step 35: f(x)= 5.606411732036722
differential_evolution step 36: f(x)= 5.606411732036722
differential_evolution step 37: f(x)= 5.606411732036722
differential_evolution step 38: f(x)= 5.606411732036722
differential_evolution step 39: f(x)= 5.606411732036722
differential_evolution step 40: f(x)= 5.606411732036722
differential_evolution step 41: f(x)= 5.606411732036722
differential_evolution step 42: f(x)= 1.401948713817386
differential_evolution step 43: f(x)= 1.401948713817386
differential_evolution step 44: f(x)= 1.401948713817386
differential_evolution step 45: f(x)= 1.401948713817386
differential_evolution step 46: f(x)= 1.401948713817386
differential_evolution step 47: f(x)= 1.401948713817386
differential_evolution step 48: f(x)= 1.401948713817386
differential_evolution step 49: f(x)= 1.401948713817386
differential_evolution step 50: f(x)= 1.401948713817386
differential_evolution step 51: f(x)= 1.401948713817386
differential_evolution step 52: f(x)= 1.401948713817386
differential_evolution step 53: f(x)= 1.401948713817386
differential_evolution step 54: f(x)= 1.401948713817386
differential_evolution step 55: f(x)= 1.401948713817386
differential_evolution step 56: f(x)= 1.401948713817386
differential_evolution step 57: f(x)= 1.401948713817386
differential_evolution step 58: f(x)= 1.401948713817386
differential_evolution step 59: f(x)= 1.1114412401559755
differential_evolution step 60: f(x)= 1.1114412401559755
differential_evolution step 61: f(x)= 1.1114412401559755
differential_evolution step 62: f(x)= 1.1114412401559755
differential_evolution step 63: f(x)= 1.1114412401559755
differential_evolution step 64: f(x)= 0.7118666491928187
differential_evolution step 65: f(x)= 0.7118666491928187
differential_evolution step 66: f(x)= 0.7118666491928187
differential_evolution step 67: f(x)= 0.7118666491928187
differential_evolution step 68: f(x)= 0.7118666491928187
differential_evolution step 69: f(x)= 0.7118666491928187
differential_evolution step 70: f(x)= 0.7118666491928187
differential_evolution step 71: f(x)= 0.7118666491928187
differential_evolution step 72: f(x)= 0.048856772140628606
differential_evolution step 73: f(x)= 0.048856772140628606
differential_evolution step 74: f(x)= 0.048856772140628606
differential_evolution step 75: f(x)= 0.048856772140628606
differential_evolution step 76: f(x)= 0.048856772140628606
differential_evolution step 77: f(x)= 0.048856772140628606
differential_evolution step 78: f(x)= 0.048856772140628606
differential_evolution step 79: f(x)= 0.048856772140628606
differential_evolution step 80: f(x)= 0.048856772140628606
differential_evolution step 81: f(x)= 0.048856772140628606
differential_evolution step 82: f(x)= 0.048856772140628606
differential_evolution step 83: f(x)= 0.048856772140628606
differential_evolution step 84: f(x)= 0.048856772140628606
differential_evolution step 85: f(x)= 0.048856772140628606
differential_evolution step 86: f(x)= 0.048856772140628606
differential_evolution step 87: f(x)= 0.048856772140628606
differential_evolution step 88: f(x)= 0.048856772140628606
differential_evolution step 89: f(x)= 0.048856772140628606
differential_evolution step 90: f(x)= 0.048856772140628606
differential_evolution step 91: f(x)= 0.048856772140628606
differential_evolution step 92: f(x)= 0.048856772140628606
differential_evolution step 93: f(x)= 0.048856772140628606
differential_evolution step 94: f(x)= 0.048856772140628606
differential_evolution step 95: f(x)= 0.048856772140628606
differential_evolution step 96: f(x)= 0.048856772140628606
differential_evolution step 97: f(x)= 0.048856772140628606
differential_evolution step 98: f(x)= 0.048856772140628606
differential_evolution step 99: f(x)= 0.048856772140628606
differential_evolution step 100: f(x)= 0.048856772140628606
differential_evolution step 101: f(x)= 0.043312842445958476
differential_evolution step 102: f(x)= 0.043312842445958476
differential_evolution step 103: f(x)= 0.043312842445958476
differential_evolution step 104: f(x)= 0.043312842445958476
differential_evolution step 105: f(x)= 0.008365808602212617
Cluster 2 DE best chi^2: 0.008 with params {'x_src': np.float64(101.8229927442986), 'y_src': np.float64(104.9305163458856), 'z_s': np.float64(2.582529552390903)}
--- Running DE for Cluster 3 ---
[DE] Process Pool with 16 procs (init=latinhypercube, popsize=50)
differential_evolution step 1: f(x)= 3000.0
differential_evolution step 2: f(x)= 3000.0
differential_evolution step 3: f(x)= 3000.0
differential_evolution step 4: f(x)= 3000.0
differential_evolution step 5: f(x)= 3000.0
differential_evolution step 6: f(x)= 3000.0
differential_evolution step 7: f(x)= 3000.0
differential_evolution step 8: f(x)= 3000.0
differential_evolution step 9: f(x)= 3000.0
differential_evolution step 10: f(x)= 3000.0
differential_evolution step 11: f(x)= 3000.0
differential_evolution step 12: f(x)= 3000.0
differential_evolution step 13: f(x)= 3000.0
differential_evolution step 14: f(x)= 3000.0
differential_evolution step 15: f(x)= 3000.0
differential_evolution step 16: f(x)= 3000.0
differential_evolution step 17: f(x)= 3000.0
differential_evolution step 18: f(x)= 3000.0
differential_evolution step 19: f(x)= 3000.0
differential_evolution step 20: f(x)= 3000.0
differential_evolution step 21: f(x)= 3000.0
differential_evolution step 22: f(x)= 3000.0
differential_evolution step 23: f(x)= 3000.0
differential_evolution step 24: f(x)= 3000.0
differential_evolution step 25: f(x)= 3000.0
differential_evolution step 26: f(x)= 3000.0
differential_evolution step 27: f(x)= 3000.0
differential_evolution step 28: f(x)= 3000.0
differential_evolution step 29: f(x)= 3000.0
differential_evolution step 30: f(x)= 3000.0
differential_evolution step 31: f(x)= 3000.0
differential_evolution step 32: f(x)= 3000.0
differential_evolution step 33: f(x)= 3000.0
differential_evolution step 34: f(x)= 3000.0
differential_evolution step 35: f(x)= 3000.0
differential_evolution step 36: f(x)= 3000.0
differential_evolution step 37: f(x)= 3000.0
differential_evolution step 38: f(x)= 3000.0
differential_evolution step 39: f(x)= 3000.0
differential_evolution step 40: f(x)= 3000.0
differential_evolution step 41: f(x)= 3000.0
differential_evolution step 42: f(x)= 3000.0
differential_evolution step 43: f(x)= 3000.0
differential_evolution step 44: f(x)= 3000.0
differential_evolution step 45: f(x)= 3000.0
differential_evolution step 46: f(x)= 969.4646141493479
differential_evolution step 47: f(x)= 969.4646141493479
differential_evolution step 48: f(x)= 969.4646141493479
differential_evolution step 49: f(x)= 969.4646141493479
differential_evolution step 50: f(x)= 969.4646141493479
differential_evolution step 51: f(x)= 969.4646141493479
differential_evolution step 52: f(x)= 969.4646141493479
differential_evolution step 53: f(x)= 969.4646141493479
differential_evolution step 54: f(x)= 969.4646141493479
differential_evolution step 55: f(x)= 969.4646141493479
differential_evolution step 56: f(x)= 969.4646141493479
differential_evolution step 57: f(x)= 969.4646141493479
differential_evolution step 58: f(x)= 969.4646141493479
differential_evolution step 59: f(x)= 969.4646141493479
differential_evolution step 60: f(x)= 969.4646141493479
differential_evolution step 61: f(x)= 969.4646141493479
differential_evolution step 62: f(x)= 969.4646141493479
differential_evolution step 63: f(x)= 969.4646141493479
differential_evolution step 64: f(x)= 969.4646141493479
differential_evolution step 65: f(x)= 969.4646141493479
differential_evolution step 66: f(x)= 969.4646141493479
differential_evolution step 67: f(x)= 969.4646141493479
differential_evolution step 68: f(x)= 969.4646141493479
differential_evolution step 69: f(x)= 969.4646141493479
differential_evolution step 70: f(x)= 969.4646141493479
differential_evolution step 71: f(x)= 969.4646141493479
differential_evolution step 72: f(x)= 969.4646141493479
differential_evolution step 73: f(x)= 969.4646141493479
differential_evolution step 74: f(x)= 969.4646141493479
differential_evolution step 75: f(x)= 969.4646141493479
differential_evolution step 76: f(x)= 969.4646141493479
differential_evolution step 77: f(x)= 969.4646141493479
differential_evolution step 78: f(x)= 969.4646141493479
differential_evolution step 79: f(x)= 969.4646141493479
differential_evolution step 80: f(x)= 969.4646141493479
differential_evolution step 81: f(x)= 969.4646141493479
differential_evolution step 82: f(x)= 969.4646141493479
differential_evolution step 83: f(x)= 969.4646141493479
differential_evolution step 84: f(x)= 969.4646141493479
differential_evolution step 85: f(x)= 969.4646141493479
differential_evolution step 86: f(x)= 969.4646141493479
differential_evolution step 87: f(x)= 969.4646141493479
differential_evolution step 88: f(x)= 969.4646141493479
differential_evolution step 89: f(x)= 969.4646141493479
differential_evolution step 90: f(x)= 969.4646141493479
differential_evolution step 91: f(x)= 969.4646141493479
differential_evolution step 92: f(x)= 969.4646141493479
differential_evolution step 93: f(x)= 969.4646141493479
differential_evolution step 94: f(x)= 969.4646141493479
differential_evolution step 95: f(x)= 969.4646141493479
differential_evolution step 96: f(x)= 969.4646141493479
differential_evolution step 97: f(x)= 969.4646141493479
differential_evolution step 98: f(x)= 644.8546336229365
differential_evolution step 99: f(x)= 644.8546336229365
differential_evolution step 100: f(x)= 644.8546336229365
differential_evolution step 101: f(x)= 644.8546336229365
differential_evolution step 102: f(x)= 644.8546336229365
differential_evolution step 103: f(x)= 644.8546336229365
differential_evolution step 104: f(x)= 644.8546336229365
differential_evolution step 105: f(x)= 644.8546336229365
differential_evolution step 106: f(x)= 644.8546336229365
differential_evolution step 107: f(x)= 644.8546336229365
differential_evolution step 108: f(x)= 644.8546336229365
differential_evolution step 109: f(x)= 644.8546336229365
differential_evolution step 110: f(x)= 644.8546336229365
differential_evolution step 111: f(x)= 644.8546336229365
differential_evolution step 112: f(x)= 644.8546336229365
differential_evolution step 113: f(x)= 644.8546336229365
differential_evolution step 114: f(x)= 644.8546336229365
differential_evolution step 115: f(x)= 644.8546336229365
differential_evolution step 116: f(x)= 644.8546336229365
differential_evolution step 117: f(x)= 644.8546336229365
differential_evolution step 118: f(x)= 644.8546336229365
differential_evolution step 119: f(x)= 644.8546336229365
differential_evolution step 120: f(x)= 644.8546336229365
differential_evolution step 121: f(x)= 644.8546336229365
differential_evolution step 122: f(x)= 644.8546336229365
differential_evolution step 123: f(x)= 644.8546336229365
differential_evolution step 124: f(x)= 644.8546336229365
differential_evolution step 125: f(x)= 644.8546336229365
differential_evolution step 126: f(x)= 644.8546336229365
differential_evolution step 127: f(x)= 644.8546336229365
differential_evolution step 128: f(x)= 644.8546336229365
differential_evolution step 129: f(x)= 644.8546336229365
differential_evolution step 130: f(x)= 644.8546336229365
differential_evolution step 131: f(x)= 644.8546336229365
differential_evolution step 132: f(x)= 644.8546336229365
differential_evolution step 133: f(x)= 644.8546336229365
differential_evolution step 134: f(x)= 644.8546336229365
differential_evolution step 135: f(x)= 644.8546336229365
differential_evolution step 136: f(x)= 644.8546336229365
differential_evolution step 137: f(x)= 644.8546336229365
differential_evolution step 138: f(x)= 644.8546336229365
differential_evolution step 139: f(x)= 644.8546336229365
differential_evolution step 140: f(x)= 644.8546336229365
differential_evolution step 141: f(x)= 644.8546336229365
differential_evolution step 142: f(x)= 644.8546336229365
differential_evolution step 143: f(x)= 644.8546336229365
differential_evolution step 144: f(x)= 644.8546336229365
differential_evolution step 145: f(x)= 644.8546336229365
differential_evolution step 146: f(x)= 644.8546336229365
differential_evolution step 147: f(x)= 644.8546336229365
differential_evolution step 148: f(x)= 644.8546336229365
differential_evolution step 149: f(x)= 644.8546336229365
differential_evolution step 150: f(x)= 644.8546336229365
differential_evolution step 151: f(x)= 644.8546336229365
differential_evolution step 152: f(x)= 644.8546336229365
differential_evolution step 153: f(x)= 644.8546336229365
differential_evolution step 154: f(x)= 644.8546336229365
differential_evolution step 155: f(x)= 644.8546336229365
differential_evolution step 156: f(x)= 644.8546336229365
differential_evolution step 157: f(x)= 644.8546336229365
differential_evolution step 158: f(x)= 644.8546336229365
differential_evolution step 159: f(x)= 644.8546336229365
differential_evolution step 160: f(x)= 644.8546336229365
differential_evolution step 161: f(x)= 644.8546336229365
differential_evolution step 162: f(x)= 644.8546336229365
differential_evolution step 163: f(x)= 644.8546336229365
differential_evolution step 164: f(x)= 644.8546336229365
differential_evolution step 165: f(x)= 644.8546336229365
differential_evolution step 166: f(x)= 644.8546336229365
differential_evolution step 167: f(x)= 644.8546336229365
differential_evolution step 168: f(x)= 644.8546336229365
differential_evolution step 169: f(x)= 644.8546336229365
differential_evolution step 170: f(x)= 644.8546336229365
differential_evolution step 171: f(x)= 644.8546336229365
differential_evolution step 172: f(x)= 644.8546336229365
differential_evolution step 173: f(x)= 644.8546336229365
differential_evolution step 174: f(x)= 644.8546336229365
differential_evolution step 175: f(x)= 644.8546336229365
differential_evolution step 176: f(x)= 644.8546336229365
differential_evolution step 177: f(x)= 644.8546336229365
differential_evolution step 178: f(x)= 644.8546336229365
differential_evolution step 179: f(x)= 644.8546336229365
differential_evolution step 180: f(x)= 644.8546336229365
differential_evolution step 181: f(x)= 644.8546336229365
differential_evolution step 182: f(x)= 644.8546336229365
differential_evolution step 183: f(x)= 644.8546336229365
differential_evolution step 184: f(x)= 644.8546336229365
differential_evolution step 185: f(x)= 644.8546336229365
differential_evolution step 186: f(x)= 644.8546336229365
differential_evolution step 187: f(x)= 644.8546336229365
differential_evolution step 188: f(x)= 644.8546336229365
differential_evolution step 189: f(x)= 644.8546336229365
differential_evolution step 190: f(x)= 644.8546336229365
differential_evolution step 191: f(x)= 644.8546336229365
differential_evolution step 192: f(x)= 644.8546336229365
differential_evolution step 193: f(x)= 644.8546336229365
differential_evolution step 194: f(x)= 644.8546336229365
differential_evolution step 195: f(x)= 644.8546336229365
differential_evolution step 196: f(x)= 644.8546336229365
differential_evolution step 197: f(x)= 644.8546336229365
differential_evolution step 198: f(x)= 644.8546336229365
differential_evolution step 199: f(x)= 644.8546336229365
differential_evolution step 200: f(x)= 644.8546336229365
Cluster 3 DE best chi^2: 644.855 with params {'x_src': np.float64(111.41796780265125), 'y_src': np.float64(120.13469901487353), 'z_s': np.float64(3.702314291817359)}
--- Running DE for Cluster 4 ---
[DE] Process Pool with 16 procs (init=latinhypercube, popsize=50)
differential_evolution step 1: f(x)= 508.9117741889429
differential_evolution step 2: f(x)= 508.9117741889429
differential_evolution step 3: f(x)= 508.9117741889429
differential_evolution step 4: f(x)= 508.9117741889429
differential_evolution step 5: f(x)= 473.6947528487471
differential_evolution step 6: f(x)= 473.6947528487471
differential_evolution step 7: f(x)= 473.4746268242419
differential_evolution step 8: f(x)= 473.4746268242419
differential_evolution step 9: f(x)= 473.4746268242419
differential_evolution step 10: f(x)= 473.4746268242419
differential_evolution step 11: f(x)= 473.4746268242419
differential_evolution step 12: f(x)= 473.4746268242419
differential_evolution step 13: f(x)= 473.4746268242419
differential_evolution step 14: f(x)= 473.4746268242419
differential_evolution step 15: f(x)= 473.4746268242419
differential_evolution step 16: f(x)= 473.4746268242419
differential_evolution step 17: f(x)= 473.4746268242419
differential_evolution step 18: f(x)= 430.97512601734627
differential_evolution step 19: f(x)= 430.97512601734627
differential_evolution step 20: f(x)= 430.97512601734627
differential_evolution step 21: f(x)= 430.97512601734627
differential_evolution step 22: f(x)= 430.97512601734627
differential_evolution step 23: f(x)= 430.97512601734627
differential_evolution step 24: f(x)= 430.97512601734627
differential_evolution step 25: f(x)= 430.97512601734627
differential_evolution step 26: f(x)= 402.31991788313707
differential_evolution step 27: f(x)= 402.31991788313707
differential_evolution step 28: f(x)= 232.01245175296833
differential_evolution step 29: f(x)= 232.01245175296833
differential_evolution step 30: f(x)= 232.01245175296833
differential_evolution step 31: f(x)= 232.01245175296833
differential_evolution step 32: f(x)= 232.01245175296833
differential_evolution step 33: f(x)= 232.01245175296833
differential_evolution step 34: f(x)= 232.01245175296833
differential_evolution step 35: f(x)= 232.01245175296833
differential_evolution step 36: f(x)= 232.01245175296833
differential_evolution step 37: f(x)= 232.01245175296833
differential_evolution step 38: f(x)= 232.01245175296833
differential_evolution step 39: f(x)= 232.01245175296833
differential_evolution step 40: f(x)= 232.01245175296833
differential_evolution step 41: f(x)= 232.01245175296833
differential_evolution step 42: f(x)= 232.01245175296833
differential_evolution step 43: f(x)= 232.01245175296833
differential_evolution step 44: f(x)= 232.01245175296833
differential_evolution step 45: f(x)= 232.01245175296833
differential_evolution step 46: f(x)= 232.01245175296833
differential_evolution step 47: f(x)= 232.01245175296833
differential_evolution step 48: f(x)= 232.01245175296833
differential_evolution step 49: f(x)= 232.01245175296833
differential_evolution step 50: f(x)= 232.01245175296833
differential_evolution step 51: f(x)= 232.01245175296833
differential_evolution step 52: f(x)= 232.01245175296833
differential_evolution step 53: f(x)= 232.01245175296833
differential_evolution step 54: f(x)= 232.01245175296833
differential_evolution step 55: f(x)= 232.01245175296833
differential_evolution step 56: f(x)= 232.01245175296833
differential_evolution step 57: f(x)= 232.01245175296833
differential_evolution step 58: f(x)= 232.01245175296833
differential_evolution step 59: f(x)= 232.01245175296833
differential_evolution step 60: f(x)= 223.48760809471702
differential_evolution step 61: f(x)= 176.85462615476865
differential_evolution step 62: f(x)= 176.85462615476865
differential_evolution step 63: f(x)= 176.85462615476865
differential_evolution step 64: f(x)= 176.85462615476865
differential_evolution step 65: f(x)= 176.85462615476865
differential_evolution step 66: f(x)= 176.85462615476865
differential_evolution step 67: f(x)= 176.85462615476865
differential_evolution step 68: f(x)= 176.85462615476865
differential_evolution step 69: f(x)= 176.85462615476865
differential_evolution step 70: f(x)= 176.85462615476865
differential_evolution step 71: f(x)= 176.85462615476865
differential_evolution step 72: f(x)= 176.85462615476865
differential_evolution step 73: f(x)= 139.30092816279972
differential_evolution step 74: f(x)= 139.30092816279972
differential_evolution step 75: f(x)= 139.30092816279972
differential_evolution step 76: f(x)= 139.30092816279972
differential_evolution step 77: f(x)= 139.30092816279972
differential_evolution step 78: f(x)= 139.30092816279972
differential_evolution step 79: f(x)= 139.30092816279972
differential_evolution step 80: f(x)= 139.30092816279972
differential_evolution step 81: f(x)= 139.30092816279972
differential_evolution step 82: f(x)= 139.30092816279972
differential_evolution step 83: f(x)= 139.30092816279972
differential_evolution step 84: f(x)= 139.30092816279972
differential_evolution step 85: f(x)= 139.30092816279972
differential_evolution step 86: f(x)= 139.30092816279972
differential_evolution step 87: f(x)= 139.30092816279972
differential_evolution step 88: f(x)= 139.30092816279972
differential_evolution step 89: f(x)= 139.30092816279972
differential_evolution step 90: f(x)= 85.04403529171182
differential_evolution step 91: f(x)= 85.04403529171182
differential_evolution step 92: f(x)= 85.04403529171182
differential_evolution step 93: f(x)= 85.04403529171182
differential_evolution step 94: f(x)= 85.04403529171182
differential_evolution step 95: f(x)= 85.04403529171182
differential_evolution step 96: f(x)= 85.04403529171182
differential_evolution step 97: f(x)= 85.04403529171182
differential_evolution step 98: f(x)= 85.04403529171182
differential_evolution step 99: f(x)= 85.04403529171182
differential_evolution step 100: f(x)= 85.04403529171182
differential_evolution step 101: f(x)= 85.04403529171182
differential_evolution step 102: f(x)= 85.04403529171182
differential_evolution step 103: f(x)= 85.04403529171182
differential_evolution step 104: f(x)= 85.04403529171182
differential_evolution step 105: f(x)= 85.04403529171182
differential_evolution step 106: f(x)= 55.35199791045655
differential_evolution step 107: f(x)= 55.35199791045655
differential_evolution step 108: f(x)= 55.35199791045655
differential_evolution step 109: f(x)= 55.35199791045655
differential_evolution step 110: f(x)= 55.35199791045655
differential_evolution step 111: f(x)= 55.35199791045655
differential_evolution step 112: f(x)= 55.35199791045655
differential_evolution step 113: f(x)= 55.35199791045655
differential_evolution step 114: f(x)= 55.35199791045655
differential_evolution step 115: f(x)= 55.35199791045655
differential_evolution step 116: f(x)= 55.35199791045655
differential_evolution step 117: f(x)= 55.35199791045655
differential_evolution step 118: f(x)= 55.35199791045655
differential_evolution step 119: f(x)= 55.35199791045655
differential_evolution step 120: f(x)= 55.35199791045655
differential_evolution step 121: f(x)= 55.35199791045655
differential_evolution step 122: f(x)= 55.35199791045655
differential_evolution step 123: f(x)= 55.35199791045655
differential_evolution step 124: f(x)= 55.35199791045655
differential_evolution step 125: f(x)= 55.35199791045655
differential_evolution step 126: f(x)= 55.35199791045655
differential_evolution step 127: f(x)= 55.35199791045655
differential_evolution step 128: f(x)= 55.35199791045655
differential_evolution step 129: f(x)= 55.35199791045655
differential_evolution step 130: f(x)= 55.35199791045655
differential_evolution step 131: f(x)= 55.35199791045655
differential_evolution step 132: f(x)= 55.35199791045655
differential_evolution step 133: f(x)= 55.35199791045655
differential_evolution step 134: f(x)= 55.35199791045655
differential_evolution step 135: f(x)= 55.35199791045655
differential_evolution step 136: f(x)= 55.35199791045655
differential_evolution step 137: f(x)= 55.35199791045655
differential_evolution step 138: f(x)= 55.35199791045655
differential_evolution step 139: f(x)= 55.35199791045655
differential_evolution step 140: f(x)= 55.35199791045655
differential_evolution step 141: f(x)= 55.35199791045655
differential_evolution step 142: f(x)= 55.35199791045655
differential_evolution step 143: f(x)= 55.35199791045655
differential_evolution step 144: f(x)= 55.35199791045655
differential_evolution step 145: f(x)= 55.35199791045655
differential_evolution step 146: f(x)= 55.35199791045655
differential_evolution step 147: f(x)= 55.35199791045655
differential_evolution step 148: f(x)= 55.35199791045655
differential_evolution step 149: f(x)= 55.35199791045655
differential_evolution step 150: f(x)= 55.35199791045655
differential_evolution step 151: f(x)= 55.35199791045655
differential_evolution step 152: f(x)= 55.35199791045655
differential_evolution step 153: f(x)= 55.35199791045655
differential_evolution step 154: f(x)= 55.35199791045655
differential_evolution step 155: f(x)= 55.35199791045655
differential_evolution step 156: f(x)= 55.35199791045655
differential_evolution step 157: f(x)= 55.35199791045655
differential_evolution step 158: f(x)= 55.35199791045655
differential_evolution step 159: f(x)= 55.35199791045655
differential_evolution step 160: f(x)= 55.35199791045655
differential_evolution step 161: f(x)= 55.35199791045655
differential_evolution step 162: f(x)= 55.35199791045655
differential_evolution step 163: f(x)= 55.35199791045655
differential_evolution step 164: f(x)= 55.35199791045655
differential_evolution step 165: f(x)= 55.35199791045655
differential_evolution step 166: f(x)= 55.35199791045655
differential_evolution step 167: f(x)= 55.35199791045655
differential_evolution step 168: f(x)= 55.35199791045655
differential_evolution step 169: f(x)= 55.35199791045655
differential_evolution step 170: f(x)= 55.35199791045655
differential_evolution step 171: f(x)= 55.35199791045655
differential_evolution step 172: f(x)= 55.35199791045655
differential_evolution step 173: f(x)= 55.35199791045655
differential_evolution step 174: f(x)= 55.131280177338496
differential_evolution step 175: f(x)= 55.131280177338496
differential_evolution step 176: f(x)= 55.131280177338496
differential_evolution step 177: f(x)= 54.8956977142314
differential_evolution step 178: f(x)= 54.8956977142314
differential_evolution step 179: f(x)= 54.8956977142314
differential_evolution step 180: f(x)= 54.8956977142314
differential_evolution step 181: f(x)= 54.8956977142314
differential_evolution step 182: f(x)= 54.86715472766141
differential_evolution step 183: f(x)= 54.86715472766141
differential_evolution step 184: f(x)= 54.86715472766141
differential_evolution step 185: f(x)= 53.23531511599479
differential_evolution step 186: f(x)= 53.23531511599479
differential_evolution step 187: f(x)= 53.23531511599479
differential_evolution step 188: f(x)= 53.23531511599479
differential_evolution step 189: f(x)= 53.23531511599479
differential_evolution step 190: f(x)= 53.23531511599479
differential_evolution step 191: f(x)= 52.22653202447138
differential_evolution step 192: f(x)= 52.22653202447138
differential_evolution step 193: f(x)= 52.22653202447138
differential_evolution step 194: f(x)= 52.22653202447138
differential_evolution step 195: f(x)= 52.22653202447138
differential_evolution step 196: f(x)= 52.22653202447138
differential_evolution step 197: f(x)= 52.22653202447138
differential_evolution step 198: f(x)= 52.22653202447138
differential_evolution step 199: f(x)= 52.22653202447138
differential_evolution step 200: f(x)= 52.22653202447138
Cluster 4 DE best chi^2: 52.227 with params {'x_src': np.float64(242.2181721235957), 'y_src': np.float64(236.85487942781612), 'z_s': np.float64(2.0436310796811803)}
--- Running DE for Cluster 5 ---
[DE] Process Pool with 16 procs (init=latinhypercube, popsize=50)
differential_evolution step 1: f(x)= 4242.640687119286
differential_evolution step 2: f(x)= 4242.640687119286
differential_evolution step 3: f(x)= 4242.640687119286
differential_evolution step 4: f(x)= 4242.640687119286
differential_evolution step 5: f(x)= 3000.0
differential_evolution step 6: f(x)= 3000.0
differential_evolution step 7: f(x)= 3000.0
differential_evolution step 8: f(x)= 3000.0
differential_evolution step 9: f(x)= 3000.0
differential_evolution step 10: f(x)= 3000.0
differential_evolution step 11: f(x)= 912.715171220841
differential_evolution step 12: f(x)= 912.715171220841
differential_evolution step 13: f(x)= 912.715171220841
differential_evolution step 14: f(x)= 912.715171220841
differential_evolution step 15: f(x)= 912.715171220841
differential_evolution step 16: f(x)= 912.715171220841
differential_evolution step 17: f(x)= 912.715171220841
differential_evolution step 18: f(x)= 912.715171220841
differential_evolution step 19: f(x)= 187.84670858577007
differential_evolution step 20: f(x)= 187.84670858577007
differential_evolution step 21: f(x)= 53.70421123976702
differential_evolution step 22: f(x)= 53.70421123976702
differential_evolution step 23: f(x)= 53.70421123976702
differential_evolution step 24: f(x)= 53.70421123976702
differential_evolution step 25: f(x)= 53.70421123976702
differential_evolution step 26: f(x)= 53.70421123976702
differential_evolution step 27: f(x)= 53.70421123976702
differential_evolution step 28: f(x)= 53.70421123976702
differential_evolution step 29: f(x)= 40.89477864855354
differential_evolution step 30: f(x)= 40.89477864855354
differential_evolution step 31: f(x)= 40.89477864855354
differential_evolution step 32: f(x)= 40.89477864855354
differential_evolution step 33: f(x)= 40.89477864855354
differential_evolution step 34: f(x)= 40.89477864855354
differential_evolution step 35: f(x)= 40.89477864855354
differential_evolution step 36: f(x)= 40.89477864855354
differential_evolution step 37: f(x)= 40.89477864855354
differential_evolution step 38: f(x)= 40.89477864855354
differential_evolution step 39: f(x)= 40.89477864855354
differential_evolution step 40: f(x)= 40.89477864855354
differential_evolution step 41: f(x)= 40.89477864855354
differential_evolution step 42: f(x)= 40.89477864855354
differential_evolution step 43: f(x)= 40.89477864855354
differential_evolution step 44: f(x)= 40.89477864855354
differential_evolution step 45: f(x)= 40.89477864855354
differential_evolution step 46: f(x)= 40.89477864855354
differential_evolution step 47: f(x)= 40.89477864855354
differential_evolution step 48: f(x)= 40.89477864855354
differential_evolution step 49: f(x)= 40.89477864855354
differential_evolution step 50: f(x)= 40.89477864855354
differential_evolution step 51: f(x)= 40.89477864855354
differential_evolution step 52: f(x)= 40.89477864855354
differential_evolution step 53: f(x)= 40.89477864855354
differential_evolution step 54: f(x)= 40.89477864855354
differential_evolution step 55: f(x)= 40.89477864855354
differential_evolution step 56: f(x)= 40.89477864855354
differential_evolution step 57: f(x)= 40.89477864855354
differential_evolution step 58: f(x)= 40.89477864855354
differential_evolution step 59: f(x)= 40.89477864855354
differential_evolution step 60: f(x)= 40.89477864855354
differential_evolution step 61: f(x)= 40.89477864855354
differential_evolution step 62: f(x)= 40.89477864855354
differential_evolution step 63: f(x)= 40.89477864855354
differential_evolution step 64: f(x)= 40.89477864855354
differential_evolution step 65: f(x)= 40.89477864855354
differential_evolution step 66: f(x)= 40.89477864855354
differential_evolution step 67: f(x)= 39.419870200579076
differential_evolution step 68: f(x)= 26.700945688718775
differential_evolution step 69: f(x)= 26.700945688718775
differential_evolution step 70: f(x)= 26.700945688718775
differential_evolution step 71: f(x)= 25.45222623723916
differential_evolution step 72: f(x)= 25.45222623723916
differential_evolution step 73: f(x)= 25.45222623723916
differential_evolution step 74: f(x)= 25.45222623723916
differential_evolution step 75: f(x)= 25.45222623723916
differential_evolution step 76: f(x)= 25.45222623723916
differential_evolution step 77: f(x)= 25.45222623723916
differential_evolution step 78: f(x)= 25.45222623723916
differential_evolution step 79: f(x)= 25.45222623723916
differential_evolution step 80: f(x)= 25.45222623723916
differential_evolution step 81: f(x)= 25.45222623723916
differential_evolution step 82: f(x)= 25.45222623723916
differential_evolution step 83: f(x)= 25.45222623723916
differential_evolution step 84: f(x)= 25.45222623723916
differential_evolution step 85: f(x)= 25.45222623723916
differential_evolution step 86: f(x)= 24.89032005259459
differential_evolution step 87: f(x)= 24.89032005259459
differential_evolution step 88: f(x)= 24.89032005259459
differential_evolution step 89: f(x)= 24.89032005259459
differential_evolution step 90: f(x)= 24.89032005259459
differential_evolution step 91: f(x)= 24.89032005259459
differential_evolution step 92: f(x)= 24.89032005259459
differential_evolution step 93: f(x)= 24.89032005259459
differential_evolution step 94: f(x)= 24.62557429767261
differential_evolution step 95: f(x)= 24.62557429767261
differential_evolution step 96: f(x)= 24.62557429767261
differential_evolution step 97: f(x)= 24.62557429767261
differential_evolution step 98: f(x)= 24.62557429767261
differential_evolution step 99: f(x)= 24.299438022649017
differential_evolution step 100: f(x)= 24.299438022649017
differential_evolution step 101: f(x)= 24.243766868804588
differential_evolution step 102: f(x)= 24.243766868804588
differential_evolution step 103: f(x)= 24.1879359746248
differential_evolution step 104: f(x)= 24.05378628403049
differential_evolution step 105: f(x)= 24.05378628403049
differential_evolution step 106: f(x)= 24.05378628403049
differential_evolution step 107: f(x)= 24.05378628403049
differential_evolution step 108: f(x)= 24.05378628403049
differential_evolution step 109: f(x)= 24.05378628403049
differential_evolution step 110: f(x)= 24.05378628403049
differential_evolution step 111: f(x)= 24.037236929180303
differential_evolution step 112: f(x)= 24.037236929180303
differential_evolution step 113: f(x)= 24.037236929180303
differential_evolution step 114: f(x)= 24.037236929180303
differential_evolution step 115: f(x)= 24.037236929180303
differential_evolution step 116: f(x)= 24.037236929180303
differential_evolution step 117: f(x)= 24.037236929180303
differential_evolution step 118: f(x)= 24.008324418784774
differential_evolution step 119: f(x)= 24.008324418784774
differential_evolution step 120: f(x)= 24.008324418784774
differential_evolution step 121: f(x)= 24.008324418784774
differential_evolution step 122: f(x)= 24.008324418784774
differential_evolution step 123: f(x)= 24.008324418784774
differential_evolution step 124: f(x)= 23.964390030518004
differential_evolution step 125: f(x)= 23.964390030518004
differential_evolution step 126: f(x)= 23.964390030518004
differential_evolution step 127: f(x)= 23.964390030518004
differential_evolution step 128: f(x)= 23.88421498790671
differential_evolution step 129: f(x)= 23.88421498790671
differential_evolution step 130: f(x)= 23.88421498790671
differential_evolution step 131: f(x)= 23.88421498790671
differential_evolution step 132: f(x)= 23.88421498790671
differential_evolution step 133: f(x)= 23.88421498790671
differential_evolution step 134: f(x)= 23.88421498790671
differential_evolution step 135: f(x)= 23.88421498790671
differential_evolution step 136: f(x)= 23.88421498790671
differential_evolution step 137: f(x)= 23.88421498790671
differential_evolution step 138: f(x)= 23.88421498790671
differential_evolution step 139: f(x)= 23.88421498790671
differential_evolution step 140: f(x)= 23.88421498790671
differential_evolution step 141: f(x)= 23.88421498790671
differential_evolution step 142: f(x)= 23.88421498790671
differential_evolution step 143: f(x)= 23.88421498790671
differential_evolution step 144: f(x)= 23.88421498790671
differential_evolution step 145: f(x)= 23.88421498790671
differential_evolution step 146: f(x)= 23.88421498790671
differential_evolution step 147: f(x)= 23.88421498790671
differential_evolution step 148: f(x)= 23.88421498790671
differential_evolution step 149: f(x)= 23.88421498790671
differential_evolution step 150: f(x)= 23.88421498790671
differential_evolution step 151: f(x)= 23.88421498790671
differential_evolution step 152: f(x)= 23.88421498790671
differential_evolution step 153: f(x)= 23.88421498790671
differential_evolution step 154: f(x)= 23.88421498790671
differential_evolution step 155: f(x)= 23.88421498790671
differential_evolution step 156: f(x)= 23.88421498790671
differential_evolution step 157: f(x)= 23.88421498790671
differential_evolution step 158: f(x)= 23.88421498790671
differential_evolution step 159: f(x)= 23.88421498790671
differential_evolution step 160: f(x)= 23.88421498790671
differential_evolution step 161: f(x)= 23.88421498790671
differential_evolution step 162: f(x)= 23.88421498790671
differential_evolution step 163: f(x)= 23.88421498790671
differential_evolution step 164: f(x)= 23.88421498790671
differential_evolution step 165: f(x)= 23.867941482882223
differential_evolution step 166: f(x)= 23.867941482882223
differential_evolution step 167: f(x)= 23.867941482882223
differential_evolution step 168: f(x)= 23.867941482882223
differential_evolution step 169: f(x)= 23.867941482882223
differential_evolution step 170: f(x)= 23.867941482882223
differential_evolution step 171: f(x)= 23.867941482882223
differential_evolution step 172: f(x)= 23.867941482882223
differential_evolution step 173: f(x)= 23.867941482882223
differential_evolution step 174: f(x)= 23.867941482882223
differential_evolution step 175: f(x)= 23.867941482882223
differential_evolution step 176: f(x)= 23.867941482882223
differential_evolution step 177: f(x)= 23.85907582923423
differential_evolution step 178: f(x)= 23.85907582923423
differential_evolution step 179: f(x)= 23.85907582923423
differential_evolution step 180: f(x)= 23.85907582923423
differential_evolution step 181: f(x)= 23.85907582923423
differential_evolution step 182: f(x)= 23.85907582923423
differential_evolution step 183: f(x)= 23.85907582923423
differential_evolution step 184: f(x)= 23.85907582923423
differential_evolution step 185: f(x)= 23.85907582923423
differential_evolution step 186: f(x)= 23.85907582923423
differential_evolution step 187: f(x)= 23.85907582923423
differential_evolution step 188: f(x)= 23.85907582923423
differential_evolution step 189: f(x)= 23.85348945954818
differential_evolution step 190: f(x)= 23.850109073563438
differential_evolution step 191: f(x)= 23.850109073563438
differential_evolution step 192: f(x)= 23.850109073563438
differential_evolution step 193: f(x)= 23.850109073563438
differential_evolution step 194: f(x)= 23.850109073563438
differential_evolution step 195: f(x)= 23.850109073563438
differential_evolution step 196: f(x)= 23.850109073563438
differential_evolution step 197: f(x)= 23.850109073563438
differential_evolution step 198: f(x)= 23.850109073563438
differential_evolution step 199: f(x)= 23.850109073563438
differential_evolution step 200: f(x)= 23.850109073563438
Cluster 5 DE best chi^2: 23.850 with params {'x_src': np.float64(146.81122146828815), 'y_src': np.float64(148.3785385510138), 'z_s': np.float64(3.530618988922938)}

--- DE Optimization Summary ---
Best fit found for Cluster 2 with chi^2 = 0.008
Best-fit parameters: {'x_src': np.float64(101.8229927442986), 'y_src': np.float64(104.9305163458856), 'z_s': np.float64(2.582529552390903)}

--- Running MCMC for Cluster 2 (chi_sq=0.008) ---
[MCMC] Process Pool with 16 procs
  0%|          | 0/20000 [00:00<?, ?it/s]  0%|          | 65/20000 [01:40<8:31:30,  1.54s/it]  0%|          | 79/20000 [01:59<8:31:08,  1.54s/it]  1%|          | 132/20000 [03:21<8:23:46,  1.52s/it]  1%|          | 143/20000 [03:39<8:23:29,  1.52s/it]  1%|          | 199/20000 [05:02<8:20:29,  1.52s/it]  1%|          | 210/20000 [05:19<8:20:12,  1.52s/it]  1%|         | 270/20000 [06:43<8:06:34,  1.48s/it]  1%|         | 281/20000 [07:00<8:06:18,  1.48s/it]  2%|         | 343/20000 [08:23<7:51:28,  1.44s/it]  2%|         | 354/20000 [08:40<7:51:12,  1.44s/it]  2%|         | 417/20000 [10:04<7:41:19,  1.41s/it]  2%|         | 427/20000 [10:20<7:41:05,  1.41s/it]  2%|         | 491/20000 [11:45<7:33:06,  1.39s/it]  3%|         | 502/20000 [12:00<7:32:50,  1.39s/it]  3%|         | 569/20000 [13:25<7:20:19,  1.36s/it]  3%|         | 579/20000 [13:40<7:20:05,  1.36s/it]  3%|         | 643/20000 [15:06<7:18:58,  1.36s/it]  3%|         | 652/20000 [15:20<7:18:46,  1.36s/it]  4%|         | 722/20000 [16:47<7:08:17,  1.33s/it]  4%|         | 731/20000 [17:00<7:08:05,  1.33s/it]  4%|         | 800/20000 [18:28<7:02:48,  1.32s/it]  4%|         | 809/20000 [18:40<7:02:36,  1.32s/it]  4%|         | 878/20000 [20:09<6:57:50,  1.31s/it]  4%|         | 886/20000 [20:20<6:57:39,  1.31s/it]  5%|         | 956/20000 [21:49<6:54:09,  1.30s/it]  5%|         | 963/20000 [22:00<6:54:00,  1.30s/it]  5%|         | 1035/20000 [23:30<6:49:24,  1.30s/it]  5%|         | 1051/20000 [23:50<6:49:03,  1.30s/it]  6%|         | 1120/20000 [25:11<6:36:49,  1.26s/it]  6%|         | 1135/20000 [25:30<6:36:30,  1.26s/it]  6%|         | 1202/20000 [26:51<6:31:15,  1.25s/it]  6%|         | 1216/20000 [27:10<6:30:58,  1.25s/it]  6%|         | 1279/20000 [28:31<6:34:25,  1.26s/it]  6%|         | 1293/20000 [28:50<6:34:07,  1.26s/it]  7%|         | 1361/20000 [30:12<6:29:44,  1.25s/it]  7%|         | 1374/20000 [30:30<6:29:28,  1.25s/it]  7%|         | 1443/20000 [31:53<6:25:17,  1.25s/it]  7%|         | 1457/20000 [32:10<6:25:00,  1.25s/it]  8%|         | 1528/20000 [33:33<6:17:27,  1.23s/it]  8%|         | 1541/20000 [33:50<6:17:11,  1.23s/it]  8%|         | 1614/20000 [35:14<6:10:32,  1.21s/it]  8%|         | 1627/20000 [35:30<6:10:17,  1.21s/it]  8%|         | 1699/20000 [36:54<6:06:05,  1.20s/it]  9%|         | 1711/20000 [37:10<6:05:51,  1.20s/it]  9%|         | 1781/20000 [38:35<6:06:57,  1.21s/it]  9%|         | 1792/20000 [38:50<6:06:44,  1.21s/it]  9%|         | 1863/20000 [40:15<6:06:32,  1.21s/it]  9%|         | 1875/20000 [40:30<6:06:17,  1.21s/it] 10%|         | 1949/20000 [41:56<6:00:48,  1.20s/it] 10%|         | 1960/20000 [42:10<6:00:35,  1.20s/it] 10%|         | 2033/20000 [43:36<5:58:28,  1.20s/it] 10%|         | 2043/20000 [43:50<5:58:16,  1.20s/it] 11%|         | 2114/20000 [45:16<6:00:27,  1.21s/it] 11%|         | 2124/20000 [45:30<6:00:15,  1.21s/it] 11%|         | 2195/20000 [46:57<6:01:35,  1.22s/it] 11%|         | 2204/20000 [47:10<6:01:24,  1.22s/it] 11%|        | 2277/20000 [48:37<6:00:35,  1.22s/it] 11%|        | 2287/20000 [48:50<6:00:23,  1.22s/it] 12%|        | 2353/20000 [50:18<6:07:31,  1.25s/it] 12%|        | 2361/20000 [50:30<6:07:21,  1.25s/it] 12%|        | 2433/20000 [51:59<6:06:42,  1.25s/it] 12%|        | 2441/20000 [52:10<6:06:32,  1.25s/it] 13%|        | 2512/20000 [53:39<6:07:06,  1.26s/it] 13%|        | 2520/20000 [53:50<6:06:56,  1.26s/it] 13%|        | 2593/20000 [55:20<6:03:18,  1.25s/it] 13%|        | 2601/20000 [55:30<6:03:08,  1.25s/it] 13%|        | 2675/20000 [57:00<5:59:34,  1.25s/it] 13%|        | 2689/20000 [57:20<5:59:17,  1.25s/it] 14%|        | 2754/20000 [58:40<5:59:48,  1.25s/it] 14%|        | 2768/20000 [59:00<5:59:31,  1.25s/it] 14%|        | 2837/20000 [1:00:21<5:54:22,  1.24s/it] 14%|        | 2853/20000 [1:00:40<5:54:03,  1.24s/it] 15%|        | 2917/20000 [1:02:01<5:53:42,  1.24s/it] 15%|        | 2930/20000 [1:02:20<5:53:26,  1.24s/it] 15%|        | 2995/20000 [1:03:41<5:55:27,  1.25s/it] 15%|        | 3009/20000 [1:04:00<5:55:10,  1.25s/it] 15%|        | 3075/20000 [1:05:21<5:53:39,  1.25s/it] 15%|        | 3085/20000 [1:05:40<5:53:27,  1.25s/it] 16%|        | 3150/20000 [1:07:02<5:59:04,  1.28s/it] 16%|        | 3164/20000 [1:07:20<5:58:47,  1.28s/it] 16%|        | 3227/20000 [1:08:42<5:59:40,  1.29s/it] 16%|        | 3240/20000 [1:09:00<5:59:24,  1.29s/it] 17%|        | 3303/20000 [1:10:23<6:00:47,  1.30s/it] 17%|        | 3315/20000 [1:10:40<6:00:32,  1.30s/it] 17%|        | 3380/20000 [1:12:03<5:59:19,  1.30s/it] 17%|        | 3391/20000 [1:12:20<5:59:05,  1.30s/it] 17%|        | 3458/20000 [1:13:43<5:56:55,  1.29s/it] 17%|        | 3471/20000 [1:14:00<5:56:38,  1.29s/it] 18%|        | 3543/20000 [1:15:24<5:45:16,  1.26s/it] 18%|        | 3556/20000 [1:15:40<5:45:00,  1.26s/it] 18%|        | 3625/20000 [1:17:04<5:40:49,  1.25s/it] 18%|        | 3637/20000 [1:17:20<5:40:34,  1.25s/it] 19%|        | 3705/20000 [1:18:45<5:39:38,  1.25s/it] 19%|        | 3717/20000 [1:19:00<5:39:23,  1.25s/it] 19%|        | 3786/20000 [1:20:26<5:37:39,  1.25s/it] 19%|        | 3797/20000 [1:20:40<5:37:25,  1.25s/it] 19%|        | 3863/20000 [1:22:07<5:40:58,  1.27s/it] 19%|        | 3872/20000 [1:22:20<5:40:47,  1.27s/it] 20%|        | 3944/20000 [1:23:47<5:37:15,  1.26s/it] 20%|        | 3953/20000 [1:24:00<5:37:03,  1.26s/it] 20%|        | 4023/20000 [1:25:28<5:36:44,  1.26s/it] 20%|        | 4032/20000 [1:25:40<5:36:33,  1.26s/it] 21%|        | 4106/20000 [1:27:09<5:31:10,  1.25s/it] 21%|        | 4114/20000 [1:27:20<5:31:00,  1.25s/it] 21%|        | 4184/20000 [1:28:50<5:32:44,  1.26s/it] 21%|        | 4198/20000 [1:29:10<5:32:26,  1.26s/it] 21%|       | 4258/20000 [1:30:31<5:39:04,  1.29s/it] 21%|       | 4272/20000 [1:30:50<5:38:46,  1.29s/it] 22%|       | 4338/20000 [1:32:12<5:35:22,  1.28s/it] 22%|       | 4351/20000 [1:32:30<5:35:05,  1.28s/it] 22%|       | 4416/20000 [1:33:53<5:33:54,  1.29s/it] 22%|       | 4428/20000 [1:34:10<5:33:39,  1.29s/it] 22%|       | 4489/20000 [1:35:34<5:39:31,  1.31s/it] 22%|       | 4499/20000 [1:35:50<5:39:18,  1.31s/it] 23%|       | 4558/20000 [1:37:14<5:47:51,  1.35s/it] 23%|       | 4568/20000 [1:37:30<5:47:37,  1.35s/it] 23%|       | 4632/20000 [1:38:55<5:47:17,  1.36s/it] 23%|       | 4642/20000 [1:39:10<5:47:04,  1.36s/it] 24%|       | 4702/20000 [1:40:36<5:51:57,  1.38s/it] 24%|       | 4711/20000 [1:40:50<5:51:44,  1.38s/it] 24%|       | 4777/20000 [1:42:17<5:47:09,  1.37s/it] 24%|       | 4788/20000 [1:42:30<5:46:54,  1.37s/it] 24%|       | 4849/20000 [1:43:58<5:48:31,  1.38s/it] 24%|       | 4857/20000 [1:44:10<5:48:20,  1.38s/it] 25%|       | 4923/20000 [1:45:39<5:45:33,  1.38s/it] 25%|       | 4930/20000 [1:45:50<5:45:23,  1.38s/it] 25%|       | 4999/20000 [1:47:21<5:41:02,  1.36s/it] 25%|       | 5012/20000 [1:47:40<5:40:44,  1.36s/it] 25%|       | 5076/20000 [1:49:02<5:35:14,  1.35s/it] 25%|       | 5088/20000 [1:49:20<5:34:58,  1.35s/it] 26%|       | 5150/20000 [1:50:42<5:33:57,  1.35s/it] 26%|       | 5164/20000 [1:51:00<5:33:38,  1.35s/it] 26%|       | 5227/20000 [1:52:23<5:29:16,  1.34s/it] 26%|       | 5239/20000 [1:52:40<5:29:00,  1.34s/it] 27%|       | 5302/20000 [1:54:03<5:27:26,  1.34s/it] 27%|       | 5315/20000 [1:54:20<5:27:09,  1.34s/it] 27%|       | 5375/20000 [1:55:43<5:28:56,  1.35s/it] 27%|       | 5387/20000 [1:56:00<5:28:39,  1.35s/it] 27%|       | 5450/20000 [1:57:24<5:26:27,  1.35s/it] 27%|       | 5461/20000 [1:57:40<5:26:12,  1.35s/it] 28%|       | 5526/20000 [1:59:05<5:24:04,  1.34s/it] 28%|       | 5536/20000 [1:59:20<5:23:50,  1.34s/it] 28%|       | 5596/20000 [2:00:46<5:29:09,  1.37s/it] 28%|       | 5605/20000 [2:01:00<5:28:56,  1.37s/it] 28%|       | 5672/20000 [2:02:27<5:23:50,  1.36s/it] 28%|       | 5682/20000 [2:02:40<5:23:36,  1.36s/it] 29%|       | 5749/20000 [2:04:08<5:18:44,  1.34s/it] 29%|       | 5758/20000 [2:04:20<5:18:32,  1.34s/it] 29%|       | 5829/20000 [2:05:49<5:11:07,  1.32s/it] 29%|       | 5837/20000 [2:06:00<5:10:57,  1.32s/it] 30%|       | 5906/20000 [2:07:30<5:08:52,  1.31s/it] 30%|       | 5914/20000 [2:07:40<5:08:42,  1.31s/it] 30%|       | 5980/20000 [2:09:10<5:09:46,  1.33s/it] 30%|       | 5987/20000 [2:09:20<5:09:36,  1.33s/it] 30%|       | 6055/20000 [2:10:50<5:08:42,  1.33s/it] 30%|       | 6071/20000 [2:11:10<5:08:21,  1.33s/it] 31%|       | 6132/20000 [2:12:31<5:06:06,  1.32s/it] 31%|       | 6146/20000 [2:12:50<5:05:47,  1.32s/it] 31%|       | 6206/20000 [2:14:11<5:06:20,  1.33s/it] 31%|       | 6221/20000 [2:14:30<5:06:00,  1.33s/it] 31%|      | 6283/20000 [2:15:52<5:03:05,  1.33s/it] 31%|      | 6295/20000 [2:16:10<5:02:49,  1.33s/it] 32%|      | 6362/20000 [2:17:33<4:57:48,  1.31s/it] 32%|      | 6376/20000 [2:17:50<4:57:29,  1.31s/it] 32%|      | 6437/20000 [2:19:13<4:58:05,  1.32s/it] 32%|      | 6447/20000 [2:19:30<4:57:52,  1.32s/it] 33%|      | 6505/20000 [2:20:54<5:06:49,  1.36s/it] 33%|      | 6517/20000 [2:21:10<5:06:33,  1.36s/it] 33%|      | 6581/20000 [2:22:34<5:02:16,  1.35s/it] 33%|      | 6592/20000 [2:22:50<5:02:01,  1.35s/it] 33%|      | 6661/20000 [2:24:15<4:53:24,  1.32s/it] 33%|      | 6672/20000 [2:24:30<4:53:10,  1.32s/it] 34%|      | 6739/20000 [2:25:55<4:49:49,  1.31s/it] 34%|      | 6751/20000 [2:26:10<4:49:33,  1.31s/it] 34%|      | 6814/20000 [2:27:36<4:50:03,  1.32s/it] 34%|      | 6824/20000 [2:27:50<4:49:50,  1.32s/it] 34%|      | 6887/20000 [2:29:17<4:52:28,  1.34s/it] 34%|      | 6897/20000 [2:29:30<4:52:15,  1.34s/it] 35%|      | 6964/20000 [2:30:58<4:49:08,  1.33s/it] 35%|      | 6972/20000 [2:31:10<4:48:57,  1.33s/it] 35%|      | 7044/20000 [2:32:39<4:42:57,  1.31s/it] 35%|      | 7052/20000 [2:32:50<4:42:47,  1.31s/it] 36%|      | 7124/20000 [2:34:19<4:37:15,  1.29s/it] 36%|      | 7132/20000 [2:34:30<4:37:05,  1.29s/it] 36%|      | 7199/20000 [2:36:00<4:38:41,  1.31s/it] 36%|      | 7213/20000 [2:36:20<4:38:22,  1.31s/it] 36%|      | 7277/20000 [2:37:40<4:35:35,  1.30s/it] 36%|      | 7291/20000 [2:38:00<4:35:17,  1.30s/it] 37%|      | 7351/20000 [2:39:21<4:37:46,  1.32s/it] 37%|      | 7364/20000 [2:39:40<4:37:29,  1.32s/it] 37%|      | 7427/20000 [2:41:02<4:36:59,  1.32s/it] 37%|      | 7439/20000 [2:41:20<4:36:43,  1.32s/it] 38%|      | 7502/20000 [2:42:42<4:36:29,  1.33s/it] 38%|      | 7515/20000 [2:43:00<4:36:11,  1.33s/it] 38%|      | 7580/20000 [2:44:23<4:32:38,  1.32s/it] 38%|      | 7592/20000 [2:44:40<4:32:22,  1.32s/it] 38%|      | 7651/20000 [2:46:04<4:36:52,  1.35s/it] 38%|      | 7664/20000 [2:46:20<4:36:35,  1.35s/it] 39%|      | 7730/20000 [2:47:45<4:30:49,  1.32s/it] 39%|      | 7739/20000 [2:48:00<4:30:37,  1.32s/it] 39%|      | 7806/20000 [2:49:26<4:29:16,  1.32s/it] 39%|      | 7815/20000 [2:49:40<4:29:04,  1.32s/it] 39%|      | 7881/20000 [2:51:06<4:28:24,  1.33s/it] 39%|      | 7892/20000 [2:51:20<4:28:09,  1.33s/it] 40%|      | 7962/20000 [2:52:46<4:20:52,  1.30s/it] 40%|      | 7973/20000 [2:53:00<4:20:37,  1.30s/it] 40%|      | 8036/20000 [2:54:27<4:23:02,  1.32s/it] 40%|      | 8044/20000 [2:54:40<4:22:52,  1.32s/it] 41%|      | 8104/20000 [2:56:08<4:30:40,  1.37s/it] 41%|      | 8112/20000 [2:56:20<4:30:29,  1.37s/it] 41%|      | 8174/20000 [2:57:49<4:33:26,  1.39s/it] 41%|      | 8180/20000 [2:58:00<4:33:17,  1.39s/it] 41%|      | 8240/20000 [2:59:30<4:39:39,  1.43s/it] 41%|     | 8252/20000 [2:59:50<4:39:22,  1.43s/it] 42%|     | 8311/20000 [3:01:10<4:37:02,  1.42s/it] 42%|     | 8324/20000 [3:01:30<4:36:44,  1.42s/it] 42%|     | 8381/20000 [3:02:51<4:36:01,  1.43s/it] 42%|     | 8394/20000 [3:03:10<4:35:42,  1.43s/it] 42%|     | 8453/20000 [3:04:32<4:32:55,  1.42s/it] 42%|     | 8466/20000 [3:04:50<4:32:36,  1.42s/it] 43%|     | 8523/20000 [3:06:13<4:32:36,  1.43s/it] 43%|     | 8534/20000 [3:06:30<4:32:20,  1.43s/it] 43%|     | 8590/20000 [3:07:53<4:34:59,  1.45s/it] 43%|     | 8602/20000 [3:08:10<4:34:42,  1.45s/it] 43%|     | 8665/20000 [3:09:33<4:26:38,  1.41s/it] 43%|     | 8677/20000 [3:09:50<4:26:21,  1.41s/it] 44%|     | 8741/20000 [3:11:14<4:19:43,  1.38s/it] 44%|     | 8751/20000 [3:11:30<4:19:29,  1.38s/it] 44%|     | 8810/20000 [3:12:54<4:21:57,  1.40s/it] 44%|     | 8822/20000 [3:13:10<4:21:40,  1.40s/it] 44%|     | 8883/20000 [3:14:36<4:19:23,  1.40s/it] 44%|     | 8893/20000 [3:14:50<4:19:09,  1.40s/it] 45%|     | 8957/20000 [3:16:17<4:15:50,  1.39s/it] 45%|     | 8966/20000 [3:16:30<4:15:37,  1.39s/it] 45%|     | 9033/20000 [3:17:57<4:10:05,  1.37s/it] 45%|     | 9043/20000 [3:18:10<4:09:51,  1.37s/it] 46%|     | 9108/20000 [3:19:37<4:06:46,  1.36s/it] 46%|     | 9116/20000 [3:19:50<4:06:35,  1.36s/it] 46%|     | 9178/20000 [3:21:19<4:10:06,  1.39s/it] 46%|     | 9186/20000 [3:21:30<4:09:55,  1.39s/it] 46%|     | 9249/20000 [3:23:00<4:10:14,  1.40s/it] 46%|     | 9262/20000 [3:23:20<4:09:56,  1.40s/it] 47%|     | 9320/20000 [3:24:40<4:09:18,  1.40s/it] 47%|     | 9332/20000 [3:25:00<4:09:01,  1.40s/it] 47%|     | 9391/20000 [3:26:22<4:09:03,  1.41s/it] 47%|     | 9402/20000 [3:26:40<4:08:47,  1.41s/it] 47%|     | 9462/20000 [3:28:02<4:07:25,  1.41s/it] 47%|     | 9476/20000 [3:28:20<4:07:05,  1.41s/it] 48%|     | 9537/20000 [3:29:42<4:01:36,  1.39s/it] 48%|     | 9549/20000 [3:30:00<4:01:20,  1.39s/it] 48%|     | 9613/20000 [3:31:23<3:56:52,  1.37s/it] 48%|     | 9625/20000 [3:31:40<3:56:35,  1.37s/it] 48%|     | 9687/20000 [3:33:04<3:54:50,  1.37s/it] 48%|     | 9698/20000 [3:33:20<3:54:35,  1.37s/it] 49%|     | 9765/20000 [3:34:44<3:48:54,  1.34s/it] 49%|     | 9777/20000 [3:35:00<3:48:38,  1.34s/it] 49%|     | 9849/20000 [3:36:25<3:39:16,  1.30s/it] 49%|     | 9861/20000 [3:36:40<3:39:01,  1.30s/it] 50%|     | 9921/20000 [3:38:06<3:42:49,  1.33s/it] 50%|     | 9931/20000 [3:38:20<3:42:36,  1.33s/it] 50%|     | 9994/20000 [3:39:47<3:44:06,  1.34s/it] 50%|     | 10003/20000 [3:40:00<3:43:54,  1.34s/it] 50%|     | 10068/20000 [3:41:29<3:43:57,  1.35s/it] 50%|     | 10074/20000 [3:41:40<3:43:49,  1.35s/it] 51%|     | 10139/20000 [3:43:09<3:45:18,  1.37s/it] 51%|     | 10147/20000 [3:43:20<3:45:07,  1.37s/it] 51%|     | 10225/20000 [3:44:50<3:32:16,  1.30s/it] 51%|     | 10233/20000 [3:45:00<3:32:05,  1.30s/it] 52%|    | 10310/20000 [3:46:30<3:24:04,  1.26s/it] 52%|    | 10326/20000 [3:46:50<3:23:43,  1.26s/it] 52%|    | 10397/20000 [3:48:11<3:17:00,  1.23s/it] 52%|    | 10413/20000 [3:48:30<3:16:40,  1.23s/it] 52%|    | 10483/20000 [3:49:51<3:12:12,  1.21s/it] 52%|    | 10498/20000 [3:50:10<3:11:54,  1.21s/it] 53%|    | 10570/20000 [3:51:32<3:07:32,  1.19s/it] 53%|    | 10585/20000 [3:51:50<3:07:14,  1.19s/it] 53%|    | 10655/20000 [3:53:13<3:05:41,  1.19s/it] 53%|    | 10667/20000 [3:53:30<3:05:27,  1.19s/it] 54%|    | 10737/20000 [3:54:53<3:05:34,  1.20s/it] 54%|    | 10750/20000 [3:55:10<3:05:19,  1.20s/it] 54%|    | 10812/20000 [3:56:34<3:09:44,  1.24s/it] 54%|    | 10822/20000 [3:56:50<3:09:32,  1.24s/it] 54%|    | 10878/20000 [3:58:14<3:19:39,  1.31s/it] 54%|    | 10886/20000 [3:58:30<3:19:29,  1.31s/it] 55%|    | 10952/20000 [3:59:55<3:20:24,  1.33s/it] 55%|    | 10963/20000 [4:00:10<3:20:09,  1.33s/it] 55%|    | 11034/20000 [4:01:35<3:13:26,  1.29s/it] 55%|    | 11044/20000 [4:01:50<3:13:13,  1.29s/it] 56%|    | 11105/20000 [4:03:17<3:17:20,  1.33s/it] 56%|    | 11114/20000 [4:03:30<3:17:08,  1.33s/it] 56%|    | 11179/20000 [4:04:57<3:16:39,  1.34s/it] 56%|    | 11189/20000 [4:05:10<3:16:26,  1.34s/it] 56%|    | 11251/20000 [4:06:38<3:17:50,  1.36s/it] 56%|    | 11259/20000 [4:06:50<3:17:39,  1.36s/it] 57%|    | 11322/20000 [4:08:18<3:18:43,  1.37s/it] 57%|    | 11330/20000 [4:08:30<3:18:32,  1.37s/it] 57%|    | 11396/20000 [4:09:59<3:16:11,  1.37s/it] 57%|    | 11405/20000 [4:10:10<3:15:58,  1.37s/it] 57%|    | 11475/20000 [4:11:39<3:10:07,  1.34s/it] 57%|    | 11483/20000 [4:11:50<3:09:56,  1.34s/it] 58%|    | 11563/20000 [4:13:20<2:59:11,  1.27s/it] 58%|    | 11577/20000 [4:13:40<2:58:53,  1.27s/it] 58%|    | 11634/20000 [4:15:00<3:02:58,  1.31s/it] 58%|    | 11650/20000 [4:15:20<3:02:37,  1.31s/it] 59%|    | 11716/20000 [4:16:41<2:57:26,  1.29s/it] 59%|    | 11728/20000 [4:17:00<2:57:10,  1.29s/it] 59%|    | 11782/20000 [4:18:22<3:05:11,  1.35s/it] 59%|    | 11795/20000 [4:18:40<3:04:53,  1.35s/it] 59%|    | 11856/20000 [4:20:03<3:03:41,  1.35s/it] 59%|    | 11868/20000 [4:20:20<3:03:25,  1.35s/it] 60%|    | 11923/20000 [4:21:43<3:07:44,  1.39s/it] 60%|    | 11935/20000 [4:22:00<3:07:27,  1.39s/it] 60%|    | 11989/20000 [4:23:25<3:11:46,  1.44s/it] 60%|    | 11997/20000 [4:23:40<3:11:35,  1.44s/it] 60%|    | 12059/20000 [4:25:06<3:10:05,  1.44s/it] 60%|    | 12068/20000 [4:25:20<3:09:52,  1.44s/it] 61%|    | 12132/20000 [4:26:46<3:05:47,  1.42s/it] 61%|    | 12142/20000 [4:27:00<3:05:33,  1.42s/it] 61%|    | 12211/20000 [4:28:27<2:58:18,  1.37s/it] 61%|    | 12219/20000 [4:28:40<2:58:07,  1.37s/it] 61%|   | 12281/20000 [4:30:08<2:59:27,  1.39s/it] 61%|   | 12288/20000 [4:30:20<2:59:17,  1.39s/it] 62%|   | 12356/20000 [4:31:49<2:55:33,  1.38s/it] 62%|   | 12365/20000 [4:32:00<2:55:20,  1.38s/it] 62%|   | 12437/20000 [4:33:30<2:48:36,  1.34s/it] 62%|   | 12451/20000 [4:33:50<2:48:17,  1.34s/it] 63%|   | 12511/20000 [4:35:10<2:47:30,  1.34s/it] 63%|   | 12527/20000 [4:35:30<2:47:09,  1.34s/it] 63%|   | 12590/20000 [4:36:51<2:42:59,  1.32s/it] 63%|   | 12604/20000 [4:37:10<2:42:41,  1.32s/it] 63%|   | 12667/20000 [4:38:32<2:40:56,  1.32s/it] 63%|   | 12680/20000 [4:38:50<2:40:38,  1.32s/it] 64%|   | 12745/20000 [4:40:12<2:37:59,  1.31s/it] 64%|   | 12757/20000 [4:40:30<2:37:43,  1.31s/it] 64%|   | 12817/20000 [4:41:53<2:39:56,  1.34s/it] 64%|   | 12828/20000 [4:42:10<2:39:42,  1.34s/it] 64%|   | 12887/20000 [4:43:33<2:41:34,  1.36s/it] 64%|   | 12899/20000 [4:43:50<2:41:18,  1.36s/it] 65%|   | 12965/20000 [4:45:14<2:37:08,  1.34s/it] 65%|   | 12978/20000 [4:45:30<2:36:51,  1.34s/it] 65%|   | 13042/20000 [4:46:55<2:34:23,  1.33s/it] 65%|   | 13053/20000 [4:47:10<2:34:08,  1.33s/it] 66%|   | 13116/20000 [4:48:36<2:33:54,  1.34s/it] 66%|   | 13123/20000 [4:48:50<2:33:45,  1.34s/it] 66%|   | 13183/20000 [4:50:17<2:37:34,  1.39s/it] 66%|   | 13192/20000 [4:50:30<2:37:22,  1.39s/it] 66%|   | 13258/20000 [4:51:58<2:34:38,  1.38s/it] 66%|   | 13265/20000 [4:52:10<2:34:29,  1.38s/it] 67%|   | 13332/20000 [4:53:39<2:32:14,  1.37s/it] 67%|   | 13338/20000 [4:53:50<2:32:06,  1.37s/it] 67%|   | 13405/20000 [4:55:19<2:30:50,  1.37s/it] 67%|   | 13413/20000 [4:55:30<2:30:39,  1.37s/it] 67%|   | 13483/20000 [4:57:00<2:26:16,  1.35s/it] 67%|   | 13491/20000 [4:57:10<2:26:05,  1.35s/it] 68%|   | 13561/20000 [4:58:41<2:22:49,  1.33s/it] 68%|   | 13575/20000 [4:59:00<2:22:30,  1.33s/it] 68%|   | 13635/20000 [5:00:22<2:22:10,  1.34s/it] 68%|   | 13647/20000 [5:00:40<2:21:54,  1.34s/it] 69%|   | 13709/20000 [5:02:03<2:21:14,  1.35s/it] 69%|   | 13720/20000 [5:02:20<2:20:59,  1.35s/it] 69%|   | 13782/20000 [5:03:44<2:20:49,  1.36s/it] 69%|   | 13795/20000 [5:04:00<2:20:32,  1.36s/it] 69%|   | 13855/20000 [5:05:24<2:19:45,  1.36s/it] 69%|   | 13866/20000 [5:05:40<2:19:30,  1.36s/it] 70%|   | 13928/20000 [5:07:04<2:18:15,  1.37s/it] 70%|   | 13940/20000 [5:07:20<2:17:59,  1.37s/it] 70%|   | 14008/20000 [5:08:45<2:13:03,  1.33s/it] 70%|   | 14020/20000 [5:09:00<2:12:47,  1.33s/it] 70%|   | 14088/20000 [5:10:26<2:08:53,  1.31s/it] 70%|   | 14099/20000 [5:10:40<2:08:39,  1.31s/it] 71%|   | 14166/20000 [5:12:06<2:06:37,  1.30s/it] 71%|   | 14176/20000 [5:12:20<2:06:24,  1.30s/it] 71%|   | 14246/20000 [5:13:47<2:03:45,  1.29s/it] 71%|  | 14255/20000 [5:14:00<2:03:33,  1.29s/it] 72%|  | 14327/20000 [5:15:28<2:00:32,  1.27s/it] 72%|  | 14337/20000 [5:15:40<2:00:19,  1.27s/it] 72%|  | 14406/20000 [5:17:09<1:59:00,  1.28s/it] 72%|  | 14413/20000 [5:17:20<1:58:51,  1.28s/it] 72%|  | 14484/20000 [5:18:50<1:57:53,  1.28s/it] 72%|  | 14499/20000 [5:19:10<1:57:34,  1.28s/it] 73%|  | 14563/20000 [5:20:30<1:55:54,  1.28s/it] 73%|  | 14576/20000 [5:20:50<1:55:37,  1.28s/it] 73%|  | 14642/20000 [5:22:10<1:53:52,  1.28s/it] 73%|  | 14655/20000 [5:22:30<1:53:36,  1.28s/it] 74%|  | 14715/20000 [5:23:52<1:55:04,  1.31s/it] 74%|  | 14728/20000 [5:24:10<1:54:47,  1.31s/it] 74%|  | 14791/20000 [5:25:33<1:53:59,  1.31s/it] 74%|  | 14804/20000 [5:25:50<1:53:42,  1.31s/it] 74%|  | 14869/20000 [5:27:14<1:51:50,  1.31s/it] 74%|  | 14882/20000 [5:27:30<1:51:33,  1.31s/it] 75%|  | 14944/20000 [5:28:54<1:50:58,  1.32s/it] 75%|  | 14955/20000 [5:29:10<1:50:44,  1.32s/it] 75%|  | 15020/20000 [5:30:35<1:49:35,  1.32s/it] 75%|  | 15029/20000 [5:30:50<1:49:23,  1.32s/it] 75%|  | 15088/20000 [5:32:15<1:51:34,  1.36s/it] 75%|  | 15097/20000 [5:32:30<1:51:22,  1.36s/it] 76%|  | 15163/20000 [5:33:56<1:49:23,  1.36s/it] 76%|  | 15172/20000 [5:34:10<1:49:11,  1.36s/it] 76%|  | 15232/20000 [5:35:36<1:49:57,  1.38s/it] 76%|  | 15241/20000 [5:35:50<1:49:45,  1.38s/it] 77%|  | 15308/20000 [5:37:17<1:46:57,  1.37s/it] 77%|  | 15318/20000 [5:37:30<1:46:43,  1.37s/it] 77%|  | 15391/20000 [5:38:58<1:41:05,  1.32s/it] 77%|  | 15401/20000 [5:39:10<1:40:52,  1.32s/it] 77%|  | 15470/20000 [5:40:39<1:38:30,  1.30s/it] 77%|  | 15479/20000 [5:40:50<1:38:18,  1.30s/it] 78%|  | 15546/20000 [5:42:20<1:37:22,  1.31s/it] 78%|  | 15553/20000 [5:42:30<1:37:13,  1.31s/it] 78%|  | 15620/20000 [5:44:01<1:36:51,  1.33s/it] 78%|  | 15632/20000 [5:44:20<1:36:35,  1.33s/it] 78%|  | 15694/20000 [5:45:41<1:35:54,  1.34s/it] 79%|  | 15707/20000 [5:46:00<1:35:37,  1.34s/it] 79%|  | 15763/20000 [5:47:22<1:36:44,  1.37s/it] 79%|  | 15774/20000 [5:47:40<1:36:29,  1.37s/it] 79%|  | 15837/20000 [5:49:02<1:34:52,  1.37s/it] 79%|  | 15849/20000 [5:49:20<1:34:36,  1.37s/it] 80%|  | 15914/20000 [5:50:42<1:31:42,  1.35s/it] 80%|  | 15926/20000 [5:51:00<1:31:26,  1.35s/it] 80%|  | 15988/20000 [5:52:23<1:30:14,  1.35s/it] 80%|  | 15998/20000 [5:52:40<1:30:01,  1.35s/it] 80%|  | 16056/20000 [5:54:03<1:31:00,  1.38s/it] 80%|  | 16070/20000 [5:54:20<1:30:40,  1.38s/it] 81%|  | 16132/20000 [5:55:43<1:27:57,  1.36s/it] 81%|  | 16143/20000 [5:56:00<1:27:42,  1.36s/it] 81%|  | 16207/20000 [5:57:24<1:25:48,  1.36s/it] 81%|  | 16220/20000 [5:57:40<1:25:30,  1.36s/it] 81%| | 16288/20000 [5:59:05<1:21:46,  1.32s/it] 81%| | 16299/20000 [5:59:20<1:21:32,  1.32s/it] 82%| | 16361/20000 [6:00:45<1:21:02,  1.34s/it] 82%| | 16371/20000 [6:01:00<1:20:49,  1.34s/it] 82%| | 16428/20000 [6:02:25<1:22:08,  1.38s/it] 82%| | 16439/20000 [6:02:40<1:21:53,  1.38s/it] 83%| | 16505/20000 [6:04:05<1:18:58,  1.36s/it] 83%| | 16515/20000 [6:04:20<1:18:44,  1.36s/it] 83%| | 16577/20000 [6:05:46<1:18:08,  1.37s/it] 83%| | 16587/20000 [6:06:00<1:17:54,  1.37s/it] 83%| | 16655/20000 [6:07:26<1:14:50,  1.34s/it] 83%| | 16665/20000 [6:07:40<1:14:37,  1.34s/it] 84%| | 16729/20000 [6:09:08<1:13:34,  1.35s/it] 84%| | 16738/20000 [6:09:20<1:13:21,  1.35s/it] 84%| | 16807/20000 [6:10:49<1:10:54,  1.33s/it] 84%| | 16816/20000 [6:11:00<1:10:42,  1.33s/it] 84%| | 16886/20000 [6:12:30<1:08:20,  1.32s/it] 84%| | 16892/20000 [6:12:40<1:08:12,  1.32s/it] 85%| | 16960/20000 [6:14:11<1:07:28,  1.33s/it] 85%| | 16974/20000 [6:14:30<1:07:09,  1.33s/it] 85%| | 17036/20000 [6:15:52<1:05:43,  1.33s/it] 85%| | 17048/20000 [6:16:10<1:05:27,  1.33s/it] 86%| | 17110/20000 [6:17:33<1:04:36,  1.34s/it] 86%| | 17121/20000 [6:17:50<1:04:21,  1.34s/it] 86%| | 17179/20000 [6:19:14<1:04:41,  1.38s/it] 86%| | 17190/20000 [6:19:30<1:04:25,  1.38s/it] 86%| | 17253/20000 [6:20:54<1:02:42,  1.37s/it] 86%| | 17264/20000 [6:21:10<1:02:27,  1.37s/it] 87%| | 17330/20000 [6:22:36<1:00:13,  1.35s/it] 87%| | 17339/20000 [6:22:50<1:00:01,  1.35s/it] 87%| | 17402/20000 [6:24:17<59:17,  1.37s/it]   87%| | 17411/20000 [6:24:30<59:05,  1.37s/it] 87%| | 17475/20000 [6:25:58<57:45,  1.37s/it] 87%| | 17483/20000 [6:26:10<57:34,  1.37s/it] 88%| | 17549/20000 [6:27:38<55:53,  1.37s/it] 88%| | 17557/20000 [6:27:50<55:42,  1.37s/it] 88%| | 17620/20000 [6:29:19<54:49,  1.38s/it] 88%| | 17627/20000 [6:29:30<54:39,  1.38s/it] 88%| | 17697/20000 [6:31:00<52:17,  1.36s/it] 89%| | 17711/20000 [6:31:20<51:58,  1.36s/it] 89%| | 17774/20000 [6:32:41<49:50,  1.34s/it] 89%| | 17787/20000 [6:33:00<49:33,  1.34s/it] 89%| | 17844/20000 [6:34:21<49:08,  1.37s/it] 89%| | 17857/20000 [6:34:40<48:51,  1.37s/it] 90%| | 17920/20000 [6:36:01<46:52,  1.35s/it] 90%| | 17934/20000 [6:36:20<46:33,  1.35s/it] 90%| | 17995/20000 [6:37:41<45:01,  1.35s/it] 90%| | 18008/20000 [6:38:00<44:43,  1.35s/it] 90%| | 18070/20000 [6:39:22<43:18,  1.35s/it] 90%| | 18084/20000 [6:39:40<42:59,  1.35s/it] 91%| | 18146/20000 [6:41:02<41:20,  1.34s/it] 91%| | 18160/20000 [6:41:20<41:01,  1.34s/it] 91%| | 18219/20000 [6:42:42<40:00,  1.35s/it] 91%| | 18233/20000 [6:43:00<39:41,  1.35s/it] 91%|| 18298/20000 [6:44:23<37:35,  1.33s/it] 92%|| 18310/20000 [6:44:40<37:20,  1.33s/it] 92%|| 18373/20000 [6:46:03<36:02,  1.33s/it] 92%|| 18385/20000 [6:46:20<35:47,  1.33s/it] 92%|| 18449/20000 [6:47:45<34:24,  1.33s/it] 92%|| 18458/20000 [6:48:00<34:12,  1.33s/it] 93%|| 18522/20000 [6:49:25<33:04,  1.34s/it] 93%|| 18533/20000 [6:49:40<32:49,  1.34s/it] 93%|| 18595/20000 [6:51:05<31:41,  1.35s/it] 93%|| 18605/20000 [6:51:20<31:27,  1.35s/it] 93%|| 18667/20000 [6:52:46<30:20,  1.37s/it] 93%|| 18676/20000 [6:53:00<30:08,  1.37s/it] 94%|| 18740/20000 [6:54:27<28:46,  1.37s/it] 94%|| 18751/20000 [6:54:40<28:31,  1.37s/it] 94%|| 18824/20000 [6:56:08<25:45,  1.31s/it] 94%|| 18834/20000 [6:56:20<25:32,  1.31s/it] 95%|| 18907/20000 [6:57:48<23:19,  1.28s/it] 95%|| 18917/20000 [6:58:00<23:06,  1.28s/it] 95%|| 18991/20000 [6:59:29<21:07,  1.26s/it] 95%|| 19000/20000 [6:59:40<20:56,  1.26s/it] 95%|| 19069/20000 [7:01:10<19:40,  1.27s/it] 95%|| 19075/20000 [7:01:20<19:32,  1.27s/it] 96%|| 19142/20000 [7:02:51<18:36,  1.30s/it] 96%|| 19155/20000 [7:03:10<18:19,  1.30s/it] 96%|| 19219/20000 [7:04:31<16:56,  1.30s/it] 96%|| 19232/20000 [7:04:50<16:39,  1.30s/it] 96%|| 19298/20000 [7:06:13<15:09,  1.30s/it] 97%|| 19311/20000 [7:06:30<14:52,  1.30s/it] 97%|| 19376/20000 [7:07:53<13:27,  1.29s/it] 97%|| 19388/20000 [7:08:10<13:12,  1.29s/it] 97%|| 19454/20000 [7:09:34<11:45,  1.29s/it] 97%|| 19467/20000 [7:09:50<11:28,  1.29s/it] 98%|| 19531/20000 [7:11:14<10:07,  1.29s/it] 98%|| 19543/20000 [7:11:30<09:51,  1.29s/it] 98%|| 19605/20000 [7:12:54<08:38,  1.31s/it] 98%|| 19617/20000 [7:13:10<08:22,  1.31s/it] 98%|| 19681/20000 [7:14:35<06:59,  1.32s/it] 98%|| 19692/20000 [7:14:50<06:45,  1.32s/it] 99%|| 19758/20000 [7:16:16<05:18,  1.32s/it] 99%|| 19768/20000 [7:16:30<05:05,  1.32s/it] 99%|| 19836/20000 [7:17:56<03:34,  1.31s/it] 99%|| 19845/20000 [7:18:10<03:22,  1.31s/it]100%|| 19909/20000 [7:19:37<02:00,  1.33s/it]100%|| 19918/20000 [7:19:50<01:48,  1.33s/it]100%|| 19985/20000 [7:21:18<00:19,  1.33s/it]100%|| 19995/20000 [7:21:30<00:06,  1.33s/it]100%|| 20000/20000 [7:21:37<00:00,  1.32s/it]

Analysis complete. Found 1 cluster(s) meeting the MCMC criterion.
Accepted cluster indices: [2]

--- Processing Final Results for Cluster 2 ---
--- MCMC Parameter Constraints for Cluster 2 ---
  x_src = 101.745 +0.175 / -0.190
  y_src = 104.977 +0.184 / -0.126
    z_s = 2.600 +0.121 / -0.086
Saving localization results for Cluster 2...
Processing results for Cluster 2...
-> Saved 340000 samples to /users/hiu-yeung.cheng/clusterlensing/out/row24/test_tidy_row24/cluster_2_posterior.npz
Updated CSV row 24 with result for cluster 2.
Loading data from /users/hiu-yeung.cheng/clusterlensing/out/row24/test_tidy_row24/cluster_2_posterior.npz...

Generating corner plot...
-> Corner plot saved to /users/hiu-yeung.cheng/clusterlensing/out/row24/test_tidy_row24/cluster_2_corner_from_saved.png

Generating trace plot...
-> Trace plot saved to /users/hiu-yeung.cheng/clusterlensing/out/row24/test_tidy_row24/cluster_2_trace.png
