Row=21 OUT_DIR=/users/hiu-yeung.cheng/clusterlensing/out/row21 DE_PROCS=16 MCMC_PROCS=16
Setup complete. Lensing system initialized.
True time delays: [    0.         22573.75620511 23904.92246468 23983.90618636
 24064.84231081]
True luminosity distances: 18978.08647046258
Lensed luminosity distances: [8764.14222228 2893.43007204 2768.26699729 2252.38967324 3098.60546497]

Running the full analysis pipeline...
--- Running DE for Cluster 0 ---
[DE] Process Pool with 16 procs (init=latinhypercube, popsize=50)
differential_evolution step 1: f(x)= 4242.640687119286
differential_evolution step 2: f(x)= 3000.0
differential_evolution step 3: f(x)= 3000.0
differential_evolution step 4: f(x)= 3000.0
differential_evolution step 5: f(x)= 3000.0
differential_evolution step 6: f(x)= 3000.0
differential_evolution step 7: f(x)= 3000.0
differential_evolution step 8: f(x)= 3000.0
differential_evolution step 9: f(x)= 3000.0
differential_evolution step 10: f(x)= 3000.0
differential_evolution step 11: f(x)= 3000.0
differential_evolution step 12: f(x)= 2668.956491298701
differential_evolution step 13: f(x)= 2668.956491298701
differential_evolution step 14: f(x)= 2668.956491298701
differential_evolution step 15: f(x)= 2668.956491298701
differential_evolution step 16: f(x)= 2668.956491298701
differential_evolution step 17: f(x)= 2668.956491298701
differential_evolution step 18: f(x)= 2668.956491298701
differential_evolution step 19: f(x)= 2668.956491298701
differential_evolution step 20: f(x)= 2668.956491298701
differential_evolution step 21: f(x)= 2668.956491298701
differential_evolution step 22: f(x)= 2668.956491298701
differential_evolution step 23: f(x)= 2160.4734436595563
differential_evolution step 24: f(x)= 2160.4734436595563
differential_evolution step 25: f(x)= 1721.8432452040652
differential_evolution step 26: f(x)= 1721.8432452040652
differential_evolution step 27: f(x)= 1097.1178952070309
differential_evolution step 28: f(x)= 1097.1178952070309
differential_evolution step 29: f(x)= 1097.1178952070309
differential_evolution step 30: f(x)= 1097.1178952070309
differential_evolution step 31: f(x)= 1097.1178952070309
differential_evolution step 32: f(x)= 190.3362889716467
differential_evolution step 33: f(x)= 190.3362889716467
differential_evolution step 34: f(x)= 190.3362889716467
differential_evolution step 35: f(x)= 190.3362889716467
differential_evolution step 36: f(x)= 190.3362889716467
differential_evolution step 37: f(x)= 190.3362889716467
differential_evolution step 38: f(x)= 190.3362889716467
differential_evolution step 39: f(x)= 190.3362889716467
differential_evolution step 40: f(x)= 190.3362889716467
differential_evolution step 41: f(x)= 190.3362889716467
differential_evolution step 42: f(x)= 190.3362889716467
differential_evolution step 43: f(x)= 190.3362889716467
differential_evolution step 44: f(x)= 190.3362889716467
differential_evolution step 45: f(x)= 190.3362889716467
differential_evolution step 46: f(x)= 190.3362889716467
differential_evolution step 47: f(x)= 190.3362889716467
differential_evolution step 48: f(x)= 190.3362889716467
differential_evolution step 49: f(x)= 190.3362889716467
differential_evolution step 50: f(x)= 190.3362889716467
differential_evolution step 51: f(x)= 190.3362889716467
differential_evolution step 52: f(x)= 190.3362889716467
differential_evolution step 53: f(x)= 190.3362889716467
differential_evolution step 54: f(x)= 190.3362889716467
differential_evolution step 55: f(x)= 190.3362889716467
differential_evolution step 56: f(x)= 190.3362889716467
differential_evolution step 57: f(x)= 139.19942247020995
differential_evolution step 58: f(x)= 139.19942247020995
differential_evolution step 59: f(x)= 139.19942247020995
differential_evolution step 60: f(x)= 139.19942247020995
differential_evolution step 61: f(x)= 139.19942247020995
differential_evolution step 62: f(x)= 139.19942247020995
differential_evolution step 63: f(x)= 139.19942247020995
differential_evolution step 64: f(x)= 139.19942247020995
differential_evolution step 65: f(x)= 139.19942247020995
differential_evolution step 66: f(x)= 139.19942247020995
differential_evolution step 67: f(x)= 139.19942247020995
differential_evolution step 68: f(x)= 139.19942247020995
differential_evolution step 69: f(x)= 139.19942247020995
differential_evolution step 70: f(x)= 139.19942247020995
differential_evolution step 71: f(x)= 139.19942247020995
differential_evolution step 72: f(x)= 139.19942247020995
differential_evolution step 73: f(x)= 139.19942247020995
differential_evolution step 74: f(x)= 139.19942247020995
differential_evolution step 75: f(x)= 139.19942247020995
differential_evolution step 76: f(x)= 139.19942247020995
differential_evolution step 77: f(x)= 139.19942247020995
differential_evolution step 78: f(x)= 139.19942247020995
differential_evolution step 79: f(x)= 139.19942247020995
differential_evolution step 80: f(x)= 139.19942247020995
differential_evolution step 81: f(x)= 139.19942247020995
differential_evolution step 82: f(x)= 139.19942247020995
differential_evolution step 83: f(x)= 139.19942247020995
differential_evolution step 84: f(x)= 139.19942247020995
differential_evolution step 85: f(x)= 139.19942247020995
differential_evolution step 86: f(x)= 139.19942247020995
differential_evolution step 87: f(x)= 139.19942247020995
differential_evolution step 88: f(x)= 139.19942247020995
differential_evolution step 89: f(x)= 139.19942247020995
differential_evolution step 90: f(x)= 139.19942247020995
differential_evolution step 91: f(x)= 139.19942247020995
differential_evolution step 92: f(x)= 137.46663939119273
differential_evolution step 93: f(x)= 137.46663939119273
differential_evolution step 94: f(x)= 137.46663939119273
differential_evolution step 95: f(x)= 137.46663939119273
differential_evolution step 96: f(x)= 137.46663939119273
differential_evolution step 97: f(x)= 137.46663939119273
differential_evolution step 98: f(x)= 137.46663939119273
differential_evolution step 99: f(x)= 137.46663939119273
differential_evolution step 100: f(x)= 137.46663939119273
differential_evolution step 101: f(x)= 137.46663939119273
differential_evolution step 102: f(x)= 137.46663939119273
differential_evolution step 103: f(x)= 137.46663939119273
differential_evolution step 104: f(x)= 133.690562311578
differential_evolution step 105: f(x)= 133.690562311578
differential_evolution step 106: f(x)= 133.690562311578
differential_evolution step 107: f(x)= 133.690562311578
differential_evolution step 108: f(x)= 133.690562311578
differential_evolution step 109: f(x)= 133.690562311578
differential_evolution step 110: f(x)= 125.86450242838013
differential_evolution step 111: f(x)= 125.86450242838013
differential_evolution step 112: f(x)= 125.86450242838013
differential_evolution step 113: f(x)= 125.86450242838013
differential_evolution step 114: f(x)= 125.86450242838013
differential_evolution step 115: f(x)= 125.86450242838013
differential_evolution step 116: f(x)= 125.86450242838013
differential_evolution step 117: f(x)= 125.86450242838013
differential_evolution step 118: f(x)= 125.86450242838013
differential_evolution step 119: f(x)= 125.86450242838013
differential_evolution step 120: f(x)= 125.86450242838013
differential_evolution step 121: f(x)= 125.86450242838013
differential_evolution step 122: f(x)= 125.86450242838013
differential_evolution step 123: f(x)= 125.86450242838013
differential_evolution step 124: f(x)= 125.86450242838013
differential_evolution step 125: f(x)= 125.86450242838013
differential_evolution step 126: f(x)= 125.86450242838013
differential_evolution step 127: f(x)= 125.86450242838013
differential_evolution step 128: f(x)= 125.86450242838013
differential_evolution step 129: f(x)= 125.86450242838013
differential_evolution step 130: f(x)= 125.86450242838013
differential_evolution step 131: f(x)= 125.86450242838013
differential_evolution step 132: f(x)= 125.86450242838013
differential_evolution step 133: f(x)= 125.86450242838013
differential_evolution step 134: f(x)= 125.051787024683
differential_evolution step 135: f(x)= 125.051787024683
differential_evolution step 136: f(x)= 125.051787024683
differential_evolution step 137: f(x)= 125.051787024683
differential_evolution step 138: f(x)= 124.23738595842009
differential_evolution step 139: f(x)= 124.23738595842009
differential_evolution step 140: f(x)= 124.23738595842009
differential_evolution step 141: f(x)= 124.23738595842009
differential_evolution step 142: f(x)= 124.23738595842009
differential_evolution step 143: f(x)= 124.23738595842009
differential_evolution step 144: f(x)= 124.23738595842009
differential_evolution step 145: f(x)= 124.23738595842009
differential_evolution step 146: f(x)= 124.23738595842009
differential_evolution step 147: f(x)= 124.23738595842009
differential_evolution step 148: f(x)= 124.23738595842009
differential_evolution step 149: f(x)= 124.23738595842009
differential_evolution step 150: f(x)= 124.23738595842009
differential_evolution step 151: f(x)= 124.09753337096079
differential_evolution step 152: f(x)= 123.88329172167114
differential_evolution step 153: f(x)= 123.88329172167114
differential_evolution step 154: f(x)= 123.88329172167114
differential_evolution step 155: f(x)= 123.88329172167114
differential_evolution step 156: f(x)= 123.88329172167114
differential_evolution step 157: f(x)= 123.88329172167114
differential_evolution step 158: f(x)= 123.88329172167114
differential_evolution step 159: f(x)= 123.88329172167114
differential_evolution step 160: f(x)= 123.88329172167114
differential_evolution step 161: f(x)= 123.88329172167114
differential_evolution step 162: f(x)= 123.88329172167114
differential_evolution step 163: f(x)= 123.88329172167114
differential_evolution step 164: f(x)= 123.88329172167114
differential_evolution step 165: f(x)= 123.88329172167114
differential_evolution step 166: f(x)= 123.88329172167114
differential_evolution step 167: f(x)= 123.88329172167114
differential_evolution step 168: f(x)= 123.88329172167114
differential_evolution step 169: f(x)= 123.88329172167114
differential_evolution step 170: f(x)= 123.88329172167114
differential_evolution step 171: f(x)= 123.88329172167114
differential_evolution step 172: f(x)= 123.88329172167114
differential_evolution step 173: f(x)= 123.88329172167114
differential_evolution step 174: f(x)= 123.88329172167114
differential_evolution step 175: f(x)= 123.88329172167114
differential_evolution step 176: f(x)= 123.88329172167114
differential_evolution step 177: f(x)= 123.88329172167114
differential_evolution step 178: f(x)= 123.88329172167114
differential_evolution step 179: f(x)= 123.88329172167114
differential_evolution step 180: f(x)= 123.88329172167114
differential_evolution step 181: f(x)= 123.88329172167114
differential_evolution step 182: f(x)= 123.88329172167114
differential_evolution step 183: f(x)= 123.88329172167114
differential_evolution step 184: f(x)= 123.88329172167114
differential_evolution step 185: f(x)= 123.88329172167114
differential_evolution step 186: f(x)= 123.88329172167114
differential_evolution step 187: f(x)= 123.88329172167114
differential_evolution step 188: f(x)= 123.88329172167114
differential_evolution step 189: f(x)= 123.88329172167114
differential_evolution step 190: f(x)= 123.88329172167114
differential_evolution step 191: f(x)= 123.88329172167114
differential_evolution step 192: f(x)= 123.88329172167114
differential_evolution step 193: f(x)= 123.88329172167114
differential_evolution step 194: f(x)= 123.88329172167114
differential_evolution step 195: f(x)= 123.88329172167114
differential_evolution step 196: f(x)= 123.88329172167114
differential_evolution step 197: f(x)= 123.88329172167114
differential_evolution step 198: f(x)= 123.88329172167114
differential_evolution step 199: f(x)= 123.88329172167114
differential_evolution step 200: f(x)= 123.88329172167114
Cluster 0 DE best chi^2: 123.883 with params {'x_src': np.float64(83.3308819624994), 'y_src': np.float64(76.32073856114116), 'z_s': np.float64(4.178735214221401)}
--- Running DE for Cluster 1 ---
[DE] Process Pool with 16 procs (init=latinhypercube, popsize=50)
differential_evolution step 1: f(x)= 4242.640687119286
differential_evolution step 2: f(x)= 3000.0
differential_evolution step 3: f(x)= 3000.0
differential_evolution step 4: f(x)= 3000.0
differential_evolution step 5: f(x)= 3000.0
differential_evolution step 6: f(x)= 3000.0
differential_evolution step 7: f(x)= 3000.0
differential_evolution step 8: f(x)= 3000.0
differential_evolution step 9: f(x)= 3000.0
differential_evolution step 10: f(x)= 3000.0
differential_evolution step 11: f(x)= 3000.0
differential_evolution step 12: f(x)= 3000.0
differential_evolution step 13: f(x)= 3000.0
differential_evolution step 14: f(x)= 3000.0
differential_evolution step 15: f(x)= 3000.0
differential_evolution step 16: f(x)= 3000.0
differential_evolution step 17: f(x)= 3000.0
differential_evolution step 18: f(x)= 3000.0
differential_evolution step 19: f(x)= 3000.0
differential_evolution step 20: f(x)= 3000.0
differential_evolution step 21: f(x)= 3000.0
differential_evolution step 22: f(x)= 3000.0
differential_evolution step 23: f(x)= 3000.0
differential_evolution step 24: f(x)= 3000.0
differential_evolution step 25: f(x)= 3000.0
differential_evolution step 26: f(x)= 3000.0
differential_evolution step 27: f(x)= 3000.0
differential_evolution step 28: f(x)= 3000.0
differential_evolution step 29: f(x)= 3000.0
differential_evolution step 30: f(x)= 3000.0
differential_evolution step 31: f(x)= 3000.0
differential_evolution step 32: f(x)= 3000.0
Cluster 1 DE best chi^2: 3000.000 with params {'x_src': np.float64(204.16663214825036), 'y_src': np.float64(193.92769449653625), 'z_s': np.float64(2.6957060907440473)}
--- Running DE for Cluster 2 ---
[DE] Process Pool with 16 procs (init=latinhypercube, popsize=50)
differential_evolution step 1: f(x)= 871.2716266906808
differential_evolution step 2: f(x)= 871.2716266906808
differential_evolution step 3: f(x)= 871.2716266906808
differential_evolution step 4: f(x)= 760.5714358455066
differential_evolution step 5: f(x)= 760.5714358455066
differential_evolution step 6: f(x)= 102.69354932382073
differential_evolution step 7: f(x)= 65.5534219266907
differential_evolution step 8: f(x)= 65.5534219266907
differential_evolution step 9: f(x)= 65.5534219266907
differential_evolution step 10: f(x)= 65.5534219266907
differential_evolution step 11: f(x)= 65.5534219266907
differential_evolution step 12: f(x)= 65.5534219266907
differential_evolution step 13: f(x)= 65.5534219266907
differential_evolution step 14: f(x)= 65.5534219266907
differential_evolution step 15: f(x)= 65.5534219266907
differential_evolution step 16: f(x)= 65.5534219266907
differential_evolution step 17: f(x)= 65.5534219266907
differential_evolution step 18: f(x)= 65.5534219266907
differential_evolution step 19: f(x)= 65.5534219266907
differential_evolution step 20: f(x)= 65.5534219266907
differential_evolution step 21: f(x)= 65.5534219266907
differential_evolution step 22: f(x)= 65.5534219266907
differential_evolution step 23: f(x)= 65.5534219266907
differential_evolution step 24: f(x)= 65.5534219266907
differential_evolution step 25: f(x)= 65.5534219266907
differential_evolution step 26: f(x)= 65.5534219266907
differential_evolution step 27: f(x)= 48.278895006465135
differential_evolution step 28: f(x)= 48.278895006465135
differential_evolution step 29: f(x)= 48.278895006465135
differential_evolution step 30: f(x)= 48.278895006465135
differential_evolution step 31: f(x)= 48.278895006465135
differential_evolution step 32: f(x)= 48.278895006465135
differential_evolution step 33: f(x)= 48.278895006465135
differential_evolution step 34: f(x)= 48.278895006465135
differential_evolution step 35: f(x)= 48.278895006465135
differential_evolution step 36: f(x)= 48.278895006465135
differential_evolution step 37: f(x)= 48.278895006465135
differential_evolution step 38: f(x)= 48.278895006465135
differential_evolution step 39: f(x)= 48.278895006465135
differential_evolution step 40: f(x)= 9.662547217225184
differential_evolution step 41: f(x)= 9.662547217225184
differential_evolution step 42: f(x)= 9.662547217225184
differential_evolution step 43: f(x)= 9.662547217225184
differential_evolution step 44: f(x)= 9.662547217225184
differential_evolution step 45: f(x)= 9.662547217225184
differential_evolution step 46: f(x)= 9.662547217225184
differential_evolution step 47: f(x)= 9.662547217225184
differential_evolution step 48: f(x)= 9.662547217225184
differential_evolution step 49: f(x)= 9.662547217225184
differential_evolution step 50: f(x)= 9.662547217225184
differential_evolution step 51: f(x)= 9.662547217225184
differential_evolution step 52: f(x)= 9.662547217225184
differential_evolution step 53: f(x)= 9.662547217225184
differential_evolution step 54: f(x)= 9.662547217225184
differential_evolution step 55: f(x)= 9.662547217225184
differential_evolution step 56: f(x)= 9.662547217225184
differential_evolution step 57: f(x)= 9.662547217225184
differential_evolution step 58: f(x)= 9.662547217225184
differential_evolution step 59: f(x)= 9.662547217225184
differential_evolution step 60: f(x)= 9.013634910053506
differential_evolution step 61: f(x)= 9.013634910053506
differential_evolution step 62: f(x)= 9.013634910053506
differential_evolution step 63: f(x)= 9.013634910053506
differential_evolution step 64: f(x)= 9.013634910053506
differential_evolution step 65: f(x)= 9.013634910053506
differential_evolution step 66: f(x)= 9.013634910053506
differential_evolution step 67: f(x)= 9.013634910053506
differential_evolution step 68: f(x)= 9.013634910053506
differential_evolution step 69: f(x)= 9.013634910053506
differential_evolution step 70: f(x)= 9.013634910053506
differential_evolution step 71: f(x)= 8.294797538906607
differential_evolution step 72: f(x)= 6.85688374088423
differential_evolution step 73: f(x)= 6.85688374088423
differential_evolution step 74: f(x)= 6.85688374088423
differential_evolution step 75: f(x)= 6.85688374088423
differential_evolution step 76: f(x)= 6.85688374088423
differential_evolution step 77: f(x)= 3.679096320410226
differential_evolution step 78: f(x)= 3.679096320410226
differential_evolution step 79: f(x)= 3.679096320410226
differential_evolution step 80: f(x)= 3.679096320410226
differential_evolution step 81: f(x)= 3.679096320410226
differential_evolution step 82: f(x)= 3.679096320410226
differential_evolution step 83: f(x)= 1.8322062768248715
differential_evolution step 84: f(x)= 1.8322062768248715
differential_evolution step 85: f(x)= 1.8322062768248715
differential_evolution step 86: f(x)= 1.8322062768248715
differential_evolution step 87: f(x)= 1.8322062768248715
differential_evolution step 88: f(x)= 1.8322062768248715
differential_evolution step 89: f(x)= 1.8322062768248715
differential_evolution step 90: f(x)= 1.8322062768248715
differential_evolution step 91: f(x)= 1.8322062768248715
differential_evolution step 92: f(x)= 1.8322062768248715
differential_evolution step 93: f(x)= 1.8322062768248715
differential_evolution step 94: f(x)= 1.8322062768248715
differential_evolution step 95: f(x)= 1.8322062768248715
differential_evolution step 96: f(x)= 1.8322062768248715
differential_evolution step 97: f(x)= 1.186180229741183
differential_evolution step 98: f(x)= 0.6281953466811476
differential_evolution step 99: f(x)= 0.6281953466811476
differential_evolution step 100: f(x)= 0.6281953466811476
differential_evolution step 101: f(x)= 0.6281953466811476
differential_evolution step 102: f(x)= 0.6281953466811476
differential_evolution step 103: f(x)= 0.6281953466811476
differential_evolution step 104: f(x)= 0.6281953466811476
differential_evolution step 105: f(x)= 0.6281953466811476
differential_evolution step 106: f(x)= 0.6281953466811476
differential_evolution step 107: f(x)= 0.6281953466811476
differential_evolution step 108: f(x)= 0.6281953466811476
differential_evolution step 109: f(x)= 0.6281953466811476
differential_evolution step 110: f(x)= 0.5148604405311881
differential_evolution step 111: f(x)= 0.5148604405311881
differential_evolution step 112: f(x)= 0.21508972573531157
differential_evolution step 113: f(x)= 0.21508972573531157
differential_evolution step 114: f(x)= 0.21508972573531157
differential_evolution step 115: f(x)= 0.21508972573531157
differential_evolution step 116: f(x)= 0.21508972573531157
differential_evolution step 117: f(x)= 0.21508972573531157
differential_evolution step 118: f(x)= 0.21508972573531157
differential_evolution step 119: f(x)= 0.21508972573531157
differential_evolution step 120: f(x)= 0.21508972573531157
differential_evolution step 121: f(x)= 0.21508972573531157
differential_evolution step 122: f(x)= 0.02443814663974756
Cluster 2 DE best chi^2: 0.024 with params {'x_src': np.float64(95.01764629432004), 'y_src': np.float64(95.89844058431476), 'z_s': np.float64(2.3606073606893103)}
--- Running DE for Cluster 3 ---
[DE] Process Pool with 16 procs (init=latinhypercube, popsize=50)
differential_evolution step 1: f(x)= 4242.640687119286
differential_evolution step 2: f(x)= 3000.0
differential_evolution step 3: f(x)= 3000.0
differential_evolution step 4: f(x)= 3000.0
differential_evolution step 5: f(x)= 3000.0
differential_evolution step 6: f(x)= 3000.0
differential_evolution step 7: f(x)= 3000.0
differential_evolution step 8: f(x)= 3000.0
differential_evolution step 9: f(x)= 3000.0
differential_evolution step 10: f(x)= 3000.0
differential_evolution step 11: f(x)= 3000.0
differential_evolution step 12: f(x)= 3000.0
differential_evolution step 13: f(x)= 3000.0
differential_evolution step 14: f(x)= 3000.0
differential_evolution step 15: f(x)= 3000.0
differential_evolution step 16: f(x)= 3000.0
differential_evolution step 17: f(x)= 3000.0
differential_evolution step 18: f(x)= 3000.0
differential_evolution step 19: f(x)= 3000.0
differential_evolution step 20: f(x)= 3000.0
differential_evolution step 21: f(x)= 3000.0
differential_evolution step 22: f(x)= 3000.0
differential_evolution step 23: f(x)= 3000.0
differential_evolution step 24: f(x)= 3000.0
differential_evolution step 25: f(x)= 3000.0
differential_evolution step 26: f(x)= 3000.0
differential_evolution step 27: f(x)= 3000.0
differential_evolution step 28: f(x)= 3000.0
differential_evolution step 29: f(x)= 3000.0
differential_evolution step 30: f(x)= 3000.0
differential_evolution step 31: f(x)= 3000.0
differential_evolution step 32: f(x)= 3000.0
differential_evolution step 33: f(x)= 3000.0
differential_evolution step 34: f(x)= 3000.0
differential_evolution step 35: f(x)= 3000.0
differential_evolution step 36: f(x)= 3000.0
differential_evolution step 37: f(x)= 3000.0
differential_evolution step 38: f(x)= 3000.0
differential_evolution step 39: f(x)= 3000.0
differential_evolution step 40: f(x)= 3000.0
differential_evolution step 41: f(x)= 3000.0
differential_evolution step 42: f(x)= 3000.0
differential_evolution step 43: f(x)= 3000.0
differential_evolution step 44: f(x)= 3000.0
differential_evolution step 45: f(x)= 3000.0
differential_evolution step 46: f(x)= 3000.0
differential_evolution step 47: f(x)= 3000.0
differential_evolution step 48: f(x)= 3000.0
differential_evolution step 49: f(x)= 3000.0
differential_evolution step 50: f(x)= 3000.0
differential_evolution step 51: f(x)= 3000.0
differential_evolution step 52: f(x)= 3000.0
differential_evolution step 53: f(x)= 3000.0
differential_evolution step 54: f(x)= 3000.0
differential_evolution step 55: f(x)= 3000.0
differential_evolution step 56: f(x)= 3000.0
differential_evolution step 57: f(x)= 3000.0
differential_evolution step 58: f(x)= 3000.0
differential_evolution step 59: f(x)= 3000.0
differential_evolution step 60: f(x)= 3000.0
differential_evolution step 61: f(x)= 3000.0
differential_evolution step 62: f(x)= 3000.0
differential_evolution step 63: f(x)= 3000.0
differential_evolution step 64: f(x)= 3000.0
differential_evolution step 65: f(x)= 3000.0
differential_evolution step 66: f(x)= 3000.0
differential_evolution step 67: f(x)= 3000.0
differential_evolution step 68: f(x)= 3000.0
differential_evolution step 69: f(x)= 3000.0
differential_evolution step 70: f(x)= 3000.0
differential_evolution step 71: f(x)= 3000.0
differential_evolution step 72: f(x)= 3000.0
differential_evolution step 73: f(x)= 3000.0
differential_evolution step 74: f(x)= 3000.0
differential_evolution step 75: f(x)= 3000.0
differential_evolution step 76: f(x)= 3000.0
differential_evolution step 77: f(x)= 3000.0
differential_evolution step 78: f(x)= 3000.0
differential_evolution step 79: f(x)= 3000.0
differential_evolution step 80: f(x)= 3000.0
differential_evolution step 81: f(x)= 3000.0
differential_evolution step 82: f(x)= 3000.0
differential_evolution step 83: f(x)= 3000.0
differential_evolution step 84: f(x)= 3000.0
differential_evolution step 85: f(x)= 3000.0
differential_evolution step 86: f(x)= 3000.0
differential_evolution step 87: f(x)= 3000.0
differential_evolution step 88: f(x)= 3000.0
differential_evolution step 89: f(x)= 3000.0
differential_evolution step 90: f(x)= 3000.0
differential_evolution step 91: f(x)= 3000.0
differential_evolution step 92: f(x)= 3000.0
differential_evolution step 93: f(x)= 3000.0
differential_evolution step 94: f(x)= 3000.0
differential_evolution step 95: f(x)= 3000.0
differential_evolution step 96: f(x)= 3000.0
differential_evolution step 97: f(x)= 3000.0
differential_evolution step 98: f(x)= 3000.0
differential_evolution step 99: f(x)= 3000.0
differential_evolution step 100: f(x)= 3000.0
differential_evolution step 101: f(x)= 3000.0
differential_evolution step 102: f(x)= 3000.0
differential_evolution step 103: f(x)= 3000.0
differential_evolution step 104: f(x)= 3000.0
differential_evolution step 105: f(x)= 2357.7638601213575
differential_evolution step 106: f(x)= 2357.7638601213575
differential_evolution step 107: f(x)= 2357.7638601213575
differential_evolution step 108: f(x)= 2357.7638601213575
differential_evolution step 109: f(x)= 2357.7638601213575
differential_evolution step 110: f(x)= 2357.7638601213575
differential_evolution step 111: f(x)= 2357.7638601213575
differential_evolution step 112: f(x)= 2357.7638601213575
differential_evolution step 113: f(x)= 2357.7638601213575
differential_evolution step 114: f(x)= 2357.7638601213575
differential_evolution step 115: f(x)= 2357.7638601213575
differential_evolution step 116: f(x)= 2357.7638601213575
differential_evolution step 117: f(x)= 2357.7638601213575
differential_evolution step 118: f(x)= 2357.7638601213575
differential_evolution step 119: f(x)= 2357.7638601213575
differential_evolution step 120: f(x)= 2357.7638601213575
differential_evolution step 121: f(x)= 2357.7638601213575
differential_evolution step 122: f(x)= 2357.7638601213575
differential_evolution step 123: f(x)= 2357.7638601213575
differential_evolution step 124: f(x)= 2357.7638601213575
differential_evolution step 125: f(x)= 2357.7638601213575
differential_evolution step 126: f(x)= 2357.7638601213575
differential_evolution step 127: f(x)= 2357.7638601213575
differential_evolution step 128: f(x)= 2357.7638601213575
differential_evolution step 129: f(x)= 2357.7638601213575
differential_evolution step 130: f(x)= 2357.7638601213575
differential_evolution step 131: f(x)= 2357.7638601213575
differential_evolution step 132: f(x)= 2357.7638601213575
differential_evolution step 133: f(x)= 2357.7638601213575
differential_evolution step 134: f(x)= 2357.7638601213575
differential_evolution step 135: f(x)= 2357.7638601213575
differential_evolution step 136: f(x)= 2357.7638601213575
differential_evolution step 137: f(x)= 2357.7638601213575
differential_evolution step 138: f(x)= 2357.7638601213575
differential_evolution step 139: f(x)= 2357.7638601213575
differential_evolution step 140: f(x)= 2357.7638601213575
differential_evolution step 141: f(x)= 2357.7638601213575
differential_evolution step 142: f(x)= 2357.7638601213575
differential_evolution step 143: f(x)= 2357.7638601213575
differential_evolution step 144: f(x)= 2357.7638601213575
differential_evolution step 145: f(x)= 2357.7638601213575
differential_evolution step 146: f(x)= 2357.7638601213575
differential_evolution step 147: f(x)= 2357.7638601213575
differential_evolution step 148: f(x)= 2357.7638601213575
differential_evolution step 149: f(x)= 2357.7638601213575
differential_evolution step 150: f(x)= 2357.7638601213575
differential_evolution step 151: f(x)= 2357.7638601213575
differential_evolution step 152: f(x)= 2357.7638601213575
differential_evolution step 153: f(x)= 2357.7638601213575
differential_evolution step 154: f(x)= 2357.7638601213575
differential_evolution step 155: f(x)= 2357.7638601213575
differential_evolution step 156: f(x)= 2357.7638601213575
differential_evolution step 157: f(x)= 2357.7638601213575
differential_evolution step 158: f(x)= 2357.7638601213575
differential_evolution step 159: f(x)= 2357.7638601213575
differential_evolution step 160: f(x)= 2357.7638601213575
differential_evolution step 161: f(x)= 2357.7638601213575
differential_evolution step 162: f(x)= 2357.7638601213575
differential_evolution step 163: f(x)= 2357.7638601213575
differential_evolution step 164: f(x)= 2357.7638601213575
differential_evolution step 165: f(x)= 2357.7638601213575
differential_evolution step 166: f(x)= 2357.7638601213575
differential_evolution step 167: f(x)= 2357.7638601213575
differential_evolution step 168: f(x)= 2357.7638601213575
differential_evolution step 169: f(x)= 2357.7638601213575
differential_evolution step 170: f(x)= 2357.7638601213575
differential_evolution step 171: f(x)= 2357.7638601213575
differential_evolution step 172: f(x)= 2357.7638601213575
differential_evolution step 173: f(x)= 2357.7638601213575
differential_evolution step 174: f(x)= 2357.7638601213575
differential_evolution step 175: f(x)= 2357.7638601213575
differential_evolution step 176: f(x)= 2357.7638601213575
differential_evolution step 177: f(x)= 2357.7638601213575
differential_evolution step 178: f(x)= 2357.7638601213575
differential_evolution step 179: f(x)= 2357.7638601213575
differential_evolution step 180: f(x)= 2357.7638601213575
differential_evolution step 181: f(x)= 2357.7638601213575
differential_evolution step 182: f(x)= 2357.7638601213575
differential_evolution step 183: f(x)= 2357.7638601213575
differential_evolution step 184: f(x)= 2357.7638601213575
differential_evolution step 185: f(x)= 2357.7638601213575
differential_evolution step 186: f(x)= 2357.7638601213575
differential_evolution step 187: f(x)= 2357.7638601213575
differential_evolution step 188: f(x)= 2357.7638601213575
differential_evolution step 189: f(x)= 2357.7638601213575
differential_evolution step 190: f(x)= 2357.7638601213575
differential_evolution step 191: f(x)= 2357.7638601213575
differential_evolution step 192: f(x)= 2357.7638601213575
differential_evolution step 193: f(x)= 2357.7638601213575
differential_evolution step 194: f(x)= 2357.7638601213575
differential_evolution step 195: f(x)= 2357.7638601213575
differential_evolution step 196: f(x)= 2357.7638601213575
differential_evolution step 197: f(x)= 2357.7638601213575
differential_evolution step 198: f(x)= 2357.7638601213575
differential_evolution step 199: f(x)= 2357.7638601213575
differential_evolution step 200: f(x)= 2357.7638601213575
Cluster 3 DE best chi^2: 2357.764 with params {'x_src': np.float64(111.87745242383595), 'y_src': np.float64(119.51748139611692), 'z_s': np.float64(4.137052025113487)}
--- Running DE for Cluster 4 ---
[DE] Process Pool with 16 procs (init=latinhypercube, popsize=50)
differential_evolution step 1: f(x)= 3000.0
differential_evolution step 2: f(x)= 3000.0
differential_evolution step 3: f(x)= 3000.0
differential_evolution step 4: f(x)= 3000.0
differential_evolution step 5: f(x)= 3000.0
differential_evolution step 6: f(x)= 3000.0
differential_evolution step 7: f(x)= 1951.0344210360458
differential_evolution step 8: f(x)= 1951.0344210360458
differential_evolution step 9: f(x)= 1951.0344210360458
differential_evolution step 10: f(x)= 1951.0344210360458
differential_evolution step 11: f(x)= 1951.0344210360458
differential_evolution step 12: f(x)= 1079.8125738505255
differential_evolution step 13: f(x)= 1079.8125738505255
differential_evolution step 14: f(x)= 1079.8125738505255
differential_evolution step 15: f(x)= 1079.8125738505255
differential_evolution step 16: f(x)= 728.2234317185081
differential_evolution step 17: f(x)= 728.2234317185081
differential_evolution step 18: f(x)= 728.2234317185081
differential_evolution step 19: f(x)= 728.2234317185081
differential_evolution step 20: f(x)= 728.2234317185081
differential_evolution step 21: f(x)= 728.2234317185081
differential_evolution step 22: f(x)= 728.2234317185081
differential_evolution step 23: f(x)= 728.2234317185081
differential_evolution step 24: f(x)= 728.2234317185081
differential_evolution step 25: f(x)= 728.2234317185081
differential_evolution step 26: f(x)= 728.2234317185081
differential_evolution step 27: f(x)= 728.2234317185081
differential_evolution step 28: f(x)= 728.2234317185081
differential_evolution step 29: f(x)= 728.2234317185081
differential_evolution step 30: f(x)= 728.2234317185081
differential_evolution step 31: f(x)= 728.2234317185081
differential_evolution step 32: f(x)= 728.2234317185081
differential_evolution step 33: f(x)= 728.2234317185081
differential_evolution step 34: f(x)= 728.2234317185081
differential_evolution step 35: f(x)= 728.2234317185081
differential_evolution step 36: f(x)= 728.2234317185081
differential_evolution step 37: f(x)= 728.2234317185081
differential_evolution step 38: f(x)= 728.2234317185081
differential_evolution step 39: f(x)= 728.2234317185081
differential_evolution step 40: f(x)= 346.5543108470198
differential_evolution step 41: f(x)= 346.5543108470198
differential_evolution step 42: f(x)= 346.5543108470198
differential_evolution step 43: f(x)= 346.5543108470198
differential_evolution step 44: f(x)= 346.5543108470198
differential_evolution step 45: f(x)= 346.5543108470198
differential_evolution step 46: f(x)= 346.5543108470198
differential_evolution step 47: f(x)= 346.5543108470198
differential_evolution step 48: f(x)= 346.5543108470198
differential_evolution step 49: f(x)= 346.5543108470198
differential_evolution step 50: f(x)= 346.5543108470198
differential_evolution step 51: f(x)= 346.5543108470198
differential_evolution step 52: f(x)= 346.5543108470198
differential_evolution step 53: f(x)= 346.5543108470198
differential_evolution step 54: f(x)= 346.5543108470198
differential_evolution step 55: f(x)= 346.5543108470198
differential_evolution step 56: f(x)= 346.5543108470198
differential_evolution step 57: f(x)= 346.5543108470198
differential_evolution step 58: f(x)= 346.5543108470198
differential_evolution step 59: f(x)= 346.5543108470198
differential_evolution step 60: f(x)= 346.5543108470198
differential_evolution step 61: f(x)= 210.6597617964158
differential_evolution step 62: f(x)= 210.6597617964158
differential_evolution step 63: f(x)= 210.6597617964158
differential_evolution step 64: f(x)= 210.6597617964158
differential_evolution step 65: f(x)= 210.6597617964158
differential_evolution step 66: f(x)= 210.6597617964158
differential_evolution step 67: f(x)= 210.6597617964158
differential_evolution step 68: f(x)= 210.6597617964158
differential_evolution step 69: f(x)= 210.6597617964158
differential_evolution step 70: f(x)= 210.6597617964158
differential_evolution step 71: f(x)= 210.6597617964158
differential_evolution step 72: f(x)= 210.6597617964158
differential_evolution step 73: f(x)= 210.6597617964158
differential_evolution step 74: f(x)= 210.6597617964158
differential_evolution step 75: f(x)= 210.6597617964158
differential_evolution step 76: f(x)= 210.6597617964158
differential_evolution step 77: f(x)= 210.6597617964158
differential_evolution step 78: f(x)= 210.6597617964158
differential_evolution step 79: f(x)= 210.6597617964158
differential_evolution step 80: f(x)= 210.6597617964158
differential_evolution step 81: f(x)= 210.6597617964158
differential_evolution step 82: f(x)= 210.6597617964158
differential_evolution step 83: f(x)= 210.6597617964158
differential_evolution step 84: f(x)= 210.6597617964158
differential_evolution step 85: f(x)= 210.6597617964158
differential_evolution step 86: f(x)= 210.6597617964158
differential_evolution step 87: f(x)= 210.6597617964158
differential_evolution step 88: f(x)= 128.42724433136505
differential_evolution step 89: f(x)= 128.42724433136505
differential_evolution step 90: f(x)= 128.42724433136505
differential_evolution step 91: f(x)= 128.42724433136505
differential_evolution step 92: f(x)= 128.42724433136505
differential_evolution step 93: f(x)= 128.42724433136505
differential_evolution step 94: f(x)= 128.42724433136505
differential_evolution step 95: f(x)= 128.42724433136505
differential_evolution step 96: f(x)= 128.42724433136505
differential_evolution step 97: f(x)= 128.42724433136505
differential_evolution step 98: f(x)= 128.42724433136505
differential_evolution step 99: f(x)= 128.42724433136505
differential_evolution step 100: f(x)= 128.42724433136505
differential_evolution step 101: f(x)= 128.42724433136505
differential_evolution step 102: f(x)= 128.42724433136505
differential_evolution step 103: f(x)= 128.42724433136505
differential_evolution step 104: f(x)= 128.42724433136505
differential_evolution step 105: f(x)= 128.42724433136505
differential_evolution step 106: f(x)= 128.42724433136505
differential_evolution step 107: f(x)= 128.42724433136505
differential_evolution step 108: f(x)= 128.42724433136505
differential_evolution step 109: f(x)= 128.42724433136505
differential_evolution step 110: f(x)= 128.42724433136505
differential_evolution step 111: f(x)= 128.42724433136505
differential_evolution step 112: f(x)= 128.42724433136505
differential_evolution step 113: f(x)= 128.42724433136505
differential_evolution step 114: f(x)= 128.42724433136505
differential_evolution step 115: f(x)= 128.42724433136505
differential_evolution step 116: f(x)= 128.42724433136505
differential_evolution step 117: f(x)= 128.42724433136505
differential_evolution step 118: f(x)= 128.42724433136505
differential_evolution step 119: f(x)= 128.42724433136505
differential_evolution step 120: f(x)= 128.42724433136505
differential_evolution step 121: f(x)= 128.42724433136505
differential_evolution step 122: f(x)= 128.42724433136505
differential_evolution step 123: f(x)= 128.42724433136505
differential_evolution step 124: f(x)= 128.42724433136505
differential_evolution step 125: f(x)= 128.42724433136505
differential_evolution step 126: f(x)= 128.42724433136505
differential_evolution step 127: f(x)= 128.42724433136505
differential_evolution step 128: f(x)= 128.42724433136505
differential_evolution step 129: f(x)= 128.42724433136505
differential_evolution step 130: f(x)= 128.42724433136505
differential_evolution step 131: f(x)= 128.42724433136505
differential_evolution step 132: f(x)= 128.42724433136505
differential_evolution step 133: f(x)= 128.42724433136505
differential_evolution step 134: f(x)= 128.42724433136505
differential_evolution step 135: f(x)= 128.42724433136505
differential_evolution step 136: f(x)= 128.42724433136505
differential_evolution step 137: f(x)= 128.42724433136505
differential_evolution step 138: f(x)= 128.42724433136505
differential_evolution step 139: f(x)= 128.42724433136505
differential_evolution step 140: f(x)= 128.42724433136505
differential_evolution step 141: f(x)= 128.42724433136505
differential_evolution step 142: f(x)= 128.42724433136505
differential_evolution step 143: f(x)= 128.42724433136505
differential_evolution step 144: f(x)= 128.42724433136505
differential_evolution step 145: f(x)= 128.42724433136505
differential_evolution step 146: f(x)= 128.42724433136505
differential_evolution step 147: f(x)= 128.42724433136505
differential_evolution step 148: f(x)= 128.42724433136505
differential_evolution step 149: f(x)= 128.42724433136505
differential_evolution step 150: f(x)= 128.42724433136505
differential_evolution step 151: f(x)= 128.42724433136505
differential_evolution step 152: f(x)= 128.42724433136505
differential_evolution step 153: f(x)= 128.42724433136505
differential_evolution step 154: f(x)= 128.42724433136505
differential_evolution step 155: f(x)= 128.42724433136505
differential_evolution step 156: f(x)= 128.42724433136505
differential_evolution step 157: f(x)= 128.42724433136505
differential_evolution step 158: f(x)= 128.42724433136505
differential_evolution step 159: f(x)= 128.42724433136505
differential_evolution step 160: f(x)= 128.42724433136505
differential_evolution step 161: f(x)= 128.42724433136505
differential_evolution step 162: f(x)= 128.42724433136505
differential_evolution step 163: f(x)= 128.42724433136505
differential_evolution step 164: f(x)= 128.42724433136505
differential_evolution step 165: f(x)= 128.42724433136505
differential_evolution step 166: f(x)= 128.42724433136505
differential_evolution step 167: f(x)= 128.42724433136505
differential_evolution step 168: f(x)= 128.42724433136505
differential_evolution step 169: f(x)= 128.42724433136505
differential_evolution step 170: f(x)= 128.42724433136505
differential_evolution step 171: f(x)= 128.42724433136505
differential_evolution step 172: f(x)= 128.42724433136505
differential_evolution step 173: f(x)= 128.42724433136505
differential_evolution step 174: f(x)= 128.42724433136505
differential_evolution step 175: f(x)= 128.42724433136505
differential_evolution step 176: f(x)= 128.42724433136505
differential_evolution step 177: f(x)= 128.42724433136505
differential_evolution step 178: f(x)= 128.42724433136505
differential_evolution step 179: f(x)= 128.42724433136505
differential_evolution step 180: f(x)= 128.42724433136505
differential_evolution step 181: f(x)= 128.42724433136505
differential_evolution step 182: f(x)= 128.42724433136505
differential_evolution step 183: f(x)= 128.42724433136505
differential_evolution step 184: f(x)= 128.42724433136505
differential_evolution step 185: f(x)= 128.42724433136505
differential_evolution step 186: f(x)= 128.42724433136505
differential_evolution step 187: f(x)= 39.189953868676895
differential_evolution step 188: f(x)= 39.189953868676895
differential_evolution step 189: f(x)= 39.189953868676895
differential_evolution step 190: f(x)= 39.189953868676895
differential_evolution step 191: f(x)= 39.189953868676895
differential_evolution step 192: f(x)= 39.189953868676895
differential_evolution step 193: f(x)= 39.189953868676895
differential_evolution step 194: f(x)= 39.189953868676895
differential_evolution step 195: f(x)= 39.189953868676895
differential_evolution step 196: f(x)= 39.189953868676895
differential_evolution step 197: f(x)= 39.189953868676895
differential_evolution step 198: f(x)= 39.189953868676895
differential_evolution step 199: f(x)= 39.189953868676895
differential_evolution step 200: f(x)= 39.189953868676895
Cluster 4 DE best chi^2: 39.190 with params {'x_src': np.float64(241.94230478454128), 'y_src': np.float64(235.6759448133836), 'z_s': np.float64(1.9702649760953286)}
--- Running DE for Cluster 5 ---
[DE] Process Pool with 16 procs (init=latinhypercube, popsize=50)
differential_evolution step 1: f(x)= 4242.640687119286
differential_evolution step 2: f(x)= 4242.640687119286
differential_evolution step 3: f(x)= 4242.640687119286
differential_evolution step 4: f(x)= 4242.640687119286
differential_evolution step 5: f(x)= 3000.0
differential_evolution step 6: f(x)= 3000.0
differential_evolution step 7: f(x)= 3000.0
differential_evolution step 8: f(x)= 3000.0
differential_evolution step 9: f(x)= 3000.0
differential_evolution step 10: f(x)= 3000.0
differential_evolution step 11: f(x)= 3000.0
differential_evolution step 12: f(x)= 3000.0
differential_evolution step 13: f(x)= 3000.0
differential_evolution step 14: f(x)= 3000.0
differential_evolution step 15: f(x)= 3000.0
differential_evolution step 16: f(x)= 3000.0
differential_evolution step 17: f(x)= 3000.0
differential_evolution step 18: f(x)= 3000.0
differential_evolution step 19: f(x)= 3000.0
differential_evolution step 20: f(x)= 3000.0
differential_evolution step 21: f(x)= 3000.0
differential_evolution step 22: f(x)= 3000.0
differential_evolution step 23: f(x)= 632.7659722965434
differential_evolution step 24: f(x)= 632.7659722965434
differential_evolution step 25: f(x)= 632.7659722965434
differential_evolution step 26: f(x)= 632.7659722965434
differential_evolution step 27: f(x)= 632.7659722965434
differential_evolution step 28: f(x)= 632.7659722965434
differential_evolution step 29: f(x)= 632.7659722965434
differential_evolution step 30: f(x)= 632.7659722965434
differential_evolution step 31: f(x)= 187.2263270298069
differential_evolution step 32: f(x)= 187.2263270298069
differential_evolution step 33: f(x)= 117.99316903386358
differential_evolution step 34: f(x)= 117.99316903386358
differential_evolution step 35: f(x)= 117.99316903386358
differential_evolution step 36: f(x)= 117.99316903386358
differential_evolution step 37: f(x)= 117.99316903386358
differential_evolution step 38: f(x)= 117.99316903386358
differential_evolution step 39: f(x)= 117.99316903386358
differential_evolution step 40: f(x)= 117.99316903386358
differential_evolution step 41: f(x)= 117.99316903386358
differential_evolution step 42: f(x)= 117.99316903386358
differential_evolution step 43: f(x)= 117.99316903386358
differential_evolution step 44: f(x)= 117.99316903386358
differential_evolution step 45: f(x)= 117.99316903386358
differential_evolution step 46: f(x)= 117.99316903386358
differential_evolution step 47: f(x)= 117.99316903386358
differential_evolution step 48: f(x)= 117.99316903386358
differential_evolution step 49: f(x)= 117.99316903386358
differential_evolution step 50: f(x)= 117.99316903386358
differential_evolution step 51: f(x)= 117.99316903386358
differential_evolution step 52: f(x)= 117.99316903386358
differential_evolution step 53: f(x)= 117.99316903386358
differential_evolution step 54: f(x)= 117.99316903386358
differential_evolution step 55: f(x)= 117.99316903386358
differential_evolution step 56: f(x)= 117.99316903386358
differential_evolution step 57: f(x)= 117.99316903386358
differential_evolution step 58: f(x)= 117.99316903386358
differential_evolution step 59: f(x)= 117.99316903386358
differential_evolution step 60: f(x)= 117.99316903386358
differential_evolution step 61: f(x)= 117.99316903386358
differential_evolution step 62: f(x)= 117.99316903386358
differential_evolution step 63: f(x)= 117.99316903386358
differential_evolution step 64: f(x)= 117.99316903386358
differential_evolution step 65: f(x)= 117.99316903386358
differential_evolution step 66: f(x)= 117.99316903386358
differential_evolution step 67: f(x)= 52.827072430568776
differential_evolution step 68: f(x)= 52.827072430568776
differential_evolution step 69: f(x)= 52.827072430568776
differential_evolution step 70: f(x)= 52.827072430568776
differential_evolution step 71: f(x)= 52.827072430568776
differential_evolution step 72: f(x)= 52.827072430568776
differential_evolution step 73: f(x)= 52.827072430568776
differential_evolution step 74: f(x)= 52.827072430568776
differential_evolution step 75: f(x)= 52.827072430568776
differential_evolution step 76: f(x)= 52.827072430568776
differential_evolution step 77: f(x)= 37.29487121626979
differential_evolution step 78: f(x)= 37.29487121626979
differential_evolution step 79: f(x)= 37.29487121626979
differential_evolution step 80: f(x)= 37.29487121626979
differential_evolution step 81: f(x)= 37.29487121626979
differential_evolution step 82: f(x)= 37.29487121626979
differential_evolution step 83: f(x)= 37.29487121626979
differential_evolution step 84: f(x)= 37.29487121626979
differential_evolution step 85: f(x)= 37.058269133614765
differential_evolution step 86: f(x)= 37.058269133614765
differential_evolution step 87: f(x)= 37.058269133614765
differential_evolution step 88: f(x)= 37.058269133614765
differential_evolution step 89: f(x)= 37.058269133614765
differential_evolution step 90: f(x)= 37.058269133614765
differential_evolution step 91: f(x)= 37.058269133614765
differential_evolution step 92: f(x)= 37.058269133614765
differential_evolution step 93: f(x)= 37.058269133614765
differential_evolution step 94: f(x)= 37.058269133614765
differential_evolution step 95: f(x)= 37.058269133614765
differential_evolution step 96: f(x)= 37.058269133614765
differential_evolution step 97: f(x)= 37.058269133614765
differential_evolution step 98: f(x)= 37.058269133614765
differential_evolution step 99: f(x)= 37.058269133614765
differential_evolution step 100: f(x)= 37.058269133614765
differential_evolution step 101: f(x)= 23.10551622305774
differential_evolution step 102: f(x)= 23.10551622305774
differential_evolution step 103: f(x)= 23.10551622305774
differential_evolution step 104: f(x)= 23.10551622305774
differential_evolution step 105: f(x)= 23.10551622305774
differential_evolution step 106: f(x)= 23.10551622305774
differential_evolution step 107: f(x)= 23.10551622305774
differential_evolution step 108: f(x)= 19.068467476135556
differential_evolution step 109: f(x)= 19.068467476135556
differential_evolution step 110: f(x)= 19.068467476135556
differential_evolution step 111: f(x)= 19.068467476135556
differential_evolution step 112: f(x)= 19.068467476135556
differential_evolution step 113: f(x)= 19.068467476135556
differential_evolution step 114: f(x)= 19.068467476135556
differential_evolution step 115: f(x)= 19.068467476135556
differential_evolution step 116: f(x)= 19.068467476135556
differential_evolution step 117: f(x)= 19.068467476135556
differential_evolution step 118: f(x)= 19.068467476135556
differential_evolution step 119: f(x)= 19.068467476135556
differential_evolution step 120: f(x)= 19.068467476135556
differential_evolution step 121: f(x)= 19.068467476135556
differential_evolution step 122: f(x)= 19.068467476135556
differential_evolution step 123: f(x)= 19.068467476135556
differential_evolution step 124: f(x)= 19.068467476135556
differential_evolution step 125: f(x)= 19.068467476135556
differential_evolution step 126: f(x)= 19.068467476135556
differential_evolution step 127: f(x)= 19.068467476135556
differential_evolution step 128: f(x)= 19.068467476135556
differential_evolution step 129: f(x)= 19.068467476135556
differential_evolution step 130: f(x)= 19.068467476135556
differential_evolution step 131: f(x)= 19.068467476135556
differential_evolution step 132: f(x)= 19.068467476135556
differential_evolution step 133: f(x)= 19.068467476135556
differential_evolution step 134: f(x)= 19.068467476135556
differential_evolution step 135: f(x)= 19.068467476135556
differential_evolution step 136: f(x)= 19.068467476135556
differential_evolution step 137: f(x)= 19.068467476135556
differential_evolution step 138: f(x)= 19.068467476135556
differential_evolution step 139: f(x)= 19.068467476135556
differential_evolution step 140: f(x)= 19.068467476135556
differential_evolution step 141: f(x)= 19.068467476135556
differential_evolution step 142: f(x)= 19.068467476135556
differential_evolution step 143: f(x)= 18.701726718513626
differential_evolution step 144: f(x)= 18.701726718513626
differential_evolution step 145: f(x)= 18.701726718513626
differential_evolution step 146: f(x)= 18.701726718513626
differential_evolution step 147: f(x)= 18.701726718513626
differential_evolution step 148: f(x)= 18.701726718513626
differential_evolution step 149: f(x)= 18.701726718513626
differential_evolution step 150: f(x)= 18.701726718513626
differential_evolution step 151: f(x)= 18.494664891924945
differential_evolution step 152: f(x)= 18.494664891924945
differential_evolution step 153: f(x)= 18.494664891924945
differential_evolution step 154: f(x)= 18.330519898610298
differential_evolution step 155: f(x)= 18.330519898610298
differential_evolution step 156: f(x)= 18.330519898610298
differential_evolution step 157: f(x)= 18.330519898610298
differential_evolution step 158: f(x)= 18.330519898610298
differential_evolution step 159: f(x)= 18.330519898610298
differential_evolution step 160: f(x)= 18.330519898610298
differential_evolution step 161: f(x)= 18.330519898610298
differential_evolution step 162: f(x)= 18.330519898610298
differential_evolution step 163: f(x)= 18.241023536236714
differential_evolution step 164: f(x)= 18.241023536236714
differential_evolution step 165: f(x)= 18.241023536236714
differential_evolution step 166: f(x)= 18.241023536236714
differential_evolution step 167: f(x)= 18.241023536236714
differential_evolution step 168: f(x)= 18.241023536236714
differential_evolution step 169: f(x)= 17.838436653889634
differential_evolution step 170: f(x)= 17.838436653889634
differential_evolution step 171: f(x)= 17.838436653889634
differential_evolution step 172: f(x)= 17.834886957293516
differential_evolution step 173: f(x)= 17.834886957293516
differential_evolution step 174: f(x)= 17.834886957293516
differential_evolution step 175: f(x)= 17.640791934449013
differential_evolution step 176: f(x)= 17.640791934449013
differential_evolution step 177: f(x)= 17.440053707951236
differential_evolution step 178: f(x)= 17.440053707951236
differential_evolution step 179: f(x)= 17.440053707951236
differential_evolution step 180: f(x)= 17.440053707951236
differential_evolution step 181: f(x)= 17.440053707951236
differential_evolution step 182: f(x)= 17.440053707951236
differential_evolution step 183: f(x)= 17.440053707951236
differential_evolution step 184: f(x)= 17.440053707951236
differential_evolution step 185: f(x)= 17.440053707951236
differential_evolution step 186: f(x)= 17.440053707951236
differential_evolution step 187: f(x)= 17.440053707951236
differential_evolution step 188: f(x)= 17.440053707951236
differential_evolution step 189: f(x)= 17.440053707951236
differential_evolution step 190: f(x)= 17.440053707951236
differential_evolution step 191: f(x)= 17.440053707951236
differential_evolution step 192: f(x)= 17.440053707951236
differential_evolution step 193: f(x)= 17.440053707951236
differential_evolution step 194: f(x)= 17.440053707951236
differential_evolution step 195: f(x)= 17.440053707951236
differential_evolution step 196: f(x)= 17.440053707951236
differential_evolution step 197: f(x)= 17.440053707951236
differential_evolution step 198: f(x)= 17.440053707951236
differential_evolution step 199: f(x)= 17.440053707951236
differential_evolution step 200: f(x)= 17.440053707951236
Cluster 5 DE best chi^2: 17.440 with params {'x_src': np.float64(146.16045601223723), 'y_src': np.float64(149.19043550046618), 'z_s': np.float64(3.5891869179492195)}

--- DE Optimization Summary ---
Best fit found for Cluster 2 with chi^2 = 0.024
Best-fit parameters: {'x_src': np.float64(95.01764629432004), 'y_src': np.float64(95.89844058431476), 'z_s': np.float64(2.3606073606893103)}

--- Running MCMC for Cluster 2 (chi_sq=0.024) ---
[MCMC] Process Pool with 16 procs
  0%|          | 0/20000 [00:00<?, ?it/s]  0%|          | 68/20000 [01:40<8:10:41,  1.48s/it]  0%|          | 82/20000 [02:00<8:10:21,  1.48s/it]  1%|          | 135/20000 [03:21<8:15:42,  1.50s/it]  1%|          | 147/20000 [03:40<8:15:24,  1.50s/it]  1%|          | 202/20000 [05:01<8:13:46,  1.50s/it]  1%|          | 212/20000 [05:20<8:13:31,  1.50s/it]  1%|         | 266/20000 [06:43<8:22:41,  1.53s/it]  1%|         | 277/20000 [07:00<8:22:24,  1.53s/it]  2%|         | 336/20000 [08:24<8:11:21,  1.50s/it]  2%|         | 346/20000 [08:40<8:11:06,  1.50s/it]  2%|         | 404/20000 [10:05<8:07:46,  1.49s/it]  2%|         | 414/20000 [10:20<8:07:31,  1.49s/it]  2%|         | 476/20000 [11:45<7:54:57,  1.46s/it]  2%|         | 486/20000 [12:00<7:54:42,  1.46s/it]  3%|         | 550/20000 [13:26<7:42:20,  1.43s/it]  3%|         | 560/20000 [13:40<7:42:06,  1.43s/it]  3%|         | 623/20000 [15:06<7:34:50,  1.41s/it]  3%|         | 632/20000 [15:20<7:34:37,  1.41s/it]  3%|         | 696/20000 [16:47<7:31:27,  1.40s/it]  4%|         | 704/20000 [17:00<7:31:16,  1.40s/it]  4%|         | 770/20000 [18:28<7:25:39,  1.39s/it]  4%|         | 777/20000 [18:40<7:25:29,  1.39s/it]  4%|         | 838/20000 [20:09<7:31:46,  1.41s/it]  4%|         | 845/20000 [20:20<7:31:36,  1.41s/it]  5%|         | 907/20000 [21:49<7:34:27,  1.43s/it]  5%|         | 914/20000 [22:00<7:34:17,  1.43s/it]  5%|         | 976/20000 [23:30<7:36:15,  1.44s/it]  5%|         | 990/20000 [23:50<7:35:55,  1.44s/it]  5%|         | 1050/20000 [25:12<7:27:32,  1.42s/it]  5%|         | 1062/20000 [25:30<7:27:15,  1.42s/it]  6%|         | 1126/20000 [26:52<7:15:51,  1.39s/it]  6%|         | 1139/20000 [27:10<7:15:33,  1.39s/it]  6%|         | 1201/20000 [28:32<7:09:08,  1.37s/it]  6%|         | 1213/20000 [28:50<7:08:52,  1.37s/it]  6%|         | 1277/20000 [30:12<7:02:28,  1.35s/it]  6%|         | 1289/20000 [30:30<7:02:12,  1.35s/it]  7%|         | 1353/20000 [31:53<6:58:03,  1.35s/it]  7%|         | 1365/20000 [32:10<6:57:47,  1.35s/it]  7%|         | 1428/20000 [33:33<6:55:47,  1.34s/it]  7%|         | 1440/20000 [33:50<6:55:31,  1.34s/it]  8%|         | 1502/20000 [35:13<6:55:13,  1.35s/it]  8%|         | 1513/20000 [35:30<6:54:58,  1.35s/it]  8%|         | 1580/20000 [36:54<6:48:28,  1.33s/it]  8%|         | 1591/20000 [37:10<6:48:13,  1.33s/it]  8%|         | 1656/20000 [38:36<6:47:05,  1.33s/it]  8%|         | 1667/20000 [38:50<6:46:50,  1.33s/it]  9%|         | 1732/20000 [40:16<6:44:47,  1.33s/it]  9%|         | 1741/20000 [40:30<6:44:35,  1.33s/it]  9%|         | 1808/20000 [41:57<6:42:52,  1.33s/it]  9%|         | 1816/20000 [42:10<6:42:41,  1.33s/it]  9%|         | 1884/20000 [43:37<6:40:15,  1.33s/it]  9%|         | 1892/20000 [43:50<6:40:04,  1.33s/it] 10%|         | 1960/20000 [45:18<6:38:06,  1.32s/it] 10%|         | 1968/20000 [45:30<6:37:56,  1.32s/it] 10%|         | 2035/20000 [46:58<6:37:56,  1.33s/it] 10%|         | 2042/20000 [47:10<6:37:46,  1.33s/it] 11%|         | 2112/20000 [48:40<6:34:55,  1.32s/it] 11%|         | 2126/20000 [49:00<6:34:37,  1.32s/it] 11%|         | 2187/20000 [50:20<6:35:04,  1.33s/it] 11%|         | 2201/20000 [50:40<6:34:45,  1.33s/it] 11%|        | 2262/20000 [52:02<6:35:21,  1.34s/it] 11%|        | 2275/20000 [52:20<6:35:03,  1.34s/it] 12%|        | 2334/20000 [53:43<6:39:09,  1.36s/it] 12%|        | 2346/20000 [54:00<6:38:52,  1.36s/it] 12%|        | 2409/20000 [55:23<6:35:33,  1.35s/it] 12%|        | 2420/20000 [55:40<6:35:18,  1.35s/it] 12%|        | 2484/20000 [57:03<6:32:29,  1.34s/it] 12%|        | 2496/20000 [57:20<6:32:13,  1.34s/it] 13%|        | 2562/20000 [58:44<6:26:33,  1.33s/it] 13%|        | 2572/20000 [59:00<6:26:20,  1.33s/it] 13%|        | 2637/20000 [1:00:25<6:25:56,  1.33s/it] 13%|        | 2647/20000 [1:00:40<6:25:43,  1.33s/it] 14%|        | 2709/20000 [1:02:05<6:29:22,  1.35s/it] 14%|        | 2719/20000 [1:02:20<6:29:09,  1.35s/it] 14%|        | 2784/20000 [1:03:46<6:27:05,  1.35s/it] 14%|        | 2794/20000 [1:04:00<6:26:52,  1.35s/it] 14%|        | 2856/20000 [1:05:27<6:30:22,  1.37s/it] 14%|        | 2864/20000 [1:05:40<6:30:11,  1.37s/it] 15%|        | 2931/20000 [1:07:08<6:26:38,  1.36s/it] 15%|        | 2938/20000 [1:07:20<6:26:28,  1.36s/it] 15%|        | 3002/20000 [1:08:48<6:29:40,  1.38s/it] 15%|        | 3008/20000 [1:09:00<6:29:32,  1.38s/it] 15%|        | 3071/20000 [1:10:29<6:34:16,  1.40s/it] 15%|        | 3078/20000 [1:10:40<6:34:06,  1.40s/it] 16%|        | 3143/20000 [1:12:10<6:32:59,  1.40s/it] 16%|        | 3157/20000 [1:12:30<6:32:40,  1.40s/it] 16%|        | 3216/20000 [1:13:50<6:28:54,  1.39s/it] 16%|        | 3231/20000 [1:14:10<6:28:33,  1.39s/it] 16%|        | 3291/20000 [1:15:30<6:22:43,  1.37s/it] 17%|        | 3305/20000 [1:15:50<6:22:24,  1.37s/it] 17%|        | 3365/20000 [1:17:10<6:19:12,  1.37s/it] 17%|        | 3380/20000 [1:17:30<6:18:52,  1.37s/it] 17%|        | 3440/20000 [1:18:51<6:15:04,  1.36s/it] 17%|        | 3454/20000 [1:19:10<6:14:45,  1.36s/it] 18%|        | 3511/20000 [1:20:31<6:17:29,  1.37s/it] 18%|        | 3525/20000 [1:20:50<6:17:10,  1.37s/it] 18%|        | 3581/20000 [1:22:11<6:21:01,  1.39s/it] 18%|        | 3594/20000 [1:22:30<6:20:43,  1.39s/it] 18%|        | 3654/20000 [1:23:52<6:17:44,  1.39s/it] 18%|        | 3668/20000 [1:24:10<6:17:25,  1.39s/it] 19%|        | 3727/20000 [1:25:32<6:15:08,  1.38s/it] 19%|        | 3741/20000 [1:25:50<6:14:48,  1.38s/it] 19%|        | 3800/20000 [1:27:13<6:13:27,  1.38s/it] 19%|        | 3810/20000 [1:27:30<6:13:13,  1.38s/it] 19%|        | 3865/20000 [1:28:54<6:24:40,  1.43s/it] 19%|        | 3874/20000 [1:29:10<6:24:28,  1.43s/it] 20%|        | 3934/20000 [1:30:35<6:25:16,  1.44s/it] 20%|        | 3944/20000 [1:30:50<6:25:02,  1.44s/it] 20%|        | 4011/20000 [1:32:16<6:13:27,  1.40s/it] 20%|        | 4019/20000 [1:32:30<6:13:16,  1.40s/it] 20%|        | 4079/20000 [1:33:57<6:17:51,  1.42s/it] 20%|        | 4086/20000 [1:34:10<6:17:42,  1.42s/it] 21%|        | 4140/20000 [1:35:38<6:33:12,  1.49s/it] 21%|        | 4147/20000 [1:35:50<6:33:02,  1.49s/it] 21%|        | 4203/20000 [1:37:19<6:40:04,  1.52s/it] 21%|        | 4209/20000 [1:37:30<6:39:54,  1.52s/it] 21%|       | 4263/20000 [1:39:00<6:50:51,  1.57s/it] 21%|       | 4273/20000 [1:39:20<6:50:35,  1.57s/it] 22%|       | 4324/20000 [1:40:41<6:56:08,  1.59s/it] 22%|       | 4335/20000 [1:41:00<6:55:50,  1.59s/it] 22%|       | 4396/20000 [1:42:23<6:38:48,  1.53s/it] 22%|       | 4405/20000 [1:42:40<6:38:34,  1.53s/it] 22%|       | 4459/20000 [1:44:04<6:42:39,  1.55s/it] 22%|       | 4468/20000 [1:44:20<6:42:25,  1.55s/it] 23%|       | 4525/20000 [1:45:45<6:38:22,  1.54s/it] 23%|       | 4535/20000 [1:46:00<6:38:06,  1.54s/it] 23%|       | 4590/20000 [1:47:25<6:36:29,  1.54s/it] 23%|       | 4598/20000 [1:47:40<6:36:17,  1.54s/it] 23%|       | 4656/20000 [1:49:06<6:33:35,  1.54s/it] 23%|       | 4666/20000 [1:49:20<6:33:19,  1.54s/it] 24%|       | 4720/20000 [1:50:47<6:35:11,  1.55s/it] 24%|       | 4727/20000 [1:51:00<6:35:00,  1.55s/it] 24%|       | 4788/20000 [1:52:28<6:28:07,  1.53s/it] 24%|       | 4795/20000 [1:52:40<6:27:56,  1.53s/it] 24%|       | 4854/20000 [1:54:09<6:26:07,  1.53s/it] 24%|       | 4859/20000 [1:54:20<6:25:59,  1.53s/it] 25%|       | 4922/20000 [1:55:49<6:19:54,  1.51s/it] 25%|       | 4929/20000 [1:56:00<6:19:43,  1.51s/it] 25%|       | 4991/20000 [1:57:30<6:14:32,  1.50s/it] 25%|       | 5004/20000 [1:57:50<6:14:13,  1.50s/it] 25%|       | 5062/20000 [1:59:10<6:06:26,  1.47s/it] 25%|       | 5075/20000 [1:59:30<6:06:07,  1.47s/it] 26%|       | 5127/20000 [2:00:51<6:10:45,  1.50s/it] 26%|       | 5141/20000 [2:01:10<6:10:24,  1.50s/it] 26%|       | 5203/20000 [2:02:32<5:55:02,  1.44s/it] 26%|       | 5213/20000 [2:02:50<5:54:47,  1.44s/it] 26%|       | 5277/20000 [2:04:13<5:47:20,  1.42s/it] 26%|       | 5289/20000 [2:04:30<5:47:03,  1.42s/it] 27%|       | 5349/20000 [2:05:53<5:44:21,  1.41s/it] 27%|       | 5361/20000 [2:06:10<5:44:04,  1.41s/it] 27%|       | 5417/20000 [2:07:34<5:47:42,  1.43s/it] 27%|       | 5428/20000 [2:07:50<5:47:26,  1.43s/it] 27%|       | 5489/20000 [2:09:15<5:43:50,  1.42s/it] 27%|       | 5499/20000 [2:09:30<5:43:35,  1.42s/it] 28%|       | 5564/20000 [2:10:55<5:35:42,  1.40s/it] 28%|       | 5575/20000 [2:11:10<5:35:26,  1.40s/it] 28%|       | 5640/20000 [2:12:36<5:28:17,  1.37s/it] 28%|       | 5649/20000 [2:12:50<5:28:05,  1.37s/it] 29%|       | 5707/20000 [2:14:16<5:35:01,  1.41s/it] 29%|       | 5716/20000 [2:14:30<5:34:49,  1.41s/it] 29%|       | 5777/20000 [2:15:56<5:35:36,  1.42s/it] 29%|       | 5786/20000 [2:16:10<5:35:23,  1.42s/it] 29%|       | 5850/20000 [2:17:37<5:31:19,  1.40s/it] 29%|       | 5857/20000 [2:17:50<5:31:10,  1.40s/it] 30%|       | 5918/20000 [2:19:18<5:35:09,  1.43s/it] 30%|       | 5925/20000 [2:19:30<5:34:59,  1.43s/it] 30%|       | 5982/20000 [2:20:59<5:43:18,  1.47s/it] 30%|       | 5990/20000 [2:21:10<5:43:06,  1.47s/it] 30%|       | 6052/20000 [2:22:39<5:39:11,  1.46s/it] 30%|       | 6058/20000 [2:22:50<5:39:02,  1.46s/it] 31%|       | 6126/20000 [2:24:20<5:30:00,  1.43s/it] 31%|       | 6139/20000 [2:24:40<5:29:42,  1.43s/it] 31%|       | 6197/20000 [2:26:00<5:27:18,  1.42s/it] 31%|       | 6210/20000 [2:26:20<5:27:00,  1.42s/it] 31%|      | 6264/20000 [2:27:40<5:30:38,  1.44s/it] 31%|      | 6276/20000 [2:28:00<5:30:21,  1.44s/it] 32%|      | 6336/20000 [2:29:21<5:25:29,  1.43s/it] 32%|      | 6348/20000 [2:29:40<5:25:12,  1.43s/it] 32%|      | 6405/20000 [2:31:02<5:26:38,  1.44s/it] 32%|      | 6414/20000 [2:31:20<5:26:25,  1.44s/it] 32%|      | 6472/20000 [2:32:44<5:29:28,  1.46s/it] 32%|      | 6484/20000 [2:33:00<5:29:10,  1.46s/it] 33%|      | 6542/20000 [2:34:24<5:26:21,  1.46s/it] 33%|      | 6553/20000 [2:34:40<5:26:05,  1.46s/it] 33%|      | 6611/20000 [2:36:06<5:25:26,  1.46s/it] 33%|      | 6621/20000 [2:36:20<5:25:11,  1.46s/it] 33%|      | 6681/20000 [2:37:47<5:23:02,  1.46s/it] 33%|      | 6689/20000 [2:38:00<5:22:50,  1.46s/it] 34%|      | 6753/20000 [2:39:28<5:17:56,  1.44s/it] 34%|      | 6761/20000 [2:39:40<5:17:45,  1.44s/it] 34%|      | 6826/20000 [2:41:10<5:12:42,  1.42s/it] 34%|      | 6832/20000 [2:41:20<5:12:34,  1.42s/it] 34%|      | 6892/20000 [2:42:51<5:18:02,  1.46s/it] 35%|      | 6905/20000 [2:43:10<5:17:43,  1.46s/it] 35%|      | 6958/20000 [2:44:32<5:20:48,  1.48s/it] 35%|      | 6969/20000 [2:44:50<5:20:32,  1.48s/it] 35%|      | 7022/20000 [2:46:13<5:26:00,  1.51s/it] 35%|      | 7033/20000 [2:46:30<5:25:44,  1.51s/it] 35%|      | 7090/20000 [2:47:54<5:22:29,  1.50s/it] 36%|      | 7100/20000 [2:48:10<5:22:14,  1.50s/it] 36%|      | 7157/20000 [2:49:35<5:21:49,  1.50s/it] 36%|      | 7166/20000 [2:49:50<5:21:36,  1.50s/it] 36%|      | 7226/20000 [2:51:15<5:16:54,  1.49s/it] 36%|      | 7236/20000 [2:51:30<5:16:39,  1.49s/it] 36%|      | 7297/20000 [2:52:57<5:11:24,  1.47s/it] 37%|      | 7304/20000 [2:53:10<5:11:14,  1.47s/it] 37%|      | 7358/20000 [2:54:38<5:20:19,  1.52s/it] 37%|      | 7365/20000 [2:54:50<5:20:08,  1.52s/it] 37%|      | 7423/20000 [2:56:19<5:20:39,  1.53s/it] 37%|      | 7431/20000 [2:56:30<5:20:27,  1.53s/it] 37%|      | 7487/20000 [2:58:00<5:21:53,  1.54s/it] 37%|      | 7492/20000 [2:58:10<5:21:46,  1.54s/it] 38%|      | 7552/20000 [2:59:40<5:20:16,  1.54s/it] 38%|      | 7563/20000 [3:00:00<5:19:59,  1.54s/it] 38%|      | 7614/20000 [3:01:20<5:22:54,  1.56s/it] 38%|      | 7626/20000 [3:01:40<5:22:36,  1.56s/it] 38%|      | 7679/20000 [3:03:01<5:20:07,  1.56s/it] 38%|      | 7692/20000 [3:03:20<5:19:47,  1.56s/it] 39%|      | 7744/20000 [3:04:41<5:17:29,  1.55s/it] 39%|      | 7756/20000 [3:05:00<5:17:10,  1.55s/it] 39%|      | 7808/20000 [3:06:21<5:16:39,  1.56s/it] 39%|      | 7818/20000 [3:06:40<5:16:23,  1.56s/it] 39%|      | 7870/20000 [3:08:03<5:19:32,  1.58s/it] 39%|      | 7880/20000 [3:08:20<5:19:16,  1.58s/it] 40%|      | 7936/20000 [3:09:43<5:14:15,  1.56s/it] 40%|      | 7947/20000 [3:10:00<5:13:58,  1.56s/it] 40%|      | 8001/20000 [3:11:23<5:11:24,  1.56s/it] 40%|      | 8010/20000 [3:11:40<5:11:10,  1.56s/it] 40%|      | 8066/20000 [3:13:04<5:09:31,  1.56s/it] 40%|      | 8075/20000 [3:13:20<5:09:17,  1.56s/it] 41%|      | 8134/20000 [3:14:46<5:03:49,  1.54s/it] 41%|      | 8143/20000 [3:15:00<5:03:35,  1.54s/it] 41%|      | 8199/20000 [3:16:27<5:03:40,  1.54s/it] 41%|      | 8207/20000 [3:16:40<5:03:27,  1.54s/it] 41%|     | 8268/20000 [3:18:08<4:56:29,  1.52s/it] 41%|     | 8275/20000 [3:18:20<4:56:19,  1.52s/it] 42%|     | 8334/20000 [3:19:48<4:54:59,  1.52s/it] 42%|     | 8341/20000 [3:20:00<4:54:48,  1.52s/it] 42%|     | 8396/20000 [3:21:28<4:58:59,  1.55s/it] 42%|     | 8403/20000 [3:21:40<4:58:48,  1.55s/it] 42%|     | 8465/20000 [3:23:10<4:52:20,  1.52s/it] 42%|     | 8471/20000 [3:23:20<4:52:11,  1.52s/it] 43%|     | 8530/20000 [3:24:51<4:53:05,  1.53s/it] 43%|     | 8540/20000 [3:25:10<4:52:50,  1.53s/it] 43%|     | 8592/20000 [3:26:32<4:56:34,  1.56s/it] 43%|     | 8602/20000 [3:26:50<4:56:18,  1.56s/it] 43%|     | 8658/20000 [3:28:13<4:53:09,  1.55s/it] 43%|     | 8670/20000 [3:28:30<4:52:50,  1.55s/it] 44%|     | 8730/20000 [3:29:53<4:41:52,  1.50s/it] 44%|     | 8739/20000 [3:30:10<4:41:38,  1.50s/it] 44%|     | 8800/20000 [3:31:34<4:36:30,  1.48s/it] 44%|     | 8809/20000 [3:31:50<4:36:17,  1.48s/it] 44%|     | 8868/20000 [3:33:14<4:34:25,  1.48s/it] 44%|     | 8880/20000 [3:33:30<4:34:07,  1.48s/it] 45%|     | 8938/20000 [3:34:56<4:31:02,  1.47s/it] 45%|     | 8948/20000 [3:35:10<4:30:47,  1.47s/it] 45%|     | 9006/20000 [3:36:37<4:30:09,  1.47s/it] 45%|     | 9014/20000 [3:36:50<4:29:57,  1.47s/it] 45%|     | 9071/20000 [3:38:17<4:32:03,  1.49s/it] 45%|     | 9080/20000 [3:38:30<4:31:49,  1.49s/it] 46%|     | 9134/20000 [3:39:57<4:35:36,  1.52s/it] 46%|     | 9142/20000 [3:40:10<4:35:24,  1.52s/it] 46%|     | 9200/20000 [3:41:38<4:34:41,  1.53s/it] 46%|     | 9209/20000 [3:41:50<4:34:27,  1.53s/it] 46%|     | 9270/20000 [3:43:20<4:28:29,  1.50s/it] 46%|     | 9277/20000 [3:43:30<4:28:19,  1.50s/it] 47%|     | 9345/20000 [3:45:01<4:17:43,  1.45s/it] 47%|     | 9359/20000 [3:45:20<4:17:23,  1.45s/it] 47%|     | 9418/20000 [3:46:41<4:11:31,  1.43s/it] 47%|     | 9431/20000 [3:47:00<4:11:13,  1.43s/it] 47%|     | 9493/20000 [3:48:21<4:04:55,  1.40s/it] 48%|     | 9505/20000 [3:48:40<4:04:38,  1.40s/it] 48%|     | 9565/20000 [3:50:01<4:02:55,  1.40s/it] 48%|     | 9577/20000 [3:50:20<4:02:38,  1.40s/it] 48%|     | 9639/20000 [3:51:42<3:59:24,  1.39s/it] 48%|     | 9651/20000 [3:52:00<3:59:07,  1.39s/it] 49%|     | 9707/20000 [3:53:22<4:01:59,  1.41s/it] 49%|     | 9719/20000 [3:53:40<4:01:42,  1.41s/it] 49%|     | 9779/20000 [3:55:02<3:59:17,  1.40s/it] 49%|     | 9790/20000 [3:55:20<3:59:02,  1.40s/it] 49%|     | 9841/20000 [3:56:44<4:08:28,  1.47s/it] 49%|     | 9851/20000 [3:57:00<4:08:13,  1.47s/it] 50%|     | 9900/20000 [3:58:25<4:17:49,  1.53s/it] 50%|     | 9909/20000 [3:58:40<4:17:35,  1.53s/it] 50%|     | 9965/20000 [4:00:05<4:17:01,  1.54s/it] 50%|     | 9976/20000 [4:00:20<4:16:44,  1.54s/it] 50%|     | 10034/20000 [4:01:46<4:11:33,  1.51s/it] 50%|     | 10043/20000 [4:02:00<4:11:19,  1.51s/it] 50%|     | 10096/20000 [4:03:27<4:14:54,  1.54s/it] 51%|     | 10103/20000 [4:03:40<4:14:44,  1.54s/it] 51%|     | 10161/20000 [4:05:08<4:14:18,  1.55s/it] 51%|     | 10167/20000 [4:05:20<4:14:09,  1.55s/it] 51%|     | 10224/20000 [4:06:49<4:14:46,  1.56s/it] 51%|     | 10230/20000 [4:07:00<4:14:37,  1.56s/it] 51%|    | 10288/20000 [4:08:30<4:13:36,  1.57s/it] 51%|    | 10294/20000 [4:08:40<4:13:26,  1.57s/it] 52%|    | 10354/20000 [4:10:11<4:10:18,  1.56s/it] 52%|    | 10364/20000 [4:10:30<4:10:03,  1.56s/it] 52%|    | 10421/20000 [4:11:51<4:05:42,  1.54s/it] 52%|    | 10434/20000 [4:12:10<4:05:22,  1.54s/it] 52%|    | 10492/20000 [4:13:32<3:58:03,  1.50s/it] 53%|    | 10503/20000 [4:13:50<3:57:46,  1.50s/it] 53%|    | 10555/20000 [4:15:13<4:00:32,  1.53s/it] 53%|    | 10566/20000 [4:15:30<4:00:15,  1.53s/it] 53%|    | 10621/20000 [4:16:54<3:58:56,  1.53s/it] 53%|    | 10630/20000 [4:17:10<3:58:42,  1.53s/it] 53%|    | 10685/20000 [4:18:34<3:58:59,  1.54s/it] 53%|    | 10695/20000 [4:18:50<3:58:43,  1.54s/it] 54%|    | 10751/20000 [4:20:15<3:56:52,  1.54s/it] 54%|    | 10759/20000 [4:20:30<3:56:40,  1.54s/it] 54%|    | 10808/20000 [4:21:56<4:05:24,  1.60s/it] 54%|    | 10816/20000 [4:22:10<4:05:12,  1.60s/it] 54%|    | 10868/20000 [4:23:37<4:07:32,  1.63s/it] 54%|    | 10877/20000 [4:23:50<4:07:18,  1.63s/it] 55%|    | 10934/20000 [4:25:18<4:00:51,  1.59s/it] 55%|    | 10941/20000 [4:25:30<4:00:40,  1.59s/it] 55%|    | 11001/20000 [4:26:59<3:54:52,  1.57s/it] 55%|    | 11009/20000 [4:27:10<3:54:39,  1.57s/it] 55%|    | 11067/20000 [4:28:39<3:50:54,  1.55s/it] 55%|    | 11073/20000 [4:28:50<3:50:44,  1.55s/it] 56%|    | 11132/20000 [4:30:19<3:49:11,  1.55s/it] 56%|    | 11139/20000 [4:30:30<3:49:00,  1.55s/it] 56%|    | 11198/20000 [4:32:01<3:46:36,  1.54s/it] 56%|    | 11211/20000 [4:32:20<3:46:16,  1.54s/it] 56%|    | 11260/20000 [4:33:41<3:48:17,  1.57s/it] 56%|    | 11270/20000 [4:34:00<3:48:01,  1.57s/it] 57%|    | 11331/20000 [4:35:21<3:39:14,  1.52s/it] 57%|    | 11345/20000 [4:35:40<3:38:53,  1.52s/it] 57%|    | 11400/20000 [4:37:03<3:35:19,  1.50s/it] 57%|    | 11411/20000 [4:37:20<3:35:03,  1.50s/it] 57%|    | 11469/20000 [4:38:43<3:31:40,  1.49s/it] 57%|    | 11480/20000 [4:39:00<3:31:24,  1.49s/it] 58%|    | 11532/20000 [4:40:24<3:34:42,  1.52s/it] 58%|    | 11542/20000 [4:40:40<3:34:26,  1.52s/it] 58%|    | 11597/20000 [4:42:04<3:33:53,  1.53s/it] 58%|    | 11608/20000 [4:42:20<3:33:36,  1.53s/it] 58%|    | 11662/20000 [4:43:46<3:33:27,  1.54s/it] 58%|    | 11671/20000 [4:44:00<3:33:13,  1.54s/it] 59%|    | 11732/20000 [4:45:26<3:27:07,  1.50s/it] 59%|    | 11742/20000 [4:45:40<3:26:52,  1.50s/it] 59%|    | 11801/20000 [4:47:07<3:23:51,  1.49s/it] 59%|    | 11809/20000 [4:47:20<3:23:40,  1.49s/it] 59%|    | 11864/20000 [4:48:48<3:26:51,  1.53s/it] 59%|    | 11870/20000 [4:49:00<3:26:42,  1.53s/it] 60%|    | 11926/20000 [4:50:29<3:29:04,  1.55s/it] 60%|    | 11932/20000 [4:50:40<3:28:55,  1.55s/it] 60%|    | 11991/20000 [4:52:09<3:26:47,  1.55s/it] 60%|    | 11998/20000 [4:52:20<3:26:36,  1.55s/it] 60%|    | 12058/20000 [4:53:50<3:23:29,  1.54s/it] 60%|    | 12069/20000 [4:54:10<3:23:12,  1.54s/it] 61%|    | 12123/20000 [4:55:31<3:22:30,  1.54s/it] 61%|    | 12135/20000 [4:55:50<3:22:12,  1.54s/it] 61%|    | 12189/20000 [4:57:12<3:20:19,  1.54s/it] 61%|    | 12200/20000 [4:57:30<3:20:02,  1.54s/it] 61%|   | 12258/20000 [4:58:53<3:15:32,  1.52s/it] 61%|   | 12269/20000 [4:59:10<3:15:15,  1.52s/it] 62%|   | 12325/20000 [5:00:34<3:13:10,  1.51s/it] 62%|   | 12335/20000 [5:00:50<3:12:55,  1.51s/it] 62%|   | 12389/20000 [5:02:15<3:14:15,  1.53s/it] 62%|   | 12397/20000 [5:02:30<3:14:03,  1.53s/it] 62%|   | 12452/20000 [5:03:56<3:15:26,  1.55s/it] 62%|   | 12461/20000 [5:04:10<3:15:12,  1.55s/it] 63%|   | 12522/20000 [5:05:38<3:09:39,  1.52s/it] 63%|   | 12530/20000 [5:05:50<3:09:27,  1.52s/it] 63%|   | 12588/20000 [5:07:18<3:07:58,  1.52s/it] 63%|   | 12595/20000 [5:07:30<3:07:47,  1.52s/it] 63%|   | 12656/20000 [5:08:59<3:04:53,  1.51s/it] 63%|   | 12663/20000 [5:09:10<3:04:43,  1.51s/it] 64%|   | 12730/20000 [5:10:40<2:56:50,  1.46s/it] 64%|   | 12736/20000 [5:10:50<2:56:41,  1.46s/it] 64%|   | 12803/20000 [5:12:20<2:52:07,  1.43s/it] 64%|   | 12816/20000 [5:12:40<2:51:48,  1.43s/it] 64%|   | 12873/20000 [5:14:01<2:50:44,  1.44s/it] 64%|   | 12886/20000 [5:14:20<2:50:25,  1.44s/it] 65%|   | 12945/20000 [5:15:42<2:47:39,  1.43s/it] 65%|   | 12956/20000 [5:16:00<2:47:23,  1.43s/it] 65%|   | 13011/20000 [5:17:23<2:49:44,  1.46s/it] 65%|   | 13022/20000 [5:17:40<2:49:28,  1.46s/it] 65%|   | 13081/20000 [5:19:04<2:47:15,  1.45s/it] 65%|   | 13092/20000 [5:19:20<2:46:59,  1.45s/it] 66%|   | 13147/20000 [5:20:44<2:48:03,  1.47s/it] 66%|   | 13159/20000 [5:21:00<2:47:45,  1.47s/it] 66%|   | 13218/20000 [5:22:25<2:44:19,  1.45s/it] 66%|   | 13228/20000 [5:22:40<2:44:05,  1.45s/it] 66%|   | 13285/20000 [5:24:05<2:44:15,  1.47s/it] 66%|   | 13294/20000 [5:24:20<2:44:02,  1.47s/it] 67%|   | 13349/20000 [5:25:45<2:45:42,  1.49s/it] 67%|   | 13359/20000 [5:26:00<2:45:27,  1.49s/it] 67%|   | 13418/20000 [5:27:27<2:43:05,  1.49s/it] 67%|   | 13427/20000 [5:27:40<2:42:52,  1.49s/it] 67%|   | 13484/20000 [5:29:07<2:42:43,  1.50s/it] 67%|   | 13492/20000 [5:29:20<2:42:31,  1.50s/it] 68%|   | 13551/20000 [5:30:49<2:41:26,  1.50s/it] 68%|   | 13558/20000 [5:31:00<2:41:16,  1.50s/it] 68%|   | 13619/20000 [5:32:30<2:39:14,  1.50s/it] 68%|   | 13624/20000 [5:32:40<2:39:06,  1.50s/it] 68%|   | 13683/20000 [5:34:11<2:40:06,  1.52s/it] 68%|   | 13696/20000 [5:34:30<2:39:46,  1.52s/it] 69%|   | 13745/20000 [5:35:51<2:41:22,  1.55s/it] 69%|   | 13757/20000 [5:36:10<2:41:03,  1.55s/it] 69%|   | 13811/20000 [5:37:31<2:38:45,  1.54s/it] 69%|   | 13824/20000 [5:37:50<2:38:25,  1.54s/it] 69%|   | 13880/20000 [5:39:12<2:34:28,  1.51s/it] 69%|   | 13891/20000 [5:39:30<2:34:11,  1.51s/it] 70%|   | 13948/20000 [5:40:53<2:32:00,  1.51s/it] 70%|   | 13959/20000 [5:41:10<2:31:44,  1.51s/it] 70%|   | 14014/20000 [5:42:34<2:30:56,  1.51s/it] 70%|   | 14025/20000 [5:42:50<2:30:39,  1.51s/it] 70%|   | 14080/20000 [5:44:14<2:29:26,  1.51s/it] 70%|   | 14089/20000 [5:44:30<2:29:12,  1.51s/it] 71%|   | 14147/20000 [5:45:55<2:27:32,  1.51s/it] 71%|   | 14156/20000 [5:46:10<2:27:19,  1.51s/it] 71%|   | 14207/20000 [5:47:35<2:30:16,  1.56s/it] 71%|   | 14217/20000 [5:47:50<2:30:00,  1.56s/it] 71%|  | 14276/20000 [5:49:17<2:26:03,  1.53s/it] 71%|  | 14285/20000 [5:49:30<2:25:49,  1.53s/it] 72%|  | 14343/20000 [5:50:58<2:23:21,  1.52s/it] 72%|  | 14351/20000 [5:51:10<2:23:09,  1.52s/it] 72%|  | 14410/20000 [5:52:39<2:21:30,  1.52s/it] 72%|  | 14416/20000 [5:52:50<2:21:21,  1.52s/it] 72%|  | 14476/20000 [5:54:21<2:20:25,  1.53s/it] 72%|  | 14489/20000 [5:54:40<2:20:05,  1.53s/it] 73%|  | 14541/20000 [5:56:01<2:19:17,  1.53s/it] 73%|  | 14554/20000 [5:56:20<2:18:57,  1.53s/it] 73%|  | 14612/20000 [5:57:41<2:14:05,  1.49s/it] 73%|  | 14626/20000 [5:58:00<2:13:45,  1.49s/it] 73%|  | 14685/20000 [5:59:23<2:09:16,  1.46s/it] 73%|  | 14696/20000 [5:59:40<2:09:00,  1.46s/it] 74%|  | 14749/20000 [6:01:03<2:10:18,  1.49s/it] 74%|  | 14760/20000 [6:01:20<2:10:01,  1.49s/it] 74%|  | 14818/20000 [6:02:44<2:07:54,  1.48s/it] 74%|  | 14828/20000 [6:03:00<2:07:39,  1.48s/it] 74%|  | 14890/20000 [6:04:25<2:04:07,  1.46s/it] 75%|  | 14901/20000 [6:04:40<2:03:51,  1.46s/it] 75%|  | 14960/20000 [6:06:06<2:02:17,  1.46s/it] 75%|  | 14968/20000 [6:06:20<2:02:06,  1.46s/it] 75%|  | 15028/20000 [6:07:47<2:01:07,  1.46s/it] 75%|  | 15035/20000 [6:08:00<2:00:57,  1.46s/it] 75%|  | 15096/20000 [6:09:29<2:00:20,  1.47s/it] 76%|  | 15103/20000 [6:09:40<2:00:10,  1.47s/it] 76%|  | 15169/20000 [6:11:09<1:56:01,  1.44s/it] 76%|  | 15176/20000 [6:11:20<1:55:51,  1.44s/it] 76%|  | 15236/20000 [6:12:50<1:55:53,  1.46s/it] 76%|  | 15241/20000 [6:13:00<1:55:46,  1.46s/it] 77%|  | 15305/20000 [6:14:30<1:54:08,  1.46s/it] 77%|  | 15318/20000 [6:14:50<1:53:49,  1.46s/it] 77%|  | 15375/20000 [6:16:12<1:52:14,  1.46s/it] 77%|  | 15386/20000 [6:16:30<1:51:58,  1.46s/it] 77%|  | 15441/20000 [6:17:52<1:52:04,  1.48s/it] 77%|  | 15453/20000 [6:18:10<1:51:46,  1.48s/it] 78%|  | 15506/20000 [6:19:32<1:51:58,  1.50s/it] 78%|  | 15517/20000 [6:19:50<1:51:42,  1.50s/it] 78%|  | 15572/20000 [6:21:13<1:50:54,  1.50s/it] 78%|  | 15584/20000 [6:21:30<1:50:36,  1.50s/it] 78%|  | 15637/20000 [6:22:53<1:50:07,  1.51s/it] 78%|  | 15648/20000 [6:23:10<1:49:50,  1.51s/it] 79%|  | 15705/20000 [6:24:34<1:47:48,  1.51s/it] 79%|  | 15715/20000 [6:24:50<1:47:33,  1.51s/it] 79%|  | 15770/20000 [6:26:16<1:47:17,  1.52s/it] 79%|  | 15779/20000 [6:26:30<1:47:03,  1.52s/it] 79%|  | 15838/20000 [6:27:56<1:44:36,  1.51s/it] 79%|  | 15847/20000 [6:28:10<1:44:22,  1.51s/it] 80%|  | 15910/20000 [6:29:37<1:40:36,  1.48s/it] 80%|  | 15918/20000 [6:29:50<1:40:24,  1.48s/it] 80%|  | 15978/20000 [6:31:18<1:39:05,  1.48s/it] 80%|  | 15987/20000 [6:31:30<1:38:52,  1.48s/it] 80%|  | 16045/20000 [6:33:00<1:38:11,  1.49s/it] 80%|  | 16050/20000 [6:33:10<1:38:03,  1.49s/it] 81%|  | 16111/20000 [6:34:40<1:37:09,  1.50s/it] 81%|  | 16125/20000 [6:35:00<1:36:48,  1.50s/it] 81%|  | 16180/20000 [6:36:20<1:34:29,  1.48s/it] 81%|  | 16193/20000 [6:36:40<1:34:10,  1.48s/it] 81%| | 16253/20000 [6:38:01<1:30:36,  1.45s/it] 81%| | 16266/20000 [6:38:20<1:30:17,  1.45s/it] 82%| | 16325/20000 [6:39:42<1:27:58,  1.44s/it] 82%| | 16336/20000 [6:40:00<1:27:42,  1.44s/it] 82%| | 16398/20000 [6:41:23<1:25:17,  1.42s/it] 82%| | 16409/20000 [6:41:40<1:25:01,  1.42s/it] 82%| | 16468/20000 [6:43:04<1:24:01,  1.43s/it] 82%| | 16478/20000 [6:43:20<1:23:47,  1.43s/it] 83%| | 16542/20000 [6:44:45<1:21:09,  1.41s/it] 83%| | 16552/20000 [6:45:00<1:20:55,  1.41s/it] 83%| | 16611/20000 [6:46:26<1:20:26,  1.42s/it] 83%| | 16621/20000 [6:46:40<1:20:12,  1.42s/it] 83%| | 16680/20000 [6:48:06<1:19:16,  1.43s/it] 83%| | 16689/20000 [6:48:20<1:19:04,  1.43s/it] 84%| | 16750/20000 [6:49:47<1:17:41,  1.43s/it] 84%| | 16759/20000 [6:50:00<1:17:28,  1.43s/it] 84%| | 16821/20000 [6:51:28<1:15:53,  1.43s/it] 84%| | 16829/20000 [6:51:40<1:15:42,  1.43s/it] 84%| | 16892/20000 [6:53:10<1:14:08,  1.43s/it] 84%| | 16898/20000 [6:53:20<1:13:59,  1.43s/it] 85%| | 16968/20000 [6:54:51<1:10:39,  1.40s/it] 85%| | 16983/20000 [6:55:10<1:10:18,  1.40s/it] 85%| | 17048/20000 [6:56:31<1:06:29,  1.35s/it] 85%| | 17062/20000 [6:56:50<1:06:10,  1.35s/it] 86%| | 17124/20000 [6:58:11<1:04:18,  1.34s/it] 86%| | 17138/20000 [6:58:30<1:03:59,  1.34s/it] 86%| | 17201/20000 [6:59:52<1:02:10,  1.33s/it] 86%| | 17212/20000 [7:00:10<1:01:55,  1.33s/it] 86%| | 17267/20000 [7:01:33<1:03:12,  1.39s/it] 86%| | 17278/20000 [7:01:50<1:02:57,  1.39s/it] 87%| | 17337/20000 [7:03:14<1:02:15,  1.40s/it] 87%| | 17349/20000 [7:03:30<1:01:58,  1.40s/it] 87%| | 17412/20000 [7:04:55<59:45,  1.39s/it]   87%| | 17423/20000 [7:05:10<59:30,  1.39s/it] 87%| | 17484/20000 [7:06:36<58:16,  1.39s/it] 87%| | 17494/20000 [7:06:50<58:02,  1.39s/it] 88%| | 17557/20000 [7:08:17<56:28,  1.39s/it] 88%| | 17566/20000 [7:08:30<56:16,  1.39s/it] 88%| | 17630/20000 [7:09:57<54:37,  1.38s/it] 88%| | 17638/20000 [7:10:10<54:26,  1.38s/it] 88%| | 17697/20000 [7:11:37<54:20,  1.42s/it] 89%| | 17705/20000 [7:11:50<54:09,  1.42s/it] 89%| | 17768/20000 [7:13:18<52:38,  1.42s/it] 89%| | 17775/20000 [7:13:30<52:28,  1.42s/it] 89%| | 17839/20000 [7:14:58<50:57,  1.41s/it] 89%| | 17847/20000 [7:15:10<50:46,  1.41s/it] 90%| | 17916/20000 [7:16:39<47:54,  1.38s/it] 90%| | 17924/20000 [7:16:50<47:43,  1.38s/it] 90%| | 17984/20000 [7:18:20<47:25,  1.41s/it] 90%| | 17990/20000 [7:18:30<47:16,  1.41s/it] 90%| | 18055/20000 [7:20:01<45:52,  1.42s/it] 90%| | 18067/20000 [7:20:20<45:35,  1.42s/it] 91%| | 18123/20000 [7:21:42<44:52,  1.43s/it] 91%| | 18133/20000 [7:22:00<44:38,  1.43s/it] 91%| | 18183/20000 [7:23:22<45:22,  1.50s/it] 91%| | 18195/20000 [7:23:40<45:04,  1.50s/it] 91%|| 18260/20000 [7:25:03<41:38,  1.44s/it] 91%|| 18272/20000 [7:25:20<41:20,  1.44s/it] 92%|| 18335/20000 [7:26:43<38:57,  1.40s/it] 92%|| 18347/20000 [7:27:00<38:40,  1.40s/it] 92%|| 18407/20000 [7:28:23<37:12,  1.40s/it] 92%|| 18418/20000 [7:28:40<36:56,  1.40s/it] 92%|| 18481/20000 [7:30:04<35:11,  1.39s/it] 92%|| 18491/20000 [7:30:20<34:57,  1.39s/it] 93%|| 18554/20000 [7:31:45<33:26,  1.39s/it] 93%|| 18564/20000 [7:32:00<33:13,  1.39s/it] 93%|| 18627/20000 [7:33:26<31:40,  1.38s/it] 93%|| 18637/20000 [7:33:40<31:26,  1.38s/it] 94%|| 18702/20000 [7:35:07<29:42,  1.37s/it] 94%|| 18712/20000 [7:35:20<29:28,  1.37s/it] 94%|| 18782/20000 [7:36:47<27:06,  1.34s/it] 94%|| 18791/20000 [7:37:00<26:54,  1.34s/it] 94%|| 18858/20000 [7:38:28<25:23,  1.33s/it] 94%|| 18867/20000 [7:38:40<25:11,  1.33s/it] 95%|| 18933/20000 [7:40:09<23:45,  1.34s/it] 95%|| 18942/20000 [7:40:20<23:33,  1.34s/it] 95%|| 19011/20000 [7:41:50<21:49,  1.32s/it] 95%|| 19019/20000 [7:42:00<21:38,  1.32s/it] 95%|| 19088/20000 [7:43:31<20:04,  1.32s/it] 96%|| 19103/20000 [7:43:50<19:45,  1.32s/it] 96%|| 19165/20000 [7:45:12<18:20,  1.32s/it] 96%|| 19178/20000 [7:45:30<18:03,  1.32s/it] 96%|| 19243/20000 [7:46:53<16:30,  1.31s/it] 96%|| 19256/20000 [7:47:10<16:13,  1.31s/it] 97%|| 19323/20000 [7:48:33<14:35,  1.29s/it] 97%|| 19336/20000 [7:48:50<14:18,  1.29s/it] 97%|| 19404/20000 [7:50:14<12:40,  1.28s/it] 97%|| 19417/20000 [7:50:30<12:24,  1.28s/it] 97%|| 19482/20000 [7:51:54<11:03,  1.28s/it] 97%|| 19494/20000 [7:52:10<10:47,  1.28s/it] 98%|| 19566/20000 [7:53:35<09:04,  1.25s/it] 98%|| 19577/20000 [7:53:50<08:50,  1.25s/it] 98%|| 19644/20000 [7:55:15<07:29,  1.26s/it] 98%|| 19656/20000 [7:55:30<07:14,  1.26s/it] 99%|| 19724/20000 [7:56:56<05:48,  1.26s/it] 99%|| 19735/20000 [7:57:10<05:34,  1.26s/it] 99%|| 19802/20000 [7:58:37<04:11,  1.27s/it] 99%|| 19812/20000 [7:58:50<03:59,  1.27s/it] 99%|| 19879/20000 [8:00:18<02:35,  1.28s/it] 99%|| 19888/20000 [8:00:30<02:23,  1.28s/it]100%|| 19953/20000 [8:01:58<01:01,  1.30s/it]100%|| 19962/20000 [8:02:10<00:49,  1.30s/it]100%|| 20000/20000 [8:02:58<00:00,  1.45s/it]

Analysis complete. Found 1 cluster(s) meeting the MCMC criterion.
Accepted cluster indices: [2]

--- Processing Final Results for Cluster 2 ---
--- MCMC Parameter Constraints for Cluster 2 ---
  x_src = 94.959 +0.252 / -0.298
  y_src = 95.990 +0.355 / -0.176
    z_s = 2.376 +0.116 / -0.073
Saving localization results for Cluster 2...
Processing results for Cluster 2...
-> Saved 340000 samples to /users/hiu-yeung.cheng/clusterlensing/out/row21/test_tidy_row21/cluster_2_posterior.npz
Updated CSV row 21 with result for cluster 2.
Loading data from /users/hiu-yeung.cheng/clusterlensing/out/row21/test_tidy_row21/cluster_2_posterior.npz...

Generating corner plot...
-> Corner plot saved to /users/hiu-yeung.cheng/clusterlensing/out/row21/test_tidy_row21/cluster_2_corner_from_saved.png

Generating trace plot...
-> Trace plot saved to /users/hiu-yeung.cheng/clusterlensing/out/row21/test_tidy_row21/cluster_2_trace.png
