Row=20 OUT_DIR=/users/hiu-yeung.cheng/clusterlensing/out/row20 DE_PROCS=16 MCMC_PROCS=16
Setup complete. Lensing system initialized.
True time delays: [    0.         20631.901153   22854.20021836 24065.84635227
 24067.82170747]
True luminosity distances: 28211.003557122367
Lensed luminosity distances: [12754.68837798  4696.08856574  6944.7456509   2084.34850536
  2578.9459045 ]

Running the full analysis pipeline...
--- Running DE for Cluster 0 ---
[DE] Process Pool with 16 procs (init=latinhypercube, popsize=50)
differential_evolution step 1: f(x)= 3000.0
differential_evolution step 2: f(x)= 3000.0
differential_evolution step 3: f(x)= 3000.0
differential_evolution step 4: f(x)= 3000.0
differential_evolution step 5: f(x)= 3000.0
differential_evolution step 6: f(x)= 3000.0
differential_evolution step 7: f(x)= 3000.0
differential_evolution step 8: f(x)= 164.32915441848252
differential_evolution step 9: f(x)= 164.32915441848252
differential_evolution step 10: f(x)= 164.32915441848252
differential_evolution step 11: f(x)= 164.32915441848252
differential_evolution step 12: f(x)= 164.32915441848252
differential_evolution step 13: f(x)= 164.32915441848252
differential_evolution step 14: f(x)= 164.32915441848252
differential_evolution step 15: f(x)= 164.32915441848252
differential_evolution step 16: f(x)= 164.32915441848252
differential_evolution step 17: f(x)= 164.32915441848252
differential_evolution step 18: f(x)= 164.32915441848252
differential_evolution step 19: f(x)= 164.32915441848252
differential_evolution step 20: f(x)= 164.32915441848252
differential_evolution step 21: f(x)= 164.32915441848252
differential_evolution step 22: f(x)= 164.32915441848252
differential_evolution step 23: f(x)= 164.32915441848252
differential_evolution step 24: f(x)= 164.32915441848252
differential_evolution step 25: f(x)= 164.32915441848252
differential_evolution step 26: f(x)= 164.32915441848252
differential_evolution step 27: f(x)= 164.32915441848252
differential_evolution step 28: f(x)= 164.32915441848252
differential_evolution step 29: f(x)= 164.32915441848252
differential_evolution step 30: f(x)= 164.32915441848252
differential_evolution step 31: f(x)= 164.32915441848252
differential_evolution step 32: f(x)= 164.32915441848252
differential_evolution step 33: f(x)= 164.32915441848252
differential_evolution step 34: f(x)= 164.32915441848252
differential_evolution step 35: f(x)= 164.32915441848252
differential_evolution step 36: f(x)= 164.32915441848252
differential_evolution step 37: f(x)= 164.32915441848252
differential_evolution step 38: f(x)= 164.32915441848252
differential_evolution step 39: f(x)= 164.32915441848252
differential_evolution step 40: f(x)= 164.32915441848252
differential_evolution step 41: f(x)= 164.32915441848252
differential_evolution step 42: f(x)= 164.32915441848252
differential_evolution step 43: f(x)= 164.32915441848252
differential_evolution step 44: f(x)= 164.32915441848252
differential_evolution step 45: f(x)= 164.32915441848252
differential_evolution step 46: f(x)= 139.6669074252295
differential_evolution step 47: f(x)= 139.6669074252295
differential_evolution step 48: f(x)= 139.6669074252295
differential_evolution step 49: f(x)= 139.6669074252295
differential_evolution step 50: f(x)= 139.6669074252295
differential_evolution step 51: f(x)= 139.6669074252295
differential_evolution step 52: f(x)= 139.6669074252295
differential_evolution step 53: f(x)= 139.6669074252295
differential_evolution step 54: f(x)= 106.7644000526474
differential_evolution step 55: f(x)= 106.7644000526474
differential_evolution step 56: f(x)= 106.7644000526474
differential_evolution step 57: f(x)= 106.7644000526474
differential_evolution step 58: f(x)= 106.7644000526474
differential_evolution step 59: f(x)= 106.7644000526474
differential_evolution step 60: f(x)= 106.7644000526474
differential_evolution step 61: f(x)= 106.7644000526474
differential_evolution step 62: f(x)= 106.7644000526474
differential_evolution step 63: f(x)= 106.7644000526474
differential_evolution step 64: f(x)= 106.7644000526474
differential_evolution step 65: f(x)= 106.7644000526474
differential_evolution step 66: f(x)= 106.7644000526474
differential_evolution step 67: f(x)= 106.7644000526474
differential_evolution step 68: f(x)= 106.7644000526474
differential_evolution step 69: f(x)= 86.5496828521713
differential_evolution step 70: f(x)= 86.5496828521713
differential_evolution step 71: f(x)= 86.5496828521713
differential_evolution step 72: f(x)= 86.5496828521713
differential_evolution step 73: f(x)= 86.5496828521713
differential_evolution step 74: f(x)= 86.5496828521713
differential_evolution step 75: f(x)= 86.5496828521713
differential_evolution step 76: f(x)= 86.5496828521713
differential_evolution step 77: f(x)= 86.5496828521713
differential_evolution step 78: f(x)= 86.5496828521713
differential_evolution step 79: f(x)= 86.5496828521713
differential_evolution step 80: f(x)= 86.5496828521713
differential_evolution step 81: f(x)= 86.5496828521713
differential_evolution step 82: f(x)= 86.5496828521713
differential_evolution step 83: f(x)= 86.5496828521713
differential_evolution step 84: f(x)= 86.5496828521713
differential_evolution step 85: f(x)= 86.5496828521713
differential_evolution step 86: f(x)= 86.5496828521713
differential_evolution step 87: f(x)= 86.5496828521713
differential_evolution step 88: f(x)= 86.5496828521713
differential_evolution step 89: f(x)= 86.5496828521713
differential_evolution step 90: f(x)= 86.5496828521713
differential_evolution step 91: f(x)= 86.5496828521713
differential_evolution step 92: f(x)= 86.5496828521713
differential_evolution step 93: f(x)= 86.5496828521713
differential_evolution step 94: f(x)= 86.5496828521713
differential_evolution step 95: f(x)= 86.5496828521713
differential_evolution step 96: f(x)= 86.5496828521713
differential_evolution step 97: f(x)= 86.5496828521713
differential_evolution step 98: f(x)= 86.5496828521713
differential_evolution step 99: f(x)= 86.5496828521713
differential_evolution step 100: f(x)= 86.5496828521713
differential_evolution step 101: f(x)= 86.5496828521713
differential_evolution step 102: f(x)= 86.5496828521713
differential_evolution step 103: f(x)= 86.5496828521713
differential_evolution step 104: f(x)= 86.5496828521713
differential_evolution step 105: f(x)= 86.5496828521713
differential_evolution step 106: f(x)= 86.5496828521713
differential_evolution step 107: f(x)= 86.5496828521713
differential_evolution step 108: f(x)= 86.5496828521713
differential_evolution step 109: f(x)= 86.5496828521713
differential_evolution step 110: f(x)= 86.5496828521713
differential_evolution step 111: f(x)= 74.89092624076483
differential_evolution step 112: f(x)= 73.8955454944813
differential_evolution step 113: f(x)= 73.8955454944813
differential_evolution step 114: f(x)= 73.8955454944813
differential_evolution step 115: f(x)= 72.64651449126231
differential_evolution step 116: f(x)= 72.64651449126231
differential_evolution step 117: f(x)= 72.64651449126231
differential_evolution step 118: f(x)= 72.64651449126231
differential_evolution step 119: f(x)= 70.97650764583875
differential_evolution step 120: f(x)= 70.97650764583875
differential_evolution step 121: f(x)= 70.47394589245472
differential_evolution step 122: f(x)= 70.47394589245472
differential_evolution step 123: f(x)= 70.47394589245472
differential_evolution step 124: f(x)= 70.47394589245472
differential_evolution step 125: f(x)= 70.47394589245472
differential_evolution step 126: f(x)= 70.47394589245472
differential_evolution step 127: f(x)= 70.47394589245472
differential_evolution step 128: f(x)= 70.47394589245472
differential_evolution step 129: f(x)= 70.47394589245472
differential_evolution step 130: f(x)= 70.47394589245472
differential_evolution step 131: f(x)= 69.54660923377544
differential_evolution step 132: f(x)= 69.54660923377544
differential_evolution step 133: f(x)= 69.54660923377544
differential_evolution step 134: f(x)= 69.54660923377544
differential_evolution step 135: f(x)= 69.54660923377544
differential_evolution step 136: f(x)= 69.54660923377544
differential_evolution step 137: f(x)= 69.54660923377544
differential_evolution step 138: f(x)= 69.34898216067326
differential_evolution step 139: f(x)= 69.34898216067326
differential_evolution step 140: f(x)= 69.34898216067326
differential_evolution step 141: f(x)= 69.34898216067326
differential_evolution step 142: f(x)= 69.32187376359059
differential_evolution step 143: f(x)= 69.32187376359059
differential_evolution step 144: f(x)= 69.19845081465724
differential_evolution step 145: f(x)= 69.19845081465724
differential_evolution step 146: f(x)= 69.19845081465724
differential_evolution step 147: f(x)= 69.19845081465724
differential_evolution step 148: f(x)= 69.19845081465724
differential_evolution step 149: f(x)= 69.19845081465724
differential_evolution step 150: f(x)= 69.19845081465724
differential_evolution step 151: f(x)= 69.19845081465724
differential_evolution step 152: f(x)= 68.94647168025497
differential_evolution step 153: f(x)= 68.94647168025497
differential_evolution step 154: f(x)= 68.94647168025497
differential_evolution step 155: f(x)= 68.94647168025497
differential_evolution step 156: f(x)= 68.94647168025497
differential_evolution step 157: f(x)= 68.94647168025497
differential_evolution step 158: f(x)= 68.94647168025497
differential_evolution step 159: f(x)= 68.94647168025497
differential_evolution step 160: f(x)= 68.76558434699342
differential_evolution step 161: f(x)= 68.76558434699342
differential_evolution step 162: f(x)= 68.76558434699342
differential_evolution step 163: f(x)= 68.71007121133697
differential_evolution step 164: f(x)= 68.71007121133697
differential_evolution step 165: f(x)= 68.71007121133697
differential_evolution step 166: f(x)= 68.71007121133697
differential_evolution step 167: f(x)= 68.71007121133697
differential_evolution step 168: f(x)= 68.71007121133697
differential_evolution step 169: f(x)= 68.71007121133697
differential_evolution step 170: f(x)= 68.71007121133697
differential_evolution step 171: f(x)= 68.71007121133697
differential_evolution step 172: f(x)= 68.71007121133697
differential_evolution step 173: f(x)= 68.71007121133697
differential_evolution step 174: f(x)= 68.71007121133697
differential_evolution step 175: f(x)= 68.71007121133697
differential_evolution step 176: f(x)= 68.71007121133697
differential_evolution step 177: f(x)= 68.71007121133697
differential_evolution step 178: f(x)= 68.71007121133697
differential_evolution step 179: f(x)= 68.71007121133697
differential_evolution step 180: f(x)= 68.67723471497106
differential_evolution step 181: f(x)= 68.67723471497106
differential_evolution step 182: f(x)= 68.67723471497106
differential_evolution step 183: f(x)= 68.67723471497106
differential_evolution step 184: f(x)= 68.67723471497106
differential_evolution step 185: f(x)= 68.67723471497106
differential_evolution step 186: f(x)= 68.67723471497106
differential_evolution step 187: f(x)= 68.67723471497106
differential_evolution step 188: f(x)= 68.67723471497106
differential_evolution step 189: f(x)= 68.67723471497106
differential_evolution step 190: f(x)= 68.67723471497106
differential_evolution step 191: f(x)= 68.67723471497106
differential_evolution step 192: f(x)= 68.67136833281145
differential_evolution step 193: f(x)= 68.66960923754473
differential_evolution step 194: f(x)= 68.66960923754473
differential_evolution step 195: f(x)= 68.66960923754473
differential_evolution step 196: f(x)= 68.66960923754473
differential_evolution step 197: f(x)= 68.6617592580449
differential_evolution step 198: f(x)= 68.6617592580449
differential_evolution step 199: f(x)= 68.6617592580449
differential_evolution step 200: f(x)= 68.6617592580449
Cluster 0 DE best chi^2: 68.662 with params {'x_src': np.float64(82.85899795529076), 'y_src': np.float64(77.00597803152753), 'z_s': np.float64(4.840550032589076)}
--- Running DE for Cluster 1 ---
[DE] Process Pool with 16 procs (init=latinhypercube, popsize=50)
differential_evolution step 1: f(x)= 3000.0
differential_evolution step 2: f(x)= 3000.0
differential_evolution step 3: f(x)= 3000.0
differential_evolution step 4: f(x)= 3000.0
differential_evolution step 5: f(x)= 3000.0
differential_evolution step 6: f(x)= 3000.0
differential_evolution step 7: f(x)= 3000.0
differential_evolution step 8: f(x)= 3000.0
differential_evolution step 9: f(x)= 3000.0
differential_evolution step 10: f(x)= 3000.0
differential_evolution step 11: f(x)= 3000.0
differential_evolution step 12: f(x)= 3000.0
differential_evolution step 13: f(x)= 3000.0
differential_evolution step 14: f(x)= 3000.0
differential_evolution step 15: f(x)= 3000.0
differential_evolution step 16: f(x)= 3000.0
differential_evolution step 17: f(x)= 3000.0
differential_evolution step 18: f(x)= 3000.0
differential_evolution step 19: f(x)= 3000.0
differential_evolution step 20: f(x)= 3000.0
differential_evolution step 21: f(x)= 3000.0
differential_evolution step 22: f(x)= 3000.0
differential_evolution step 23: f(x)= 3000.0
differential_evolution step 24: f(x)= 3000.0
differential_evolution step 25: f(x)= 3000.0
differential_evolution step 26: f(x)= 3000.0
differential_evolution step 27: f(x)= 3000.0
differential_evolution step 28: f(x)= 3000.0
differential_evolution step 29: f(x)= 3000.0
differential_evolution step 30: f(x)= 3000.0
differential_evolution step 31: f(x)= 3000.0
differential_evolution step 32: f(x)= 3000.0
differential_evolution step 33: f(x)= 3000.0
differential_evolution step 34: f(x)= 3000.0
differential_evolution step 35: f(x)= 3000.0
differential_evolution step 36: f(x)= 3000.0
differential_evolution step 37: f(x)= 3000.0
Cluster 1 DE best chi^2: 3000.000 with params {'x_src': np.float64(209.31001659031705), 'y_src': np.float64(191.10045438732956), 'z_s': np.float64(1.4802860921710645)}
--- Running DE for Cluster 2 ---
[DE] Process Pool with 16 procs (init=latinhypercube, popsize=50)
differential_evolution step 1: f(x)= 3000.0
differential_evolution step 2: f(x)= 175.52848274221046
differential_evolution step 3: f(x)= 175.52848274221046
differential_evolution step 4: f(x)= 175.52848274221046
differential_evolution step 5: f(x)= 127.98518110983355
differential_evolution step 6: f(x)= 127.98518110983355
differential_evolution step 7: f(x)= 44.612596801930586
differential_evolution step 8: f(x)= 44.612596801930586
differential_evolution step 9: f(x)= 44.612596801930586
differential_evolution step 10: f(x)= 44.612596801930586
differential_evolution step 11: f(x)= 44.612596801930586
differential_evolution step 12: f(x)= 44.612596801930586
differential_evolution step 13: f(x)= 44.612596801930586
differential_evolution step 14: f(x)= 44.612596801930586
differential_evolution step 15: f(x)= 44.612596801930586
differential_evolution step 16: f(x)= 44.612596801930586
differential_evolution step 17: f(x)= 44.612596801930586
differential_evolution step 18: f(x)= 44.612596801930586
differential_evolution step 19: f(x)= 44.612596801930586
differential_evolution step 20: f(x)= 44.612596801930586
differential_evolution step 21: f(x)= 44.612596801930586
differential_evolution step 22: f(x)= 44.612596801930586
differential_evolution step 23: f(x)= 44.612596801930586
differential_evolution step 24: f(x)= 44.612596801930586
differential_evolution step 25: f(x)= 44.612596801930586
differential_evolution step 26: f(x)= 44.612596801930586
differential_evolution step 27: f(x)= 44.612596801930586
differential_evolution step 28: f(x)= 44.612596801930586
differential_evolution step 29: f(x)= 44.612596801930586
differential_evolution step 30: f(x)= 44.612596801930586
differential_evolution step 31: f(x)= 44.612596801930586
differential_evolution step 32: f(x)= 44.612596801930586
differential_evolution step 33: f(x)= 44.612596801930586
differential_evolution step 34: f(x)= 44.612596801930586
differential_evolution step 35: f(x)= 44.612596801930586
differential_evolution step 36: f(x)= 44.612596801930586
differential_evolution step 37: f(x)= 40.6217682935869
differential_evolution step 38: f(x)= 40.6217682935869
differential_evolution step 39: f(x)= 40.6217682935869
differential_evolution step 40: f(x)= 40.6217682935869
differential_evolution step 41: f(x)= 40.6217682935869
differential_evolution step 42: f(x)= 40.6217682935869
differential_evolution step 43: f(x)= 40.6217682935869
differential_evolution step 44: f(x)= 40.6217682935869
differential_evolution step 45: f(x)= 40.6217682935869
differential_evolution step 46: f(x)= 39.405870849565005
differential_evolution step 47: f(x)= 39.405870849565005
differential_evolution step 48: f(x)= 39.405870849565005
differential_evolution step 49: f(x)= 39.405870849565005
differential_evolution step 50: f(x)= 39.405870849565005
differential_evolution step 51: f(x)= 39.405870849565005
differential_evolution step 52: f(x)= 39.405870849565005
differential_evolution step 53: f(x)= 31.833538031973966
differential_evolution step 54: f(x)= 31.833538031973966
differential_evolution step 55: f(x)= 15.04952396173831
differential_evolution step 56: f(x)= 15.04952396173831
differential_evolution step 57: f(x)= 15.04952396173831
differential_evolution step 58: f(x)= 15.04952396173831
differential_evolution step 59: f(x)= 15.04952396173831
differential_evolution step 60: f(x)= 15.04952396173831
differential_evolution step 61: f(x)= 15.04952396173831
differential_evolution step 62: f(x)= 15.04952396173831
differential_evolution step 63: f(x)= 15.04952396173831
differential_evolution step 64: f(x)= 15.04952396173831
differential_evolution step 65: f(x)= 15.04952396173831
differential_evolution step 66: f(x)= 15.04952396173831
differential_evolution step 67: f(x)= 15.04952396173831
differential_evolution step 68: f(x)= 15.04952396173831
differential_evolution step 69: f(x)= 15.04952396173831
differential_evolution step 70: f(x)= 15.04952396173831
differential_evolution step 71: f(x)= 9.948707657321616
differential_evolution step 72: f(x)= 9.948707657321616
differential_evolution step 73: f(x)= 9.948707657321616
differential_evolution step 74: f(x)= 9.948707657321616
differential_evolution step 75: f(x)= 9.948707657321616
differential_evolution step 76: f(x)= 9.948707657321616
differential_evolution step 77: f(x)= 9.948707657321616
differential_evolution step 78: f(x)= 9.948707657321616
differential_evolution step 79: f(x)= 9.948707657321616
differential_evolution step 80: f(x)= 9.948707657321616
differential_evolution step 81: f(x)= 9.948707657321616
differential_evolution step 82: f(x)= 9.948707657321616
differential_evolution step 83: f(x)= 9.948707657321616
differential_evolution step 84: f(x)= 9.948707657321616
differential_evolution step 85: f(x)= 9.948707657321616
differential_evolution step 86: f(x)= 9.948707657321616
differential_evolution step 87: f(x)= 9.948707657321616
differential_evolution step 88: f(x)= 9.948707657321616
differential_evolution step 89: f(x)= 9.948707657321616
differential_evolution step 90: f(x)= 9.948707657321616
differential_evolution step 91: f(x)= 9.948707657321616
differential_evolution step 92: f(x)= 9.948707657321616
differential_evolution step 93: f(x)= 9.948707657321616
differential_evolution step 94: f(x)= 9.948707657321616
differential_evolution step 95: f(x)= 9.948707657321616
differential_evolution step 96: f(x)= 9.948707657321616
differential_evolution step 97: f(x)= 9.948707657321616
differential_evolution step 98: f(x)= 9.948707657321616
differential_evolution step 99: f(x)= 9.948707657321616
differential_evolution step 100: f(x)= 9.948707657321616
differential_evolution step 101: f(x)= 9.948707657321616
differential_evolution step 102: f(x)= 9.948707657321616
differential_evolution step 103: f(x)= 9.948707657321616
differential_evolution step 104: f(x)= 9.948707657321616
differential_evolution step 105: f(x)= 9.948707657321616
differential_evolution step 106: f(x)= 9.948707657321616
differential_evolution step 107: f(x)= 9.948707657321616
differential_evolution step 108: f(x)= 9.948707657321616
differential_evolution step 109: f(x)= 9.948707657321616
differential_evolution step 110: f(x)= 9.948707657321616
differential_evolution step 111: f(x)= 9.948707657321616
differential_evolution step 112: f(x)= 9.948707657321616
differential_evolution step 113: f(x)= 9.948707657321616
differential_evolution step 114: f(x)= 9.948707657321616
differential_evolution step 115: f(x)= 9.948707657321616
differential_evolution step 116: f(x)= 9.948707657321616
differential_evolution step 117: f(x)= 9.948707657321616
differential_evolution step 118: f(x)= 9.948707657321616
differential_evolution step 119: f(x)= 9.948707657321616
differential_evolution step 120: f(x)= 9.948707657321616
differential_evolution step 121: f(x)= 9.948707657321616
differential_evolution step 122: f(x)= 9.948707657321616
differential_evolution step 123: f(x)= 9.948707657321616
differential_evolution step 124: f(x)= 9.948707657321616
differential_evolution step 125: f(x)= 9.948707657321616
differential_evolution step 126: f(x)= 9.948707657321616
differential_evolution step 127: f(x)= 9.948707657321616
differential_evolution step 128: f(x)= 9.948707657321616
differential_evolution step 129: f(x)= 9.948707657321616
differential_evolution step 130: f(x)= 9.948707657321616
differential_evolution step 131: f(x)= 8.33244926372746
differential_evolution step 132: f(x)= 8.33244926372746
differential_evolution step 133: f(x)= 8.33244926372746
differential_evolution step 134: f(x)= 2.333212042710753
differential_evolution step 135: f(x)= 2.333212042710753
differential_evolution step 136: f(x)= 2.333212042710753
differential_evolution step 137: f(x)= 2.333212042710753
differential_evolution step 138: f(x)= 2.333212042710753
differential_evolution step 139: f(x)= 2.333212042710753
differential_evolution step 140: f(x)= 2.333212042710753
differential_evolution step 141: f(x)= 2.333212042710753
differential_evolution step 142: f(x)= 2.333212042710753
differential_evolution step 143: f(x)= 2.333212042710753
differential_evolution step 144: f(x)= 2.333212042710753
differential_evolution step 145: f(x)= 2.333212042710753
differential_evolution step 146: f(x)= 2.333212042710753
differential_evolution step 147: f(x)= 2.333212042710753
differential_evolution step 148: f(x)= 2.333212042710753
differential_evolution step 149: f(x)= 2.333212042710753
differential_evolution step 150: f(x)= 2.333212042710753
differential_evolution step 151: f(x)= 2.333212042710753
differential_evolution step 152: f(x)= 2.333212042710753
differential_evolution step 153: f(x)= 2.333212042710753
differential_evolution step 154: f(x)= 2.333212042710753
differential_evolution step 155: f(x)= 2.333212042710753
differential_evolution step 156: f(x)= 2.333212042710753
differential_evolution step 157: f(x)= 2.333212042710753
differential_evolution step 158: f(x)= 2.333212042710753
differential_evolution step 159: f(x)= 2.333212042710753
differential_evolution step 160: f(x)= 2.333212042710753
differential_evolution step 161: f(x)= 2.333212042710753
differential_evolution step 162: f(x)= 2.333212042710753
differential_evolution step 163: f(x)= 2.333212042710753
differential_evolution step 164: f(x)= 2.333212042710753
differential_evolution step 165: f(x)= 2.333212042710753
differential_evolution step 166: f(x)= 2.333212042710753
differential_evolution step 167: f(x)= 2.333212042710753
differential_evolution step 168: f(x)= 2.333212042710753
differential_evolution step 169: f(x)= 2.333212042710753
differential_evolution step 170: f(x)= 2.333212042710753
differential_evolution step 171: f(x)= 2.333212042710753
differential_evolution step 172: f(x)= 2.333212042710753
differential_evolution step 173: f(x)= 2.333212042710753
differential_evolution step 174: f(x)= 2.333212042710753
differential_evolution step 175: f(x)= 2.333212042710753
differential_evolution step 176: f(x)= 2.333212042710753
differential_evolution step 177: f(x)= 2.333212042710753
differential_evolution step 178: f(x)= 2.333212042710753
differential_evolution step 179: f(x)= 2.333212042710753
differential_evolution step 180: f(x)= 1.1853735801769962
differential_evolution step 181: f(x)= 0.5076146419817004
differential_evolution step 182: f(x)= 0.5076146419817004
differential_evolution step 183: f(x)= 0.5076146419817004
differential_evolution step 184: f(x)= 0.5076146419817004
differential_evolution step 185: f(x)= 0.5076146419817004
differential_evolution step 186: f(x)= 0.37668684323449464
differential_evolution step 187: f(x)= 0.37668684323449464
differential_evolution step 188: f(x)= 0.37668684323449464
differential_evolution step 189: f(x)= 0.37668684323449464
differential_evolution step 190: f(x)= 0.37668684323449464
differential_evolution step 191: f(x)= 0.3000337446803334
differential_evolution step 192: f(x)= 0.3000337446803334
differential_evolution step 193: f(x)= 0.3000337446803334
differential_evolution step 194: f(x)= 0.3000337446803334
differential_evolution step 195: f(x)= 0.3000337446803334
differential_evolution step 196: f(x)= 0.3000337446803334
differential_evolution step 197: f(x)= 0.3000337446803334
differential_evolution step 198: f(x)= 0.236446256266093
differential_evolution step 199: f(x)= 0.236446256266093
differential_evolution step 200: f(x)= 0.2244146742945641
Cluster 2 DE best chi^2: 0.224 with params {'x_src': np.float64(94.42808753855296), 'y_src': np.float64(97.25317389843042), 'z_s': np.float64(3.244021021769614)}
--- Running DE for Cluster 3 ---
[DE] Process Pool with 16 procs (init=latinhypercube, popsize=50)
differential_evolution step 1: f(x)= 3000.0
differential_evolution step 2: f(x)= 3000.0
differential_evolution step 3: f(x)= 3000.0
differential_evolution step 4: f(x)= 3000.0
differential_evolution step 5: f(x)= 3000.0
differential_evolution step 6: f(x)= 3000.0
differential_evolution step 7: f(x)= 3000.0
differential_evolution step 8: f(x)= 3000.0
differential_evolution step 9: f(x)= 3000.0
differential_evolution step 10: f(x)= 3000.0
differential_evolution step 11: f(x)= 3000.0
differential_evolution step 12: f(x)= 3000.0
differential_evolution step 13: f(x)= 3000.0
differential_evolution step 14: f(x)= 3000.0
differential_evolution step 15: f(x)= 3000.0
differential_evolution step 16: f(x)= 3000.0
differential_evolution step 17: f(x)= 3000.0
differential_evolution step 18: f(x)= 3000.0
differential_evolution step 19: f(x)= 3000.0
differential_evolution step 20: f(x)= 3000.0
differential_evolution step 21: f(x)= 3000.0
differential_evolution step 22: f(x)= 3000.0
differential_evolution step 23: f(x)= 3000.0
differential_evolution step 24: f(x)= 3000.0
differential_evolution step 25: f(x)= 3000.0
differential_evolution step 26: f(x)= 3000.0
differential_evolution step 27: f(x)= 3000.0
differential_evolution step 28: f(x)= 3000.0
differential_evolution step 29: f(x)= 3000.0
differential_evolution step 30: f(x)= 3000.0
differential_evolution step 31: f(x)= 3000.0
differential_evolution step 32: f(x)= 3000.0
differential_evolution step 33: f(x)= 3000.0
differential_evolution step 34: f(x)= 3000.0
differential_evolution step 35: f(x)= 3000.0
differential_evolution step 36: f(x)= 3000.0
differential_evolution step 37: f(x)= 3000.0
differential_evolution step 38: f(x)= 3000.0
differential_evolution step 39: f(x)= 3000.0
differential_evolution step 40: f(x)= 3000.0
differential_evolution step 41: f(x)= 3000.0
differential_evolution step 42: f(x)= 3000.0
differential_evolution step 43: f(x)= 3000.0
differential_evolution step 44: f(x)= 3000.0
differential_evolution step 45: f(x)= 3000.0
differential_evolution step 46: f(x)= 3000.0
differential_evolution step 47: f(x)= 3000.0
differential_evolution step 48: f(x)= 3000.0
differential_evolution step 49: f(x)= 3000.0
differential_evolution step 50: f(x)= 3000.0
differential_evolution step 51: f(x)= 3000.0
differential_evolution step 52: f(x)= 3000.0
differential_evolution step 53: f(x)= 3000.0
differential_evolution step 54: f(x)= 3000.0
differential_evolution step 55: f(x)= 3000.0
differential_evolution step 56: f(x)= 3000.0
differential_evolution step 57: f(x)= 3000.0
differential_evolution step 58: f(x)= 3000.0
differential_evolution step 59: f(x)= 3000.0
differential_evolution step 60: f(x)= 3000.0
differential_evolution step 61: f(x)= 3000.0
differential_evolution step 62: f(x)= 3000.0
differential_evolution step 63: f(x)= 3000.0
differential_evolution step 64: f(x)= 3000.0
differential_evolution step 65: f(x)= 3000.0
differential_evolution step 66: f(x)= 3000.0
differential_evolution step 67: f(x)= 3000.0
differential_evolution step 68: f(x)= 3000.0
differential_evolution step 69: f(x)= 3000.0
differential_evolution step 70: f(x)= 3000.0
differential_evolution step 71: f(x)= 3000.0
differential_evolution step 72: f(x)= 3000.0
differential_evolution step 73: f(x)= 3000.0
differential_evolution step 74: f(x)= 3000.0
differential_evolution step 75: f(x)= 3000.0
differential_evolution step 76: f(x)= 3000.0
differential_evolution step 77: f(x)= 3000.0
differential_evolution step 78: f(x)= 3000.0
differential_evolution step 79: f(x)= 3000.0
differential_evolution step 80: f(x)= 3000.0
differential_evolution step 81: f(x)= 3000.0
differential_evolution step 82: f(x)= 3000.0
differential_evolution step 83: f(x)= 3000.0
differential_evolution step 84: f(x)= 3000.0
differential_evolution step 85: f(x)= 3000.0
differential_evolution step 86: f(x)= 3000.0
differential_evolution step 87: f(x)= 3000.0
differential_evolution step 88: f(x)= 3000.0
differential_evolution step 89: f(x)= 3000.0
differential_evolution step 90: f(x)= 3000.0
differential_evolution step 91: f(x)= 3000.0
differential_evolution step 92: f(x)= 3000.0
differential_evolution step 93: f(x)= 3000.0
differential_evolution step 94: f(x)= 3000.0
differential_evolution step 95: f(x)= 3000.0
differential_evolution step 96: f(x)= 3000.0
differential_evolution step 97: f(x)= 3000.0
differential_evolution step 98: f(x)= 3000.0
differential_evolution step 99: f(x)= 3000.0
differential_evolution step 100: f(x)= 3000.0
differential_evolution step 101: f(x)= 3000.0
differential_evolution step 102: f(x)= 3000.0
differential_evolution step 103: f(x)= 3000.0
differential_evolution step 104: f(x)= 3000.0
differential_evolution step 105: f(x)= 3000.0
differential_evolution step 106: f(x)= 3000.0
differential_evolution step 107: f(x)= 3000.0
differential_evolution step 108: f(x)= 3000.0
differential_evolution step 109: f(x)= 3000.0
differential_evolution step 110: f(x)= 3000.0
differential_evolution step 111: f(x)= 3000.0
differential_evolution step 112: f(x)= 3000.0
differential_evolution step 113: f(x)= 3000.0
differential_evolution step 114: f(x)= 3000.0
differential_evolution step 115: f(x)= 3000.0
differential_evolution step 116: f(x)= 3000.0
differential_evolution step 117: f(x)= 3000.0
differential_evolution step 118: f(x)= 3000.0
differential_evolution step 119: f(x)= 3000.0
differential_evolution step 120: f(x)= 3000.0
differential_evolution step 121: f(x)= 3000.0
differential_evolution step 122: f(x)= 3000.0
differential_evolution step 123: f(x)= 3000.0
differential_evolution step 124: f(x)= 3000.0
differential_evolution step 125: f(x)= 3000.0
differential_evolution step 126: f(x)= 3000.0
differential_evolution step 127: f(x)= 3000.0
differential_evolution step 128: f(x)= 3000.0
differential_evolution step 129: f(x)= 1268.396365892571
differential_evolution step 130: f(x)= 1268.396365892571
differential_evolution step 131: f(x)= 1268.396365892571
differential_evolution step 132: f(x)= 1268.396365892571
differential_evolution step 133: f(x)= 1268.396365892571
differential_evolution step 134: f(x)= 1268.396365892571
differential_evolution step 135: f(x)= 1268.396365892571
differential_evolution step 136: f(x)= 1268.396365892571
differential_evolution step 137: f(x)= 1268.396365892571
differential_evolution step 138: f(x)= 1268.396365892571
differential_evolution step 139: f(x)= 1268.396365892571
differential_evolution step 140: f(x)= 1268.396365892571
differential_evolution step 141: f(x)= 1268.396365892571
differential_evolution step 142: f(x)= 1268.396365892571
differential_evolution step 143: f(x)= 1268.396365892571
differential_evolution step 144: f(x)= 1268.396365892571
differential_evolution step 145: f(x)= 1268.396365892571
differential_evolution step 146: f(x)= 1268.396365892571
differential_evolution step 147: f(x)= 1268.396365892571
differential_evolution step 148: f(x)= 1268.396365892571
differential_evolution step 149: f(x)= 1268.396365892571
differential_evolution step 150: f(x)= 1268.396365892571
differential_evolution step 151: f(x)= 1268.396365892571
differential_evolution step 152: f(x)= 1268.396365892571
differential_evolution step 153: f(x)= 1268.396365892571
differential_evolution step 154: f(x)= 1268.396365892571
differential_evolution step 155: f(x)= 1268.396365892571
differential_evolution step 156: f(x)= 1268.396365892571
differential_evolution step 157: f(x)= 1268.396365892571
differential_evolution step 158: f(x)= 1268.396365892571
differential_evolution step 159: f(x)= 1268.396365892571
differential_evolution step 160: f(x)= 1268.396365892571
differential_evolution step 161: f(x)= 1268.396365892571
differential_evolution step 162: f(x)= 1268.396365892571
differential_evolution step 163: f(x)= 1268.396365892571
differential_evolution step 164: f(x)= 1268.396365892571
differential_evolution step 165: f(x)= 1268.396365892571
differential_evolution step 166: f(x)= 1268.396365892571
differential_evolution step 167: f(x)= 1268.396365892571
differential_evolution step 168: f(x)= 1268.396365892571
differential_evolution step 169: f(x)= 1268.396365892571
differential_evolution step 170: f(x)= 1268.396365892571
differential_evolution step 171: f(x)= 1268.396365892571
differential_evolution step 172: f(x)= 1268.396365892571
differential_evolution step 173: f(x)= 1268.396365892571
differential_evolution step 174: f(x)= 1268.396365892571
differential_evolution step 175: f(x)= 1268.396365892571
differential_evolution step 176: f(x)= 1268.396365892571
differential_evolution step 177: f(x)= 1268.396365892571
differential_evolution step 178: f(x)= 1268.396365892571
differential_evolution step 179: f(x)= 1268.396365892571
differential_evolution step 180: f(x)= 1268.396365892571
differential_evolution step 181: f(x)= 1268.396365892571
differential_evolution step 182: f(x)= 1268.396365892571
differential_evolution step 183: f(x)= 1268.396365892571
differential_evolution step 184: f(x)= 1268.396365892571
differential_evolution step 185: f(x)= 1268.396365892571
differential_evolution step 186: f(x)= 1268.396365892571
differential_evolution step 187: f(x)= 1268.396365892571
differential_evolution step 188: f(x)= 1268.396365892571
differential_evolution step 189: f(x)= 1268.396365892571
differential_evolution step 190: f(x)= 1268.396365892571
differential_evolution step 191: f(x)= 1268.396365892571
differential_evolution step 192: f(x)= 1268.396365892571
differential_evolution step 193: f(x)= 1268.396365892571
differential_evolution step 194: f(x)= 1268.396365892571
differential_evolution step 195: f(x)= 1268.396365892571
differential_evolution step 196: f(x)= 1268.396365892571
differential_evolution step 197: f(x)= 1268.396365892571
differential_evolution step 198: f(x)= 1268.396365892571
differential_evolution step 199: f(x)= 1268.396365892571
differential_evolution step 200: f(x)= 1268.396365892571
Cluster 3 DE best chi^2: 1268.396 with params {'x_src': np.float64(111.7288773972102), 'y_src': np.float64(119.33601484525362), 'z_s': np.float64(4.566892039015919)}
--- Running DE for Cluster 4 ---
[DE] Process Pool with 16 procs (init=latinhypercube, popsize=50)
differential_evolution step 1: f(x)= 3000.0
differential_evolution step 2: f(x)= 3000.0
differential_evolution step 3: f(x)= 3000.0
differential_evolution step 4: f(x)= 3000.0
differential_evolution step 5: f(x)= 3000.0
differential_evolution step 6: f(x)= 3000.0
differential_evolution step 7: f(x)= 3000.0
differential_evolution step 8: f(x)= 3000.0
differential_evolution step 9: f(x)= 3000.0
differential_evolution step 10: f(x)= 3000.0
differential_evolution step 11: f(x)= 3000.0
differential_evolution step 12: f(x)= 3000.0
differential_evolution step 13: f(x)= 3000.0
differential_evolution step 14: f(x)= 1585.1937975662677
differential_evolution step 15: f(x)= 1585.1937975662677
differential_evolution step 16: f(x)= 1230.5861713887311
differential_evolution step 17: f(x)= 1230.5861713887311
differential_evolution step 18: f(x)= 1230.5861713887311
differential_evolution step 19: f(x)= 1230.5861713887311
differential_evolution step 20: f(x)= 1230.5861713887311
differential_evolution step 21: f(x)= 1230.5861713887311
differential_evolution step 22: f(x)= 1230.5861713887311
differential_evolution step 23: f(x)= 1230.5861713887311
differential_evolution step 24: f(x)= 1230.5861713887311
differential_evolution step 25: f(x)= 1230.5861713887311
differential_evolution step 26: f(x)= 1230.5861713887311
differential_evolution step 27: f(x)= 1230.5861713887311
differential_evolution step 28: f(x)= 1230.5861713887311
differential_evolution step 29: f(x)= 395.74685259680695
differential_evolution step 30: f(x)= 395.74685259680695
differential_evolution step 31: f(x)= 395.74685259680695
differential_evolution step 32: f(x)= 395.74685259680695
differential_evolution step 33: f(x)= 395.74685259680695
differential_evolution step 34: f(x)= 395.74685259680695
differential_evolution step 35: f(x)= 395.74685259680695
differential_evolution step 36: f(x)= 395.74685259680695
differential_evolution step 37: f(x)= 395.74685259680695
differential_evolution step 38: f(x)= 395.74685259680695
differential_evolution step 39: f(x)= 395.74685259680695
differential_evolution step 40: f(x)= 395.74685259680695
differential_evolution step 41: f(x)= 395.74685259680695
differential_evolution step 42: f(x)= 395.74685259680695
differential_evolution step 43: f(x)= 395.74685259680695
differential_evolution step 44: f(x)= 395.74685259680695
differential_evolution step 45: f(x)= 395.74685259680695
differential_evolution step 46: f(x)= 395.74685259680695
differential_evolution step 47: f(x)= 395.74685259680695
differential_evolution step 48: f(x)= 395.74685259680695
differential_evolution step 49: f(x)= 395.74685259680695
differential_evolution step 50: f(x)= 395.74685259680695
differential_evolution step 51: f(x)= 395.74685259680695
differential_evolution step 52: f(x)= 395.74685259680695
differential_evolution step 53: f(x)= 395.74685259680695
differential_evolution step 54: f(x)= 395.74685259680695
differential_evolution step 55: f(x)= 395.74685259680695
differential_evolution step 56: f(x)= 395.74685259680695
differential_evolution step 57: f(x)= 395.74685259680695
differential_evolution step 58: f(x)= 395.74685259680695
differential_evolution step 59: f(x)= 395.74685259680695
differential_evolution step 60: f(x)= 395.74685259680695
differential_evolution step 61: f(x)= 395.74685259680695
differential_evolution step 62: f(x)= 395.74685259680695
differential_evolution step 63: f(x)= 395.74685259680695
differential_evolution step 64: f(x)= 395.74685259680695
differential_evolution step 65: f(x)= 230.00001537798954
differential_evolution step 66: f(x)= 230.00001537798954
differential_evolution step 67: f(x)= 230.00001537798954
differential_evolution step 68: f(x)= 230.00001537798954
differential_evolution step 69: f(x)= 230.00001537798954
differential_evolution step 70: f(x)= 230.00001537798954
differential_evolution step 71: f(x)= 230.00001537798954
differential_evolution step 72: f(x)= 230.00001537798954
differential_evolution step 73: f(x)= 230.00001537798954
differential_evolution step 74: f(x)= 230.00001537798954
differential_evolution step 75: f(x)= 230.00001537798954
differential_evolution step 76: f(x)= 230.00001537798954
differential_evolution step 77: f(x)= 230.00001537798954
differential_evolution step 78: f(x)= 230.00001537798954
differential_evolution step 79: f(x)= 230.00001537798954
differential_evolution step 80: f(x)= 230.00001537798954
differential_evolution step 81: f(x)= 230.00001537798954
differential_evolution step 82: f(x)= 230.00001537798954
differential_evolution step 83: f(x)= 230.00001537798954
differential_evolution step 84: f(x)= 230.00001537798954
differential_evolution step 85: f(x)= 230.00001537798954
differential_evolution step 86: f(x)= 230.00001537798954
differential_evolution step 87: f(x)= 230.00001537798954
differential_evolution step 88: f(x)= 230.00001537798954
differential_evolution step 89: f(x)= 230.00001537798954
differential_evolution step 90: f(x)= 230.00001537798954
differential_evolution step 91: f(x)= 230.00001537798954
differential_evolution step 92: f(x)= 230.00001537798954
differential_evolution step 93: f(x)= 230.00001537798954
differential_evolution step 94: f(x)= 230.00001537798954
differential_evolution step 95: f(x)= 230.00001537798954
differential_evolution step 96: f(x)= 230.00001537798954
differential_evolution step 97: f(x)= 230.00001537798954
differential_evolution step 98: f(x)= 230.00001537798954
differential_evolution step 99: f(x)= 230.00001537798954
differential_evolution step 100: f(x)= 230.00001537798954
differential_evolution step 101: f(x)= 230.00001537798954
differential_evolution step 102: f(x)= 230.00001537798954
differential_evolution step 103: f(x)= 230.00001537798954
differential_evolution step 104: f(x)= 230.00001537798954
differential_evolution step 105: f(x)= 230.00001537798954
differential_evolution step 106: f(x)= 230.00001537798954
differential_evolution step 107: f(x)= 230.00001537798954
differential_evolution step 108: f(x)= 230.00001537798954
differential_evolution step 109: f(x)= 230.00001537798954
differential_evolution step 110: f(x)= 230.00001537798954
differential_evolution step 111: f(x)= 230.00001537798954
differential_evolution step 112: f(x)= 230.00001537798954
differential_evolution step 113: f(x)= 230.00001537798954
differential_evolution step 114: f(x)= 230.00001537798954
differential_evolution step 115: f(x)= 230.00001537798954
differential_evolution step 116: f(x)= 230.00001537798954
differential_evolution step 117: f(x)= 230.00001537798954
differential_evolution step 118: f(x)= 230.00001537798954
differential_evolution step 119: f(x)= 230.00001537798954
differential_evolution step 120: f(x)= 230.00001537798954
differential_evolution step 121: f(x)= 230.00001537798954
differential_evolution step 122: f(x)= 230.00001537798954
differential_evolution step 123: f(x)= 230.00001537798954
differential_evolution step 124: f(x)= 230.00001537798954
differential_evolution step 125: f(x)= 230.00001537798954
differential_evolution step 126: f(x)= 230.00001537798954
differential_evolution step 127: f(x)= 230.00001537798954
differential_evolution step 128: f(x)= 230.00001537798954
differential_evolution step 129: f(x)= 230.00001537798954
differential_evolution step 130: f(x)= 230.00001537798954
differential_evolution step 131: f(x)= 230.00001537798954
differential_evolution step 132: f(x)= 230.00001537798954
differential_evolution step 133: f(x)= 230.00001537798954
differential_evolution step 134: f(x)= 230.00001537798954
differential_evolution step 135: f(x)= 230.00001537798954
differential_evolution step 136: f(x)= 230.00001537798954
differential_evolution step 137: f(x)= 230.00001537798954
differential_evolution step 138: f(x)= 230.00001537798954
differential_evolution step 139: f(x)= 230.00001537798954
differential_evolution step 140: f(x)= 230.00001537798954
differential_evolution step 141: f(x)= 230.00001537798954
differential_evolution step 142: f(x)= 230.00001537798954
differential_evolution step 143: f(x)= 230.00001537798954
differential_evolution step 144: f(x)= 230.00001537798954
differential_evolution step 145: f(x)= 230.00001537798954
differential_evolution step 146: f(x)= 230.00001537798954
differential_evolution step 147: f(x)= 230.00001537798954
differential_evolution step 148: f(x)= 230.00001537798954
differential_evolution step 149: f(x)= 230.00001537798954
differential_evolution step 150: f(x)= 230.00001537798954
differential_evolution step 151: f(x)= 230.00001537798954
differential_evolution step 152: f(x)= 230.00001537798954
differential_evolution step 153: f(x)= 230.00001537798954
differential_evolution step 154: f(x)= 230.00001537798954
differential_evolution step 155: f(x)= 230.00001537798954
differential_evolution step 156: f(x)= 230.00001537798954
differential_evolution step 157: f(x)= 230.00001537798954
differential_evolution step 158: f(x)= 230.00001537798954
differential_evolution step 159: f(x)= 230.00001537798954
differential_evolution step 160: f(x)= 230.00001537798954
differential_evolution step 161: f(x)= 230.00001537798954
differential_evolution step 162: f(x)= 230.00001537798954
differential_evolution step 163: f(x)= 230.00001537798954
differential_evolution step 164: f(x)= 230.00001537798954
differential_evolution step 165: f(x)= 230.00001537798954
differential_evolution step 166: f(x)= 230.00001537798954
differential_evolution step 167: f(x)= 230.00001537798954
differential_evolution step 168: f(x)= 230.00001537798954
differential_evolution step 169: f(x)= 230.00001537798954
differential_evolution step 170: f(x)= 230.00001537798954
differential_evolution step 171: f(x)= 230.00001537798954
differential_evolution step 172: f(x)= 159.37476528666997
differential_evolution step 173: f(x)= 159.37476528666997
differential_evolution step 174: f(x)= 159.37476528666997
differential_evolution step 175: f(x)= 159.37476528666997
differential_evolution step 176: f(x)= 159.37476528666997
differential_evolution step 177: f(x)= 159.37476528666997
differential_evolution step 178: f(x)= 159.37476528666997
differential_evolution step 179: f(x)= 159.37476528666997
differential_evolution step 180: f(x)= 159.37476528666997
differential_evolution step 181: f(x)= 159.37476528666997
differential_evolution step 182: f(x)= 159.37476528666997
differential_evolution step 183: f(x)= 159.37476528666997
differential_evolution step 184: f(x)= 159.37476528666997
differential_evolution step 185: f(x)= 159.37476528666997
differential_evolution step 186: f(x)= 159.37476528666997
differential_evolution step 187: f(x)= 159.37476528666997
differential_evolution step 188: f(x)= 159.37476528666997
differential_evolution step 189: f(x)= 159.37476528666997
differential_evolution step 190: f(x)= 159.37476528666997
differential_evolution step 191: f(x)= 159.37476528666997
differential_evolution step 192: f(x)= 159.37476528666997
differential_evolution step 193: f(x)= 159.37476528666997
differential_evolution step 194: f(x)= 159.37476528666997
differential_evolution step 195: f(x)= 159.37476528666997
differential_evolution step 196: f(x)= 159.37476528666997
differential_evolution step 197: f(x)= 159.37476528666997
differential_evolution step 198: f(x)= 159.37476528666997
differential_evolution step 199: f(x)= 159.37476528666997
differential_evolution step 200: f(x)= 159.37476528666997
Cluster 4 DE best chi^2: 159.375 with params {'x_src': np.float64(210.70980945949435), 'y_src': np.float64(223.05276916900527), 'z_s': np.float64(2.6883016583342836)}
--- Running DE for Cluster 5 ---
[DE] Process Pool with 16 procs (init=latinhypercube, popsize=50)
differential_evolution step 1: f(x)= 4242.640687119286
differential_evolution step 2: f(x)= 4242.640687119286
differential_evolution step 3: f(x)= 4242.640687119286
differential_evolution step 4: f(x)= 4242.640687119286
differential_evolution step 5: f(x)= 4242.640687119286
differential_evolution step 6: f(x)= 3000.0
differential_evolution step 7: f(x)= 3000.0
differential_evolution step 8: f(x)= 3000.0
differential_evolution step 9: f(x)= 3000.0
differential_evolution step 10: f(x)= 3000.0
differential_evolution step 11: f(x)= 3000.0
differential_evolution step 12: f(x)= 3000.0
differential_evolution step 13: f(x)= 1294.7647823253778
differential_evolution step 14: f(x)= 1294.7647823253778
differential_evolution step 15: f(x)= 1294.7647823253778
differential_evolution step 16: f(x)= 227.87181440914748
differential_evolution step 17: f(x)= 227.87181440914748
differential_evolution step 18: f(x)= 227.87181440914748
differential_evolution step 19: f(x)= 227.87181440914748
differential_evolution step 20: f(x)= 227.87181440914748
differential_evolution step 21: f(x)= 227.87181440914748
differential_evolution step 22: f(x)= 91.38549694941042
differential_evolution step 23: f(x)= 91.38549694941042
differential_evolution step 24: f(x)= 91.38549694941042
differential_evolution step 25: f(x)= 91.38549694941042
differential_evolution step 26: f(x)= 91.38549694941042
differential_evolution step 27: f(x)= 91.38549694941042
differential_evolution step 28: f(x)= 91.38549694941042
differential_evolution step 29: f(x)= 91.38549694941042
differential_evolution step 30: f(x)= 91.38549694941042
differential_evolution step 31: f(x)= 91.38549694941042
differential_evolution step 32: f(x)= 91.38549694941042
differential_evolution step 33: f(x)= 91.38549694941042
differential_evolution step 34: f(x)= 91.38549694941042
differential_evolution step 35: f(x)= 91.38549694941042
differential_evolution step 36: f(x)= 91.38549694941042
differential_evolution step 37: f(x)= 91.38549694941042
differential_evolution step 38: f(x)= 91.38549694941042
differential_evolution step 39: f(x)= 91.38549694941042
differential_evolution step 40: f(x)= 91.38549694941042
differential_evolution step 41: f(x)= 91.38549694941042
differential_evolution step 42: f(x)= 91.38549694941042
differential_evolution step 43: f(x)= 91.38549694941042
differential_evolution step 44: f(x)= 91.38549694941042
differential_evolution step 45: f(x)= 91.38549694941042
differential_evolution step 46: f(x)= 91.38549694941042
differential_evolution step 47: f(x)= 91.38549694941042
differential_evolution step 48: f(x)= 91.38549694941042
differential_evolution step 49: f(x)= 91.38549694941042
differential_evolution step 50: f(x)= 91.38549694941042
differential_evolution step 51: f(x)= 91.38549694941042
differential_evolution step 52: f(x)= 91.38549694941042
differential_evolution step 53: f(x)= 91.38549694941042
differential_evolution step 54: f(x)= 91.38549694941042
differential_evolution step 55: f(x)= 91.38549694941042
differential_evolution step 56: f(x)= 91.38549694941042
differential_evolution step 57: f(x)= 91.38549694941042
differential_evolution step 58: f(x)= 91.38549694941042
differential_evolution step 59: f(x)= 91.38549694941042
differential_evolution step 60: f(x)= 91.38549694941042
differential_evolution step 61: f(x)= 91.38549694941042
differential_evolution step 62: f(x)= 91.38549694941042
differential_evolution step 63: f(x)= 91.38549694941042
differential_evolution step 64: f(x)= 91.38549694941042
differential_evolution step 65: f(x)= 91.38549694941042
differential_evolution step 66: f(x)= 91.38549694941042
differential_evolution step 67: f(x)= 91.38549694941042
differential_evolution step 68: f(x)= 91.38549694941042
differential_evolution step 69: f(x)= 91.38549694941042
differential_evolution step 70: f(x)= 91.38549694941042
differential_evolution step 71: f(x)= 91.38549694941042
differential_evolution step 72: f(x)= 91.38549694941042
differential_evolution step 73: f(x)= 77.44726683639428
differential_evolution step 74: f(x)= 77.44726683639428
differential_evolution step 75: f(x)= 77.44726683639428
differential_evolution step 76: f(x)= 77.44726683639428
differential_evolution step 77: f(x)= 77.44726683639428
differential_evolution step 78: f(x)= 77.44726683639428
differential_evolution step 79: f(x)= 77.44726683639428
differential_evolution step 80: f(x)= 77.44726683639428
differential_evolution step 81: f(x)= 77.44726683639428
differential_evolution step 82: f(x)= 77.44726683639428
differential_evolution step 83: f(x)= 77.44726683639428
differential_evolution step 84: f(x)= 77.44726683639428
differential_evolution step 85: f(x)= 77.44726683639428
differential_evolution step 86: f(x)= 77.44726683639428
differential_evolution step 87: f(x)= 77.44726683639428
differential_evolution step 88: f(x)= 77.44726683639428
differential_evolution step 89: f(x)= 77.44726683639428
differential_evolution step 90: f(x)= 77.44726683639428
differential_evolution step 91: f(x)= 77.44726683639428
differential_evolution step 92: f(x)= 74.26215128451511
differential_evolution step 93: f(x)= 74.26215128451511
differential_evolution step 94: f(x)= 74.26215128451511
differential_evolution step 95: f(x)= 65.31563399887466
differential_evolution step 96: f(x)= 65.31563399887466
differential_evolution step 97: f(x)= 65.31563399887466
differential_evolution step 98: f(x)= 65.31563399887466
differential_evolution step 99: f(x)= 65.31563399887466
differential_evolution step 100: f(x)= 65.31563399887466
differential_evolution step 101: f(x)= 65.31563399887466
differential_evolution step 102: f(x)= 52.19425858198302
differential_evolution step 103: f(x)= 52.19425858198302
differential_evolution step 104: f(x)= 52.19425858198302
differential_evolution step 105: f(x)= 52.19425858198302
differential_evolution step 106: f(x)= 52.19425858198302
differential_evolution step 107: f(x)= 52.19425858198302
differential_evolution step 108: f(x)= 52.19425858198302
differential_evolution step 109: f(x)= 52.19425858198302
differential_evolution step 110: f(x)= 47.2946327274353
differential_evolution step 111: f(x)= 47.2946327274353
differential_evolution step 112: f(x)= 47.2946327274353
differential_evolution step 113: f(x)= 47.2946327274353
differential_evolution step 114: f(x)= 47.2946327274353
differential_evolution step 115: f(x)= 47.2946327274353
differential_evolution step 116: f(x)= 47.2946327274353
differential_evolution step 117: f(x)= 47.2946327274353
differential_evolution step 118: f(x)= 47.2946327274353
differential_evolution step 119: f(x)= 47.2946327274353
differential_evolution step 120: f(x)= 47.2946327274353
differential_evolution step 121: f(x)= 47.2946327274353
differential_evolution step 122: f(x)= 47.2946327274353
differential_evolution step 123: f(x)= 37.92617474059814
differential_evolution step 124: f(x)= 37.92617474059814
differential_evolution step 125: f(x)= 37.92617474059814
differential_evolution step 126: f(x)= 37.92617474059814
differential_evolution step 127: f(x)= 37.92617474059814
differential_evolution step 128: f(x)= 37.92617474059814
differential_evolution step 129: f(x)= 37.92617474059814
differential_evolution step 130: f(x)= 37.92617474059814
differential_evolution step 131: f(x)= 37.92617474059814
differential_evolution step 132: f(x)= 37.92617474059814
differential_evolution step 133: f(x)= 37.92617474059814
differential_evolution step 134: f(x)= 37.92617474059814
differential_evolution step 135: f(x)= 37.92617474059814
differential_evolution step 136: f(x)= 37.92617474059814
differential_evolution step 137: f(x)= 37.92617474059814
differential_evolution step 138: f(x)= 36.56480319061894
differential_evolution step 139: f(x)= 36.56480319061894
differential_evolution step 140: f(x)= 36.56480319061894
differential_evolution step 141: f(x)= 36.56480319061894
differential_evolution step 142: f(x)= 36.56480319061894
differential_evolution step 143: f(x)= 36.56480319061894
differential_evolution step 144: f(x)= 36.56480319061894
differential_evolution step 145: f(x)= 36.56480319061894
differential_evolution step 146: f(x)= 36.56480319061894
differential_evolution step 147: f(x)= 36.56480319061894
differential_evolution step 148: f(x)= 36.56480319061894
differential_evolution step 149: f(x)= 31.405675421514296
differential_evolution step 150: f(x)= 31.405675421514296
differential_evolution step 151: f(x)= 31.405675421514296
differential_evolution step 152: f(x)= 31.405675421514296
differential_evolution step 153: f(x)= 31.405675421514296
differential_evolution step 154: f(x)= 31.405675421514296
differential_evolution step 155: f(x)= 31.405675421514296
differential_evolution step 156: f(x)= 31.405675421514296
differential_evolution step 157: f(x)= 31.405675421514296
differential_evolution step 158: f(x)= 31.405675421514296
differential_evolution step 159: f(x)= 31.405675421514296
differential_evolution step 160: f(x)= 31.405675421514296
differential_evolution step 161: f(x)= 31.405675421514296
differential_evolution step 162: f(x)= 31.405675421514296
differential_evolution step 163: f(x)= 31.405675421514296
differential_evolution step 164: f(x)= 31.405675421514296
differential_evolution step 165: f(x)= 31.405675421514296
differential_evolution step 166: f(x)= 31.405675421514296
differential_evolution step 167: f(x)= 31.405675421514296
differential_evolution step 168: f(x)= 31.405675421514296
differential_evolution step 169: f(x)= 31.405675421514296
differential_evolution step 170: f(x)= 31.405675421514296
differential_evolution step 171: f(x)= 31.405675421514296
differential_evolution step 172: f(x)= 31.405675421514296
differential_evolution step 173: f(x)= 31.405675421514296
differential_evolution step 174: f(x)= 31.405675421514296
differential_evolution step 175: f(x)= 31.405675421514296
differential_evolution step 176: f(x)= 31.405675421514296
differential_evolution step 177: f(x)= 31.405675421514296
differential_evolution step 178: f(x)= 31.405675421514296
differential_evolution step 179: f(x)= 31.405675421514296
differential_evolution step 180: f(x)= 31.405675421514296
differential_evolution step 181: f(x)= 31.405675421514296
differential_evolution step 182: f(x)= 31.405675421514296
differential_evolution step 183: f(x)= 31.405675421514296
differential_evolution step 184: f(x)= 31.122115826085924
differential_evolution step 185: f(x)= 31.122115826085924
differential_evolution step 186: f(x)= 30.795804678552848
differential_evolution step 187: f(x)= 30.40355730682612
differential_evolution step 188: f(x)= 30.40355730682612
differential_evolution step 189: f(x)= 30.40355730682612
differential_evolution step 190: f(x)= 30.40355730682612
differential_evolution step 191: f(x)= 30.25017025138679
differential_evolution step 192: f(x)= 30.25017025138679
differential_evolution step 193: f(x)= 28.836604066152795
differential_evolution step 194: f(x)= 28.836604066152795
differential_evolution step 195: f(x)= 28.836604066152795
differential_evolution step 196: f(x)= 28.836604066152795
differential_evolution step 197: f(x)= 28.836604066152795
differential_evolution step 198: f(x)= 28.836604066152795
differential_evolution step 199: f(x)= 28.836604066152795
differential_evolution step 200: f(x)= 28.836604066152795
Cluster 5 DE best chi^2: 28.837 with params {'x_src': np.float64(146.26543168145423), 'y_src': np.float64(148.8555931137921), 'z_s': np.float64(4.095384119299512)}

--- DE Optimization Summary ---
Best fit found for Cluster 2 with chi^2 = 0.224
Best-fit parameters: {'x_src': np.float64(94.42808753855296), 'y_src': np.float64(97.25317389843042), 'z_s': np.float64(3.244021021769614)}

--- Running MCMC for Cluster 2 (chi_sq=0.224) ---
[MCMC] Process Pool with 16 procs
  0%|          | 0/20000 [00:00<?, ?it/s]  0%|          | 75/20000 [01:40<7:25:45,  1.34s/it]  0%|          | 89/20000 [02:00<7:25:27,  1.34s/it]  1%|          | 153/20000 [03:21<7:14:36,  1.31s/it]  1%|          | 166/20000 [03:40<7:14:19,  1.31s/it]  1%|          | 227/20000 [05:02<7:19:47,  1.33s/it]  1%|          | 237/20000 [05:20<7:19:34,  1.33s/it]  1%|         | 299/20000 [06:43<7:26:53,  1.36s/it]  2%|         | 311/20000 [07:00<7:26:36,  1.36s/it]  2%|         | 375/20000 [08:24<7:21:18,  1.35s/it]  2%|         | 385/20000 [08:40<7:21:04,  1.35s/it]  2%|         | 441/20000 [10:04<7:37:13,  1.40s/it]  2%|         | 451/20000 [10:20<7:36:59,  1.40s/it]  3%|         | 507/20000 [11:45<7:47:30,  1.44s/it]  3%|         | 517/20000 [12:00<7:47:15,  1.44s/it]  3%|         | 579/20000 [13:25<7:40:50,  1.42s/it]  3%|         | 589/20000 [13:40<7:40:35,  1.42s/it]  3%|         | 656/20000 [15:06<7:26:52,  1.39s/it]  3%|         | 666/20000 [15:20<7:26:39,  1.39s/it]  4%|         | 732/20000 [16:46<7:18:19,  1.36s/it]  4%|         | 742/20000 [17:00<7:18:06,  1.36s/it]  4%|         | 806/20000 [18:27<7:16:20,  1.36s/it]  4%|         | 815/20000 [18:40<7:16:08,  1.36s/it]  4%|         | 882/20000 [20:08<7:11:05,  1.35s/it]  4%|         | 890/20000 [20:20<7:10:54,  1.35s/it]  5%|         | 955/20000 [21:48<7:11:03,  1.36s/it]  5%|         | 964/20000 [22:00<7:10:51,  1.36s/it]  5%|         | 1032/20000 [23:28<7:04:30,  1.34s/it]  5%|         | 1041/20000 [23:40<7:04:18,  1.34s/it]  6%|         | 1110/20000 [25:09<6:57:50,  1.33s/it]  6%|         | 1117/20000 [25:20<6:57:40,  1.33s/it]  6%|         | 1187/20000 [26:50<6:54:00,  1.32s/it]  6%|         | 1201/20000 [27:10<6:53:42,  1.32s/it]  6%|         | 1261/20000 [28:31<6:56:15,  1.33s/it]  6%|         | 1274/20000 [28:50<6:55:57,  1.33s/it]  7%|         | 1337/20000 [30:12<6:54:27,  1.33s/it]  7%|         | 1350/20000 [30:30<6:54:10,  1.33s/it]  7%|         | 1413/20000 [31:52<6:51:42,  1.33s/it]  7%|         | 1425/20000 [32:10<6:51:26,  1.33s/it]  7%|         | 1486/20000 [33:33<6:54:51,  1.34s/it]  7%|         | 1497/20000 [33:50<6:54:36,  1.34s/it]  8%|         | 1559/20000 [35:14<6:56:20,  1.35s/it]  8%|         | 1571/20000 [35:30<6:56:04,  1.35s/it]  8%|         | 1632/20000 [36:55<6:57:06,  1.36s/it]  8%|         | 1644/20000 [37:10<6:56:50,  1.36s/it]  9%|         | 1708/20000 [38:36<6:52:32,  1.35s/it]  9%|         | 1716/20000 [38:50<6:52:22,  1.35s/it]  9%|         | 1781/20000 [40:16<6:52:26,  1.36s/it]  9%|         | 1791/20000 [40:30<6:52:13,  1.36s/it]  9%|         | 1858/20000 [41:57<6:46:00,  1.34s/it]  9%|         | 1866/20000 [42:10<6:45:50,  1.34s/it] 10%|         | 1931/20000 [43:37<6:47:39,  1.35s/it] 10%|         | 1940/20000 [43:50<6:47:27,  1.35s/it] 10%|         | 2005/20000 [45:18<6:46:43,  1.36s/it] 10%|         | 2013/20000 [45:30<6:46:32,  1.36s/it] 10%|         | 2080/20000 [46:59<6:43:35,  1.35s/it] 10%|         | 2088/20000 [47:10<6:43:25,  1.35s/it] 11%|         | 2157/20000 [48:39<6:37:40,  1.34s/it] 11%|         | 2165/20000 [48:50<6:37:30,  1.34s/it] 11%|         | 2239/20000 [50:20<6:25:56,  1.30s/it] 11%|        | 2254/20000 [50:40<6:25:37,  1.30s/it] 12%|        | 2311/20000 [52:01<6:32:18,  1.33s/it] 12%|        | 2326/20000 [52:20<6:31:58,  1.33s/it] 12%|        | 2388/20000 [53:41<6:28:05,  1.32s/it] 12%|        | 2400/20000 [54:00<6:27:50,  1.32s/it] 12%|        | 2458/20000 [55:22<6:36:42,  1.36s/it] 12%|        | 2471/20000 [55:40<6:36:24,  1.36s/it] 13%|        | 2533/20000 [57:03<6:34:19,  1.35s/it] 13%|        | 2542/20000 [57:20<6:34:07,  1.35s/it] 13%|        | 2600/20000 [58:45<6:45:49,  1.40s/it] 13%|        | 2609/20000 [59:00<6:45:36,  1.40s/it] 13%|        | 2669/20000 [1:00:26<6:49:55,  1.42s/it] 13%|        | 2679/20000 [1:00:40<6:49:41,  1.42s/it] 14%|        | 2741/20000 [1:02:06<6:45:54,  1.41s/it] 14%|        | 2749/20000 [1:02:20<6:45:43,  1.41s/it] 14%|        | 2818/20000 [1:03:48<6:35:19,  1.38s/it] 14%|        | 2826/20000 [1:04:00<6:35:08,  1.38s/it] 14%|        | 2893/20000 [1:05:28<6:30:22,  1.37s/it] 15%|        | 2901/20000 [1:05:40<6:30:11,  1.37s/it] 15%|        | 2970/20000 [1:07:09<6:23:27,  1.35s/it] 15%|        | 2977/20000 [1:07:20<6:23:17,  1.35s/it] 15%|        | 3046/20000 [1:08:49<6:18:48,  1.34s/it] 15%|        | 3052/20000 [1:09:00<6:18:40,  1.34s/it] 16%|        | 3117/20000 [1:10:30<6:22:59,  1.36s/it] 16%|        | 3130/20000 [1:10:50<6:22:42,  1.36s/it] 16%|        | 3187/20000 [1:12:10<6:27:13,  1.38s/it] 16%|        | 3201/20000 [1:12:30<6:26:54,  1.38s/it] 16%|        | 3262/20000 [1:13:50<6:21:57,  1.37s/it] 16%|        | 3275/20000 [1:14:10<6:21:39,  1.37s/it] 17%|        | 3332/20000 [1:15:31<6:25:54,  1.39s/it] 17%|        | 3345/20000 [1:15:50<6:25:36,  1.39s/it] 17%|        | 3404/20000 [1:17:12<6:25:33,  1.39s/it] 17%|        | 3415/20000 [1:17:30<6:25:18,  1.39s/it] 17%|        | 3470/20000 [1:18:53<6:33:41,  1.43s/it] 17%|        | 3481/20000 [1:19:10<6:33:25,  1.43s/it] 18%|        | 3540/20000 [1:20:33<6:32:59,  1.43s/it] 18%|        | 3553/20000 [1:20:50<6:32:41,  1.43s/it] 18%|        | 3617/20000 [1:22:14<6:19:35,  1.39s/it] 18%|        | 3627/20000 [1:22:30<6:19:22,  1.39s/it] 18%|        | 3684/20000 [1:23:54<6:26:40,  1.42s/it] 18%|        | 3693/20000 [1:24:10<6:26:27,  1.42s/it] 19%|        | 3744/20000 [1:25:35<6:43:42,  1.49s/it] 19%|        | 3752/20000 [1:25:50<6:43:30,  1.49s/it] 19%|        | 3807/20000 [1:27:15<6:49:40,  1.52s/it] 19%|        | 3815/20000 [1:27:30<6:49:28,  1.52s/it] 19%|        | 3867/20000 [1:28:56<7:01:04,  1.57s/it] 19%|        | 3874/20000 [1:29:10<7:00:53,  1.57s/it] 20%|        | 3928/20000 [1:30:37<7:05:54,  1.59s/it] 20%|        | 3935/20000 [1:30:50<7:05:43,  1.59s/it] 20%|        | 3993/20000 [1:32:18<7:01:38,  1.58s/it] 20%|        | 3999/20000 [1:32:30<7:01:29,  1.58s/it] 20%|        | 4052/20000 [1:33:58<7:08:54,  1.61s/it] 20%|        | 4058/20000 [1:34:10<7:08:44,  1.61s/it] 21%|        | 4118/20000 [1:35:39<6:59:44,  1.59s/it] 21%|        | 4126/20000 [1:35:50<6:59:32,  1.59s/it] 21%|        | 4182/20000 [1:37:20<6:57:26,  1.58s/it] 21%|        | 4194/20000 [1:37:40<6:57:07,  1.58s/it] 21%|        | 4245/20000 [1:39:00<6:56:19,  1.59s/it] 21%|       | 4258/20000 [1:39:20<6:55:58,  1.59s/it] 22%|       | 4308/20000 [1:40:42<6:56:45,  1.59s/it] 22%|       | 4320/20000 [1:41:00<6:56:26,  1.59s/it] 22%|       | 4377/20000 [1:42:22<6:42:58,  1.55s/it] 22%|       | 4388/20000 [1:42:40<6:42:41,  1.55s/it] 22%|       | 4440/20000 [1:44:02<6:45:01,  1.56s/it] 22%|       | 4450/20000 [1:44:20<6:44:45,  1.56s/it] 23%|       | 4509/20000 [1:45:43<6:34:57,  1.53s/it] 23%|       | 4520/20000 [1:46:00<6:34:40,  1.53s/it] 23%|       | 4576/20000 [1:47:24<6:31:17,  1.52s/it] 23%|       | 4586/20000 [1:47:40<6:31:02,  1.52s/it] 23%|       | 4642/20000 [1:49:05<6:30:18,  1.52s/it] 23%|       | 4651/20000 [1:49:20<6:30:05,  1.52s/it] 24%|       | 4705/20000 [1:50:46<6:35:05,  1.55s/it] 24%|       | 4714/20000 [1:51:00<6:34:51,  1.55s/it] 24%|       | 4778/20000 [1:52:28<6:19:46,  1.50s/it] 24%|       | 4785/20000 [1:52:40<6:19:36,  1.50s/it] 24%|       | 4847/20000 [1:54:08<6:15:22,  1.49s/it] 24%|       | 4854/20000 [1:54:20<6:15:12,  1.49s/it] 25%|       | 4916/20000 [1:55:49<6:12:03,  1.48s/it] 25%|       | 4923/20000 [1:56:00<6:11:52,  1.48s/it] 25%|       | 4981/20000 [1:57:30<6:14:50,  1.50s/it] 25%|       | 4987/20000 [1:57:40<6:14:41,  1.50s/it] 25%|       | 5047/20000 [1:59:10<6:14:33,  1.50s/it] 25%|       | 5060/20000 [1:59:30<6:14:14,  1.50s/it] 26%|       | 5117/20000 [2:00:50<6:07:52,  1.48s/it] 26%|       | 5130/20000 [2:01:10<6:07:33,  1.48s/it] 26%|       | 5191/20000 [2:02:31<5:56:04,  1.44s/it] 26%|       | 5205/20000 [2:02:50<5:55:43,  1.44s/it] 26%|       | 5260/20000 [2:04:11<5:55:35,  1.45s/it] 26%|       | 5272/20000 [2:04:30<5:55:18,  1.45s/it] 27%|       | 5333/20000 [2:05:52<5:48:22,  1.43s/it] 27%|       | 5346/20000 [2:06:10<5:48:04,  1.43s/it] 27%|       | 5403/20000 [2:07:33<5:47:57,  1.43s/it] 27%|       | 5414/20000 [2:07:50<5:47:41,  1.43s/it] 27%|       | 5475/20000 [2:09:14<5:44:18,  1.42s/it] 27%|       | 5484/20000 [2:09:30<5:44:05,  1.42s/it] 28%|       | 5543/20000 [2:10:55<5:47:17,  1.44s/it] 28%|       | 5552/20000 [2:11:10<5:47:04,  1.44s/it] 28%|       | 5609/20000 [2:12:35<5:51:10,  1.46s/it] 28%|       | 5619/20000 [2:12:50<5:50:56,  1.46s/it] 28%|       | 5679/20000 [2:14:16<5:47:30,  1.46s/it] 28%|       | 5689/20000 [2:14:30<5:47:15,  1.46s/it] 29%|       | 5749/20000 [2:15:56<5:44:03,  1.45s/it] 29%|       | 5757/20000 [2:16:10<5:43:52,  1.45s/it] 29%|       | 5816/20000 [2:17:36<5:45:33,  1.46s/it] 29%|       | 5824/20000 [2:17:50<5:45:21,  1.46s/it] 29%|       | 5883/20000 [2:19:17<5:46:52,  1.47s/it] 29%|       | 5890/20000 [2:19:30<5:46:41,  1.47s/it] 30%|       | 5954/20000 [2:20:58<5:41:09,  1.46s/it] 30%|       | 5963/20000 [2:21:10<5:40:56,  1.46s/it] 30%|       | 6029/20000 [2:22:39<5:31:06,  1.42s/it] 30%|       | 6037/20000 [2:22:50<5:30:54,  1.42s/it] 30%|       | 6098/20000 [2:24:20<5:32:10,  1.43s/it] 31%|       | 6104/20000 [2:24:30<5:32:01,  1.43s/it] 31%|       | 6167/20000 [2:26:00<5:32:25,  1.44s/it] 31%|       | 6180/20000 [2:26:20<5:32:06,  1.44s/it] 31%|       | 6238/20000 [2:27:41<5:28:43,  1.43s/it] 31%|      | 6251/20000 [2:28:00<5:28:24,  1.43s/it] 32%|      | 6307/20000 [2:29:21<5:28:24,  1.44s/it] 32%|      | 6319/20000 [2:29:40<5:28:06,  1.44s/it] 32%|      | 6376/20000 [2:31:02<5:28:19,  1.45s/it] 32%|      | 6386/20000 [2:31:20<5:28:04,  1.45s/it] 32%|      | 6443/20000 [2:32:42<5:30:13,  1.46s/it] 32%|      | 6456/20000 [2:33:00<5:29:54,  1.46s/it] 33%|      | 6509/20000 [2:34:23<5:32:27,  1.48s/it] 33%|      | 6518/20000 [2:34:40<5:32:14,  1.48s/it] 33%|      | 6574/20000 [2:36:03<5:35:16,  1.50s/it] 33%|      | 6587/20000 [2:36:20<5:34:57,  1.50s/it] 33%|      | 6642/20000 [2:37:44<5:32:40,  1.49s/it] 33%|      | 6652/20000 [2:38:00<5:32:25,  1.49s/it] 34%|      | 6708/20000 [2:39:26<5:33:53,  1.51s/it] 34%|      | 6716/20000 [2:39:40<5:33:41,  1.51s/it] 34%|      | 6777/20000 [2:41:07<5:29:08,  1.49s/it] 34%|      | 6786/20000 [2:41:20<5:28:54,  1.49s/it] 34%|      | 6847/20000 [2:42:48<5:24:15,  1.48s/it] 34%|      | 6853/20000 [2:43:00<5:24:06,  1.48s/it] 35%|      | 6906/20000 [2:44:28<5:35:49,  1.54s/it] 35%|      | 6913/20000 [2:44:40<5:35:38,  1.54s/it] 35%|      | 6970/20000 [2:46:09<5:36:19,  1.55s/it] 35%|      | 6976/20000 [2:46:20<5:36:10,  1.55s/it] 35%|      | 7027/20000 [2:47:49<5:47:10,  1.61s/it] 35%|      | 7033/20000 [2:48:00<5:47:00,  1.61s/it] 35%|      | 7089/20000 [2:49:30<5:47:07,  1.61s/it] 36%|      | 7101/20000 [2:49:50<5:46:48,  1.61s/it] 36%|      | 7151/20000 [2:51:11<5:45:57,  1.62s/it] 36%|      | 7162/20000 [2:51:30<5:45:39,  1.62s/it] 36%|      | 7214/20000 [2:52:51<5:43:19,  1.61s/it] 36%|      | 7224/20000 [2:53:10<5:43:03,  1.61s/it] 36%|      | 7277/20000 [2:54:32<5:40:16,  1.60s/it] 36%|      | 7289/20000 [2:54:50<5:39:56,  1.60s/it] 37%|      | 7341/20000 [2:56:13<5:36:56,  1.60s/it] 37%|      | 7350/20000 [2:56:30<5:36:41,  1.60s/it] 37%|      | 7404/20000 [2:57:54<5:36:18,  1.60s/it] 37%|      | 7414/20000 [2:58:10<5:36:02,  1.60s/it] 37%|      | 7471/20000 [2:59:35<5:27:31,  1.57s/it] 37%|      | 7482/20000 [2:59:50<5:27:14,  1.57s/it] 38%|      | 7537/20000 [3:01:15<5:23:14,  1.56s/it] 38%|      | 7545/20000 [3:01:30<5:23:02,  1.56s/it] 38%|      | 7604/20000 [3:02:56<5:17:37,  1.54s/it] 38%|      | 7614/20000 [3:03:10<5:17:21,  1.54s/it] 38%|      | 7671/20000 [3:04:37<5:14:09,  1.53s/it] 38%|      | 7678/20000 [3:04:50<5:13:58,  1.53s/it] 39%|      | 7733/20000 [3:06:17<5:17:43,  1.55s/it] 39%|      | 7740/20000 [3:06:30<5:17:32,  1.55s/it] 39%|      | 7798/20000 [3:07:58<5:15:44,  1.55s/it] 39%|      | 7806/20000 [3:08:10<5:15:32,  1.55s/it] 39%|      | 7864/20000 [3:09:39<5:12:44,  1.55s/it] 39%|      | 7869/20000 [3:09:50<5:12:36,  1.55s/it] 40%|      | 7928/20000 [3:11:19<5:12:33,  1.55s/it] 40%|      | 7934/20000 [3:11:30<5:12:24,  1.55s/it] 40%|      | 7996/20000 [3:13:00<5:06:07,  1.53s/it] 40%|      | 8008/20000 [3:13:20<5:05:49,  1.53s/it] 40%|      | 8059/20000 [3:14:40<5:08:20,  1.55s/it] 40%|      | 8070/20000 [3:15:00<5:08:03,  1.55s/it] 41%|      | 8120/20000 [3:16:21<5:12:56,  1.58s/it] 41%|      | 8132/20000 [3:16:40<5:12:37,  1.58s/it] 41%|      | 8189/20000 [3:18:02<5:03:44,  1.54s/it] 41%|      | 8202/20000 [3:18:20<5:03:24,  1.54s/it] 41%|     | 8259/20000 [3:19:44<4:56:29,  1.52s/it] 41%|     | 8270/20000 [3:20:00<4:56:12,  1.52s/it] 42%|     | 8329/20000 [3:21:26<4:51:00,  1.50s/it] 42%|     | 8337/20000 [3:21:40<4:50:48,  1.50s/it] 42%|     | 8395/20000 [3:23:06<4:50:35,  1.50s/it] 42%|     | 8404/20000 [3:23:20<4:50:21,  1.50s/it] 42%|     | 8463/20000 [3:24:47<4:48:08,  1.50s/it] 42%|     | 8471/20000 [3:25:00<4:47:56,  1.50s/it] 43%|     | 8532/20000 [3:26:28<4:43:39,  1.48s/it] 43%|     | 8540/20000 [3:26:40<4:43:28,  1.48s/it] 43%|     | 8596/20000 [3:28:09<4:47:27,  1.51s/it] 43%|     | 8603/20000 [3:28:20<4:47:17,  1.51s/it] 43%|     | 8660/20000 [3:29:49<4:48:59,  1.53s/it] 43%|     | 8666/20000 [3:30:00<4:48:50,  1.53s/it] 44%|     | 8724/20000 [3:31:30<4:49:55,  1.54s/it] 44%|     | 8734/20000 [3:31:50<4:49:40,  1.54s/it] 44%|     | 8794/20000 [3:33:11<4:42:21,  1.51s/it] 44%|     | 8806/20000 [3:33:30<4:42:03,  1.51s/it] 44%|     | 8867/20000 [3:34:51<4:32:17,  1.47s/it] 44%|     | 8881/20000 [3:35:10<4:31:56,  1.47s/it] 45%|     | 8943/20000 [3:36:32<4:22:13,  1.42s/it] 45%|     | 8955/20000 [3:36:50<4:21:56,  1.42s/it] 45%|     | 9017/20000 [3:38:14<4:17:24,  1.41s/it] 45%|     | 9029/20000 [3:38:30<4:17:07,  1.41s/it] 45%|     | 9089/20000 [3:39:54<4:15:11,  1.40s/it] 45%|     | 9098/20000 [3:40:10<4:14:58,  1.40s/it] 46%|     | 9159/20000 [3:41:35<4:15:10,  1.41s/it] 46%|     | 9169/20000 [3:41:50<4:14:55,  1.41s/it] 46%|     | 9232/20000 [3:43:16<4:11:49,  1.40s/it] 46%|     | 9244/20000 [3:43:30<4:11:32,  1.40s/it] 47%|     | 9305/20000 [3:44:56<4:08:19,  1.39s/it] 47%|     | 9313/20000 [3:45:10<4:08:07,  1.39s/it] 47%|     | 9363/20000 [3:46:37<4:22:57,  1.48s/it] 47%|     | 9370/20000 [3:46:50<4:22:47,  1.48s/it] 47%|     | 9422/20000 [3:48:18<4:32:23,  1.55s/it] 47%|     | 9429/20000 [3:48:30<4:32:13,  1.55s/it] 47%|     | 9489/20000 [3:49:59<4:28:54,  1.54s/it] 47%|     | 9496/20000 [3:50:10<4:28:43,  1.54s/it] 48%|     | 9553/20000 [3:51:39<4:29:02,  1.55s/it] 48%|     | 9558/20000 [3:51:50<4:28:54,  1.55s/it] 48%|     | 9615/20000 [3:53:20<4:31:20,  1.57s/it] 48%|     | 9626/20000 [3:53:40<4:31:03,  1.57s/it] 48%|     | 9674/20000 [3:55:00<4:36:01,  1.60s/it] 48%|     | 9684/20000 [3:55:20<4:35:45,  1.60s/it] 49%|     | 9736/20000 [3:56:40<4:35:05,  1.61s/it] 49%|     | 9747/20000 [3:57:00<4:34:47,  1.61s/it] 49%|     | 9798/20000 [3:58:22<4:34:53,  1.62s/it] 49%|     | 9809/20000 [3:58:40<4:34:35,  1.62s/it] 49%|     | 9863/20000 [4:00:03<4:29:55,  1.60s/it] 49%|     | 9874/20000 [4:00:20<4:29:37,  1.60s/it] 50%|     | 9933/20000 [4:01:44<4:19:52,  1.55s/it] 50%|     | 9943/20000 [4:02:00<4:19:37,  1.55s/it] 50%|     | 10002/20000 [4:03:24<4:13:02,  1.52s/it] 50%|     | 10011/20000 [4:03:40<4:12:48,  1.52s/it] 50%|     | 10065/20000 [4:05:05<4:15:24,  1.54s/it] 50%|     | 10074/20000 [4:05:20<4:15:11,  1.54s/it] 51%|     | 10128/20000 [4:06:46<4:16:25,  1.56s/it] 51%|     | 10135/20000 [4:07:00<4:16:14,  1.56s/it] 51%|     | 10188/20000 [4:08:26<4:20:05,  1.59s/it] 51%|     | 10195/20000 [4:08:40<4:19:54,  1.59s/it] 51%|     | 10249/20000 [4:10:06<4:20:52,  1.61s/it] 51%|    | 10257/20000 [4:10:20<4:20:39,  1.61s/it] 52%|    | 10307/20000 [4:11:47<4:25:24,  1.64s/it] 52%|    | 10313/20000 [4:12:00<4:25:14,  1.64s/it] 52%|    | 10365/20000 [4:13:28<4:28:23,  1.67s/it] 52%|    | 10373/20000 [4:13:40<4:28:10,  1.67s/it] 52%|    | 10429/20000 [4:15:08<4:21:20,  1.64s/it] 52%|    | 10435/20000 [4:15:20<4:21:10,  1.64s/it] 52%|    | 10495/20000 [4:16:50<4:14:31,  1.61s/it] 53%|    | 10501/20000 [4:17:00<4:14:21,  1.61s/it] 53%|    | 10560/20000 [4:18:30<4:09:45,  1.59s/it] 53%|    | 10571/20000 [4:18:50<4:09:28,  1.59s/it] 53%|    | 10629/20000 [4:20:11<4:01:38,  1.55s/it] 53%|    | 10641/20000 [4:20:30<4:01:19,  1.55s/it] 53%|    | 10695/20000 [4:21:52<3:59:23,  1.54s/it] 54%|    | 10706/20000 [4:22:10<3:59:06,  1.54s/it] 54%|    | 10756/20000 [4:23:33<4:02:40,  1.58s/it] 54%|    | 10765/20000 [4:23:50<4:02:26,  1.58s/it] 54%|    | 10821/20000 [4:25:14<3:59:33,  1.57s/it] 54%|    | 10832/20000 [4:25:30<3:59:16,  1.57s/it] 54%|    | 10890/20000 [4:26:54<3:52:19,  1.53s/it] 55%|    | 10901/20000 [4:27:10<3:52:02,  1.53s/it] 55%|    | 10955/20000 [4:28:35<3:52:00,  1.54s/it] 55%|    | 10964/20000 [4:28:50<3:51:46,  1.54s/it] 55%|    | 11015/20000 [4:30:16<3:56:29,  1.58s/it] 55%|    | 11022/20000 [4:30:30<3:56:18,  1.58s/it] 55%|    | 11077/20000 [4:31:57<3:56:58,  1.59s/it] 55%|    | 11084/20000 [4:32:10<3:56:47,  1.59s/it] 56%|    | 11140/20000 [4:33:39<3:56:07,  1.60s/it] 56%|    | 11146/20000 [4:33:50<3:55:58,  1.60s/it] 56%|    | 11209/20000 [4:35:20<3:48:01,  1.56s/it] 56%|    | 11215/20000 [4:35:30<3:47:51,  1.56s/it] 56%|    | 11274/20000 [4:37:00<3:45:41,  1.55s/it] 56%|    | 11285/20000 [4:37:20<3:45:24,  1.55s/it] 57%|    | 11333/20000 [4:38:41<3:50:47,  1.60s/it] 57%|    | 11346/20000 [4:39:00<3:50:26,  1.60s/it] 57%|    | 11398/20000 [4:40:22<3:47:06,  1.58s/it] 57%|    | 11409/20000 [4:40:40<3:46:48,  1.58s/it] 57%|    | 11463/20000 [4:42:03<3:43:50,  1.57s/it] 57%|    | 11474/20000 [4:42:20<3:43:33,  1.57s/it] 58%|    | 11529/20000 [4:43:44<3:40:25,  1.56s/it] 58%|    | 11537/20000 [4:44:00<3:40:12,  1.56s/it] 58%|    | 11592/20000 [4:45:24<3:39:52,  1.57s/it] 58%|    | 11602/20000 [4:45:40<3:39:36,  1.57s/it] 58%|    | 11657/20000 [4:47:04<3:37:00,  1.56s/it] 58%|    | 11666/20000 [4:47:20<3:36:46,  1.56s/it] 59%|    | 11723/20000 [4:48:46<3:34:17,  1.55s/it] 59%|    | 11733/20000 [4:49:00<3:34:02,  1.55s/it] 59%|    | 11792/20000 [4:50:26<3:28:36,  1.52s/it] 59%|    | 11799/20000 [4:50:40<3:28:25,  1.52s/it] 59%|    | 11854/20000 [4:52:07<3:31:03,  1.55s/it] 59%|    | 11861/20000 [4:52:20<3:30:52,  1.55s/it] 60%|    | 11914/20000 [4:53:48<3:33:56,  1.59s/it] 60%|    | 11921/20000 [4:54:00<3:33:45,  1.59s/it] 60%|    | 11976/20000 [4:55:29<3:33:57,  1.60s/it] 60%|    | 11983/20000 [4:55:40<3:33:46,  1.60s/it] 60%|    | 12041/20000 [4:57:09<3:29:51,  1.58s/it] 60%|    | 12048/20000 [4:57:20<3:29:39,  1.58s/it] 61%|    | 12111/20000 [4:58:50<3:22:26,  1.54s/it] 61%|    | 12125/20000 [4:59:10<3:22:05,  1.54s/it] 61%|    | 12181/20000 [5:00:31<3:16:13,  1.51s/it] 61%|    | 12193/20000 [5:00:50<3:15:55,  1.51s/it] 61%|   | 12250/20000 [5:02:12<3:12:52,  1.49s/it] 61%|   | 12262/20000 [5:02:30<3:12:34,  1.49s/it] 62%|   | 12319/20000 [5:03:52<3:09:51,  1.48s/it] 62%|   | 12331/20000 [5:04:10<3:09:34,  1.48s/it] 62%|   | 12387/20000 [5:05:33<3:07:56,  1.48s/it] 62%|   | 12397/20000 [5:05:50<3:07:42,  1.48s/it] 62%|   | 12454/20000 [5:07:13<3:06:46,  1.49s/it] 62%|   | 12465/20000 [5:07:30<3:06:30,  1.49s/it] 63%|   | 12523/20000 [5:08:53<3:03:46,  1.47s/it] 63%|   | 12535/20000 [5:09:10<3:03:28,  1.47s/it] 63%|   | 12595/20000 [5:10:33<2:58:53,  1.45s/it] 63%|   | 12605/20000 [5:10:50<2:58:39,  1.45s/it] 63%|   | 12662/20000 [5:12:14<2:59:08,  1.46s/it] 63%|   | 12671/20000 [5:12:30<2:58:55,  1.46s/it] 64%|   | 12727/20000 [5:13:55<3:00:23,  1.49s/it] 64%|   | 12737/20000 [5:14:10<3:00:08,  1.49s/it] 64%|   | 12792/20000 [5:15:35<3:00:35,  1.50s/it] 64%|   | 12802/20000 [5:15:50<3:00:20,  1.50s/it] 64%|   | 12860/20000 [5:17:16<2:58:39,  1.50s/it] 64%|   | 12868/20000 [5:17:30<2:58:27,  1.50s/it] 65%|   | 12925/20000 [5:18:57<2:58:24,  1.51s/it] 65%|   | 12935/20000 [5:19:10<2:58:09,  1.51s/it] 65%|   | 12989/20000 [5:20:38<2:59:10,  1.53s/it] 65%|   | 12995/20000 [5:20:50<2:59:01,  1.53s/it] 65%|   | 13055/20000 [5:22:19<2:57:23,  1.53s/it] 65%|   | 13060/20000 [5:22:30<2:57:15,  1.53s/it] 66%|   | 13120/20000 [5:23:59<2:56:01,  1.54s/it] 66%|   | 13128/20000 [5:24:10<2:55:49,  1.54s/it] 66%|   | 13187/20000 [5:25:40<2:53:21,  1.53s/it] 66%|   | 13199/20000 [5:26:00<2:53:03,  1.53s/it] 66%|   | 13254/20000 [5:27:20<2:50:40,  1.52s/it] 66%|   | 13267/20000 [5:27:40<2:50:21,  1.52s/it] 67%|   | 13323/20000 [5:29:02<2:47:06,  1.50s/it] 67%|   | 13334/20000 [5:29:20<2:46:49,  1.50s/it] 67%|   | 13390/20000 [5:30:43<2:45:36,  1.50s/it] 67%|   | 13401/20000 [5:31:00<2:45:20,  1.50s/it] 67%|   | 13452/20000 [5:32:23<2:47:42,  1.54s/it] 67%|   | 13462/20000 [5:32:40<2:47:26,  1.54s/it] 68%|   | 13516/20000 [5:34:04<2:47:07,  1.55s/it] 68%|   | 13527/20000 [5:34:20<2:46:50,  1.55s/it] 68%|   | 13584/20000 [5:35:44<2:43:19,  1.53s/it] 68%|   | 13593/20000 [5:36:00<2:43:05,  1.53s/it] 68%|   | 13648/20000 [5:37:25<2:42:49,  1.54s/it] 68%|   | 13657/20000 [5:37:40<2:42:35,  1.54s/it] 69%|   | 13719/20000 [5:39:06<2:37:25,  1.50s/it] 69%|   | 13728/20000 [5:39:20<2:37:12,  1.50s/it] 69%|   | 13784/20000 [5:40:47<2:37:02,  1.52s/it] 69%|   | 13792/20000 [5:41:00<2:36:50,  1.52s/it] 69%|   | 13845/20000 [5:42:27<2:39:10,  1.55s/it] 69%|   | 13853/20000 [5:42:40<2:38:57,  1.55s/it] 70%|   | 13911/20000 [5:44:08<2:37:01,  1.55s/it] 70%|   | 13920/20000 [5:44:20<2:36:47,  1.55s/it] 70%|   | 13981/20000 [5:45:49<2:31:58,  1.51s/it] 70%|   | 13988/20000 [5:46:00<2:31:47,  1.51s/it] 70%|   | 14052/20000 [5:47:30<2:27:15,  1.49s/it] 70%|   | 14065/20000 [5:47:50<2:26:56,  1.49s/it] 71%|   | 14119/20000 [5:49:11<2:26:07,  1.49s/it] 71%|   | 14130/20000 [5:49:30<2:25:50,  1.49s/it] 71%|   | 14180/20000 [5:50:53<2:29:20,  1.54s/it] 71%|   | 14190/20000 [5:51:10<2:29:05,  1.54s/it] 71%|   | 14247/20000 [5:52:34<2:26:56,  1.53s/it] 71%|  | 14257/20000 [5:52:50<2:26:41,  1.53s/it] 72%|  | 14318/20000 [5:54:15<2:21:47,  1.50s/it] 72%|  | 14328/20000 [5:54:30<2:21:32,  1.50s/it] 72%|  | 14386/20000 [5:55:56<2:19:53,  1.50s/it] 72%|  | 14395/20000 [5:56:10<2:19:39,  1.50s/it] 72%|  | 14456/20000 [5:57:36<2:16:16,  1.47s/it] 72%|  | 14464/20000 [5:57:50<2:16:04,  1.47s/it] 73%|  | 14525/20000 [5:59:17<2:14:00,  1.47s/it] 73%|  | 14533/20000 [5:59:30<2:13:48,  1.47s/it] 73%|  | 14597/20000 [6:00:57<2:10:17,  1.45s/it] 73%|  | 14604/20000 [6:01:10<2:10:07,  1.45s/it] 73%|  | 14660/20000 [6:02:38<2:12:20,  1.49s/it] 73%|  | 14667/20000 [6:02:50<2:12:09,  1.49s/it] 74%|  | 14727/20000 [6:04:18<2:11:07,  1.49s/it] 74%|  | 14734/20000 [6:04:30<2:10:56,  1.49s/it] 74%|  | 14793/20000 [6:05:59<2:10:20,  1.50s/it] 74%|  | 14800/20000 [6:06:10<2:10:10,  1.50s/it] 74%|  | 14860/20000 [6:07:39<2:08:34,  1.50s/it] 74%|  | 14867/20000 [6:07:50<2:08:23,  1.50s/it] 75%|  | 14926/20000 [6:09:20<2:07:30,  1.51s/it] 75%|  | 14939/20000 [6:09:40<2:07:10,  1.51s/it] 75%|  | 14990/20000 [6:11:01<2:07:30,  1.53s/it] 75%|  | 15003/20000 [6:11:20<2:07:10,  1.53s/it] 75%|  | 15053/20000 [6:12:41<2:07:30,  1.55s/it] 75%|  | 15065/20000 [6:13:00<2:07:12,  1.55s/it] 76%|  | 15117/20000 [6:14:23<2:06:46,  1.56s/it] 76%|  | 15128/20000 [6:14:40<2:06:29,  1.56s/it] 76%|  | 15182/20000 [6:16:03<2:04:39,  1.55s/it] 76%|  | 15193/20000 [6:16:20<2:04:21,  1.55s/it] 76%|  | 15247/20000 [6:17:43<2:02:46,  1.55s/it] 76%|  | 15258/20000 [6:18:00<2:02:29,  1.55s/it] 77%|  | 15313/20000 [6:19:24<2:00:25,  1.54s/it] 77%|  | 15324/20000 [6:19:40<2:00:08,  1.54s/it] 77%|  | 15381/20000 [6:21:05<1:57:29,  1.53s/it] 77%|  | 15390/20000 [6:21:20<1:57:15,  1.53s/it] 77%|  | 15447/20000 [6:22:46<1:55:46,  1.53s/it] 77%|  | 15455/20000 [6:23:00<1:55:34,  1.53s/it] 78%|  | 15516/20000 [6:24:26<1:52:32,  1.51s/it] 78%|  | 15527/20000 [6:24:40<1:52:16,  1.51s/it] 78%|  | 15592/20000 [6:26:07<1:46:11,  1.45s/it] 78%|  | 15601/20000 [6:26:20<1:45:58,  1.45s/it] 78%|  | 15662/20000 [6:27:47<1:44:16,  1.44s/it] 78%|  | 15670/20000 [6:28:00<1:44:05,  1.44s/it] 79%|  | 15733/20000 [6:29:29<1:42:12,  1.44s/it] 79%|  | 15740/20000 [6:29:40<1:42:02,  1.44s/it] 79%|  | 15807/20000 [6:31:09<1:38:47,  1.41s/it] 79%|  | 15815/20000 [6:31:20<1:38:35,  1.41s/it] 79%|  | 15877/20000 [6:32:51<1:37:48,  1.42s/it] 79%|  | 15891/20000 [6:33:10<1:37:28,  1.42s/it] 80%|  | 15946/20000 [6:34:31<1:36:48,  1.43s/it] 80%|  | 15958/20000 [6:34:50<1:36:30,  1.43s/it] 80%|  | 16014/20000 [6:36:12<1:36:21,  1.45s/it] 80%|  | 16026/20000 [6:36:30<1:36:04,  1.45s/it] 80%|  | 16082/20000 [6:37:53<1:35:16,  1.46s/it] 80%|  | 16093/20000 [6:38:10<1:35:00,  1.46s/it] 81%|  | 16152/20000 [6:39:34<1:33:07,  1.45s/it] 81%|  | 16163/20000 [6:39:50<1:32:51,  1.45s/it] 81%|  | 16223/20000 [6:41:15<1:30:57,  1.44s/it] 81%|  | 16232/20000 [6:41:30<1:30:44,  1.44s/it] 81%| | 16292/20000 [6:42:56<1:29:35,  1.45s/it] 82%| | 16301/20000 [6:43:10<1:29:22,  1.45s/it] 82%| | 16366/20000 [6:44:37<1:26:12,  1.42s/it] 82%| | 16376/20000 [6:44:50<1:25:57,  1.42s/it] 82%| | 16442/20000 [6:46:18<1:22:34,  1.39s/it] 82%| | 16452/20000 [6:46:30<1:22:20,  1.39s/it] 83%| | 16519/20000 [6:47:59<1:19:20,  1.37s/it] 83%| | 16527/20000 [6:48:10<1:19:09,  1.37s/it] 83%| | 16596/20000 [6:49:40<1:16:37,  1.35s/it] 83%| | 16603/20000 [6:49:50<1:16:27,  1.35s/it] 83%| | 16666/20000 [6:51:21<1:16:37,  1.38s/it] 83%| | 16678/20000 [6:51:40<1:16:21,  1.38s/it] 84%| | 16736/20000 [6:53:02<1:15:59,  1.40s/it] 84%| | 16748/20000 [6:53:20<1:15:42,  1.40s/it] 84%| | 16807/20000 [6:54:43<1:14:41,  1.40s/it] 84%| | 16818/20000 [6:55:00<1:14:26,  1.40s/it] 84%| | 16879/20000 [6:56:23<1:12:52,  1.40s/it] 84%| | 16890/20000 [6:56:40<1:12:37,  1.40s/it] 85%| | 16951/20000 [6:58:03<1:11:02,  1.40s/it] 85%| | 16962/20000 [6:58:20<1:10:47,  1.40s/it] 85%| | 17020/20000 [6:59:44<1:10:18,  1.42s/it] 85%| | 17030/20000 [7:00:00<1:10:04,  1.42s/it] 85%| | 17087/20000 [7:01:25<1:10:00,  1.44s/it] 85%| | 17097/20000 [7:01:40<1:09:45,  1.44s/it] 86%| | 17156/20000 [7:03:06<1:08:33,  1.45s/it] 86%| | 17166/20000 [7:03:20<1:08:18,  1.45s/it] 86%| | 17223/20000 [7:04:47<1:07:50,  1.47s/it] 86%| | 17232/20000 [7:05:00<1:07:37,  1.47s/it] 86%| | 17296/20000 [7:06:27<1:04:46,  1.44s/it] 87%| | 17304/20000 [7:06:40<1:04:34,  1.44s/it] 87%| | 17362/20000 [7:08:08<1:04:18,  1.46s/it] 87%| | 17370/20000 [7:08:20<1:04:07,  1.46s/it] 87%| | 17428/20000 [7:09:49<1:03:31,  1.48s/it] 87%| | 17434/20000 [7:10:00<1:03:22,  1.48s/it] 87%| | 17491/20000 [7:11:30<1:03:26,  1.52s/it] 88%| | 17502/20000 [7:11:50<1:03:09,  1.52s/it] 88%| | 17555/20000 [7:13:11<1:02:31,  1.53s/it] 88%| | 17568/20000 [7:13:30<1:02:11,  1.53s/it] 88%| | 17627/20000 [7:14:52<59:02,  1.49s/it]   88%| | 17641/20000 [7:15:10<58:41,  1.49s/it] 89%| | 17703/20000 [7:16:32<54:59,  1.44s/it] 89%| | 17715/20000 [7:16:50<54:42,  1.44s/it] 89%| | 17774/20000 [7:18:13<53:04,  1.43s/it] 89%| | 17786/20000 [7:18:30<52:47,  1.43s/it] 89%| | 17842/20000 [7:19:54<52:02,  1.45s/it] 89%| | 17851/20000 [7:20:10<51:49,  1.45s/it] 90%| | 17917/20000 [7:21:35<49:09,  1.42s/it] 90%| | 17927/20000 [7:21:50<48:55,  1.42s/it] 90%| | 17986/20000 [7:23:16<47:56,  1.43s/it] 90%| | 17995/20000 [7:23:30<47:44,  1.43s/it] 90%| | 18058/20000 [7:24:57<45:58,  1.42s/it] 90%| | 18067/20000 [7:25:10<45:45,  1.42s/it] 91%| | 18132/20000 [7:26:37<43:36,  1.40s/it] 91%| | 18141/20000 [7:26:50<43:24,  1.40s/it] 91%| | 18206/20000 [7:28:18<41:34,  1.39s/it] 91%| | 18213/20000 [7:28:30<41:24,  1.39s/it] 91%|| 18279/20000 [7:29:58<39:42,  1.38s/it] 91%|| 18288/20000 [7:30:10<39:30,  1.38s/it] 92%|| 18357/20000 [7:31:39<37:05,  1.35s/it] 92%|| 18365/20000 [7:31:50<36:54,  1.35s/it] 92%|| 18434/20000 [7:33:19<34:54,  1.34s/it] 92%|| 18442/20000 [7:33:30<34:43,  1.34s/it] 93%|| 18516/20000 [7:35:00<32:14,  1.30s/it] 93%|| 18524/20000 [7:35:10<32:03,  1.30s/it] 93%|| 18595/20000 [7:36:41<30:20,  1.30s/it] 93%|| 18610/20000 [7:37:00<30:01,  1.30s/it] 93%|| 18672/20000 [7:38:21<28:42,  1.30s/it] 93%|| 18687/20000 [7:38:40<28:23,  1.30s/it] 94%|| 18753/20000 [7:40:02<26:37,  1.28s/it] 94%|| 18766/20000 [7:40:20<26:21,  1.28s/it] 94%|| 18834/20000 [7:41:43<24:41,  1.27s/it] 94%|| 18847/20000 [7:42:00<24:25,  1.27s/it] 95%|| 18917/20000 [7:43:24<22:38,  1.25s/it] 95%|| 18927/20000 [7:43:40<22:25,  1.25s/it] 95%|| 18994/20000 [7:45:05<21:20,  1.27s/it] 95%|| 19005/20000 [7:45:20<21:06,  1.27s/it] 95%|| 19072/20000 [7:46:46<19:47,  1.28s/it] 95%|| 19081/20000 [7:47:00<19:35,  1.28s/it] 96%|| 19150/20000 [7:48:28<18:12,  1.29s/it] 96%|| 19159/20000 [7:48:40<18:01,  1.29s/it] 96%|| 19223/20000 [7:50:09<16:59,  1.31s/it] 96%|| 19231/20000 [7:50:20<16:49,  1.31s/it] 96%|| 19298/20000 [7:51:49<15:27,  1.32s/it] 97%|| 19305/20000 [7:52:00<15:17,  1.32s/it] 97%|| 19370/20000 [7:53:31<14:07,  1.35s/it] 97%|| 19384/20000 [7:53:50<13:48,  1.35s/it] 97%|| 19435/20000 [7:55:12<13:12,  1.40s/it] 97%|| 19447/20000 [7:55:30<12:56,  1.40s/it] 97%|| 19499/20000 [7:56:53<12:07,  1.45s/it] 98%|| 19508/20000 [7:57:10<11:54,  1.45s/it] 98%|| 19561/20000 [7:58:33<10:57,  1.50s/it] 98%|| 19571/20000 [7:58:50<10:42,  1.50s/it] 98%|| 19626/20000 [8:00:14<09:25,  1.51s/it] 98%|| 19635/20000 [8:00:30<09:12,  1.51s/it] 98%|| 19685/20000 [8:01:55<08:13,  1.57s/it] 98%|| 19693/20000 [8:02:10<08:01,  1.57s/it] 99%|| 19744/20000 [8:03:35<06:50,  1.60s/it] 99%|| 19753/20000 [8:03:50<06:36,  1.60s/it] 99%|| 19804/20000 [8:05:16<05:19,  1.63s/it] 99%|| 19812/20000 [8:05:30<05:06,  1.63s/it] 99%|| 19866/20000 [8:06:58<03:38,  1.63s/it] 99%|| 19873/20000 [8:07:10<03:26,  1.63s/it]100%|| 19929/20000 [8:08:39<01:55,  1.62s/it]100%|| 19936/20000 [8:08:50<01:43,  1.62s/it]100%|| 19997/20000 [8:10:20<00:04,  1.58s/it]100%|| 20000/20000 [8:10:24<00:00,  1.47s/it]

Analysis complete. Found 1 cluster(s) meeting the MCMC criterion.
Accepted cluster indices: [2]

--- Processing Final Results for Cluster 2 ---
--- MCMC Parameter Constraints for Cluster 2 ---
  x_src = 94.436 +0.067 / -0.062
  y_src = 97.246 +0.191 / -0.179
    z_s = 3.232 +0.251 / -0.187
Saving localization results for Cluster 2...
Processing results for Cluster 2...
-> Saved 340000 samples to /users/hiu-yeung.cheng/clusterlensing/out/row20/test_tidy_row20/cluster_2_posterior.npz
Updated CSV row 20 with result for cluster 2.
Loading data from /users/hiu-yeung.cheng/clusterlensing/out/row20/test_tidy_row20/cluster_2_posterior.npz...

Generating corner plot...
-> Corner plot saved to /users/hiu-yeung.cheng/clusterlensing/out/row20/test_tidy_row20/cluster_2_corner_from_saved.png

Generating trace plot...
-> Trace plot saved to /users/hiu-yeung.cheng/clusterlensing/out/row20/test_tidy_row20/cluster_2_trace.png
