Row=26 OUT_DIR=/users/hiu-yeung.cheng/clusterlensing/out/row26 DE_PROCS=16 MCMC_PROCS=16
Setup complete. Lensing system initialized.
True time delays: [    0.          1682.30013398 12453.65727017 12719.24743561
 13629.12404898]
True luminosity distances: 34440.706171678066
Lensed luminosity distances: [  12712.07641723   12129.68406514    7610.21376945    8049.26923245
 3899200.86804151]

Running the full analysis pipeline...
--- Running DE for Cluster 0 ---
[DE] Process Pool with 16 procs (init=latinhypercube, popsize=50)
differential_evolution step 1: f(x)= 2406.465183963125
differential_evolution step 2: f(x)= 2406.465183963125
differential_evolution step 3: f(x)= 2406.465183963125
differential_evolution step 4: f(x)= 2406.465183963125
differential_evolution step 5: f(x)= 2406.465183963125
differential_evolution step 6: f(x)= 2406.465183963125
differential_evolution step 7: f(x)= 2406.465183963125
differential_evolution step 8: f(x)= 2406.465183963125
differential_evolution step 9: f(x)= 1625.6222537101548
differential_evolution step 10: f(x)= 1625.6222537101548
differential_evolution step 11: f(x)= 1625.6222537101548
differential_evolution step 12: f(x)= 1625.6222537101548
differential_evolution step 13: f(x)= 1625.6222537101548
differential_evolution step 14: f(x)= 1625.6222537101548
differential_evolution step 15: f(x)= 1113.9346794207227
differential_evolution step 16: f(x)= 1113.9346794207227
differential_evolution step 17: f(x)= 1113.9346794207227
differential_evolution step 18: f(x)= 911.4142658583426
differential_evolution step 19: f(x)= 785.2443868456271
differential_evolution step 20: f(x)= 785.2443868456271
differential_evolution step 21: f(x)= 785.2443868456271
differential_evolution step 22: f(x)= 785.2443868456271
differential_evolution step 23: f(x)= 785.2443868456271
differential_evolution step 24: f(x)= 785.2443868456271
differential_evolution step 25: f(x)= 785.2443868456271
differential_evolution step 26: f(x)= 785.2443868456271
differential_evolution step 27: f(x)= 785.2443868456271
differential_evolution step 28: f(x)= 785.2443868456271
differential_evolution step 29: f(x)= 785.2443868456271
differential_evolution step 30: f(x)= 785.2443868456271
differential_evolution step 31: f(x)= 785.2443868456271
differential_evolution step 32: f(x)= 672.3275168280809
differential_evolution step 33: f(x)= 672.3275168280809
differential_evolution step 34: f(x)= 672.3275168280809
differential_evolution step 35: f(x)= 672.3275168280809
differential_evolution step 36: f(x)= 672.3275168280809
differential_evolution step 37: f(x)= 672.3275168280809
differential_evolution step 38: f(x)= 672.3275168280809
differential_evolution step 39: f(x)= 672.3275168280809
differential_evolution step 40: f(x)= 672.3275168280809
differential_evolution step 41: f(x)= 672.3275168280809
differential_evolution step 42: f(x)= 672.3275168280809
differential_evolution step 43: f(x)= 672.3275168280809
differential_evolution step 44: f(x)= 672.3275168280809
differential_evolution step 45: f(x)= 672.3275168280809
differential_evolution step 46: f(x)= 672.3275168280809
differential_evolution step 47: f(x)= 651.5620401885886
differential_evolution step 48: f(x)= 647.0565581235967
differential_evolution step 49: f(x)= 647.0565581235967
differential_evolution step 50: f(x)= 647.0565581235967
differential_evolution step 51: f(x)= 647.0565581235967
differential_evolution step 52: f(x)= 647.0565581235967
differential_evolution step 53: f(x)= 647.0565581235967
differential_evolution step 54: f(x)= 608.3267453662936
differential_evolution step 55: f(x)= 608.3267453662936
differential_evolution step 56: f(x)= 608.228215298869
differential_evolution step 57: f(x)= 608.228215298869
differential_evolution step 58: f(x)= 608.228215298869
differential_evolution step 59: f(x)= 608.228215298869
differential_evolution step 60: f(x)= 608.228215298869
differential_evolution step 61: f(x)= 608.228215298869
differential_evolution step 62: f(x)= 608.228215298869
differential_evolution step 63: f(x)= 608.228215298869
differential_evolution step 64: f(x)= 605.9930939235395
differential_evolution step 65: f(x)= 605.9930939235395
differential_evolution step 66: f(x)= 605.9930939235395
differential_evolution step 67: f(x)= 604.0592982245314
differential_evolution step 68: f(x)= 604.0592982245314
differential_evolution step 69: f(x)= 604.0592982245314
differential_evolution step 70: f(x)= 604.0592982245314
differential_evolution step 71: f(x)= 604.0592982245314
differential_evolution step 72: f(x)= 604.0592982245314
differential_evolution step 73: f(x)= 604.0592982245314
differential_evolution step 74: f(x)= 547.6937803713937
differential_evolution step 75: f(x)= 547.6937803713937
differential_evolution step 76: f(x)= 547.6937803713937
differential_evolution step 77: f(x)= 547.6937803713937
differential_evolution step 78: f(x)= 547.6937803713937
differential_evolution step 79: f(x)= 547.6937803713937
differential_evolution step 80: f(x)= 547.6937803713937
differential_evolution step 81: f(x)= 547.6937803713937
differential_evolution step 82: f(x)= 547.6937803713937
differential_evolution step 83: f(x)= 547.6937803713937
differential_evolution step 84: f(x)= 547.6937803713937
differential_evolution step 85: f(x)= 547.6937803713937
differential_evolution step 86: f(x)= 540.5149957913555
differential_evolution step 87: f(x)= 540.5149957913555
differential_evolution step 88: f(x)= 540.5149957913555
differential_evolution step 89: f(x)= 540.5149957913555
differential_evolution step 90: f(x)= 540.5149957913555
differential_evolution step 91: f(x)= 540.5149957913555
differential_evolution step 92: f(x)= 540.5149957913555
differential_evolution step 93: f(x)= 540.5149957913555
differential_evolution step 94: f(x)= 540.5149957913555
differential_evolution step 95: f(x)= 540.5149957913555
differential_evolution step 96: f(x)= 540.5149957913555
differential_evolution step 97: f(x)= 538.2246797622515
differential_evolution step 98: f(x)= 532.9197836160546
differential_evolution step 99: f(x)= 532.9197836160546
differential_evolution step 100: f(x)= 532.9197836160546
differential_evolution step 101: f(x)= 528.6592236655912
differential_evolution step 102: f(x)= 528.6592236655912
differential_evolution step 103: f(x)= 522.5664858492942
differential_evolution step 104: f(x)= 522.5664858492942
differential_evolution step 105: f(x)= 522.5664858492942
differential_evolution step 106: f(x)= 522.5664858492942
differential_evolution step 107: f(x)= 522.5664858492942
differential_evolution step 108: f(x)= 522.5664858492942
differential_evolution step 109: f(x)= 522.5664858492942
differential_evolution step 110: f(x)= 522.5664858492942
differential_evolution step 111: f(x)= 522.2242124841732
differential_evolution step 112: f(x)= 522.2242124841732
differential_evolution step 113: f(x)= 522.2242124841732
differential_evolution step 114: f(x)= 522.2242124841732
differential_evolution step 115: f(x)= 522.2242124841732
differential_evolution step 116: f(x)= 521.8989552056456
differential_evolution step 117: f(x)= 521.3778814307857
differential_evolution step 118: f(x)= 521.3643942473525
differential_evolution step 119: f(x)= 520.4468069141291
differential_evolution step 120: f(x)= 520.2716247714359
differential_evolution step 121: f(x)= 520.2716247714359
differential_evolution step 122: f(x)= 520.2716247714359
differential_evolution step 123: f(x)= 519.7551454476935
differential_evolution step 124: f(x)= 519.4671449047364
differential_evolution step 125: f(x)= 518.693075332468
differential_evolution step 126: f(x)= 518.5669731421111
differential_evolution step 127: f(x)= 518.5669731421111
differential_evolution step 128: f(x)= 518.5669731421111
differential_evolution step 129: f(x)= 518.2536029970856
differential_evolution step 130: f(x)= 518.2536029970856
differential_evolution step 131: f(x)= 518.0716208715914
differential_evolution step 132: f(x)= 518.0355186984583
differential_evolution step 133: f(x)= 518.0355186984583
differential_evolution step 134: f(x)= 518.0355186984583
differential_evolution step 135: f(x)= 518.0355186984583
differential_evolution step 136: f(x)= 518.0355186984583
differential_evolution step 137: f(x)= 517.5343677700134
differential_evolution step 138: f(x)= 517.5343677700134
differential_evolution step 139: f(x)= 517.5343677700134
differential_evolution step 140: f(x)= 517.4054058932788
differential_evolution step 141: f(x)= 517.4054058932788
differential_evolution step 142: f(x)= 517.4054058932788
differential_evolution step 143: f(x)= 517.4054058932788
differential_evolution step 144: f(x)= 517.4054058932788
differential_evolution step 145: f(x)= 517.4054058932788
differential_evolution step 146: f(x)= 517.4054058932788
differential_evolution step 147: f(x)= 517.4054058932788
differential_evolution step 148: f(x)= 517.4054058932788
differential_evolution step 149: f(x)= 517.404527539821
differential_evolution step 150: f(x)= 517.404527539821
differential_evolution step 151: f(x)= 517.3247271949331
differential_evolution step 152: f(x)= 517.3247271949331
differential_evolution step 153: f(x)= 517.3247271949331
differential_evolution step 154: f(x)= 517.3247271949331
differential_evolution step 155: f(x)= 517.3247271949331
differential_evolution step 156: f(x)= 517.3247271949331
differential_evolution step 157: f(x)= 517.3247271949331
differential_evolution step 158: f(x)= 517.3247271949331
differential_evolution step 159: f(x)= 517.3247271949331
differential_evolution step 160: f(x)= 517.3247271949331
differential_evolution step 161: f(x)= 517.3247271949331
differential_evolution step 162: f(x)= 517.3247271949331
differential_evolution step 163: f(x)= 517.3247271949331
differential_evolution step 164: f(x)= 517.3247271949331
differential_evolution step 165: f(x)= 517.3247271949331
differential_evolution step 166: f(x)= 517.3247271949331
differential_evolution step 167: f(x)= 517.3247271949331
differential_evolution step 168: f(x)= 517.3247271949331
differential_evolution step 169: f(x)= 517.2494505076271
differential_evolution step 170: f(x)= 517.2494505076271
differential_evolution step 171: f(x)= 517.2494505076271
differential_evolution step 172: f(x)= 517.2494505076271
differential_evolution step 173: f(x)= 517.2494505076271
differential_evolution step 174: f(x)= 517.2494505076271
differential_evolution step 175: f(x)= 517.2494505076271
differential_evolution step 176: f(x)= 517.2494505076271
differential_evolution step 177: f(x)= 517.2494505076271
differential_evolution step 178: f(x)= 517.2494505076271
differential_evolution step 179: f(x)= 517.2494505076271
differential_evolution step 180: f(x)= 517.2494505076271
differential_evolution step 181: f(x)= 517.2494505076271
differential_evolution step 182: f(x)= 517.2494505076271
differential_evolution step 183: f(x)= 517.2494505076271
differential_evolution step 184: f(x)= 517.2494505076271
differential_evolution step 185: f(x)= 517.2494505076271
differential_evolution step 186: f(x)= 517.2383948090676
differential_evolution step 187: f(x)= 517.2383948090676
differential_evolution step 188: f(x)= 517.2383948090676
differential_evolution step 189: f(x)= 517.2383948090676
differential_evolution step 190: f(x)= 517.2383948090676
differential_evolution step 191: f(x)= 517.2383948090676
differential_evolution step 192: f(x)= 517.2383948090676
differential_evolution step 193: f(x)= 517.2383948090676
differential_evolution step 194: f(x)= 517.2383948090676
differential_evolution step 195: f(x)= 517.2303697330944
differential_evolution step 196: f(x)= 517.2303697330944
differential_evolution step 197: f(x)= 517.2303697330944
differential_evolution step 198: f(x)= 517.2303697330944
differential_evolution step 199: f(x)= 517.2303697330944
differential_evolution step 200: f(x)= 517.2303697330944
Cluster 0 DE best chi^2: 517.230 with params {'x_src': np.float64(77.31274275859788), 'y_src': np.float64(77.83740593864216), 'z_s': np.float64(4.998691353599482)}
--- Running DE for Cluster 1 ---
[DE] Process Pool with 16 procs (init=latinhypercube, popsize=50)
differential_evolution step 1: f(x)= 4242.640687119286
differential_evolution step 2: f(x)= 3000.0
differential_evolution step 3: f(x)= 3000.0
differential_evolution step 4: f(x)= 3000.0
differential_evolution step 5: f(x)= 3000.0
differential_evolution step 6: f(x)= 3000.0
differential_evolution step 7: f(x)= 3000.0
differential_evolution step 8: f(x)= 3000.0
differential_evolution step 9: f(x)= 3000.0
differential_evolution step 10: f(x)= 3000.0
differential_evolution step 11: f(x)= 1514.7160384050812
differential_evolution step 12: f(x)= 1514.7160384050812
differential_evolution step 13: f(x)= 1514.7160384050812
differential_evolution step 14: f(x)= 1514.7160384050812
differential_evolution step 15: f(x)= 1514.7160384050812
differential_evolution step 16: f(x)= 1514.7160384050812
differential_evolution step 17: f(x)= 1514.7160384050812
differential_evolution step 18: f(x)= 1309.641509243866
differential_evolution step 19: f(x)= 1309.641509243866
differential_evolution step 20: f(x)= 648.6742531793956
differential_evolution step 21: f(x)= 648.6742531793956
differential_evolution step 22: f(x)= 648.6742531793956
differential_evolution step 23: f(x)= 514.9654408211704
differential_evolution step 24: f(x)= 476.031718228817
differential_evolution step 25: f(x)= 476.031718228817
differential_evolution step 26: f(x)= 476.031718228817
differential_evolution step 27: f(x)= 476.031718228817
differential_evolution step 28: f(x)= 476.031718228817
differential_evolution step 29: f(x)= 458.717099277749
differential_evolution step 30: f(x)= 458.717099277749
differential_evolution step 31: f(x)= 458.717099277749
differential_evolution step 32: f(x)= 458.717099277749
differential_evolution step 33: f(x)= 458.717099277749
differential_evolution step 34: f(x)= 458.717099277749
differential_evolution step 35: f(x)= 458.717099277749
differential_evolution step 36: f(x)= 458.717099277749
differential_evolution step 37: f(x)= 458.717099277749
differential_evolution step 38: f(x)= 458.717099277749
differential_evolution step 39: f(x)= 458.717099277749
differential_evolution step 40: f(x)= 456.46731441676684
differential_evolution step 41: f(x)= 456.46731441676684
differential_evolution step 42: f(x)= 456.46731441676684
differential_evolution step 43: f(x)= 455.0388356136651
differential_evolution step 44: f(x)= 455.0388356136651
differential_evolution step 45: f(x)= 455.0388356136651
differential_evolution step 46: f(x)= 455.0388356136651
differential_evolution step 47: f(x)= 455.0388356136651
differential_evolution step 48: f(x)= 455.0388356136651
differential_evolution step 49: f(x)= 455.0388356136651
differential_evolution step 50: f(x)= 455.0388356136651
differential_evolution step 51: f(x)= 455.0388356136651
differential_evolution step 52: f(x)= 455.0388356136651
differential_evolution step 53: f(x)= 455.0388356136651
differential_evolution step 54: f(x)= 455.0388356136651
differential_evolution step 55: f(x)= 455.0388356136651
differential_evolution step 56: f(x)= 455.0388356136651
differential_evolution step 57: f(x)= 455.0388356136651
differential_evolution step 58: f(x)= 453.8828586225276
differential_evolution step 59: f(x)= 453.253474747767
differential_evolution step 60: f(x)= 451.21912597331976
differential_evolution step 61: f(x)= 450.86293282973037
differential_evolution step 62: f(x)= 444.56048965706816
differential_evolution step 63: f(x)= 444.56048965706816
differential_evolution step 64: f(x)= 444.3889374064414
differential_evolution step 65: f(x)= 444.3889374064414
differential_evolution step 66: f(x)= 444.3889374064414
differential_evolution step 67: f(x)= 444.3889374064414
differential_evolution step 68: f(x)= 444.3889374064414
differential_evolution step 69: f(x)= 444.3889374064414
differential_evolution step 70: f(x)= 444.34492289093345
differential_evolution step 71: f(x)= 443.7498307298873
differential_evolution step 72: f(x)= 443.7498307298873
differential_evolution step 73: f(x)= 443.7498307298873
differential_evolution step 74: f(x)= 443.7498307298873
differential_evolution step 75: f(x)= 443.7498307298873
differential_evolution step 76: f(x)= 443.7498307298873
differential_evolution step 77: f(x)= 443.7498307298873
differential_evolution step 78: f(x)= 443.7498307298873
differential_evolution step 79: f(x)= 443.7498307298873
differential_evolution step 80: f(x)= 443.7498307298873
differential_evolution step 81: f(x)= 443.7498307298873
differential_evolution step 82: f(x)= 443.7498307298873
differential_evolution step 83: f(x)= 443.7498307298873
differential_evolution step 84: f(x)= 443.7498307298873
differential_evolution step 85: f(x)= 443.7498307298873
differential_evolution step 86: f(x)= 443.7498307298873
differential_evolution step 87: f(x)= 443.7498307298873
differential_evolution step 88: f(x)= 443.7498307298873
differential_evolution step 89: f(x)= 443.7498307298873
differential_evolution step 90: f(x)= 443.7498307298873
differential_evolution step 91: f(x)= 443.7498307298873
differential_evolution step 92: f(x)= 443.7498307298873
differential_evolution step 93: f(x)= 443.63184371637703
differential_evolution step 94: f(x)= 443.63184371637703
differential_evolution step 95: f(x)= 443.63184371637703
differential_evolution step 96: f(x)= 443.63184371637703
differential_evolution step 97: f(x)= 443.63184371637703
differential_evolution step 98: f(x)= 443.63184371637703
differential_evolution step 99: f(x)= 443.63184371637703
differential_evolution step 100: f(x)= 443.63184371637703
differential_evolution step 101: f(x)= 443.63184371637703
differential_evolution step 102: f(x)= 443.63184371637703
differential_evolution step 103: f(x)= 443.63184371637703
differential_evolution step 104: f(x)= 443.6212626203379
differential_evolution step 105: f(x)= 443.6212626203379
differential_evolution step 106: f(x)= 443.58593703472707
differential_evolution step 107: f(x)= 443.5561890832728
differential_evolution step 108: f(x)= 443.5561890832728
differential_evolution step 109: f(x)= 443.5561890832728
differential_evolution step 110: f(x)= 443.5561890832728
differential_evolution step 111: f(x)= 443.5561890832728
differential_evolution step 112: f(x)= 443.5561890832728
differential_evolution step 113: f(x)= 443.5561890832728
differential_evolution step 114: f(x)= 443.5561890832728
differential_evolution step 115: f(x)= 443.5561890832728
differential_evolution step 116: f(x)= 443.5561890832728
differential_evolution step 117: f(x)= 443.5561890832728
differential_evolution step 118: f(x)= 443.5561890832728
differential_evolution step 119: f(x)= 443.53312552072066
differential_evolution step 120: f(x)= 443.53312552072066
differential_evolution step 121: f(x)= 443.53312552072066
differential_evolution step 122: f(x)= 443.53312552072066
differential_evolution step 123: f(x)= 443.53312552072066
differential_evolution step 124: f(x)= 443.53312552072066
differential_evolution step 125: f(x)= 443.53312552072066
differential_evolution step 126: f(x)= 443.53312552072066
differential_evolution step 127: f(x)= 443.53312552072066
differential_evolution step 128: f(x)= 443.53312552072066
differential_evolution step 129: f(x)= 443.53312552072066
differential_evolution step 130: f(x)= 443.53312552072066
differential_evolution step 131: f(x)= 443.4639018383558
differential_evolution step 132: f(x)= 443.4639018383558
differential_evolution step 133: f(x)= 443.4639018383558
differential_evolution step 134: f(x)= 443.4639018383558
differential_evolution step 135: f(x)= 443.4639018383558
differential_evolution step 136: f(x)= 443.4639018383558
differential_evolution step 137: f(x)= 443.4639018383558
differential_evolution step 138: f(x)= 443.4639018383558
differential_evolution step 139: f(x)= 443.4639018383558
differential_evolution step 140: f(x)= 443.4639018383558
differential_evolution step 141: f(x)= 443.4639018383558
differential_evolution step 142: f(x)= 443.4639018383558
differential_evolution step 143: f(x)= 443.4639018383558
differential_evolution step 144: f(x)= 443.4639018383558
differential_evolution step 145: f(x)= 443.4639018383558
differential_evolution step 146: f(x)= 443.4639018383558
differential_evolution step 147: f(x)= 443.4639018383558
differential_evolution step 148: f(x)= 443.4639018383558
differential_evolution step 149: f(x)= 443.4639018383558
differential_evolution step 150: f(x)= 443.4639018383558
differential_evolution step 151: f(x)= 443.4639018383558
differential_evolution step 152: f(x)= 443.4639018383558
differential_evolution step 153: f(x)= 443.4639018383558
differential_evolution step 154: f(x)= 443.4639018383558
differential_evolution step 155: f(x)= 443.4639018383558
differential_evolution step 156: f(x)= 443.4639018383558
differential_evolution step 157: f(x)= 443.4639018383558
differential_evolution step 158: f(x)= 443.4639018383558
differential_evolution step 159: f(x)= 443.4639018383558
differential_evolution step 160: f(x)= 443.4639018383558
differential_evolution step 161: f(x)= 443.4639018383558
differential_evolution step 162: f(x)= 443.4639018383558
differential_evolution step 163: f(x)= 443.4639018383558
differential_evolution step 164: f(x)= 443.4639018383558
differential_evolution step 165: f(x)= 443.4639018383558
differential_evolution step 166: f(x)= 443.4639018383558
differential_evolution step 167: f(x)= 443.4639018383558
differential_evolution step 168: f(x)= 443.4639018383558
differential_evolution step 169: f(x)= 443.4639018383558
differential_evolution step 170: f(x)= 443.4639018383558
differential_evolution step 171: f(x)= 443.4639018383558
differential_evolution step 172: f(x)= 443.4639018383558
differential_evolution step 173: f(x)= 443.4639018383558
differential_evolution step 174: f(x)= 443.4639018383558
differential_evolution step 175: f(x)= 443.4639018383558
differential_evolution step 176: f(x)= 443.4639018383558
differential_evolution step 177: f(x)= 443.4639018383558
differential_evolution step 178: f(x)= 443.4639018383558
differential_evolution step 179: f(x)= 443.4639018383558
differential_evolution step 180: f(x)= 443.4639018383558
differential_evolution step 181: f(x)= 443.4639018383558
differential_evolution step 182: f(x)= 443.4639018383558
differential_evolution step 183: f(x)= 443.4639018383558
differential_evolution step 184: f(x)= 443.4639018383558
differential_evolution step 185: f(x)= 443.4639018383558
differential_evolution step 186: f(x)= 443.4639018383558
differential_evolution step 187: f(x)= 443.4639018383558
differential_evolution step 188: f(x)= 443.4639018383558
differential_evolution step 189: f(x)= 443.4639018383558
differential_evolution step 190: f(x)= 443.4639018383558
differential_evolution step 191: f(x)= 443.4639018383558
differential_evolution step 192: f(x)= 443.4639018383558
differential_evolution step 193: f(x)= 443.4639018383558
differential_evolution step 194: f(x)= 443.4639018383558
differential_evolution step 195: f(x)= 443.4639018383558
differential_evolution step 196: f(x)= 443.4639018383558
differential_evolution step 197: f(x)= 443.4639018383558
differential_evolution step 198: f(x)= 443.4639018383558
differential_evolution step 199: f(x)= 443.4639018383558
differential_evolution step 200: f(x)= 443.4639018383558
Cluster 1 DE best chi^2: 443.464 with params {'x_src': np.float64(210.471574464088), 'y_src': np.float64(193.26200451570588), 'z_s': np.float64(1.2426735999414393)}
--- Running DE for Cluster 2 ---
[DE] Process Pool with 16 procs (init=latinhypercube, popsize=50)
differential_evolution step 1: f(x)= 4242.640687119286
differential_evolution step 2: f(x)= 4242.640687119286
differential_evolution step 3: f(x)= 4242.640687119286
differential_evolution step 4: f(x)= 4242.640687119286
differential_evolution step 5: f(x)= 4242.640687119286
differential_evolution step 6: f(x)= 701.1740434796596
differential_evolution step 7: f(x)= 701.1740434796596
differential_evolution step 8: f(x)= 701.1740434796596
differential_evolution step 9: f(x)= 197.82028956147195
differential_evolution step 10: f(x)= 197.82028956147195
differential_evolution step 11: f(x)= 197.82028956147195
differential_evolution step 12: f(x)= 197.82028956147195
differential_evolution step 13: f(x)= 106.60968902220877
differential_evolution step 14: f(x)= 106.60968902220877
differential_evolution step 15: f(x)= 55.4080284725119
differential_evolution step 16: f(x)= 55.4080284725119
differential_evolution step 17: f(x)= 55.4080284725119
differential_evolution step 18: f(x)= 55.4080284725119
differential_evolution step 19: f(x)= 55.4080284725119
differential_evolution step 20: f(x)= 55.4080284725119
differential_evolution step 21: f(x)= 55.4080284725119
differential_evolution step 22: f(x)= 55.4080284725119
differential_evolution step 23: f(x)= 55.4080284725119
differential_evolution step 24: f(x)= 55.4080284725119
differential_evolution step 25: f(x)= 55.4080284725119
differential_evolution step 26: f(x)= 55.4080284725119
differential_evolution step 27: f(x)= 55.4080284725119
differential_evolution step 28: f(x)= 55.4080284725119
differential_evolution step 29: f(x)= 55.4080284725119
differential_evolution step 30: f(x)= 55.4080284725119
differential_evolution step 31: f(x)= 55.4080284725119
differential_evolution step 32: f(x)= 47.97526737110879
differential_evolution step 33: f(x)= 47.97526737110879
differential_evolution step 34: f(x)= 47.97526737110879
differential_evolution step 35: f(x)= 47.97526737110879
differential_evolution step 36: f(x)= 39.28625349298536
differential_evolution step 37: f(x)= 39.28625349298536
differential_evolution step 38: f(x)= 36.01341881990471
differential_evolution step 39: f(x)= 29.13706743255524
differential_evolution step 40: f(x)= 29.13706743255524
differential_evolution step 41: f(x)= 8.773600183858832
differential_evolution step 42: f(x)= 8.773600183858832
differential_evolution step 43: f(x)= 8.773600183858832
differential_evolution step 44: f(x)= 8.773600183858832
differential_evolution step 45: f(x)= 2.8000548846955446
differential_evolution step 46: f(x)= 2.8000548846955446
differential_evolution step 47: f(x)= 2.8000548846955446
differential_evolution step 48: f(x)= 2.8000548846955446
differential_evolution step 49: f(x)= 2.8000548846955446
differential_evolution step 50: f(x)= 2.8000548846955446
differential_evolution step 51: f(x)= 2.8000548846955446
differential_evolution step 52: f(x)= 2.8000548846955446
differential_evolution step 53: f(x)= 2.8000548846955446
differential_evolution step 54: f(x)= 2.8000548846955446
differential_evolution step 55: f(x)= 2.8000548846955446
differential_evolution step 56: f(x)= 2.8000548846955446
differential_evolution step 57: f(x)= 2.8000548846955446
differential_evolution step 58: f(x)= 0.9201282872547218
differential_evolution step 59: f(x)= 0.9201282872547218
differential_evolution step 60: f(x)= 0.9201282872547218
differential_evolution step 61: f(x)= 0.9201282872547218
differential_evolution step 62: f(x)= 0.9201282872547218
differential_evolution step 63: f(x)= 0.9201282872547218
differential_evolution step 64: f(x)= 0.8139581150485042
differential_evolution step 65: f(x)= 0.8139581150485042
differential_evolution step 66: f(x)= 0.8139581150485042
differential_evolution step 67: f(x)= 0.810884316047417
differential_evolution step 68: f(x)= 0.810884316047417
differential_evolution step 69: f(x)= 0.810884316047417
differential_evolution step 70: f(x)= 0.810884316047417
differential_evolution step 71: f(x)= 0.810884316047417
differential_evolution step 72: f(x)= 0.5356337866746186
differential_evolution step 73: f(x)= 0.23883597983258661
differential_evolution step 74: f(x)= 0.23883597983258661
differential_evolution step 75: f(x)= 0.13069347229327427
differential_evolution step 76: f(x)= 0.13069347229327427
differential_evolution step 77: f(x)= 0.13069347229327427
differential_evolution step 78: f(x)= 0.13069347229327427
differential_evolution step 79: f(x)= 0.13069347229327427
differential_evolution step 80: f(x)= 0.13069347229327427
differential_evolution step 81: f(x)= 0.13069347229327427
differential_evolution step 82: f(x)= 0.13069347229327427
differential_evolution step 83: f(x)= 0.0902065392543609
differential_evolution step 84: f(x)= 0.018878835865203735
Cluster 2 DE best chi^2: 0.019 with params {'x_src': np.float64(99.3953919997253), 'y_src': np.float64(101.21852233224085), 'z_s': np.float64(3.849182448084485)}
--- Running DE for Cluster 3 ---
[DE] Process Pool with 16 procs (init=latinhypercube, popsize=50)
differential_evolution step 1: f(x)= 4242.640687119286
differential_evolution step 2: f(x)= 3000.0
differential_evolution step 3: f(x)= 3000.0
differential_evolution step 4: f(x)= 3000.0
differential_evolution step 5: f(x)= 3000.0
differential_evolution step 6: f(x)= 3000.0
differential_evolution step 7: f(x)= 3000.0
differential_evolution step 8: f(x)= 3000.0
differential_evolution step 9: f(x)= 3000.0
differential_evolution step 10: f(x)= 3000.0
differential_evolution step 11: f(x)= 3000.0
differential_evolution step 12: f(x)= 3000.0
differential_evolution step 13: f(x)= 3000.0
differential_evolution step 14: f(x)= 3000.0
differential_evolution step 15: f(x)= 3000.0
differential_evolution step 16: f(x)= 3000.0
differential_evolution step 17: f(x)= 3000.0
differential_evolution step 18: f(x)= 3000.0
differential_evolution step 19: f(x)= 3000.0
differential_evolution step 20: f(x)= 3000.0
differential_evolution step 21: f(x)= 3000.0
differential_evolution step 22: f(x)= 3000.0
differential_evolution step 23: f(x)= 3000.0
differential_evolution step 24: f(x)= 3000.0
differential_evolution step 25: f(x)= 3000.0
differential_evolution step 26: f(x)= 3000.0
differential_evolution step 27: f(x)= 3000.0
differential_evolution step 28: f(x)= 3000.0
differential_evolution step 29: f(x)= 3000.0
differential_evolution step 30: f(x)= 3000.0
differential_evolution step 31: f(x)= 3000.0
differential_evolution step 32: f(x)= 3000.0
differential_evolution step 33: f(x)= 3000.0
differential_evolution step 34: f(x)= 3000.0
differential_evolution step 35: f(x)= 3000.0
differential_evolution step 36: f(x)= 3000.0
differential_evolution step 37: f(x)= 3000.0
differential_evolution step 38: f(x)= 3000.0
differential_evolution step 39: f(x)= 3000.0
differential_evolution step 40: f(x)= 3000.0
differential_evolution step 41: f(x)= 3000.0
differential_evolution step 42: f(x)= 3000.0
differential_evolution step 43: f(x)= 3000.0
differential_evolution step 44: f(x)= 3000.0
differential_evolution step 45: f(x)= 3000.0
differential_evolution step 46: f(x)= 3000.0
differential_evolution step 47: f(x)= 3000.0
differential_evolution step 48: f(x)= 3000.0
differential_evolution step 49: f(x)= 3000.0
differential_evolution step 50: f(x)= 3000.0
differential_evolution step 51: f(x)= 3000.0
differential_evolution step 52: f(x)= 3000.0
differential_evolution step 53: f(x)= 3000.0
differential_evolution step 54: f(x)= 3000.0
differential_evolution step 55: f(x)= 3000.0
differential_evolution step 56: f(x)= 3000.0
differential_evolution step 57: f(x)= 3000.0
differential_evolution step 58: f(x)= 3000.0
differential_evolution step 59: f(x)= 3000.0
differential_evolution step 60: f(x)= 3000.0
differential_evolution step 61: f(x)= 3000.0
differential_evolution step 62: f(x)= 3000.0
differential_evolution step 63: f(x)= 3000.0
differential_evolution step 64: f(x)= 3000.0
differential_evolution step 65: f(x)= 3000.0
differential_evolution step 66: f(x)= 3000.0
differential_evolution step 67: f(x)= 3000.0
differential_evolution step 68: f(x)= 3000.0
differential_evolution step 69: f(x)= 3000.0
differential_evolution step 70: f(x)= 3000.0
differential_evolution step 71: f(x)= 3000.0
differential_evolution step 72: f(x)= 3000.0
differential_evolution step 73: f(x)= 3000.0
differential_evolution step 74: f(x)= 3000.0
differential_evolution step 75: f(x)= 3000.0
differential_evolution step 76: f(x)= 3000.0
differential_evolution step 77: f(x)= 3000.0
differential_evolution step 78: f(x)= 3000.0
differential_evolution step 79: f(x)= 3000.0
differential_evolution step 80: f(x)= 3000.0
differential_evolution step 81: f(x)= 3000.0
differential_evolution step 82: f(x)= 3000.0
differential_evolution step 83: f(x)= 3000.0
differential_evolution step 84: f(x)= 3000.0
differential_evolution step 85: f(x)= 3000.0
differential_evolution step 86: f(x)= 3000.0
differential_evolution step 87: f(x)= 3000.0
differential_evolution step 88: f(x)= 3000.0
differential_evolution step 89: f(x)= 3000.0
differential_evolution step 90: f(x)= 3000.0
differential_evolution step 91: f(x)= 3000.0
differential_evolution step 92: f(x)= 3000.0
differential_evolution step 93: f(x)= 3000.0
differential_evolution step 94: f(x)= 3000.0
differential_evolution step 95: f(x)= 3000.0
differential_evolution step 96: f(x)= 3000.0
differential_evolution step 97: f(x)= 3000.0
differential_evolution step 98: f(x)= 3000.0
differential_evolution step 99: f(x)= 3000.0
differential_evolution step 100: f(x)= 3000.0
differential_evolution step 101: f(x)= 3000.0
differential_evolution step 102: f(x)= 3000.0
differential_evolution step 103: f(x)= 3000.0
differential_evolution step 104: f(x)= 3000.0
differential_evolution step 105: f(x)= 3000.0
differential_evolution step 106: f(x)= 3000.0
differential_evolution step 107: f(x)= 3000.0
differential_evolution step 108: f(x)= 3000.0
differential_evolution step 109: f(x)= 3000.0
differential_evolution step 110: f(x)= 3000.0
differential_evolution step 111: f(x)= 3000.0
differential_evolution step 112: f(x)= 3000.0
differential_evolution step 113: f(x)= 3000.0
differential_evolution step 114: f(x)= 3000.0
differential_evolution step 115: f(x)= 3000.0
differential_evolution step 116: f(x)= 3000.0
differential_evolution step 117: f(x)= 3000.0
differential_evolution step 118: f(x)= 3000.0
differential_evolution step 119: f(x)= 3000.0
differential_evolution step 120: f(x)= 3000.0
differential_evolution step 121: f(x)= 3000.0
differential_evolution step 122: f(x)= 3000.0
differential_evolution step 123: f(x)= 3000.0
differential_evolution step 124: f(x)= 3000.0
differential_evolution step 125: f(x)= 3000.0
differential_evolution step 126: f(x)= 3000.0
differential_evolution step 127: f(x)= 3000.0
differential_evolution step 128: f(x)= 3000.0
differential_evolution step 129: f(x)= 3000.0
differential_evolution step 130: f(x)= 3000.0
differential_evolution step 131: f(x)= 3000.0
differential_evolution step 132: f(x)= 3000.0
differential_evolution step 133: f(x)= 3000.0
differential_evolution step 134: f(x)= 3000.0
differential_evolution step 135: f(x)= 3000.0
differential_evolution step 136: f(x)= 3000.0
differential_evolution step 137: f(x)= 3000.0
differential_evolution step 138: f(x)= 3000.0
differential_evolution step 139: f(x)= 3000.0
differential_evolution step 140: f(x)= 3000.0
differential_evolution step 141: f(x)= 3000.0
differential_evolution step 142: f(x)= 3000.0
differential_evolution step 143: f(x)= 3000.0
differential_evolution step 144: f(x)= 3000.0
differential_evolution step 145: f(x)= 3000.0
differential_evolution step 146: f(x)= 3000.0
differential_evolution step 147: f(x)= 3000.0
differential_evolution step 148: f(x)= 3000.0
differential_evolution step 149: f(x)= 3000.0
differential_evolution step 150: f(x)= 3000.0
Cluster 3 DE best chi^2: 3000.000 with params {'x_src': np.float64(110.33932556732849), 'y_src': np.float64(124.05686635992097), 'z_s': np.float64(3.65833109153329)}
--- Running DE for Cluster 4 ---
[DE] Process Pool with 16 procs (init=latinhypercube, popsize=50)
differential_evolution step 1: f(x)= 3000.0
differential_evolution step 2: f(x)= 2767.3802134783655
differential_evolution step 3: f(x)= 2767.3802134783655
differential_evolution step 4: f(x)= 2767.3802134783655
differential_evolution step 5: f(x)= 2767.3802134783655
differential_evolution step 6: f(x)= 2767.3802134783655
differential_evolution step 7: f(x)= 2767.3802134783655
differential_evolution step 8: f(x)= 1771.9651286245523
differential_evolution step 9: f(x)= 1600.2355957526927
differential_evolution step 10: f(x)= 1600.2355957526927
differential_evolution step 11: f(x)= 1600.2355957526927
differential_evolution step 12: f(x)= 1600.2355957526927
differential_evolution step 13: f(x)= 1600.2355957526927
differential_evolution step 14: f(x)= 1600.2355957526927
differential_evolution step 15: f(x)= 1600.2355957526927
differential_evolution step 16: f(x)= 1600.2355957526927
differential_evolution step 17: f(x)= 1600.2355957526927
differential_evolution step 18: f(x)= 1600.2355957526927
differential_evolution step 19: f(x)= 1600.2355957526927
differential_evolution step 20: f(x)= 1600.2355957526927
differential_evolution step 21: f(x)= 1600.2355957526927
differential_evolution step 22: f(x)= 1600.2355957526927
differential_evolution step 23: f(x)= 1600.2355957526927
differential_evolution step 24: f(x)= 1600.2355957526927
differential_evolution step 25: f(x)= 1600.2355957526927
differential_evolution step 26: f(x)= 1600.2355957526927
differential_evolution step 27: f(x)= 1521.5490847770257
differential_evolution step 28: f(x)= 1521.5490847770257
differential_evolution step 29: f(x)= 1521.5490847770257
differential_evolution step 30: f(x)= 1521.5490847770257
differential_evolution step 31: f(x)= 1521.5490847770257
differential_evolution step 32: f(x)= 1521.5490847770257
differential_evolution step 33: f(x)= 644.9882778964568
differential_evolution step 34: f(x)= 644.9882778964568
differential_evolution step 35: f(x)= 644.9882778964568
differential_evolution step 36: f(x)= 644.9882778964568
differential_evolution step 37: f(x)= 644.9882778964568
differential_evolution step 38: f(x)= 644.9882778964568
differential_evolution step 39: f(x)= 644.9882778964568
differential_evolution step 40: f(x)= 644.9882778964568
differential_evolution step 41: f(x)= 644.9882778964568
differential_evolution step 42: f(x)= 644.9882778964568
differential_evolution step 43: f(x)= 644.9882778964568
differential_evolution step 44: f(x)= 644.9882778964568
differential_evolution step 45: f(x)= 644.9882778964568
differential_evolution step 46: f(x)= 644.9882778964568
differential_evolution step 47: f(x)= 644.9882778964568
differential_evolution step 48: f(x)= 644.9882778964568
differential_evolution step 49: f(x)= 644.9882778964568
differential_evolution step 50: f(x)= 644.9882778964568
differential_evolution step 51: f(x)= 644.9882778964568
differential_evolution step 52: f(x)= 644.9882778964568
differential_evolution step 53: f(x)= 644.9882778964568
differential_evolution step 54: f(x)= 644.9882778964568
differential_evolution step 55: f(x)= 644.9882778964568
differential_evolution step 56: f(x)= 644.9882778964568
differential_evolution step 57: f(x)= 644.9882778964568
differential_evolution step 58: f(x)= 644.9882778964568
differential_evolution step 59: f(x)= 644.9882778964568
differential_evolution step 60: f(x)= 644.9882778964568
differential_evolution step 61: f(x)= 644.9882778964568
differential_evolution step 62: f(x)= 644.9882778964568
differential_evolution step 63: f(x)= 644.9882778964568
differential_evolution step 64: f(x)= 644.9882778964568
differential_evolution step 65: f(x)= 644.9882778964568
differential_evolution step 66: f(x)= 644.9882778964568
differential_evolution step 67: f(x)= 394.9919990512411
differential_evolution step 68: f(x)= 394.9919990512411
differential_evolution step 69: f(x)= 394.9919990512411
differential_evolution step 70: f(x)= 394.9919990512411
differential_evolution step 71: f(x)= 394.9919990512411
differential_evolution step 72: f(x)= 394.9919990512411
differential_evolution step 73: f(x)= 394.9919990512411
differential_evolution step 74: f(x)= 394.9919990512411
differential_evolution step 75: f(x)= 394.9919990512411
differential_evolution step 76: f(x)= 394.9919990512411
differential_evolution step 77: f(x)= 394.9919990512411
differential_evolution step 78: f(x)= 394.9919990512411
differential_evolution step 79: f(x)= 394.9919990512411
differential_evolution step 80: f(x)= 394.9919990512411
differential_evolution step 81: f(x)= 394.9919990512411
differential_evolution step 82: f(x)= 394.9919990512411
differential_evolution step 83: f(x)= 394.9919990512411
differential_evolution step 84: f(x)= 394.9919990512411
differential_evolution step 85: f(x)= 394.9919990512411
differential_evolution step 86: f(x)= 394.9919990512411
differential_evolution step 87: f(x)= 394.9919990512411
differential_evolution step 88: f(x)= 394.9919990512411
differential_evolution step 89: f(x)= 394.9919990512411
differential_evolution step 90: f(x)= 394.9919990512411
differential_evolution step 91: f(x)= 394.9919990512411
differential_evolution step 92: f(x)= 394.9919990512411
differential_evolution step 93: f(x)= 394.9919990512411
differential_evolution step 94: f(x)= 394.9919990512411
differential_evolution step 95: f(x)= 394.9919990512411
differential_evolution step 96: f(x)= 394.9919990512411
differential_evolution step 97: f(x)= 394.9919990512411
differential_evolution step 98: f(x)= 394.9919990512411
differential_evolution step 99: f(x)= 394.9919990512411
differential_evolution step 100: f(x)= 394.9919990512411
differential_evolution step 101: f(x)= 394.9919990512411
differential_evolution step 102: f(x)= 394.9919990512411
differential_evolution step 103: f(x)= 394.9919990512411
differential_evolution step 104: f(x)= 394.9919990512411
differential_evolution step 105: f(x)= 394.9919990512411
differential_evolution step 106: f(x)= 394.9919990512411
differential_evolution step 107: f(x)= 394.9919990512411
differential_evolution step 108: f(x)= 394.9919990512411
differential_evolution step 109: f(x)= 394.9919990512411
differential_evolution step 110: f(x)= 394.9919990512411
differential_evolution step 111: f(x)= 394.9919990512411
differential_evolution step 112: f(x)= 394.9919990512411
differential_evolution step 113: f(x)= 394.9919990512411
differential_evolution step 114: f(x)= 394.9919990512411
differential_evolution step 115: f(x)= 394.9919990512411
differential_evolution step 116: f(x)= 394.9919990512411
differential_evolution step 117: f(x)= 394.9919990512411
differential_evolution step 118: f(x)= 394.9919990512411
differential_evolution step 119: f(x)= 394.9919990512411
differential_evolution step 120: f(x)= 394.9919990512411
differential_evolution step 121: f(x)= 394.9919990512411
differential_evolution step 122: f(x)= 394.9919990512411
differential_evolution step 123: f(x)= 394.9919990512411
differential_evolution step 124: f(x)= 394.9919990512411
differential_evolution step 125: f(x)= 394.9919990512411
differential_evolution step 126: f(x)= 394.9919990512411
differential_evolution step 127: f(x)= 394.9919990512411
differential_evolution step 128: f(x)= 394.9919990512411
differential_evolution step 129: f(x)= 394.9919990512411
differential_evolution step 130: f(x)= 394.9919990512411
differential_evolution step 131: f(x)= 394.9919990512411
differential_evolution step 132: f(x)= 394.9919990512411
differential_evolution step 133: f(x)= 394.9919990512411
differential_evolution step 134: f(x)= 394.9919990512411
differential_evolution step 135: f(x)= 394.9919990512411
differential_evolution step 136: f(x)= 394.9919990512411
differential_evolution step 137: f(x)= 394.9919990512411
differential_evolution step 138: f(x)= 394.9919990512411
differential_evolution step 139: f(x)= 394.9919990512411
differential_evolution step 140: f(x)= 394.9919990512411
differential_evolution step 141: f(x)= 394.9919990512411
differential_evolution step 142: f(x)= 394.9919990512411
differential_evolution step 143: f(x)= 394.9919990512411
differential_evolution step 144: f(x)= 394.9919990512411
differential_evolution step 145: f(x)= 394.9919990512411
differential_evolution step 146: f(x)= 394.9919990512411
differential_evolution step 147: f(x)= 394.9919990512411
differential_evolution step 148: f(x)= 394.9919990512411
differential_evolution step 149: f(x)= 394.9919990512411
differential_evolution step 150: f(x)= 394.9919990512411
differential_evolution step 151: f(x)= 394.9919990512411
differential_evolution step 152: f(x)= 394.9919990512411
differential_evolution step 153: f(x)= 394.9919990512411
differential_evolution step 154: f(x)= 394.9919990512411
differential_evolution step 155: f(x)= 394.9919990512411
differential_evolution step 156: f(x)= 394.9919990512411
differential_evolution step 157: f(x)= 394.9919990512411
differential_evolution step 158: f(x)= 394.9919990512411
differential_evolution step 159: f(x)= 394.9919990512411
differential_evolution step 160: f(x)= 394.9919990512411
differential_evolution step 161: f(x)= 394.9919990512411
differential_evolution step 162: f(x)= 394.9919990512411
differential_evolution step 163: f(x)= 394.9919990512411
differential_evolution step 164: f(x)= 394.9919990512411
differential_evolution step 165: f(x)= 394.9919990512411
differential_evolution step 166: f(x)= 394.9919990512411
differential_evolution step 167: f(x)= 394.9919990512411
differential_evolution step 168: f(x)= 394.9919990512411
differential_evolution step 169: f(x)= 394.9919990512411
differential_evolution step 170: f(x)= 394.9919990512411
differential_evolution step 171: f(x)= 394.9919990512411
differential_evolution step 172: f(x)= 394.9919990512411
differential_evolution step 173: f(x)= 394.9919990512411
differential_evolution step 174: f(x)= 394.9919990512411
differential_evolution step 175: f(x)= 394.9919990512411
differential_evolution step 176: f(x)= 394.9919990512411
differential_evolution step 177: f(x)= 394.9919990512411
differential_evolution step 178: f(x)= 394.9919990512411
differential_evolution step 179: f(x)= 394.9919990512411
differential_evolution step 180: f(x)= 394.9919990512411
differential_evolution step 181: f(x)= 394.9919990512411
differential_evolution step 182: f(x)= 394.9919990512411
differential_evolution step 183: f(x)= 394.9919990512411
differential_evolution step 184: f(x)= 394.9919990512411
differential_evolution step 185: f(x)= 394.9919990512411
differential_evolution step 186: f(x)= 394.9919990512411
differential_evolution step 187: f(x)= 394.9919990512411
differential_evolution step 188: f(x)= 394.9919990512411
differential_evolution step 189: f(x)= 394.9919990512411
differential_evolution step 190: f(x)= 394.9919990512411
differential_evolution step 191: f(x)= 378.0677335652032
differential_evolution step 192: f(x)= 378.0677335652032
differential_evolution step 193: f(x)= 378.0677335652032
differential_evolution step 194: f(x)= 378.0677335652032
differential_evolution step 195: f(x)= 378.0677335652032
differential_evolution step 196: f(x)= 378.0677335652032
differential_evolution step 197: f(x)= 378.0677335652032
differential_evolution step 198: f(x)= 378.0677335652032
differential_evolution step 199: f(x)= 378.0677335652032
differential_evolution step 200: f(x)= 378.0677335652032
Cluster 4 DE best chi^2: 378.068 with params {'x_src': np.float64(213.44555667114906), 'y_src': np.float64(221.64220045173937), 'z_s': np.float64(2.085432195730675)}
--- Running DE for Cluster 5 ---
[DE] Process Pool with 16 procs (init=latinhypercube, popsize=50)
differential_evolution step 1: f(x)= 4242.640687119286
differential_evolution step 2: f(x)= 4242.640687119286
differential_evolution step 3: f(x)= 4242.640687119286
differential_evolution step 4: f(x)= 4242.640687119286
differential_evolution step 5: f(x)= 4242.640687119286
differential_evolution step 6: f(x)= 4242.640687119286
differential_evolution step 7: f(x)= 4242.640687119286
differential_evolution step 8: f(x)= 4242.640687119286
differential_evolution step 9: f(x)= 4242.640687119286
differential_evolution step 10: f(x)= 4242.640687119286
differential_evolution step 11: f(x)= 3000.0
differential_evolution step 12: f(x)= 3000.0
differential_evolution step 13: f(x)= 3000.0
differential_evolution step 14: f(x)= 3000.0
differential_evolution step 15: f(x)= 3000.0
differential_evolution step 16: f(x)= 3000.0
differential_evolution step 17: f(x)= 3000.0
differential_evolution step 18: f(x)= 3000.0
differential_evolution step 19: f(x)= 3000.0
differential_evolution step 20: f(x)= 1494.0979534629341
differential_evolution step 21: f(x)= 1494.0979534629341
differential_evolution step 22: f(x)= 1494.0979534629341
differential_evolution step 23: f(x)= 1494.0979534629341
differential_evolution step 24: f(x)= 1494.0979534629341
differential_evolution step 25: f(x)= 1494.0979534629341
differential_evolution step 26: f(x)= 1494.0979534629341
differential_evolution step 27: f(x)= 1282.8331587278753
differential_evolution step 28: f(x)= 1282.8331587278753
differential_evolution step 29: f(x)= 1282.8331587278753
differential_evolution step 30: f(x)= 1282.8331587278753
differential_evolution step 31: f(x)= 1282.8331587278753
differential_evolution step 32: f(x)= 1282.8331587278753
differential_evolution step 33: f(x)= 1282.8331587278753
differential_evolution step 34: f(x)= 1149.2994719087374
differential_evolution step 35: f(x)= 1149.2994719087374
differential_evolution step 36: f(x)= 1149.2994719087374
differential_evolution step 37: f(x)= 1149.2994719087374
differential_evolution step 38: f(x)= 748.2837747219112
differential_evolution step 39: f(x)= 748.2837747219112
differential_evolution step 40: f(x)= 748.2837747219112
differential_evolution step 41: f(x)= 748.2837747219112
differential_evolution step 42: f(x)= 748.2837747219112
differential_evolution step 43: f(x)= 748.2837747219112
differential_evolution step 44: f(x)= 748.2837747219112
differential_evolution step 45: f(x)= 748.2837747219112
differential_evolution step 46: f(x)= 748.2837747219112
differential_evolution step 47: f(x)= 748.2837747219112
differential_evolution step 48: f(x)= 747.8202029536151
differential_evolution step 49: f(x)= 747.8202029536151
differential_evolution step 50: f(x)= 747.8202029536151
differential_evolution step 51: f(x)= 747.8202029536151
differential_evolution step 52: f(x)= 747.8202029536151
differential_evolution step 53: f(x)= 747.8202029536151
differential_evolution step 54: f(x)= 747.8202029536151
differential_evolution step 55: f(x)= 747.8202029536151
differential_evolution step 56: f(x)= 747.8202029536151
differential_evolution step 57: f(x)= 747.8202029536151
differential_evolution step 58: f(x)= 747.8202029536151
differential_evolution step 59: f(x)= 747.8202029536151
differential_evolution step 60: f(x)= 747.8202029536151
differential_evolution step 61: f(x)= 747.8202029536151
differential_evolution step 62: f(x)= 747.8202029536151
differential_evolution step 63: f(x)= 747.8202029536151
differential_evolution step 64: f(x)= 747.8202029536151
differential_evolution step 65: f(x)= 747.8202029536151
differential_evolution step 66: f(x)= 747.8202029536151
differential_evolution step 67: f(x)= 620.2524247166157
differential_evolution step 68: f(x)= 620.2524247166157
differential_evolution step 69: f(x)= 620.2524247166157
differential_evolution step 70: f(x)= 620.2524247166157
differential_evolution step 71: f(x)= 620.2524247166157
differential_evolution step 72: f(x)= 615.437816702565
differential_evolution step 73: f(x)= 615.437816702565
differential_evolution step 74: f(x)= 615.437816702565
differential_evolution step 75: f(x)= 615.437816702565
differential_evolution step 76: f(x)= 615.437816702565
differential_evolution step 77: f(x)= 558.3225111050608
differential_evolution step 78: f(x)= 558.3225111050608
differential_evolution step 79: f(x)= 558.3225111050608
differential_evolution step 80: f(x)= 558.3225111050608
differential_evolution step 81: f(x)= 558.3225111050608
differential_evolution step 82: f(x)= 558.3225111050608
differential_evolution step 83: f(x)= 558.3225111050608
differential_evolution step 84: f(x)= 545.1794425804786
differential_evolution step 85: f(x)= 545.1794425804786
differential_evolution step 86: f(x)= 545.1794425804786
differential_evolution step 87: f(x)= 545.1794425804786
differential_evolution step 88: f(x)= 545.1794425804786
differential_evolution step 89: f(x)= 545.1794425804786
differential_evolution step 90: f(x)= 545.1794425804786
differential_evolution step 91: f(x)= 545.1794425804786
differential_evolution step 92: f(x)= 545.1794425804786
differential_evolution step 93: f(x)= 532.3273529370267
differential_evolution step 94: f(x)= 532.3273529370267
differential_evolution step 95: f(x)= 532.3273529370267
differential_evolution step 96: f(x)= 532.3273529370267
differential_evolution step 97: f(x)= 485.792672315407
differential_evolution step 98: f(x)= 485.792672315407
differential_evolution step 99: f(x)= 485.792672315407
differential_evolution step 100: f(x)= 485.792672315407
differential_evolution step 101: f(x)= 485.792672315407
differential_evolution step 102: f(x)= 485.792672315407
differential_evolution step 103: f(x)= 485.792672315407
differential_evolution step 104: f(x)= 485.792672315407
differential_evolution step 105: f(x)= 485.792672315407
differential_evolution step 106: f(x)= 485.792672315407
differential_evolution step 107: f(x)= 485.792672315407
differential_evolution step 108: f(x)= 485.792672315407
differential_evolution step 109: f(x)= 485.792672315407
differential_evolution step 110: f(x)= 485.792672315407
differential_evolution step 111: f(x)= 485.792672315407
differential_evolution step 112: f(x)= 485.792672315407
differential_evolution step 113: f(x)= 485.792672315407
differential_evolution step 114: f(x)= 485.792672315407
differential_evolution step 115: f(x)= 463.6652014915951
differential_evolution step 116: f(x)= 463.6652014915951
differential_evolution step 117: f(x)= 463.6652014915951
differential_evolution step 118: f(x)= 463.6652014915951
differential_evolution step 119: f(x)= 463.6652014915951
differential_evolution step 120: f(x)= 463.6652014915951
differential_evolution step 121: f(x)= 463.6652014915951
differential_evolution step 122: f(x)= 463.6652014915951
differential_evolution step 123: f(x)= 463.6652014915951
differential_evolution step 124: f(x)= 463.6652014915951
differential_evolution step 125: f(x)= 463.6652014915951
differential_evolution step 126: f(x)= 463.6652014915951
differential_evolution step 127: f(x)= 463.6652014915951
differential_evolution step 128: f(x)= 463.6652014915951
differential_evolution step 129: f(x)= 463.6652014915951
differential_evolution step 130: f(x)= 463.6652014915951
differential_evolution step 131: f(x)= 463.6652014915951
differential_evolution step 132: f(x)= 457.92555934905937
differential_evolution step 133: f(x)= 457.92555934905937
differential_evolution step 134: f(x)= 457.92555934905937
differential_evolution step 135: f(x)= 457.92555934905937
differential_evolution step 136: f(x)= 457.92555934905937
differential_evolution step 137: f(x)= 457.92555934905937
differential_evolution step 138: f(x)= 457.92555934905937
differential_evolution step 139: f(x)= 457.92555934905937
differential_evolution step 140: f(x)= 456.2000374066048
differential_evolution step 141: f(x)= 443.3195636978818
differential_evolution step 142: f(x)= 440.8310154792167
differential_evolution step 143: f(x)= 440.8310154792167
differential_evolution step 144: f(x)= 440.8310154792167
differential_evolution step 145: f(x)= 440.8310154792167
differential_evolution step 146: f(x)= 440.8310154792167
differential_evolution step 147: f(x)= 440.8310154792167
differential_evolution step 148: f(x)= 440.8310154792167
differential_evolution step 149: f(x)= 440.8310154792167
differential_evolution step 150: f(x)= 440.8310154792167
differential_evolution step 151: f(x)= 440.8310154792167
differential_evolution step 152: f(x)= 439.2145734573321
differential_evolution step 153: f(x)= 439.2145734573321
differential_evolution step 154: f(x)= 439.2145734573321
differential_evolution step 155: f(x)= 439.2145734573321
differential_evolution step 156: f(x)= 439.2145734573321
differential_evolution step 157: f(x)= 439.2145734573321
differential_evolution step 158: f(x)= 439.2145734573321
differential_evolution step 159: f(x)= 439.2145734573321
differential_evolution step 160: f(x)= 439.2145734573321
differential_evolution step 161: f(x)= 439.2145734573321
differential_evolution step 162: f(x)= 439.2145734573321
differential_evolution step 163: f(x)= 439.2145734573321
differential_evolution step 164: f(x)= 439.2145734573321
differential_evolution step 165: f(x)= 439.2145734573321
differential_evolution step 166: f(x)= 439.2145734573321
differential_evolution step 167: f(x)= 439.2145734573321
differential_evolution step 168: f(x)= 439.2145734573321
differential_evolution step 169: f(x)= 439.2145734573321
differential_evolution step 170: f(x)= 439.2145734573321
differential_evolution step 171: f(x)= 439.2145734573321
differential_evolution step 172: f(x)= 439.2145734573321
differential_evolution step 173: f(x)= 439.2145734573321
differential_evolution step 174: f(x)= 439.2145734573321
differential_evolution step 175: f(x)= 439.2145734573321
differential_evolution step 176: f(x)= 439.2145734573321
differential_evolution step 177: f(x)= 439.2145734573321
differential_evolution step 178: f(x)= 439.2145734573321
differential_evolution step 179: f(x)= 438.37124834244537
differential_evolution step 180: f(x)= 438.37124834244537
differential_evolution step 181: f(x)= 438.33770269897394
differential_evolution step 182: f(x)= 438.33770269897394
differential_evolution step 183: f(x)= 438.33770269897394
differential_evolution step 184: f(x)= 438.33770269897394
differential_evolution step 185: f(x)= 438.33770269897394
differential_evolution step 186: f(x)= 438.33770269897394
differential_evolution step 187: f(x)= 438.33770269897394
differential_evolution step 188: f(x)= 438.33770269897394
differential_evolution step 189: f(x)= 438.33770269897394
differential_evolution step 190: f(x)= 438.33770269897394
differential_evolution step 191: f(x)= 438.33770269897394
differential_evolution step 192: f(x)= 438.33770269897394
differential_evolution step 193: f(x)= 438.33770269897394
differential_evolution step 194: f(x)= 437.83347680077003
differential_evolution step 195: f(x)= 437.83347680077003
differential_evolution step 196: f(x)= 437.83347680077003
differential_evolution step 197: f(x)= 437.83347680077003
differential_evolution step 198: f(x)= 437.83347680077003
differential_evolution step 199: f(x)= 437.83347680077003
differential_evolution step 200: f(x)= 437.83347680077003
Cluster 5 DE best chi^2: 437.833 with params {'x_src': np.float64(151.0232296398621), 'y_src': np.float64(146.35843598186827), 'z_s': np.float64(4.996821111266494)}

--- DE Optimization Summary ---
Best fit found for Cluster 2 with chi^2 = 0.019
Best-fit parameters: {'x_src': np.float64(99.3953919997253), 'y_src': np.float64(101.21852233224085), 'z_s': np.float64(3.849182448084485)}

--- Running MCMC for Cluster 2 (chi_sq=0.019) ---
[MCMC] Process Pool with 16 procs
  0%|          | 0/20000 [00:00<?, ?it/s]  0%|          | 61/20000 [01:41<9:11:22,  1.66s/it]  0%|          | 72/20000 [02:00<9:11:03,  1.66s/it]  1%|          | 116/20000 [03:21<9:40:42,  1.75s/it]  1%|          | 125/20000 [03:40<9:40:26,  1.75s/it]  1%|          | 172/20000 [05:01<9:45:03,  1.77s/it]  1%|          | 181/20000 [05:20<9:44:47,  1.77s/it]  1%|          | 235/20000 [06:43<9:20:25,  1.70s/it]  1%|          | 246/20000 [07:00<9:20:06,  1.70s/it]  2%|         | 304/20000 [08:23<8:46:48,  1.60s/it]  2%|         | 316/20000 [08:40<8:46:29,  1.60s/it]  2%|         | 376/20000 [10:04<8:20:06,  1.53s/it]  2%|         | 386/20000 [10:20<8:19:51,  1.53s/it]  2%|         | 442/20000 [11:44<8:17:00,  1.52s/it]  2%|         | 453/20000 [12:00<8:16:43,  1.52s/it]  3%|         | 502/20000 [13:25<8:31:05,  1.57s/it]  3%|         | 510/20000 [13:40<8:30:53,  1.57s/it]  3%|         | 566/20000 [15:07<8:30:37,  1.58s/it]  3%|         | 574/20000 [15:20<8:30:25,  1.58s/it]  3%|         | 636/20000 [16:48<8:14:22,  1.53s/it]  3%|         | 643/20000 [17:00<8:14:11,  1.53s/it]  4%|         | 705/20000 [18:28<8:05:16,  1.51s/it]  4%|         | 712/20000 [18:40<8:05:05,  1.51s/it]  4%|         | 766/20000 [20:10<8:18:35,  1.56s/it]  4%|         | 776/20000 [20:30<8:18:20,  1.56s/it]  4%|         | 825/20000 [21:51<8:31:06,  1.60s/it]  4%|         | 834/20000 [22:10<8:30:52,  1.60s/it]  4%|         | 885/20000 [23:33<8:38:33,  1.63s/it]  4%|         | 894/20000 [23:50<8:38:19,  1.63s/it]  5%|         | 948/20000 [25:14<8:34:48,  1.62s/it]  5%|         | 957/20000 [25:30<8:34:34,  1.62s/it]  5%|         | 1014/20000 [26:55<8:24:20,  1.59s/it]  5%|         | 1021/20000 [27:10<8:24:09,  1.59s/it]  5%|         | 1074/20000 [28:36<8:30:24,  1.62s/it]  5%|         | 1081/20000 [28:50<8:30:13,  1.62s/it]  6%|         | 1133/20000 [30:17<8:37:40,  1.65s/it]  6%|         | 1141/20000 [30:30<8:37:27,  1.65s/it]  6%|         | 1198/20000 [31:58<8:26:28,  1.62s/it]  6%|         | 1205/20000 [32:10<8:26:16,  1.62s/it]  6%|         | 1260/20000 [33:38<8:24:53,  1.62s/it]  6%|         | 1267/20000 [33:50<8:24:41,  1.62s/it]  7%|         | 1319/20000 [35:19<8:31:05,  1.64s/it]  7%|         | 1325/20000 [35:30<8:30:55,  1.64s/it]  7%|         | 1378/20000 [36:59<8:35:21,  1.66s/it]  7%|         | 1383/20000 [37:10<8:35:13,  1.66s/it]  7%|         | 1440/20000 [38:41<8:30:56,  1.65s/it]  7%|         | 1452/20000 [39:00<8:30:36,  1.65s/it]  8%|         | 1502/20000 [40:23<8:28:30,  1.65s/it]  8%|         | 1511/20000 [40:40<8:28:15,  1.65s/it]  8%|         | 1557/20000 [42:03<8:42:35,  1.70s/it]  8%|         | 1565/20000 [42:20<8:42:21,  1.70s/it]  8%|         | 1617/20000 [43:45<8:39:44,  1.70s/it]  8%|         | 1625/20000 [44:00<8:39:31,  1.70s/it]  8%|         | 1680/20000 [45:25<8:28:09,  1.66s/it]  8%|         | 1687/20000 [45:40<8:27:57,  1.66s/it]  9%|         | 1742/20000 [47:06<8:22:42,  1.65s/it]  9%|         | 1749/20000 [47:20<8:22:30,  1.65s/it]  9%|         | 1802/20000 [48:47<8:24:04,  1.66s/it]  9%|         | 1809/20000 [49:00<8:23:52,  1.66s/it]  9%|         | 1861/20000 [50:28<8:26:32,  1.68s/it]  9%|         | 1868/20000 [50:40<8:26:20,  1.68s/it] 10%|         | 1929/20000 [52:08<8:05:09,  1.61s/it] 10%|         | 1936/20000 [52:20<8:04:58,  1.61s/it] 10%|         | 1990/20000 [53:49<8:07:39,  1.62s/it] 10%|         | 1995/20000 [54:00<8:07:31,  1.62s/it] 10%|         | 2052/20000 [55:30<8:05:53,  1.62s/it] 10%|         | 2063/20000 [55:50<8:05:35,  1.62s/it] 11%|         | 2113/20000 [57:11<8:07:52,  1.64s/it] 11%|         | 2122/20000 [57:30<8:07:37,  1.64s/it] 11%|         | 2169/20000 [58:52<8:19:03,  1.68s/it] 11%|         | 2178/20000 [59:10<8:18:48,  1.68s/it] 11%|         | 2227/20000 [1:00:32<8:21:47,  1.69s/it] 11%|         | 2238/20000 [1:00:50<8:21:28,  1.69s/it] 11%|        | 2298/20000 [1:02:12<7:51:31,  1.60s/it] 12%|        | 2311/20000 [1:02:30<7:51:10,  1.60s/it] 12%|        | 2365/20000 [1:03:53<7:41:37,  1.57s/it] 12%|        | 2377/20000 [1:04:10<7:41:19,  1.57s/it] 12%|        | 2430/20000 [1:05:34<7:37:32,  1.56s/it] 12%|        | 2438/20000 [1:05:50<7:37:19,  1.56s/it] 12%|        | 2490/20000 [1:07:14<7:45:09,  1.59s/it] 13%|        | 2501/20000 [1:07:30<7:44:52,  1.59s/it] 13%|        | 2558/20000 [1:08:55<7:33:52,  1.56s/it] 13%|        | 2565/20000 [1:09:10<7:33:41,  1.56s/it] 13%|        | 2617/20000 [1:10:35<7:43:18,  1.60s/it] 13%|        | 2624/20000 [1:10:50<7:43:07,  1.60s/it] 13%|        | 2677/20000 [1:12:16<7:48:19,  1.62s/it] 13%|        | 2685/20000 [1:12:30<7:48:06,  1.62s/it] 14%|        | 2739/20000 [1:13:57<7:47:20,  1.62s/it] 14%|        | 2745/20000 [1:14:10<7:47:11,  1.62s/it] 14%|        | 2798/20000 [1:15:37<7:51:40,  1.65s/it] 14%|        | 2806/20000 [1:15:50<7:51:27,  1.65s/it] 14%|        | 2859/20000 [1:17:18<7:50:25,  1.65s/it] 14%|        | 2866/20000 [1:17:30<7:50:14,  1.65s/it] 15%|        | 2920/20000 [1:18:59<7:50:14,  1.65s/it] 15%|        | 2925/20000 [1:19:10<7:50:06,  1.65s/it] 15%|        | 2988/20000 [1:20:40<7:32:17,  1.60s/it] 15%|        | 3000/20000 [1:21:00<7:31:58,  1.60s/it] 15%|        | 3056/20000 [1:22:20<7:20:15,  1.56s/it] 15%|        | 3070/20000 [1:22:40<7:19:53,  1.56s/it] 16%|        | 3128/20000 [1:24:01<7:03:00,  1.50s/it] 16%|        | 3141/20000 [1:24:20<7:02:40,  1.50s/it] 16%|        | 3193/20000 [1:25:41<7:05:15,  1.52s/it] 16%|        | 3204/20000 [1:26:00<7:04:59,  1.52s/it] 16%|        | 3254/20000 [1:27:23<7:15:34,  1.56s/it] 16%|        | 3262/20000 [1:27:40<7:15:21,  1.56s/it] 17%|        | 3315/20000 [1:29:04<7:21:54,  1.59s/it] 17%|        | 3322/20000 [1:29:20<7:21:43,  1.59s/it] 17%|        | 3371/20000 [1:30:45<7:36:53,  1.65s/it] 17%|        | 3379/20000 [1:31:00<7:36:40,  1.65s/it] 17%|        | 3428/20000 [1:32:26<7:44:59,  1.68s/it] 17%|        | 3436/20000 [1:32:40<7:44:46,  1.68s/it] 17%|        | 3498/20000 [1:34:08<7:21:06,  1.60s/it] 18%|        | 3506/20000 [1:34:20<7:20:53,  1.60s/it] 18%|        | 3565/20000 [1:35:49<7:11:45,  1.58s/it] 18%|        | 3571/20000 [1:36:00<7:11:36,  1.58s/it] 18%|        | 3635/20000 [1:37:29<6:57:17,  1.53s/it] 18%|        | 3642/20000 [1:37:40<6:57:07,  1.53s/it] 19%|        | 3705/20000 [1:39:10<6:47:28,  1.50s/it] 19%|        | 3718/20000 [1:39:30<6:47:09,  1.50s/it] 19%|        | 3771/20000 [1:40:50<6:47:17,  1.51s/it] 19%|        | 3784/20000 [1:41:10<6:46:58,  1.51s/it] 19%|        | 3843/20000 [1:42:30<6:36:00,  1.47s/it] 19%|        | 3855/20000 [1:42:50<6:35:42,  1.47s/it] 20%|        | 3911/20000 [1:44:11<6:34:53,  1.47s/it] 20%|        | 3923/20000 [1:44:30<6:34:35,  1.47s/it] 20%|        | 3978/20000 [1:45:52<6:35:40,  1.48s/it] 20%|        | 3990/20000 [1:46:10<6:35:23,  1.48s/it] 20%|        | 4043/20000 [1:47:33<6:40:01,  1.50s/it] 20%|        | 4051/20000 [1:47:50<6:39:49,  1.50s/it] 21%|        | 4101/20000 [1:49:13<6:54:34,  1.56s/it] 21%|        | 4111/20000 [1:49:30<6:54:19,  1.56s/it] 21%|        | 4160/20000 [1:50:53<7:02:45,  1.60s/it] 21%|        | 4168/20000 [1:51:10<7:02:33,  1.60s/it] 21%|        | 4219/20000 [1:52:34<7:09:43,  1.63s/it] 21%|        | 4229/20000 [1:52:50<7:09:27,  1.63s/it] 21%|       | 4283/20000 [1:54:15<7:03:17,  1.62s/it] 21%|       | 4291/20000 [1:54:30<7:03:05,  1.62s/it] 22%|       | 4341/20000 [1:55:55<7:10:07,  1.65s/it] 22%|       | 4348/20000 [1:56:10<7:09:55,  1.65s/it] 22%|       | 4402/20000 [1:57:37<7:09:46,  1.65s/it] 22%|       | 4410/20000 [1:57:50<7:09:33,  1.65s/it] 22%|       | 4472/20000 [1:59:17<6:48:57,  1.58s/it] 22%|       | 4480/20000 [1:59:30<6:48:45,  1.58s/it] 23%|       | 4536/20000 [2:00:58<6:47:21,  1.58s/it] 23%|       | 4541/20000 [2:01:10<6:47:13,  1.58s/it] 23%|       | 4599/20000 [2:02:39<6:47:32,  1.59s/it] 23%|       | 4605/20000 [2:02:50<6:47:23,  1.59s/it] 23%|       | 4662/20000 [2:04:20<6:45:59,  1.59s/it] 23%|       | 4668/20000 [2:04:30<6:45:49,  1.59s/it] 24%|       | 4723/20000 [2:06:01<6:49:47,  1.61s/it] 24%|       | 4735/20000 [2:06:20<6:49:28,  1.61s/it] 24%|       | 4781/20000 [2:07:43<6:58:57,  1.65s/it] 24%|       | 4790/20000 [2:08:00<6:58:42,  1.65s/it] 24%|       | 4841/20000 [2:09:24<6:59:58,  1.66s/it] 24%|       | 4850/20000 [2:09:40<6:59:43,  1.66s/it] 25%|       | 4901/20000 [2:11:05<6:59:22,  1.67s/it] 25%|       | 4908/20000 [2:11:20<6:59:10,  1.67s/it] 25%|       | 4960/20000 [2:12:46<7:01:27,  1.68s/it] 25%|       | 4967/20000 [2:13:00<7:01:16,  1.68s/it] 25%|       | 5015/20000 [2:14:28<7:11:34,  1.73s/it] 25%|       | 5021/20000 [2:14:40<7:11:23,  1.73s/it] 25%|       | 5077/20000 [2:16:09<7:02:01,  1.70s/it] 25%|       | 5084/20000 [2:16:20<7:01:49,  1.70s/it] 26%|       | 5146/20000 [2:17:50<6:41:05,  1.62s/it] 26%|       | 5151/20000 [2:18:00<6:40:56,  1.62s/it] 26%|       | 5205/20000 [2:19:31<6:46:00,  1.65s/it] 26%|       | 5217/20000 [2:19:50<6:45:40,  1.65s/it] 26%|       | 5271/20000 [2:21:12<6:35:14,  1.61s/it] 26%|       | 5283/20000 [2:21:30<6:34:54,  1.61s/it] 27%|       | 5338/20000 [2:22:52<6:24:46,  1.57s/it] 27%|       | 5349/20000 [2:23:10<6:24:28,  1.57s/it] 27%|       | 5403/20000 [2:24:33<6:21:36,  1.57s/it] 27%|       | 5413/20000 [2:24:50<6:21:20,  1.57s/it] 27%|       | 5466/20000 [2:26:13<6:21:42,  1.58s/it] 27%|       | 5475/20000 [2:26:30<6:21:28,  1.58s/it] 28%|       | 5526/20000 [2:27:54<6:27:24,  1.61s/it] 28%|       | 5534/20000 [2:28:10<6:27:11,  1.61s/it] 28%|       | 5589/20000 [2:29:35<6:25:06,  1.60s/it] 28%|       | 5598/20000 [2:29:50<6:24:52,  1.60s/it] 28%|       | 5649/20000 [2:31:16<6:29:35,  1.63s/it] 28%|       | 5655/20000 [2:31:30<6:29:25,  1.63s/it] 29%|       | 5712/20000 [2:32:57<6:25:04,  1.62s/it] 29%|       | 5720/20000 [2:33:10<6:24:51,  1.62s/it] 29%|       | 5783/20000 [2:34:37<6:07:41,  1.55s/it] 29%|       | 5792/20000 [2:34:50<6:07:27,  1.55s/it] 29%|       | 5850/20000 [2:36:17<6:01:48,  1.53s/it] 29%|       | 5857/20000 [2:36:30<6:01:37,  1.53s/it] 30%|       | 5910/20000 [2:37:59<6:10:26,  1.58s/it] 30%|       | 5916/20000 [2:38:10<6:10:16,  1.58s/it] 30%|       | 5967/20000 [2:39:39<6:21:15,  1.63s/it] 30%|       | 5973/20000 [2:39:50<6:21:06,  1.63s/it] 30%|       | 6026/20000 [2:41:20<6:24:27,  1.65s/it] 30%|       | 6037/20000 [2:41:40<6:24:08,  1.65s/it] 30%|       | 6085/20000 [2:43:00<6:26:14,  1.67s/it] 30%|       | 6095/20000 [2:43:20<6:25:57,  1.67s/it] 31%|       | 6143/20000 [2:44:41<6:29:09,  1.69s/it] 31%|       | 6154/20000 [2:45:00<6:28:51,  1.69s/it] 31%|       | 6200/20000 [2:46:21<6:32:36,  1.71s/it] 31%|       | 6212/20000 [2:46:40<6:32:16,  1.71s/it] 31%|      | 6258/20000 [2:48:02<6:33:30,  1.72s/it] 31%|      | 6269/20000 [2:48:20<6:33:12,  1.72s/it] 32%|      | 6319/20000 [2:49:42<6:26:29,  1.70s/it] 32%|      | 6328/20000 [2:50:00<6:26:14,  1.70s/it] 32%|      | 6375/20000 [2:51:23<6:31:09,  1.72s/it] 32%|      | 6384/20000 [2:51:40<6:30:53,  1.72s/it] 32%|      | 6434/20000 [2:53:03<6:28:00,  1.72s/it] 32%|      | 6443/20000 [2:53:20<6:27:44,  1.72s/it] 32%|      | 6497/20000 [2:54:45<6:19:02,  1.68s/it] 33%|      | 6505/20000 [2:55:00<6:18:49,  1.68s/it] 33%|      | 6563/20000 [2:56:26<6:06:31,  1.64s/it] 33%|      | 6572/20000 [2:56:40<6:06:16,  1.64s/it] 33%|      | 6626/20000 [2:58:06<6:01:27,  1.62s/it] 33%|      | 6635/20000 [2:58:20<6:01:13,  1.62s/it] 33%|      | 6685/20000 [2:59:47<6:05:33,  1.65s/it] 33%|      | 6693/20000 [3:00:00<6:05:19,  1.65s/it] 34%|      | 6747/20000 [3:01:28<6:02:18,  1.64s/it] 34%|      | 6753/20000 [3:01:40<6:02:08,  1.64s/it] 34%|      | 6805/20000 [3:03:08<6:06:08,  1.66s/it] 34%|      | 6811/20000 [3:03:20<6:05:58,  1.66s/it] 34%|      | 6864/20000 [3:04:48<6:06:42,  1.67s/it] 34%|      | 6869/20000 [3:05:00<6:06:34,  1.67s/it] 35%|      | 6921/20000 [3:06:28<6:10:24,  1.70s/it] 35%|      | 6928/20000 [3:06:40<6:10:12,  1.70s/it] 35%|      | 6989/20000 [3:08:10<5:53:28,  1.63s/it] 35%|      | 6996/20000 [3:08:20<5:53:16,  1.63s/it] 35%|      | 7062/20000 [3:09:50<5:32:56,  1.54s/it] 35%|      | 7075/20000 [3:10:10<5:32:35,  1.54s/it] 36%|      | 7135/20000 [3:11:30<5:19:13,  1.49s/it] 36%|      | 7148/20000 [3:11:50<5:18:54,  1.49s/it] 36%|      | 7205/20000 [3:13:11<5:14:10,  1.47s/it] 36%|      | 7216/20000 [3:13:30<5:13:54,  1.47s/it] 36%|      | 7267/20000 [3:14:52<5:22:24,  1.52s/it] 36%|      | 7278/20000 [3:15:10<5:22:07,  1.52s/it] 37%|      | 7335/20000 [3:16:34<5:18:43,  1.51s/it] 37%|      | 7346/20000 [3:16:50<5:18:26,  1.51s/it] 37%|      | 7409/20000 [3:18:15<5:06:58,  1.46s/it] 37%|      | 7420/20000 [3:18:30<5:06:42,  1.46s/it] 37%|      | 7480/20000 [3:19:55<5:02:19,  1.45s/it] 37%|      | 7491/20000 [3:20:10<5:02:03,  1.45s/it] 38%|      | 7550/20000 [3:21:36<4:59:47,  1.44s/it] 38%|      | 7559/20000 [3:21:50<4:59:34,  1.44s/it] 38%|      | 7617/20000 [3:23:17<5:01:53,  1.46s/it] 38%|      | 7626/20000 [3:23:30<5:01:40,  1.46s/it] 38%|      | 7691/20000 [3:24:57<4:53:11,  1.43s/it] 38%|      | 7700/20000 [3:25:10<4:52:58,  1.43s/it] 39%|      | 7761/20000 [3:26:37<4:51:48,  1.43s/it] 39%|      | 7771/20000 [3:26:50<4:51:34,  1.43s/it] 39%|      | 7832/20000 [3:28:17<4:48:47,  1.42s/it] 39%|      | 7840/20000 [3:28:30<4:48:36,  1.42s/it] 40%|      | 7906/20000 [3:29:58<4:42:43,  1.40s/it] 40%|      | 7915/20000 [3:30:10<4:42:30,  1.40s/it] 40%|      | 7979/20000 [3:31:38<4:39:06,  1.39s/it] 40%|      | 7987/20000 [3:31:50<4:38:55,  1.39s/it] 40%|      | 8050/20000 [3:33:18<4:38:26,  1.40s/it] 40%|      | 8059/20000 [3:33:30<4:38:13,  1.40s/it] 41%|      | 8120/20000 [3:34:58<4:38:53,  1.41s/it] 41%|      | 8128/20000 [3:35:10<4:38:42,  1.41s/it] 41%|      | 8189/20000 [3:36:39<4:40:10,  1.42s/it] 41%|      | 8197/20000 [3:36:50<4:39:59,  1.42s/it] 41%|     | 8257/20000 [3:38:20<4:41:51,  1.44s/it] 41%|     | 8262/20000 [3:38:30<4:41:44,  1.44s/it] 42%|     | 8328/20000 [3:40:00<4:39:01,  1.43s/it] 42%|     | 8340/20000 [3:40:20<4:38:43,  1.43s/it] 42%|     | 8397/20000 [3:41:41<4:39:04,  1.44s/it] 42%|     | 8410/20000 [3:42:00<4:38:45,  1.44s/it] 42%|     | 8466/20000 [3:43:22<4:38:10,  1.45s/it] 42%|     | 8477/20000 [3:43:40<4:37:54,  1.45s/it] 43%|     | 8529/20000 [3:45:02<4:44:23,  1.49s/it] 43%|     | 8542/20000 [3:45:20<4:44:03,  1.49s/it] 43%|     | 8600/20000 [3:46:43<4:38:43,  1.47s/it] 43%|     | 8611/20000 [3:47:00<4:38:27,  1.47s/it] 43%|     | 8663/20000 [3:48:24<4:44:01,  1.50s/it] 43%|     | 8672/20000 [3:48:40<4:43:47,  1.50s/it] 44%|     | 8728/20000 [3:50:05<4:45:11,  1.52s/it] 44%|     | 8737/20000 [3:50:20<4:44:57,  1.52s/it] 44%|     | 8796/20000 [3:51:46<4:41:49,  1.51s/it] 44%|     | 8805/20000 [3:52:00<4:41:36,  1.51s/it] 44%|     | 8864/20000 [3:53:26<4:38:24,  1.50s/it] 44%|     | 8872/20000 [3:53:40<4:38:12,  1.50s/it] 45%|     | 8936/20000 [3:55:07<4:30:32,  1.47s/it] 45%|     | 8946/20000 [3:55:20<4:30:17,  1.47s/it] 45%|     | 9012/20000 [3:56:48<4:20:37,  1.42s/it] 45%|     | 9020/20000 [3:57:00<4:20:26,  1.42s/it] 45%|     | 9080/20000 [3:58:29<4:22:18,  1.44s/it] 45%|     | 9087/20000 [3:58:40<4:22:08,  1.44s/it] 46%|     | 9148/20000 [4:00:09<4:22:28,  1.45s/it] 46%|     | 9156/20000 [4:00:20<4:22:16,  1.45s/it] 46%|     | 9220/20000 [4:01:50<4:17:43,  1.43s/it] 46%|     | 9234/20000 [4:02:10<4:17:23,  1.43s/it] 46%|     | 9292/20000 [4:03:30<4:13:41,  1.42s/it] 47%|     | 9304/20000 [4:03:50<4:13:24,  1.42s/it] 47%|     | 9357/20000 [4:05:12<4:19:07,  1.46s/it] 47%|     | 9369/20000 [4:05:30<4:18:49,  1.46s/it] 47%|     | 9425/20000 [4:06:52<4:18:22,  1.47s/it] 47%|     | 9437/20000 [4:07:10<4:18:05,  1.47s/it] 47%|     | 9496/20000 [4:08:33<4:14:30,  1.45s/it] 48%|     | 9506/20000 [4:08:50<4:14:15,  1.45s/it] 48%|     | 9564/20000 [4:10:14<4:14:08,  1.46s/it] 48%|     | 9575/20000 [4:10:30<4:13:52,  1.46s/it] 48%|     | 9643/20000 [4:11:54<4:01:25,  1.40s/it] 48%|     | 9655/20000 [4:12:10<4:01:08,  1.40s/it] 49%|     | 9721/20000 [4:13:35<3:53:44,  1.36s/it] 49%|     | 9733/20000 [4:13:50<3:53:27,  1.36s/it] 49%|     | 9795/20000 [4:15:16<3:52:16,  1.37s/it] 49%|     | 9803/20000 [4:15:30<3:52:05,  1.37s/it] 49%|     | 9859/20000 [4:16:57<4:00:19,  1.42s/it] 49%|     | 9868/20000 [4:17:10<4:00:06,  1.42s/it] 50%|     | 9925/20000 [4:18:37<4:03:35,  1.45s/it] 50%|     | 9932/20000 [4:18:50<4:03:24,  1.45s/it] 50%|     | 9991/20000 [4:20:18<4:05:27,  1.47s/it] 50%|     | 9999/20000 [4:20:30<4:05:15,  1.47s/it] 50%|     | 10061/20000 [4:21:58<4:01:38,  1.46s/it] 50%|     | 10069/20000 [4:22:10<4:01:26,  1.46s/it] 51%|     | 10129/20000 [4:23:39<4:01:23,  1.47s/it] 51%|     | 10135/20000 [4:23:50<4:01:14,  1.47s/it] 51%|     | 10193/20000 [4:25:20<4:05:09,  1.50s/it] 51%|     | 10207/20000 [4:25:40<4:04:48,  1.50s/it] 51%|    | 10263/20000 [4:27:02<4:00:56,  1.48s/it] 51%|    | 10273/20000 [4:27:20<4:00:41,  1.48s/it] 52%|    | 10331/20000 [4:28:42<3:58:54,  1.48s/it] 52%|    | 10342/20000 [4:29:00<3:58:38,  1.48s/it] 52%|    | 10402/20000 [4:30:23<3:53:53,  1.46s/it] 52%|    | 10414/20000 [4:30:40<3:53:36,  1.46s/it] 52%|    | 10470/20000 [4:32:03<3:52:49,  1.47s/it] 52%|    | 10482/20000 [4:32:20<3:52:32,  1.47s/it] 53%|    | 10543/20000 [4:33:44<3:46:59,  1.44s/it] 53%|    | 10553/20000 [4:34:00<3:46:44,  1.44s/it] 53%|    | 10610/20000 [4:35:26<3:48:42,  1.46s/it] 53%|    | 10619/20000 [4:35:40<3:48:29,  1.46s/it] 53%|    | 10680/20000 [4:37:07<3:46:02,  1.46s/it] 53%|    | 10689/20000 [4:37:20<3:45:49,  1.46s/it] 54%|    | 10750/20000 [4:38:47<3:43:15,  1.45s/it] 54%|    | 10760/20000 [4:39:00<3:43:01,  1.45s/it] 54%|    | 10824/20000 [4:40:27<3:36:51,  1.42s/it] 54%|    | 10834/20000 [4:40:40<3:36:37,  1.42s/it] 54%|    | 10893/20000 [4:42:08<3:37:18,  1.43s/it] 55%|    | 10900/20000 [4:42:20<3:37:08,  1.43s/it] 55%|    | 10960/20000 [4:43:48<3:38:32,  1.45s/it] 55%|    | 10969/20000 [4:44:00<3:38:19,  1.45s/it] 55%|    | 11031/20000 [4:45:29<3:35:16,  1.44s/it] 55%|    | 11039/20000 [4:45:40<3:35:04,  1.44s/it] 56%|    | 11100/20000 [4:47:09<3:34:29,  1.45s/it] 56%|    | 11106/20000 [4:47:20<3:34:21,  1.45s/it] 56%|    | 11173/20000 [4:48:50<3:29:34,  1.42s/it] 56%|    | 11188/20000 [4:49:10<3:29:13,  1.42s/it] 56%|    | 11247/20000 [4:50:31<3:25:01,  1.41s/it] 56%|    | 11261/20000 [4:50:50<3:24:42,  1.41s/it] 57%|    | 11318/20000 [4:52:12<3:23:57,  1.41s/it] 57%|    | 11331/20000 [4:52:30<3:23:39,  1.41s/it] 57%|    | 11389/20000 [4:53:52<3:22:45,  1.41s/it] 57%|    | 11402/20000 [4:54:10<3:22:27,  1.41s/it] 57%|    | 11461/20000 [4:55:34<3:20:53,  1.41s/it] 57%|    | 11470/20000 [4:55:50<3:20:41,  1.41s/it] 58%|    | 11531/20000 [4:57:15<3:20:35,  1.42s/it] 58%|    | 11541/20000 [4:57:30<3:20:21,  1.42s/it] 58%|    | 11602/20000 [4:58:56<3:18:53,  1.42s/it] 58%|    | 11611/20000 [4:59:10<3:18:40,  1.42s/it] 58%|    | 11670/20000 [5:00:36<3:19:26,  1.44s/it] 58%|    | 11679/20000 [5:00:50<3:19:13,  1.44s/it] 59%|    | 11743/20000 [5:02:17<3:15:26,  1.42s/it] 59%|    | 11751/20000 [5:02:30<3:15:14,  1.42s/it] 59%|    | 11812/20000 [5:03:58<3:15:22,  1.43s/it] 59%|    | 11818/20000 [5:04:10<3:15:13,  1.43s/it] 59%|    | 11877/20000 [5:05:38<3:17:59,  1.46s/it] 59%|    | 11884/20000 [5:05:50<3:17:49,  1.46s/it] 60%|    | 11939/20000 [5:07:18<3:22:26,  1.51s/it] 60%|    | 11947/20000 [5:07:30<3:22:14,  1.51s/it] 60%|    | 12010/20000 [5:08:59<3:16:58,  1.48s/it] 60%|    | 12017/20000 [5:09:10<3:16:47,  1.48s/it] 60%|    | 12076/20000 [5:10:40<3:17:33,  1.50s/it] 60%|    | 12090/20000 [5:11:00<3:17:12,  1.50s/it] 61%|    | 12146/20000 [5:12:21<3:13:28,  1.48s/it] 61%|    | 12158/20000 [5:12:40<3:13:10,  1.48s/it] 61%|    | 12213/20000 [5:14:02<3:12:45,  1.49s/it] 61%|    | 12224/20000 [5:14:20<3:12:29,  1.49s/it] 61%|   | 12277/20000 [5:15:43<3:14:42,  1.51s/it] 61%|   | 12287/20000 [5:16:00<3:14:27,  1.51s/it] 62%|   | 12346/20000 [5:17:23<3:10:41,  1.49s/it] 62%|   | 12357/20000 [5:17:40<3:10:24,  1.49s/it] 62%|   | 12413/20000 [5:19:05<3:09:44,  1.50s/it] 62%|   | 12423/20000 [5:19:20<3:09:29,  1.50s/it] 62%|   | 12482/20000 [5:20:46<3:06:42,  1.49s/it] 62%|   | 12490/20000 [5:21:00<3:06:30,  1.49s/it] 63%|   | 12550/20000 [5:22:26<3:04:23,  1.49s/it] 63%|   | 12559/20000 [5:22:40<3:04:10,  1.49s/it] 63%|   | 12620/20000 [5:24:07<3:01:02,  1.47s/it] 63%|   | 12629/20000 [5:24:20<3:00:49,  1.47s/it] 63%|   | 12685/20000 [5:25:48<3:02:14,  1.49s/it] 63%|   | 12692/20000 [5:26:00<3:02:03,  1.49s/it] 64%|   | 12752/20000 [5:27:28<3:00:44,  1.50s/it] 64%|   | 12760/20000 [5:27:40<3:00:32,  1.50s/it] 64%|   | 12822/20000 [5:29:09<2:56:36,  1.48s/it] 64%|   | 12830/20000 [5:29:20<2:56:24,  1.48s/it] 64%|   | 12886/20000 [5:30:49<2:58:03,  1.50s/it] 64%|   | 12893/20000 [5:31:00<2:57:52,  1.50s/it] 65%|   | 12949/20000 [5:32:30<2:59:52,  1.53s/it] 65%|   | 12955/20000 [5:32:40<2:59:43,  1.53s/it] 65%|   | 13014/20000 [5:34:10<2:58:40,  1.53s/it] 65%|   | 13027/20000 [5:34:30<2:58:20,  1.53s/it] 65%|   | 13083/20000 [5:35:51<2:54:37,  1.51s/it] 65%|   | 13095/20000 [5:36:10<2:54:19,  1.51s/it] 66%|   | 13150/20000 [5:37:32<2:52:18,  1.51s/it] 66%|   | 13162/20000 [5:37:50<2:52:00,  1.51s/it] 66%|   | 13217/20000 [5:39:13<2:50:34,  1.51s/it] 66%|   | 13229/20000 [5:39:30<2:50:16,  1.51s/it] 66%|   | 13286/20000 [5:40:53<2:47:03,  1.49s/it] 66%|   | 13296/20000 [5:41:10<2:46:48,  1.49s/it] 67%|   | 13351/20000 [5:42:34<2:47:20,  1.51s/it] 67%|   | 13361/20000 [5:42:50<2:47:05,  1.51s/it] 67%|   | 13415/20000 [5:44:15<2:48:00,  1.53s/it] 67%|   | 13424/20000 [5:44:30<2:47:46,  1.53s/it] 67%|   | 13482/20000 [5:45:56<2:45:12,  1.52s/it] 67%|   | 13490/20000 [5:46:10<2:44:59,  1.52s/it] 68%|   | 13545/20000 [5:47:36<2:45:45,  1.54s/it] 68%|   | 13554/20000 [5:47:50<2:45:31,  1.54s/it] 68%|   | 13615/20000 [5:49:17<2:40:46,  1.51s/it] 68%|   | 13624/20000 [5:49:30<2:40:32,  1.51s/it] 68%|   | 13680/20000 [5:50:59<2:40:44,  1.53s/it] 68%|   | 13686/20000 [5:51:10<2:40:35,  1.53s/it] 69%|   | 13752/20000 [5:52:40<2:34:47,  1.49s/it] 69%|   | 13759/20000 [5:52:50<2:34:36,  1.49s/it] 69%|   | 13821/20000 [5:54:20<2:32:05,  1.48s/it] 69%|   | 13827/20000 [5:54:30<2:31:56,  1.48s/it] 69%|   | 13890/20000 [5:56:01<2:30:00,  1.47s/it] 70%|   | 13903/20000 [5:56:20<2:29:40,  1.47s/it] 70%|   | 13958/20000 [5:57:42<2:28:34,  1.48s/it] 70%|   | 13970/20000 [5:58:00<2:28:16,  1.48s/it] 70%|   | 14026/20000 [5:59:22<2:26:54,  1.48s/it] 70%|   | 14040/20000 [5:59:40<2:26:33,  1.48s/it] 70%|   | 14100/20000 [6:01:03<2:21:36,  1.44s/it] 71%|   | 14110/20000 [6:01:20<2:21:22,  1.44s/it] 71%|   | 14167/20000 [6:02:43<2:21:43,  1.46s/it] 71%|   | 14179/20000 [6:03:00<2:21:26,  1.46s/it] 71%|   | 14233/20000 [6:04:24<2:21:44,  1.47s/it] 71%|   | 14244/20000 [6:04:40<2:21:28,  1.47s/it] 72%|  | 14306/20000 [6:06:04<2:17:08,  1.45s/it] 72%|  | 14316/20000 [6:06:20<2:16:54,  1.45s/it] 72%|  | 14371/20000 [6:07:45<2:18:10,  1.47s/it] 72%|  | 14380/20000 [6:08:00<2:17:57,  1.47s/it] 72%|  | 14435/20000 [6:09:26<2:19:26,  1.50s/it] 72%|  | 14444/20000 [6:09:40<2:19:12,  1.50s/it] 73%|  | 14503/20000 [6:11:07<2:17:22,  1.50s/it] 73%|  | 14510/20000 [6:11:20<2:17:11,  1.50s/it] 73%|  | 14569/20000 [6:12:48<2:16:22,  1.51s/it] 73%|  | 14576/20000 [6:13:00<2:16:12,  1.51s/it] 73%|  | 14638/20000 [6:14:29<2:13:40,  1.50s/it] 73%|  | 14643/20000 [6:14:40<2:13:32,  1.50s/it] 74%|  | 14702/20000 [6:16:09<2:13:54,  1.52s/it] 74%|  | 14708/20000 [6:16:20<2:13:44,  1.52s/it] 74%|  | 14770/20000 [6:17:50<2:11:08,  1.50s/it] 74%|  | 14776/20000 [6:18:00<2:10:59,  1.50s/it] 74%|  | 14834/20000 [6:19:31<2:11:21,  1.53s/it] 74%|  | 14846/20000 [6:19:50<2:11:03,  1.53s/it] 74%|  | 14900/20000 [6:21:11<2:09:34,  1.52s/it] 75%|  | 14913/20000 [6:21:30<2:09:15,  1.52s/it] 75%|  | 14968/20000 [6:22:52<2:06:48,  1.51s/it] 75%|  | 14978/20000 [6:23:10<2:06:33,  1.51s/it] 75%|  | 15031/20000 [6:24:34<2:07:33,  1.54s/it] 75%|  | 15042/20000 [6:24:50<2:07:16,  1.54s/it] 75%|  | 15096/20000 [6:26:14<2:05:52,  1.54s/it] 76%|  | 15106/20000 [6:26:30<2:05:36,  1.54s/it] 76%|  | 15165/20000 [6:27:55<2:02:23,  1.52s/it] 76%|  | 15173/20000 [6:28:10<2:02:11,  1.52s/it] 76%|  | 15229/20000 [6:29:37<2:02:25,  1.54s/it] 76%|  | 15236/20000 [6:29:50<2:02:14,  1.54s/it] 76%|  | 15292/20000 [6:31:18<2:02:22,  1.56s/it] 77%|  | 15301/20000 [6:31:30<2:02:08,  1.56s/it] 77%|  | 15358/20000 [6:32:59<1:59:42,  1.55s/it] 77%|  | 15364/20000 [6:33:10<1:59:33,  1.55s/it] 77%|  | 15421/20000 [6:34:39<1:59:18,  1.56s/it] 77%|  | 15427/20000 [6:34:50<1:59:08,  1.56s/it] 77%|  | 15485/20000 [6:36:21<1:58:09,  1.57s/it] 77%|  | 15497/20000 [6:36:40<1:57:50,  1.57s/it] 78%|  | 15551/20000 [6:38:02<1:55:38,  1.56s/it] 78%|  | 15561/20000 [6:38:20<1:55:23,  1.56s/it] 78%|  | 15618/20000 [6:39:43<1:52:36,  1.54s/it] 78%|  | 15630/20000 [6:40:00<1:52:17,  1.54s/it] 78%|  | 15683/20000 [6:41:23<1:50:58,  1.54s/it] 78%|  | 15693/20000 [6:41:40<1:50:43,  1.54s/it] 79%|  | 15748/20000 [6:43:04<1:49:33,  1.55s/it] 79%|  | 15757/20000 [6:43:20<1:49:19,  1.55s/it] 79%|  | 15815/20000 [6:44:45<1:46:58,  1.53s/it] 79%|  | 15824/20000 [6:45:00<1:46:44,  1.53s/it] 79%|  | 15883/20000 [6:46:27<1:44:23,  1.52s/it] 79%|  | 15891/20000 [6:46:40<1:44:11,  1.52s/it] 80%|  | 15947/20000 [6:48:07<1:43:41,  1.53s/it] 80%|  | 15954/20000 [6:48:20<1:43:30,  1.53s/it] 80%|  | 16011/20000 [6:49:48<1:42:48,  1.55s/it] 80%|  | 16018/20000 [6:50:00<1:42:37,  1.55s/it] 80%|  | 16079/20000 [6:51:29<1:39:52,  1.53s/it] 80%|  | 16084/20000 [6:51:40<1:39:45,  1.53s/it] 81%|  | 16148/20000 [6:53:10<1:36:56,  1.51s/it] 81%|  | 16160/20000 [6:53:30<1:36:38,  1.51s/it] 81%|  | 16214/20000 [6:54:52<1:35:42,  1.52s/it] 81%|  | 16225/20000 [6:55:10<1:35:25,  1.52s/it] 81%| | 16281/20000 [6:56:33<1:34:03,  1.52s/it] 81%| | 16291/20000 [6:56:50<1:33:47,  1.52s/it] 82%| | 16349/20000 [6:58:14<1:31:33,  1.50s/it] 82%| | 16360/20000 [6:58:30<1:31:16,  1.50s/it] 82%| | 16416/20000 [6:59:55<1:29:57,  1.51s/it] 82%| | 16425/20000 [7:00:10<1:29:44,  1.51s/it] 82%| | 16485/20000 [7:01:35<1:27:18,  1.49s/it] 82%| | 16496/20000 [7:01:50<1:27:02,  1.49s/it] 83%| | 16559/20000 [7:03:16<1:23:06,  1.45s/it] 83%| | 16567/20000 [7:03:30<1:22:54,  1.45s/it] 83%| | 16625/20000 [7:04:57<1:22:51,  1.47s/it] 83%| | 16634/20000 [7:05:10<1:22:37,  1.47s/it] 83%| | 16689/20000 [7:06:37<1:22:42,  1.50s/it] 83%| | 16696/20000 [7:06:50<1:22:31,  1.50s/it] 84%| | 16755/20000 [7:08:18<1:21:29,  1.51s/it] 84%| | 16762/20000 [7:08:30<1:21:18,  1.51s/it] 84%| | 16818/20000 [7:09:58<1:21:10,  1.53s/it] 84%| | 16826/20000 [7:10:10<1:20:58,  1.53s/it] 84%| | 16879/20000 [7:11:38<1:21:21,  1.56s/it] 84%| | 16885/20000 [7:11:50<1:21:11,  1.56s/it] 85%| | 16942/20000 [7:13:18<1:20:05,  1.57s/it] 85%| | 16948/20000 [7:13:30<1:19:55,  1.57s/it] 85%| | 17008/20000 [7:15:00<1:17:47,  1.56s/it] 85%| | 17014/20000 [7:15:10<1:17:38,  1.56s/it] 85%| | 17072/20000 [7:16:40<1:16:12,  1.56s/it] 85%| | 17078/20000 [7:16:50<1:16:02,  1.56s/it] 86%| | 17145/20000 [7:18:21<1:11:38,  1.51s/it] 86%| | 17157/20000 [7:18:40<1:11:20,  1.51s/it] 86%| | 17215/20000 [7:20:02<1:08:53,  1.48s/it] 86%| | 17227/20000 [7:20:20<1:08:35,  1.48s/it] 86%| | 17279/20000 [7:21:43<1:08:28,  1.51s/it] 86%| | 17290/20000 [7:22:00<1:08:11,  1.51s/it] 87%| | 17348/20000 [7:23:23<1:05:56,  1.49s/it] 87%| | 17361/20000 [7:23:40<1:05:37,  1.49s/it] 87%| | 17417/20000 [7:25:04<1:03:49,  1.48s/it] 87%| | 17427/20000 [7:25:20<1:03:34,  1.48s/it] 87%| | 17483/20000 [7:26:45<1:02:48,  1.50s/it] 87%| | 17492/20000 [7:27:00<1:02:35,  1.50s/it] 88%| | 17550/20000 [7:28:25<1:01:10,  1.50s/it] 88%| | 17559/20000 [7:28:40<1:00:57,  1.50s/it] 88%| | 17618/20000 [7:30:07<59:22,  1.50s/it]   88%| | 17625/20000 [7:30:20<59:11,  1.50s/it] 88%| | 17685/20000 [7:31:47<57:43,  1.50s/it] 88%| | 17694/20000 [7:32:00<57:30,  1.50s/it] 89%| | 17756/20000 [7:33:28<55:07,  1.47s/it] 89%| | 17764/20000 [7:33:40<54:55,  1.47s/it] 89%| | 17822/20000 [7:35:10<54:11,  1.49s/it] 89%| | 17828/20000 [7:35:20<54:02,  1.49s/it] 89%| | 17889/20000 [7:36:51<52:47,  1.50s/it] 90%| | 17900/20000 [7:37:10<52:31,  1.50s/it] 90%| | 17953/20000 [7:38:31<51:49,  1.52s/it] 90%| | 17963/20000 [7:38:50<51:34,  1.52s/it] 90%| | 18024/20000 [7:40:12<48:55,  1.49s/it] 90%| | 18036/20000 [7:40:30<48:37,  1.49s/it] 90%| | 18091/20000 [7:41:52<47:19,  1.49s/it] 91%| | 18103/20000 [7:42:10<47:02,  1.49s/it] 91%| | 18159/20000 [7:43:33<45:40,  1.49s/it] 91%| | 18169/20000 [7:43:50<45:25,  1.49s/it] 91%| | 18225/20000 [7:45:13<44:17,  1.50s/it] 91%| | 18238/20000 [7:45:30<43:57,  1.50s/it] 91%|| 18295/20000 [7:46:55<42:10,  1.48s/it] 92%|| 18305/20000 [7:47:10<41:55,  1.48s/it] 92%|| 18364/20000 [7:48:36<40:17,  1.48s/it] 92%|| 18373/20000 [7:48:50<40:04,  1.48s/it] 92%|| 18433/20000 [7:50:17<38:27,  1.47s/it] 92%|| 18441/20000 [7:50:30<38:15,  1.47s/it] 92%|| 18497/20000 [7:51:57<37:34,  1.50s/it] 93%|| 18505/20000 [7:52:10<37:22,  1.50s/it] 93%|| 18563/20000 [7:53:38<36:03,  1.51s/it] 93%|| 18570/20000 [7:53:50<35:53,  1.51s/it] 93%|| 18631/20000 [7:55:18<34:10,  1.50s/it] 93%|| 18640/20000 [7:55:30<33:57,  1.50s/it] 93%|| 18696/20000 [7:56:59<32:55,  1.52s/it] 94%|| 18702/20000 [7:57:10<32:46,  1.52s/it] 94%|| 18758/20000 [7:58:40<31:58,  1.54s/it] 94%|| 18763/20000 [7:58:50<31:50,  1.54s/it] 94%|| 18819/20000 [8:00:20<30:57,  1.57s/it] 94%|| 18826/20000 [8:00:30<30:46,  1.57s/it] 94%|| 18886/20000 [8:02:01<28:49,  1.55s/it] 94%|| 18899/20000 [8:02:20<28:29,  1.55s/it] 95%|| 18958/20000 [8:03:42<26:06,  1.50s/it] 95%|| 18973/20000 [8:04:00<25:44,  1.50s/it] 95%|| 19039/20000 [8:05:22<22:39,  1.42s/it] 95%|| 19052/20000 [8:05:40<22:21,  1.42s/it] 96%|| 19116/20000 [8:07:03<20:21,  1.38s/it] 96%|| 19129/20000 [8:07:20<20:03,  1.38s/it] 96%|| 19196/20000 [8:08:44<17:57,  1.34s/it] 96%|| 19209/20000 [8:09:00<17:40,  1.34s/it] 96%|| 19269/20000 [8:10:24<16:28,  1.35s/it] 96%|| 19279/20000 [8:10:40<16:15,  1.35s/it] 97%|| 19335/20000 [8:12:04<15:29,  1.40s/it] 97%|| 19345/20000 [8:12:20<15:15,  1.40s/it] 97%|| 19409/20000 [8:13:45<13:38,  1.38s/it] 97%|| 19421/20000 [8:14:00<13:21,  1.38s/it] 97%|| 19487/20000 [8:15:25<11:35,  1.36s/it] 97%|| 19496/20000 [8:15:40<11:23,  1.36s/it] 98%|| 19555/20000 [8:17:05<10:17,  1.39s/it] 98%|| 19564/20000 [8:17:20<10:05,  1.39s/it] 98%|| 19627/20000 [8:18:46<08:37,  1.39s/it] 98%|| 19637/20000 [8:19:00<08:23,  1.39s/it] 99%|| 19702/20000 [8:20:26<06:49,  1.37s/it] 99%|| 19711/20000 [8:20:40<06:37,  1.37s/it] 99%|| 19770/20000 [8:22:07<05:23,  1.41s/it] 99%|| 19778/20000 [8:22:20<05:12,  1.41s/it] 99%|| 19837/20000 [8:23:48<03:53,  1.43s/it] 99%|| 19845/20000 [8:24:00<03:42,  1.43s/it]100%|| 19903/20000 [8:25:28<02:21,  1.46s/it]100%|| 19911/20000 [8:25:40<02:09,  1.46s/it]100%|| 19977/20000 [8:27:09<00:32,  1.43s/it]100%|| 19985/20000 [8:27:20<00:21,  1.43s/it]100%|| 20000/20000 [8:27:42<00:00,  1.52s/it]

Analysis complete. Found 1 cluster(s) meeting the MCMC criterion.
Accepted cluster indices: [2]

--- Processing Final Results for Cluster 2 ---
--- MCMC Parameter Constraints for Cluster 2 ---
  x_src = 99.342 +0.120 / -0.086
  y_src = 101.261 +0.077 / -0.079
    z_s = 3.841 +0.185 / -0.156
Saving localization results for Cluster 2...
Processing results for Cluster 2...
-> Saved 340000 samples to /users/hiu-yeung.cheng/clusterlensing/out/row26/test_tidy_row26/cluster_2_posterior.npz
Updated CSV row 26 with result for cluster 2.
Loading data from /users/hiu-yeung.cheng/clusterlensing/out/row26/test_tidy_row26/cluster_2_posterior.npz...

Generating corner plot...
-> Corner plot saved to /users/hiu-yeung.cheng/clusterlensing/out/row26/test_tidy_row26/cluster_2_corner_from_saved.png

Generating trace plot...
-> Trace plot saved to /users/hiu-yeung.cheng/clusterlensing/out/row26/test_tidy_row26/cluster_2_trace.png
