Row=29 OUT_DIR=/users/hiu-yeung.cheng/clusterlensing/out/row29 DE_PROCS=16 MCMC_PROCS=16
Setup complete. Lensing system initialized.
True time delays: [    0.          6251.90234465 12598.15373311 14084.52869046
 14296.10679451]
True luminosity distances: 19927.90316477525
Lensed luminosity distances: [  7379.5858468    5992.11185524   6956.23901839   7852.45933522
 174218.0370623 ]

Running the full analysis pipeline...
--- Running DE for Cluster 0 ---
[DE] Process Pool with 16 procs (init=latinhypercube, popsize=50)
differential_evolution step 1: f(x)= 3000.0
differential_evolution step 2: f(x)= 3000.0
differential_evolution step 3: f(x)= 3000.0
differential_evolution step 4: f(x)= 3000.0
differential_evolution step 5: f(x)= 1574.4992983083557
differential_evolution step 6: f(x)= 1574.4992983083557
differential_evolution step 7: f(x)= 1574.4992983083557
differential_evolution step 8: f(x)= 1574.4992983083557
differential_evolution step 9: f(x)= 1223.5877993402776
differential_evolution step 10: f(x)= 1223.5877993402776
differential_evolution step 11: f(x)= 614.5721313484153
differential_evolution step 12: f(x)= 614.5721313484153
differential_evolution step 13: f(x)= 614.5721313484153
differential_evolution step 14: f(x)= 614.5721313484153
differential_evolution step 15: f(x)= 591.5583846761581
differential_evolution step 16: f(x)= 591.5583846761581
differential_evolution step 17: f(x)= 591.5583846761581
differential_evolution step 18: f(x)= 591.5583846761581
differential_evolution step 19: f(x)= 518.4184012882238
differential_evolution step 20: f(x)= 463.8580693368179
differential_evolution step 21: f(x)= 463.8580693368179
differential_evolution step 22: f(x)= 463.8580693368179
differential_evolution step 23: f(x)= 463.8580693368179
differential_evolution step 24: f(x)= 462.9081468247092
differential_evolution step 25: f(x)= 379.40575411066243
differential_evolution step 26: f(x)= 379.40575411066243
differential_evolution step 27: f(x)= 379.40575411066243
differential_evolution step 28: f(x)= 370.4609634907523
differential_evolution step 29: f(x)= 265.7330505139444
differential_evolution step 30: f(x)= 265.7330505139444
differential_evolution step 31: f(x)= 265.7330505139444
differential_evolution step 32: f(x)= 265.7330505139444
differential_evolution step 33: f(x)= 260.1403517607482
differential_evolution step 34: f(x)= 260.1403517607482
differential_evolution step 35: f(x)= 260.1403517607482
differential_evolution step 36: f(x)= 260.1403517607482
differential_evolution step 37: f(x)= 260.1403517607482
differential_evolution step 38: f(x)= 260.1403517607482
differential_evolution step 39: f(x)= 260.1403517607482
differential_evolution step 40: f(x)= 250.25374926496698
differential_evolution step 41: f(x)= 250.25374926496698
differential_evolution step 42: f(x)= 250.25374926496698
differential_evolution step 43: f(x)= 237.01738599785378
differential_evolution step 44: f(x)= 237.01738599785378
differential_evolution step 45: f(x)= 237.01738599785378
differential_evolution step 46: f(x)= 237.01738599785378
differential_evolution step 47: f(x)= 237.01738599785378
differential_evolution step 48: f(x)= 237.01738599785378
differential_evolution step 49: f(x)= 237.01738599785378
differential_evolution step 50: f(x)= 237.01738599785378
differential_evolution step 51: f(x)= 213.1046207970217
differential_evolution step 52: f(x)= 213.1046207970217
differential_evolution step 53: f(x)= 213.1046207970217
differential_evolution step 54: f(x)= 213.1046207970217
differential_evolution step 55: f(x)= 213.1046207970217
differential_evolution step 56: f(x)= 213.1046207970217
differential_evolution step 57: f(x)= 213.1046207970217
differential_evolution step 58: f(x)= 213.1046207970217
differential_evolution step 59: f(x)= 213.1046207970217
differential_evolution step 60: f(x)= 213.1046207970217
differential_evolution step 61: f(x)= 203.8539234588327
differential_evolution step 62: f(x)= 203.8539234588327
differential_evolution step 63: f(x)= 194.90910081938227
differential_evolution step 64: f(x)= 194.90910081938227
differential_evolution step 65: f(x)= 194.90910081938227
differential_evolution step 66: f(x)= 194.90910081938227
differential_evolution step 67: f(x)= 194.90910081938227
differential_evolution step 68: f(x)= 194.90910081938227
differential_evolution step 69: f(x)= 194.90910081938227
differential_evolution step 70: f(x)= 194.90910081938227
differential_evolution step 71: f(x)= 194.90910081938227
differential_evolution step 72: f(x)= 194.90910081938227
differential_evolution step 73: f(x)= 194.90910081938227
differential_evolution step 74: f(x)= 194.42609358969764
differential_evolution step 75: f(x)= 194.42609358969764
differential_evolution step 76: f(x)= 194.42609358969764
differential_evolution step 77: f(x)= 194.42609358969764
differential_evolution step 78: f(x)= 194.0358861045713
differential_evolution step 79: f(x)= 194.0358861045713
differential_evolution step 80: f(x)= 194.0358861045713
differential_evolution step 81: f(x)= 194.0358861045713
differential_evolution step 82: f(x)= 192.62717469174854
differential_evolution step 83: f(x)= 185.78625500090487
differential_evolution step 84: f(x)= 185.78625500090487
differential_evolution step 85: f(x)= 185.78625500090487
differential_evolution step 86: f(x)= 185.78625500090487
differential_evolution step 87: f(x)= 185.78625500090487
differential_evolution step 88: f(x)= 185.39729211622887
differential_evolution step 89: f(x)= 185.39729211622887
differential_evolution step 90: f(x)= 185.39729211622887
differential_evolution step 91: f(x)= 185.39729211622887
differential_evolution step 92: f(x)= 185.39729211622887
differential_evolution step 93: f(x)= 185.39729211622887
differential_evolution step 94: f(x)= 185.39729211622887
differential_evolution step 95: f(x)= 185.39729211622887
differential_evolution step 96: f(x)= 183.63856132020203
differential_evolution step 97: f(x)= 183.63856132020203
differential_evolution step 98: f(x)= 181.45725943400308
differential_evolution step 99: f(x)= 181.45725943400308
differential_evolution step 100: f(x)= 180.51013940728933
differential_evolution step 101: f(x)= 180.51013940728933
differential_evolution step 102: f(x)= 180.51013940728933
differential_evolution step 103: f(x)= 180.51013940728933
differential_evolution step 104: f(x)= 180.51013940728933
differential_evolution step 105: f(x)= 180.51013940728933
differential_evolution step 106: f(x)= 180.51013940728933
differential_evolution step 107: f(x)= 179.7610171021385
differential_evolution step 108: f(x)= 178.82352826334846
differential_evolution step 109: f(x)= 178.82352826334846
differential_evolution step 110: f(x)= 178.82352826334846
differential_evolution step 111: f(x)= 175.26891282892387
differential_evolution step 112: f(x)= 175.26891282892387
differential_evolution step 113: f(x)= 175.26891282892387
differential_evolution step 114: f(x)= 175.26891282892387
differential_evolution step 115: f(x)= 175.26891282892387
differential_evolution step 116: f(x)= 175.26891282892387
differential_evolution step 117: f(x)= 175.26891282892387
differential_evolution step 118: f(x)= 175.26891282892387
differential_evolution step 119: f(x)= 175.26891282892387
differential_evolution step 120: f(x)= 175.26891282892387
differential_evolution step 121: f(x)= 175.24956541069378
differential_evolution step 122: f(x)= 175.24956541069378
differential_evolution step 123: f(x)= 175.24956541069378
differential_evolution step 124: f(x)= 175.24956541069378
differential_evolution step 125: f(x)= 175.24956541069378
differential_evolution step 126: f(x)= 175.24956541069378
differential_evolution step 127: f(x)= 175.24956541069378
differential_evolution step 128: f(x)= 175.24956541069378
differential_evolution step 129: f(x)= 175.13504407085276
differential_evolution step 130: f(x)= 175.13504407085276
differential_evolution step 131: f(x)= 175.13504407085276
differential_evolution step 132: f(x)= 174.52624280828874
differential_evolution step 133: f(x)= 174.52624280828874
differential_evolution step 134: f(x)= 174.52624280828874
differential_evolution step 135: f(x)= 174.52624280828874
differential_evolution step 136: f(x)= 174.52624280828874
differential_evolution step 137: f(x)= 174.52624280828874
differential_evolution step 138: f(x)= 174.39400387220851
differential_evolution step 139: f(x)= 174.39400387220851
differential_evolution step 140: f(x)= 174.39400387220851
differential_evolution step 141: f(x)= 174.39400387220851
differential_evolution step 142: f(x)= 174.39400387220851
differential_evolution step 143: f(x)= 174.39400387220851
differential_evolution step 144: f(x)= 174.39400387220851
differential_evolution step 145: f(x)= 174.37666760219963
differential_evolution step 146: f(x)= 174.36539260852678
differential_evolution step 147: f(x)= 174.27026215893034
differential_evolution step 148: f(x)= 174.22525957249283
differential_evolution step 149: f(x)= 174.22525957249283
differential_evolution step 150: f(x)= 174.1861847053726
differential_evolution step 151: f(x)= 174.12105582294834
differential_evolution step 152: f(x)= 174.12105582294834
differential_evolution step 153: f(x)= 174.12105582294834
differential_evolution step 154: f(x)= 174.12105582294834
differential_evolution step 155: f(x)= 174.12105582294834
differential_evolution step 156: f(x)= 174.12105582294834
differential_evolution step 157: f(x)= 174.12105582294834
differential_evolution step 158: f(x)= 174.12105582294834
differential_evolution step 159: f(x)= 174.12105582294834
differential_evolution step 160: f(x)= 174.12105582294834
differential_evolution step 161: f(x)= 174.10142428864447
differential_evolution step 162: f(x)= 174.10142428864447
differential_evolution step 163: f(x)= 174.10142428864447
differential_evolution step 164: f(x)= 174.10142428864447
differential_evolution step 165: f(x)= 174.10142428864447
differential_evolution step 166: f(x)= 174.10142428864447
differential_evolution step 167: f(x)= 174.09612384477396
differential_evolution step 168: f(x)= 174.05026119345777
differential_evolution step 169: f(x)= 174.05026119345777
differential_evolution step 170: f(x)= 174.05026119345777
differential_evolution step 171: f(x)= 174.05026119345777
differential_evolution step 172: f(x)= 174.05026119345777
differential_evolution step 173: f(x)= 174.05026119345777
differential_evolution step 174: f(x)= 174.05026119345777
differential_evolution step 175: f(x)= 174.05026119345777
differential_evolution step 176: f(x)= 174.00718082561292
differential_evolution step 177: f(x)= 174.00718082561292
differential_evolution step 178: f(x)= 174.00718082561292
differential_evolution step 179: f(x)= 174.00718082561292
differential_evolution step 180: f(x)= 174.00718082561292
differential_evolution step 181: f(x)= 174.00718082561292
differential_evolution step 182: f(x)= 173.98827873642784
differential_evolution step 183: f(x)= 173.98827873642784
differential_evolution step 184: f(x)= 173.98827873642784
differential_evolution step 185: f(x)= 173.98827873642784
differential_evolution step 186: f(x)= 173.98827873642784
differential_evolution step 187: f(x)= 173.98827873642784
differential_evolution step 188: f(x)= 173.98107751198665
differential_evolution step 189: f(x)= 173.98107751198665
differential_evolution step 190: f(x)= 173.98107751198665
differential_evolution step 191: f(x)= 173.98107751198665
differential_evolution step 192: f(x)= 173.98107751198665
differential_evolution step 193: f(x)= 173.98107751198665
differential_evolution step 194: f(x)= 173.98107751198665
differential_evolution step 195: f(x)= 173.98107751198665
differential_evolution step 196: f(x)= 173.98107751198665
differential_evolution step 197: f(x)= 173.98107751198665
differential_evolution step 198: f(x)= 173.98107751198665
differential_evolution step 199: f(x)= 173.98107751198665
differential_evolution step 200: f(x)= 173.98107751198665
Cluster 0 DE best chi^2: 173.981 with params {'x_src': np.float64(75.19636663656989), 'y_src': np.float64(78.15949700113788), 'z_s': np.float64(3.407582013222251)}
--- Running DE for Cluster 1 ---
[DE] Process Pool with 16 procs (init=latinhypercube, popsize=50)
differential_evolution step 1: f(x)= 3000.0
differential_evolution step 2: f(x)= 3000.0
differential_evolution step 3: f(x)= 3000.0
differential_evolution step 4: f(x)= 3000.0
differential_evolution step 5: f(x)= 3000.0
differential_evolution step 6: f(x)= 3000.0
differential_evolution step 7: f(x)= 3000.0
differential_evolution step 8: f(x)= 3000.0
differential_evolution step 9: f(x)= 3000.0
differential_evolution step 10: f(x)= 3000.0
differential_evolution step 11: f(x)= 3000.0
differential_evolution step 12: f(x)= 3000.0
differential_evolution step 13: f(x)= 3000.0
differential_evolution step 14: f(x)= 3000.0
differential_evolution step 15: f(x)= 3000.0
differential_evolution step 16: f(x)= 3000.0
differential_evolution step 17: f(x)= 3000.0
differential_evolution step 18: f(x)= 3000.0
differential_evolution step 19: f(x)= 3000.0
differential_evolution step 20: f(x)= 3000.0
differential_evolution step 21: f(x)= 3000.0
differential_evolution step 22: f(x)= 3000.0
differential_evolution step 23: f(x)= 3000.0
differential_evolution step 24: f(x)= 3000.0
differential_evolution step 25: f(x)= 3000.0
differential_evolution step 26: f(x)= 3000.0
differential_evolution step 27: f(x)= 3000.0
differential_evolution step 28: f(x)= 3000.0
differential_evolution step 29: f(x)= 3000.0
differential_evolution step 30: f(x)= 3000.0
differential_evolution step 31: f(x)= 3000.0
differential_evolution step 32: f(x)= 3000.0
differential_evolution step 33: f(x)= 3000.0
differential_evolution step 34: f(x)= 3000.0
Cluster 1 DE best chi^2: 3000.000 with params {'x_src': np.float64(202.89597149855285), 'y_src': np.float64(193.01047168983553), 'z_s': np.float64(3.2970760635495244)}
--- Running DE for Cluster 2 ---
[DE] Process Pool with 16 procs (init=latinhypercube, popsize=50)
differential_evolution step 1: f(x)= 4242.640687119286
differential_evolution step 2: f(x)= 4242.640687119286
differential_evolution step 3: f(x)= 4242.640687119286
differential_evolution step 4: f(x)= 4242.640687119286
differential_evolution step 5: f(x)= 1025.986487455099
differential_evolution step 6: f(x)= 1025.986487455099
differential_evolution step 7: f(x)= 1025.986487455099
differential_evolution step 8: f(x)= 571.4616518056757
differential_evolution step 9: f(x)= 571.4616518056757
differential_evolution step 10: f(x)= 243.8206690170805
differential_evolution step 11: f(x)= 243.8206690170805
differential_evolution step 12: f(x)= 243.8206690170805
differential_evolution step 13: f(x)= 243.8206690170805
differential_evolution step 14: f(x)= 243.8206690170805
differential_evolution step 15: f(x)= 243.8206690170805
differential_evolution step 16: f(x)= 243.8206690170805
differential_evolution step 17: f(x)= 243.8206690170805
differential_evolution step 18: f(x)= 88.059438745233
differential_evolution step 19: f(x)= 88.059438745233
differential_evolution step 20: f(x)= 42.87184954641069
differential_evolution step 21: f(x)= 42.87184954641069
differential_evolution step 22: f(x)= 42.87184954641069
differential_evolution step 23: f(x)= 42.87184954641069
differential_evolution step 24: f(x)= 42.87184954641069
differential_evolution step 25: f(x)= 42.87184954641069
differential_evolution step 26: f(x)= 42.87184954641069
differential_evolution step 27: f(x)= 32.15781005923478
differential_evolution step 28: f(x)= 32.15781005923478
differential_evolution step 29: f(x)= 32.15781005923478
differential_evolution step 30: f(x)= 32.15781005923478
differential_evolution step 31: f(x)= 32.15781005923478
differential_evolution step 32: f(x)= 25.382501432197742
differential_evolution step 33: f(x)= 25.382501432197742
differential_evolution step 34: f(x)= 25.382501432197742
differential_evolution step 35: f(x)= 25.382501432197742
differential_evolution step 36: f(x)= 25.382501432197742
differential_evolution step 37: f(x)= 25.382501432197742
differential_evolution step 38: f(x)= 25.382501432197742
differential_evolution step 39: f(x)= 25.382501432197742
differential_evolution step 40: f(x)= 17.124775756945667
differential_evolution step 41: f(x)= 17.124775756945667
differential_evolution step 42: f(x)= 17.124775756945667
differential_evolution step 43: f(x)= 17.124775756945667
differential_evolution step 44: f(x)= 0.0286157545353636
Cluster 2 DE best chi^2: 0.029 with params {'x_src': np.float64(96.81248721412271), 'y_src': np.float64(100.42258014756136), 'z_s': np.float64(2.4578470743185323)}
--- Running DE for Cluster 3 ---
[DE] Process Pool with 16 procs (init=latinhypercube, popsize=50)
differential_evolution step 1: f(x)= 3000.0
differential_evolution step 2: f(x)= 3000.0
differential_evolution step 3: f(x)= 3000.0
differential_evolution step 4: f(x)= 3000.0
differential_evolution step 5: f(x)= 3000.0
differential_evolution step 6: f(x)= 3000.0
differential_evolution step 7: f(x)= 3000.0
differential_evolution step 8: f(x)= 3000.0
differential_evolution step 9: f(x)= 3000.0
differential_evolution step 10: f(x)= 3000.0
differential_evolution step 11: f(x)= 3000.0
differential_evolution step 12: f(x)= 3000.0
differential_evolution step 13: f(x)= 3000.0
differential_evolution step 14: f(x)= 3000.0
differential_evolution step 15: f(x)= 3000.0
differential_evolution step 16: f(x)= 3000.0
differential_evolution step 17: f(x)= 3000.0
differential_evolution step 18: f(x)= 3000.0
differential_evolution step 19: f(x)= 3000.0
differential_evolution step 20: f(x)= 3000.0
differential_evolution step 21: f(x)= 3000.0
differential_evolution step 22: f(x)= 3000.0
differential_evolution step 23: f(x)= 3000.0
differential_evolution step 24: f(x)= 3000.0
differential_evolution step 25: f(x)= 3000.0
differential_evolution step 26: f(x)= 3000.0
differential_evolution step 27: f(x)= 3000.0
differential_evolution step 28: f(x)= 3000.0
differential_evolution step 29: f(x)= 3000.0
differential_evolution step 30: f(x)= 3000.0
differential_evolution step 31: f(x)= 3000.0
differential_evolution step 32: f(x)= 3000.0
differential_evolution step 33: f(x)= 3000.0
differential_evolution step 34: f(x)= 3000.0
differential_evolution step 35: f(x)= 3000.0
differential_evolution step 36: f(x)= 3000.0
differential_evolution step 37: f(x)= 3000.0
differential_evolution step 38: f(x)= 3000.0
differential_evolution step 39: f(x)= 3000.0
differential_evolution step 40: f(x)= 3000.0
differential_evolution step 41: f(x)= 3000.0
differential_evolution step 42: f(x)= 3000.0
differential_evolution step 43: f(x)= 3000.0
differential_evolution step 44: f(x)= 3000.0
differential_evolution step 45: f(x)= 3000.0
differential_evolution step 46: f(x)= 3000.0
differential_evolution step 47: f(x)= 3000.0
differential_evolution step 48: f(x)= 3000.0
differential_evolution step 49: f(x)= 3000.0
differential_evolution step 50: f(x)= 3000.0
differential_evolution step 51: f(x)= 3000.0
differential_evolution step 52: f(x)= 3000.0
differential_evolution step 53: f(x)= 3000.0
differential_evolution step 54: f(x)= 3000.0
differential_evolution step 55: f(x)= 3000.0
differential_evolution step 56: f(x)= 3000.0
differential_evolution step 57: f(x)= 3000.0
differential_evolution step 58: f(x)= 3000.0
differential_evolution step 59: f(x)= 3000.0
differential_evolution step 60: f(x)= 3000.0
differential_evolution step 61: f(x)= 3000.0
differential_evolution step 62: f(x)= 3000.0
differential_evolution step 63: f(x)= 3000.0
differential_evolution step 64: f(x)= 3000.0
differential_evolution step 65: f(x)= 3000.0
differential_evolution step 66: f(x)= 3000.0
differential_evolution step 67: f(x)= 3000.0
differential_evolution step 68: f(x)= 3000.0
differential_evolution step 69: f(x)= 3000.0
differential_evolution step 70: f(x)= 3000.0
differential_evolution step 71: f(x)= 3000.0
differential_evolution step 72: f(x)= 3000.0
differential_evolution step 73: f(x)= 3000.0
differential_evolution step 74: f(x)= 3000.0
differential_evolution step 75: f(x)= 3000.0
differential_evolution step 76: f(x)= 3000.0
differential_evolution step 77: f(x)= 3000.0
differential_evolution step 78: f(x)= 3000.0
differential_evolution step 79: f(x)= 3000.0
differential_evolution step 80: f(x)= 3000.0
differential_evolution step 81: f(x)= 3000.0
differential_evolution step 82: f(x)= 3000.0
differential_evolution step 83: f(x)= 3000.0
differential_evolution step 84: f(x)= 3000.0
differential_evolution step 85: f(x)= 3000.0
differential_evolution step 86: f(x)= 3000.0
differential_evolution step 87: f(x)= 3000.0
differential_evolution step 88: f(x)= 3000.0
differential_evolution step 89: f(x)= 3000.0
differential_evolution step 90: f(x)= 3000.0
differential_evolution step 91: f(x)= 3000.0
differential_evolution step 92: f(x)= 3000.0
differential_evolution step 93: f(x)= 3000.0
differential_evolution step 94: f(x)= 3000.0
differential_evolution step 95: f(x)= 3000.0
differential_evolution step 96: f(x)= 3000.0
differential_evolution step 97: f(x)= 3000.0
differential_evolution step 98: f(x)= 3000.0
differential_evolution step 99: f(x)= 3000.0
differential_evolution step 100: f(x)= 3000.0
differential_evolution step 101: f(x)= 3000.0
differential_evolution step 102: f(x)= 3000.0
differential_evolution step 103: f(x)= 3000.0
differential_evolution step 104: f(x)= 3000.0
differential_evolution step 105: f(x)= 3000.0
differential_evolution step 106: f(x)= 3000.0
differential_evolution step 107: f(x)= 3000.0
differential_evolution step 108: f(x)= 3000.0
differential_evolution step 109: f(x)= 3000.0
differential_evolution step 110: f(x)= 3000.0
differential_evolution step 111: f(x)= 3000.0
differential_evolution step 112: f(x)= 3000.0
differential_evolution step 113: f(x)= 3000.0
differential_evolution step 114: f(x)= 3000.0
differential_evolution step 115: f(x)= 3000.0
differential_evolution step 116: f(x)= 3000.0
differential_evolution step 117: f(x)= 3000.0
differential_evolution step 118: f(x)= 3000.0
differential_evolution step 119: f(x)= 3000.0
differential_evolution step 120: f(x)= 3000.0
differential_evolution step 121: f(x)= 3000.0
differential_evolution step 122: f(x)= 3000.0
differential_evolution step 123: f(x)= 3000.0
differential_evolution step 124: f(x)= 3000.0
differential_evolution step 125: f(x)= 3000.0
differential_evolution step 126: f(x)= 3000.0
differential_evolution step 127: f(x)= 3000.0
differential_evolution step 128: f(x)= 3000.0
differential_evolution step 129: f(x)= 3000.0
differential_evolution step 130: f(x)= 3000.0
differential_evolution step 131: f(x)= 3000.0
differential_evolution step 132: f(x)= 3000.0
differential_evolution step 133: f(x)= 3000.0
differential_evolution step 134: f(x)= 3000.0
differential_evolution step 135: f(x)= 3000.0
differential_evolution step 136: f(x)= 3000.0
differential_evolution step 137: f(x)= 3000.0
differential_evolution step 138: f(x)= 3000.0
differential_evolution step 139: f(x)= 3000.0
differential_evolution step 140: f(x)= 3000.0
differential_evolution step 141: f(x)= 3000.0
differential_evolution step 142: f(x)= 3000.0
differential_evolution step 143: f(x)= 3000.0
differential_evolution step 144: f(x)= 3000.0
differential_evolution step 145: f(x)= 3000.0
differential_evolution step 146: f(x)= 3000.0
differential_evolution step 147: f(x)= 3000.0
differential_evolution step 148: f(x)= 3000.0
differential_evolution step 149: f(x)= 3000.0
differential_evolution step 150: f(x)= 3000.0
differential_evolution step 151: f(x)= 3000.0
differential_evolution step 152: f(x)= 3000.0
differential_evolution step 153: f(x)= 3000.0
differential_evolution step 154: f(x)= 3000.0
differential_evolution step 155: f(x)= 3000.0
differential_evolution step 156: f(x)= 3000.0
differential_evolution step 157: f(x)= 3000.0
differential_evolution step 158: f(x)= 3000.0
differential_evolution step 159: f(x)= 3000.0
differential_evolution step 160: f(x)= 3000.0
differential_evolution step 161: f(x)= 3000.0
differential_evolution step 162: f(x)= 3000.0
differential_evolution step 163: f(x)= 3000.0
differential_evolution step 164: f(x)= 3000.0
differential_evolution step 165: f(x)= 3000.0
differential_evolution step 166: f(x)= 3000.0
differential_evolution step 167: f(x)= 3000.0
differential_evolution step 168: f(x)= 3000.0
differential_evolution step 169: f(x)= 3000.0
differential_evolution step 170: f(x)= 3000.0
differential_evolution step 171: f(x)= 3000.0
differential_evolution step 172: f(x)= 3000.0
differential_evolution step 173: f(x)= 3000.0
differential_evolution step 174: f(x)= 3000.0
differential_evolution step 175: f(x)= 3000.0
differential_evolution step 176: f(x)= 3000.0
differential_evolution step 177: f(x)= 3000.0
differential_evolution step 178: f(x)= 3000.0
differential_evolution step 179: f(x)= 3000.0
differential_evolution step 180: f(x)= 3000.0
differential_evolution step 181: f(x)= 3000.0
differential_evolution step 182: f(x)= 3000.0
differential_evolution step 183: f(x)= 3000.0
differential_evolution step 184: f(x)= 3000.0
differential_evolution step 185: f(x)= 3000.0
differential_evolution step 186: f(x)= 3000.0
differential_evolution step 187: f(x)= 3000.0
differential_evolution step 188: f(x)= 3000.0
differential_evolution step 189: f(x)= 3000.0
differential_evolution step 190: f(x)= 3000.0
differential_evolution step 191: f(x)= 3000.0
differential_evolution step 192: f(x)= 3000.0
differential_evolution step 193: f(x)= 3000.0
differential_evolution step 194: f(x)= 3000.0
differential_evolution step 195: f(x)= 3000.0
differential_evolution step 196: f(x)= 3000.0
differential_evolution step 197: f(x)= 3000.0
differential_evolution step 198: f(x)= 3000.0
differential_evolution step 199: f(x)= 3000.0
differential_evolution step 200: f(x)= 3000.0
Cluster 3 DE best chi^2: 3000.000 with params {'x_src': np.float64(113.49146547721622), 'y_src': np.float64(127.62256268832158), 'z_s': np.float64(3.084995602585079)}
--- Running DE for Cluster 4 ---
[DE] Process Pool with 16 procs (init=latinhypercube, popsize=50)
differential_evolution step 1: f(x)= 2113.785000185459
differential_evolution step 2: f(x)= 2113.785000185459
differential_evolution step 3: f(x)= 2113.785000185459
differential_evolution step 4: f(x)= 2113.785000185459
differential_evolution step 5: f(x)= 2113.785000185459
differential_evolution step 6: f(x)= 2113.785000185459
differential_evolution step 7: f(x)= 2113.785000185459
differential_evolution step 8: f(x)= 1383.825490128891
differential_evolution step 9: f(x)= 920.286277545487
differential_evolution step 10: f(x)= 920.286277545487
differential_evolution step 11: f(x)= 673.9754355877794
differential_evolution step 12: f(x)= 673.9754355877794
differential_evolution step 13: f(x)= 673.9754355877794
differential_evolution step 14: f(x)= 673.9754355877794
differential_evolution step 15: f(x)= 673.9754355877794
differential_evolution step 16: f(x)= 673.9754355877794
differential_evolution step 17: f(x)= 673.9754355877794
differential_evolution step 18: f(x)= 539.2161576621029
differential_evolution step 19: f(x)= 539.2161576621029
differential_evolution step 20: f(x)= 539.2161576621029
differential_evolution step 21: f(x)= 539.2161576621029
differential_evolution step 22: f(x)= 539.2161576621029
differential_evolution step 23: f(x)= 539.2161576621029
differential_evolution step 24: f(x)= 539.2161576621029
differential_evolution step 25: f(x)= 539.2161576621029
differential_evolution step 26: f(x)= 539.2161576621029
differential_evolution step 27: f(x)= 313.38840289425366
differential_evolution step 28: f(x)= 313.38840289425366
differential_evolution step 29: f(x)= 313.38840289425366
differential_evolution step 30: f(x)= 313.38840289425366
differential_evolution step 31: f(x)= 313.38840289425366
differential_evolution step 32: f(x)= 313.38840289425366
differential_evolution step 33: f(x)= 313.38840289425366
differential_evolution step 34: f(x)= 313.38840289425366
differential_evolution step 35: f(x)= 313.38840289425366
differential_evolution step 36: f(x)= 313.38840289425366
differential_evolution step 37: f(x)= 313.38840289425366
differential_evolution step 38: f(x)= 313.38840289425366
differential_evolution step 39: f(x)= 313.38840289425366
differential_evolution step 40: f(x)= 313.38840289425366
differential_evolution step 41: f(x)= 313.38840289425366
differential_evolution step 42: f(x)= 313.38840289425366
differential_evolution step 43: f(x)= 313.38840289425366
differential_evolution step 44: f(x)= 313.38840289425366
differential_evolution step 45: f(x)= 132.56013325685598
differential_evolution step 46: f(x)= 132.56013325685598
differential_evolution step 47: f(x)= 132.56013325685598
differential_evolution step 48: f(x)= 132.56013325685598
differential_evolution step 49: f(x)= 132.56013325685598
differential_evolution step 50: f(x)= 132.56013325685598
differential_evolution step 51: f(x)= 132.56013325685598
differential_evolution step 52: f(x)= 132.56013325685598
differential_evolution step 53: f(x)= 132.56013325685598
differential_evolution step 54: f(x)= 132.56013325685598
differential_evolution step 55: f(x)= 132.56013325685598
differential_evolution step 56: f(x)= 132.56013325685598
differential_evolution step 57: f(x)= 132.56013325685598
differential_evolution step 58: f(x)= 132.56013325685598
differential_evolution step 59: f(x)= 132.56013325685598
differential_evolution step 60: f(x)= 132.56013325685598
differential_evolution step 61: f(x)= 132.56013325685598
differential_evolution step 62: f(x)= 132.56013325685598
differential_evolution step 63: f(x)= 132.56013325685598
differential_evolution step 64: f(x)= 132.56013325685598
differential_evolution step 65: f(x)= 132.56013325685598
differential_evolution step 66: f(x)= 132.56013325685598
differential_evolution step 67: f(x)= 132.56013325685598
differential_evolution step 68: f(x)= 132.56013325685598
differential_evolution step 69: f(x)= 132.56013325685598
differential_evolution step 70: f(x)= 132.56013325685598
differential_evolution step 71: f(x)= 132.56013325685598
differential_evolution step 72: f(x)= 132.56013325685598
differential_evolution step 73: f(x)= 132.56013325685598
differential_evolution step 74: f(x)= 132.56013325685598
differential_evolution step 75: f(x)= 132.56013325685598
differential_evolution step 76: f(x)= 132.56013325685598
differential_evolution step 77: f(x)= 132.56013325685598
differential_evolution step 78: f(x)= 132.56013325685598
differential_evolution step 79: f(x)= 132.56013325685598
differential_evolution step 80: f(x)= 132.56013325685598
differential_evolution step 81: f(x)= 132.56013325685598
differential_evolution step 82: f(x)= 132.56013325685598
differential_evolution step 83: f(x)= 132.56013325685598
differential_evolution step 84: f(x)= 132.56013325685598
differential_evolution step 85: f(x)= 132.56013325685598
differential_evolution step 86: f(x)= 132.56013325685598
differential_evolution step 87: f(x)= 132.56013325685598
differential_evolution step 88: f(x)= 132.56013325685598
differential_evolution step 89: f(x)= 132.56013325685598
differential_evolution step 90: f(x)= 132.56013325685598
differential_evolution step 91: f(x)= 132.56013325685598
differential_evolution step 92: f(x)= 132.56013325685598
differential_evolution step 93: f(x)= 132.56013325685598
differential_evolution step 94: f(x)= 132.56013325685598
differential_evolution step 95: f(x)= 132.56013325685598
differential_evolution step 96: f(x)= 132.56013325685598
differential_evolution step 97: f(x)= 132.56013325685598
differential_evolution step 98: f(x)= 132.56013325685598
differential_evolution step 99: f(x)= 132.56013325685598
differential_evolution step 100: f(x)= 132.56013325685598
differential_evolution step 101: f(x)= 132.56013325685598
differential_evolution step 102: f(x)= 132.56013325685598
differential_evolution step 103: f(x)= 132.56013325685598
differential_evolution step 104: f(x)= 132.56013325685598
differential_evolution step 105: f(x)= 132.56013325685598
differential_evolution step 106: f(x)= 132.56013325685598
differential_evolution step 107: f(x)= 132.56013325685598
differential_evolution step 108: f(x)= 132.56013325685598
differential_evolution step 109: f(x)= 132.56013325685598
differential_evolution step 110: f(x)= 132.56013325685598
differential_evolution step 111: f(x)= 132.56013325685598
differential_evolution step 112: f(x)= 132.56013325685598
differential_evolution step 113: f(x)= 132.56013325685598
differential_evolution step 114: f(x)= 132.56013325685598
differential_evolution step 115: f(x)= 132.56013325685598
differential_evolution step 116: f(x)= 132.56013325685598
differential_evolution step 117: f(x)= 132.56013325685598
differential_evolution step 118: f(x)= 132.56013325685598
differential_evolution step 119: f(x)= 132.56013325685598
differential_evolution step 120: f(x)= 132.56013325685598
differential_evolution step 121: f(x)= 130.18316887535755
differential_evolution step 122: f(x)= 130.18316887535755
differential_evolution step 123: f(x)= 130.18316887535755
differential_evolution step 124: f(x)= 130.18316887535755
differential_evolution step 125: f(x)= 130.18316887535755
differential_evolution step 126: f(x)= 130.18316887535755
differential_evolution step 127: f(x)= 130.18316887535755
differential_evolution step 128: f(x)= 130.18316887535755
differential_evolution step 129: f(x)= 130.18316887535755
differential_evolution step 130: f(x)= 130.18316887535755
differential_evolution step 131: f(x)= 130.18316887535755
differential_evolution step 132: f(x)= 130.18316887535755
differential_evolution step 133: f(x)= 130.18316887535755
differential_evolution step 134: f(x)= 130.18316887535755
differential_evolution step 135: f(x)= 130.18316887535755
differential_evolution step 136: f(x)= 130.18316887535755
differential_evolution step 137: f(x)= 130.18316887535755
differential_evolution step 138: f(x)= 130.18316887535755
differential_evolution step 139: f(x)= 130.18316887535755
differential_evolution step 140: f(x)= 130.18316887535755
differential_evolution step 141: f(x)= 130.18316887535755
differential_evolution step 142: f(x)= 130.18316887535755
differential_evolution step 143: f(x)= 130.18316887535755
differential_evolution step 144: f(x)= 130.18316887535755
differential_evolution step 145: f(x)= 130.18316887535755
differential_evolution step 146: f(x)= 130.18316887535755
differential_evolution step 147: f(x)= 130.18316887535755
differential_evolution step 148: f(x)= 130.18316887535755
differential_evolution step 149: f(x)= 130.18316887535755
differential_evolution step 150: f(x)= 130.18316887535755
differential_evolution step 151: f(x)= 130.18316887535755
differential_evolution step 152: f(x)= 130.18316887535755
differential_evolution step 153: f(x)= 130.18316887535755
differential_evolution step 154: f(x)= 130.18316887535755
differential_evolution step 155: f(x)= 130.18316887535755
differential_evolution step 156: f(x)= 130.18316887535755
differential_evolution step 157: f(x)= 130.18316887535755
differential_evolution step 158: f(x)= 130.18316887535755
differential_evolution step 159: f(x)= 130.18316887535755
differential_evolution step 160: f(x)= 130.18316887535755
differential_evolution step 161: f(x)= 130.18316887535755
differential_evolution step 162: f(x)= 130.18316887535755
differential_evolution step 163: f(x)= 130.18316887535755
differential_evolution step 164: f(x)= 130.18316887535755
differential_evolution step 165: f(x)= 130.18316887535755
differential_evolution step 166: f(x)= 130.18316887535755
differential_evolution step 167: f(x)= 130.18316887535755
differential_evolution step 168: f(x)= 130.18316887535755
differential_evolution step 169: f(x)= 130.18316887535755
differential_evolution step 170: f(x)= 130.18316887535755
differential_evolution step 171: f(x)= 130.18316887535755
differential_evolution step 172: f(x)= 130.18316887535755
differential_evolution step 173: f(x)= 130.18316887535755
differential_evolution step 174: f(x)= 130.18316887535755
differential_evolution step 175: f(x)= 130.18316887535755
differential_evolution step 176: f(x)= 130.18316887535755
differential_evolution step 177: f(x)= 130.18316887535755
differential_evolution step 178: f(x)= 130.18316887535755
differential_evolution step 179: f(x)= 130.18316887535755
differential_evolution step 180: f(x)= 130.18316887535755
differential_evolution step 181: f(x)= 130.18316887535755
differential_evolution step 182: f(x)= 130.18316887535755
differential_evolution step 183: f(x)= 130.18316887535755
differential_evolution step 184: f(x)= 127.08399823421242
differential_evolution step 185: f(x)= 127.08399823421242
differential_evolution step 186: f(x)= 127.08399823421242
differential_evolution step 187: f(x)= 127.08399823421242
differential_evolution step 188: f(x)= 127.08399823421242
differential_evolution step 189: f(x)= 127.08399823421242
differential_evolution step 190: f(x)= 127.08399823421242
differential_evolution step 191: f(x)= 127.08399823421242
differential_evolution step 192: f(x)= 127.08399823421242
differential_evolution step 193: f(x)= 125.08914376982825
differential_evolution step 194: f(x)= 125.08914376982825
differential_evolution step 195: f(x)= 125.08914376982825
differential_evolution step 196: f(x)= 125.08914376982825
differential_evolution step 197: f(x)= 125.08914376982825
differential_evolution step 198: f(x)= 125.08914376982825
differential_evolution step 199: f(x)= 125.08914376982825
differential_evolution step 200: f(x)= 125.08914376982825
Cluster 4 DE best chi^2: 125.089 with params {'x_src': np.float64(242.74887682675674), 'y_src': np.float64(238.55801613356454), 'z_s': np.float64(1.8203971419879024)}
--- Running DE for Cluster 5 ---
[DE] Process Pool with 16 procs (init=latinhypercube, popsize=50)
differential_evolution step 1: f(x)= 4242.640687119286
differential_evolution step 2: f(x)= 2577.7580393486846
differential_evolution step 3: f(x)= 2577.7580393486846
differential_evolution step 4: f(x)= 2390.9352363963294
differential_evolution step 5: f(x)= 2390.9352363963294
differential_evolution step 6: f(x)= 2390.9352363963294
differential_evolution step 7: f(x)= 2390.9352363963294
differential_evolution step 8: f(x)= 2390.9352363963294
differential_evolution step 9: f(x)= 612.7119599783979
differential_evolution step 10: f(x)= 612.7119599783979
differential_evolution step 11: f(x)= 612.7119599783979
differential_evolution step 12: f(x)= 612.7119599783979
differential_evolution step 13: f(x)= 612.7119599783979
differential_evolution step 14: f(x)= 612.7119599783979
differential_evolution step 15: f(x)= 612.7119599783979
differential_evolution step 16: f(x)= 612.7119599783979
differential_evolution step 17: f(x)= 612.7119599783979
differential_evolution step 18: f(x)= 612.7119599783979
differential_evolution step 19: f(x)= 612.7119599783979
differential_evolution step 20: f(x)= 612.7119599783979
differential_evolution step 21: f(x)= 612.7119599783979
differential_evolution step 22: f(x)= 612.7119599783979
differential_evolution step 23: f(x)= 318.84541957527955
differential_evolution step 24: f(x)= 256.6558475660674
differential_evolution step 25: f(x)= 256.6558475660674
differential_evolution step 26: f(x)= 256.6558475660674
differential_evolution step 27: f(x)= 256.6558475660674
differential_evolution step 28: f(x)= 256.6558475660674
differential_evolution step 29: f(x)= 256.6558475660674
differential_evolution step 30: f(x)= 256.6558475660674
differential_evolution step 31: f(x)= 256.6558475660674
differential_evolution step 32: f(x)= 256.6558475660674
differential_evolution step 33: f(x)= 256.6558475660674
differential_evolution step 34: f(x)= 256.6558475660674
differential_evolution step 35: f(x)= 256.6558475660674
differential_evolution step 36: f(x)= 256.6558475660674
differential_evolution step 37: f(x)= 243.82116343080781
differential_evolution step 38: f(x)= 243.82116343080781
differential_evolution step 39: f(x)= 243.82116343080781
differential_evolution step 40: f(x)= 243.82116343080781
differential_evolution step 41: f(x)= 203.14253665220508
differential_evolution step 42: f(x)= 203.14253665220508
differential_evolution step 43: f(x)= 203.14253665220508
differential_evolution step 44: f(x)= 203.14253665220508
differential_evolution step 45: f(x)= 203.14253665220508
differential_evolution step 46: f(x)= 203.14253665220508
differential_evolution step 47: f(x)= 203.14253665220508
differential_evolution step 48: f(x)= 203.14253665220508
differential_evolution step 49: f(x)= 203.14253665220508
differential_evolution step 50: f(x)= 187.46960540979737
differential_evolution step 51: f(x)= 187.46960540979737
differential_evolution step 52: f(x)= 187.46960540979737
differential_evolution step 53: f(x)= 187.46960540979737
differential_evolution step 54: f(x)= 187.46960540979737
differential_evolution step 55: f(x)= 187.46960540979737
differential_evolution step 56: f(x)= 187.46960540979737
differential_evolution step 57: f(x)= 171.7653552645623
differential_evolution step 58: f(x)= 171.7653552645623
differential_evolution step 59: f(x)= 171.7653552645623
differential_evolution step 60: f(x)= 171.7653552645623
differential_evolution step 61: f(x)= 171.7653552645623
differential_evolution step 62: f(x)= 171.7653552645623
differential_evolution step 63: f(x)= 171.7653552645623
differential_evolution step 64: f(x)= 171.7653552645623
differential_evolution step 65: f(x)= 171.7653552645623
differential_evolution step 66: f(x)= 171.7653552645623
differential_evolution step 67: f(x)= 171.7653552645623
differential_evolution step 68: f(x)= 166.2066852427758
differential_evolution step 69: f(x)= 166.2066852427758
differential_evolution step 70: f(x)= 159.32261698561774
differential_evolution step 71: f(x)= 159.32261698561774
differential_evolution step 72: f(x)= 159.32261698561774
differential_evolution step 73: f(x)= 158.6171164572977
differential_evolution step 74: f(x)= 158.6171164572977
differential_evolution step 75: f(x)= 158.6171164572977
differential_evolution step 76: f(x)= 157.2179432516912
differential_evolution step 77: f(x)= 157.2179432516912
differential_evolution step 78: f(x)= 157.2179432516912
differential_evolution step 79: f(x)= 157.2179432516912
differential_evolution step 80: f(x)= 157.2179432516912
differential_evolution step 81: f(x)= 157.2179432516912
differential_evolution step 82: f(x)= 157.2179432516912
differential_evolution step 83: f(x)= 152.19630269154084
differential_evolution step 84: f(x)= 152.19630269154084
differential_evolution step 85: f(x)= 152.19630269154084
differential_evolution step 86: f(x)= 152.19630269154084
differential_evolution step 87: f(x)= 152.19630269154084
differential_evolution step 88: f(x)= 152.19630269154084
differential_evolution step 89: f(x)= 152.19630269154084
differential_evolution step 90: f(x)= 152.19630269154084
differential_evolution step 91: f(x)= 152.19630269154084
differential_evolution step 92: f(x)= 152.19630269154084
differential_evolution step 93: f(x)= 152.19630269154084
differential_evolution step 94: f(x)= 152.19630269154084
differential_evolution step 95: f(x)= 152.19630269154084
differential_evolution step 96: f(x)= 152.19630269154084
differential_evolution step 97: f(x)= 151.27644053931743
differential_evolution step 98: f(x)= 151.27644053931743
differential_evolution step 99: f(x)= 145.47967744791754
differential_evolution step 100: f(x)= 145.47967744791754
differential_evolution step 101: f(x)= 145.20885591603235
differential_evolution step 102: f(x)= 145.20885591603235
differential_evolution step 103: f(x)= 145.20885591603235
differential_evolution step 104: f(x)= 145.20885591603235
differential_evolution step 105: f(x)= 145.20885591603235
differential_evolution step 106: f(x)= 145.20885591603235
differential_evolution step 107: f(x)= 145.20885591603235
differential_evolution step 108: f(x)= 145.20885591603235
differential_evolution step 109: f(x)= 145.20885591603235
differential_evolution step 110: f(x)= 145.20885591603235
differential_evolution step 111: f(x)= 145.20885591603235
differential_evolution step 112: f(x)= 145.20885591603235
differential_evolution step 113: f(x)= 145.20885591603235
differential_evolution step 114: f(x)= 144.6995630244034
differential_evolution step 115: f(x)= 144.6995630244034
differential_evolution step 116: f(x)= 144.6995630244034
differential_evolution step 117: f(x)= 144.6995630244034
differential_evolution step 118: f(x)= 144.6995630244034
differential_evolution step 119: f(x)= 144.6995630244034
differential_evolution step 120: f(x)= 144.6995630244034
differential_evolution step 121: f(x)= 144.6995630244034
differential_evolution step 122: f(x)= 144.6995630244034
differential_evolution step 123: f(x)= 144.6995630244034
differential_evolution step 124: f(x)= 144.6995630244034
differential_evolution step 125: f(x)= 144.6995630244034
differential_evolution step 126: f(x)= 144.6995630244034
differential_evolution step 127: f(x)= 144.6995630244034
differential_evolution step 128: f(x)= 144.6995630244034
differential_evolution step 129: f(x)= 144.6995630244034
differential_evolution step 130: f(x)= 144.6995630244034
differential_evolution step 131: f(x)= 144.6995630244034
differential_evolution step 132: f(x)= 144.6995630244034
differential_evolution step 133: f(x)= 144.6995630244034
differential_evolution step 134: f(x)= 144.6995630244034
differential_evolution step 135: f(x)= 144.6995630244034
differential_evolution step 136: f(x)= 144.6995630244034
differential_evolution step 137: f(x)= 144.6995630244034
differential_evolution step 138: f(x)= 144.6995630244034
differential_evolution step 139: f(x)= 144.6995630244034
differential_evolution step 140: f(x)= 144.6995630244034
differential_evolution step 141: f(x)= 144.6995630244034
differential_evolution step 142: f(x)= 144.6995630244034
differential_evolution step 143: f(x)= 144.6995630244034
differential_evolution step 144: f(x)= 144.6995630244034
differential_evolution step 145: f(x)= 144.6995630244034
differential_evolution step 146: f(x)= 144.6995630244034
differential_evolution step 147: f(x)= 144.6995630244034
differential_evolution step 148: f(x)= 144.6995630244034
differential_evolution step 149: f(x)= 143.9926068908987
differential_evolution step 150: f(x)= 143.9926068908987
differential_evolution step 151: f(x)= 143.9926068908987
differential_evolution step 152: f(x)= 143.9926068908987
differential_evolution step 153: f(x)= 143.9926068908987
differential_evolution step 154: f(x)= 143.9926068908987
differential_evolution step 155: f(x)= 143.9926068908987
differential_evolution step 156: f(x)= 143.9926068908987
differential_evolution step 157: f(x)= 143.9926068908987
differential_evolution step 158: f(x)= 143.9926068908987
differential_evolution step 159: f(x)= 143.9926068908987
differential_evolution step 160: f(x)= 143.9926068908987
differential_evolution step 161: f(x)= 143.9926068908987
differential_evolution step 162: f(x)= 143.9926068908987
differential_evolution step 163: f(x)= 143.9926068908987
differential_evolution step 164: f(x)= 143.9926068908987
differential_evolution step 165: f(x)= 143.70604042325084
differential_evolution step 166: f(x)= 143.70604042325084
differential_evolution step 167: f(x)= 143.70604042325084
differential_evolution step 168: f(x)= 143.70604042325084
differential_evolution step 169: f(x)= 143.70604042325084
differential_evolution step 170: f(x)= 143.70604042325084
differential_evolution step 171: f(x)= 143.70604042325084
differential_evolution step 172: f(x)= 143.70604042325084
differential_evolution step 173: f(x)= 143.70604042325084
differential_evolution step 174: f(x)= 143.70604042325084
differential_evolution step 175: f(x)= 143.70604042325084
differential_evolution step 176: f(x)= 143.70604042325084
differential_evolution step 177: f(x)= 143.70604042325084
differential_evolution step 178: f(x)= 143.70604042325084
differential_evolution step 179: f(x)= 143.70604042325084
differential_evolution step 180: f(x)= 143.70604042325084
differential_evolution step 181: f(x)= 143.70604042325084
differential_evolution step 182: f(x)= 143.70604042325084
differential_evolution step 183: f(x)= 143.70604042325084
differential_evolution step 184: f(x)= 143.70604042325084
differential_evolution step 185: f(x)= 143.66304471254057
differential_evolution step 186: f(x)= 143.66304471254057
differential_evolution step 187: f(x)= 143.66304471254057
differential_evolution step 188: f(x)= 143.6023711118895
differential_evolution step 189: f(x)= 143.6023711118895
differential_evolution step 190: f(x)= 143.6023711118895
differential_evolution step 191: f(x)= 143.6023711118895
differential_evolution step 192: f(x)= 143.6023711118895
differential_evolution step 193: f(x)= 143.6023711118895
differential_evolution step 194: f(x)= 143.6023711118895
differential_evolution step 195: f(x)= 143.6023711118895
differential_evolution step 196: f(x)= 143.57181613771724
differential_evolution step 197: f(x)= 143.5634708040986
differential_evolution step 198: f(x)= 143.45775859389
differential_evolution step 199: f(x)= 143.45775859389
differential_evolution step 200: f(x)= 143.45775859389
Cluster 5 DE best chi^2: 143.458 with params {'x_src': np.float64(148.59077872432863), 'y_src': np.float64(146.5091256332929), 'z_s': np.float64(3.48591601134104)}

--- DE Optimization Summary ---
Best fit found for Cluster 2 with chi^2 = 0.029
Best-fit parameters: {'x_src': np.float64(96.81248721412271), 'y_src': np.float64(100.42258014756136), 'z_s': np.float64(2.4578470743185323)}

--- Running MCMC for Cluster 2 (chi_sq=0.029) ---
[MCMC] Process Pool with 16 procs
  0%|          | 0/20000 [00:00<?, ?it/s]  0%|          | 58/20000 [01:40<9:34:27,  1.73s/it]  0%|          | 68/20000 [02:00<9:34:10,  1.73s/it]  1%|          | 112/20000 [03:21<10:00:25,  1.81s/it]  1%|          | 121/20000 [03:40<10:00:09,  1.81s/it]  1%|          | 166/20000 [05:02<10:06:47,  1.84s/it]  1%|          | 175/20000 [05:20<10:06:31,  1.84s/it]  1%|          | 222/20000 [06:42<9:58:31,  1.82s/it]   1%|          | 231/20000 [07:00<9:58:14,  1.82s/it]  1%|         | 281/20000 [08:24<9:45:45,  1.78s/it]  1%|         | 289/20000 [08:40<9:45:31,  1.78s/it]  2%|         | 337/20000 [10:05<9:47:23,  1.79s/it]  2%|         | 345/20000 [10:20<9:47:09,  1.79s/it]  2%|         | 395/20000 [11:47<9:41:32,  1.78s/it]  2%|         | 403/20000 [12:00<9:41:18,  1.78s/it]  2%|         | 459/20000 [13:28<9:17:30,  1.71s/it]  2%|         | 465/20000 [13:40<9:17:20,  1.71s/it]  3%|         | 521/20000 [15:09<9:07:26,  1.69s/it]  3%|         | 527/20000 [15:20<9:07:16,  1.69s/it]  3%|         | 582/20000 [16:49<9:01:04,  1.67s/it]  3%|         | 588/20000 [17:00<9:00:54,  1.67s/it]  3%|         | 641/20000 [18:31<9:04:31,  1.69s/it]  3%|         | 651/20000 [18:50<9:04:14,  1.69s/it]  4%|         | 702/20000 [20:12<9:00:16,  1.68s/it]  4%|         | 712/20000 [20:30<8:59:59,  1.68s/it]  4%|         | 765/20000 [21:53<8:50:26,  1.65s/it]  4%|         | 776/20000 [22:10<8:50:08,  1.65s/it]  4%|         | 834/20000 [23:34<8:28:17,  1.59s/it]  4%|         | 845/20000 [23:50<8:27:59,  1.59s/it]  5%|         | 906/20000 [25:15<8:06:34,  1.53s/it]  5%|         | 915/20000 [25:30<8:06:21,  1.53s/it]  5%|         | 976/20000 [26:56<7:56:23,  1.50s/it]  5%|         | 985/20000 [27:10<7:56:10,  1.50s/it]  5%|         | 1038/20000 [28:37<8:06:22,  1.54s/it]  5%|         | 1045/20000 [28:50<8:06:12,  1.54s/it]  6%|         | 1100/20000 [30:17<8:11:46,  1.56s/it]  6%|         | 1108/20000 [30:30<8:11:33,  1.56s/it]  6%|         | 1172/20000 [31:59<7:54:29,  1.51s/it]  6%|         | 1180/20000 [32:10<7:54:16,  1.51s/it]  6%|         | 1238/20000 [33:40<7:54:02,  1.52s/it]  6%|         | 1245/20000 [33:50<7:53:52,  1.52s/it]  7%|         | 1303/20000 [35:21<7:57:07,  1.53s/it]  7%|         | 1313/20000 [35:40<7:56:52,  1.53s/it]  7%|         | 1364/20000 [37:01<8:05:09,  1.56s/it]  7%|         | 1375/20000 [37:20<8:04:52,  1.56s/it]  7%|         | 1423/20000 [38:41<8:15:15,  1.60s/it]  7%|         | 1434/20000 [39:00<8:14:57,  1.60s/it]  7%|         | 1484/20000 [40:22<8:18:08,  1.61s/it]  7%|         | 1493/20000 [40:40<8:17:54,  1.61s/it]  8%|         | 1544/20000 [42:02<8:21:33,  1.63s/it]  8%|         | 1554/20000 [42:20<8:21:17,  1.63s/it]  8%|         | 1604/20000 [43:43<8:24:22,  1.65s/it]  8%|         | 1613/20000 [44:00<8:24:08,  1.65s/it]  8%|         | 1662/20000 [45:24<8:31:45,  1.67s/it]  8%|         | 1671/20000 [45:40<8:31:30,  1.67s/it]  9%|         | 1726/20000 [47:06<8:21:32,  1.65s/it]  9%|         | 1736/20000 [47:20<8:21:15,  1.65s/it]  9%|         | 1790/20000 [48:47<8:13:49,  1.63s/it]  9%|         | 1798/20000 [49:00<8:13:36,  1.63s/it]  9%|         | 1853/20000 [50:28<8:10:07,  1.62s/it]  9%|         | 1859/20000 [50:40<8:09:58,  1.62s/it] 10%|         | 1913/20000 [52:09<8:13:38,  1.64s/it] 10%|         | 1919/20000 [52:20<8:13:28,  1.64s/it] 10%|         | 1971/20000 [53:49<8:19:34,  1.66s/it] 10%|         | 1977/20000 [54:00<8:19:24,  1.66s/it] 10%|         | 2042/20000 [55:30<7:53:09,  1.58s/it] 10%|         | 2053/20000 [55:50<7:52:51,  1.58s/it] 11%|         | 2101/20000 [57:12<8:03:50,  1.62s/it] 11%|         | 2110/20000 [57:30<8:03:35,  1.62s/it] 11%|         | 2163/20000 [58:53<8:03:11,  1.63s/it] 11%|         | 2172/20000 [59:10<8:02:56,  1.63s/it] 11%|         | 2224/20000 [1:00:33<8:02:59,  1.63s/it] 11%|         | 2233/20000 [1:00:50<8:02:44,  1.63s/it] 11%|        | 2284/20000 [1:02:15<8:07:17,  1.65s/it] 11%|        | 2292/20000 [1:02:30<8:07:04,  1.65s/it] 12%|        | 2344/20000 [1:03:56<8:09:09,  1.66s/it] 12%|        | 2351/20000 [1:04:10<8:08:57,  1.66s/it] 12%|        | 2402/20000 [1:05:37<8:13:08,  1.68s/it] 12%|        | 2411/20000 [1:05:50<8:12:53,  1.68s/it] 12%|        | 2474/20000 [1:07:18<7:43:42,  1.59s/it] 12%|        | 2481/20000 [1:07:30<7:43:31,  1.59s/it] 13%|        | 2537/20000 [1:08:58<7:42:24,  1.59s/it] 13%|        | 2545/20000 [1:09:10<7:42:12,  1.59s/it] 13%|        | 2605/20000 [1:10:39<7:31:11,  1.56s/it] 13%|        | 2610/20000 [1:10:50<7:31:03,  1.56s/it] 13%|        | 2669/20000 [1:12:19<7:30:11,  1.56s/it] 13%|        | 2674/20000 [1:12:30<7:30:03,  1.56s/it] 14%|        | 2728/20000 [1:13:59<7:40:02,  1.60s/it] 14%|        | 2733/20000 [1:14:10<7:39:54,  1.60s/it] 14%|        | 2788/20000 [1:15:41<7:45:40,  1.62s/it] 14%|        | 2800/20000 [1:16:00<7:45:20,  1.62s/it] 14%|        | 2860/20000 [1:17:21<7:22:44,  1.55s/it] 14%|        | 2873/20000 [1:17:40<7:22:24,  1.55s/it] 15%|        | 2927/20000 [1:19:02<7:17:00,  1.54s/it] 15%|        | 2938/20000 [1:19:20<7:16:43,  1.54s/it] 15%|        | 2997/20000 [1:20:43<7:06:33,  1.51s/it] 15%|        | 3006/20000 [1:21:00<7:06:20,  1.51s/it] 15%|        | 3060/20000 [1:22:23<7:12:05,  1.53s/it] 15%|        | 3070/20000 [1:22:40<7:11:49,  1.53s/it] 16%|        | 3125/20000 [1:24:04<7:11:42,  1.53s/it] 16%|        | 3136/20000 [1:24:20<7:11:25,  1.53s/it] 16%|        | 3190/20000 [1:25:45<7:12:04,  1.54s/it] 16%|        | 3197/20000 [1:26:00<7:11:53,  1.54s/it] 16%|        | 3252/20000 [1:27:27<7:18:40,  1.57s/it] 16%|        | 3260/20000 [1:27:40<7:18:27,  1.57s/it] 17%|        | 3315/20000 [1:29:07<7:18:27,  1.58s/it] 17%|        | 3321/20000 [1:29:20<7:18:17,  1.58s/it] 17%|        | 3374/20000 [1:30:48<7:27:55,  1.62s/it] 17%|        | 3380/20000 [1:31:00<7:27:45,  1.62s/it] 17%|        | 3440/20000 [1:32:30<7:19:00,  1.59s/it] 17%|        | 3451/20000 [1:32:50<7:18:42,  1.59s/it] 18%|        | 3501/20000 [1:34:11<7:23:11,  1.61s/it] 18%|        | 3512/20000 [1:34:30<7:22:53,  1.61s/it] 18%|        | 3568/20000 [1:35:52<7:12:23,  1.58s/it] 18%|        | 3580/20000 [1:36:10<7:12:04,  1.58s/it] 18%|        | 3640/20000 [1:37:32<6:53:45,  1.52s/it] 18%|        | 3651/20000 [1:37:50<6:53:29,  1.52s/it] 19%|        | 3712/20000 [1:39:13<6:41:38,  1.48s/it] 19%|        | 3722/20000 [1:39:30<6:41:23,  1.48s/it] 19%|        | 3782/20000 [1:40:55<6:37:49,  1.47s/it] 19%|        | 3790/20000 [1:41:10<6:37:37,  1.47s/it] 19%|        | 3841/20000 [1:42:36<6:54:00,  1.54s/it] 19%|        | 3850/20000 [1:42:50<6:53:46,  1.54s/it] 20%|        | 3902/20000 [1:44:17<7:01:32,  1.57s/it] 20%|        | 3909/20000 [1:44:30<7:01:21,  1.57s/it] 20%|        | 3960/20000 [1:45:57<7:11:49,  1.62s/it] 20%|        | 3967/20000 [1:46:10<7:11:38,  1.62s/it] 20%|        | 4016/20000 [1:47:38<7:24:42,  1.67s/it] 20%|        | 4023/20000 [1:47:50<7:24:30,  1.67s/it] 20%|        | 4087/20000 [1:49:19<7:00:44,  1.59s/it] 20%|        | 4094/20000 [1:49:30<7:00:33,  1.59s/it] 21%|        | 4160/20000 [1:51:01<6:41:21,  1.52s/it] 21%|        | 4171/20000 [1:51:20<6:41:05,  1.52s/it] 21%|        | 4228/20000 [1:52:41<6:36:34,  1.51s/it] 21%|        | 4241/20000 [1:53:00<6:36:14,  1.51s/it] 21%|       | 4296/20000 [1:54:22<6:33:06,  1.50s/it] 22%|       | 4309/20000 [1:54:40<6:32:46,  1.50s/it] 22%|       | 4365/20000 [1:56:04<6:28:31,  1.49s/it] 22%|       | 4375/20000 [1:56:20<6:28:16,  1.49s/it] 22%|       | 4433/20000 [1:57:44<6:25:39,  1.49s/it] 22%|       | 4445/20000 [1:58:00<6:25:22,  1.49s/it] 23%|       | 4504/20000 [1:59:25<6:18:29,  1.47s/it] 23%|       | 4513/20000 [1:59:40<6:18:16,  1.47s/it] 23%|       | 4577/20000 [2:01:06<6:10:02,  1.44s/it] 23%|       | 4587/20000 [2:01:20<6:09:48,  1.44s/it] 23%|       | 4650/20000 [2:02:47<6:04:30,  1.42s/it] 23%|       | 4657/20000 [2:03:00<6:04:20,  1.42s/it] 24%|       | 4711/20000 [2:04:29<6:19:39,  1.49s/it] 24%|       | 4717/20000 [2:04:40<6:19:30,  1.49s/it] 24%|       | 4771/20000 [2:06:09<6:30:58,  1.54s/it] 24%|       | 4776/20000 [2:06:20<6:30:51,  1.54s/it] 24%|       | 4834/20000 [2:07:50<6:33:58,  1.56s/it] 24%|       | 4845/20000 [2:08:10<6:33:41,  1.56s/it] 24%|       | 4899/20000 [2:09:31<6:31:19,  1.55s/it] 25%|       | 4909/20000 [2:09:50<6:31:03,  1.55s/it] 25%|       | 4959/20000 [2:11:11<6:37:55,  1.59s/it] 25%|       | 4970/20000 [2:11:30<6:37:37,  1.59s/it] 25%|       | 5021/20000 [2:12:52<6:39:29,  1.60s/it] 25%|       | 5032/20000 [2:13:10<6:39:12,  1.60s/it] 25%|       | 5090/20000 [2:14:33<6:27:12,  1.56s/it] 26%|       | 5101/20000 [2:14:50<6:26:55,  1.56s/it] 26%|       | 5156/20000 [2:16:14<6:23:01,  1.55s/it] 26%|       | 5165/20000 [2:16:30<6:22:47,  1.55s/it] 26%|       | 5221/20000 [2:17:55<6:21:34,  1.55s/it] 26%|       | 5232/20000 [2:18:10<6:21:17,  1.55s/it] 26%|       | 5285/20000 [2:19:36<6:22:30,  1.56s/it] 26%|       | 5293/20000 [2:19:50<6:22:18,  1.56s/it] 27%|       | 5345/20000 [2:21:18<6:30:08,  1.60s/it] 27%|       | 5352/20000 [2:21:30<6:29:57,  1.60s/it] 27%|       | 5407/20000 [2:22:58<6:29:39,  1.60s/it] 27%|       | 5413/20000 [2:23:10<6:29:30,  1.60s/it] 27%|       | 5468/20000 [2:24:40<6:32:43,  1.62s/it] 27%|       | 5474/20000 [2:24:50<6:32:33,  1.62s/it] 28%|       | 5532/20000 [2:26:21<6:27:51,  1.61s/it] 28%|       | 5544/20000 [2:26:40<6:27:32,  1.61s/it] 28%|       | 5594/20000 [2:28:01<6:27:14,  1.61s/it] 28%|       | 5603/20000 [2:28:20<6:27:00,  1.61s/it] 28%|       | 5651/20000 [2:29:42<6:35:46,  1.65s/it] 28%|       | 5660/20000 [2:30:00<6:35:31,  1.65s/it] 29%|       | 5717/20000 [2:31:22<6:24:01,  1.61s/it] 29%|       | 5728/20000 [2:31:40<6:23:43,  1.61s/it] 29%|       | 5787/20000 [2:33:03<6:09:03,  1.56s/it] 29%|       | 5797/20000 [2:33:20<6:08:47,  1.56s/it] 29%|       | 5852/20000 [2:34:45<6:07:33,  1.56s/it] 29%|       | 5860/20000 [2:35:00<6:07:21,  1.56s/it] 30%|       | 5920/20000 [2:36:25<5:59:28,  1.53s/it] 30%|       | 5929/20000 [2:36:40<5:59:14,  1.53s/it] 30%|       | 5986/20000 [2:38:06<5:57:36,  1.53s/it] 30%|       | 5994/20000 [2:38:20<5:57:24,  1.53s/it] 30%|       | 6055/20000 [2:39:47<5:51:29,  1.51s/it] 30%|       | 6062/20000 [2:40:00<5:51:18,  1.51s/it] 31%|       | 6123/20000 [2:41:28<5:47:51,  1.50s/it] 31%|       | 6130/20000 [2:41:40<5:47:40,  1.50s/it] 31%|       | 6185/20000 [2:43:10<5:54:51,  1.54s/it] 31%|       | 6191/20000 [2:43:20<5:54:42,  1.54s/it] 31%|      | 6250/20000 [2:44:51<5:54:16,  1.55s/it] 31%|      | 6263/20000 [2:45:10<5:53:56,  1.55s/it] 32%|      | 6316/20000 [2:46:31<5:50:54,  1.54s/it] 32%|      | 6326/20000 [2:46:50<5:50:39,  1.54s/it] 32%|      | 6381/20000 [2:48:11<5:49:19,  1.54s/it] 32%|      | 6393/20000 [2:48:30<5:49:00,  1.54s/it] 32%|      | 6450/20000 [2:49:52<5:41:22,  1.51s/it] 32%|      | 6463/20000 [2:50:10<5:41:03,  1.51s/it] 33%|      | 6516/20000 [2:51:32<5:40:39,  1.52s/it] 33%|      | 6527/20000 [2:51:50<5:40:23,  1.52s/it] 33%|      | 6579/20000 [2:53:13<5:44:47,  1.54s/it] 33%|      | 6588/20000 [2:53:30<5:44:33,  1.54s/it] 33%|      | 6643/20000 [2:54:54<5:45:12,  1.55s/it] 33%|      | 6652/20000 [2:55:10<5:44:58,  1.55s/it] 34%|      | 6704/20000 [2:56:35<5:50:27,  1.58s/it] 34%|      | 6712/20000 [2:56:50<5:50:14,  1.58s/it] 34%|      | 6766/20000 [2:58:17<5:52:51,  1.60s/it] 34%|      | 6773/20000 [2:58:30<5:52:40,  1.60s/it] 34%|      | 6825/20000 [2:59:57<5:57:31,  1.63s/it] 34%|      | 6832/20000 [3:00:10<5:57:20,  1.63s/it] 34%|      | 6883/20000 [3:01:37<6:02:10,  1.66s/it] 34%|      | 6892/20000 [3:01:50<6:01:55,  1.66s/it] 35%|      | 6945/20000 [3:03:18<5:58:00,  1.65s/it] 35%|      | 6953/20000 [3:03:30<5:57:47,  1.65s/it] 35%|      | 7009/20000 [3:04:59<5:52:10,  1.63s/it] 35%|      | 7015/20000 [3:05:10<5:52:00,  1.63s/it] 35%|      | 7069/20000 [3:06:39<5:53:06,  1.64s/it] 35%|      | 7075/20000 [3:06:50<5:52:56,  1.64s/it] 36%|      | 7126/20000 [3:08:20<5:59:08,  1.67s/it] 36%|      | 7131/20000 [3:08:30<5:58:59,  1.67s/it] 36%|      | 7191/20000 [3:10:01<5:49:06,  1.64s/it] 36%|      | 7203/20000 [3:10:20<5:48:46,  1.64s/it] 36%|      | 7261/20000 [3:11:41<5:33:28,  1.57s/it] 36%|      | 7273/20000 [3:12:00<5:33:09,  1.57s/it] 37%|      | 7328/20000 [3:13:23<5:27:49,  1.55s/it] 37%|      | 7340/20000 [3:13:40<5:27:30,  1.55s/it] 37%|      | 7389/20000 [3:15:03<5:31:37,  1.58s/it] 37%|      | 7399/20000 [3:15:20<5:31:21,  1.58s/it] 37%|      | 7451/20000 [3:16:43<5:32:45,  1.59s/it] 37%|      | 7462/20000 [3:17:00<5:32:28,  1.59s/it] 38%|      | 7509/20000 [3:18:25<5:40:39,  1.64s/it] 38%|      | 7520/20000 [3:18:40<5:40:21,  1.64s/it] 38%|      | 7577/20000 [3:20:05<5:28:04,  1.58s/it] 38%|      | 7584/20000 [3:20:20<5:27:53,  1.58s/it] 38%|      | 7634/20000 [3:21:46<5:37:24,  1.64s/it] 38%|      | 7642/20000 [3:22:00<5:37:10,  1.64s/it] 39%|      | 7703/20000 [3:23:27<5:24:10,  1.58s/it] 39%|      | 7711/20000 [3:23:40<5:23:57,  1.58s/it] 39%|      | 7771/20000 [3:25:08<5:15:31,  1.55s/it] 39%|      | 7778/20000 [3:25:20<5:15:20,  1.55s/it] 39%|      | 7838/20000 [3:26:48<5:10:51,  1.53s/it] 39%|      | 7845/20000 [3:27:00<5:10:40,  1.53s/it] 40%|      | 7910/20000 [3:28:29<5:00:09,  1.49s/it] 40%|      | 7917/20000 [3:28:40<4:59:59,  1.49s/it] 40%|      | 7974/20000 [3:30:10<5:04:02,  1.52s/it] 40%|      | 7986/20000 [3:30:30<5:03:44,  1.52s/it] 40%|      | 8044/20000 [3:31:51<4:57:24,  1.49s/it] 40%|      | 8056/20000 [3:32:10<4:57:06,  1.49s/it] 41%|      | 8114/20000 [3:33:31<4:51:48,  1.47s/it] 41%|      | 8128/20000 [3:33:50<4:51:28,  1.47s/it] 41%|      | 8182/20000 [3:35:11<4:50:29,  1.47s/it] 41%|      | 8195/20000 [3:35:30<4:50:10,  1.47s/it] 41%|     | 8252/20000 [3:36:53<4:46:54,  1.47s/it] 41%|     | 8265/20000 [3:37:10<4:46:35,  1.47s/it] 42%|     | 8326/20000 [3:38:34<4:39:34,  1.44s/it] 42%|     | 8337/20000 [3:38:50<4:39:18,  1.44s/it] 42%|     | 8397/20000 [3:40:14<4:36:20,  1.43s/it] 42%|     | 8408/20000 [3:40:30<4:36:05,  1.43s/it] 42%|     | 8468/20000 [3:41:55<4:34:15,  1.43s/it] 42%|     | 8477/20000 [3:42:10<4:34:02,  1.43s/it] 43%|     | 8536/20000 [3:43:36<4:35:33,  1.44s/it] 43%|     | 8546/20000 [3:43:50<4:35:19,  1.44s/it] 43%|     | 8608/20000 [3:45:17<4:31:19,  1.43s/it] 43%|     | 8617/20000 [3:45:30<4:31:06,  1.43s/it] 43%|     | 8681/20000 [3:46:57<4:26:11,  1.41s/it] 43%|     | 8690/20000 [3:47:10<4:25:59,  1.41s/it] 44%|     | 8751/20000 [3:48:37<4:25:47,  1.42s/it] 44%|     | 8761/20000 [3:48:50<4:25:33,  1.42s/it] 44%|     | 8820/20000 [3:50:17<4:25:57,  1.43s/it] 44%|     | 8829/20000 [3:50:30<4:25:44,  1.43s/it] 44%|     | 8888/20000 [3:51:57<4:26:43,  1.44s/it] 44%|     | 8897/20000 [3:52:10<4:26:30,  1.44s/it] 45%|     | 8957/20000 [3:53:39<4:26:34,  1.45s/it] 45%|     | 8964/20000 [3:53:50<4:26:24,  1.45s/it] 45%|     | 9024/20000 [3:55:20<4:28:29,  1.47s/it] 45%|     | 9036/20000 [3:55:40<4:28:12,  1.47s/it] 45%|     | 9090/20000 [3:57:02<4:30:43,  1.49s/it] 46%|     | 9103/20000 [3:57:20<4:30:23,  1.49s/it] 46%|     | 9161/20000 [3:58:43<4:25:11,  1.47s/it] 46%|     | 9172/20000 [3:59:00<4:24:55,  1.47s/it] 46%|     | 9226/20000 [4:00:23<4:27:50,  1.49s/it] 46%|     | 9237/20000 [4:00:40<4:27:34,  1.49s/it] 46%|     | 9294/20000 [4:02:03<4:25:04,  1.49s/it] 47%|     | 9303/20000 [4:02:20<4:24:51,  1.49s/it] 47%|     | 9356/20000 [4:03:44<4:30:27,  1.52s/it] 47%|     | 9366/20000 [4:04:00<4:30:12,  1.52s/it] 47%|     | 9422/20000 [4:05:26<4:29:41,  1.53s/it] 47%|     | 9432/20000 [4:05:40<4:29:25,  1.53s/it] 47%|     | 9491/20000 [4:07:07<4:24:40,  1.51s/it] 47%|     | 9499/20000 [4:07:20<4:24:28,  1.51s/it] 48%|     | 9556/20000 [4:08:48<4:24:45,  1.52s/it] 48%|     | 9564/20000 [4:09:00<4:24:33,  1.52s/it] 48%|     | 9633/20000 [4:10:28<4:10:34,  1.45s/it] 48%|     | 9642/20000 [4:10:40<4:10:21,  1.45s/it] 49%|     | 9711/20000 [4:12:10<4:00:07,  1.40s/it] 49%|     | 9718/20000 [4:12:20<3:59:57,  1.40s/it] 49%|     | 9777/20000 [4:13:50<4:04:12,  1.43s/it] 49%|     | 9783/20000 [4:14:00<4:04:04,  1.43s/it] 49%|     | 9842/20000 [4:15:31<4:08:29,  1.47s/it] 49%|     | 9855/20000 [4:15:50<4:08:10,  1.47s/it] 50%|     | 9915/20000 [4:17:12<4:02:31,  1.44s/it] 50%|     | 9928/20000 [4:17:30<4:02:12,  1.44s/it] 50%|     | 9987/20000 [4:18:52<3:58:11,  1.43s/it] 50%|     | 9999/20000 [4:19:10<3:57:54,  1.43s/it] 50%|     | 10055/20000 [4:20:33<3:58:58,  1.44s/it] 50%|     | 10066/20000 [4:20:50<3:58:42,  1.44s/it] 51%|     | 10124/20000 [4:22:14<3:58:33,  1.45s/it] 51%|     | 10134/20000 [4:22:30<3:58:18,  1.45s/it] 51%|     | 10194/20000 [4:23:54<3:56:06,  1.44s/it] 51%|     | 10203/20000 [4:24:10<3:55:53,  1.44s/it] 51%|    | 10266/20000 [4:25:34<3:51:37,  1.43s/it] 51%|    | 10276/20000 [4:25:50<3:51:23,  1.43s/it] 52%|    | 10345/20000 [4:27:15<3:42:02,  1.38s/it] 52%|    | 10355/20000 [4:27:30<3:41:48,  1.38s/it] 52%|    | 10424/20000 [4:28:57<3:35:19,  1.35s/it] 52%|    | 10433/20000 [4:29:10<3:35:07,  1.35s/it] 52%|    | 10500/20000 [4:30:38<3:32:27,  1.34s/it] 53%|    | 10509/20000 [4:30:50<3:32:15,  1.34s/it] 53%|    | 10566/20000 [4:32:18<3:38:48,  1.39s/it] 53%|    | 10573/20000 [4:32:30<3:38:38,  1.39s/it] 53%|    | 10633/20000 [4:33:59<3:42:01,  1.42s/it] 53%|    | 10639/20000 [4:34:10<3:41:52,  1.42s/it] 53%|    | 10697/20000 [4:35:40<3:47:26,  1.47s/it] 54%|    | 10702/20000 [4:35:50<3:47:19,  1.47s/it] 54%|    | 10768/20000 [4:37:20<3:43:04,  1.45s/it] 54%|    | 10782/20000 [4:37:40<3:42:43,  1.45s/it] 54%|    | 10837/20000 [4:39:01<3:42:20,  1.46s/it] 54%|    | 10849/20000 [4:39:20<3:42:03,  1.46s/it] 55%|    | 10903/20000 [4:40:43<3:44:32,  1.48s/it] 55%|    | 10914/20000 [4:41:00<3:44:16,  1.48s/it] 55%|    | 10971/20000 [4:42:25<3:43:29,  1.49s/it] 55%|    | 10980/20000 [4:42:40<3:43:16,  1.49s/it] 55%|    | 11040/20000 [4:44:06<3:40:51,  1.48s/it] 55%|    | 11048/20000 [4:44:20<3:40:39,  1.48s/it] 56%|    | 11108/20000 [4:45:46<3:38:53,  1.48s/it] 56%|    | 11117/20000 [4:46:00<3:38:40,  1.48s/it] 56%|    | 11179/20000 [4:47:27<3:34:32,  1.46s/it] 56%|    | 11188/20000 [4:47:40<3:34:19,  1.46s/it] 56%|    | 11255/20000 [4:49:07<3:26:16,  1.42s/it] 56%|    | 11263/20000 [4:49:20<3:26:05,  1.42s/it] 57%|    | 11322/20000 [4:50:48<3:28:29,  1.44s/it] 57%|    | 11329/20000 [4:51:00<3:28:19,  1.44s/it] 57%|    | 11390/20000 [4:52:29<3:28:26,  1.45s/it] 57%|    | 11397/20000 [4:52:40<3:28:15,  1.45s/it] 57%|    | 11464/20000 [4:54:10<3:22:37,  1.42s/it] 57%|    | 11471/20000 [4:54:20<3:22:27,  1.42s/it] 58%|    | 11540/20000 [4:55:50<3:16:07,  1.39s/it] 58%|    | 11553/20000 [4:56:10<3:15:49,  1.39s/it] 58%|    | 11609/20000 [4:57:31<3:17:23,  1.41s/it] 58%|    | 11622/20000 [4:57:50<3:17:04,  1.41s/it] 58%|    | 11679/20000 [4:59:12<3:17:17,  1.42s/it] 58%|    | 11691/20000 [4:59:30<3:17:00,  1.42s/it] 59%|    | 11747/20000 [5:00:53<3:18:01,  1.44s/it] 59%|    | 11758/20000 [5:01:10<3:17:45,  1.44s/it] 59%|    | 11817/20000 [5:02:34<3:16:22,  1.44s/it] 59%|    | 11828/20000 [5:02:50<3:16:06,  1.44s/it] 59%|    | 11891/20000 [5:04:15<3:11:30,  1.42s/it] 60%|    | 11902/20000 [5:04:30<3:11:14,  1.42s/it] 60%|    | 11966/20000 [5:05:55<3:06:30,  1.39s/it] 60%|    | 11976/20000 [5:06:10<3:06:16,  1.39s/it] 60%|    | 12035/20000 [5:07:36<3:07:13,  1.41s/it] 60%|    | 12046/20000 [5:07:50<3:06:57,  1.41s/it] 61%|    | 12108/20000 [5:09:16<3:03:58,  1.40s/it] 61%|    | 12117/20000 [5:09:30<3:03:46,  1.40s/it] 61%|    | 12177/20000 [5:10:57<3:04:57,  1.42s/it] 61%|    | 12184/20000 [5:11:10<3:04:47,  1.42s/it] 61%|    | 12246/20000 [5:12:37<3:04:43,  1.43s/it] 61%|   | 12253/20000 [5:12:50<3:04:33,  1.43s/it] 62%|   | 12316/20000 [5:14:18<3:03:21,  1.43s/it] 62%|   | 12323/20000 [5:14:30<3:03:11,  1.43s/it] 62%|   | 12382/20000 [5:15:59<3:05:28,  1.46s/it] 62%|   | 12389/20000 [5:16:10<3:05:18,  1.46s/it] 62%|   | 12451/20000 [5:17:40<3:03:40,  1.46s/it] 62%|   | 12458/20000 [5:17:50<3:03:30,  1.46s/it] 63%|   | 12519/20000 [5:19:20<3:02:33,  1.46s/it] 63%|   | 12530/20000 [5:19:40<3:02:17,  1.46s/it] 63%|   | 12585/20000 [5:21:01<3:03:05,  1.48s/it] 63%|   | 12596/20000 [5:21:20<3:02:49,  1.48s/it] 63%|   | 12652/20000 [5:22:41<3:02:18,  1.49s/it] 63%|   | 12665/20000 [5:23:00<3:01:59,  1.49s/it] 64%|   | 12723/20000 [5:24:23<2:58:12,  1.47s/it] 64%|   | 12733/20000 [5:24:40<2:57:57,  1.47s/it] 64%|   | 12790/20000 [5:26:03<2:57:25,  1.48s/it] 64%|   | 12802/20000 [5:26:20<2:57:07,  1.48s/it] 64%|   | 12861/20000 [5:27:44<2:54:00,  1.46s/it] 64%|   | 12872/20000 [5:28:00<2:53:44,  1.46s/it] 65%|   | 12930/20000 [5:29:25<2:52:14,  1.46s/it] 65%|   | 12940/20000 [5:29:40<2:51:59,  1.46s/it] 65%|   | 12998/20000 [5:31:06<2:51:25,  1.47s/it] 65%|   | 13007/20000 [5:31:20<2:51:12,  1.47s/it] 65%|   | 13069/20000 [5:32:48<2:48:20,  1.46s/it] 65%|   | 13077/20000 [5:33:00<2:48:09,  1.46s/it] 66%|   | 13139/20000 [5:34:29<2:46:26,  1.46s/it] 66%|   | 13145/20000 [5:34:40<2:46:17,  1.46s/it] 66%|   | 13208/20000 [5:36:11<2:45:27,  1.46s/it] 66%|   | 13221/20000 [5:36:30<2:45:08,  1.46s/it] 66%|   | 13281/20000 [5:37:52<2:40:54,  1.44s/it] 66%|   | 13292/20000 [5:38:10<2:40:39,  1.44s/it] 67%|   | 13348/20000 [5:39:32<2:41:07,  1.45s/it] 67%|   | 13359/20000 [5:39:50<2:40:51,  1.45s/it] 67%|   | 13418/20000 [5:41:13<2:39:01,  1.45s/it] 67%|   | 13428/20000 [5:41:30<2:38:47,  1.45s/it] 67%|   | 13487/20000 [5:42:54<2:37:53,  1.45s/it] 67%|   | 13498/20000 [5:43:10<2:37:37,  1.45s/it] 68%|   | 13558/20000 [5:44:34<2:34:41,  1.44s/it] 68%|   | 13568/20000 [5:44:50<2:34:26,  1.44s/it] 68%|   | 13628/20000 [5:46:16<2:33:16,  1.44s/it] 68%|   | 13637/20000 [5:46:30<2:33:03,  1.44s/it] 68%|   | 13694/20000 [5:47:56<2:34:04,  1.47s/it] 69%|   | 13703/20000 [5:48:10<2:33:51,  1.47s/it] 69%|   | 13761/20000 [5:49:37<2:33:34,  1.48s/it] 69%|   | 13770/20000 [5:49:50<2:33:20,  1.48s/it] 69%|   | 13831/20000 [5:51:17<2:30:26,  1.46s/it] 69%|   | 13839/20000 [5:51:30<2:30:14,  1.46s/it] 69%|   | 13897/20000 [5:52:58<2:30:44,  1.48s/it] 70%|   | 13905/20000 [5:53:10<2:30:32,  1.48s/it] 70%|   | 13965/20000 [5:54:38<2:28:49,  1.48s/it] 70%|   | 13974/20000 [5:54:50<2:28:36,  1.48s/it] 70%|   | 14037/20000 [5:56:19<2:24:43,  1.46s/it] 70%|   | 14045/20000 [5:56:30<2:24:31,  1.46s/it] 71%|   | 14105/20000 [5:57:59<2:23:29,  1.46s/it] 71%|   | 14111/20000 [5:58:10<2:23:21,  1.46s/it] 71%|   | 14174/20000 [5:59:40<2:21:39,  1.46s/it] 71%|   | 14182/20000 [5:59:50<2:21:27,  1.46s/it] 71%|   | 14245/20000 [6:01:21<2:18:53,  1.45s/it] 71%|  | 14256/20000 [6:01:40<2:18:37,  1.45s/it] 72%|  | 14309/20000 [6:03:02<2:20:49,  1.48s/it] 72%|  | 14322/20000 [6:03:20<2:20:30,  1.48s/it] 72%|  | 14379/20000 [6:04:43<2:18:04,  1.47s/it] 72%|  | 14390/20000 [6:05:00<2:17:47,  1.47s/it] 72%|  | 14443/20000 [6:06:24<2:19:06,  1.50s/it] 72%|  | 14454/20000 [6:06:40<2:18:50,  1.50s/it] 73%|  | 14517/20000 [6:08:05<2:13:07,  1.46s/it] 73%|  | 14527/20000 [6:08:20<2:12:52,  1.46s/it] 73%|  | 14588/20000 [6:09:46<2:10:26,  1.45s/it] 73%|  | 14598/20000 [6:10:00<2:10:12,  1.45s/it] 73%|  | 14662/20000 [6:11:26<2:06:16,  1.42s/it] 73%|  | 14671/20000 [6:11:40<2:06:03,  1.42s/it] 74%|  | 14733/20000 [6:13:07<2:04:42,  1.42s/it] 74%|  | 14742/20000 [6:13:20<2:04:29,  1.42s/it] 74%|  | 14801/20000 [6:14:47<2:04:24,  1.44s/it] 74%|  | 14810/20000 [6:15:00<2:04:11,  1.44s/it] 74%|  | 14876/20000 [6:16:29<2:00:23,  1.41s/it] 74%|  | 14884/20000 [6:16:40<2:00:12,  1.41s/it] 75%|  | 14944/20000 [6:18:09<2:00:21,  1.43s/it] 75%|  | 14951/20000 [6:18:20<2:00:11,  1.43s/it] 75%|  | 15013/20000 [6:19:50<1:59:41,  1.44s/it] 75%|  | 15025/20000 [6:20:10<1:59:23,  1.44s/it] 75%|  | 15086/20000 [6:21:31<1:56:30,  1.42s/it] 75%|  | 15098/20000 [6:21:50<1:56:13,  1.42s/it] 76%|  | 15153/20000 [6:23:12<1:56:38,  1.44s/it] 76%|  | 15165/20000 [6:23:30<1:56:21,  1.44s/it] 76%|  | 15219/20000 [6:24:53<1:57:05,  1.47s/it] 76%|  | 15231/20000 [6:25:10<1:56:47,  1.47s/it] 76%|  | 15290/20000 [6:26:34<1:54:19,  1.46s/it] 76%|  | 15299/20000 [6:26:50<1:54:06,  1.46s/it] 77%|  | 15357/20000 [6:28:15<1:53:49,  1.47s/it] 77%|  | 15366/20000 [6:28:30<1:53:36,  1.47s/it] 77%|  | 15425/20000 [6:29:56<1:52:33,  1.48s/it] 77%|  | 15433/20000 [6:30:10<1:52:21,  1.48s/it] 77%|  | 15493/20000 [6:31:37<1:51:00,  1.48s/it] 78%|  | 15502/20000 [6:31:50<1:50:46,  1.48s/it] 78%|  | 15563/20000 [6:33:18<1:48:27,  1.47s/it] 78%|  | 15571/20000 [6:33:30<1:48:16,  1.47s/it] 78%|  | 15629/20000 [6:34:59<1:48:06,  1.48s/it] 78%|  | 15636/20000 [6:35:10<1:47:56,  1.48s/it] 78%|  | 15698/20000 [6:36:39<1:45:41,  1.47s/it] 79%|  | 15706/20000 [6:36:50<1:45:29,  1.47s/it] 79%|  | 15767/20000 [6:38:20<1:43:44,  1.47s/it] 79%|  | 15773/20000 [6:38:30<1:43:35,  1.47s/it] 79%|  | 15838/20000 [6:40:01<1:40:59,  1.46s/it] 79%|  | 15851/20000 [6:40:20<1:40:40,  1.46s/it] 80%|  | 15906/20000 [6:41:42<1:40:07,  1.47s/it] 80%|  | 15916/20000 [6:42:00<1:39:52,  1.47s/it] 80%|  | 15974/20000 [6:43:22<1:38:32,  1.47s/it] 80%|  | 15985/20000 [6:43:40<1:38:16,  1.47s/it] 80%|  | 16040/20000 [6:45:03<1:37:59,  1.48s/it] 80%|  | 16051/20000 [6:45:20<1:37:43,  1.48s/it] 81%|  | 16105/20000 [6:46:44<1:37:49,  1.51s/it] 81%|  | 16116/20000 [6:47:00<1:37:33,  1.51s/it] 81%|  | 16169/20000 [6:48:26<1:37:40,  1.53s/it] 81%|  | 16177/20000 [6:48:40<1:37:28,  1.53s/it] 81%|  | 16231/20000 [6:50:06<1:37:44,  1.56s/it] 81%|  | 16239/20000 [6:50:20<1:37:31,  1.56s/it] 81%| | 16292/20000 [6:51:47<1:37:53,  1.58s/it] 82%| | 16300/20000 [6:52:00<1:37:40,  1.58s/it] 82%| | 16359/20000 [6:53:29<1:34:46,  1.56s/it] 82%| | 16365/20000 [6:53:40<1:34:36,  1.56s/it] 82%| | 16422/20000 [6:55:10<1:33:50,  1.57s/it] 82%| | 16429/20000 [6:55:20<1:33:39,  1.57s/it] 82%| | 16488/20000 [6:56:51<1:31:28,  1.56s/it] 82%| | 16500/20000 [6:57:10<1:31:10,  1.56s/it] 83%| | 16552/20000 [6:58:32<1:30:07,  1.57s/it] 83%| | 16563/20000 [6:58:50<1:29:50,  1.57s/it] 83%| | 16617/20000 [7:00:13<1:28:07,  1.56s/it] 83%| | 16628/20000 [7:00:30<1:27:50,  1.56s/it] 83%| | 16686/20000 [7:01:55<1:24:43,  1.53s/it] 83%| | 16694/20000 [7:02:10<1:24:31,  1.53s/it] 84%| | 16747/20000 [7:03:35<1:24:59,  1.57s/it] 84%| | 16757/20000 [7:03:50<1:24:43,  1.57s/it] 84%| | 16816/20000 [7:05:16<1:21:22,  1.53s/it] 84%| | 16824/20000 [7:05:30<1:21:10,  1.53s/it] 84%| | 16881/20000 [7:06:57<1:19:55,  1.54s/it] 84%| | 16889/20000 [7:07:10<1:19:42,  1.54s/it] 85%| | 16951/20000 [7:08:37<1:16:26,  1.50s/it] 85%| | 16960/20000 [7:08:50<1:16:13,  1.50s/it] 85%| | 17018/20000 [7:10:18<1:14:47,  1.51s/it] 85%| | 17025/20000 [7:10:30<1:14:37,  1.51s/it] 85%| | 17084/20000 [7:11:59<1:13:27,  1.51s/it] 85%| | 17092/20000 [7:12:10<1:13:15,  1.51s/it] 86%| | 17155/20000 [7:13:40<1:10:24,  1.49s/it] 86%| | 17161/20000 [7:13:50<1:10:15,  1.49s/it] 86%| | 17225/20000 [7:15:21<1:08:03,  1.47s/it] 86%| | 17238/20000 [7:15:40<1:07:44,  1.47s/it] 86%| | 17292/20000 [7:17:02<1:06:51,  1.48s/it] 87%| | 17306/20000 [7:17:20<1:06:30,  1.48s/it] 87%| | 17367/20000 [7:18:43<1:03:08,  1.44s/it] 87%| | 17376/20000 [7:19:00<1:02:55,  1.44s/it] 87%| | 17430/20000 [7:20:23<1:03:24,  1.48s/it] 87%| | 17441/20000 [7:20:40<1:03:08,  1.48s/it] 87%| | 17494/20000 [7:22:04<1:03:06,  1.51s/it] 88%| | 17503/20000 [7:22:20<1:02:52,  1.51s/it] 88%| | 17561/20000 [7:23:46<1:01:27,  1.51s/it] 88%| | 17568/20000 [7:24:00<1:01:17,  1.51s/it] 88%| | 17622/20000 [7:25:27<1:01:36,  1.55s/it] 88%| | 17630/20000 [7:25:40<1:01:23,  1.55s/it] 88%| | 17686/20000 [7:27:08<1:00:14,  1.56s/it] 88%| | 17693/20000 [7:27:20<1:00:03,  1.56s/it] 89%| | 17748/20000 [7:28:49<59:14,  1.58s/it]   89%| | 17754/20000 [7:29:00<59:05,  1.58s/it] 89%| | 17813/20000 [7:30:29<57:11,  1.57s/it] 89%| | 17819/20000 [7:30:40<57:02,  1.57s/it] 89%| | 17876/20000 [7:32:11<55:56,  1.58s/it] 89%| | 17888/20000 [7:32:30<55:37,  1.58s/it] 90%| | 17943/20000 [7:33:52<53:24,  1.56s/it] 90%| | 17956/20000 [7:34:10<53:04,  1.56s/it] 90%| | 18011/20000 [7:35:33<50:57,  1.54s/it] 90%| | 18021/20000 [7:35:50<50:41,  1.54s/it] 90%| | 18073/20000 [7:37:13<50:04,  1.56s/it] 90%| | 18083/20000 [7:37:30<49:48,  1.56s/it] 91%| | 18140/20000 [7:38:53<47:45,  1.54s/it] 91%| | 18152/20000 [7:39:10<47:27,  1.54s/it] 91%| | 18214/20000 [7:40:34<44:04,  1.48s/it] 91%| | 18224/20000 [7:40:50<43:49,  1.48s/it] 91%|| 18284/20000 [7:42:15<42:00,  1.47s/it] 91%|| 18295/20000 [7:42:30<41:43,  1.47s/it] 92%|| 18357/20000 [7:43:56<39:29,  1.44s/it] 92%|| 18366/20000 [7:44:10<39:16,  1.44s/it] 92%|| 18425/20000 [7:45:37<38:12,  1.46s/it] 92%|| 18433/20000 [7:45:50<38:01,  1.46s/it] 92%|| 18493/20000 [7:47:18<36:46,  1.46s/it] 93%|| 18502/20000 [7:47:30<36:33,  1.46s/it] 93%|| 18565/20000 [7:48:59<34:36,  1.45s/it] 93%|| 18571/20000 [7:49:10<34:27,  1.45s/it] 93%|| 18631/20000 [7:50:41<33:34,  1.47s/it] 93%|| 18646/20000 [7:51:00<33:12,  1.47s/it] 94%|| 18700/20000 [7:52:22<31:54,  1.47s/it] 94%|| 18711/20000 [7:52:40<31:37,  1.47s/it] 94%|| 18767/20000 [7:54:03<30:28,  1.48s/it] 94%|| 18778/20000 [7:54:20<30:11,  1.48s/it] 94%|| 18835/20000 [7:55:44<28:46,  1.48s/it] 94%|| 18846/20000 [7:56:00<28:30,  1.48s/it] 95%|| 18902/20000 [7:57:24<27:11,  1.49s/it] 95%|| 18912/20000 [7:57:40<26:56,  1.49s/it] 95%|| 18967/20000 [7:59:04<25:52,  1.50s/it] 95%|| 18977/20000 [7:59:20<25:37,  1.50s/it] 95%|| 19036/20000 [8:00:46<23:58,  1.49s/it] 95%|| 19046/20000 [8:01:00<23:43,  1.49s/it] 96%|| 19103/20000 [8:02:27<22:21,  1.50s/it] 96%|| 19113/20000 [8:02:40<22:07,  1.50s/it] 96%|| 19173/20000 [8:04:08<20:25,  1.48s/it] 96%|| 19182/20000 [8:04:20<20:11,  1.48s/it] 96%|| 19244/20000 [8:05:48<18:24,  1.46s/it] 96%|| 19251/20000 [8:06:00<18:14,  1.46s/it] 97%|| 19313/20000 [8:07:29<16:43,  1.46s/it] 97%|| 19319/20000 [8:07:40<16:34,  1.46s/it] 97%|| 19376/20000 [8:09:10<15:34,  1.50s/it] 97%|| 19383/20000 [8:09:20<15:24,  1.50s/it] 97%|| 19444/20000 [8:10:50<13:49,  1.49s/it] 97%|| 19451/20000 [8:11:00<13:38,  1.49s/it] 98%|| 19506/20000 [8:12:31<12:36,  1.53s/it] 98%|| 19519/20000 [8:12:50<12:16,  1.53s/it] 98%|| 19569/20000 [8:14:13<11:10,  1.55s/it] 98%|| 19578/20000 [8:14:30<10:56,  1.55s/it] 98%|| 19630/20000 [8:15:53<09:45,  1.58s/it] 98%|| 19639/20000 [8:16:10<09:31,  1.58s/it] 98%|| 19695/20000 [8:17:34<07:59,  1.57s/it] 99%|| 19706/20000 [8:17:50<07:42,  1.57s/it] 99%|| 19767/20000 [8:19:15<05:53,  1.52s/it] 99%|| 19779/20000 [8:19:30<05:35,  1.52s/it] 99%|| 19848/20000 [8:20:56<03:36,  1.42s/it] 99%|| 19857/20000 [8:21:10<03:23,  1.42s/it]100%|| 19928/20000 [8:22:37<01:38,  1.37s/it]100%|| 19938/20000 [8:22:50<01:24,  1.37s/it]100%|| 20000/20000 [8:24:10<00:00,  1.51s/it]

Analysis complete. Found 1 cluster(s) meeting the MCMC criterion.
Accepted cluster indices: [2]

--- Processing Final Results for Cluster 2 ---
--- MCMC Parameter Constraints for Cluster 2 ---
  x_src = 96.819 +0.181 / -0.164
  y_src = 100.412 +0.175 / -0.146
    z_s = 2.457 +0.111 / -0.088
Saving localization results for Cluster 2...
Processing results for Cluster 2...
-> Saved 340000 samples to /users/hiu-yeung.cheng/clusterlensing/out/row29/test_tidy_row29/cluster_2_posterior.npz
Updated CSV row 29 with result for cluster 2.
Loading data from /users/hiu-yeung.cheng/clusterlensing/out/row29/test_tidy_row29/cluster_2_posterior.npz...

Generating corner plot...
-> Corner plot saved to /users/hiu-yeung.cheng/clusterlensing/out/row29/test_tidy_row29/cluster_2_corner_from_saved.png

Generating trace plot...
-> Trace plot saved to /users/hiu-yeung.cheng/clusterlensing/out/row29/test_tidy_row29/cluster_2_trace.png
