Row=27 OUT_DIR=/users/hiu-yeung.cheng/clusterlensing/out/row27 DE_PROCS=16 MCMC_PROCS=16
Setup complete. Lensing system initialized.
True time delays: [    0.         12619.43956009 17187.54283134 19012.28775358
 19084.8822759 ]
True luminosity distances: 27481.49119469834
Lensed luminosity distances: [11670.84880073  7217.56241419  9418.69292668  6566.00523437
 26748.57106806]

Running the full analysis pipeline...
--- Running DE for Cluster 0 ---
[DE] Process Pool with 16 procs (init=latinhypercube, popsize=50)
differential_evolution step 1: f(x)= 3000.0
differential_evolution step 2: f(x)= 3000.0
differential_evolution step 3: f(x)= 1650.340687516647
differential_evolution step 4: f(x)= 1650.340687516647
differential_evolution step 5: f(x)= 1650.340687516647
differential_evolution step 6: f(x)= 1650.340687516647
differential_evolution step 7: f(x)= 1650.340687516647
differential_evolution step 8: f(x)= 1650.340687516647
differential_evolution step 9: f(x)= 1650.340687516647
differential_evolution step 10: f(x)= 1650.340687516647
differential_evolution step 11: f(x)= 1650.340687516647
differential_evolution step 12: f(x)= 352.25661178139404
differential_evolution step 13: f(x)= 352.25661178139404
differential_evolution step 14: f(x)= 352.25661178139404
differential_evolution step 15: f(x)= 352.25661178139404
differential_evolution step 16: f(x)= 352.25661178139404
differential_evolution step 17: f(x)= 352.25661178139404
differential_evolution step 18: f(x)= 352.25661178139404
differential_evolution step 19: f(x)= 352.25661178139404
differential_evolution step 20: f(x)= 352.25661178139404
differential_evolution step 21: f(x)= 352.25661178139404
differential_evolution step 22: f(x)= 352.25661178139404
differential_evolution step 23: f(x)= 352.25661178139404
differential_evolution step 24: f(x)= 352.25661178139404
differential_evolution step 25: f(x)= 352.25661178139404
differential_evolution step 26: f(x)= 352.25661178139404
differential_evolution step 27: f(x)= 352.25661178139404
differential_evolution step 28: f(x)= 352.25661178139404
differential_evolution step 29: f(x)= 352.25661178139404
differential_evolution step 30: f(x)= 187.99524238159688
differential_evolution step 31: f(x)= 187.99524238159688
differential_evolution step 32: f(x)= 187.99524238159688
differential_evolution step 33: f(x)= 187.99524238159688
differential_evolution step 34: f(x)= 187.99524238159688
differential_evolution step 35: f(x)= 187.99524238159688
differential_evolution step 36: f(x)= 187.99524238159688
differential_evolution step 37: f(x)= 187.99524238159688
differential_evolution step 38: f(x)= 187.99524238159688
differential_evolution step 39: f(x)= 187.99524238159688
differential_evolution step 40: f(x)= 187.99524238159688
differential_evolution step 41: f(x)= 187.99524238159688
differential_evolution step 42: f(x)= 187.99524238159688
differential_evolution step 43: f(x)= 148.08582513651052
differential_evolution step 44: f(x)= 148.08582513651052
differential_evolution step 45: f(x)= 148.08582513651052
differential_evolution step 46: f(x)= 148.08582513651052
differential_evolution step 47: f(x)= 148.08582513651052
differential_evolution step 48: f(x)= 148.08582513651052
differential_evolution step 49: f(x)= 127.23567044427097
differential_evolution step 50: f(x)= 127.23567044427097
differential_evolution step 51: f(x)= 127.23567044427097
differential_evolution step 52: f(x)= 127.23567044427097
differential_evolution step 53: f(x)= 122.69988093526698
differential_evolution step 54: f(x)= 122.69988093526698
differential_evolution step 55: f(x)= 110.61562096926568
differential_evolution step 56: f(x)= 110.61562096926568
differential_evolution step 57: f(x)= 110.61562096926568
differential_evolution step 58: f(x)= 110.61562096926568
differential_evolution step 59: f(x)= 110.61562096926568
differential_evolution step 60: f(x)= 110.61562096926568
differential_evolution step 61: f(x)= 110.61562096926568
differential_evolution step 62: f(x)= 110.61562096926568
differential_evolution step 63: f(x)= 110.61562096926568
differential_evolution step 64: f(x)= 110.61562096926568
differential_evolution step 65: f(x)= 110.61562096926568
differential_evolution step 66: f(x)= 110.61562096926568
differential_evolution step 67: f(x)= 110.61562096926568
differential_evolution step 68: f(x)= 107.17444761383415
differential_evolution step 69: f(x)= 107.17444761383415
differential_evolution step 70: f(x)= 107.17444761383415
differential_evolution step 71: f(x)= 107.17444761383415
differential_evolution step 72: f(x)= 107.17444761383415
differential_evolution step 73: f(x)= 107.17444761383415
differential_evolution step 74: f(x)= 107.17444761383415
differential_evolution step 75: f(x)= 107.17444761383415
differential_evolution step 76: f(x)= 107.17444761383415
differential_evolution step 77: f(x)= 107.17444761383415
differential_evolution step 78: f(x)= 107.17444761383415
differential_evolution step 79: f(x)= 107.17444761383415
differential_evolution step 80: f(x)= 107.17444761383415
differential_evolution step 81: f(x)= 106.44982688008196
differential_evolution step 82: f(x)= 106.44982688008196
differential_evolution step 83: f(x)= 105.64006903274759
differential_evolution step 84: f(x)= 105.64006903274759
differential_evolution step 85: f(x)= 105.64006903274759
differential_evolution step 86: f(x)= 105.64006903274759
differential_evolution step 87: f(x)= 105.64006903274759
differential_evolution step 88: f(x)= 105.64006903274759
differential_evolution step 89: f(x)= 99.82420468514786
differential_evolution step 90: f(x)= 98.4276795101599
differential_evolution step 91: f(x)= 96.9316747023172
differential_evolution step 92: f(x)= 96.9316747023172
differential_evolution step 93: f(x)= 96.9316747023172
differential_evolution step 94: f(x)= 96.9316747023172
differential_evolution step 95: f(x)= 96.9316747023172
differential_evolution step 96: f(x)= 96.9316747023172
differential_evolution step 97: f(x)= 96.9316747023172
differential_evolution step 98: f(x)= 96.60583390279078
differential_evolution step 99: f(x)= 96.60583390279078
differential_evolution step 100: f(x)= 96.60583390279078
differential_evolution step 101: f(x)= 96.60583390279078
differential_evolution step 102: f(x)= 96.60583390279078
differential_evolution step 103: f(x)= 95.39977007158231
differential_evolution step 104: f(x)= 95.39977007158231
differential_evolution step 105: f(x)= 95.39977007158231
differential_evolution step 106: f(x)= 95.39977007158231
differential_evolution step 107: f(x)= 95.22167037041854
differential_evolution step 108: f(x)= 95.22167037041854
differential_evolution step 109: f(x)= 95.22167037041854
differential_evolution step 110: f(x)= 92.40175556138144
differential_evolution step 111: f(x)= 92.40175556138144
differential_evolution step 112: f(x)= 92.40175556138144
differential_evolution step 113: f(x)= 78.91811686843866
differential_evolution step 114: f(x)= 78.91811686843866
differential_evolution step 115: f(x)= 78.91811686843866
differential_evolution step 116: f(x)= 78.91811686843866
differential_evolution step 117: f(x)= 78.91811686843866
differential_evolution step 118: f(x)= 78.91811686843866
differential_evolution step 119: f(x)= 77.97706873088907
differential_evolution step 120: f(x)= 76.7709559110571
differential_evolution step 121: f(x)= 76.7709559110571
differential_evolution step 122: f(x)= 76.7709559110571
differential_evolution step 123: f(x)= 76.7709559110571
differential_evolution step 124: f(x)= 76.7709559110571
differential_evolution step 125: f(x)= 76.7709559110571
differential_evolution step 126: f(x)= 76.7709559110571
differential_evolution step 127: f(x)= 76.7709559110571
differential_evolution step 128: f(x)= 76.7709559110571
differential_evolution step 129: f(x)= 76.7709559110571
differential_evolution step 130: f(x)= 76.7709559110571
differential_evolution step 131: f(x)= 76.7709559110571
differential_evolution step 132: f(x)= 76.7709559110571
differential_evolution step 133: f(x)= 76.7709559110571
differential_evolution step 134: f(x)= 76.7709559110571
differential_evolution step 135: f(x)= 76.58504436584339
differential_evolution step 136: f(x)= 76.58504436584339
differential_evolution step 137: f(x)= 76.58504436584339
differential_evolution step 138: f(x)= 76.58504436584339
differential_evolution step 139: f(x)= 76.58504436584339
differential_evolution step 140: f(x)= 76.58504436584339
differential_evolution step 141: f(x)= 76.58504436584339
differential_evolution step 142: f(x)= 76.58504436584339
differential_evolution step 143: f(x)= 76.517106479092
differential_evolution step 144: f(x)= 76.517106479092
differential_evolution step 145: f(x)= 76.517106479092
differential_evolution step 146: f(x)= 76.517106479092
differential_evolution step 147: f(x)= 75.84094509786654
differential_evolution step 148: f(x)= 75.84094509786654
differential_evolution step 149: f(x)= 75.6235115215566
differential_evolution step 150: f(x)= 75.6235115215566
differential_evolution step 151: f(x)= 75.6235115215566
differential_evolution step 152: f(x)= 75.6235115215566
differential_evolution step 153: f(x)= 75.6235115215566
differential_evolution step 154: f(x)= 75.6235115215566
differential_evolution step 155: f(x)= 75.6235115215566
differential_evolution step 156: f(x)= 75.6235115215566
differential_evolution step 157: f(x)= 75.6235115215566
differential_evolution step 158: f(x)= 75.6235115215566
differential_evolution step 159: f(x)= 75.6235115215566
differential_evolution step 160: f(x)= 75.6235115215566
differential_evolution step 161: f(x)= 75.6235115215566
differential_evolution step 162: f(x)= 75.52245016248574
differential_evolution step 163: f(x)= 75.52245016248574
differential_evolution step 164: f(x)= 75.52245016248574
differential_evolution step 165: f(x)= 75.52245016248574
differential_evolution step 166: f(x)= 75.52245016248574
differential_evolution step 167: f(x)= 75.52245016248574
differential_evolution step 168: f(x)= 75.52245016248574
differential_evolution step 169: f(x)= 75.52245016248574
differential_evolution step 170: f(x)= 75.52245016248574
differential_evolution step 171: f(x)= 75.52245016248574
differential_evolution step 172: f(x)= 75.52245016248574
differential_evolution step 173: f(x)= 75.52245016248574
differential_evolution step 174: f(x)= 75.52245016248574
differential_evolution step 175: f(x)= 75.52245016248574
differential_evolution step 176: f(x)= 75.52245016248574
differential_evolution step 177: f(x)= 75.52245016248574
differential_evolution step 178: f(x)= 75.52245016248574
differential_evolution step 179: f(x)= 75.48847267663146
differential_evolution step 180: f(x)= 75.48847267663146
differential_evolution step 181: f(x)= 75.48847267663146
differential_evolution step 182: f(x)= 75.48847267663146
differential_evolution step 183: f(x)= 75.48847267663146
differential_evolution step 184: f(x)= 75.48847267663146
differential_evolution step 185: f(x)= 75.48847267663146
differential_evolution step 186: f(x)= 75.48847267663146
differential_evolution step 187: f(x)= 75.48847267663146
differential_evolution step 188: f(x)= 75.48847267663146
differential_evolution step 189: f(x)= 75.48847267663146
differential_evolution step 190: f(x)= 75.48847267663146
differential_evolution step 191: f(x)= 75.48847267663146
differential_evolution step 192: f(x)= 75.48847267663146
differential_evolution step 193: f(x)= 75.48847267663146
differential_evolution step 194: f(x)= 75.48847267663146
differential_evolution step 195: f(x)= 75.48847267663146
differential_evolution step 196: f(x)= 75.48847267663146
differential_evolution step 197: f(x)= 75.48847267663146
differential_evolution step 198: f(x)= 75.48847267663146
differential_evolution step 199: f(x)= 75.48847267663146
differential_evolution step 200: f(x)= 75.48847267663146
Cluster 0 DE best chi^2: 75.488 with params {'x_src': np.float64(73.26307893202893), 'y_src': np.float64(78.45454457664421), 'z_s': np.float64(4.49822791872662)}
--- Running DE for Cluster 1 ---
[DE] Process Pool with 16 procs (init=latinhypercube, popsize=50)
differential_evolution step 1: f(x)= 3000.0
differential_evolution step 2: f(x)= 3000.0
differential_evolution step 3: f(x)= 3000.0
differential_evolution step 4: f(x)= 3000.0
differential_evolution step 5: f(x)= 3000.0
differential_evolution step 6: f(x)= 3000.0
differential_evolution step 7: f(x)= 3000.0
differential_evolution step 8: f(x)= 3000.0
differential_evolution step 9: f(x)= 3000.0
differential_evolution step 10: f(x)= 3000.0
differential_evolution step 11: f(x)= 3000.0
differential_evolution step 12: f(x)= 3000.0
differential_evolution step 13: f(x)= 3000.0
differential_evolution step 14: f(x)= 3000.0
differential_evolution step 15: f(x)= 3000.0
differential_evolution step 16: f(x)= 3000.0
differential_evolution step 17: f(x)= 3000.0
differential_evolution step 18: f(x)= 3000.0
differential_evolution step 19: f(x)= 3000.0
differential_evolution step 20: f(x)= 3000.0
differential_evolution step 21: f(x)= 3000.0
differential_evolution step 22: f(x)= 3000.0
differential_evolution step 23: f(x)= 3000.0
differential_evolution step 24: f(x)= 3000.0
differential_evolution step 25: f(x)= 3000.0
differential_evolution step 26: f(x)= 3000.0
differential_evolution step 27: f(x)= 3000.0
differential_evolution step 28: f(x)= 3000.0
differential_evolution step 29: f(x)= 3000.0
differential_evolution step 30: f(x)= 3000.0
differential_evolution step 31: f(x)= 3000.0
differential_evolution step 32: f(x)= 3000.0
differential_evolution step 33: f(x)= 3000.0
differential_evolution step 34: f(x)= 3000.0
differential_evolution step 35: f(x)= 3000.0
differential_evolution step 36: f(x)= 3000.0
differential_evolution step 37: f(x)= 3000.0
differential_evolution step 38: f(x)= 3000.0
differential_evolution step 39: f(x)= 3000.0
differential_evolution step 40: f(x)= 3000.0
differential_evolution step 41: f(x)= 3000.0
differential_evolution step 42: f(x)= 3000.0
differential_evolution step 43: f(x)= 3000.0
Cluster 1 DE best chi^2: 3000.000 with params {'x_src': np.float64(205.56613683321942), 'y_src': np.float64(191.18372501636506), 'z_s': np.float64(2.4934809243635603)}
--- Running DE for Cluster 2 ---
[DE] Process Pool with 16 procs (init=latinhypercube, popsize=50)
differential_evolution step 1: f(x)= 532.9539078253405
differential_evolution step 2: f(x)= 532.9539078253405
differential_evolution step 3: f(x)= 115.9348755457514
differential_evolution step 4: f(x)= 115.9348755457514
differential_evolution step 5: f(x)= 115.9348755457514
differential_evolution step 6: f(x)= 115.9348755457514
differential_evolution step 7: f(x)= 115.9348755457514
differential_evolution step 8: f(x)= 115.9348755457514
differential_evolution step 9: f(x)= 115.9348755457514
differential_evolution step 10: f(x)= 115.9348755457514
differential_evolution step 11: f(x)= 115.9348755457514
differential_evolution step 12: f(x)= 115.9348755457514
differential_evolution step 13: f(x)= 115.9348755457514
differential_evolution step 14: f(x)= 115.9348755457514
differential_evolution step 15: f(x)= 115.9348755457514
differential_evolution step 16: f(x)= 115.9348755457514
differential_evolution step 17: f(x)= 115.9348755457514
differential_evolution step 18: f(x)= 26.449079773048734
differential_evolution step 19: f(x)= 26.449079773048734
differential_evolution step 20: f(x)= 26.449079773048734
differential_evolution step 21: f(x)= 26.449079773048734
differential_evolution step 22: f(x)= 26.449079773048734
differential_evolution step 23: f(x)= 2.5370151007729875
differential_evolution step 24: f(x)= 2.5370151007729875
differential_evolution step 25: f(x)= 2.5370151007729875
differential_evolution step 26: f(x)= 2.5370151007729875
differential_evolution step 27: f(x)= 2.5370151007729875
differential_evolution step 28: f(x)= 2.5370151007729875
differential_evolution step 29: f(x)= 2.5370151007729875
differential_evolution step 30: f(x)= 2.5370151007729875
differential_evolution step 31: f(x)= 2.5370151007729875
differential_evolution step 32: f(x)= 2.5370151007729875
differential_evolution step 33: f(x)= 2.5370151007729875
differential_evolution step 34: f(x)= 2.5370151007729875
differential_evolution step 35: f(x)= 2.5370151007729875
differential_evolution step 36: f(x)= 2.5370151007729875
differential_evolution step 37: f(x)= 2.5370151007729875
differential_evolution step 38: f(x)= 2.5370151007729875
differential_evolution step 39: f(x)= 2.5370151007729875
differential_evolution step 40: f(x)= 2.5370151007729875
differential_evolution step 41: f(x)= 2.5370151007729875
differential_evolution step 42: f(x)= 2.5370151007729875
differential_evolution step 43: f(x)= 2.5370151007729875
differential_evolution step 44: f(x)= 2.5370151007729875
differential_evolution step 45: f(x)= 2.5370151007729875
differential_evolution step 46: f(x)= 2.5370151007729875
differential_evolution step 47: f(x)= 2.5370151007729875
differential_evolution step 48: f(x)= 2.5370151007729875
differential_evolution step 49: f(x)= 2.5370151007729875
differential_evolution step 50: f(x)= 2.5370151007729875
differential_evolution step 51: f(x)= 2.5370151007729875
differential_evolution step 52: f(x)= 2.5370151007729875
differential_evolution step 53: f(x)= 2.5370151007729875
differential_evolution step 54: f(x)= 2.5370151007729875
differential_evolution step 55: f(x)= 2.5370151007729875
differential_evolution step 56: f(x)= 2.5370151007729875
differential_evolution step 57: f(x)= 2.5370151007729875
differential_evolution step 58: f(x)= 2.5370151007729875
differential_evolution step 59: f(x)= 2.5370151007729875
differential_evolution step 60: f(x)= 2.5370151007729875
differential_evolution step 61: f(x)= 2.5370151007729875
differential_evolution step 62: f(x)= 2.5370151007729875
differential_evolution step 63: f(x)= 2.5370151007729875
differential_evolution step 64: f(x)= 2.5370151007729875
differential_evolution step 65: f(x)= 2.5370151007729875
differential_evolution step 66: f(x)= 2.5370151007729875
differential_evolution step 67: f(x)= 2.5370151007729875
differential_evolution step 68: f(x)= 2.5370151007729875
differential_evolution step 69: f(x)= 2.5370151007729875
differential_evolution step 70: f(x)= 2.5370151007729875
differential_evolution step 71: f(x)= 2.5370151007729875
differential_evolution step 72: f(x)= 2.5370151007729875
differential_evolution step 73: f(x)= 2.5370151007729875
differential_evolution step 74: f(x)= 2.5370151007729875
differential_evolution step 75: f(x)= 2.5370151007729875
differential_evolution step 76: f(x)= 2.5370151007729875
differential_evolution step 77: f(x)= 2.5370151007729875
differential_evolution step 78: f(x)= 2.5370151007729875
differential_evolution step 79: f(x)= 2.5370151007729875
differential_evolution step 80: f(x)= 2.5370151007729875
differential_evolution step 81: f(x)= 2.5370151007729875
differential_evolution step 82: f(x)= 2.5370151007729875
differential_evolution step 83: f(x)= 2.5370151007729875
differential_evolution step 84: f(x)= 1.520294109849543
differential_evolution step 85: f(x)= 1.520294109849543
differential_evolution step 86: f(x)= 1.520294109849543
differential_evolution step 87: f(x)= 1.520294109849543
differential_evolution step 88: f(x)= 1.520294109849543
differential_evolution step 89: f(x)= 1.520294109849543
differential_evolution step 90: f(x)= 1.520294109849543
differential_evolution step 91: f(x)= 1.520294109849543
differential_evolution step 92: f(x)= 1.520294109849543
differential_evolution step 93: f(x)= 1.520294109849543
differential_evolution step 94: f(x)= 1.520294109849543
differential_evolution step 95: f(x)= 1.520294109849543
differential_evolution step 96: f(x)= 1.520294109849543
differential_evolution step 97: f(x)= 1.520294109849543
differential_evolution step 98: f(x)= 1.520294109849543
differential_evolution step 99: f(x)= 1.520294109849543
differential_evolution step 100: f(x)= 1.520294109849543
differential_evolution step 101: f(x)= 1.520294109849543
differential_evolution step 102: f(x)= 1.520294109849543
differential_evolution step 103: f(x)= 1.520294109849543
differential_evolution step 104: f(x)= 1.520294109849543
differential_evolution step 105: f(x)= 1.520294109849543
differential_evolution step 106: f(x)= 1.520294109849543
differential_evolution step 107: f(x)= 1.520294109849543
differential_evolution step 108: f(x)= 1.520294109849543
differential_evolution step 109: f(x)= 1.520294109849543
differential_evolution step 110: f(x)= 0.9153051003796377
differential_evolution step 111: f(x)= 0.9153051003796377
differential_evolution step 112: f(x)= 0.38861530098890495
differential_evolution step 113: f(x)= 0.019582218468742
Cluster 2 DE best chi^2: 0.020 with params {'x_src': np.float64(99.80206495265155), 'y_src': np.float64(104.74615495343274), 'z_s': np.float64(3.1930946735288654)}
--- Running DE for Cluster 3 ---
[DE] Process Pool with 16 procs (init=latinhypercube, popsize=50)
differential_evolution step 1: f(x)= 4242.640687119286
differential_evolution step 2: f(x)= 4242.640687119286
differential_evolution step 3: f(x)= 4242.640687119286
differential_evolution step 4: f(x)= 3696.5703938667
differential_evolution step 5: f(x)= 3000.0
differential_evolution step 6: f(x)= 3000.0
differential_evolution step 7: f(x)= 3000.0
differential_evolution step 8: f(x)= 3000.0
differential_evolution step 9: f(x)= 3000.0
differential_evolution step 10: f(x)= 3000.0
differential_evolution step 11: f(x)= 3000.0
differential_evolution step 12: f(x)= 3000.0
differential_evolution step 13: f(x)= 3000.0
differential_evolution step 14: f(x)= 3000.0
differential_evolution step 15: f(x)= 3000.0
differential_evolution step 16: f(x)= 3000.0
differential_evolution step 17: f(x)= 3000.0
differential_evolution step 18: f(x)= 3000.0
differential_evolution step 19: f(x)= 3000.0
differential_evolution step 20: f(x)= 3000.0
differential_evolution step 21: f(x)= 3000.0
differential_evolution step 22: f(x)= 3000.0
differential_evolution step 23: f(x)= 3000.0
differential_evolution step 24: f(x)= 3000.0
differential_evolution step 25: f(x)= 3000.0
differential_evolution step 26: f(x)= 3000.0
differential_evolution step 27: f(x)= 3000.0
differential_evolution step 28: f(x)= 3000.0
differential_evolution step 29: f(x)= 3000.0
differential_evolution step 30: f(x)= 3000.0
differential_evolution step 31: f(x)= 3000.0
differential_evolution step 32: f(x)= 3000.0
differential_evolution step 33: f(x)= 3000.0
differential_evolution step 34: f(x)= 3000.0
differential_evolution step 35: f(x)= 3000.0
differential_evolution step 36: f(x)= 3000.0
differential_evolution step 37: f(x)= 3000.0
differential_evolution step 38: f(x)= 3000.0
differential_evolution step 39: f(x)= 3000.0
differential_evolution step 40: f(x)= 3000.0
differential_evolution step 41: f(x)= 3000.0
differential_evolution step 42: f(x)= 3000.0
differential_evolution step 43: f(x)= 3000.0
differential_evolution step 44: f(x)= 3000.0
differential_evolution step 45: f(x)= 3000.0
differential_evolution step 46: f(x)= 3000.0
differential_evolution step 47: f(x)= 2644.104929326531
differential_evolution step 48: f(x)= 2644.104929326531
differential_evolution step 49: f(x)= 2644.104929326531
differential_evolution step 50: f(x)= 2644.104929326531
differential_evolution step 51: f(x)= 2644.104929326531
differential_evolution step 52: f(x)= 2644.104929326531
differential_evolution step 53: f(x)= 2644.104929326531
differential_evolution step 54: f(x)= 2644.104929326531
differential_evolution step 55: f(x)= 2644.104929326531
differential_evolution step 56: f(x)= 2644.104929326531
differential_evolution step 57: f(x)= 2644.104929326531
differential_evolution step 58: f(x)= 2644.104929326531
differential_evolution step 59: f(x)= 2644.104929326531
differential_evolution step 60: f(x)= 2644.104929326531
differential_evolution step 61: f(x)= 2644.104929326531
differential_evolution step 62: f(x)= 2644.104929326531
differential_evolution step 63: f(x)= 2644.104929326531
differential_evolution step 64: f(x)= 2644.104929326531
differential_evolution step 65: f(x)= 2644.104929326531
differential_evolution step 66: f(x)= 2644.104929326531
differential_evolution step 67: f(x)= 2644.104929326531
differential_evolution step 68: f(x)= 2644.104929326531
differential_evolution step 69: f(x)= 2644.104929326531
differential_evolution step 70: f(x)= 2415.258924431999
differential_evolution step 71: f(x)= 2415.258924431999
differential_evolution step 72: f(x)= 2415.258924431999
differential_evolution step 73: f(x)= 2415.258924431999
differential_evolution step 74: f(x)= 2415.258924431999
differential_evolution step 75: f(x)= 2415.258924431999
differential_evolution step 76: f(x)= 2415.258924431999
differential_evolution step 77: f(x)= 2415.258924431999
differential_evolution step 78: f(x)= 2415.258924431999
differential_evolution step 79: f(x)= 2415.258924431999
differential_evolution step 80: f(x)= 2415.258924431999
differential_evolution step 81: f(x)= 2415.258924431999
differential_evolution step 82: f(x)= 2415.258924431999
differential_evolution step 83: f(x)= 2415.258924431999
differential_evolution step 84: f(x)= 2415.258924431999
differential_evolution step 85: f(x)= 2415.258924431999
differential_evolution step 86: f(x)= 2415.258924431999
differential_evolution step 87: f(x)= 2415.258924431999
differential_evolution step 88: f(x)= 2415.258924431999
differential_evolution step 89: f(x)= 2415.258924431999
differential_evolution step 90: f(x)= 2415.258924431999
differential_evolution step 91: f(x)= 2415.258924431999
differential_evolution step 92: f(x)= 2415.258924431999
differential_evolution step 93: f(x)= 2415.258924431999
differential_evolution step 94: f(x)= 2415.258924431999
differential_evolution step 95: f(x)= 2415.258924431999
differential_evolution step 96: f(x)= 2154.034301826858
differential_evolution step 97: f(x)= 2154.034301826858
differential_evolution step 98: f(x)= 2154.034301826858
differential_evolution step 99: f(x)= 2083.0472987746375
differential_evolution step 100: f(x)= 2083.0472987746375
differential_evolution step 101: f(x)= 2083.0472987746375
differential_evolution step 102: f(x)= 2083.0472987746375
differential_evolution step 103: f(x)= 2083.0472987746375
differential_evolution step 104: f(x)= 2083.0472987746375
differential_evolution step 105: f(x)= 2083.0472987746375
differential_evolution step 106: f(x)= 2083.0472987746375
differential_evolution step 107: f(x)= 2083.0472987746375
differential_evolution step 108: f(x)= 2083.0472987746375
differential_evolution step 109: f(x)= 1949.3366252213875
differential_evolution step 110: f(x)= 1949.3366252213875
differential_evolution step 111: f(x)= 1949.3366252213875
differential_evolution step 112: f(x)= 1949.3366252213875
differential_evolution step 113: f(x)= 1949.3366252213875
differential_evolution step 114: f(x)= 1949.3366252213875
differential_evolution step 115: f(x)= 1949.3366252213875
differential_evolution step 116: f(x)= 1949.3366252213875
differential_evolution step 117: f(x)= 1949.3366252213875
differential_evolution step 118: f(x)= 1949.3366252213875
differential_evolution step 119: f(x)= 1949.3366252213875
differential_evolution step 120: f(x)= 1949.3366252213875
differential_evolution step 121: f(x)= 1949.3366252213875
differential_evolution step 122: f(x)= 1949.3366252213875
differential_evolution step 123: f(x)= 1949.3366252213875
differential_evolution step 124: f(x)= 1949.3366252213875
differential_evolution step 125: f(x)= 1949.3366252213875
differential_evolution step 126: f(x)= 1949.3366252213875
differential_evolution step 127: f(x)= 1949.3366252213875
differential_evolution step 128: f(x)= 1949.3366252213875
differential_evolution step 129: f(x)= 1949.3366252213875
differential_evolution step 130: f(x)= 1949.3366252213875
differential_evolution step 131: f(x)= 1949.3366252213875
differential_evolution step 132: f(x)= 1949.3366252213875
differential_evolution step 133: f(x)= 1949.3366252213875
differential_evolution step 134: f(x)= 1949.3366252213875
differential_evolution step 135: f(x)= 1949.3366252213875
differential_evolution step 136: f(x)= 1949.3366252213875
differential_evolution step 137: f(x)= 1949.3366252213875
differential_evolution step 138: f(x)= 1949.3366252213875
differential_evolution step 139: f(x)= 1949.3366252213875
differential_evolution step 140: f(x)= 1949.3366252213875
differential_evolution step 141: f(x)= 1949.3366252213875
differential_evolution step 142: f(x)= 1949.3366252213875
differential_evolution step 143: f(x)= 1949.3366252213875
differential_evolution step 144: f(x)= 1949.3366252213875
differential_evolution step 145: f(x)= 1949.3366252213875
differential_evolution step 146: f(x)= 1949.3366252213875
differential_evolution step 147: f(x)= 1949.3366252213875
differential_evolution step 148: f(x)= 1949.3366252213875
differential_evolution step 149: f(x)= 1949.3366252213875
differential_evolution step 150: f(x)= 1949.3366252213875
differential_evolution step 151: f(x)= 1949.3366252213875
differential_evolution step 152: f(x)= 1949.3366252213875
differential_evolution step 153: f(x)= 1949.3366252213875
differential_evolution step 154: f(x)= 1949.3366252213875
differential_evolution step 155: f(x)= 1949.3366252213875
differential_evolution step 156: f(x)= 1949.3366252213875
differential_evolution step 157: f(x)= 1949.3366252213875
differential_evolution step 158: f(x)= 1949.3366252213875
differential_evolution step 159: f(x)= 1949.3366252213875
differential_evolution step 160: f(x)= 1949.3366252213875
differential_evolution step 161: f(x)= 1949.3366252213875
differential_evolution step 162: f(x)= 1949.3366252213875
differential_evolution step 163: f(x)= 1949.3366252213875
differential_evolution step 164: f(x)= 1949.3366252213875
differential_evolution step 165: f(x)= 1949.3366252213875
differential_evolution step 166: f(x)= 1949.3366252213875
differential_evolution step 167: f(x)= 1949.3366252213875
differential_evolution step 168: f(x)= 1949.3366252213875
differential_evolution step 169: f(x)= 1949.3366252213875
differential_evolution step 170: f(x)= 1949.3366252213875
differential_evolution step 171: f(x)= 1949.3366252213875
differential_evolution step 172: f(x)= 1949.3366252213875
differential_evolution step 173: f(x)= 1949.3366252213875
differential_evolution step 174: f(x)= 1949.3366252213875
differential_evolution step 175: f(x)= 1949.3366252213875
differential_evolution step 176: f(x)= 1949.3366252213875
differential_evolution step 177: f(x)= 1949.3366252213875
differential_evolution step 178: f(x)= 1949.3366252213875
differential_evolution step 179: f(x)= 1949.3366252213875
differential_evolution step 180: f(x)= 1949.3366252213875
differential_evolution step 181: f(x)= 1949.3366252213875
differential_evolution step 182: f(x)= 1949.3366252213875
differential_evolution step 183: f(x)= 1949.3366252213875
differential_evolution step 184: f(x)= 1949.3366252213875
differential_evolution step 185: f(x)= 1949.3366252213875
differential_evolution step 186: f(x)= 1949.3366252213875
differential_evolution step 187: f(x)= 1949.3366252213875
differential_evolution step 188: f(x)= 1949.3366252213875
differential_evolution step 189: f(x)= 1949.3366252213875
differential_evolution step 190: f(x)= 1949.3366252213875
differential_evolution step 191: f(x)= 1949.3366252213875
differential_evolution step 192: f(x)= 1949.3366252213875
differential_evolution step 193: f(x)= 1949.3366252213875
differential_evolution step 194: f(x)= 1949.3366252213875
differential_evolution step 195: f(x)= 1949.3366252213875
differential_evolution step 196: f(x)= 1949.3366252213875
differential_evolution step 197: f(x)= 1949.3366252213875
differential_evolution step 198: f(x)= 1949.3366252213875
differential_evolution step 199: f(x)= 1949.3366252213875
differential_evolution step 200: f(x)= 1949.3366252213875
Cluster 3 DE best chi^2: 1949.337 with params {'x_src': np.float64(110.77778633834251), 'y_src': np.float64(122.47284763576388), 'z_s': np.float64(4.449642604567958)}
--- Running DE for Cluster 4 ---
[DE] Process Pool with 16 procs (init=latinhypercube, popsize=50)
differential_evolution step 1: f(x)= 1406.9094366682434
differential_evolution step 2: f(x)= 1406.9094366682434
differential_evolution step 3: f(x)= 1406.9094366682434
differential_evolution step 4: f(x)= 1406.9094366682434
differential_evolution step 5: f(x)= 1406.9094366682434
differential_evolution step 6: f(x)= 1406.9094366682434
differential_evolution step 7: f(x)= 1406.9094366682434
differential_evolution step 8: f(x)= 122.53277110903734
differential_evolution step 9: f(x)= 122.53277110903734
differential_evolution step 10: f(x)= 122.53277110903734
differential_evolution step 11: f(x)= 122.53277110903734
differential_evolution step 12: f(x)= 122.53277110903734
differential_evolution step 13: f(x)= 122.53277110903734
differential_evolution step 14: f(x)= 122.53277110903734
differential_evolution step 15: f(x)= 122.53277110903734
differential_evolution step 16: f(x)= 122.53277110903734
differential_evolution step 17: f(x)= 122.53277110903734
differential_evolution step 18: f(x)= 122.53277110903734
differential_evolution step 19: f(x)= 122.53277110903734
differential_evolution step 20: f(x)= 122.53277110903734
differential_evolution step 21: f(x)= 122.53277110903734
differential_evolution step 22: f(x)= 122.53277110903734
differential_evolution step 23: f(x)= 122.53277110903734
differential_evolution step 24: f(x)= 122.53277110903734
differential_evolution step 25: f(x)= 122.53277110903734
differential_evolution step 26: f(x)= 122.53277110903734
differential_evolution step 27: f(x)= 122.53277110903734
differential_evolution step 28: f(x)= 122.53277110903734
differential_evolution step 29: f(x)= 122.53277110903734
differential_evolution step 30: f(x)= 122.53277110903734
differential_evolution step 31: f(x)= 122.53277110903734
differential_evolution step 32: f(x)= 122.53277110903734
differential_evolution step 33: f(x)= 122.53277110903734
differential_evolution step 34: f(x)= 122.53277110903734
differential_evolution step 35: f(x)= 122.53277110903734
differential_evolution step 36: f(x)= 122.53277110903734
differential_evolution step 37: f(x)= 122.53277110903734
differential_evolution step 38: f(x)= 122.53277110903734
differential_evolution step 39: f(x)= 122.53277110903734
differential_evolution step 40: f(x)= 122.53277110903734
differential_evolution step 41: f(x)= 122.53277110903734
differential_evolution step 42: f(x)= 122.53277110903734
differential_evolution step 43: f(x)= 122.53277110903734
differential_evolution step 44: f(x)= 122.53277110903734
differential_evolution step 45: f(x)= 122.53277110903734
differential_evolution step 46: f(x)= 122.53277110903734
differential_evolution step 47: f(x)= 122.53277110903734
differential_evolution step 48: f(x)= 122.53277110903734
differential_evolution step 49: f(x)= 122.53277110903734
differential_evolution step 50: f(x)= 122.53277110903734
differential_evolution step 51: f(x)= 122.53277110903734
differential_evolution step 52: f(x)= 122.53277110903734
differential_evolution step 53: f(x)= 122.53277110903734
differential_evolution step 54: f(x)= 111.13998265812002
differential_evolution step 55: f(x)= 111.13998265812002
differential_evolution step 56: f(x)= 111.13998265812002
differential_evolution step 57: f(x)= 111.13998265812002
differential_evolution step 58: f(x)= 111.13998265812002
differential_evolution step 59: f(x)= 111.13998265812002
differential_evolution step 60: f(x)= 111.13998265812002
differential_evolution step 61: f(x)= 111.13998265812002
differential_evolution step 62: f(x)= 111.13998265812002
differential_evolution step 63: f(x)= 111.13998265812002
differential_evolution step 64: f(x)= 111.13998265812002
differential_evolution step 65: f(x)= 111.13998265812002
differential_evolution step 66: f(x)= 111.13998265812002
differential_evolution step 67: f(x)= 111.13998265812002
differential_evolution step 68: f(x)= 111.13998265812002
differential_evolution step 69: f(x)= 111.13998265812002
differential_evolution step 70: f(x)= 111.13998265812002
differential_evolution step 71: f(x)= 111.13998265812002
differential_evolution step 72: f(x)= 111.13998265812002
differential_evolution step 73: f(x)= 111.13998265812002
differential_evolution step 74: f(x)= 111.13998265812002
differential_evolution step 75: f(x)= 111.13998265812002
differential_evolution step 76: f(x)= 111.13998265812002
differential_evolution step 77: f(x)= 111.13998265812002
differential_evolution step 78: f(x)= 111.13998265812002
differential_evolution step 79: f(x)= 111.13998265812002
differential_evolution step 80: f(x)= 111.13998265812002
differential_evolution step 81: f(x)= 111.13998265812002
differential_evolution step 82: f(x)= 111.13998265812002
differential_evolution step 83: f(x)= 111.13998265812002
differential_evolution step 84: f(x)= 111.13998265812002
differential_evolution step 85: f(x)= 111.13998265812002
differential_evolution step 86: f(x)= 111.13998265812002
differential_evolution step 87: f(x)= 111.13998265812002
differential_evolution step 88: f(x)= 88.6714490765313
differential_evolution step 89: f(x)= 88.6714490765313
differential_evolution step 90: f(x)= 88.6714490765313
differential_evolution step 91: f(x)= 88.6714490765313
differential_evolution step 92: f(x)= 88.6714490765313
differential_evolution step 93: f(x)= 86.97137470774356
differential_evolution step 94: f(x)= 86.97137470774356
differential_evolution step 95: f(x)= 86.97137470774356
differential_evolution step 96: f(x)= 86.97137470774356
differential_evolution step 97: f(x)= 86.97137470774356
differential_evolution step 98: f(x)= 86.97137470774356
differential_evolution step 99: f(x)= 86.97137470774356
differential_evolution step 100: f(x)= 86.97137470774356
differential_evolution step 101: f(x)= 86.97137470774356
differential_evolution step 102: f(x)= 86.97137470774356
differential_evolution step 103: f(x)= 86.97137470774356
differential_evolution step 104: f(x)= 86.97137470774356
differential_evolution step 105: f(x)= 86.97137470774356
differential_evolution step 106: f(x)= 86.97137470774356
differential_evolution step 107: f(x)= 86.97137470774356
differential_evolution step 108: f(x)= 86.97137470774356
differential_evolution step 109: f(x)= 86.97137470774356
differential_evolution step 110: f(x)= 86.97137470774356
differential_evolution step 111: f(x)= 86.97137470774356
differential_evolution step 112: f(x)= 85.67952215221322
differential_evolution step 113: f(x)= 85.67952215221322
differential_evolution step 114: f(x)= 85.67952215221322
differential_evolution step 115: f(x)= 85.67952215221322
differential_evolution step 116: f(x)= 85.67952215221322
differential_evolution step 117: f(x)= 85.67952215221322
differential_evolution step 118: f(x)= 85.67952215221322
differential_evolution step 119: f(x)= 85.67952215221322
differential_evolution step 120: f(x)= 85.67952215221322
differential_evolution step 121: f(x)= 85.67952215221322
differential_evolution step 122: f(x)= 85.67952215221322
differential_evolution step 123: f(x)= 85.67952215221322
differential_evolution step 124: f(x)= 85.67952215221322
differential_evolution step 125: f(x)= 84.46990333443067
differential_evolution step 126: f(x)= 84.46990333443067
differential_evolution step 127: f(x)= 84.46990333443067
differential_evolution step 128: f(x)= 84.46990333443067
differential_evolution step 129: f(x)= 84.46990333443067
differential_evolution step 130: f(x)= 84.46990333443067
differential_evolution step 131: f(x)= 84.46990333443067
differential_evolution step 132: f(x)= 84.46990333443067
differential_evolution step 133: f(x)= 84.46990333443067
differential_evolution step 134: f(x)= 84.46990333443067
differential_evolution step 135: f(x)= 84.46990333443067
differential_evolution step 136: f(x)= 84.46990333443067
differential_evolution step 137: f(x)= 84.46990333443067
differential_evolution step 138: f(x)= 84.46990333443067
differential_evolution step 139: f(x)= 78.6702170135207
differential_evolution step 140: f(x)= 78.6702170135207
differential_evolution step 141: f(x)= 78.6702170135207
differential_evolution step 142: f(x)= 75.75518345269043
differential_evolution step 143: f(x)= 75.75518345269043
differential_evolution step 144: f(x)= 75.75518345269043
differential_evolution step 145: f(x)= 75.75518345269043
differential_evolution step 146: f(x)= 75.75518345269043
differential_evolution step 147: f(x)= 74.4310867692001
differential_evolution step 148: f(x)= 74.4310867692001
differential_evolution step 149: f(x)= 73.52978955294408
differential_evolution step 150: f(x)= 73.52978955294408
differential_evolution step 151: f(x)= 73.52978955294408
differential_evolution step 152: f(x)= 69.67455939876778
differential_evolution step 153: f(x)= 69.67455939876778
differential_evolution step 154: f(x)= 69.67455939876778
differential_evolution step 155: f(x)= 69.67455939876778
differential_evolution step 156: f(x)= 68.76923685317774
differential_evolution step 157: f(x)= 68.76923685317774
differential_evolution step 158: f(x)= 68.76923685317774
differential_evolution step 159: f(x)= 68.76923685317774
differential_evolution step 160: f(x)= 68.76923685317774
differential_evolution step 161: f(x)= 68.76923685317774
differential_evolution step 162: f(x)= 68.76923685317774
differential_evolution step 163: f(x)= 68.76923685317774
differential_evolution step 164: f(x)= 68.76923685317774
differential_evolution step 165: f(x)= 68.30769818078855
differential_evolution step 166: f(x)= 68.30769818078855
differential_evolution step 167: f(x)= 68.30769818078855
differential_evolution step 168: f(x)= 68.30769818078855
differential_evolution step 169: f(x)= 68.30769818078855
differential_evolution step 170: f(x)= 68.30769818078855
differential_evolution step 171: f(x)= 68.30769818078855
differential_evolution step 172: f(x)= 68.30769818078855
differential_evolution step 173: f(x)= 67.91179627286829
differential_evolution step 174: f(x)= 67.82103544442442
differential_evolution step 175: f(x)= 67.25325499809887
differential_evolution step 176: f(x)= 67.25325499809887
differential_evolution step 177: f(x)= 67.25325499809887
differential_evolution step 178: f(x)= 67.25325499809887
differential_evolution step 179: f(x)= 67.25325499809887
differential_evolution step 180: f(x)= 67.25325499809887
differential_evolution step 181: f(x)= 67.25325499809887
differential_evolution step 182: f(x)= 67.25325499809887
differential_evolution step 183: f(x)= 67.25325499809887
differential_evolution step 184: f(x)= 67.25325499809887
differential_evolution step 185: f(x)= 67.25325499809887
differential_evolution step 186: f(x)= 67.25325499809887
differential_evolution step 187: f(x)= 67.25325499809887
differential_evolution step 188: f(x)= 67.25325499809887
differential_evolution step 189: f(x)= 67.25325499809887
differential_evolution step 190: f(x)= 67.25325499809887
differential_evolution step 191: f(x)= 67.25325499809887
differential_evolution step 192: f(x)= 67.25325499809887
differential_evolution step 193: f(x)= 67.25325499809887
differential_evolution step 194: f(x)= 67.20580482158537
differential_evolution step 195: f(x)= 67.1699280641758
differential_evolution step 196: f(x)= 67.1699280641758
differential_evolution step 197: f(x)= 67.1699280641758
differential_evolution step 198: f(x)= 67.15974992775921
differential_evolution step 199: f(x)= 67.15974992775921
differential_evolution step 200: f(x)= 67.15974992775921
Cluster 4 DE best chi^2: 67.160 with params {'x_src': np.float64(239.50505566698263), 'y_src': np.float64(240.01260491636944), 'z_s': np.float64(1.9452334980491846)}
--- Running DE for Cluster 5 ---
[DE] Process Pool with 16 procs (init=latinhypercube, popsize=50)
differential_evolution step 1: f(x)= 4242.640687119286
differential_evolution step 2: f(x)= 1995.7038929876003
differential_evolution step 3: f(x)= 1995.7038929876003
differential_evolution step 4: f(x)= 1995.7038929876003
differential_evolution step 5: f(x)= 1995.7038929876003
differential_evolution step 6: f(x)= 1995.7038929876003
differential_evolution step 7: f(x)= 1012.7759749714894
differential_evolution step 8: f(x)= 1012.7759749714894
differential_evolution step 9: f(x)= 1012.7759749714894
differential_evolution step 10: f(x)= 1012.7759749714894
differential_evolution step 11: f(x)= 1012.7759749714894
differential_evolution step 12: f(x)= 1012.7759749714894
differential_evolution step 13: f(x)= 441.13071715126455
differential_evolution step 14: f(x)= 441.13071715126455
differential_evolution step 15: f(x)= 441.13071715126455
differential_evolution step 16: f(x)= 441.13071715126455
differential_evolution step 17: f(x)= 441.13071715126455
differential_evolution step 18: f(x)= 441.13071715126455
differential_evolution step 19: f(x)= 441.13071715126455
differential_evolution step 20: f(x)= 441.13071715126455
differential_evolution step 21: f(x)= 230.10857773317363
differential_evolution step 22: f(x)= 230.10857773317363
differential_evolution step 23: f(x)= 230.10857773317363
differential_evolution step 24: f(x)= 230.10857773317363
differential_evolution step 25: f(x)= 230.10857773317363
differential_evolution step 26: f(x)= 143.19772132005883
differential_evolution step 27: f(x)= 143.19772132005883
differential_evolution step 28: f(x)= 143.19772132005883
differential_evolution step 29: f(x)= 143.19772132005883
differential_evolution step 30: f(x)= 143.19772132005883
differential_evolution step 31: f(x)= 143.19772132005883
differential_evolution step 32: f(x)= 143.19772132005883
differential_evolution step 33: f(x)= 143.19772132005883
differential_evolution step 34: f(x)= 143.19772132005883
differential_evolution step 35: f(x)= 143.19772132005883
differential_evolution step 36: f(x)= 143.19772132005883
differential_evolution step 37: f(x)= 143.19772132005883
differential_evolution step 38: f(x)= 143.19772132005883
differential_evolution step 39: f(x)= 143.19772132005883
differential_evolution step 40: f(x)= 143.19772132005883
differential_evolution step 41: f(x)= 143.19772132005883
differential_evolution step 42: f(x)= 143.19772132005883
differential_evolution step 43: f(x)= 143.19772132005883
differential_evolution step 44: f(x)= 143.19772132005883
differential_evolution step 45: f(x)= 143.19772132005883
differential_evolution step 46: f(x)= 143.19772132005883
differential_evolution step 47: f(x)= 143.19772132005883
differential_evolution step 48: f(x)= 143.19772132005883
differential_evolution step 49: f(x)= 143.19772132005883
differential_evolution step 50: f(x)= 143.19772132005883
differential_evolution step 51: f(x)= 143.19772132005883
differential_evolution step 52: f(x)= 143.19772132005883
differential_evolution step 53: f(x)= 143.19772132005883
differential_evolution step 54: f(x)= 143.19772132005883
differential_evolution step 55: f(x)= 143.19772132005883
differential_evolution step 56: f(x)= 143.19772132005883
differential_evolution step 57: f(x)= 143.19772132005883
differential_evolution step 58: f(x)= 143.19772132005883
differential_evolution step 59: f(x)= 143.19772132005883
differential_evolution step 60: f(x)= 143.19772132005883
differential_evolution step 61: f(x)= 143.19772132005883
differential_evolution step 62: f(x)= 143.19772132005883
differential_evolution step 63: f(x)= 143.19772132005883
differential_evolution step 64: f(x)= 143.19772132005883
differential_evolution step 65: f(x)= 143.19772132005883
differential_evolution step 66: f(x)= 143.19772132005883
differential_evolution step 67: f(x)= 143.19772132005883
differential_evolution step 68: f(x)= 143.19772132005883
differential_evolution step 69: f(x)= 143.19772132005883
differential_evolution step 70: f(x)= 143.19772132005883
differential_evolution step 71: f(x)= 143.19772132005883
differential_evolution step 72: f(x)= 143.19772132005883
differential_evolution step 73: f(x)= 143.19772132005883
differential_evolution step 74: f(x)= 143.19772132005883
differential_evolution step 75: f(x)= 143.19772132005883
differential_evolution step 76: f(x)= 143.19772132005883
differential_evolution step 77: f(x)= 143.19772132005883
differential_evolution step 78: f(x)= 143.19772132005883
differential_evolution step 79: f(x)= 143.19772132005883
differential_evolution step 80: f(x)= 143.19772132005883
differential_evolution step 81: f(x)= 143.19772132005883
differential_evolution step 82: f(x)= 143.19772132005883
differential_evolution step 83: f(x)= 143.19772132005883
differential_evolution step 84: f(x)= 143.19772132005883
differential_evolution step 85: f(x)= 143.19772132005883
differential_evolution step 86: f(x)= 143.19772132005883
differential_evolution step 87: f(x)= 143.19772132005883
differential_evolution step 88: f(x)= 143.19772132005883
differential_evolution step 89: f(x)= 143.19772132005883
differential_evolution step 90: f(x)= 143.19772132005883
differential_evolution step 91: f(x)= 143.19772132005883
differential_evolution step 92: f(x)= 117.42098853039715
differential_evolution step 93: f(x)= 117.42098853039715
differential_evolution step 94: f(x)= 117.42098853039715
differential_evolution step 95: f(x)= 117.42098853039715
differential_evolution step 96: f(x)= 117.42098853039715
differential_evolution step 97: f(x)= 117.42098853039715
differential_evolution step 98: f(x)= 117.42098853039715
differential_evolution step 99: f(x)= 117.42098853039715
differential_evolution step 100: f(x)= 117.42098853039715
differential_evolution step 101: f(x)= 117.42098853039715
differential_evolution step 102: f(x)= 117.42098853039715
differential_evolution step 103: f(x)= 117.42098853039715
differential_evolution step 104: f(x)= 117.42098853039715
differential_evolution step 105: f(x)= 117.42098853039715
differential_evolution step 106: f(x)= 117.42098853039715
differential_evolution step 107: f(x)= 117.42098853039715
differential_evolution step 108: f(x)= 117.42098853039715
differential_evolution step 109: f(x)= 117.42098853039715
differential_evolution step 110: f(x)= 117.42098853039715
differential_evolution step 111: f(x)= 117.42098853039715
differential_evolution step 112: f(x)= 117.42098853039715
differential_evolution step 113: f(x)= 117.42098853039715
differential_evolution step 114: f(x)= 117.42098853039715
differential_evolution step 115: f(x)= 117.42098853039715
differential_evolution step 116: f(x)= 117.42098853039715
differential_evolution step 117: f(x)= 117.42098853039715
differential_evolution step 118: f(x)= 117.42098853039715
differential_evolution step 119: f(x)= 117.42098853039715
differential_evolution step 120: f(x)= 117.42098853039715
differential_evolution step 121: f(x)= 117.42098853039715
differential_evolution step 122: f(x)= 117.42098853039715
differential_evolution step 123: f(x)= 117.42098853039715
differential_evolution step 124: f(x)= 117.42098853039715
differential_evolution step 125: f(x)= 117.42098853039715
differential_evolution step 126: f(x)= 117.42098853039715
differential_evolution step 127: f(x)= 117.42098853039715
differential_evolution step 128: f(x)= 117.42098853039715
differential_evolution step 129: f(x)= 117.42098853039715
differential_evolution step 130: f(x)= 117.42098853039715
differential_evolution step 131: f(x)= 117.42098853039715
differential_evolution step 132: f(x)= 117.42098853039715
differential_evolution step 133: f(x)= 117.42098853039715
differential_evolution step 134: f(x)= 117.42098853039715
differential_evolution step 135: f(x)= 117.42098853039715
differential_evolution step 136: f(x)= 117.42098853039715
differential_evolution step 137: f(x)= 117.42098853039715
differential_evolution step 138: f(x)= 117.42098853039715
differential_evolution step 139: f(x)= 117.42098853039715
differential_evolution step 140: f(x)= 117.42098853039715
differential_evolution step 141: f(x)= 117.42098853039715
differential_evolution step 142: f(x)= 117.42098853039715
differential_evolution step 143: f(x)= 117.42098853039715
differential_evolution step 144: f(x)= 117.42098853039715
differential_evolution step 145: f(x)= 117.42098853039715
differential_evolution step 146: f(x)= 117.42098853039715
differential_evolution step 147: f(x)= 117.42098853039715
differential_evolution step 148: f(x)= 117.42098853039715
differential_evolution step 149: f(x)= 117.42098853039715
differential_evolution step 150: f(x)= 117.42098853039715
differential_evolution step 151: f(x)= 117.42098853039715
differential_evolution step 152: f(x)= 117.42098853039715
differential_evolution step 153: f(x)= 117.42098853039715
differential_evolution step 154: f(x)= 117.42098853039715
differential_evolution step 155: f(x)= 117.42098853039715
differential_evolution step 156: f(x)= 117.42098853039715
differential_evolution step 157: f(x)= 117.42098853039715
differential_evolution step 158: f(x)= 117.42098853039715
differential_evolution step 159: f(x)= 117.42098853039715
differential_evolution step 160: f(x)= 117.42098853039715
differential_evolution step 161: f(x)= 117.42098853039715
differential_evolution step 162: f(x)= 117.42098853039715
differential_evolution step 163: f(x)= 117.42098853039715
differential_evolution step 164: f(x)= 117.42098853039715
differential_evolution step 165: f(x)= 117.42098853039715
differential_evolution step 166: f(x)= 117.42098853039715
differential_evolution step 167: f(x)= 117.42098853039715
differential_evolution step 168: f(x)= 117.42098853039715
differential_evolution step 169: f(x)= 117.42098853039715
differential_evolution step 170: f(x)= 117.42098853039715
differential_evolution step 171: f(x)= 117.42098853039715
differential_evolution step 172: f(x)= 113.57874264956837
differential_evolution step 173: f(x)= 113.57874264956837
differential_evolution step 174: f(x)= 113.57874264956837
differential_evolution step 175: f(x)= 113.57874264956837
differential_evolution step 176: f(x)= 113.57874264956837
differential_evolution step 177: f(x)= 113.07755552423505
differential_evolution step 178: f(x)= 113.07755552423505
differential_evolution step 179: f(x)= 113.07755552423505
differential_evolution step 180: f(x)= 113.07755552423505
differential_evolution step 181: f(x)= 113.07755552423505
differential_evolution step 182: f(x)= 113.07755552423505
differential_evolution step 183: f(x)= 107.11162690654754
differential_evolution step 184: f(x)= 107.11162690654754
differential_evolution step 185: f(x)= 106.7411193256259
differential_evolution step 186: f(x)= 106.7411193256259
differential_evolution step 187: f(x)= 106.7411193256259
differential_evolution step 188: f(x)= 106.7411193256259
differential_evolution step 189: f(x)= 105.00379211540758
differential_evolution step 190: f(x)= 105.00379211540758
differential_evolution step 191: f(x)= 103.60563700113684
differential_evolution step 192: f(x)= 103.60563700113684
differential_evolution step 193: f(x)= 103.60563700113684
differential_evolution step 194: f(x)= 103.60563700113684
differential_evolution step 195: f(x)= 103.60563700113684
differential_evolution step 196: f(x)= 103.60563700113684
differential_evolution step 197: f(x)= 103.60563700113684
differential_evolution step 198: f(x)= 103.60563700113684
differential_evolution step 199: f(x)= 103.60563700113684
differential_evolution step 200: f(x)= 103.60563700113684
Cluster 5 DE best chi^2: 103.606 with params {'x_src': np.float64(147.1861635234871), 'y_src': np.float64(147.21004809058334), 'z_s': np.float64(4.135336485197491)}

--- DE Optimization Summary ---
Best fit found for Cluster 2 with chi^2 = 0.020
Best-fit parameters: {'x_src': np.float64(99.80206495265155), 'y_src': np.float64(104.74615495343274), 'z_s': np.float64(3.1930946735288654)}

--- Running MCMC for Cluster 2 (chi_sq=0.020) ---
[MCMC] Process Pool with 16 procs
  0%|          | 0/20000 [00:00<?, ?it/s]  0%|          | 59/20000 [01:41<9:32:13,  1.72s/it]  0%|          | 70/20000 [02:00<9:31:54,  1.72s/it]  1%|          | 119/20000 [03:22<9:21:43,  1.70s/it]  1%|          | 128/20000 [03:40<9:21:28,  1.70s/it]  1%|          | 181/20000 [05:02<9:08:44,  1.66s/it]  1%|          | 193/20000 [05:20<9:08:24,  1.66s/it]  1%|          | 242/20000 [06:43<9:05:29,  1.66s/it]  1%|         | 253/20000 [07:00<9:05:11,  1.66s/it]  2%|         | 302/20000 [08:24<9:07:31,  1.67s/it]  2%|         | 310/20000 [08:40<9:07:18,  1.67s/it]  2%|         | 359/20000 [10:04<9:15:36,  1.70s/it]  2%|         | 367/20000 [10:20<9:15:22,  1.70s/it]  2%|         | 419/20000 [11:44<9:10:41,  1.69s/it]  2%|         | 427/20000 [12:00<9:10:28,  1.69s/it]  2%|         | 481/20000 [13:25<9:02:13,  1.67s/it]  2%|         | 490/20000 [13:40<9:01:58,  1.67s/it]  3%|         | 552/20000 [15:05<8:31:21,  1.58s/it]  3%|         | 562/20000 [15:20<8:31:05,  1.58s/it]  3%|         | 627/20000 [16:46<8:03:37,  1.50s/it]  3%|         | 637/20000 [17:00<8:03:22,  1.50s/it]  3%|         | 694/20000 [18:27<8:02:31,  1.50s/it]  4%|         | 700/20000 [18:40<8:02:22,  1.50s/it]  4%|         | 758/20000 [20:08<8:08:10,  1.52s/it]  4%|         | 765/20000 [20:20<8:08:00,  1.52s/it]  4%|         | 829/20000 [21:49<7:55:49,  1.49s/it]  4%|         | 837/20000 [22:00<7:55:38,  1.49s/it]  4%|         | 900/20000 [23:30<7:47:37,  1.47s/it]  5%|         | 914/20000 [23:50<7:47:16,  1.47s/it]  5%|         | 964/20000 [25:11<7:56:47,  1.50s/it]  5%|         | 974/20000 [25:30<7:56:32,  1.50s/it]  5%|         | 1024/20000 [26:52<8:11:18,  1.55s/it]  5%|         | 1033/20000 [27:10<8:11:04,  1.55s/it]  5%|         | 1080/20000 [28:33<8:30:13,  1.62s/it]  5%|         | 1091/20000 [28:50<8:29:55,  1.62s/it]  6%|         | 1138/20000 [30:14<8:39:29,  1.65s/it]  6%|         | 1146/20000 [30:30<8:39:16,  1.65s/it]  6%|         | 1201/20000 [31:55<8:33:29,  1.64s/it]  6%|         | 1212/20000 [32:10<8:33:11,  1.64s/it]  6%|         | 1262/20000 [33:35<8:31:58,  1.64s/it]  6%|         | 1270/20000 [33:50<8:31:45,  1.64s/it]  7%|         | 1322/20000 [35:15<8:33:08,  1.65s/it]  7%|         | 1329/20000 [35:30<8:32:57,  1.65s/it]  7%|         | 1384/20000 [36:56<8:29:08,  1.64s/it]  7%|         | 1391/20000 [37:10<8:28:57,  1.64s/it]  7%|         | 1444/20000 [38:36<8:30:18,  1.65s/it]  7%|         | 1453/20000 [38:50<8:30:03,  1.65s/it]  8%|         | 1505/20000 [40:17<8:28:03,  1.65s/it]  8%|         | 1512/20000 [40:30<8:27:52,  1.65s/it]  8%|         | 1565/20000 [41:58<8:30:10,  1.66s/it]  8%|         | 1571/20000 [42:10<8:30:00,  1.66s/it]  8%|         | 1625/20000 [43:40<8:31:38,  1.67s/it]  8%|         | 1637/20000 [44:00<8:31:18,  1.67s/it]  8%|         | 1692/20000 [45:20<8:12:36,  1.61s/it]  9%|         | 1704/20000 [45:40<8:12:17,  1.61s/it]  9%|         | 1753/20000 [47:01<8:15:19,  1.63s/it]  9%|         | 1762/20000 [47:20<8:15:04,  1.63s/it]  9%|         | 1813/20000 [48:41<8:17:19,  1.64s/it]  9%|         | 1824/20000 [49:00<8:17:01,  1.64s/it]  9%|         | 1873/20000 [50:22<8:19:09,  1.65s/it]  9%|         | 1885/20000 [50:40<8:18:49,  1.65s/it] 10%|         | 1933/20000 [52:02<8:19:07,  1.66s/it] 10%|         | 1942/20000 [52:20<8:18:52,  1.66s/it] 10%|         | 1992/20000 [53:43<8:21:35,  1.67s/it] 10%|         | 2001/20000 [54:00<8:21:20,  1.67s/it] 10%|         | 2049/20000 [55:23<8:27:19,  1.70s/it] 10%|         | 2059/20000 [55:40<8:27:02,  1.70s/it] 11%|         | 2117/20000 [57:03<8:03:20,  1.62s/it] 11%|         | 2129/20000 [57:20<8:03:01,  1.62s/it] 11%|         | 2181/20000 [58:44<7:57:15,  1.61s/it] 11%|         | 2190/20000 [59:00<7:57:01,  1.61s/it] 11%|         | 2245/20000 [1:00:25<7:52:51,  1.60s/it] 11%|        | 2255/20000 [1:00:40<7:52:35,  1.60s/it] 12%|        | 2312/20000 [1:02:05<7:41:24,  1.57s/it] 12%|        | 2320/20000 [1:02:20<7:41:11,  1.57s/it] 12%|        | 2367/20000 [1:03:45<8:00:51,  1.64s/it] 12%|        | 2374/20000 [1:04:00<8:00:39,  1.64s/it] 12%|        | 2424/20000 [1:05:26<8:10:40,  1.68s/it] 12%|        | 2434/20000 [1:05:40<8:10:23,  1.68s/it] 13%|        | 2501/20000 [1:07:07<7:30:52,  1.55s/it] 13%|        | 2509/20000 [1:07:20<7:30:39,  1.55s/it] 13%|        | 2569/20000 [1:08:48<7:23:18,  1.53s/it] 13%|        | 2576/20000 [1:09:00<7:23:07,  1.53s/it] 13%|        | 2639/20000 [1:10:29<7:13:36,  1.50s/it] 13%|        | 2646/20000 [1:10:40<7:13:26,  1.50s/it] 13%|        | 2699/20000 [1:12:10<7:26:34,  1.55s/it] 14%|        | 2710/20000 [1:12:30<7:26:17,  1.55s/it] 14%|        | 2764/20000 [1:13:50<7:24:03,  1.55s/it] 14%|        | 2776/20000 [1:14:10<7:23:45,  1.55s/it] 14%|        | 2829/20000 [1:15:31<7:23:12,  1.55s/it] 14%|        | 2840/20000 [1:15:50<7:22:55,  1.55s/it] 14%|        | 2886/20000 [1:17:11<7:38:22,  1.61s/it] 14%|        | 2899/20000 [1:17:30<7:38:01,  1.61s/it] 15%|        | 2950/20000 [1:18:53<7:35:21,  1.60s/it] 15%|        | 2958/20000 [1:19:10<7:35:09,  1.60s/it] 15%|        | 3008/20000 [1:20:35<7:46:03,  1.65s/it] 15%|        | 3016/20000 [1:20:50<7:45:50,  1.65s/it] 15%|        | 3072/20000 [1:22:16<7:38:11,  1.62s/it] 15%|        | 3080/20000 [1:22:30<7:37:58,  1.62s/it] 16%|        | 3137/20000 [1:23:57<7:30:38,  1.60s/it] 16%|        | 3143/20000 [1:24:10<7:30:29,  1.60s/it] 16%|        | 3207/20000 [1:25:38<7:14:36,  1.55s/it] 16%|        | 3215/20000 [1:25:50<7:14:23,  1.55s/it] 16%|        | 3281/20000 [1:27:19<6:54:59,  1.49s/it] 16%|        | 3289/20000 [1:27:30<6:54:47,  1.49s/it] 17%|        | 3359/20000 [1:28:59<6:34:20,  1.42s/it] 17%|        | 3366/20000 [1:29:10<6:34:10,  1.42s/it] 17%|        | 3433/20000 [1:30:40<6:27:41,  1.40s/it] 17%|        | 3444/20000 [1:31:00<6:27:26,  1.40s/it] 17%|        | 3493/20000 [1:32:21<6:46:07,  1.48s/it] 18%|        | 3505/20000 [1:32:40<6:45:49,  1.48s/it] 18%|        | 3556/20000 [1:34:01<6:54:04,  1.51s/it] 18%|        | 3566/20000 [1:34:20<6:53:49,  1.51s/it] 18%|        | 3615/20000 [1:35:41<7:06:26,  1.56s/it] 18%|        | 3625/20000 [1:36:00<7:06:10,  1.56s/it] 18%|        | 3670/20000 [1:37:22<7:24:25,  1.63s/it] 18%|        | 3680/20000 [1:37:40<7:24:09,  1.63s/it] 19%|        | 3741/20000 [1:39:02<7:02:34,  1.56s/it] 19%|        | 3754/20000 [1:39:20<7:02:13,  1.56s/it] 19%|        | 3815/20000 [1:40:43<6:43:37,  1.50s/it] 19%|        | 3826/20000 [1:41:00<6:43:21,  1.50s/it] 19%|        | 3884/20000 [1:42:23<6:38:13,  1.48s/it] 19%|        | 3895/20000 [1:42:40<6:37:56,  1.48s/it] 20%|        | 3956/20000 [1:44:05<6:30:25,  1.46s/it] 20%|        | 3966/20000 [1:44:20<6:30:10,  1.46s/it] 20%|        | 4027/20000 [1:45:45<6:24:53,  1.45s/it] 20%|        | 4036/20000 [1:46:00<6:24:39,  1.45s/it] 20%|        | 4096/20000 [1:47:26<6:23:49,  1.45s/it] 21%|        | 4106/20000 [1:47:40<6:23:35,  1.45s/it] 21%|        | 4169/20000 [1:49:06<6:16:22,  1.43s/it] 21%|        | 4178/20000 [1:49:20<6:16:09,  1.43s/it] 21%|        | 4241/20000 [1:50:46<6:11:42,  1.42s/it] 21%|        | 4249/20000 [1:51:00<6:11:31,  1.42s/it] 22%|       | 4312/20000 [1:52:27<6:09:55,  1.41s/it] 22%|       | 4320/20000 [1:52:40<6:09:44,  1.41s/it] 22%|       | 4371/20000 [1:54:07<6:27:50,  1.49s/it] 22%|       | 4379/20000 [1:54:20<6:27:38,  1.49s/it] 22%|       | 4432/20000 [1:55:48<6:39:15,  1.54s/it] 22%|       | 4438/20000 [1:56:00<6:39:05,  1.54s/it] 22%|       | 4496/20000 [1:57:29<6:40:06,  1.55s/it] 23%|       | 4502/20000 [1:57:40<6:39:57,  1.55s/it] 23%|       | 4564/20000 [1:59:11<6:33:55,  1.53s/it] 23%|       | 4576/20000 [1:59:30<6:33:36,  1.53s/it] 23%|       | 4627/20000 [2:00:51<6:37:20,  1.55s/it] 23%|       | 4636/20000 [2:01:10<6:37:06,  1.55s/it] 23%|       | 4687/20000 [2:02:33<6:45:51,  1.59s/it] 23%|       | 4697/20000 [2:02:50<6:45:35,  1.59s/it] 24%|       | 4761/20000 [2:04:13<6:23:56,  1.51s/it] 24%|       | 4772/20000 [2:04:30<6:23:39,  1.51s/it] 24%|       | 4831/20000 [2:05:54<6:16:53,  1.49s/it] 24%|       | 4839/20000 [2:06:10<6:16:41,  1.49s/it] 24%|       | 4892/20000 [2:07:34<6:26:19,  1.53s/it] 25%|       | 4902/20000 [2:07:50<6:26:04,  1.53s/it] 25%|       | 4958/20000 [2:09:15<6:24:09,  1.53s/it] 25%|       | 4966/20000 [2:09:30<6:23:56,  1.53s/it] 25%|       | 5017/20000 [2:10:56<6:34:28,  1.58s/it] 25%|       | 5025/20000 [2:11:10<6:34:15,  1.58s/it] 25%|       | 5078/20000 [2:12:36<6:37:55,  1.60s/it] 25%|       | 5085/20000 [2:12:50<6:37:44,  1.60s/it] 26%|       | 5137/20000 [2:14:17<6:43:32,  1.63s/it] 26%|       | 5144/20000 [2:14:30<6:43:20,  1.63s/it] 26%|       | 5198/20000 [2:15:57<6:43:22,  1.64s/it] 26%|       | 5205/20000 [2:16:10<6:43:11,  1.64s/it] 26%|       | 5257/20000 [2:17:38<6:46:31,  1.65s/it] 26%|       | 5264/20000 [2:17:50<6:46:20,  1.65s/it] 27%|       | 5322/20000 [2:19:19<6:37:36,  1.63s/it] 27%|       | 5327/20000 [2:19:30<6:37:28,  1.63s/it] 27%|       | 5382/20000 [2:21:00<6:39:11,  1.64s/it] 27%|       | 5389/20000 [2:21:10<6:38:59,  1.64s/it] 27%|       | 5454/20000 [2:22:40<6:17:48,  1.56s/it] 27%|       | 5466/20000 [2:23:00<6:17:30,  1.56s/it] 28%|       | 5517/20000 [2:24:22<6:19:55,  1.57s/it] 28%|       | 5527/20000 [2:24:40<6:19:39,  1.57s/it] 28%|       | 5583/20000 [2:26:03<6:15:13,  1.56s/it] 28%|       | 5594/20000 [2:26:20<6:14:55,  1.56s/it] 28%|       | 5653/20000 [2:27:45<6:05:05,  1.53s/it] 28%|       | 5663/20000 [2:28:00<6:04:50,  1.53s/it] 29%|       | 5724/20000 [2:29:26<5:55:58,  1.50s/it] 29%|       | 5732/20000 [2:29:40<5:55:46,  1.50s/it] 29%|       | 5796/20000 [2:31:07<5:47:13,  1.47s/it] 29%|       | 5805/20000 [2:31:20<5:47:00,  1.47s/it] 29%|       | 5862/20000 [2:32:47<5:49:17,  1.48s/it] 29%|       | 5870/20000 [2:33:00<5:49:06,  1.48s/it] 30%|       | 5927/20000 [2:34:28<5:52:31,  1.50s/it] 30%|       | 5934/20000 [2:34:40<5:52:20,  1.50s/it] 30%|       | 5995/20000 [2:36:10<5:50:16,  1.50s/it] 30%|       | 6006/20000 [2:36:30<5:50:00,  1.50s/it] 30%|       | 6057/20000 [2:37:50<5:56:16,  1.53s/it] 30%|       | 6071/20000 [2:38:10<5:55:55,  1.53s/it] 31%|       | 6131/20000 [2:39:30<5:41:00,  1.48s/it] 31%|       | 6144/20000 [2:39:50<5:40:40,  1.48s/it] 31%|       | 6205/20000 [2:41:11<5:30:25,  1.44s/it] 31%|       | 6214/20000 [2:41:30<5:30:12,  1.44s/it] 31%|      | 6267/20000 [2:42:51<5:40:04,  1.49s/it] 31%|      | 6280/20000 [2:43:10<5:39:45,  1.49s/it] 32%|      | 6330/20000 [2:44:33<5:47:05,  1.52s/it] 32%|      | 6340/20000 [2:44:50<5:46:50,  1.52s/it] 32%|      | 6392/20000 [2:46:13<5:51:53,  1.55s/it] 32%|      | 6402/20000 [2:46:30<5:51:37,  1.55s/it] 32%|      | 6455/20000 [2:47:54<5:52:53,  1.56s/it] 32%|      | 6464/20000 [2:48:10<5:52:39,  1.56s/it] 33%|      | 6515/20000 [2:49:34<5:58:44,  1.60s/it] 33%|      | 6524/20000 [2:49:50<5:58:30,  1.60s/it] 33%|      | 6570/20000 [2:51:16<6:12:29,  1.66s/it] 33%|      | 6578/20000 [2:51:30<6:12:15,  1.66s/it] 33%|      | 6630/20000 [2:52:56<6:11:40,  1.67s/it] 33%|      | 6637/20000 [2:53:10<6:11:28,  1.67s/it] 33%|      | 6695/20000 [2:54:38<6:02:41,  1.64s/it] 34%|      | 6701/20000 [2:54:50<6:02:31,  1.64s/it] 34%|      | 6753/20000 [2:56:19<6:07:47,  1.67s/it] 34%|      | 6759/20000 [2:56:30<6:07:37,  1.67s/it] 34%|      | 6810/20000 [2:58:01<6:13:35,  1.70s/it] 34%|      | 6820/20000 [2:58:20<6:13:18,  1.70s/it] 34%|      | 6874/20000 [2:59:41<6:02:36,  1.66s/it] 34%|      | 6886/20000 [3:00:00<6:02:16,  1.66s/it] 35%|      | 6945/20000 [3:01:21<5:42:37,  1.57s/it] 35%|      | 6957/20000 [3:01:40<5:42:18,  1.57s/it] 35%|      | 7013/20000 [3:03:02<5:34:35,  1.55s/it] 35%|      | 7023/20000 [3:03:20<5:34:20,  1.55s/it] 35%|      | 7075/20000 [3:04:44<5:38:55,  1.57s/it] 35%|      | 7084/20000 [3:05:00<5:38:40,  1.57s/it] 36%|      | 7139/20000 [3:06:24<5:37:09,  1.57s/it] 36%|      | 7148/20000 [3:06:40<5:36:55,  1.57s/it] 36%|      | 7196/20000 [3:08:04<5:46:32,  1.62s/it] 36%|      | 7204/20000 [3:08:20<5:46:19,  1.62s/it] 36%|      | 7255/20000 [3:09:45<5:49:47,  1.65s/it] 36%|      | 7265/20000 [3:10:00<5:49:31,  1.65s/it] 37%|      | 7314/20000 [3:11:26<5:52:02,  1.67s/it] 37%|      | 7322/20000 [3:11:40<5:51:49,  1.67s/it] 37%|      | 7387/20000 [3:13:07<5:29:52,  1.57s/it] 37%|      | 7397/20000 [3:13:20<5:29:36,  1.57s/it] 37%|      | 7462/20000 [3:14:47<5:11:43,  1.49s/it] 37%|      | 7472/20000 [3:15:00<5:11:28,  1.49s/it] 38%|      | 7534/20000 [3:16:28<5:04:22,  1.46s/it] 38%|      | 7541/20000 [3:16:40<5:04:12,  1.46s/it] 38%|      | 7608/20000 [3:18:08<4:55:14,  1.43s/it] 38%|      | 7617/20000 [3:18:20<4:55:01,  1.43s/it] 38%|      | 7676/20000 [3:19:50<4:57:11,  1.45s/it] 38%|      | 7683/20000 [3:20:00<4:57:01,  1.45s/it] 39%|      | 7745/20000 [3:21:31<4:56:43,  1.45s/it] 39%|      | 7760/20000 [3:21:50<4:56:21,  1.45s/it] 39%|      | 7818/20000 [3:23:11<4:50:16,  1.43s/it] 39%|      | 7831/20000 [3:23:30<4:49:57,  1.43s/it] 39%|      | 7886/20000 [3:24:52<4:51:41,  1.44s/it] 39%|      | 7897/20000 [3:25:10<4:51:25,  1.44s/it] 40%|      | 7956/20000 [3:26:32<4:49:06,  1.44s/it] 40%|      | 7967/20000 [3:26:50<4:48:50,  1.44s/it] 40%|      | 8029/20000 [3:28:13<4:43:37,  1.42s/it] 40%|      | 8040/20000 [3:28:30<4:43:22,  1.42s/it] 40%|      | 8100/20000 [3:29:53<4:41:35,  1.42s/it] 41%|      | 8112/20000 [3:30:10<4:41:18,  1.42s/it] 41%|      | 8176/20000 [3:31:35<4:34:13,  1.39s/it] 41%|      | 8187/20000 [3:31:50<4:33:58,  1.39s/it] 41%|     | 8253/20000 [3:33:16<4:27:49,  1.37s/it] 41%|     | 8263/20000 [3:33:30<4:27:36,  1.37s/it] 42%|     | 8332/20000 [3:34:57<4:20:32,  1.34s/it] 42%|     | 8342/20000 [3:35:10<4:20:18,  1.34s/it] 42%|     | 8411/20000 [3:36:38<4:15:27,  1.32s/it] 42%|     | 8418/20000 [3:36:50<4:15:18,  1.32s/it] 42%|     | 8487/20000 [3:38:19<4:13:36,  1.32s/it] 42%|     | 8496/20000 [3:38:30<4:13:24,  1.32s/it] 43%|     | 8561/20000 [3:39:59<4:14:02,  1.33s/it] 43%|     | 8568/20000 [3:40:10<4:13:53,  1.33s/it] 43%|     | 8635/20000 [3:41:40<4:14:05,  1.34s/it] 43%|     | 8648/20000 [3:42:00<4:13:48,  1.34s/it] 44%|     | 8707/20000 [3:43:20<4:15:19,  1.36s/it] 44%|     | 8722/20000 [3:43:40<4:14:59,  1.36s/it] 44%|     | 8783/20000 [3:45:02<4:12:11,  1.35s/it] 44%|     | 8796/20000 [3:45:20<4:11:53,  1.35s/it] 44%|     | 8855/20000 [3:46:43<4:13:37,  1.37s/it] 44%|     | 8866/20000 [3:47:00<4:13:22,  1.37s/it] 45%|     | 8927/20000 [3:48:23<4:13:27,  1.37s/it] 45%|     | 8939/20000 [3:48:40<4:13:10,  1.37s/it] 45%|     | 8995/20000 [3:50:03<4:17:23,  1.40s/it] 45%|     | 9006/20000 [3:50:20<4:17:07,  1.40s/it] 45%|     | 9073/20000 [3:51:44<4:08:48,  1.37s/it] 45%|     | 9084/20000 [3:52:00<4:08:33,  1.37s/it] 46%|     | 9145/20000 [3:53:25<4:09:14,  1.38s/it] 46%|     | 9154/20000 [3:53:40<4:09:02,  1.38s/it] 46%|     | 9216/20000 [3:55:06<4:10:08,  1.39s/it] 46%|     | 9225/20000 [3:55:20<4:09:56,  1.39s/it] 46%|     | 9290/20000 [3:56:47<4:06:39,  1.38s/it] 46%|     | 9299/20000 [3:57:00<4:06:27,  1.38s/it] 47%|     | 9362/20000 [3:58:27<4:05:43,  1.39s/it] 47%|     | 9371/20000 [3:58:40<4:05:30,  1.39s/it] 47%|     | 9439/20000 [4:00:08<3:59:31,  1.36s/it] 47%|     | 9449/20000 [4:00:20<3:59:17,  1.36s/it] 48%|     | 9520/20000 [4:01:48<3:50:45,  1.32s/it] 48%|     | 9529/20000 [4:02:00<3:50:33,  1.32s/it] 48%|     | 9592/20000 [4:03:28<3:52:37,  1.34s/it] 48%|     | 9599/20000 [4:03:40<3:52:28,  1.34s/it] 48%|     | 9665/20000 [4:05:09<3:52:47,  1.35s/it] 48%|     | 9673/20000 [4:05:20<3:52:36,  1.35s/it] 49%|     | 9741/20000 [4:06:50<3:50:06,  1.35s/it] 49%|     | 9755/20000 [4:07:10<3:49:47,  1.35s/it] 49%|     | 9816/20000 [4:08:31<3:48:25,  1.35s/it] 49%|     | 9829/20000 [4:08:50<3:48:08,  1.35s/it] 49%|     | 9890/20000 [4:10:12<3:47:36,  1.35s/it] 50%|     | 9901/20000 [4:10:30<3:47:21,  1.35s/it] 50%|     | 9963/20000 [4:11:53<3:47:44,  1.36s/it] 50%|     | 9975/20000 [4:12:10<3:47:28,  1.36s/it] 50%|     | 10036/20000 [4:13:33<3:46:41,  1.37s/it] 50%|     | 10049/20000 [4:13:50<3:46:23,  1.37s/it] 51%|     | 10112/20000 [4:15:13<3:42:35,  1.35s/it] 51%|     | 10123/20000 [4:15:30<3:42:20,  1.35s/it] 51%|     | 10190/20000 [4:16:54<3:37:33,  1.33s/it] 51%|     | 10203/20000 [4:17:10<3:37:15,  1.33s/it] 51%|    | 10273/20000 [4:18:34<3:29:34,  1.29s/it] 51%|    | 10285/20000 [4:18:50<3:29:19,  1.29s/it] 52%|    | 10352/20000 [4:20:15<3:26:56,  1.29s/it] 52%|    | 10363/20000 [4:20:30<3:26:42,  1.29s/it] 52%|    | 10423/20000 [4:21:55<3:30:54,  1.32s/it] 52%|    | 10434/20000 [4:22:10<3:30:40,  1.32s/it] 53%|    | 10501/20000 [4:23:36<3:27:43,  1.31s/it] 53%|    | 10510/20000 [4:23:50<3:27:31,  1.31s/it] 53%|    | 10572/20000 [4:25:16<3:30:40,  1.34s/it] 53%|    | 10581/20000 [4:25:30<3:30:28,  1.34s/it] 53%|    | 10646/20000 [4:26:57<3:30:13,  1.35s/it] 53%|    | 10654/20000 [4:27:10<3:30:02,  1.35s/it] 54%|    | 10722/20000 [4:28:37<3:27:08,  1.34s/it] 54%|    | 10730/20000 [4:28:50<3:26:57,  1.34s/it] 54%|    | 10792/20000 [4:30:18<3:30:12,  1.37s/it] 54%|    | 10798/20000 [4:30:30<3:30:04,  1.37s/it] 54%|    | 10861/20000 [4:32:00<3:32:45,  1.40s/it] 54%|    | 10868/20000 [4:32:10<3:32:35,  1.40s/it] 55%|    | 10933/20000 [4:33:40<3:31:11,  1.40s/it] 55%|    | 10945/20000 [4:34:00<3:30:55,  1.40s/it] 55%|    | 11003/20000 [4:35:21<3:31:19,  1.41s/it] 55%|    | 11015/20000 [4:35:40<3:31:02,  1.41s/it] 55%|    | 11077/20000 [4:37:02<3:27:41,  1.40s/it] 55%|    | 11090/20000 [4:37:20<3:27:23,  1.40s/it] 56%|    | 11157/20000 [4:38:43<3:19:39,  1.35s/it] 56%|    | 11169/20000 [4:39:00<3:19:22,  1.35s/it] 56%|    | 11234/20000 [4:40:24<3:15:34,  1.34s/it] 56%|    | 11245/20000 [4:40:40<3:15:19,  1.34s/it] 57%|    | 11304/20000 [4:42:05<3:18:19,  1.37s/it] 57%|    | 11315/20000 [4:42:20<3:18:04,  1.37s/it] 57%|    | 11380/20000 [4:43:46<3:14:50,  1.36s/it] 57%|    | 11391/20000 [4:44:00<3:14:35,  1.36s/it] 57%|    | 11461/20000 [4:45:26<3:07:32,  1.32s/it] 57%|    | 11470/20000 [4:45:40<3:07:20,  1.32s/it] 58%|    | 11537/20000 [4:47:07<3:06:23,  1.32s/it] 58%|    | 11545/20000 [4:47:20<3:06:13,  1.32s/it] 58%|    | 11609/20000 [4:48:47<3:07:32,  1.34s/it] 58%|    | 11617/20000 [4:49:00<3:07:21,  1.34s/it] 58%|    | 11678/20000 [4:50:29<3:11:11,  1.38s/it] 58%|    | 11686/20000 [4:50:40<3:11:00,  1.38s/it] 59%|    | 11757/20000 [4:52:09<3:04:54,  1.35s/it] 59%|    | 11765/20000 [4:52:20<3:04:43,  1.35s/it] 59%|    | 11835/20000 [4:53:50<3:00:41,  1.33s/it] 59%|    | 11843/20000 [4:54:00<3:00:31,  1.33s/it] 60%|    | 11916/20000 [4:55:30<2:55:17,  1.30s/it] 60%|    | 11931/20000 [4:55:50<2:54:58,  1.30s/it] 60%|    | 11994/20000 [4:57:10<2:52:51,  1.30s/it] 60%|    | 12008/20000 [4:57:30<2:52:33,  1.30s/it] 60%|    | 12071/20000 [4:58:51<2:51:50,  1.30s/it] 60%|    | 12084/20000 [4:59:10<2:51:33,  1.30s/it] 61%|    | 12148/20000 [5:00:33<2:50:44,  1.30s/it] 61%|    | 12160/20000 [5:00:50<2:50:28,  1.30s/it] 61%|    | 12223/20000 [5:02:13<2:50:35,  1.32s/it] 61%|    | 12234/20000 [5:02:30<2:50:20,  1.32s/it] 61%|   | 12297/20000 [5:03:54<2:50:23,  1.33s/it] 62%|   | 12309/20000 [5:04:10<2:50:07,  1.33s/it] 62%|   | 12369/20000 [5:05:35<2:51:54,  1.35s/it] 62%|   | 12379/20000 [5:05:50<2:51:40,  1.35s/it] 62%|   | 12437/20000 [5:07:16<2:55:00,  1.39s/it] 62%|   | 12447/20000 [5:07:30<2:54:46,  1.39s/it] 63%|   | 12509/20000 [5:08:57<2:53:37,  1.39s/it] 63%|   | 12518/20000 [5:09:10<2:53:24,  1.39s/it] 63%|   | 12581/20000 [5:10:38<2:52:32,  1.40s/it] 63%|   | 12589/20000 [5:10:50<2:52:21,  1.40s/it] 63%|   | 12648/20000 [5:12:19<2:54:42,  1.43s/it] 63%|   | 12656/20000 [5:12:30<2:54:31,  1.43s/it] 64%|   | 12724/20000 [5:13:59<2:48:42,  1.39s/it] 64%|   | 12732/20000 [5:14:10<2:48:31,  1.39s/it] 64%|   | 12800/20000 [5:15:40<2:44:43,  1.37s/it] 64%|   | 12807/20000 [5:15:50<2:44:34,  1.37s/it] 64%|   | 12878/20000 [5:17:21<2:39:57,  1.35s/it] 64%|   | 12892/20000 [5:17:40<2:39:38,  1.35s/it] 65%|   | 12954/20000 [5:19:02<2:37:36,  1.34s/it] 65%|   | 12968/20000 [5:19:20<2:37:17,  1.34s/it] 65%|   | 13032/20000 [5:20:42<2:33:45,  1.32s/it] 65%|   | 13044/20000 [5:21:00<2:33:30,  1.32s/it] 66%|   | 13107/20000 [5:22:22<2:32:45,  1.33s/it] 66%|   | 13119/20000 [5:22:40<2:32:29,  1.33s/it] 66%|   | 13182/20000 [5:24:03<2:31:28,  1.33s/it] 66%|   | 13193/20000 [5:24:20<2:31:13,  1.33s/it] 66%|   | 13257/20000 [5:25:44<2:30:23,  1.34s/it] 66%|   | 13267/20000 [5:26:00<2:30:09,  1.34s/it] 67%|   | 13331/20000 [5:27:25<2:29:40,  1.35s/it] 67%|   | 13342/20000 [5:27:40<2:29:25,  1.35s/it] 67%|   | 13406/20000 [5:29:06<2:27:53,  1.35s/it] 67%|   | 13416/20000 [5:29:20<2:27:40,  1.35s/it] 67%|   | 13478/20000 [5:30:47<2:27:48,  1.36s/it] 67%|   | 13486/20000 [5:31:00<2:27:37,  1.36s/it] 68%|   | 13548/20000 [5:32:27<2:28:30,  1.38s/it] 68%|   | 13557/20000 [5:32:40<2:28:17,  1.38s/it] 68%|   | 13621/20000 [5:34:07<2:26:28,  1.38s/it] 68%|   | 13629/20000 [5:34:20<2:26:17,  1.38s/it] 68%|   | 13691/20000 [5:35:48<2:26:55,  1.40s/it] 68%|   | 13699/20000 [5:36:00<2:26:44,  1.40s/it] 69%|   | 13756/20000 [5:37:28<2:29:41,  1.44s/it] 69%|   | 13762/20000 [5:37:40<2:29:32,  1.44s/it] 69%|   | 13824/20000 [5:39:10<2:29:34,  1.45s/it] 69%|   | 13832/20000 [5:39:20<2:29:22,  1.45s/it] 70%|   | 13900/20000 [5:40:51<2:23:40,  1.41s/it] 70%|   | 13912/20000 [5:41:10<2:23:23,  1.41s/it] 70%|   | 13972/20000 [5:42:31<2:21:23,  1.41s/it] 70%|   | 13986/20000 [5:42:50<2:21:03,  1.41s/it] 70%|   | 14048/20000 [5:44:12<2:17:06,  1.38s/it] 70%|   | 14061/20000 [5:44:30<2:16:48,  1.38s/it] 71%|   | 14126/20000 [5:45:53<2:12:38,  1.35s/it] 71%|   | 14138/20000 [5:46:10<2:12:21,  1.35s/it] 71%|   | 14197/20000 [5:47:33<2:12:43,  1.37s/it] 71%|   | 14209/20000 [5:47:50<2:12:26,  1.37s/it] 71%|  | 14268/20000 [5:49:13<2:12:09,  1.38s/it] 71%|  | 14280/20000 [5:49:30<2:11:53,  1.38s/it] 72%|  | 14343/20000 [5:50:54<2:09:12,  1.37s/it] 72%|  | 14354/20000 [5:51:10<2:08:57,  1.37s/it] 72%|  | 14414/20000 [5:52:35<2:09:06,  1.39s/it] 72%|  | 14423/20000 [5:52:50<2:08:54,  1.39s/it] 72%|  | 14489/20000 [5:54:16<2:06:18,  1.38s/it] 72%|  | 14498/20000 [5:54:30<2:06:06,  1.38s/it] 73%|  | 14561/20000 [5:55:57<2:05:23,  1.38s/it] 73%|  | 14569/20000 [5:56:10<2:05:12,  1.38s/it] 73%|  | 14638/20000 [5:57:38<2:01:30,  1.36s/it] 73%|  | 14647/20000 [5:57:50<2:01:18,  1.36s/it] 74%|  | 14711/20000 [5:59:19<2:00:22,  1.37s/it] 74%|  | 14718/20000 [5:59:30<2:00:13,  1.37s/it] 74%|  | 14786/20000 [6:00:59<1:57:53,  1.36s/it] 74%|  | 14795/20000 [6:01:10<1:57:41,  1.36s/it] 74%|  | 14864/20000 [6:02:39<1:54:16,  1.34s/it] 74%|  | 14871/20000 [6:02:50<1:54:07,  1.34s/it] 75%|  | 14935/20000 [6:04:21<1:55:04,  1.36s/it] 75%|  | 14948/20000 [6:04:40<1:54:47,  1.36s/it] 75%|  | 15011/20000 [6:06:01<1:52:10,  1.35s/it] 75%|  | 15025/20000 [6:06:20<1:51:51,  1.35s/it] 75%|  | 15086/20000 [6:07:41<1:50:07,  1.34s/it] 76%|  | 15100/20000 [6:08:00<1:49:48,  1.34s/it] 76%|  | 15159/20000 [6:09:22<1:49:28,  1.36s/it] 76%|  | 15169/20000 [6:09:40<1:49:15,  1.36s/it] 76%|  | 15235/20000 [6:11:04<1:47:08,  1.35s/it] 76%|  | 15248/20000 [6:11:20<1:46:50,  1.35s/it] 77%|  | 15310/20000 [6:12:45<1:45:32,  1.35s/it] 77%|  | 15319/20000 [6:13:00<1:45:20,  1.35s/it] 77%|  | 15378/20000 [6:14:25<1:46:41,  1.39s/it] 77%|  | 15386/20000 [6:14:40<1:46:30,  1.39s/it] 77%|  | 15453/20000 [6:16:05<1:43:47,  1.37s/it] 77%|  | 15462/20000 [6:16:20<1:43:34,  1.37s/it] 78%|  | 15524/20000 [6:17:46<1:43:08,  1.38s/it] 78%|  | 15534/20000 [6:18:00<1:42:54,  1.38s/it] 78%|  | 15597/20000 [6:19:27<1:41:25,  1.38s/it] 78%|  | 15608/20000 [6:19:40<1:41:10,  1.38s/it] 78%|  | 15669/20000 [6:21:07<1:40:00,  1.39s/it] 78%|  | 15678/20000 [6:21:20<1:39:48,  1.39s/it] 79%|  | 15744/20000 [6:22:49<1:37:35,  1.38s/it] 79%|  | 15751/20000 [6:23:00<1:37:25,  1.38s/it] 79%|  | 15820/20000 [6:24:29<1:34:48,  1.36s/it] 79%|  | 15828/20000 [6:24:40<1:34:37,  1.36s/it] 79%|  | 15895/20000 [6:26:10<1:32:36,  1.35s/it] 80%|  | 15902/20000 [6:26:20<1:32:26,  1.35s/it] 80%|  | 15970/20000 [6:27:51<1:30:51,  1.35s/it] 80%|  | 15984/20000 [6:28:10<1:30:32,  1.35s/it] 80%|  | 16047/20000 [6:29:31<1:28:03,  1.34s/it] 80%|  | 16060/20000 [6:29:50<1:27:46,  1.34s/it] 81%|  | 16120/20000 [6:31:12<1:27:20,  1.35s/it] 81%|  | 16133/20000 [6:31:30<1:27:03,  1.35s/it] 81%|  | 16193/20000 [6:32:53<1:26:11,  1.36s/it] 81%|  | 16206/20000 [6:33:10<1:25:53,  1.36s/it] 81%| | 16269/20000 [6:34:34<1:23:58,  1.35s/it] 81%| | 16280/20000 [6:34:50<1:23:43,  1.35s/it] 82%| | 16337/20000 [6:36:14<1:24:33,  1.39s/it] 82%| | 16347/20000 [6:36:30<1:24:19,  1.39s/it] 82%| | 16408/20000 [6:37:56<1:23:42,  1.40s/it] 82%| | 16418/20000 [6:38:10<1:23:28,  1.40s/it] 82%| | 16480/20000 [6:39:36<1:22:03,  1.40s/it] 82%| | 16491/20000 [6:39:50<1:21:47,  1.40s/it] 83%| | 16552/20000 [6:41:18<1:20:34,  1.40s/it] 83%| | 16561/20000 [6:41:30<1:20:22,  1.40s/it] 83%| | 16626/20000 [6:42:59<1:18:14,  1.39s/it] 83%| | 16634/20000 [6:43:10<1:18:02,  1.39s/it] 83%| | 16697/20000 [6:44:39<1:16:56,  1.40s/it] 84%| | 16705/20000 [6:44:50<1:16:44,  1.40s/it] 84%| | 16769/20000 [6:46:21<1:15:23,  1.40s/it] 84%| | 16781/20000 [6:46:40<1:15:06,  1.40s/it] 84%| | 16840/20000 [6:48:01<1:13:59,  1.40s/it] 84%| | 16852/20000 [6:48:20<1:13:42,  1.40s/it] 85%| | 16910/20000 [6:49:42<1:12:48,  1.41s/it] 85%| | 16923/20000 [6:50:00<1:12:30,  1.41s/it] 85%| | 16986/20000 [6:51:23<1:09:42,  1.39s/it] 85%| | 16997/20000 [6:51:40<1:09:27,  1.39s/it] 85%| | 17054/20000 [6:53:04<1:09:31,  1.42s/it] 85%| | 17064/20000 [6:53:20<1:09:16,  1.42s/it] 86%| | 17130/20000 [6:54:45<1:06:26,  1.39s/it] 86%| | 17140/20000 [6:55:00<1:06:12,  1.39s/it] 86%| | 17204/20000 [6:56:26<1:04:26,  1.38s/it] 86%| | 17214/20000 [6:56:40<1:04:12,  1.38s/it] 86%| | 17281/20000 [6:58:07<1:01:39,  1.36s/it] 86%| | 17291/20000 [6:58:20<1:01:25,  1.36s/it] 87%| | 17354/20000 [6:59:49<1:00:22,  1.37s/it] 87%| | 17362/20000 [7:00:00<1:00:11,  1.37s/it] 87%| | 17428/20000 [7:01:29<58:32,  1.37s/it]   87%| | 17436/20000 [7:01:40<58:21,  1.37s/it] 88%| | 17500/20000 [7:03:10<57:16,  1.37s/it] 88%| | 17508/20000 [7:03:20<57:05,  1.37s/it] 88%| | 17576/20000 [7:04:50<54:53,  1.36s/it] 88%| | 17592/20000 [7:05:10<54:32,  1.36s/it] 88%| | 17651/20000 [7:06:31<53:04,  1.36s/it] 88%| | 17665/20000 [7:06:50<52:45,  1.36s/it] 89%| | 17732/20000 [7:08:12<49:54,  1.32s/it] 89%| | 17745/20000 [7:08:30<49:37,  1.32s/it] 89%| | 17803/20000 [7:09:53<49:22,  1.35s/it] 89%| | 17814/20000 [7:10:10<49:07,  1.35s/it] 89%| | 17873/20000 [7:11:33<48:41,  1.37s/it] 89%| | 17884/20000 [7:11:50<48:26,  1.37s/it] 90%| | 17942/20000 [7:13:14<47:56,  1.40s/it] 90%| | 17951/20000 [7:13:30<47:43,  1.40s/it] 90%| | 18009/20000 [7:14:55<47:24,  1.43s/it] 90%| | 18021/20000 [7:15:10<47:07,  1.43s/it] 90%| | 18082/20000 [7:16:35<45:09,  1.41s/it] 90%| | 18091/20000 [7:16:50<44:57,  1.41s/it] 91%| | 18149/20000 [7:18:16<44:20,  1.44s/it] 91%| | 18157/20000 [7:18:30<44:08,  1.44s/it] 91%| | 18214/20000 [7:19:56<43:42,  1.47s/it] 91%| | 18223/20000 [7:20:10<43:29,  1.47s/it] 91%|| 18284/20000 [7:21:37<41:43,  1.46s/it] 91%|| 18291/20000 [7:21:50<41:33,  1.46s/it] 92%|| 18356/20000 [7:23:17<39:23,  1.44s/it] 92%|| 18365/20000 [7:23:30<39:10,  1.44s/it] 92%|| 18428/20000 [7:24:58<37:21,  1.43s/it] 92%|| 18437/20000 [7:25:10<37:08,  1.43s/it] 92%|| 18499/20000 [7:26:38<35:36,  1.42s/it] 93%|| 18508/20000 [7:26:50<35:23,  1.42s/it] 93%|| 18572/20000 [7:28:19<33:31,  1.41s/it] 93%|| 18579/20000 [7:28:30<33:21,  1.41s/it] 93%|| 18649/20000 [7:30:00<31:01,  1.38s/it] 93%|| 18655/20000 [7:30:10<30:52,  1.38s/it] 94%|| 18723/20000 [7:31:41<29:16,  1.38s/it] 94%|| 18736/20000 [7:32:00<28:58,  1.38s/it] 94%|| 18799/20000 [7:33:22<27:15,  1.36s/it] 94%|| 18812/20000 [7:33:40<26:58,  1.36s/it] 94%|| 18875/20000 [7:35:03<25:19,  1.35s/it] 94%|| 18888/20000 [7:35:20<25:01,  1.35s/it] 95%|| 18945/20000 [7:36:44<24:12,  1.38s/it] 95%|| 18958/20000 [7:37:00<23:54,  1.38s/it] 95%|| 19024/20000 [7:38:25<21:53,  1.35s/it] 95%|| 19036/20000 [7:38:40<21:37,  1.35s/it] 95%|| 19098/20000 [7:40:06<20:18,  1.35s/it] 96%|| 19106/20000 [7:40:20<20:07,  1.35s/it] 96%|| 19169/20000 [7:41:47<19:00,  1.37s/it] 96%|| 19176/20000 [7:42:00<18:50,  1.37s/it] 96%|| 19240/20000 [7:43:28<17:34,  1.39s/it] 96%|| 19248/20000 [7:43:40<17:23,  1.39s/it] 97%|| 19318/20000 [7:45:09<15:26,  1.36s/it] 97%|| 19327/20000 [7:45:20<15:13,  1.36s/it] 97%|| 19392/20000 [7:46:50<13:46,  1.36s/it] 97%|| 19399/20000 [7:47:00<13:37,  1.36s/it] 97%|| 19462/20000 [7:48:31<12:24,  1.38s/it] 97%|| 19475/20000 [7:48:50<12:06,  1.38s/it] 98%|| 19535/20000 [7:50:11<10:42,  1.38s/it] 98%|| 19548/20000 [7:50:30<10:24,  1.38s/it] 98%|| 19603/20000 [7:51:52<09:19,  1.41s/it] 98%|| 19616/20000 [7:52:10<09:01,  1.41s/it] 98%|| 19677/20000 [7:53:33<07:31,  1.40s/it] 98%|| 19689/20000 [7:53:50<07:14,  1.40s/it] 99%|| 19750/20000 [7:55:14<05:47,  1.39s/it] 99%|| 19762/20000 [7:55:30<05:30,  1.39s/it] 99%|| 19818/20000 [7:56:54<04:17,  1.42s/it] 99%|| 19828/20000 [7:57:10<04:03,  1.42s/it] 99%|| 19890/20000 [7:58:35<02:35,  1.41s/it] 99%|| 19898/20000 [7:58:50<02:23,  1.41s/it]100%|| 19964/20000 [8:00:16<00:50,  1.40s/it]100%|| 19973/20000 [8:00:30<00:37,  1.40s/it]100%|| 20000/20000 [8:01:06<00:00,  1.44s/it]

Analysis complete. Found 1 cluster(s) meeting the MCMC criterion.
Accepted cluster indices: [2]

--- Processing Final Results for Cluster 2 ---
--- MCMC Parameter Constraints for Cluster 2 ---
  x_src = 99.826 +0.177 / -0.174
  y_src = 104.740 +0.113 / -0.071
    z_s = 3.178 +0.215 / -0.150
Saving localization results for Cluster 2...
Processing results for Cluster 2...
-> Saved 340000 samples to /users/hiu-yeung.cheng/clusterlensing/out/row27/test_tidy_row27/cluster_2_posterior.npz
Updated CSV row 27 with result for cluster 2.
Loading data from /users/hiu-yeung.cheng/clusterlensing/out/row27/test_tidy_row27/cluster_2_posterior.npz...

Generating corner plot...
-> Corner plot saved to /users/hiu-yeung.cheng/clusterlensing/out/row27/test_tidy_row27/cluster_2_corner_from_saved.png

Generating trace plot...
-> Trace plot saved to /users/hiu-yeung.cheng/clusterlensing/out/row27/test_tidy_row27/cluster_2_trace.png
