Row=28 OUT_DIR=/users/hiu-yeung.cheng/clusterlensing/out/row28 DE_PROCS=16 MCMC_PROCS=16
Setup complete. Lensing system initialized.
True time delays: [    0.         21138.49451889 23966.55286917 24652.28922402
 24816.23428032]
True luminosity distances: 34795.74534519337
Lensed luminosity distances: [16064.37832836  7385.33955033  6500.34774616  7234.83564412
 15361.30149902]

Running the full analysis pipeline...
--- Running DE for Cluster 0 ---
[DE] Process Pool with 16 procs (init=latinhypercube, popsize=50)
differential_evolution step 1: f(x)= 4242.640687119286
differential_evolution step 2: f(x)= 4242.640687119286
differential_evolution step 3: f(x)= 3000.0
differential_evolution step 4: f(x)= 2814.081880201797
differential_evolution step 5: f(x)= 2814.081880201797
differential_evolution step 6: f(x)= 2814.081880201797
differential_evolution step 7: f(x)= 2814.081880201797
differential_evolution step 8: f(x)= 2814.081880201797
differential_evolution step 9: f(x)= 2814.081880201797
differential_evolution step 10: f(x)= 2814.081880201797
differential_evolution step 11: f(x)= 2814.081880201797
differential_evolution step 12: f(x)= 2814.081880201797
differential_evolution step 13: f(x)= 1994.526495618327
differential_evolution step 14: f(x)= 1994.526495618327
differential_evolution step 15: f(x)= 323.49085815163085
differential_evolution step 16: f(x)= 323.49085815163085
differential_evolution step 17: f(x)= 323.49085815163085
differential_evolution step 18: f(x)= 323.49085815163085
differential_evolution step 19: f(x)= 323.49085815163085
differential_evolution step 20: f(x)= 323.49085815163085
differential_evolution step 21: f(x)= 323.49085815163085
differential_evolution step 22: f(x)= 323.49085815163085
differential_evolution step 23: f(x)= 323.49085815163085
differential_evolution step 24: f(x)= 323.49085815163085
differential_evolution step 25: f(x)= 323.49085815163085
differential_evolution step 26: f(x)= 323.49085815163085
differential_evolution step 27: f(x)= 323.49085815163085
differential_evolution step 28: f(x)= 323.49085815163085
differential_evolution step 29: f(x)= 323.49085815163085
differential_evolution step 30: f(x)= 323.49085815163085
differential_evolution step 31: f(x)= 323.49085815163085
differential_evolution step 32: f(x)= 323.49085815163085
differential_evolution step 33: f(x)= 323.49085815163085
differential_evolution step 34: f(x)= 323.49085815163085
differential_evolution step 35: f(x)= 323.49085815163085
differential_evolution step 36: f(x)= 323.49085815163085
differential_evolution step 37: f(x)= 323.49085815163085
differential_evolution step 38: f(x)= 323.49085815163085
differential_evolution step 39: f(x)= 323.49085815163085
differential_evolution step 40: f(x)= 242.30331902379962
differential_evolution step 41: f(x)= 242.30331902379962
differential_evolution step 42: f(x)= 242.30331902379962
differential_evolution step 43: f(x)= 242.30331902379962
differential_evolution step 44: f(x)= 242.30331902379962
differential_evolution step 45: f(x)= 242.30331902379962
differential_evolution step 46: f(x)= 242.30331902379962
differential_evolution step 47: f(x)= 242.30331902379962
differential_evolution step 48: f(x)= 242.30331902379962
differential_evolution step 49: f(x)= 242.30331902379962
differential_evolution step 50: f(x)= 242.30331902379962
differential_evolution step 51: f(x)= 242.30331902379962
differential_evolution step 52: f(x)= 242.30331902379962
differential_evolution step 53: f(x)= 242.30331902379962
differential_evolution step 54: f(x)= 242.30331902379962
differential_evolution step 55: f(x)= 168.9091347429952
differential_evolution step 56: f(x)= 168.9091347429952
differential_evolution step 57: f(x)= 168.9091347429952
differential_evolution step 58: f(x)= 168.9091347429952
differential_evolution step 59: f(x)= 168.9091347429952
differential_evolution step 60: f(x)= 168.9091347429952
differential_evolution step 61: f(x)= 168.9091347429952
differential_evolution step 62: f(x)= 168.9091347429952
differential_evolution step 63: f(x)= 168.9091347429952
differential_evolution step 64: f(x)= 168.9091347429952
differential_evolution step 65: f(x)= 168.9091347429952
differential_evolution step 66: f(x)= 168.9091347429952
differential_evolution step 67: f(x)= 168.9091347429952
differential_evolution step 68: f(x)= 159.30634771899756
differential_evolution step 69: f(x)= 159.30634771899756
differential_evolution step 70: f(x)= 159.30634771899756
differential_evolution step 71: f(x)= 159.30634771899756
differential_evolution step 72: f(x)= 159.30634771899756
differential_evolution step 73: f(x)= 159.30634771899756
differential_evolution step 74: f(x)= 159.30634771899756
differential_evolution step 75: f(x)= 159.30634771899756
differential_evolution step 76: f(x)= 159.30634771899756
differential_evolution step 77: f(x)= 159.30634771899756
differential_evolution step 78: f(x)= 159.30634771899756
differential_evolution step 79: f(x)= 159.30634771899756
differential_evolution step 80: f(x)= 159.30634771899756
differential_evolution step 81: f(x)= 159.30634771899756
differential_evolution step 82: f(x)= 159.30634771899756
differential_evolution step 83: f(x)= 159.30634771899756
differential_evolution step 84: f(x)= 159.30634771899756
differential_evolution step 85: f(x)= 159.30634771899756
differential_evolution step 86: f(x)= 159.30634771899756
differential_evolution step 87: f(x)= 159.30634771899756
differential_evolution step 88: f(x)= 159.30634771899756
differential_evolution step 89: f(x)= 159.30634771899756
differential_evolution step 90: f(x)= 159.30634771899756
differential_evolution step 91: f(x)= 159.30634771899756
differential_evolution step 92: f(x)= 159.30634771899756
differential_evolution step 93: f(x)= 159.30634771899756
differential_evolution step 94: f(x)= 159.30634771899756
differential_evolution step 95: f(x)= 159.30634771899756
differential_evolution step 96: f(x)= 159.30634771899756
differential_evolution step 97: f(x)= 159.30634771899756
differential_evolution step 98: f(x)= 159.30634771899756
differential_evolution step 99: f(x)= 159.30634771899756
differential_evolution step 100: f(x)= 159.30634771899756
differential_evolution step 101: f(x)= 159.30634771899756
differential_evolution step 102: f(x)= 159.30634771899756
differential_evolution step 103: f(x)= 158.76643820109206
differential_evolution step 104: f(x)= 158.76643820109206
differential_evolution step 105: f(x)= 158.76643820109206
differential_evolution step 106: f(x)= 158.76643820109206
differential_evolution step 107: f(x)= 158.76643820109206
differential_evolution step 108: f(x)= 152.52136878362518
differential_evolution step 109: f(x)= 152.52136878362518
differential_evolution step 110: f(x)= 152.52136878362518
differential_evolution step 111: f(x)= 152.52136878362518
differential_evolution step 112: f(x)= 152.52136878362518
differential_evolution step 113: f(x)= 152.52136878362518
differential_evolution step 114: f(x)= 152.52136878362518
differential_evolution step 115: f(x)= 152.52136878362518
differential_evolution step 116: f(x)= 152.52136878362518
differential_evolution step 117: f(x)= 152.52136878362518
differential_evolution step 118: f(x)= 152.52136878362518
differential_evolution step 119: f(x)= 152.52136878362518
differential_evolution step 120: f(x)= 152.52136878362518
differential_evolution step 121: f(x)= 152.52136878362518
differential_evolution step 122: f(x)= 152.52136878362518
differential_evolution step 123: f(x)= 152.52136878362518
differential_evolution step 124: f(x)= 152.52136878362518
differential_evolution step 125: f(x)= 152.52136878362518
differential_evolution step 126: f(x)= 152.52136878362518
differential_evolution step 127: f(x)= 152.52136878362518
differential_evolution step 128: f(x)= 151.87430650208563
differential_evolution step 129: f(x)= 151.87430650208563
differential_evolution step 130: f(x)= 151.87430650208563
differential_evolution step 131: f(x)= 151.87430650208563
differential_evolution step 132: f(x)= 151.36167131932385
differential_evolution step 133: f(x)= 151.36167131932385
differential_evolution step 134: f(x)= 151.36167131932385
differential_evolution step 135: f(x)= 151.36167131932385
differential_evolution step 136: f(x)= 151.36167131932385
differential_evolution step 137: f(x)= 151.36167131932385
differential_evolution step 138: f(x)= 151.16113305064187
differential_evolution step 139: f(x)= 151.16113305064187
differential_evolution step 140: f(x)= 150.46221135592418
differential_evolution step 141: f(x)= 150.46221135592418
differential_evolution step 142: f(x)= 150.46221135592418
differential_evolution step 143: f(x)= 150.46221135592418
differential_evolution step 144: f(x)= 150.46221135592418
differential_evolution step 145: f(x)= 150.46221135592418
differential_evolution step 146: f(x)= 150.46221135592418
differential_evolution step 147: f(x)= 150.46221135592418
differential_evolution step 148: f(x)= 149.97014869540615
differential_evolution step 149: f(x)= 149.94844849186228
differential_evolution step 150: f(x)= 149.94844849186228
differential_evolution step 151: f(x)= 149.8371405738032
differential_evolution step 152: f(x)= 149.8371405738032
differential_evolution step 153: f(x)= 149.8371405738032
differential_evolution step 154: f(x)= 149.8371405738032
differential_evolution step 155: f(x)= 149.8371405738032
differential_evolution step 156: f(x)= 149.78200143240778
differential_evolution step 157: f(x)= 149.78200143240778
differential_evolution step 158: f(x)= 149.78200143240778
differential_evolution step 159: f(x)= 149.78200143240778
differential_evolution step 160: f(x)= 149.78200143240778
differential_evolution step 161: f(x)= 149.74836497439526
differential_evolution step 162: f(x)= 149.74836497439526
differential_evolution step 163: f(x)= 149.74836497439526
differential_evolution step 164: f(x)= 149.74836497439526
differential_evolution step 165: f(x)= 149.74836497439526
differential_evolution step 166: f(x)= 149.74836497439526
differential_evolution step 167: f(x)= 149.74836497439526
differential_evolution step 168: f(x)= 149.74836497439526
differential_evolution step 169: f(x)= 149.74836497439526
differential_evolution step 170: f(x)= 149.74836497439526
differential_evolution step 171: f(x)= 149.74836497439526
differential_evolution step 172: f(x)= 149.74836497439526
differential_evolution step 173: f(x)= 149.74836497439526
differential_evolution step 174: f(x)= 149.74836497439526
differential_evolution step 175: f(x)= 149.74836497439526
differential_evolution step 176: f(x)= 149.5058023316182
differential_evolution step 177: f(x)= 149.5058023316182
differential_evolution step 178: f(x)= 149.5058023316182
differential_evolution step 179: f(x)= 149.5058023316182
differential_evolution step 180: f(x)= 149.5058023316182
differential_evolution step 181: f(x)= 149.5058023316182
differential_evolution step 182: f(x)= 149.5058023316182
differential_evolution step 183: f(x)= 149.5058023316182
differential_evolution step 184: f(x)= 149.5058023316182
differential_evolution step 185: f(x)= 149.5058023316182
differential_evolution step 186: f(x)= 149.5058023316182
differential_evolution step 187: f(x)= 149.5058023316182
differential_evolution step 188: f(x)= 149.5058023316182
differential_evolution step 189: f(x)= 149.5058023316182
differential_evolution step 190: f(x)= 149.5058023316182
differential_evolution step 191: f(x)= 149.5058023316182
differential_evolution step 192: f(x)= 149.5058023316182
differential_evolution step 193: f(x)= 149.5058023316182
differential_evolution step 194: f(x)= 149.5058023316182
differential_evolution step 195: f(x)= 149.5058023316182
differential_evolution step 196: f(x)= 149.5058023316182
differential_evolution step 197: f(x)= 149.5058023316182
differential_evolution step 198: f(x)= 149.5058023316182
differential_evolution step 199: f(x)= 149.5058023316182
differential_evolution step 200: f(x)= 149.49456015637014
Cluster 0 DE best chi^2: 149.495 with params {'x_src': np.float64(70.55284361541075), 'y_src': np.float64(78.2206229801881), 'z_s': np.float64(3.6699004969449174)}
--- Running DE for Cluster 1 ---
[DE] Process Pool with 16 procs (init=latinhypercube, popsize=50)
differential_evolution step 1: f(x)= 4242.640687119286
differential_evolution step 2: f(x)= 4242.640687119286
differential_evolution step 3: f(x)= 3000.0
differential_evolution step 4: f(x)= 3000.0
differential_evolution step 5: f(x)= 3000.0
differential_evolution step 6: f(x)= 3000.0
differential_evolution step 7: f(x)= 3000.0
differential_evolution step 8: f(x)= 3000.0
differential_evolution step 9: f(x)= 3000.0
differential_evolution step 10: f(x)= 3000.0
differential_evolution step 11: f(x)= 3000.0
differential_evolution step 12: f(x)= 3000.0
differential_evolution step 13: f(x)= 3000.0
differential_evolution step 14: f(x)= 3000.0
differential_evolution step 15: f(x)= 3000.0
differential_evolution step 16: f(x)= 3000.0
differential_evolution step 17: f(x)= 3000.0
differential_evolution step 18: f(x)= 3000.0
differential_evolution step 19: f(x)= 3000.0
differential_evolution step 20: f(x)= 3000.0
differential_evolution step 21: f(x)= 3000.0
differential_evolution step 22: f(x)= 3000.0
differential_evolution step 23: f(x)= 3000.0
differential_evolution step 24: f(x)= 3000.0
differential_evolution step 25: f(x)= 3000.0
differential_evolution step 26: f(x)= 3000.0
differential_evolution step 27: f(x)= 3000.0
differential_evolution step 28: f(x)= 3000.0
differential_evolution step 29: f(x)= 3000.0
Cluster 1 DE best chi^2: 3000.000 with params {'x_src': np.float64(212.02133650954835), 'y_src': np.float64(188.11858137471347), 'z_s': np.float64(2.4148185570815155)}
--- Running DE for Cluster 2 ---
[DE] Process Pool with 16 procs (init=latinhypercube, popsize=50)
differential_evolution step 1: f(x)= 4242.640687119286
differential_evolution step 2: f(x)= 4242.640687119286
differential_evolution step 3: f(x)= 4242.640687119286
differential_evolution step 4: f(x)= 4242.640687119286
differential_evolution step 5: f(x)= 45.365708521956265
differential_evolution step 6: f(x)= 45.365708521956265
differential_evolution step 7: f(x)= 45.365708521956265
differential_evolution step 8: f(x)= 45.365708521956265
differential_evolution step 9: f(x)= 45.365708521956265
differential_evolution step 10: f(x)= 45.365708521956265
differential_evolution step 11: f(x)= 45.365708521956265
differential_evolution step 12: f(x)= 36.16996906383779
differential_evolution step 13: f(x)= 36.16996906383779
differential_evolution step 14: f(x)= 36.16996906383779
differential_evolution step 15: f(x)= 36.16996906383779
differential_evolution step 16: f(x)= 36.16996906383779
differential_evolution step 17: f(x)= 11.961774617728482
differential_evolution step 18: f(x)= 11.961774617728482
differential_evolution step 19: f(x)= 11.961774617728482
differential_evolution step 20: f(x)= 11.961774617728482
differential_evolution step 21: f(x)= 11.961774617728482
differential_evolution step 22: f(x)= 11.961774617728482
differential_evolution step 23: f(x)= 11.961774617728482
differential_evolution step 24: f(x)= 11.961774617728482
differential_evolution step 25: f(x)= 11.961774617728482
differential_evolution step 26: f(x)= 10.362338235180463
differential_evolution step 27: f(x)= 10.362338235180463
differential_evolution step 28: f(x)= 10.362338235180463
differential_evolution step 29: f(x)= 10.362338235180463
differential_evolution step 30: f(x)= 10.362338235180463
differential_evolution step 31: f(x)= 10.362338235180463
differential_evolution step 32: f(x)= 10.362338235180463
differential_evolution step 33: f(x)= 10.362338235180463
differential_evolution step 34: f(x)= 10.362338235180463
differential_evolution step 35: f(x)= 10.362338235180463
differential_evolution step 36: f(x)= 10.362338235180463
differential_evolution step 37: f(x)= 10.362338235180463
differential_evolution step 38: f(x)= 10.362338235180463
differential_evolution step 39: f(x)= 10.362338235180463
differential_evolution step 40: f(x)= 3.2909599182340656
differential_evolution step 41: f(x)= 3.2909599182340656
differential_evolution step 42: f(x)= 3.2909599182340656
differential_evolution step 43: f(x)= 3.2909599182340656
differential_evolution step 44: f(x)= 3.2909599182340656
differential_evolution step 45: f(x)= 3.2909599182340656
differential_evolution step 46: f(x)= 3.2909599182340656
differential_evolution step 47: f(x)= 3.2909599182340656
differential_evolution step 48: f(x)= 3.2909599182340656
differential_evolution step 49: f(x)= 3.2909599182340656
differential_evolution step 50: f(x)= 3.2909599182340656
differential_evolution step 51: f(x)= 3.2909599182340656
differential_evolution step 52: f(x)= 3.2909599182340656
differential_evolution step 53: f(x)= 3.2909599182340656
differential_evolution step 54: f(x)= 2.600442800841316
differential_evolution step 55: f(x)= 2.600442800841316
differential_evolution step 56: f(x)= 2.600442800841316
differential_evolution step 57: f(x)= 2.600442800841316
differential_evolution step 58: f(x)= 2.600442800841316
differential_evolution step 59: f(x)= 2.600442800841316
differential_evolution step 60: f(x)= 2.141061809571437
differential_evolution step 61: f(x)= 2.141061809571437
differential_evolution step 62: f(x)= 2.141061809571437
differential_evolution step 63: f(x)= 2.141061809571437
differential_evolution step 64: f(x)= 2.141061809571437
differential_evolution step 65: f(x)= 2.141061809571437
differential_evolution step 66: f(x)= 1.850558366451269
differential_evolution step 67: f(x)= 1.850558366451269
differential_evolution step 68: f(x)= 1.850558366451269
differential_evolution step 69: f(x)= 0.3491322787896256
differential_evolution step 70: f(x)= 0.3491322787896256
differential_evolution step 71: f(x)= 0.3491322787896256
differential_evolution step 72: f(x)= 0.3491322787896256
differential_evolution step 73: f(x)= 0.3491322787896256
differential_evolution step 74: f(x)= 0.3491322787896256
differential_evolution step 75: f(x)= 0.3491322787896256
differential_evolution step 76: f(x)= 0.3491322787896256
differential_evolution step 77: f(x)= 0.3491322787896256
differential_evolution step 78: f(x)= 0.3491322787896256
differential_evolution step 79: f(x)= 0.3491322787896256
differential_evolution step 80: f(x)= 0.3491322787896256
differential_evolution step 81: f(x)= 0.3491322787896256
differential_evolution step 82: f(x)= 0.3491322787896256
differential_evolution step 83: f(x)= 0.3491322787896256
differential_evolution step 84: f(x)= 0.3491322787896256
differential_evolution step 85: f(x)= 0.3491322787896256
differential_evolution step 86: f(x)= 0.3491322787896256
differential_evolution step 87: f(x)= 0.3491322787896256
differential_evolution step 88: f(x)= 0.3491322787896256
differential_evolution step 89: f(x)= 0.3491322787896256
differential_evolution step 90: f(x)= 0.3491322787896256
differential_evolution step 91: f(x)= 0.3491322787896256
differential_evolution step 92: f(x)= 0.3491322787896256
differential_evolution step 93: f(x)= 0.3491322787896256
differential_evolution step 94: f(x)= 0.3491322787896256
differential_evolution step 95: f(x)= 0.32302798431095925
differential_evolution step 96: f(x)= 0.32302798431095925
differential_evolution step 97: f(x)= 0.1871526645458751
differential_evolution step 98: f(x)= 0.1871526645458751
differential_evolution step 99: f(x)= 0.1871526645458751
differential_evolution step 100: f(x)= 0.1871526645458751
differential_evolution step 101: f(x)= 0.1871526645458751
differential_evolution step 102: f(x)= 0.1158281233204153
differential_evolution step 103: f(x)= 0.1158281233204153
differential_evolution step 104: f(x)= 0.1158281233204153
differential_evolution step 105: f(x)= 0.1158281233204153
differential_evolution step 106: f(x)= 0.10809476911138663
differential_evolution step 107: f(x)= 0.030128096149715435
Cluster 2 DE best chi^2: 0.030 with params {'x_src': np.float64(101.93219552773114), 'y_src': np.float64(106.02172787217225), 'z_s': np.float64(3.8770021742531187)}
--- Running DE for Cluster 3 ---
[DE] Process Pool with 16 procs (init=latinhypercube, popsize=50)
differential_evolution step 1: f(x)= 4242.640687119286
differential_evolution step 2: f(x)= 4242.640687119286
differential_evolution step 3: f(x)= 3000.0
differential_evolution step 4: f(x)= 3000.0
differential_evolution step 5: f(x)= 3000.0
differential_evolution step 6: f(x)= 3000.0
differential_evolution step 7: f(x)= 3000.0
differential_evolution step 8: f(x)= 3000.0
differential_evolution step 9: f(x)= 3000.0
differential_evolution step 10: f(x)= 3000.0
differential_evolution step 11: f(x)= 3000.0
differential_evolution step 12: f(x)= 3000.0
differential_evolution step 13: f(x)= 3000.0
differential_evolution step 14: f(x)= 3000.0
differential_evolution step 15: f(x)= 3000.0
differential_evolution step 16: f(x)= 3000.0
differential_evolution step 17: f(x)= 3000.0
differential_evolution step 18: f(x)= 3000.0
differential_evolution step 19: f(x)= 3000.0
differential_evolution step 20: f(x)= 3000.0
differential_evolution step 21: f(x)= 3000.0
differential_evolution step 22: f(x)= 3000.0
differential_evolution step 23: f(x)= 3000.0
differential_evolution step 24: f(x)= 3000.0
differential_evolution step 25: f(x)= 3000.0
differential_evolution step 26: f(x)= 3000.0
differential_evolution step 27: f(x)= 3000.0
differential_evolution step 28: f(x)= 3000.0
differential_evolution step 29: f(x)= 3000.0
differential_evolution step 30: f(x)= 3000.0
differential_evolution step 31: f(x)= 3000.0
differential_evolution step 32: f(x)= 3000.0
differential_evolution step 33: f(x)= 3000.0
differential_evolution step 34: f(x)= 3000.0
differential_evolution step 35: f(x)= 3000.0
differential_evolution step 36: f(x)= 3000.0
differential_evolution step 37: f(x)= 3000.0
differential_evolution step 38: f(x)= 3000.0
differential_evolution step 39: f(x)= 3000.0
differential_evolution step 40: f(x)= 3000.0
differential_evolution step 41: f(x)= 3000.0
differential_evolution step 42: f(x)= 3000.0
differential_evolution step 43: f(x)= 3000.0
differential_evolution step 44: f(x)= 3000.0
differential_evolution step 45: f(x)= 3000.0
differential_evolution step 46: f(x)= 3000.0
differential_evolution step 47: f(x)= 3000.0
differential_evolution step 48: f(x)= 3000.0
differential_evolution step 49: f(x)= 3000.0
differential_evolution step 50: f(x)= 3000.0
differential_evolution step 51: f(x)= 3000.0
differential_evolution step 52: f(x)= 3000.0
differential_evolution step 53: f(x)= 3000.0
differential_evolution step 54: f(x)= 3000.0
differential_evolution step 55: f(x)= 3000.0
differential_evolution step 56: f(x)= 3000.0
differential_evolution step 57: f(x)= 3000.0
differential_evolution step 58: f(x)= 3000.0
differential_evolution step 59: f(x)= 3000.0
differential_evolution step 60: f(x)= 3000.0
differential_evolution step 61: f(x)= 3000.0
differential_evolution step 62: f(x)= 3000.0
differential_evolution step 63: f(x)= 3000.0
differential_evolution step 64: f(x)= 3000.0
differential_evolution step 65: f(x)= 3000.0
differential_evolution step 66: f(x)= 3000.0
differential_evolution step 67: f(x)= 3000.0
differential_evolution step 68: f(x)= 3000.0
differential_evolution step 69: f(x)= 3000.0
differential_evolution step 70: f(x)= 3000.0
differential_evolution step 71: f(x)= 3000.0
differential_evolution step 72: f(x)= 3000.0
differential_evolution step 73: f(x)= 3000.0
differential_evolution step 74: f(x)= 3000.0
differential_evolution step 75: f(x)= 3000.0
differential_evolution step 76: f(x)= 3000.0
differential_evolution step 77: f(x)= 3000.0
differential_evolution step 78: f(x)= 3000.0
differential_evolution step 79: f(x)= 3000.0
differential_evolution step 80: f(x)= 3000.0
differential_evolution step 81: f(x)= 3000.0
differential_evolution step 82: f(x)= 3000.0
differential_evolution step 83: f(x)= 3000.0
differential_evolution step 84: f(x)= 3000.0
differential_evolution step 85: f(x)= 3000.0
differential_evolution step 86: f(x)= 3000.0
differential_evolution step 87: f(x)= 3000.0
differential_evolution step 88: f(x)= 3000.0
differential_evolution step 89: f(x)= 3000.0
differential_evolution step 90: f(x)= 3000.0
differential_evolution step 91: f(x)= 3000.0
differential_evolution step 92: f(x)= 3000.0
differential_evolution step 93: f(x)= 3000.0
differential_evolution step 94: f(x)= 3000.0
differential_evolution step 95: f(x)= 3000.0
differential_evolution step 96: f(x)= 3000.0
differential_evolution step 97: f(x)= 3000.0
differential_evolution step 98: f(x)= 3000.0
differential_evolution step 99: f(x)= 3000.0
differential_evolution step 100: f(x)= 3000.0
differential_evolution step 101: f(x)= 3000.0
differential_evolution step 102: f(x)= 3000.0
differential_evolution step 103: f(x)= 3000.0
differential_evolution step 104: f(x)= 3000.0
differential_evolution step 105: f(x)= 3000.0
differential_evolution step 106: f(x)= 3000.0
differential_evolution step 107: f(x)= 3000.0
differential_evolution step 108: f(x)= 3000.0
differential_evolution step 109: f(x)= 3000.0
differential_evolution step 110: f(x)= 3000.0
differential_evolution step 111: f(x)= 3000.0
differential_evolution step 112: f(x)= 3000.0
differential_evolution step 113: f(x)= 3000.0
differential_evolution step 114: f(x)= 3000.0
differential_evolution step 115: f(x)= 3000.0
differential_evolution step 116: f(x)= 3000.0
differential_evolution step 117: f(x)= 3000.0
differential_evolution step 118: f(x)= 3000.0
differential_evolution step 119: f(x)= 3000.0
differential_evolution step 120: f(x)= 3000.0
differential_evolution step 121: f(x)= 3000.0
differential_evolution step 122: f(x)= 3000.0
differential_evolution step 123: f(x)= 3000.0
differential_evolution step 124: f(x)= 3000.0
differential_evolution step 125: f(x)= 3000.0
differential_evolution step 126: f(x)= 3000.0
Cluster 3 DE best chi^2: 3000.000 with params {'x_src': np.float64(115.35956797189368), 'y_src': np.float64(127.93383508975288), 'z_s': np.float64(4.514623916388904)}
--- Running DE for Cluster 4 ---
[DE] Process Pool with 16 procs (init=latinhypercube, popsize=50)
differential_evolution step 1: f(x)= 669.9864571905052
differential_evolution step 2: f(x)= 669.9864571905052
differential_evolution step 3: f(x)= 669.9864571905052
differential_evolution step 4: f(x)= 669.9864571905052
differential_evolution step 5: f(x)= 669.9864571905052
differential_evolution step 6: f(x)= 669.9864571905052
differential_evolution step 7: f(x)= 669.9864571905052
differential_evolution step 8: f(x)= 305.7801250517396
differential_evolution step 9: f(x)= 305.7801250517396
differential_evolution step 10: f(x)= 130.57462006017923
differential_evolution step 11: f(x)= 130.57462006017923
differential_evolution step 12: f(x)= 130.57462006017923
differential_evolution step 13: f(x)= 130.57462006017923
differential_evolution step 14: f(x)= 130.57462006017923
differential_evolution step 15: f(x)= 130.57462006017923
differential_evolution step 16: f(x)= 130.57462006017923
differential_evolution step 17: f(x)= 130.57462006017923
differential_evolution step 18: f(x)= 130.57462006017923
differential_evolution step 19: f(x)= 130.57462006017923
differential_evolution step 20: f(x)= 130.57462006017923
differential_evolution step 21: f(x)= 130.57462006017923
differential_evolution step 22: f(x)= 130.57462006017923
differential_evolution step 23: f(x)= 130.57462006017923
differential_evolution step 24: f(x)= 130.57462006017923
differential_evolution step 25: f(x)= 130.57462006017923
differential_evolution step 26: f(x)= 130.57462006017923
differential_evolution step 27: f(x)= 130.57462006017923
differential_evolution step 28: f(x)= 130.57462006017923
differential_evolution step 29: f(x)= 130.57462006017923
differential_evolution step 30: f(x)= 130.57462006017923
differential_evolution step 31: f(x)= 130.57462006017923
differential_evolution step 32: f(x)= 130.57462006017923
differential_evolution step 33: f(x)= 130.57462006017923
differential_evolution step 34: f(x)= 130.57462006017923
differential_evolution step 35: f(x)= 130.57462006017923
differential_evolution step 36: f(x)= 130.57462006017923
differential_evolution step 37: f(x)= 130.57462006017923
differential_evolution step 38: f(x)= 101.00622006967717
differential_evolution step 39: f(x)= 101.00622006967717
differential_evolution step 40: f(x)= 101.00622006967717
differential_evolution step 41: f(x)= 80.2239340992316
differential_evolution step 42: f(x)= 80.2239340992316
differential_evolution step 43: f(x)= 80.2239340992316
differential_evolution step 44: f(x)= 80.2239340992316
differential_evolution step 45: f(x)= 80.2239340992316
differential_evolution step 46: f(x)= 80.2239340992316
differential_evolution step 47: f(x)= 80.2239340992316
differential_evolution step 48: f(x)= 80.2239340992316
differential_evolution step 49: f(x)= 80.2239340992316
differential_evolution step 50: f(x)= 80.2239340992316
differential_evolution step 51: f(x)= 71.48216760987553
differential_evolution step 52: f(x)= 71.48216760987553
differential_evolution step 53: f(x)= 71.48216760987553
differential_evolution step 54: f(x)= 71.48216760987553
differential_evolution step 55: f(x)= 71.48216760987553
differential_evolution step 56: f(x)= 71.48216760987553
differential_evolution step 57: f(x)= 71.48216760987553
differential_evolution step 58: f(x)= 71.48216760987553
differential_evolution step 59: f(x)= 71.48216760987553
differential_evolution step 60: f(x)= 71.48216760987553
differential_evolution step 61: f(x)= 71.48216760987553
differential_evolution step 62: f(x)= 71.48216760987553
differential_evolution step 63: f(x)= 71.48216760987553
differential_evolution step 64: f(x)= 71.48216760987553
differential_evolution step 65: f(x)= 71.48216760987553
differential_evolution step 66: f(x)= 71.48216760987553
differential_evolution step 67: f(x)= 71.48216760987553
differential_evolution step 68: f(x)= 71.48216760987553
differential_evolution step 69: f(x)= 71.48216760987553
differential_evolution step 70: f(x)= 71.48216760987553
differential_evolution step 71: f(x)= 71.48216760987553
differential_evolution step 72: f(x)= 71.48216760987553
differential_evolution step 73: f(x)= 71.48216760987553
differential_evolution step 74: f(x)= 71.48216760987553
differential_evolution step 75: f(x)= 71.48216760987553
differential_evolution step 76: f(x)= 71.48216760987553
differential_evolution step 77: f(x)= 71.48216760987553
differential_evolution step 78: f(x)= 71.48216760987553
differential_evolution step 79: f(x)= 71.48216760987553
differential_evolution step 80: f(x)= 71.48216760987553
differential_evolution step 81: f(x)= 71.48216760987553
differential_evolution step 82: f(x)= 71.48216760987553
differential_evolution step 83: f(x)= 71.48216760987553
differential_evolution step 84: f(x)= 71.48216760987553
differential_evolution step 85: f(x)= 71.48216760987553
differential_evolution step 86: f(x)= 71.48216760987553
differential_evolution step 87: f(x)= 71.48216760987553
differential_evolution step 88: f(x)= 71.48216760987553
differential_evolution step 89: f(x)= 71.48216760987553
differential_evolution step 90: f(x)= 71.48216760987553
differential_evolution step 91: f(x)= 71.48216760987553
differential_evolution step 92: f(x)= 71.48216760987553
differential_evolution step 93: f(x)= 71.48216760987553
differential_evolution step 94: f(x)= 71.48216760987553
differential_evolution step 95: f(x)= 71.48216760987553
differential_evolution step 96: f(x)= 71.48216760987553
differential_evolution step 97: f(x)= 71.48216760987553
differential_evolution step 98: f(x)= 71.48216760987553
differential_evolution step 99: f(x)= 71.48216760987553
differential_evolution step 100: f(x)= 71.48216760987553
differential_evolution step 101: f(x)= 71.48216760987553
differential_evolution step 102: f(x)= 71.48216760987553
differential_evolution step 103: f(x)= 71.48216760987553
differential_evolution step 104: f(x)= 71.48216760987553
differential_evolution step 105: f(x)= 71.48216760987553
differential_evolution step 106: f(x)= 71.48216760987553
differential_evolution step 107: f(x)= 71.48216760987553
differential_evolution step 108: f(x)= 71.48216760987553
differential_evolution step 109: f(x)= 71.48216760987553
differential_evolution step 110: f(x)= 71.48216760987553
differential_evolution step 111: f(x)= 71.48216760987553
differential_evolution step 112: f(x)= 71.48216760987553
differential_evolution step 113: f(x)= 71.48216760987553
differential_evolution step 114: f(x)= 71.48216760987553
differential_evolution step 115: f(x)= 71.48216760987553
differential_evolution step 116: f(x)= 71.48216760987553
differential_evolution step 117: f(x)= 63.31258463546901
differential_evolution step 118: f(x)= 63.31258463546901
differential_evolution step 119: f(x)= 63.31258463546901
differential_evolution step 120: f(x)= 63.31258463546901
differential_evolution step 121: f(x)= 63.31258463546901
differential_evolution step 122: f(x)= 63.31258463546901
differential_evolution step 123: f(x)= 63.31258463546901
differential_evolution step 124: f(x)= 63.31258463546901
differential_evolution step 125: f(x)= 63.31258463546901
differential_evolution step 126: f(x)= 63.31258463546901
differential_evolution step 127: f(x)= 63.31258463546901
differential_evolution step 128: f(x)= 63.31258463546901
differential_evolution step 129: f(x)= 63.31258463546901
differential_evolution step 130: f(x)= 63.31258463546901
differential_evolution step 131: f(x)= 63.31258463546901
differential_evolution step 132: f(x)= 63.31258463546901
differential_evolution step 133: f(x)= 63.31258463546901
differential_evolution step 134: f(x)= 63.31258463546901
differential_evolution step 135: f(x)= 63.31258463546901
differential_evolution step 136: f(x)= 63.31258463546901
differential_evolution step 137: f(x)= 63.31258463546901
differential_evolution step 138: f(x)= 63.31258463546901
differential_evolution step 139: f(x)= 63.31258463546901
differential_evolution step 140: f(x)= 63.31258463546901
differential_evolution step 141: f(x)= 63.31258463546901
differential_evolution step 142: f(x)= 63.31258463546901
differential_evolution step 143: f(x)= 63.31258463546901
differential_evolution step 144: f(x)= 63.31258463546901
differential_evolution step 145: f(x)= 63.31258463546901
differential_evolution step 146: f(x)= 63.31258463546901
differential_evolution step 147: f(x)= 63.31258463546901
differential_evolution step 148: f(x)= 63.31258463546901
differential_evolution step 149: f(x)= 63.31258463546901
differential_evolution step 150: f(x)= 63.31258463546901
differential_evolution step 151: f(x)= 63.31258463546901
differential_evolution step 152: f(x)= 63.31258463546901
differential_evolution step 153: f(x)= 63.31258463546901
differential_evolution step 154: f(x)= 63.31258463546901
differential_evolution step 155: f(x)= 63.31258463546901
differential_evolution step 156: f(x)= 63.31258463546901
differential_evolution step 157: f(x)= 63.31258463546901
differential_evolution step 158: f(x)= 63.31258463546901
differential_evolution step 159: f(x)= 63.31258463546901
differential_evolution step 160: f(x)= 63.31258463546901
differential_evolution step 161: f(x)= 63.31258463546901
differential_evolution step 162: f(x)= 63.31258463546901
differential_evolution step 163: f(x)= 63.31258463546901
differential_evolution step 164: f(x)= 63.31258463546901
differential_evolution step 165: f(x)= 63.31258463546901
differential_evolution step 166: f(x)= 63.31258463546901
differential_evolution step 167: f(x)= 63.31258463546901
differential_evolution step 168: f(x)= 63.31258463546901
differential_evolution step 169: f(x)= 63.31258463546901
differential_evolution step 170: f(x)= 63.31258463546901
differential_evolution step 171: f(x)= 63.31258463546901
differential_evolution step 172: f(x)= 63.31258463546901
differential_evolution step 173: f(x)= 63.31258463546901
differential_evolution step 174: f(x)= 63.31258463546901
differential_evolution step 175: f(x)= 63.31258463546901
differential_evolution step 176: f(x)= 63.31258463546901
differential_evolution step 177: f(x)= 63.31258463546901
differential_evolution step 178: f(x)= 63.31258463546901
differential_evolution step 179: f(x)= 63.31258463546901
differential_evolution step 180: f(x)= 63.31258463546901
differential_evolution step 181: f(x)= 63.31258463546901
differential_evolution step 182: f(x)= 63.31258463546901
differential_evolution step 183: f(x)= 63.31258463546901
differential_evolution step 184: f(x)= 63.31258463546901
differential_evolution step 185: f(x)= 63.31258463546901
differential_evolution step 186: f(x)= 63.31258463546901
differential_evolution step 187: f(x)= 63.31258463546901
differential_evolution step 188: f(x)= 63.31258463546901
differential_evolution step 189: f(x)= 63.31258463546901
differential_evolution step 190: f(x)= 63.31258463546901
differential_evolution step 191: f(x)= 63.31258463546901
differential_evolution step 192: f(x)= 63.31258463546901
differential_evolution step 193: f(x)= 63.31258463546901
differential_evolution step 194: f(x)= 63.31258463546901
differential_evolution step 195: f(x)= 63.31258463546901
differential_evolution step 196: f(x)= 63.31258463546901
differential_evolution step 197: f(x)= 63.31258463546901
differential_evolution step 198: f(x)= 63.31258463546901
differential_evolution step 199: f(x)= 63.31258463546901
differential_evolution step 200: f(x)= 63.31258463546901
Cluster 4 DE best chi^2: 63.313 with params {'x_src': np.float64(214.74051237569967), 'y_src': np.float64(222.404827009896), 'z_s': np.float64(3.333146931939792)}
--- Running DE for Cluster 5 ---
[DE] Process Pool with 16 procs (init=latinhypercube, popsize=50)
differential_evolution step 1: f(x)= 4242.640687119286
differential_evolution step 2: f(x)= 4242.640687119286
differential_evolution step 3: f(x)= 4242.640687119286
differential_evolution step 4: f(x)= 4242.640687119286
differential_evolution step 5: f(x)= 4242.640687119286
differential_evolution step 6: f(x)= 4242.640687119286
differential_evolution step 7: f(x)= 3000.0
differential_evolution step 8: f(x)= 3000.0
differential_evolution step 9: f(x)= 3000.0
differential_evolution step 10: f(x)= 3000.0
differential_evolution step 11: f(x)= 3000.0
differential_evolution step 12: f(x)= 3000.0
differential_evolution step 13: f(x)= 3000.0
differential_evolution step 14: f(x)= 816.772072810882
differential_evolution step 15: f(x)= 816.772072810882
differential_evolution step 16: f(x)= 816.772072810882
differential_evolution step 17: f(x)= 184.4798671655955
differential_evolution step 18: f(x)= 184.4798671655955
differential_evolution step 19: f(x)= 184.4798671655955
differential_evolution step 20: f(x)= 184.4798671655955
differential_evolution step 21: f(x)= 184.4798671655955
differential_evolution step 22: f(x)= 130.71044633325792
differential_evolution step 23: f(x)= 52.67876841777958
differential_evolution step 24: f(x)= 52.67876841777958
differential_evolution step 25: f(x)= 52.67876841777958
differential_evolution step 26: f(x)= 44.59399901648353
differential_evolution step 27: f(x)= 44.59399901648353
differential_evolution step 28: f(x)= 44.59399901648353
differential_evolution step 29: f(x)= 44.59399901648353
differential_evolution step 30: f(x)= 44.59399901648353
differential_evolution step 31: f(x)= 44.59399901648353
differential_evolution step 32: f(x)= 44.59399901648353
differential_evolution step 33: f(x)= 44.59399901648353
differential_evolution step 34: f(x)= 44.59399901648353
differential_evolution step 35: f(x)= 44.59399901648353
differential_evolution step 36: f(x)= 44.59399901648353
differential_evolution step 37: f(x)= 44.59399901648353
differential_evolution step 38: f(x)= 44.59399901648353
differential_evolution step 39: f(x)= 44.59399901648353
differential_evolution step 40: f(x)= 44.59399901648353
differential_evolution step 41: f(x)= 44.59399901648353
differential_evolution step 42: f(x)= 44.59399901648353
differential_evolution step 43: f(x)= 37.778347191660046
differential_evolution step 44: f(x)= 37.778347191660046
differential_evolution step 45: f(x)= 37.778347191660046
differential_evolution step 46: f(x)= 37.778347191660046
differential_evolution step 47: f(x)= 37.778347191660046
differential_evolution step 48: f(x)= 37.778347191660046
differential_evolution step 49: f(x)= 37.778347191660046
differential_evolution step 50: f(x)= 37.778347191660046
differential_evolution step 51: f(x)= 37.778347191660046
differential_evolution step 52: f(x)= 37.778347191660046
differential_evolution step 53: f(x)= 37.778347191660046
differential_evolution step 54: f(x)= 37.778347191660046
differential_evolution step 55: f(x)= 37.778347191660046
differential_evolution step 56: f(x)= 37.778347191660046
differential_evolution step 57: f(x)= 37.778347191660046
differential_evolution step 58: f(x)= 37.778347191660046
differential_evolution step 59: f(x)= 37.778347191660046
differential_evolution step 60: f(x)= 37.778347191660046
differential_evolution step 61: f(x)= 37.778347191660046
differential_evolution step 62: f(x)= 37.778347191660046
differential_evolution step 63: f(x)= 37.778347191660046
differential_evolution step 64: f(x)= 37.778347191660046
differential_evolution step 65: f(x)= 37.778347191660046
differential_evolution step 66: f(x)= 37.778347191660046
differential_evolution step 67: f(x)= 37.778347191660046
differential_evolution step 68: f(x)= 32.24541467146545
differential_evolution step 69: f(x)= 32.24541467146545
differential_evolution step 70: f(x)= 32.24541467146545
differential_evolution step 71: f(x)= 32.24541467146545
differential_evolution step 72: f(x)= 32.24541467146545
differential_evolution step 73: f(x)= 32.24541467146545
differential_evolution step 74: f(x)= 32.24541467146545
differential_evolution step 75: f(x)= 32.24541467146545
differential_evolution step 76: f(x)= 32.21069483099623
differential_evolution step 77: f(x)= 32.21069483099623
differential_evolution step 78: f(x)= 32.21069483099623
differential_evolution step 79: f(x)= 32.21069483099623
differential_evolution step 80: f(x)= 32.21069483099623
differential_evolution step 81: f(x)= 32.21069483099623
differential_evolution step 82: f(x)= 32.21069483099623
differential_evolution step 83: f(x)= 31.50418861229135
differential_evolution step 84: f(x)= 30.91902992062497
differential_evolution step 85: f(x)= 30.91902992062497
differential_evolution step 86: f(x)= 30.91902992062497
differential_evolution step 87: f(x)= 30.91902992062497
differential_evolution step 88: f(x)= 30.91902992062497
differential_evolution step 89: f(x)= 30.91902992062497
differential_evolution step 90: f(x)= 30.662226381306105
differential_evolution step 91: f(x)= 30.662226381306105
differential_evolution step 92: f(x)= 30.662226381306105
differential_evolution step 93: f(x)= 30.662226381306105
differential_evolution step 94: f(x)= 30.662226381306105
differential_evolution step 95: f(x)= 30.662226381306105
differential_evolution step 96: f(x)= 30.662226381306105
differential_evolution step 97: f(x)= 30.662226381306105
differential_evolution step 98: f(x)= 30.662226381306105
differential_evolution step 99: f(x)= 30.662226381306105
differential_evolution step 100: f(x)= 30.662226381306105
differential_evolution step 101: f(x)= 30.662226381306105
differential_evolution step 102: f(x)= 30.662226381306105
differential_evolution step 103: f(x)= 30.662226381306105
differential_evolution step 104: f(x)= 30.662226381306105
differential_evolution step 105: f(x)= 30.662226381306105
differential_evolution step 106: f(x)= 30.662226381306105
differential_evolution step 107: f(x)= 30.662226381306105
differential_evolution step 108: f(x)= 30.662226381306105
differential_evolution step 109: f(x)= 30.662226381306105
differential_evolution step 110: f(x)= 30.592512871035698
differential_evolution step 111: f(x)= 30.57481393934124
differential_evolution step 112: f(x)= 30.57481393934124
differential_evolution step 113: f(x)= 30.57481393934124
differential_evolution step 114: f(x)= 30.57481393934124
differential_evolution step 115: f(x)= 30.57481393934124
differential_evolution step 116: f(x)= 30.57481393934124
differential_evolution step 117: f(x)= 30.57066817292327
differential_evolution step 118: f(x)= 30.57066817292327
differential_evolution step 119: f(x)= 30.57066817292327
differential_evolution step 120: f(x)= 30.57066817292327
differential_evolution step 121: f(x)= 30.57066817292327
differential_evolution step 122: f(x)= 30.57066817292327
differential_evolution step 123: f(x)= 30.555764643243318
differential_evolution step 124: f(x)= 30.555764643243318
differential_evolution step 125: f(x)= 30.555764643243318
differential_evolution step 126: f(x)= 30.555764643243318
differential_evolution step 127: f(x)= 30.555764643243318
differential_evolution step 128: f(x)= 30.555764643243318
differential_evolution step 129: f(x)= 30.555764643243318
differential_evolution step 130: f(x)= 30.555764643243318
differential_evolution step 131: f(x)= 30.555764643243318
differential_evolution step 132: f(x)= 30.555764643243318
differential_evolution step 133: f(x)= 30.555018227235426
differential_evolution step 134: f(x)= 30.555018227235426
differential_evolution step 135: f(x)= 30.555018227235426
differential_evolution step 136: f(x)= 30.555018227235426
differential_evolution step 137: f(x)= 30.555018227235426
differential_evolution step 138: f(x)= 30.555018227235426
differential_evolution step 139: f(x)= 30.555018227235426
differential_evolution step 140: f(x)= 30.55392965924875
differential_evolution step 141: f(x)= 30.55392965924875
differential_evolution step 142: f(x)= 30.55359076542545
differential_evolution step 143: f(x)= 30.55359076542545
differential_evolution step 144: f(x)= 30.55359076542545
differential_evolution step 145: f(x)= 30.55359076542545
differential_evolution step 146: f(x)= 30.55359076542545
differential_evolution step 147: f(x)= 30.55359076542545
differential_evolution step 148: f(x)= 30.55308663815432
differential_evolution step 149: f(x)= 30.55162464442634
differential_evolution step 150: f(x)= 30.55162464442634
differential_evolution step 151: f(x)= 30.55162464442634
differential_evolution step 152: f(x)= 30.55162464442634
differential_evolution step 153: f(x)= 30.55162464442634
differential_evolution step 154: f(x)= 30.55162464442634
differential_evolution step 155: f(x)= 30.55162464442634
differential_evolution step 156: f(x)= 30.551583401069678
differential_evolution step 157: f(x)= 30.551583401069678
differential_evolution step 158: f(x)= 30.551554781723446
differential_evolution step 159: f(x)= 30.551554781723446
differential_evolution step 160: f(x)= 30.551554781723446
differential_evolution step 161: f(x)= 30.551554781723446
differential_evolution step 162: f(x)= 30.551554781723446
differential_evolution step 163: f(x)= 30.551554781723446
differential_evolution step 164: f(x)= 30.551554781723446
differential_evolution step 165: f(x)= 30.551554781723446
differential_evolution step 166: f(x)= 30.551554781723446
differential_evolution step 167: f(x)= 30.551554781723446
differential_evolution step 168: f(x)= 30.5508379286526
differential_evolution step 169: f(x)= 30.5508379286526
differential_evolution step 170: f(x)= 30.5508379286526
differential_evolution step 171: f(x)= 30.5508379286526
differential_evolution step 172: f(x)= 30.5508379286526
differential_evolution step 173: f(x)= 30.5508379286526
differential_evolution step 174: f(x)= 30.5508379286526
differential_evolution step 175: f(x)= 30.5508379286526
differential_evolution step 176: f(x)= 30.5508379286526
differential_evolution step 177: f(x)= 30.5508379286526
differential_evolution step 178: f(x)= 30.5503947246086
differential_evolution step 179: f(x)= 30.549750266465104
differential_evolution step 180: f(x)= 30.549750266465104
differential_evolution step 181: f(x)= 30.549750266465104
differential_evolution step 182: f(x)= 30.549750266465104
differential_evolution step 183: f(x)= 30.549750266465104
differential_evolution step 184: f(x)= 30.549750266465104
differential_evolution step 185: f(x)= 30.549750266465104
differential_evolution step 186: f(x)= 30.549750266465104
differential_evolution step 187: f(x)= 30.549750266465104
differential_evolution step 188: f(x)= 30.549750266465104
differential_evolution step 189: f(x)= 30.549750266465104
differential_evolution step 190: f(x)= 30.549750266465104
differential_evolution step 191: f(x)= 30.549750266465104
differential_evolution step 192: f(x)= 30.549750266465104
differential_evolution step 193: f(x)= 30.549750266465104
differential_evolution step 194: f(x)= 30.549506264445963
differential_evolution step 195: f(x)= 30.549506264445963
differential_evolution step 196: f(x)= 30.549506264445963
differential_evolution step 197: f(x)= 30.549506264445963
differential_evolution step 198: f(x)= 30.549506264445963
differential_evolution step 199: f(x)= 30.549506264445963
differential_evolution step 200: f(x)= 30.549506264445963
Cluster 5 DE best chi^2: 30.550 with params {'x_src': np.float64(146.40056506338337), 'y_src': np.float64(149.12987068465998), 'z_s': np.float64(4.531587620360269)}

--- DE Optimization Summary ---
Best fit found for Cluster 2 with chi^2 = 0.030
Best-fit parameters: {'x_src': np.float64(101.93219552773114), 'y_src': np.float64(106.02172787217225), 'z_s': np.float64(3.8770021742531187)}

--- Running MCMC for Cluster 2 (chi_sq=0.030) ---
[MCMC] Process Pool with 16 procs
  0%|          | 0/20000 [00:00<?, ?it/s]  0%|          | 54/20000 [01:40<10:16:43,  1.86s/it]  0%|          | 64/20000 [02:00<10:16:24,  1.86s/it]  1%|          | 111/20000 [03:21<9:59:05,  1.81s/it]  1%|          | 120/20000 [03:40<9:58:48,  1.81s/it]  1%|          | 166/20000 [05:02<10:02:48,  1.82s/it]  1%|          | 179/20000 [05:20<10:02:24,  1.82s/it]  1%|          | 232/20000 [06:43<9:18:23,  1.69s/it]   1%|          | 241/20000 [07:00<9:18:08,  1.69s/it]  1%|â–         | 290/20000 [08:24<9:22:47,  1.71s/it]  1%|â–         | 297/20000 [08:40<9:22:35,  1.71s/it]  2%|â–         | 345/20000 [10:05<9:33:30,  1.75s/it]  2%|â–         | 353/20000 [10:20<9:33:16,  1.75s/it]  2%|â–         | 403/20000 [11:46<9:29:46,  1.74s/it]  2%|â–         | 410/20000 [12:00<9:29:34,  1.74s/it]  2%|â–         | 463/20000 [13:27<9:22:38,  1.73s/it]  2%|â–         | 470/20000 [13:40<9:22:26,  1.73s/it]  3%|â–Ž         | 524/20000 [15:08<9:12:25,  1.70s/it]  3%|â–Ž         | 531/20000 [15:20<9:12:13,  1.70s/it]  3%|â–Ž         | 583/20000 [16:49<9:13:14,  1.71s/it]  3%|â–Ž         | 588/20000 [17:00<9:13:06,  1.71s/it]  3%|â–Ž         | 642/20000 [18:30<9:10:28,  1.71s/it]  3%|â–Ž         | 655/20000 [18:50<9:10:05,  1.71s/it]  4%|â–Ž         | 707/20000 [20:11<8:53:42,  1.66s/it]  4%|â–Ž         | 718/20000 [20:30<8:53:24,  1.66s/it]  4%|â–         | 777/20000 [21:52<8:27:40,  1.58s/it]  4%|â–         | 789/20000 [22:10<8:27:21,  1.58s/it]  4%|â–         | 847/20000 [23:32<8:09:52,  1.53s/it]  4%|â–         | 859/20000 [23:50<8:09:33,  1.53s/it]  5%|â–         | 916/20000 [25:13<8:02:01,  1.52s/it]  5%|â–         | 924/20000 [25:30<8:01:49,  1.52s/it]  5%|â–         | 978/20000 [26:54<8:10:09,  1.55s/it]  5%|â–         | 988/20000 [27:10<8:09:54,  1.55s/it]  5%|â–Œ         | 1051/20000 [28:35<7:51:07,  1.49s/it]  5%|â–Œ         | 1061/20000 [28:50<7:50:52,  1.49s/it]  6%|â–Œ         | 1121/20000 [30:16<7:44:59,  1.48s/it]  6%|â–Œ         | 1130/20000 [30:30<7:44:46,  1.48s/it]  6%|â–Œ         | 1188/20000 [31:58<7:46:54,  1.49s/it]  6%|â–Œ         | 1194/20000 [32:10<7:46:45,  1.49s/it]  6%|â–Œ         | 1249/20000 [33:39<8:00:43,  1.54s/it]  6%|â–‹         | 1254/20000 [33:50<8:00:36,  1.54s/it]  7%|â–‹         | 1304/20000 [35:19<8:22:31,  1.61s/it]  7%|â–‹         | 1309/20000 [35:30<8:22:23,  1.61s/it]  7%|â–‹         | 1368/20000 [37:01<8:18:10,  1.60s/it]  7%|â–‹         | 1379/20000 [37:20<8:17:52,  1.60s/it]  7%|â–‹         | 1428/20000 [38:42<8:24:13,  1.63s/it]  7%|â–‹         | 1439/20000 [39:00<8:23:55,  1.63s/it]  7%|â–‹         | 1491/20000 [40:23<8:19:47,  1.62s/it]  7%|â–‹         | 1499/20000 [40:40<8:19:34,  1.62s/it]  8%|â–Š         | 1550/20000 [42:04<8:26:38,  1.65s/it]  8%|â–Š         | 1560/20000 [42:20<8:26:21,  1.65s/it]  8%|â–Š         | 1614/20000 [43:45<8:17:44,  1.62s/it]  8%|â–Š         | 1623/20000 [44:00<8:17:29,  1.62s/it]  8%|â–Š         | 1674/20000 [45:25<8:19:55,  1.64s/it]  8%|â–Š         | 1682/20000 [45:40<8:19:42,  1.64s/it]  9%|â–Š         | 1735/20000 [47:06<8:21:03,  1.65s/it]  9%|â–Š         | 1743/20000 [47:20<8:20:50,  1.65s/it]  9%|â–‰         | 1796/20000 [48:47<8:19:57,  1.65s/it]  9%|â–‰         | 1803/20000 [49:00<8:19:46,  1.65s/it]  9%|â–‰         | 1853/20000 [50:29<8:30:29,  1.69s/it]  9%|â–‰         | 1859/20000 [50:40<8:30:19,  1.69s/it] 10%|â–‰         | 1919/20000 [52:11<8:14:23,  1.64s/it] 10%|â–‰         | 1931/20000 [52:30<8:14:03,  1.64s/it] 10%|â–‰         | 1979/20000 [53:52<8:16:14,  1.65s/it] 10%|â–‰         | 1989/20000 [54:10<8:15:57,  1.65s/it] 10%|â–ˆ         | 2038/20000 [55:33<8:20:00,  1.67s/it] 10%|â–ˆ         | 2050/20000 [55:50<8:19:39,  1.67s/it] 11%|â–ˆ         | 2101/20000 [57:14<8:12:28,  1.65s/it] 11%|â–ˆ         | 2109/20000 [57:30<8:12:14,  1.65s/it] 11%|â–ˆ         | 2160/20000 [58:56<8:16:58,  1.67s/it] 11%|â–ˆ         | 2169/20000 [59:10<8:16:43,  1.67s/it] 11%|â–ˆ         | 2220/20000 [1:00:37<8:17:23,  1.68s/it] 11%|â–ˆ         | 2227/20000 [1:00:50<8:17:11,  1.68s/it] 11%|â–ˆâ–        | 2278/20000 [1:02:18<8:20:07,  1.69s/it] 11%|â–ˆâ–        | 2284/20000 [1:02:30<8:19:57,  1.69s/it] 12%|â–ˆâ–        | 2346/20000 [1:03:58<7:57:34,  1.62s/it] 12%|â–ˆâ–        | 2354/20000 [1:04:10<7:57:21,  1.62s/it] 12%|â–ˆâ–        | 2411/20000 [1:05:39<7:48:58,  1.60s/it] 12%|â–ˆâ–        | 2417/20000 [1:05:50<7:48:48,  1.60s/it] 12%|â–ˆâ–        | 2476/20000 [1:07:20<7:43:07,  1.59s/it] 12%|â–ˆâ–        | 2489/20000 [1:07:40<7:42:47,  1.59s/it] 13%|â–ˆâ–Ž        | 2541/20000 [1:09:01<7:38:19,  1.58s/it] 13%|â–ˆâ–Ž        | 2553/20000 [1:09:20<7:38:00,  1.58s/it] 13%|â–ˆâ–Ž        | 2603/20000 [1:10:41<7:40:49,  1.59s/it] 13%|â–ˆâ–Ž        | 2613/20000 [1:11:00<7:40:33,  1.59s/it] 13%|â–ˆâ–Ž        | 2662/20000 [1:12:22<7:49:42,  1.63s/it] 13%|â–ˆâ–Ž        | 2672/20000 [1:12:40<7:49:26,  1.63s/it] 14%|â–ˆâ–Ž        | 2730/20000 [1:14:03<7:34:54,  1.58s/it] 14%|â–ˆâ–Ž        | 2743/20000 [1:14:20<7:34:34,  1.58s/it] 14%|â–ˆâ–        | 2799/20000 [1:15:45<7:22:39,  1.54s/it] 14%|â–ˆâ–        | 2807/20000 [1:16:00<7:22:27,  1.54s/it] 14%|â–ˆâ–        | 2866/20000 [1:17:25<7:17:27,  1.53s/it] 14%|â–ˆâ–        | 2875/20000 [1:17:40<7:17:13,  1.53s/it] 15%|â–ˆâ–        | 2926/20000 [1:19:07<7:28:57,  1.58s/it] 15%|â–ˆâ–        | 2933/20000 [1:19:20<7:28:46,  1.58s/it] 15%|â–ˆâ–        | 2989/20000 [1:20:48<7:29:07,  1.58s/it] 15%|â–ˆâ–        | 2996/20000 [1:21:00<7:28:55,  1.58s/it] 15%|â–ˆâ–Œ        | 3052/20000 [1:22:29<7:29:16,  1.59s/it] 15%|â–ˆâ–Œ        | 3059/20000 [1:22:40<7:29:05,  1.59s/it] 16%|â–ˆâ–Œ        | 3111/20000 [1:24:10<7:38:03,  1.63s/it] 16%|â–ˆâ–Œ        | 3124/20000 [1:24:30<7:37:42,  1.63s/it] 16%|â–ˆâ–Œ        | 3179/20000 [1:25:51<7:23:20,  1.58s/it] 16%|â–ˆâ–Œ        | 3190/20000 [1:26:10<7:23:03,  1.58s/it] 16%|â–ˆâ–Œ        | 3240/20000 [1:27:31<7:26:43,  1.60s/it] 16%|â–ˆâ–‹        | 3250/20000 [1:27:50<7:26:27,  1.60s/it] 16%|â–ˆâ–‹        | 3299/20000 [1:29:12<7:33:16,  1.63s/it] 17%|â–ˆâ–‹        | 3310/20000 [1:29:30<7:32:58,  1.63s/it] 17%|â–ˆâ–‹        | 3364/20000 [1:30:52<7:24:27,  1.60s/it] 17%|â–ˆâ–‹        | 3373/20000 [1:31:10<7:24:12,  1.60s/it] 17%|â–ˆâ–‹        | 3427/20000 [1:32:33<7:21:45,  1.60s/it] 17%|â–ˆâ–‹        | 3438/20000 [1:32:50<7:21:27,  1.60s/it] 17%|â–ˆâ–‹        | 3498/20000 [1:34:13<7:03:19,  1.54s/it] 18%|â–ˆâ–Š        | 3509/20000 [1:34:30<7:03:02,  1.54s/it] 18%|â–ˆâ–Š        | 3568/20000 [1:35:53<6:52:27,  1.51s/it] 18%|â–ˆâ–Š        | 3579/20000 [1:36:10<6:52:11,  1.51s/it] 18%|â–ˆâ–Š        | 3641/20000 [1:37:34<6:39:15,  1.46s/it] 18%|â–ˆâ–Š        | 3652/20000 [1:37:50<6:38:59,  1.46s/it] 19%|â–ˆâ–Š        | 3704/20000 [1:39:14<6:47:30,  1.50s/it] 19%|â–ˆâ–Š        | 3713/20000 [1:39:30<6:47:17,  1.50s/it] 19%|â–ˆâ–‰        | 3765/20000 [1:40:55<6:58:07,  1.55s/it] 19%|â–ˆâ–‰        | 3772/20000 [1:41:10<6:57:57,  1.55s/it] 19%|â–ˆâ–‰        | 3822/20000 [1:42:36<7:12:10,  1.60s/it] 19%|â–ˆâ–‰        | 3831/20000 [1:42:50<7:11:56,  1.60s/it] 19%|â–ˆâ–‰        | 3880/20000 [1:44:16<7:21:01,  1.64s/it] 19%|â–ˆâ–‰        | 3887/20000 [1:44:30<7:20:49,  1.64s/it] 20%|â–ˆâ–‰        | 3943/20000 [1:45:58<7:16:24,  1.63s/it] 20%|â–ˆâ–‰        | 3951/20000 [1:46:10<7:16:11,  1.63s/it] 20%|â–ˆâ–ˆ        | 4013/20000 [1:47:38<6:57:11,  1.57s/it] 20%|â–ˆâ–ˆ        | 4021/20000 [1:47:50<6:56:58,  1.57s/it] 20%|â–ˆâ–ˆ        | 4083/20000 [1:49:19<6:44:46,  1.53s/it] 20%|â–ˆâ–ˆ        | 4091/20000 [1:49:30<6:44:34,  1.53s/it] 21%|â–ˆâ–ˆ        | 4152/20000 [1:50:59<6:37:22,  1.50s/it] 21%|â–ˆâ–ˆ        | 4159/20000 [1:51:10<6:37:12,  1.50s/it] 21%|â–ˆâ–ˆ        | 4220/20000 [1:52:40<6:33:40,  1.50s/it] 21%|â–ˆâ–ˆ        | 4234/20000 [1:53:00<6:33:19,  1.50s/it] 21%|â–ˆâ–ˆâ–       | 4290/20000 [1:54:21<6:27:43,  1.48s/it] 22%|â–ˆâ–ˆâ–       | 4303/20000 [1:54:40<6:27:23,  1.48s/it] 22%|â–ˆâ–ˆâ–       | 4360/20000 [1:56:02<6:22:35,  1.47s/it] 22%|â–ˆâ–ˆâ–       | 4373/20000 [1:56:20<6:22:16,  1.47s/it] 22%|â–ˆâ–ˆâ–       | 4429/20000 [1:57:43<6:20:57,  1.47s/it] 22%|â–ˆâ–ˆâ–       | 4440/20000 [1:58:00<6:20:41,  1.47s/it] 22%|â–ˆâ–ˆâ–       | 4497/20000 [1:59:23<6:19:42,  1.47s/it] 23%|â–ˆâ–ˆâ–Ž       | 4508/20000 [1:59:40<6:19:26,  1.47s/it] 23%|â–ˆâ–ˆâ–Ž       | 4558/20000 [2:01:04<6:31:18,  1.52s/it] 23%|â–ˆâ–ˆâ–Ž       | 4567/20000 [2:01:20<6:31:04,  1.52s/it] 23%|â–ˆâ–ˆâ–Ž       | 4620/20000 [2:02:44<6:36:52,  1.55s/it] 23%|â–ˆâ–ˆâ–Ž       | 4629/20000 [2:03:00<6:36:38,  1.55s/it] 23%|â–ˆâ–ˆâ–Ž       | 4682/20000 [2:04:25<6:40:39,  1.57s/it] 23%|â–ˆâ–ˆâ–Ž       | 4692/20000 [2:04:40<6:40:24,  1.57s/it] 24%|â–ˆâ–ˆâ–Ž       | 4748/20000 [2:06:06<6:35:59,  1.56s/it] 24%|â–ˆâ–ˆâ–       | 4757/20000 [2:06:20<6:35:45,  1.56s/it] 24%|â–ˆâ–ˆâ–       | 4811/20000 [2:07:47<6:37:58,  1.57s/it] 24%|â–ˆâ–ˆâ–       | 4819/20000 [2:08:00<6:37:46,  1.57s/it] 24%|â–ˆâ–ˆâ–       | 4873/20000 [2:09:28<6:40:16,  1.59s/it] 24%|â–ˆâ–ˆâ–       | 4879/20000 [2:09:40<6:40:07,  1.59s/it] 25%|â–ˆâ–ˆâ–       | 4942/20000 [2:11:08<6:27:53,  1.55s/it] 25%|â–ˆâ–ˆâ–       | 4950/20000 [2:11:20<6:27:41,  1.55s/it] 25%|â–ˆâ–ˆâ–Œ       | 5012/20000 [2:12:49<6:18:04,  1.51s/it] 25%|â–ˆâ–ˆâ–Œ       | 5019/20000 [2:13:00<6:17:53,  1.51s/it] 25%|â–ˆâ–ˆâ–Œ       | 5075/20000 [2:14:30<6:22:41,  1.54s/it] 25%|â–ˆâ–ˆâ–Œ       | 5087/20000 [2:14:50<6:22:23,  1.54s/it] 26%|â–ˆâ–ˆâ–Œ       | 5139/20000 [2:16:11<6:23:20,  1.55s/it] 26%|â–ˆâ–ˆâ–Œ       | 5152/20000 [2:16:30<6:22:59,  1.55s/it] 26%|â–ˆâ–ˆâ–Œ       | 5200/20000 [2:17:51<6:29:12,  1.58s/it] 26%|â–ˆâ–ˆâ–Œ       | 5210/20000 [2:18:10<6:28:56,  1.58s/it] 26%|â–ˆâ–ˆâ–‹       | 5263/20000 [2:19:33<6:29:51,  1.59s/it] 26%|â–ˆâ–ˆâ–‹       | 5272/20000 [2:19:50<6:29:37,  1.59s/it] 27%|â–ˆâ–ˆâ–‹       | 5319/20000 [2:21:14<6:42:58,  1.65s/it] 27%|â–ˆâ–ˆâ–‹       | 5329/20000 [2:21:30<6:42:41,  1.65s/it] 27%|â–ˆâ–ˆâ–‹       | 5381/20000 [2:22:55<6:40:06,  1.64s/it] 27%|â–ˆâ–ˆâ–‹       | 5389/20000 [2:23:10<6:39:53,  1.64s/it] 27%|â–ˆâ–ˆâ–‹       | 5440/20000 [2:24:35<6:42:46,  1.66s/it] 27%|â–ˆâ–ˆâ–‹       | 5447/20000 [2:24:50<6:42:35,  1.66s/it] 28%|â–ˆâ–ˆâ–Š       | 5500/20000 [2:26:16<6:42:52,  1.67s/it] 28%|â–ˆâ–ˆâ–Š       | 5508/20000 [2:26:30<6:42:38,  1.67s/it] 28%|â–ˆâ–ˆâ–Š       | 5558/20000 [2:27:57<6:46:01,  1.69s/it] 28%|â–ˆâ–ˆâ–Š       | 5567/20000 [2:28:10<6:45:46,  1.69s/it] 28%|â–ˆâ–ˆâ–Š       | 5627/20000 [2:29:38<6:26:28,  1.61s/it] 28%|â–ˆâ–ˆâ–Š       | 5635/20000 [2:29:50<6:26:15,  1.61s/it] 28%|â–ˆâ–ˆâ–Š       | 5693/20000 [2:31:20<6:19:05,  1.59s/it] 28%|â–ˆâ–ˆâ–Š       | 5698/20000 [2:31:30<6:18:57,  1.59s/it] 29%|â–ˆâ–ˆâ–‰       | 5756/20000 [2:33:00<6:18:02,  1.59s/it] 29%|â–ˆâ–ˆâ–‰       | 5770/20000 [2:33:20<6:17:39,  1.59s/it] 29%|â–ˆâ–ˆâ–‰       | 5823/20000 [2:34:41<6:09:39,  1.56s/it] 29%|â–ˆâ–ˆâ–‰       | 5837/20000 [2:35:00<6:09:17,  1.56s/it] 29%|â–ˆâ–ˆâ–‰       | 5892/20000 [2:36:22<6:00:23,  1.53s/it] 30%|â–ˆâ–ˆâ–‰       | 5902/20000 [2:36:40<6:00:07,  1.53s/it] 30%|â–ˆâ–ˆâ–‰       | 5959/20000 [2:38:04<5:57:24,  1.53s/it] 30%|â–ˆâ–ˆâ–‰       | 5969/20000 [2:38:20<5:57:08,  1.53s/it] 30%|â–ˆâ–ˆâ–ˆ       | 6024/20000 [2:39:45<5:57:38,  1.54s/it] 30%|â–ˆâ–ˆâ–ˆ       | 6032/20000 [2:40:00<5:57:26,  1.54s/it] 30%|â–ˆâ–ˆâ–ˆ       | 6083/20000 [2:41:25<6:06:41,  1.58s/it] 30%|â–ˆâ–ˆâ–ˆ       | 6093/20000 [2:41:40<6:06:25,  1.58s/it] 31%|â–ˆâ–ˆâ–ˆ       | 6150/20000 [2:43:05<5:58:58,  1.56s/it] 31%|â–ˆâ–ˆâ–ˆ       | 6158/20000 [2:43:20<5:58:45,  1.56s/it] 31%|â–ˆâ–ˆâ–ˆ       | 6213/20000 [2:44:46<6:00:37,  1.57s/it] 31%|â–ˆâ–ˆâ–ˆ       | 6223/20000 [2:45:00<6:00:21,  1.57s/it] 31%|â–ˆâ–ˆâ–ˆâ–      | 6283/20000 [2:46:27<5:49:00,  1.53s/it] 31%|â–ˆâ–ˆâ–ˆâ–      | 6291/20000 [2:46:40<5:48:47,  1.53s/it] 32%|â–ˆâ–ˆâ–ˆâ–      | 6353/20000 [2:48:07<5:40:23,  1.50s/it] 32%|â–ˆâ–ˆâ–ˆâ–      | 6361/20000 [2:48:20<5:40:11,  1.50s/it] 32%|â–ˆâ–ˆâ–ˆâ–      | 6413/20000 [2:49:47<5:49:54,  1.55s/it] 32%|â–ˆâ–ˆâ–ˆâ–      | 6420/20000 [2:50:00<5:49:44,  1.55s/it] 32%|â–ˆâ–ˆâ–ˆâ–      | 6475/20000 [2:51:28<5:54:02,  1.57s/it] 32%|â–ˆâ–ˆâ–ˆâ–      | 6481/20000 [2:51:40<5:53:53,  1.57s/it] 33%|â–ˆâ–ˆâ–ˆâ–Ž      | 6535/20000 [2:53:09<5:59:18,  1.60s/it] 33%|â–ˆâ–ˆâ–ˆâ–Ž      | 6541/20000 [2:53:20<5:59:09,  1.60s/it] 33%|â–ˆâ–ˆâ–ˆâ–Ž      | 6598/20000 [2:54:50<5:58:06,  1.60s/it] 33%|â–ˆâ–ˆâ–ˆâ–Ž      | 6610/20000 [2:55:10<5:57:46,  1.60s/it] 33%|â–ˆâ–ˆâ–ˆâ–Ž      | 6658/20000 [2:56:30<6:00:43,  1.62s/it] 33%|â–ˆâ–ˆâ–ˆâ–Ž      | 6668/20000 [2:56:50<6:00:27,  1.62s/it] 34%|â–ˆâ–ˆâ–ˆâ–Ž      | 6715/20000 [2:58:12<6:08:45,  1.67s/it] 34%|â–ˆâ–ˆâ–ˆâ–Ž      | 6725/20000 [2:58:30<6:08:28,  1.67s/it] 34%|â–ˆâ–ˆâ–ˆâ–      | 6775/20000 [2:59:53<6:09:11,  1.67s/it] 34%|â–ˆâ–ˆâ–ˆâ–      | 6784/20000 [3:00:10<6:08:56,  1.67s/it] 34%|â–ˆâ–ˆâ–ˆâ–      | 6840/20000 [3:01:35<5:59:11,  1.64s/it] 34%|â–ˆâ–ˆâ–ˆâ–      | 6848/20000 [3:01:50<5:58:58,  1.64s/it] 34%|â–ˆâ–ˆâ–ˆâ–      | 6898/20000 [3:03:15<6:03:26,  1.66s/it] 35%|â–ˆâ–ˆâ–ˆâ–      | 6905/20000 [3:03:30<6:03:14,  1.66s/it] 35%|â–ˆâ–ˆâ–ˆâ–      | 6954/20000 [3:04:56<6:10:03,  1.70s/it] 35%|â–ˆâ–ˆâ–ˆâ–      | 6961/20000 [3:05:10<6:09:51,  1.70s/it] 35%|â–ˆâ–ˆâ–ˆâ–Œ      | 7015/20000 [3:06:37<6:05:14,  1.69s/it] 35%|â–ˆâ–ˆâ–ˆâ–Œ      | 7024/20000 [3:06:50<6:04:59,  1.69s/it] 35%|â–ˆâ–ˆâ–ˆâ–Œ      | 7082/20000 [3:08:18<5:50:58,  1.63s/it] 35%|â–ˆâ–ˆâ–ˆâ–Œ      | 7089/20000 [3:08:30<5:50:46,  1.63s/it] 36%|â–ˆâ–ˆâ–ˆâ–Œ      | 7147/20000 [3:09:59<5:44:37,  1.61s/it] 36%|â–ˆâ–ˆâ–ˆâ–Œ      | 7153/20000 [3:10:10<5:44:27,  1.61s/it] 36%|â–ˆâ–ˆâ–ˆâ–Œ      | 7211/20000 [3:11:41<5:41:39,  1.60s/it] 36%|â–ˆâ–ˆâ–ˆâ–Œ      | 7220/20000 [3:12:00<5:41:24,  1.60s/it] 36%|â–ˆâ–ˆâ–ˆâ–‹      | 7270/20000 [3:13:22<5:46:18,  1.63s/it] 36%|â–ˆâ–ˆâ–ˆâ–‹      | 7282/20000 [3:13:40<5:45:58,  1.63s/it] 37%|â–ˆâ–ˆâ–ˆâ–‹      | 7332/20000 [3:15:02<5:44:08,  1.63s/it] 37%|â–ˆâ–ˆâ–ˆâ–‹      | 7341/20000 [3:15:20<5:43:53,  1.63s/it] 37%|â–ˆâ–ˆâ–ˆâ–‹      | 7391/20000 [3:16:43<5:46:56,  1.65s/it] 37%|â–ˆâ–ˆâ–ˆâ–‹      | 7401/20000 [3:17:00<5:46:39,  1.65s/it] 37%|â–ˆâ–ˆâ–ˆâ–‹      | 7450/20000 [3:18:23<5:48:10,  1.66s/it] 37%|â–ˆâ–ˆâ–ˆâ–‹      | 7459/20000 [3:18:40<5:47:55,  1.66s/it] 38%|â–ˆâ–ˆâ–ˆâ–Š      | 7514/20000 [3:20:03<5:39:46,  1.63s/it] 38%|â–ˆâ–ˆâ–ˆâ–Š      | 7525/20000 [3:20:20<5:39:28,  1.63s/it] 38%|â–ˆâ–ˆâ–ˆâ–Š      | 7586/20000 [3:21:44<5:22:15,  1.56s/it] 38%|â–ˆâ–ˆâ–ˆâ–Š      | 7595/20000 [3:22:00<5:22:01,  1.56s/it] 38%|â–ˆâ–ˆâ–ˆâ–Š      | 7655/20000 [3:23:25<5:13:58,  1.53s/it] 38%|â–ˆâ–ˆâ–ˆâ–Š      | 7664/20000 [3:23:40<5:13:44,  1.53s/it] 39%|â–ˆâ–ˆâ–ˆâ–Š      | 7725/20000 [3:25:06<5:07:16,  1.50s/it] 39%|â–ˆâ–ˆâ–ˆâ–Š      | 7734/20000 [3:25:20<5:07:03,  1.50s/it] 39%|â–ˆâ–ˆâ–ˆâ–‰      | 7793/20000 [3:26:48<5:05:02,  1.50s/it] 39%|â–ˆâ–ˆâ–ˆâ–‰      | 7799/20000 [3:27:00<5:04:53,  1.50s/it] 39%|â–ˆâ–ˆâ–ˆâ–‰      | 7856/20000 [3:28:28<5:08:33,  1.52s/it] 39%|â–ˆâ–ˆâ–ˆâ–‰      | 7863/20000 [3:28:40<5:08:23,  1.52s/it] 40%|â–ˆâ–ˆâ–ˆâ–‰      | 7924/20000 [3:30:08<5:03:56,  1.51s/it] 40%|â–ˆâ–ˆâ–ˆâ–‰      | 7931/20000 [3:30:20<5:03:46,  1.51s/it] 40%|â–ˆâ–ˆâ–ˆâ–‰      | 7993/20000 [3:31:50<4:59:55,  1.50s/it] 40%|â–ˆâ–ˆâ–ˆâ–ˆ      | 8006/20000 [3:32:10<4:59:36,  1.50s/it] 40%|â–ˆâ–ˆâ–ˆâ–ˆ      | 8063/20000 [3:33:31<4:54:32,  1.48s/it] 40%|â–ˆâ–ˆâ–ˆâ–ˆ      | 8076/20000 [3:33:50<4:54:13,  1.48s/it] 41%|â–ˆâ–ˆâ–ˆâ–ˆ      | 8133/20000 [3:35:11<4:49:54,  1.47s/it] 41%|â–ˆâ–ˆâ–ˆâ–ˆ      | 8145/20000 [3:35:30<4:49:36,  1.47s/it] 41%|â–ˆâ–ˆâ–ˆâ–ˆ      | 8199/20000 [3:36:51<4:51:30,  1.48s/it] 41%|â–ˆâ–ˆâ–ˆâ–ˆ      | 8211/20000 [3:37:10<4:51:13,  1.48s/it] 41%|â–ˆâ–ˆâ–ˆâ–ˆâ–     | 8267/20000 [3:38:32<4:49:49,  1.48s/it] 41%|â–ˆâ–ˆâ–ˆâ–ˆâ–     | 8279/20000 [3:38:50<4:49:32,  1.48s/it] 42%|â–ˆâ–ˆâ–ˆâ–ˆâ–     | 8339/20000 [3:40:13<4:43:19,  1.46s/it] 42%|â–ˆâ–ˆâ–ˆâ–ˆâ–     | 8349/20000 [3:40:30<4:43:05,  1.46s/it] 42%|â–ˆâ–ˆâ–ˆâ–ˆâ–     | 8410/20000 [3:41:55<4:39:51,  1.45s/it] 42%|â–ˆâ–ˆâ–ˆâ–ˆâ–     | 8420/20000 [3:42:10<4:39:36,  1.45s/it] 42%|â–ˆâ–ˆâ–ˆâ–ˆâ–     | 8482/20000 [3:43:35<4:34:42,  1.43s/it] 42%|â–ˆâ–ˆâ–ˆâ–ˆâ–     | 8493/20000 [3:43:50<4:34:26,  1.43s/it] 43%|â–ˆâ–ˆâ–ˆâ–ˆâ–Ž     | 8551/20000 [3:45:16<4:34:43,  1.44s/it] 43%|â–ˆâ–ˆâ–ˆâ–ˆâ–Ž     | 8559/20000 [3:45:30<4:34:32,  1.44s/it] 43%|â–ˆâ–ˆâ–ˆâ–ˆâ–Ž     | 8620/20000 [3:46:56<4:34:02,  1.44s/it] 43%|â–ˆâ–ˆâ–ˆâ–ˆâ–Ž     | 8629/20000 [3:47:10<4:33:49,  1.44s/it] 43%|â–ˆâ–ˆâ–ˆâ–ˆâ–Ž     | 8689/20000 [3:48:38<4:33:41,  1.45s/it] 43%|â–ˆâ–ˆâ–ˆâ–ˆâ–Ž     | 8696/20000 [3:48:50<4:33:31,  1.45s/it] 44%|â–ˆâ–ˆâ–ˆâ–ˆâ–     | 8758/20000 [3:50:19<4:33:20,  1.46s/it] 44%|â–ˆâ–ˆâ–ˆâ–ˆâ–     | 8764/20000 [3:50:30<4:33:11,  1.46s/it] 44%|â–ˆâ–ˆâ–ˆâ–ˆâ–     | 8826/20000 [3:52:00<4:32:37,  1.46s/it] 44%|â–ˆâ–ˆâ–ˆâ–ˆâ–     | 8832/20000 [3:52:10<4:32:28,  1.46s/it] 44%|â–ˆâ–ˆâ–ˆâ–ˆâ–     | 8891/20000 [3:53:40<4:35:18,  1.49s/it] 45%|â–ˆâ–ˆâ–ˆâ–ˆâ–     | 8903/20000 [3:54:00<4:35:01,  1.49s/it] 45%|â–ˆâ–ˆâ–ˆâ–ˆâ–     | 8958/20000 [3:55:22<4:35:17,  1.50s/it] 45%|â–ˆâ–ˆâ–ˆâ–ˆâ–     | 8970/20000 [3:55:40<4:34:59,  1.50s/it] 45%|â–ˆâ–ˆâ–ˆâ–ˆâ–Œ     | 9025/20000 [3:57:02<4:34:04,  1.50s/it] 45%|â–ˆâ–ˆâ–ˆâ–ˆâ–Œ     | 9034/20000 [3:57:20<4:33:50,  1.50s/it] 45%|â–ˆâ–ˆâ–ˆâ–ˆâ–Œ     | 9093/20000 [3:58:44<4:31:41,  1.49s/it] 46%|â–ˆâ–ˆâ–ˆâ–ˆâ–Œ     | 9103/20000 [3:59:00<4:31:26,  1.49s/it] 46%|â–ˆâ–ˆâ–ˆâ–ˆâ–Œ     | 9157/20000 [4:00:25<4:34:33,  1.52s/it] 46%|â–ˆâ–ˆâ–ˆâ–ˆâ–Œ     | 9165/20000 [4:00:40<4:34:21,  1.52s/it] 46%|â–ˆâ–ˆâ–ˆâ–ˆâ–Œ     | 9221/20000 [4:02:06<4:36:00,  1.54s/it] 46%|â–ˆâ–ˆâ–ˆâ–ˆâ–Œ     | 9229/20000 [4:02:20<4:35:48,  1.54s/it] 46%|â–ˆâ–ˆâ–ˆâ–ˆâ–‹     | 9289/20000 [4:03:46<4:30:48,  1.52s/it] 46%|â–ˆâ–ˆâ–ˆâ–ˆâ–‹     | 9297/20000 [4:04:00<4:30:36,  1.52s/it] 47%|â–ˆâ–ˆâ–ˆâ–ˆâ–‹     | 9358/20000 [4:05:27<4:26:04,  1.50s/it] 47%|â–ˆâ–ˆâ–ˆâ–ˆâ–‹     | 9366/20000 [4:05:40<4:25:52,  1.50s/it] 47%|â–ˆâ–ˆâ–ˆâ–ˆâ–‹     | 9429/20000 [4:07:08<4:20:09,  1.48s/it] 47%|â–ˆâ–ˆâ–ˆâ–ˆâ–‹     | 9437/20000 [4:07:20<4:19:57,  1.48s/it] 48%|â–ˆâ–ˆâ–ˆâ–ˆâ–Š     | 9506/20000 [4:08:48<4:08:31,  1.42s/it] 48%|â–ˆâ–ˆâ–ˆâ–ˆâ–Š     | 9514/20000 [4:09:00<4:08:19,  1.42s/it] 48%|â–ˆâ–ˆâ–ˆâ–ˆâ–Š     | 9575/20000 [4:10:29<4:08:48,  1.43s/it] 48%|â–ˆâ–ˆâ–ˆâ–ˆâ–Š     | 9581/20000 [4:10:40<4:08:39,  1.43s/it] 48%|â–ˆâ–ˆâ–ˆâ–ˆâ–Š     | 9644/20000 [4:12:11<4:09:14,  1.44s/it] 48%|â–ˆâ–ˆâ–ˆâ–ˆâ–Š     | 9656/20000 [4:12:30<4:08:56,  1.44s/it] 49%|â–ˆâ–ˆâ–ˆâ–ˆâ–Š     | 9718/20000 [4:13:52<4:03:38,  1.42s/it] 49%|â–ˆâ–ˆâ–ˆâ–ˆâ–Š     | 9729/20000 [4:14:10<4:03:22,  1.42s/it] 49%|â–ˆâ–ˆâ–ˆâ–ˆâ–‰     | 9790/20000 [4:15:33<4:00:38,  1.41s/it] 49%|â–ˆâ–ˆâ–ˆâ–ˆâ–‰     | 9803/20000 [4:15:50<4:00:20,  1.41s/it] 49%|â–ˆâ–ˆâ–ˆâ–ˆâ–‰     | 9862/20000 [4:17:14<3:58:29,  1.41s/it] 49%|â–ˆâ–ˆâ–ˆâ–ˆâ–‰     | 9873/20000 [4:17:30<3:58:14,  1.41s/it] 50%|â–ˆâ–ˆâ–ˆâ–ˆâ–‰     | 9931/20000 [4:18:55<3:59:29,  1.43s/it] 50%|â–ˆâ–ˆâ–ˆâ–ˆâ–‰     | 9939/20000 [4:19:10<3:59:18,  1.43s/it] 50%|â–ˆâ–ˆâ–ˆâ–ˆâ–ˆ     | 10000/20000 [4:20:36<3:59:27,  1.44s/it] 50%|â–ˆâ–ˆâ–ˆâ–ˆâ–ˆ     | 10010/20000 [4:20:50<3:59:13,  1.44s/it] 50%|â–ˆâ–ˆâ–ˆâ–ˆâ–ˆ     | 10073/20000 [4:22:17<3:55:12,  1.42s/it] 50%|â–ˆâ–ˆâ–ˆâ–ˆâ–ˆ     | 10081/20000 [4:22:30<3:55:01,  1.42s/it] 51%|â–ˆâ–ˆâ–ˆâ–ˆâ–ˆ     | 10147/20000 [4:23:57<3:49:57,  1.40s/it] 51%|â–ˆâ–ˆâ–ˆâ–ˆâ–ˆ     | 10156/20000 [4:24:10<3:49:44,  1.40s/it] 51%|â–ˆâ–ˆâ–ˆâ–ˆâ–ˆ     | 10229/20000 [4:25:37<3:38:27,  1.34s/it] 51%|â–ˆâ–ˆâ–ˆâ–ˆâ–ˆ     | 10238/20000 [4:25:50<3:38:14,  1.34s/it] 52%|â–ˆâ–ˆâ–ˆâ–ˆâ–ˆâ–    | 10306/20000 [4:27:19<3:35:36,  1.33s/it] 52%|â–ˆâ–ˆâ–ˆâ–ˆâ–ˆâ–    | 10314/20000 [4:27:30<3:35:26,  1.33s/it] 52%|â–ˆâ–ˆâ–ˆâ–ˆâ–ˆâ–    | 10371/20000 [4:29:00<3:43:44,  1.39s/it] 52%|â–ˆâ–ˆâ–ˆâ–ˆâ–ˆâ–    | 10382/20000 [4:29:20<3:43:29,  1.39s/it] 52%|â–ˆâ–ˆâ–ˆâ–ˆâ–ˆâ–    | 10433/20000 [4:30:41<3:52:10,  1.46s/it] 52%|â–ˆâ–ˆâ–ˆâ–ˆâ–ˆâ–    | 10444/20000 [4:31:00<3:51:54,  1.46s/it] 53%|â–ˆâ–ˆâ–ˆâ–ˆâ–ˆâ–Ž    | 10501/20000 [4:32:22<3:52:03,  1.47s/it] 53%|â–ˆâ–ˆâ–ˆâ–ˆâ–ˆâ–Ž    | 10514/20000 [4:32:40<3:51:44,  1.47s/it] 53%|â–ˆâ–ˆâ–ˆâ–ˆâ–ˆâ–Ž    | 10565/20000 [4:34:02<3:54:59,  1.49s/it] 53%|â–ˆâ–ˆâ–ˆâ–ˆâ–ˆâ–Ž    | 10575/20000 [4:34:20<3:54:44,  1.49s/it] 53%|â–ˆâ–ˆâ–ˆâ–ˆâ–ˆâ–Ž    | 10628/20000 [4:35:43<3:58:04,  1.52s/it] 53%|â–ˆâ–ˆâ–ˆâ–ˆâ–ˆâ–Ž    | 10638/20000 [4:36:00<3:57:48,  1.52s/it] 53%|â–ˆâ–ˆâ–ˆâ–ˆâ–ˆâ–Ž    | 10699/20000 [4:37:24<3:51:14,  1.49s/it] 54%|â–ˆâ–ˆâ–ˆâ–ˆâ–ˆâ–Ž    | 10710/20000 [4:37:40<3:50:58,  1.49s/it] 54%|â–ˆâ–ˆâ–ˆâ–ˆâ–ˆâ–    | 10766/20000 [4:39:04<3:49:40,  1.49s/it] 54%|â–ˆâ–ˆâ–ˆâ–ˆâ–ˆâ–    | 10776/20000 [4:39:20<3:49:25,  1.49s/it] 54%|â–ˆâ–ˆâ–ˆâ–ˆâ–ˆâ–    | 10833/20000 [4:40:44<3:48:13,  1.49s/it] 54%|â–ˆâ–ˆâ–ˆâ–ˆâ–ˆâ–    | 10842/20000 [4:41:00<3:47:59,  1.49s/it] 54%|â–ˆâ–ˆâ–ˆâ–ˆâ–ˆâ–    | 10898/20000 [4:42:26<3:49:34,  1.51s/it] 55%|â–ˆâ–ˆâ–ˆâ–ˆâ–ˆâ–    | 10907/20000 [4:42:40<3:49:20,  1.51s/it] 55%|â–ˆâ–ˆâ–ˆâ–ˆâ–ˆâ–    | 10966/20000 [4:44:06<3:46:16,  1.50s/it] 55%|â–ˆâ–ˆâ–ˆâ–ˆâ–ˆâ–    | 10975/20000 [4:44:20<3:46:03,  1.50s/it] 55%|â–ˆâ–ˆâ–ˆâ–ˆâ–ˆâ–Œ    | 11037/20000 [4:45:46<3:40:14,  1.47s/it] 55%|â–ˆâ–ˆâ–ˆâ–ˆâ–ˆâ–Œ    | 11046/20000 [4:46:00<3:40:01,  1.47s/it] 56%|â–ˆâ–ˆâ–ˆâ–ˆâ–ˆâ–Œ    | 11107/20000 [4:47:28<3:37:18,  1.47s/it] 56%|â–ˆâ–ˆâ–ˆâ–ˆâ–ˆâ–Œ    | 11115/20000 [4:47:40<3:37:06,  1.47s/it] 56%|â–ˆâ–ˆâ–ˆâ–ˆâ–ˆâ–Œ    | 11173/20000 [4:49:08<3:37:51,  1.48s/it] 56%|â–ˆâ–ˆâ–ˆâ–ˆâ–ˆâ–Œ    | 11180/20000 [4:49:20<3:37:41,  1.48s/it] 56%|â–ˆâ–ˆâ–ˆâ–ˆâ–ˆâ–Œ    | 11241/20000 [4:50:48<3:35:59,  1.48s/it] 56%|â–ˆâ–ˆâ–ˆâ–ˆâ–ˆâ–Œ    | 11249/20000 [4:51:00<3:35:47,  1.48s/it] 57%|â–ˆâ–ˆâ–ˆâ–ˆâ–ˆâ–‹    | 11316/20000 [4:52:29<3:27:47,  1.44s/it] 57%|â–ˆâ–ˆâ–ˆâ–ˆâ–ˆâ–‹    | 11324/20000 [4:52:40<3:27:36,  1.44s/it] 57%|â–ˆâ–ˆâ–ˆâ–ˆâ–ˆâ–‹    | 11391/20000 [4:54:09<3:21:33,  1.40s/it] 57%|â–ˆâ–ˆâ–ˆâ–ˆâ–ˆâ–‹    | 11398/20000 [4:54:20<3:21:23,  1.40s/it] 57%|â–ˆâ–ˆâ–ˆâ–ˆâ–ˆâ–‹    | 11461/20000 [4:55:50<3:21:17,  1.41s/it] 57%|â–ˆâ–ˆâ–ˆâ–ˆâ–ˆâ–‹    | 11468/20000 [4:56:00<3:21:07,  1.41s/it] 58%|â–ˆâ–ˆâ–ˆâ–ˆâ–ˆâ–Š    | 11532/20000 [4:57:31<3:19:50,  1.42s/it] 58%|â–ˆâ–ˆâ–ˆâ–ˆâ–ˆâ–Š    | 11544/20000 [4:57:50<3:19:34,  1.42s/it] 58%|â–ˆâ–ˆâ–ˆâ–ˆâ–ˆâ–Š    | 11602/20000 [4:59:11<3:18:51,  1.42s/it] 58%|â–ˆâ–ˆâ–ˆâ–ˆâ–ˆâ–Š    | 11615/20000 [4:59:30<3:18:32,  1.42s/it] 58%|â–ˆâ–ˆâ–ˆâ–ˆâ–ˆâ–Š    | 11675/20000 [5:00:51<3:15:04,  1.41s/it] 58%|â–ˆâ–ˆâ–ˆâ–ˆâ–ˆâ–Š    | 11690/20000 [5:01:10<3:14:42,  1.41s/it] 59%|â–ˆâ–ˆâ–ˆâ–ˆâ–ˆâ–‰    | 11754/20000 [5:02:32<3:07:41,  1.37s/it] 59%|â–ˆâ–ˆâ–ˆâ–ˆâ–ˆâ–‰    | 11766/20000 [5:02:50<3:07:25,  1.37s/it] 59%|â–ˆâ–ˆâ–ˆâ–ˆâ–ˆâ–‰    | 11829/20000 [5:04:13<3:05:06,  1.36s/it] 59%|â–ˆâ–ˆâ–ˆâ–ˆâ–ˆâ–‰    | 11841/20000 [5:04:30<3:04:49,  1.36s/it] 60%|â–ˆâ–ˆâ–ˆâ–ˆâ–ˆâ–‰    | 11903/20000 [5:05:54<3:03:37,  1.36s/it] 60%|â–ˆâ–ˆâ–ˆâ–ˆâ–ˆâ–‰    | 11914/20000 [5:06:10<3:03:22,  1.36s/it] 60%|â–ˆâ–ˆâ–ˆâ–ˆâ–ˆâ–‰    | 11975/20000 [5:07:34<3:03:15,  1.37s/it] 60%|â–ˆâ–ˆâ–ˆâ–ˆâ–ˆâ–‰    | 11986/20000 [5:07:50<3:03:00,  1.37s/it] 60%|â–ˆâ–ˆâ–ˆâ–ˆâ–ˆâ–ˆ    | 12045/20000 [5:09:14<3:03:54,  1.39s/it] 60%|â–ˆâ–ˆâ–ˆâ–ˆâ–ˆâ–ˆ    | 12056/20000 [5:09:30<3:03:39,  1.39s/it] 61%|â–ˆâ–ˆâ–ˆâ–ˆâ–ˆâ–ˆ    | 12116/20000 [5:10:55<3:03:14,  1.39s/it] 61%|â–ˆâ–ˆâ–ˆâ–ˆâ–ˆâ–ˆ    | 12127/20000 [5:11:10<3:02:58,  1.39s/it] 61%|â–ˆâ–ˆâ–ˆâ–ˆâ–ˆâ–ˆ    | 12186/20000 [5:12:36<3:03:31,  1.41s/it] 61%|â–ˆâ–ˆâ–ˆâ–ˆâ–ˆâ–ˆ    | 12196/20000 [5:12:50<3:03:17,  1.41s/it] 61%|â–ˆâ–ˆâ–ˆâ–ˆâ–ˆâ–ˆâ–   | 12260/20000 [5:14:16<2:59:42,  1.39s/it] 61%|â–ˆâ–ˆâ–ˆâ–ˆâ–ˆâ–ˆâ–   | 12269/20000 [5:14:30<2:59:30,  1.39s/it] 62%|â–ˆâ–ˆâ–ˆâ–ˆâ–ˆâ–ˆâ–   | 12334/20000 [5:15:57<2:56:49,  1.38s/it] 62%|â–ˆâ–ˆâ–ˆâ–ˆâ–ˆâ–ˆâ–   | 12343/20000 [5:16:10<2:56:36,  1.38s/it] 62%|â–ˆâ–ˆâ–ˆâ–ˆâ–ˆâ–ˆâ–   | 12404/20000 [5:17:38<2:57:37,  1.40s/it] 62%|â–ˆâ–ˆâ–ˆâ–ˆâ–ˆâ–ˆâ–   | 12412/20000 [5:17:50<2:57:26,  1.40s/it] 62%|â–ˆâ–ˆâ–ˆâ–ˆâ–ˆâ–ˆâ–   | 12475/20000 [5:19:19<2:56:20,  1.41s/it] 62%|â–ˆâ–ˆâ–ˆâ–ˆâ–ˆâ–ˆâ–   | 12482/20000 [5:19:30<2:56:10,  1.41s/it] 63%|â–ˆâ–ˆâ–ˆâ–ˆâ–ˆâ–ˆâ–Ž   | 12548/20000 [5:21:00<2:53:45,  1.40s/it] 63%|â–ˆâ–ˆâ–ˆâ–ˆâ–ˆâ–ˆâ–Ž   | 12555/20000 [5:21:10<2:53:35,  1.40s/it] 63%|â–ˆâ–ˆâ–ˆâ–ˆâ–ˆâ–ˆâ–Ž   | 12617/20000 [5:22:41<2:54:44,  1.42s/it] 63%|â–ˆâ–ˆâ–ˆâ–ˆâ–ˆâ–ˆâ–Ž   | 12631/20000 [5:23:00<2:54:24,  1.42s/it] 63%|â–ˆâ–ˆâ–ˆâ–ˆâ–ˆâ–ˆâ–Ž   | 12694/20000 [5:24:22<2:48:51,  1.39s/it] 64%|â–ˆâ–ˆâ–ˆâ–ˆâ–ˆâ–ˆâ–Ž   | 12706/20000 [5:24:40<2:48:34,  1.39s/it] 64%|â–ˆâ–ˆâ–ˆâ–ˆâ–ˆâ–ˆâ–   | 12768/20000 [5:26:04<2:46:26,  1.38s/it] 64%|â–ˆâ–ˆâ–ˆâ–ˆâ–ˆâ–ˆâ–   | 12779/20000 [5:26:20<2:46:11,  1.38s/it] 64%|â–ˆâ–ˆâ–ˆâ–ˆâ–ˆâ–ˆâ–   | 12837/20000 [5:27:45<2:48:02,  1.41s/it] 64%|â–ˆâ–ˆâ–ˆâ–ˆâ–ˆâ–ˆâ–   | 12847/20000 [5:28:00<2:47:47,  1.41s/it] 65%|â–ˆâ–ˆâ–ˆâ–ˆâ–ˆâ–ˆâ–   | 12906/20000 [5:29:26<2:48:10,  1.42s/it] 65%|â–ˆâ–ˆâ–ˆâ–ˆâ–ˆâ–ˆâ–   | 12916/20000 [5:29:40<2:47:56,  1.42s/it] 65%|â–ˆâ–ˆâ–ˆâ–ˆâ–ˆâ–ˆâ–   | 12978/20000 [5:31:07<2:45:35,  1.41s/it] 65%|â–ˆâ–ˆâ–ˆâ–ˆâ–ˆâ–ˆâ–   | 12987/20000 [5:31:20<2:45:22,  1.41s/it] 65%|â–ˆâ–ˆâ–ˆâ–ˆâ–ˆâ–ˆâ–Œ   | 13050/20000 [5:32:47<2:43:12,  1.41s/it] 65%|â–ˆâ–ˆâ–ˆâ–ˆâ–ˆâ–ˆâ–Œ   | 13060/20000 [5:33:00<2:42:58,  1.41s/it] 66%|â–ˆâ–ˆâ–ˆâ–ˆâ–ˆâ–ˆâ–Œ   | 13123/20000 [5:34:28<2:40:41,  1.40s/it] 66%|â–ˆâ–ˆâ–ˆâ–ˆâ–ˆâ–ˆâ–Œ   | 13131/20000 [5:34:40<2:40:30,  1.40s/it] 66%|â–ˆâ–ˆâ–ˆâ–ˆâ–ˆâ–ˆâ–Œ   | 13195/20000 [5:36:09<2:38:59,  1.40s/it] 66%|â–ˆâ–ˆâ–ˆâ–ˆâ–ˆâ–ˆâ–Œ   | 13203/20000 [5:36:20<2:38:47,  1.40s/it] 66%|â–ˆâ–ˆâ–ˆâ–ˆâ–ˆâ–ˆâ–‹   | 13265/20000 [5:37:49<2:38:15,  1.41s/it] 66%|â–ˆâ–ˆâ–ˆâ–ˆâ–ˆâ–ˆâ–‹   | 13272/20000 [5:38:00<2:38:05,  1.41s/it] 67%|â–ˆâ–ˆâ–ˆâ–ˆâ–ˆâ–ˆâ–‹   | 13333/20000 [5:39:30<2:38:58,  1.43s/it] 67%|â–ˆâ–ˆâ–ˆâ–ˆâ–ˆâ–ˆâ–‹   | 13348/20000 [5:39:50<2:38:37,  1.43s/it] 67%|â–ˆâ–ˆâ–ˆâ–ˆâ–ˆâ–ˆâ–‹   | 13408/20000 [5:41:11<2:34:24,  1.41s/it] 67%|â–ˆâ–ˆâ–ˆâ–ˆâ–ˆâ–ˆâ–‹   | 13421/20000 [5:41:30<2:34:05,  1.41s/it] 67%|â–ˆâ–ˆâ–ˆâ–ˆâ–ˆâ–ˆâ–‹   | 13476/20000 [5:42:52<2:35:08,  1.43s/it] 67%|â–ˆâ–ˆâ–ˆâ–ˆâ–ˆâ–ˆâ–‹   | 13488/20000 [5:43:10<2:34:51,  1.43s/it] 68%|â–ˆâ–ˆâ–ˆâ–ˆâ–ˆâ–ˆâ–Š   | 13544/20000 [5:44:33<2:35:13,  1.44s/it] 68%|â–ˆâ–ˆâ–ˆâ–ˆâ–ˆâ–ˆâ–Š   | 13553/20000 [5:44:50<2:35:00,  1.44s/it] 68%|â–ˆâ–ˆâ–ˆâ–ˆâ–ˆâ–ˆâ–Š   | 13612/20000 [5:46:13<2:34:42,  1.45s/it] 68%|â–ˆâ–ˆâ–ˆâ–ˆâ–ˆâ–ˆâ–Š   | 13623/20000 [5:46:30<2:34:26,  1.45s/it] 68%|â–ˆâ–ˆâ–ˆâ–ˆâ–ˆâ–ˆâ–Š   | 13683/20000 [5:47:53<2:31:43,  1.44s/it] 68%|â–ˆâ–ˆâ–ˆâ–ˆâ–ˆâ–ˆâ–Š   | 13695/20000 [5:48:10<2:31:26,  1.44s/it] 69%|â–ˆâ–ˆâ–ˆâ–ˆâ–ˆâ–ˆâ–‰   | 13754/20000 [5:49:34<2:29:06,  1.43s/it] 69%|â–ˆâ–ˆâ–ˆâ–ˆâ–ˆâ–ˆâ–‰   | 13765/20000 [5:49:50<2:28:50,  1.43s/it] 69%|â–ˆâ–ˆâ–ˆâ–ˆâ–ˆâ–ˆâ–‰   | 13826/20000 [5:51:14<2:26:05,  1.42s/it] 69%|â–ˆâ–ˆâ–ˆâ–ˆâ–ˆâ–ˆâ–‰   | 13837/20000 [5:51:30<2:25:50,  1.42s/it] 69%|â–ˆâ–ˆâ–ˆâ–ˆâ–ˆâ–ˆâ–‰   | 13898/20000 [5:52:55<2:23:47,  1.41s/it] 70%|â–ˆâ–ˆâ–ˆâ–ˆâ–ˆâ–ˆâ–‰   | 13910/20000 [5:53:10<2:23:30,  1.41s/it] 70%|â–ˆâ–ˆâ–ˆâ–ˆâ–ˆâ–ˆâ–‰   | 13971/20000 [5:54:35<2:20:51,  1.40s/it] 70%|â–ˆâ–ˆâ–ˆâ–ˆâ–ˆâ–ˆâ–‰   | 13981/20000 [5:54:50<2:20:37,  1.40s/it] 70%|â–ˆâ–ˆâ–ˆâ–ˆâ–ˆâ–ˆâ–ˆ   | 14041/20000 [5:56:17<2:20:39,  1.42s/it] 70%|â–ˆâ–ˆâ–ˆâ–ˆâ–ˆâ–ˆâ–ˆ   | 14050/20000 [5:56:30<2:20:26,  1.42s/it] 71%|â–ˆâ–ˆâ–ˆâ–ˆâ–ˆâ–ˆâ–ˆ   | 14113/20000 [5:57:58<2:18:34,  1.41s/it] 71%|â–ˆâ–ˆâ–ˆâ–ˆâ–ˆâ–ˆâ–ˆ   | 14122/20000 [5:58:10<2:18:22,  1.41s/it] 71%|â–ˆâ–ˆâ–ˆâ–ˆâ–ˆâ–ˆâ–ˆ   | 14183/20000 [5:59:39<2:17:47,  1.42s/it] 71%|â–ˆâ–ˆâ–ˆâ–ˆâ–ˆâ–ˆâ–ˆ   | 14189/20000 [5:59:50<2:17:39,  1.42s/it] 71%|â–ˆâ–ˆâ–ˆâ–ˆâ–ˆâ–ˆâ–ˆâ–  | 14254/20000 [6:01:20<2:16:07,  1.42s/it] 71%|â–ˆâ–ˆâ–ˆâ–ˆâ–ˆâ–ˆâ–ˆâ–  | 14260/20000 [6:01:30<2:15:59,  1.42s/it] 72%|â–ˆâ–ˆâ–ˆâ–ˆâ–ˆâ–ˆâ–ˆâ–  | 14320/20000 [6:03:00<2:17:18,  1.45s/it] 72%|â–ˆâ–ˆâ–ˆâ–ˆâ–ˆâ–ˆâ–ˆâ–  | 14334/20000 [6:03:20<2:16:57,  1.45s/it] 72%|â–ˆâ–ˆâ–ˆâ–ˆâ–ˆâ–ˆâ–ˆâ–  | 14393/20000 [6:04:41<2:13:27,  1.43s/it] 72%|â–ˆâ–ˆâ–ˆâ–ˆâ–ˆâ–ˆâ–ˆâ–  | 14407/20000 [6:05:00<2:13:07,  1.43s/it] 72%|â–ˆâ–ˆâ–ˆâ–ˆâ–ˆâ–ˆâ–ˆâ–  | 14469/20000 [6:06:21<2:08:27,  1.39s/it] 72%|â–ˆâ–ˆâ–ˆâ–ˆâ–ˆâ–ˆâ–ˆâ–  | 14483/20000 [6:06:40<2:08:07,  1.39s/it] 73%|â–ˆâ–ˆâ–ˆâ–ˆâ–ˆâ–ˆâ–ˆâ–Ž  | 14543/20000 [6:08:02<2:05:52,  1.38s/it] 73%|â–ˆâ–ˆâ–ˆâ–ˆâ–ˆâ–ˆâ–ˆâ–Ž  | 14556/20000 [6:08:20<2:05:34,  1.38s/it] 73%|â–ˆâ–ˆâ–ˆâ–ˆâ–ˆâ–ˆâ–ˆâ–Ž  | 14616/20000 [6:09:43<2:04:15,  1.38s/it] 73%|â–ˆâ–ˆâ–ˆâ–ˆâ–ˆâ–ˆâ–ˆâ–Ž  | 14626/20000 [6:10:00<2:04:01,  1.38s/it] 73%|â–ˆâ–ˆâ–ˆâ–ˆâ–ˆâ–ˆâ–ˆâ–Ž  | 14681/20000 [6:11:24<2:06:57,  1.43s/it] 73%|â–ˆâ–ˆâ–ˆâ–ˆâ–ˆâ–ˆâ–ˆâ–Ž  | 14690/20000 [6:11:40<2:06:44,  1.43s/it] 74%|â–ˆâ–ˆâ–ˆâ–ˆâ–ˆâ–ˆâ–ˆâ–  | 14753/20000 [6:13:04<2:04:10,  1.42s/it] 74%|â–ˆâ–ˆâ–ˆâ–ˆâ–ˆâ–ˆâ–ˆâ–  | 14765/20000 [6:13:20<2:03:53,  1.42s/it] 74%|â–ˆâ–ˆâ–ˆâ–ˆâ–ˆâ–ˆâ–ˆâ–  | 14825/20000 [6:14:45<2:02:00,  1.41s/it] 74%|â–ˆâ–ˆâ–ˆâ–ˆâ–ˆâ–ˆâ–ˆâ–  | 14835/20000 [6:15:00<2:01:46,  1.41s/it] 74%|â–ˆâ–ˆâ–ˆâ–ˆâ–ˆâ–ˆâ–ˆâ–  | 14895/20000 [6:16:26<2:00:50,  1.42s/it] 75%|â–ˆâ–ˆâ–ˆâ–ˆâ–ˆâ–ˆâ–ˆâ–  | 14904/20000 [6:16:40<2:00:38,  1.42s/it] 75%|â–ˆâ–ˆâ–ˆâ–ˆâ–ˆâ–ˆâ–ˆâ–  | 14966/20000 [6:18:06<1:59:04,  1.42s/it] 75%|â–ˆâ–ˆâ–ˆâ–ˆâ–ˆâ–ˆâ–ˆâ–  | 14976/20000 [6:18:20<1:58:49,  1.42s/it] 75%|â–ˆâ–ˆâ–ˆâ–ˆâ–ˆâ–ˆâ–ˆâ–Œ  | 15040/20000 [6:19:48<1:56:06,  1.40s/it] 75%|â–ˆâ–ˆâ–ˆâ–ˆâ–ˆâ–ˆâ–ˆâ–Œ  | 15049/20000 [6:20:00<1:55:53,  1.40s/it] 76%|â–ˆâ–ˆâ–ˆâ–ˆâ–ˆâ–ˆâ–ˆâ–Œ  | 15112/20000 [6:21:29<1:54:18,  1.40s/it] 76%|â–ˆâ–ˆâ–ˆâ–ˆâ–ˆâ–ˆâ–ˆâ–Œ  | 15120/20000 [6:21:40<1:54:07,  1.40s/it] 76%|â–ˆâ–ˆâ–ˆâ–ˆâ–ˆâ–ˆâ–ˆâ–Œ  | 15185/20000 [6:23:09<1:51:55,  1.39s/it] 76%|â–ˆâ–ˆâ–ˆâ–ˆâ–ˆâ–ˆâ–ˆâ–Œ  | 15194/20000 [6:23:20<1:51:43,  1.39s/it] 76%|â–ˆâ–ˆâ–ˆâ–ˆâ–ˆâ–ˆâ–ˆâ–‹  | 15257/20000 [6:24:50<1:50:35,  1.40s/it] 76%|â–ˆâ–ˆâ–ˆâ–ˆâ–ˆâ–ˆâ–ˆâ–‹  | 15273/20000 [6:25:10<1:50:13,  1.40s/it] 77%|â–ˆâ–ˆâ–ˆâ–ˆâ–ˆâ–ˆâ–ˆâ–‹  | 15331/20000 [6:26:31<1:48:00,  1.39s/it] 77%|â–ˆâ–ˆâ–ˆâ–ˆâ–ˆâ–ˆâ–ˆâ–‹  | 15343/20000 [6:26:50<1:47:44,  1.39s/it] 77%|â–ˆâ–ˆâ–ˆâ–ˆâ–ˆâ–ˆâ–ˆâ–‹  | 15399/20000 [6:28:12<1:48:21,  1.41s/it] 77%|â–ˆâ–ˆâ–ˆâ–ˆâ–ˆâ–ˆâ–ˆâ–‹  | 15411/20000 [6:28:30<1:48:04,  1.41s/it] 77%|â–ˆâ–ˆâ–ˆâ–ˆâ–ˆâ–ˆâ–ˆâ–‹  | 15468/20000 [6:29:52<1:47:43,  1.43s/it] 77%|â–ˆâ–ˆâ–ˆâ–ˆâ–ˆâ–ˆâ–ˆâ–‹  | 15478/20000 [6:30:10<1:47:29,  1.43s/it] 78%|â–ˆâ–ˆâ–ˆâ–ˆâ–ˆâ–ˆâ–ˆâ–Š  | 15540/20000 [6:31:33<1:45:33,  1.42s/it] 78%|â–ˆâ–ˆâ–ˆâ–ˆâ–ˆâ–ˆâ–ˆâ–Š  | 15552/20000 [6:31:50<1:45:16,  1.42s/it] 78%|â–ˆâ–ˆâ–ˆâ–ˆâ–ˆâ–ˆâ–ˆâ–Š  | 15614/20000 [6:33:14<1:42:18,  1.40s/it] 78%|â–ˆâ–ˆâ–ˆâ–ˆâ–ˆâ–ˆâ–ˆâ–Š  | 15625/20000 [6:33:30<1:42:02,  1.40s/it] 78%|â–ˆâ–ˆâ–ˆâ–ˆâ–ˆâ–ˆâ–ˆâ–Š  | 15689/20000 [6:34:54<1:39:14,  1.38s/it] 78%|â–ˆâ–ˆâ–ˆâ–ˆâ–ˆâ–ˆâ–ˆâ–Š  | 15699/20000 [6:35:10<1:39:00,  1.38s/it] 79%|â–ˆâ–ˆâ–ˆâ–ˆâ–ˆâ–ˆâ–ˆâ–‰  | 15758/20000 [6:36:34<1:39:05,  1.40s/it] 79%|â–ˆâ–ˆâ–ˆâ–ˆâ–ˆâ–ˆâ–ˆâ–‰  | 15768/20000 [6:36:50<1:38:51,  1.40s/it] 79%|â–ˆâ–ˆâ–ˆâ–ˆâ–ˆâ–ˆâ–ˆâ–‰  | 15830/20000 [6:38:16<1:37:35,  1.40s/it] 79%|â–ˆâ–ˆâ–ˆâ–ˆâ–ˆâ–ˆâ–ˆâ–‰  | 15838/20000 [6:38:30<1:37:23,  1.40s/it] 79%|â–ˆâ–ˆâ–ˆâ–ˆâ–ˆâ–ˆâ–ˆâ–‰  | 15895/20000 [6:39:56<1:38:41,  1.44s/it] 80%|â–ˆâ–ˆâ–ˆâ–ˆâ–ˆâ–ˆâ–ˆâ–‰  | 15905/20000 [6:40:10<1:38:26,  1.44s/it] 80%|â–ˆâ–ˆâ–ˆâ–ˆâ–ˆâ–ˆâ–ˆâ–‰  | 15965/20000 [6:41:36<1:36:46,  1.44s/it] 80%|â–ˆâ–ˆâ–ˆâ–ˆâ–ˆâ–ˆâ–ˆâ–‰  | 15973/20000 [6:41:50<1:36:34,  1.44s/it] 80%|â–ˆâ–ˆâ–ˆâ–ˆâ–ˆâ–ˆâ–ˆâ–ˆ  | 16028/20000 [6:43:17<1:38:21,  1.49s/it] 80%|â–ˆâ–ˆâ–ˆâ–ˆâ–ˆâ–ˆâ–ˆâ–ˆ  | 16037/20000 [6:43:30<1:38:08,  1.49s/it] 80%|â–ˆâ–ˆâ–ˆâ–ˆâ–ˆâ–ˆâ–ˆâ–ˆ  | 16099/20000 [6:44:58<1:35:14,  1.46s/it] 81%|â–ˆâ–ˆâ–ˆâ–ˆâ–ˆâ–ˆâ–ˆâ–ˆ  | 16106/20000 [6:45:10<1:35:04,  1.46s/it] 81%|â–ˆâ–ˆâ–ˆâ–ˆâ–ˆâ–ˆâ–ˆâ–ˆ  | 16163/20000 [6:46:39<1:35:38,  1.50s/it] 81%|â–ˆâ–ˆâ–ˆâ–ˆâ–ˆâ–ˆâ–ˆâ–ˆ  | 16170/20000 [6:46:50<1:35:27,  1.50s/it] 81%|â–ˆâ–ˆâ–ˆâ–ˆâ–ˆâ–ˆâ–ˆâ–ˆ  | 16231/20000 [6:48:20<1:33:58,  1.50s/it] 81%|â–ˆâ–ˆâ–ˆâ–ˆâ–ˆâ–ˆâ–ˆâ–ˆ  | 16241/20000 [6:48:40<1:33:43,  1.50s/it] 81%|â–ˆâ–ˆâ–ˆâ–ˆâ–ˆâ–ˆâ–ˆâ–ˆâ– | 16294/20000 [6:50:01<1:34:04,  1.52s/it] 82%|â–ˆâ–ˆâ–ˆâ–ˆâ–ˆâ–ˆâ–ˆâ–ˆâ– | 16305/20000 [6:50:20<1:33:48,  1.52s/it] 82%|â–ˆâ–ˆâ–ˆâ–ˆâ–ˆâ–ˆâ–ˆâ–ˆâ– | 16359/20000 [6:51:41<1:32:54,  1.53s/it] 82%|â–ˆâ–ˆâ–ˆâ–ˆâ–ˆâ–ˆâ–ˆâ–ˆâ– | 16370/20000 [6:52:00<1:32:37,  1.53s/it] 82%|â–ˆâ–ˆâ–ˆâ–ˆâ–ˆâ–ˆâ–ˆâ–ˆâ– | 16425/20000 [6:53:22<1:30:58,  1.53s/it] 82%|â–ˆâ–ˆâ–ˆâ–ˆâ–ˆâ–ˆâ–ˆâ–ˆâ– | 16437/20000 [6:53:40<1:30:40,  1.53s/it] 82%|â–ˆâ–ˆâ–ˆâ–ˆâ–ˆâ–ˆâ–ˆâ–ˆâ– | 16492/20000 [6:55:02<1:28:52,  1.52s/it] 83%|â–ˆâ–ˆâ–ˆâ–ˆâ–ˆâ–ˆâ–ˆâ–ˆâ–Ž | 16503/20000 [6:55:20<1:28:35,  1.52s/it] 83%|â–ˆâ–ˆâ–ˆâ–ˆâ–ˆâ–ˆâ–ˆâ–ˆâ–Ž | 16559/20000 [6:56:43<1:26:51,  1.51s/it] 83%|â–ˆâ–ˆâ–ˆâ–ˆâ–ˆâ–ˆâ–ˆâ–ˆâ–Ž | 16569/20000 [6:57:00<1:26:36,  1.51s/it] 83%|â–ˆâ–ˆâ–ˆâ–ˆâ–ˆâ–ˆâ–ˆâ–ˆâ–Ž | 16628/20000 [6:58:23<1:24:00,  1.49s/it] 83%|â–ˆâ–ˆâ–ˆâ–ˆâ–ˆâ–ˆâ–ˆâ–ˆâ–Ž | 16639/20000 [6:58:40<1:23:43,  1.49s/it] 83%|â–ˆâ–ˆâ–ˆâ–ˆâ–ˆâ–ˆâ–ˆâ–ˆâ–Ž | 16689/20000 [7:00:04<1:25:02,  1.54s/it] 83%|â–ˆâ–ˆâ–ˆâ–ˆâ–ˆâ–ˆâ–ˆâ–ˆâ–Ž | 16698/20000 [7:00:20<1:24:48,  1.54s/it] 84%|â–ˆâ–ˆâ–ˆâ–ˆâ–ˆâ–ˆâ–ˆâ–ˆâ– | 16757/20000 [7:01:45<1:22:21,  1.52s/it] 84%|â–ˆâ–ˆâ–ˆâ–ˆâ–ˆâ–ˆâ–ˆâ–ˆâ– | 16766/20000 [7:02:00<1:22:07,  1.52s/it] 84%|â–ˆâ–ˆâ–ˆâ–ˆâ–ˆâ–ˆâ–ˆâ–ˆâ– | 16824/20000 [7:03:26<1:20:22,  1.52s/it] 84%|â–ˆâ–ˆâ–ˆâ–ˆâ–ˆâ–ˆâ–ˆâ–ˆâ– | 16832/20000 [7:03:40<1:20:10,  1.52s/it] 84%|â–ˆâ–ˆâ–ˆâ–ˆâ–ˆâ–ˆâ–ˆâ–ˆâ– | 16890/20000 [7:05:06<1:18:41,  1.52s/it] 84%|â–ˆâ–ˆâ–ˆâ–ˆâ–ˆâ–ˆâ–ˆâ–ˆâ– | 16898/20000 [7:05:20<1:18:29,  1.52s/it] 85%|â–ˆâ–ˆâ–ˆâ–ˆâ–ˆâ–ˆâ–ˆâ–ˆâ– | 16958/20000 [7:06:47<1:16:26,  1.51s/it] 85%|â–ˆâ–ˆâ–ˆâ–ˆâ–ˆâ–ˆâ–ˆâ–ˆâ– | 16965/20000 [7:07:00<1:16:16,  1.51s/it] 85%|â–ˆâ–ˆâ–ˆâ–ˆâ–ˆâ–ˆâ–ˆâ–ˆâ–Œ | 17026/20000 [7:08:29<1:14:29,  1.50s/it] 85%|â–ˆâ–ˆâ–ˆâ–ˆâ–ˆâ–ˆâ–ˆâ–ˆâ–Œ | 17032/20000 [7:08:40<1:14:20,  1.50s/it] 85%|â–ˆâ–ˆâ–ˆâ–ˆâ–ˆâ–ˆâ–ˆâ–ˆâ–Œ | 17091/20000 [7:10:09<1:13:30,  1.52s/it] 85%|â–ˆâ–ˆâ–ˆâ–ˆâ–ˆâ–ˆâ–ˆâ–ˆâ–Œ | 17097/20000 [7:10:20<1:13:21,  1.52s/it] 86%|â–ˆâ–ˆâ–ˆâ–ˆâ–ˆâ–ˆâ–ˆâ–ˆâ–Œ | 17160/20000 [7:11:49<1:10:47,  1.50s/it] 86%|â–ˆâ–ˆâ–ˆâ–ˆâ–ˆâ–ˆâ–ˆâ–ˆâ–Œ | 17166/20000 [7:12:00<1:10:38,  1.50s/it] 86%|â–ˆâ–ˆâ–ˆâ–ˆâ–ˆâ–ˆâ–ˆâ–ˆâ–Œ | 17229/20000 [7:13:30<1:08:29,  1.48s/it] 86%|â–ˆâ–ˆâ–ˆâ–ˆâ–ˆâ–ˆâ–ˆâ–ˆâ–Œ | 17235/20000 [7:13:40<1:08:20,  1.48s/it] 87%|â–ˆâ–ˆâ–ˆâ–ˆâ–ˆâ–ˆâ–ˆâ–ˆâ–‹ | 17306/20000 [7:15:10<1:03:54,  1.42s/it] 87%|â–ˆâ–ˆâ–ˆâ–ˆâ–ˆâ–ˆâ–ˆâ–ˆâ–‹ | 17313/20000 [7:15:20<1:03:44,  1.42s/it] 87%|â–ˆâ–ˆâ–ˆâ–ˆâ–ˆâ–ˆâ–ˆâ–ˆâ–‹ | 17374/20000 [7:16:50<1:02:55,  1.44s/it] 87%|â–ˆâ–ˆâ–ˆâ–ˆâ–ˆâ–ˆâ–ˆâ–ˆâ–‹ | 17387/20000 [7:17:10<1:02:36,  1.44s/it] 87%|â–ˆâ–ˆâ–ˆâ–ˆâ–ˆâ–ˆâ–ˆâ–ˆâ–‹ | 17441/20000 [7:18:31<1:02:06,  1.46s/it] 87%|â–ˆâ–ˆâ–ˆâ–ˆâ–ˆâ–ˆâ–ˆâ–ˆâ–‹ | 17455/20000 [7:18:50<1:01:45,  1.46s/it] 88%|â–ˆâ–ˆâ–ˆâ–ˆâ–ˆâ–ˆâ–ˆâ–ˆâ–Š | 17509/20000 [7:20:12<1:00:55,  1.47s/it] 88%|â–ˆâ–ˆâ–ˆâ–ˆâ–ˆâ–ˆâ–ˆâ–ˆâ–Š | 17523/20000 [7:20:30<1:00:35,  1.47s/it] 88%|â–ˆâ–ˆâ–ˆâ–ˆâ–ˆâ–ˆâ–ˆâ–ˆâ–Š | 17575/20000 [7:21:53<1:00:02,  1.49s/it] 88%|â–ˆâ–ˆâ–ˆâ–ˆâ–ˆâ–ˆâ–ˆâ–ˆâ–Š | 17586/20000 [7:22:10<59:46,  1.49s/it]   88%|â–ˆâ–ˆâ–ˆâ–ˆâ–ˆâ–ˆâ–ˆâ–ˆâ–Š | 17639/20000 [7:23:34<59:25,  1.51s/it] 88%|â–ˆâ–ˆâ–ˆâ–ˆâ–ˆâ–ˆâ–ˆâ–ˆâ–Š | 17650/20000 [7:23:50<59:08,  1.51s/it] 89%|â–ˆâ–ˆâ–ˆâ–ˆâ–ˆâ–ˆâ–ˆâ–ˆâ–Š | 17705/20000 [7:25:14<57:50,  1.51s/it] 89%|â–ˆâ–ˆâ–ˆâ–ˆâ–ˆâ–ˆâ–ˆâ–ˆâ–Š | 17716/20000 [7:25:30<57:33,  1.51s/it] 89%|â–ˆâ–ˆâ–ˆâ–ˆâ–ˆâ–ˆâ–ˆâ–ˆâ–‰ | 17768/20000 [7:26:54<57:07,  1.54s/it] 89%|â–ˆâ–ˆâ–ˆâ–ˆâ–ˆâ–ˆâ–ˆâ–ˆâ–‰ | 17779/20000 [7:27:10<56:50,  1.54s/it] 89%|â–ˆâ–ˆâ–ˆâ–ˆâ–ˆâ–ˆâ–ˆâ–ˆâ–‰ | 17831/20000 [7:28:35<56:08,  1.55s/it] 89%|â–ˆâ–ˆâ–ˆâ–ˆâ–ˆâ–ˆâ–ˆâ–ˆâ–‰ | 17840/20000 [7:28:50<55:54,  1.55s/it] 89%|â–ˆâ–ˆâ–ˆâ–ˆâ–ˆâ–ˆâ–ˆâ–ˆâ–‰ | 17895/20000 [7:30:15<54:38,  1.56s/it] 90%|â–ˆâ–ˆâ–ˆâ–ˆâ–ˆâ–ˆâ–ˆâ–ˆâ–‰ | 17906/20000 [7:30:30<54:20,  1.56s/it] 90%|â–ˆâ–ˆâ–ˆâ–ˆâ–ˆâ–ˆâ–ˆâ–ˆâ–‰ | 17968/20000 [7:31:56<50:50,  1.50s/it] 90%|â–ˆâ–ˆâ–ˆâ–ˆâ–ˆâ–ˆâ–ˆâ–ˆâ–‰ | 17977/20000 [7:32:10<50:36,  1.50s/it] 90%|â–ˆâ–ˆâ–ˆâ–ˆâ–ˆâ–ˆâ–ˆâ–ˆâ–ˆ | 18037/20000 [7:33:37<48:46,  1.49s/it] 90%|â–ˆâ–ˆâ–ˆâ–ˆâ–ˆâ–ˆâ–ˆâ–ˆâ–ˆ | 18045/20000 [7:33:50<48:34,  1.49s/it] 91%|â–ˆâ–ˆâ–ˆâ–ˆâ–ˆâ–ˆâ–ˆâ–ˆâ–ˆ | 18107/20000 [7:35:18<46:32,  1.48s/it] 91%|â–ˆâ–ˆâ–ˆâ–ˆâ–ˆâ–ˆâ–ˆâ–ˆâ–ˆ | 18114/20000 [7:35:30<46:22,  1.48s/it] 91%|â–ˆâ–ˆâ–ˆâ–ˆâ–ˆâ–ˆâ–ˆâ–ˆâ–ˆ | 18176/20000 [7:36:59<44:41,  1.47s/it] 91%|â–ˆâ–ˆâ–ˆâ–ˆâ–ˆâ–ˆâ–ˆâ–ˆâ–ˆ | 18183/20000 [7:37:10<44:31,  1.47s/it] 91%|â–ˆâ–ˆâ–ˆâ–ˆâ–ˆâ–ˆâ–ˆâ–ˆâ–ˆ | 18242/20000 [7:38:40<43:33,  1.49s/it] 91%|â–ˆâ–ˆâ–ˆâ–ˆâ–ˆâ–ˆâ–ˆâ–ˆâ–ˆ | 18248/20000 [7:38:50<43:24,  1.49s/it] 92%|â–ˆâ–ˆâ–ˆâ–ˆâ–ˆâ–ˆâ–ˆâ–ˆâ–ˆâ–| 18307/20000 [7:40:21<42:33,  1.51s/it] 92%|â–ˆâ–ˆâ–ˆâ–ˆâ–ˆâ–ˆâ–ˆâ–ˆâ–ˆâ–| 18320/20000 [7:40:40<42:13,  1.51s/it] 92%|â–ˆâ–ˆâ–ˆâ–ˆâ–ˆâ–ˆâ–ˆâ–ˆâ–ˆâ–| 18376/20000 [7:42:03<40:30,  1.50s/it] 92%|â–ˆâ–ˆâ–ˆâ–ˆâ–ˆâ–ˆâ–ˆâ–ˆâ–ˆâ–| 18388/20000 [7:42:20<40:12,  1.50s/it] 92%|â–ˆâ–ˆâ–ˆâ–ˆâ–ˆâ–ˆâ–ˆâ–ˆâ–ˆâ–| 18444/20000 [7:43:43<38:37,  1.49s/it] 92%|â–ˆâ–ˆâ–ˆâ–ˆâ–ˆâ–ˆâ–ˆâ–ˆâ–ˆâ–| 18455/20000 [7:44:00<38:20,  1.49s/it] 93%|â–ˆâ–ˆâ–ˆâ–ˆâ–ˆâ–ˆâ–ˆâ–ˆâ–ˆâ–Ž| 18513/20000 [7:45:23<36:40,  1.48s/it] 93%|â–ˆâ–ˆâ–ˆâ–ˆâ–ˆâ–ˆâ–ˆâ–ˆâ–ˆâ–Ž| 18525/20000 [7:45:40<36:23,  1.48s/it] 93%|â–ˆâ–ˆâ–ˆâ–ˆâ–ˆâ–ˆâ–ˆâ–ˆâ–ˆâ–Ž| 18586/20000 [7:47:04<34:08,  1.45s/it] 93%|â–ˆâ–ˆâ–ˆâ–ˆâ–ˆâ–ˆâ–ˆâ–ˆâ–ˆâ–Ž| 18596/20000 [7:47:20<33:54,  1.45s/it] 93%|â–ˆâ–ˆâ–ˆâ–ˆâ–ˆâ–ˆâ–ˆâ–ˆâ–ˆâ–Ž| 18654/20000 [7:48:45<32:43,  1.46s/it] 93%|â–ˆâ–ˆâ–ˆâ–ˆâ–ˆâ–ˆâ–ˆâ–ˆâ–ˆâ–Ž| 18663/20000 [7:49:00<32:29,  1.46s/it] 94%|â–ˆâ–ˆâ–ˆâ–ˆâ–ˆâ–ˆâ–ˆâ–ˆâ–ˆâ–Ž| 18722/20000 [7:50:25<31:11,  1.46s/it] 94%|â–ˆâ–ˆâ–ˆâ–ˆâ–ˆâ–ˆâ–ˆâ–ˆâ–ˆâ–Ž| 18731/20000 [7:50:40<30:58,  1.46s/it] 94%|â–ˆâ–ˆâ–ˆâ–ˆâ–ˆâ–ˆâ–ˆâ–ˆâ–ˆâ–| 18787/20000 [7:52:06<30:07,  1.49s/it] 94%|â–ˆâ–ˆâ–ˆâ–ˆâ–ˆâ–ˆâ–ˆâ–ˆâ–ˆâ–| 18796/20000 [7:52:20<29:53,  1.49s/it] 94%|â–ˆâ–ˆâ–ˆâ–ˆâ–ˆâ–ˆâ–ˆâ–ˆâ–ˆâ–| 18857/20000 [7:53:47<28:04,  1.47s/it] 94%|â–ˆâ–ˆâ–ˆâ–ˆâ–ˆâ–ˆâ–ˆâ–ˆâ–ˆâ–| 18864/20000 [7:54:00<27:54,  1.47s/it] 95%|â–ˆâ–ˆâ–ˆâ–ˆâ–ˆâ–ˆâ–ˆâ–ˆâ–ˆâ–| 18918/20000 [7:55:28<27:28,  1.52s/it] 95%|â–ˆâ–ˆâ–ˆâ–ˆâ–ˆâ–ˆâ–ˆâ–ˆâ–ˆâ–| 18925/20000 [7:55:40<27:17,  1.52s/it] 95%|â–ˆâ–ˆâ–ˆâ–ˆâ–ˆâ–ˆâ–ˆâ–ˆâ–ˆâ–| 18983/20000 [7:57:08<25:56,  1.53s/it] 95%|â–ˆâ–ˆâ–ˆâ–ˆâ–ˆâ–ˆâ–ˆâ–ˆâ–ˆâ–| 18991/20000 [7:57:20<25:43,  1.53s/it] 95%|â–ˆâ–ˆâ–ˆâ–ˆâ–ˆâ–ˆâ–ˆâ–ˆâ–ˆâ–Œ| 19050/20000 [7:58:49<24:06,  1.52s/it] 95%|â–ˆâ–ˆâ–ˆâ–ˆâ–ˆâ–ˆâ–ˆâ–ˆâ–ˆâ–Œ| 19056/20000 [7:59:00<23:57,  1.52s/it] 96%|â–ˆâ–ˆâ–ˆâ–ˆâ–ˆâ–ˆâ–ˆâ–ˆâ–ˆâ–Œ| 19119/20000 [8:00:30<22:06,  1.51s/it] 96%|â–ˆâ–ˆâ–ˆâ–ˆâ–ˆâ–ˆâ–ˆâ–ˆâ–ˆâ–Œ| 19132/20000 [8:00:50<21:46,  1.51s/it] 96%|â–ˆâ–ˆâ–ˆâ–ˆâ–ˆâ–ˆâ–ˆâ–ˆâ–ˆâ–Œ| 19188/20000 [8:02:11<20:11,  1.49s/it] 96%|â–ˆâ–ˆâ–ˆâ–ˆâ–ˆâ–ˆâ–ˆâ–ˆâ–ˆâ–Œ| 19203/20000 [8:02:30<19:49,  1.49s/it] 96%|â–ˆâ–ˆâ–ˆâ–ˆâ–ˆâ–ˆâ–ˆâ–ˆâ–ˆâ–‹| 19260/20000 [8:03:52<18:02,  1.46s/it] 96%|â–ˆâ–ˆâ–ˆâ–ˆâ–ˆâ–ˆâ–ˆâ–ˆâ–ˆâ–‹| 19272/20000 [8:04:10<17:45,  1.46s/it] 97%|â–ˆâ–ˆâ–ˆâ–ˆâ–ˆâ–ˆâ–ˆâ–ˆâ–ˆâ–‹| 19326/20000 [8:05:32<16:36,  1.48s/it] 97%|â–ˆâ–ˆâ–ˆâ–ˆâ–ˆâ–ˆâ–ˆâ–ˆâ–ˆâ–‹| 19338/20000 [8:05:50<16:18,  1.48s/it] 97%|â–ˆâ–ˆâ–ˆâ–ˆâ–ˆâ–ˆâ–ˆâ–ˆâ–ˆâ–‹| 19391/20000 [8:07:14<15:15,  1.50s/it] 97%|â–ˆâ–ˆâ–ˆâ–ˆâ–ˆâ–ˆâ–ˆâ–ˆâ–ˆâ–‹| 19401/20000 [8:07:30<15:00,  1.50s/it] 97%|â–ˆâ–ˆâ–ˆâ–ˆâ–ˆâ–ˆâ–ˆâ–ˆâ–ˆâ–‹| 19455/20000 [8:08:55<13:52,  1.53s/it] 97%|â–ˆâ–ˆâ–ˆâ–ˆâ–ˆâ–ˆâ–ˆâ–ˆâ–ˆâ–‹| 19462/20000 [8:09:10<13:41,  1.53s/it] 98%|â–ˆâ–ˆâ–ˆâ–ˆâ–ˆâ–ˆâ–ˆâ–ˆâ–ˆâ–Š| 19519/20000 [8:10:36<12:20,  1.54s/it] 98%|â–ˆâ–ˆâ–ˆâ–ˆâ–ˆâ–ˆâ–ˆâ–ˆâ–ˆâ–Š| 19528/20000 [8:10:50<12:07,  1.54s/it] 98%|â–ˆâ–ˆâ–ˆâ–ˆâ–ˆâ–ˆâ–ˆâ–ˆâ–ˆâ–Š| 19579/20000 [8:12:17<11:05,  1.58s/it] 98%|â–ˆâ–ˆâ–ˆâ–ˆâ–ˆâ–ˆâ–ˆâ–ˆâ–ˆâ–Š| 19587/20000 [8:12:30<10:52,  1.58s/it] 98%|â–ˆâ–ˆâ–ˆâ–ˆâ–ˆâ–ˆâ–ˆâ–ˆâ–ˆâ–Š| 19642/20000 [8:13:58<09:28,  1.59s/it] 98%|â–ˆâ–ˆâ–ˆâ–ˆâ–ˆâ–ˆâ–ˆâ–ˆâ–ˆâ–Š| 19650/20000 [8:14:10<09:15,  1.59s/it] 99%|â–ˆâ–ˆâ–ˆâ–ˆâ–ˆâ–ˆâ–ˆâ–ˆâ–ˆâ–Š| 19715/20000 [8:15:38<07:12,  1.52s/it] 99%|â–ˆâ–ˆâ–ˆâ–ˆâ–ˆâ–ˆâ–ˆâ–ˆâ–ˆâ–Š| 19724/20000 [8:15:50<06:58,  1.52s/it] 99%|â–ˆâ–ˆâ–ˆâ–ˆâ–ˆâ–ˆâ–ˆâ–ˆâ–ˆâ–‰| 19797/20000 [8:17:19<04:48,  1.42s/it] 99%|â–ˆâ–ˆâ–ˆâ–ˆâ–ˆâ–ˆâ–ˆâ–ˆâ–ˆâ–‰| 19806/20000 [8:17:30<04:35,  1.42s/it] 99%|â–ˆâ–ˆâ–ˆâ–ˆâ–ˆâ–ˆâ–ˆâ–ˆâ–ˆâ–‰| 19879/20000 [8:18:59<02:43,  1.35s/it] 99%|â–ˆâ–ˆâ–ˆâ–ˆâ–ˆâ–ˆâ–ˆâ–ˆâ–ˆâ–‰| 19888/20000 [8:19:10<02:31,  1.35s/it]100%|â–ˆâ–ˆâ–ˆâ–ˆâ–ˆâ–ˆâ–ˆâ–ˆâ–ˆâ–‰| 19962/20000 [8:20:40<00:49,  1.31s/it]100%|â–ˆâ–ˆâ–ˆâ–ˆâ–ˆâ–ˆâ–ˆâ–ˆâ–ˆâ–‰| 19970/20000 [8:20:50<00:39,  1.31s/it]100%|â–ˆâ–ˆâ–ˆâ–ˆâ–ˆâ–ˆâ–ˆâ–ˆâ–ˆâ–ˆ| 20000/20000 [8:21:27<00:00,  1.50s/it]

Analysis complete. Found 1 cluster(s) meeting the MCMC criterion.
Accepted cluster indices: [2]

--- Processing Final Results for Cluster 2 ---
--- MCMC Parameter Constraints for Cluster 2 ---
  x_src = 102.036 +0.567 / -0.248
  y_src = 105.968 +0.184 / -0.371
    z_s = 3.869 +0.227 / -0.173
Saving localization results for Cluster 2...
Processing results for Cluster 2...
-> Saved 340000 samples to /users/hiu-yeung.cheng/clusterlensing/out/row28/test_tidy_row28/cluster_2_posterior.npz
Updated CSV row 28 with result for cluster 2.
Loading data from /users/hiu-yeung.cheng/clusterlensing/out/row28/test_tidy_row28/cluster_2_posterior.npz...

Generating corner plot...
-> Corner plot saved to /users/hiu-yeung.cheng/clusterlensing/out/row28/test_tidy_row28/cluster_2_corner_from_saved.png

Generating trace plot...
-> Trace plot saved to /users/hiu-yeung.cheng/clusterlensing/out/row28/test_tidy_row28/cluster_2_trace.png
