Row=23 OUT_DIR=/users/hiu-yeung.cheng/clusterlensing/out/row23 DE_PROCS=16 MCMC_PROCS=16
Setup complete. Lensing system initialized.
True time delays: [    0.         13245.48270216 17771.67178062 18780.18705644
 19017.8203911 ]
True luminosity distances: 25032.099898492008
Lensed luminosity distances: [10631.03804533  6409.51790883  4489.88848696  6907.43556022
 49497.19444588]

Running the full analysis pipeline...
--- Running DE for Cluster 0 ---
[DE] Process Pool with 16 procs (init=latinhypercube, popsize=50)
differential_evolution step 1: f(x)= 2725.810129629939
differential_evolution step 2: f(x)= 2725.810129629939
differential_evolution step 3: f(x)= 1312.740330933364
differential_evolution step 4: f(x)= 1312.740330933364
differential_evolution step 5: f(x)= 980.8430214718346
differential_evolution step 6: f(x)= 980.8430214718346
differential_evolution step 7: f(x)= 980.8430214718346
differential_evolution step 8: f(x)= 980.8430214718346
differential_evolution step 9: f(x)= 980.8430214718346
differential_evolution step 10: f(x)= 746.1427002883536
differential_evolution step 11: f(x)= 513.195261456812
differential_evolution step 12: f(x)= 513.195261456812
differential_evolution step 13: f(x)= 513.195261456812
differential_evolution step 14: f(x)= 513.195261456812
differential_evolution step 15: f(x)= 513.195261456812
differential_evolution step 16: f(x)= 513.195261456812
differential_evolution step 17: f(x)= 513.195261456812
differential_evolution step 18: f(x)= 513.195261456812
differential_evolution step 19: f(x)= 265.32218723666426
differential_evolution step 20: f(x)= 265.32218723666426
differential_evolution step 21: f(x)= 265.32218723666426
differential_evolution step 22: f(x)= 265.32218723666426
differential_evolution step 23: f(x)= 265.32218723666426
differential_evolution step 24: f(x)= 210.970509311916
differential_evolution step 25: f(x)= 210.970509311916
differential_evolution step 26: f(x)= 210.970509311916
differential_evolution step 27: f(x)= 210.970509311916
differential_evolution step 28: f(x)= 210.970509311916
differential_evolution step 29: f(x)= 210.970509311916
differential_evolution step 30: f(x)= 210.970509311916
differential_evolution step 31: f(x)= 178.50673711868825
differential_evolution step 32: f(x)= 178.50673711868825
differential_evolution step 33: f(x)= 178.50673711868825
differential_evolution step 34: f(x)= 178.50673711868825
differential_evolution step 35: f(x)= 178.50673711868825
differential_evolution step 36: f(x)= 178.50673711868825
differential_evolution step 37: f(x)= 171.55675755644035
differential_evolution step 38: f(x)= 171.55675755644035
differential_evolution step 39: f(x)= 171.55675755644035
differential_evolution step 40: f(x)= 171.55675755644035
differential_evolution step 41: f(x)= 155.50153496924463
differential_evolution step 42: f(x)= 155.50153496924463
differential_evolution step 43: f(x)= 155.50153496924463
differential_evolution step 44: f(x)= 155.50153496924463
differential_evolution step 45: f(x)= 155.50153496924463
differential_evolution step 46: f(x)= 155.50153496924463
differential_evolution step 47: f(x)= 155.50153496924463
differential_evolution step 48: f(x)= 155.50153496924463
differential_evolution step 49: f(x)= 150.37578792995257
differential_evolution step 50: f(x)= 150.37578792995257
differential_evolution step 51: f(x)= 150.37578792995257
differential_evolution step 52: f(x)= 136.2045298275346
differential_evolution step 53: f(x)= 136.2045298275346
differential_evolution step 54: f(x)= 136.2045298275346
differential_evolution step 55: f(x)= 136.2045298275346
differential_evolution step 56: f(x)= 136.2045298275346
differential_evolution step 57: f(x)= 136.2045298275346
differential_evolution step 58: f(x)= 136.2045298275346
differential_evolution step 59: f(x)= 136.2045298275346
differential_evolution step 60: f(x)= 136.2045298275346
differential_evolution step 61: f(x)= 136.2045298275346
differential_evolution step 62: f(x)= 136.2045298275346
differential_evolution step 63: f(x)= 136.2045298275346
differential_evolution step 64: f(x)= 135.83124254212424
differential_evolution step 65: f(x)= 135.83124254212424
differential_evolution step 66: f(x)= 135.83124254212424
differential_evolution step 67: f(x)= 135.83124254212424
differential_evolution step 68: f(x)= 135.83124254212424
differential_evolution step 69: f(x)= 135.43329981252495
differential_evolution step 70: f(x)= 130.99026091990558
differential_evolution step 71: f(x)= 130.99026091990558
differential_evolution step 72: f(x)= 130.99026091990558
differential_evolution step 73: f(x)= 130.99026091990558
differential_evolution step 74: f(x)= 130.99026091990558
differential_evolution step 75: f(x)= 130.99026091990558
differential_evolution step 76: f(x)= 130.99026091990558
differential_evolution step 77: f(x)= 130.99026091990558
differential_evolution step 78: f(x)= 130.99026091990558
differential_evolution step 79: f(x)= 130.99026091990558
differential_evolution step 80: f(x)= 130.99026091990558
differential_evolution step 81: f(x)= 130.99026091990558
differential_evolution step 82: f(x)= 130.99026091990558
differential_evolution step 83: f(x)= 130.99026091990558
differential_evolution step 84: f(x)= 130.99026091990558
differential_evolution step 85: f(x)= 130.99026091990558
differential_evolution step 86: f(x)= 130.99026091990558
differential_evolution step 87: f(x)= 127.97215582618396
differential_evolution step 88: f(x)= 127.97215582618396
differential_evolution step 89: f(x)= 127.97215582618396
differential_evolution step 90: f(x)= 127.97215582618396
differential_evolution step 91: f(x)= 127.97215582618396
differential_evolution step 92: f(x)= 127.97215582618396
differential_evolution step 93: f(x)= 127.97215582618396
differential_evolution step 94: f(x)= 127.97215582618396
differential_evolution step 95: f(x)= 127.97215582618396
differential_evolution step 96: f(x)= 127.97215582618396
differential_evolution step 97: f(x)= 127.97215582618396
differential_evolution step 98: f(x)= 127.97215582618396
differential_evolution step 99: f(x)= 127.97215582618396
differential_evolution step 100: f(x)= 127.97215582618396
differential_evolution step 101: f(x)= 127.97215582618396
differential_evolution step 102: f(x)= 127.97215582618396
differential_evolution step 103: f(x)= 127.97215582618396
differential_evolution step 104: f(x)= 127.97215582618396
differential_evolution step 105: f(x)= 127.97215582618396
differential_evolution step 106: f(x)= 127.97215582618396
differential_evolution step 107: f(x)= 127.97215582618396
differential_evolution step 108: f(x)= 127.97215582618396
differential_evolution step 109: f(x)= 127.97215582618396
differential_evolution step 110: f(x)= 127.97215582618396
differential_evolution step 111: f(x)= 127.97215582618396
differential_evolution step 112: f(x)= 127.97215582618396
differential_evolution step 113: f(x)= 127.97215582618396
differential_evolution step 114: f(x)= 127.97215582618396
differential_evolution step 115: f(x)= 127.97215582618396
differential_evolution step 116: f(x)= 127.97215582618396
differential_evolution step 117: f(x)= 127.97215582618396
differential_evolution step 118: f(x)= 127.97215582618396
differential_evolution step 119: f(x)= 127.97215582618396
differential_evolution step 120: f(x)= 127.97215582618396
differential_evolution step 121: f(x)= 127.97215582618396
differential_evolution step 122: f(x)= 127.97215582618396
differential_evolution step 123: f(x)= 127.97215582618396
differential_evolution step 124: f(x)= 127.97215582618396
differential_evolution step 125: f(x)= 127.97215582618396
differential_evolution step 126: f(x)= 127.97215582618396
differential_evolution step 127: f(x)= 127.97215582618396
differential_evolution step 128: f(x)= 127.97215582618396
differential_evolution step 129: f(x)= 127.97215582618396
differential_evolution step 130: f(x)= 127.97215582618396
differential_evolution step 131: f(x)= 127.97215582618396
differential_evolution step 132: f(x)= 127.97215582618396
differential_evolution step 133: f(x)= 127.97215582618396
differential_evolution step 134: f(x)= 127.97215582618396
differential_evolution step 135: f(x)= 127.97215582618396
differential_evolution step 136: f(x)= 127.97215582618396
differential_evolution step 137: f(x)= 127.97215582618396
differential_evolution step 138: f(x)= 127.97215582618396
differential_evolution step 139: f(x)= 127.61859398463251
differential_evolution step 140: f(x)= 127.61859398463251
differential_evolution step 141: f(x)= 127.61859398463251
differential_evolution step 142: f(x)= 127.61859398463251
differential_evolution step 143: f(x)= 127.61859398463251
differential_evolution step 144: f(x)= 127.61859398463251
differential_evolution step 145: f(x)= 127.61859398463251
differential_evolution step 146: f(x)= 127.61859398463251
differential_evolution step 147: f(x)= 127.61859398463251
differential_evolution step 148: f(x)= 127.61859398463251
differential_evolution step 149: f(x)= 127.61859398463251
differential_evolution step 150: f(x)= 127.61859398463251
differential_evolution step 151: f(x)= 127.61859398463251
differential_evolution step 152: f(x)= 127.61859398463251
differential_evolution step 153: f(x)= 127.61859398463251
differential_evolution step 154: f(x)= 127.61859398463251
differential_evolution step 155: f(x)= 127.61859398463251
differential_evolution step 156: f(x)= 127.61859398463251
differential_evolution step 157: f(x)= 127.61859398463251
differential_evolution step 158: f(x)= 127.61859398463251
differential_evolution step 159: f(x)= 127.61859398463251
differential_evolution step 160: f(x)= 127.61859398463251
differential_evolution step 161: f(x)= 127.61859398463251
differential_evolution step 162: f(x)= 127.61859398463251
differential_evolution step 163: f(x)= 127.61859398463251
differential_evolution step 164: f(x)= 127.61859398463251
differential_evolution step 165: f(x)= 127.61859398463251
differential_evolution step 166: f(x)= 127.61859398463251
differential_evolution step 167: f(x)= 127.61859398463251
differential_evolution step 168: f(x)= 127.61859398463251
differential_evolution step 169: f(x)= 127.61859398463251
differential_evolution step 170: f(x)= 127.61859398463251
differential_evolution step 171: f(x)= 127.4462950328986
differential_evolution step 172: f(x)= 127.32274518744754
differential_evolution step 173: f(x)= 127.32274518744754
differential_evolution step 174: f(x)= 127.32274518744754
differential_evolution step 175: f(x)= 127.32274518744754
differential_evolution step 176: f(x)= 127.32274518744754
differential_evolution step 177: f(x)= 127.32274518744754
differential_evolution step 178: f(x)= 127.32274518744754
differential_evolution step 179: f(x)= 127.32274518744754
differential_evolution step 180: f(x)= 127.32274518744754
differential_evolution step 181: f(x)= 127.32274518744754
differential_evolution step 182: f(x)= 127.32274518744754
differential_evolution step 183: f(x)= 127.32274518744754
differential_evolution step 184: f(x)= 127.32274518744754
differential_evolution step 185: f(x)= 127.32274518744754
differential_evolution step 186: f(x)= 127.32274518744754
differential_evolution step 187: f(x)= 127.32274518744754
differential_evolution step 188: f(x)= 127.32274518744754
differential_evolution step 189: f(x)= 127.32274518744754
differential_evolution step 190: f(x)= 127.32274518744754
differential_evolution step 191: f(x)= 127.32274518744754
differential_evolution step 192: f(x)= 127.32274518744754
differential_evolution step 193: f(x)= 127.32274518744754
differential_evolution step 194: f(x)= 127.32274518744754
differential_evolution step 195: f(x)= 127.32274518744754
differential_evolution step 196: f(x)= 127.32274518744754
differential_evolution step 197: f(x)= 127.32274518744754
differential_evolution step 198: f(x)= 127.32274518744754
differential_evolution step 199: f(x)= 127.32274518744754
differential_evolution step 200: f(x)= 127.32274518744754
Cluster 0 DE best chi^2: 127.323 with params {'x_src': np.float64(80.744717290027), 'y_src': np.float64(77.57300793549246), 'z_s': np.float64(4.336576316276844)}
--- Running DE for Cluster 1 ---
[DE] Process Pool with 16 procs (init=latinhypercube, popsize=50)
differential_evolution step 1: f(x)= 4242.640687119286
differential_evolution step 2: f(x)= 4242.640687119286
differential_evolution step 3: f(x)= 4242.640687119286
differential_evolution step 4: f(x)= 4242.640687119286
differential_evolution step 5: f(x)= 3000.0
differential_evolution step 6: f(x)= 3000.0
differential_evolution step 7: f(x)= 3000.0
differential_evolution step 8: f(x)= 3000.0
differential_evolution step 9: f(x)= 3000.0
differential_evolution step 10: f(x)= 3000.0
differential_evolution step 11: f(x)= 3000.0
differential_evolution step 12: f(x)= 3000.0
differential_evolution step 13: f(x)= 3000.0
differential_evolution step 14: f(x)= 3000.0
differential_evolution step 15: f(x)= 3000.0
differential_evolution step 16: f(x)= 3000.0
differential_evolution step 17: f(x)= 3000.0
differential_evolution step 18: f(x)= 3000.0
differential_evolution step 19: f(x)= 3000.0
differential_evolution step 20: f(x)= 3000.0
differential_evolution step 21: f(x)= 3000.0
differential_evolution step 22: f(x)= 3000.0
differential_evolution step 23: f(x)= 3000.0
differential_evolution step 24: f(x)= 3000.0
differential_evolution step 25: f(x)= 3000.0
differential_evolution step 26: f(x)= 3000.0
differential_evolution step 27: f(x)= 3000.0
differential_evolution step 28: f(x)= 3000.0
differential_evolution step 29: f(x)= 3000.0
differential_evolution step 30: f(x)= 3000.0
differential_evolution step 31: f(x)= 3000.0
differential_evolution step 32: f(x)= 3000.0
differential_evolution step 33: f(x)= 3000.0
differential_evolution step 34: f(x)= 3000.0
Cluster 1 DE best chi^2: 3000.000 with params {'x_src': np.float64(206.63157408217515), 'y_src': np.float64(194.2039354702407), 'z_s': np.float64(1.6863605994752888)}
--- Running DE for Cluster 2 ---
[DE] Process Pool with 16 procs (init=latinhypercube, popsize=50)
differential_evolution step 1: f(x)= 1040.9872032070516
differential_evolution step 2: f(x)= 1001.6930003661121
differential_evolution step 3: f(x)= 1001.6930003661121
differential_evolution step 4: f(x)= 544.5289700767601
differential_evolution step 5: f(x)= 544.5289700767601
differential_evolution step 6: f(x)= 544.5289700767601
differential_evolution step 7: f(x)= 242.98726401473763
differential_evolution step 8: f(x)= 242.98726401473763
differential_evolution step 9: f(x)= 100.61566179464656
differential_evolution step 10: f(x)= 100.61566179464656
differential_evolution step 11: f(x)= 100.61566179464656
differential_evolution step 12: f(x)= 62.768710316061615
differential_evolution step 13: f(x)= 62.768710316061615
differential_evolution step 14: f(x)= 8.36542717812758
differential_evolution step 15: f(x)= 8.36542717812758
differential_evolution step 16: f(x)= 8.36542717812758
differential_evolution step 17: f(x)= 8.36542717812758
differential_evolution step 18: f(x)= 8.36542717812758
differential_evolution step 19: f(x)= 8.36542717812758
differential_evolution step 20: f(x)= 8.36542717812758
differential_evolution step 21: f(x)= 8.36542717812758
differential_evolution step 22: f(x)= 8.36542717812758
differential_evolution step 23: f(x)= 8.36542717812758
differential_evolution step 24: f(x)= 8.36542717812758
differential_evolution step 25: f(x)= 8.36542717812758
differential_evolution step 26: f(x)= 6.04368172446977
differential_evolution step 27: f(x)= 6.04368172446977
differential_evolution step 28: f(x)= 6.04368172446977
differential_evolution step 29: f(x)= 6.04368172446977
differential_evolution step 30: f(x)= 6.04368172446977
differential_evolution step 31: f(x)= 6.04368172446977
differential_evolution step 32: f(x)= 6.04368172446977
differential_evolution step 33: f(x)= 6.04368172446977
differential_evolution step 34: f(x)= 6.04368172446977
differential_evolution step 35: f(x)= 6.04368172446977
differential_evolution step 36: f(x)= 6.04368172446977
differential_evolution step 37: f(x)= 6.04368172446977
differential_evolution step 38: f(x)= 6.04368172446977
differential_evolution step 39: f(x)= 6.04368172446977
differential_evolution step 40: f(x)= 6.04368172446977
differential_evolution step 41: f(x)= 6.04368172446977
differential_evolution step 42: f(x)= 6.04368172446977
differential_evolution step 43: f(x)= 6.04368172446977
differential_evolution step 44: f(x)= 6.04368172446977
differential_evolution step 45: f(x)= 6.04368172446977
differential_evolution step 46: f(x)= 6.04368172446977
differential_evolution step 47: f(x)= 6.04368172446977
differential_evolution step 48: f(x)= 6.04368172446977
differential_evolution step 49: f(x)= 1.3357757857159513
differential_evolution step 50: f(x)= 1.3357757857159513
differential_evolution step 51: f(x)= 1.3357757857159513
differential_evolution step 52: f(x)= 1.3357757857159513
differential_evolution step 53: f(x)= 1.3357757857159513
differential_evolution step 54: f(x)= 1.3357757857159513
differential_evolution step 55: f(x)= 1.3357757857159513
differential_evolution step 56: f(x)= 1.3357757857159513
differential_evolution step 57: f(x)= 1.3357757857159513
differential_evolution step 58: f(x)= 1.3357757857159513
differential_evolution step 59: f(x)= 1.3357757857159513
differential_evolution step 60: f(x)= 1.3357757857159513
differential_evolution step 61: f(x)= 1.3357757857159513
differential_evolution step 62: f(x)= 1.3357757857159513
differential_evolution step 63: f(x)= 1.3357757857159513
differential_evolution step 64: f(x)= 1.3357757857159513
differential_evolution step 65: f(x)= 1.3357757857159513
differential_evolution step 66: f(x)= 1.3357757857159513
differential_evolution step 67: f(x)= 1.3357757857159513
differential_evolution step 68: f(x)= 1.3357757857159513
differential_evolution step 69: f(x)= 1.3357757857159513
differential_evolution step 70: f(x)= 1.3357757857159513
differential_evolution step 71: f(x)= 1.3357757857159513
differential_evolution step 72: f(x)= 1.3357757857159513
differential_evolution step 73: f(x)= 1.3357757857159513
differential_evolution step 74: f(x)= 1.3357757857159513
differential_evolution step 75: f(x)= 1.3357757857159513
differential_evolution step 76: f(x)= 1.3357757857159513
differential_evolution step 77: f(x)= 1.3357757857159513
differential_evolution step 78: f(x)= 0.9413038883346092
differential_evolution step 79: f(x)= 0.9413038883346092
differential_evolution step 80: f(x)= 0.9413038883346092
differential_evolution step 81: f(x)= 0.9413038883346092
differential_evolution step 82: f(x)= 0.9413038883346092
differential_evolution step 83: f(x)= 0.9413038883346092
differential_evolution step 84: f(x)= 0.04199006721427944
differential_evolution step 85: f(x)= 0.04199006721427944
differential_evolution step 86: f(x)= 0.04199006721427944
differential_evolution step 87: f(x)= 0.04199006721427944
differential_evolution step 88: f(x)= 0.04199006721427944
differential_evolution step 89: f(x)= 0.04199006721427944
differential_evolution step 90: f(x)= 0.04199006721427944
differential_evolution step 91: f(x)= 0.04199006721427944
differential_evolution step 92: f(x)= 0.04199006721427944
differential_evolution step 93: f(x)= 0.04199006721427944
differential_evolution step 94: f(x)= 0.04199006721427944
differential_evolution step 95: f(x)= 0.04199006721427944
differential_evolution step 96: f(x)= 0.04199006721427944
differential_evolution step 97: f(x)= 0.04199006721427944
differential_evolution step 98: f(x)= 0.04199006721427944
differential_evolution step 99: f(x)= 0.04199006721427944
differential_evolution step 100: f(x)= 0.04199006721427944
differential_evolution step 101: f(x)= 0.04199006721427944
differential_evolution step 102: f(x)= 0.04199006721427944
differential_evolution step 103: f(x)= 0.04199006721427944
differential_evolution step 104: f(x)= 0.04199006721427944
differential_evolution step 105: f(x)= 0.04199006721427944
differential_evolution step 106: f(x)= 0.04199006721427944
differential_evolution step 107: f(x)= 0.04199006721427944
differential_evolution step 108: f(x)= 0.04199006721427944
differential_evolution step 109: f(x)= 0.04199006721427944
differential_evolution step 110: f(x)= 0.04199006721427944
differential_evolution step 111: f(x)= 0.04199006721427944
differential_evolution step 112: f(x)= 0.04199006721427944
differential_evolution step 113: f(x)= 0.04199006721427944
differential_evolution step 114: f(x)= 0.04199006721427944
differential_evolution step 115: f(x)= 0.04199006721427944
differential_evolution step 116: f(x)= 0.015820919418401677
Cluster 2 DE best chi^2: 0.016 with params {'x_src': np.float64(100.43646586498429), 'y_src': np.float64(104.47886608873631), 'z_s': np.float64(2.954607575214896)}
--- Running DE for Cluster 3 ---
[DE] Process Pool with 16 procs (init=latinhypercube, popsize=50)
differential_evolution step 1: f(x)= 3000.0
differential_evolution step 2: f(x)= 3000.0
differential_evolution step 3: f(x)= 3000.0
differential_evolution step 4: f(x)= 3000.0
differential_evolution step 5: f(x)= 3000.0
differential_evolution step 6: f(x)= 3000.0
differential_evolution step 7: f(x)= 3000.0
differential_evolution step 8: f(x)= 3000.0
differential_evolution step 9: f(x)= 3000.0
differential_evolution step 10: f(x)= 3000.0
differential_evolution step 11: f(x)= 3000.0
differential_evolution step 12: f(x)= 3000.0
differential_evolution step 13: f(x)= 3000.0
differential_evolution step 14: f(x)= 3000.0
differential_evolution step 15: f(x)= 3000.0
differential_evolution step 16: f(x)= 3000.0
differential_evolution step 17: f(x)= 3000.0
differential_evolution step 18: f(x)= 3000.0
differential_evolution step 19: f(x)= 3000.0
differential_evolution step 20: f(x)= 2251.8584618500663
differential_evolution step 21: f(x)= 2251.8584618500663
differential_evolution step 22: f(x)= 2251.8584618500663
differential_evolution step 23: f(x)= 2251.8584618500663
differential_evolution step 24: f(x)= 2251.8584618500663
differential_evolution step 25: f(x)= 1707.5913796981226
differential_evolution step 26: f(x)= 1707.5913796981226
differential_evolution step 27: f(x)= 1707.5913796981226
differential_evolution step 28: f(x)= 1707.5913796981226
differential_evolution step 29: f(x)= 1707.5913796981226
differential_evolution step 30: f(x)= 1707.5913796981226
differential_evolution step 31: f(x)= 1707.5913796981226
differential_evolution step 32: f(x)= 1707.5913796981226
differential_evolution step 33: f(x)= 1707.5913796981226
differential_evolution step 34: f(x)= 1707.5913796981226
differential_evolution step 35: f(x)= 1707.5913796981226
differential_evolution step 36: f(x)= 1707.5913796981226
differential_evolution step 37: f(x)= 1707.5913796981226
differential_evolution step 38: f(x)= 1707.5913796981226
differential_evolution step 39: f(x)= 1707.5913796981226
differential_evolution step 40: f(x)= 1707.5913796981226
differential_evolution step 41: f(x)= 1707.5913796981226
differential_evolution step 42: f(x)= 1707.5913796981226
differential_evolution step 43: f(x)= 1707.5913796981226
differential_evolution step 44: f(x)= 1707.5913796981226
differential_evolution step 45: f(x)= 1707.5913796981226
differential_evolution step 46: f(x)= 1707.5913796981226
differential_evolution step 47: f(x)= 1707.5913796981226
differential_evolution step 48: f(x)= 1707.5913796981226
differential_evolution step 49: f(x)= 1707.5913796981226
differential_evolution step 50: f(x)= 1707.5913796981226
differential_evolution step 51: f(x)= 1707.5913796981226
differential_evolution step 52: f(x)= 1707.5913796981226
differential_evolution step 53: f(x)= 1707.5913796981226
differential_evolution step 54: f(x)= 1707.5913796981226
differential_evolution step 55: f(x)= 1707.5913796981226
differential_evolution step 56: f(x)= 1707.5913796981226
differential_evolution step 57: f(x)= 1707.5913796981226
differential_evolution step 58: f(x)= 1707.5913796981226
differential_evolution step 59: f(x)= 1707.5913796981226
differential_evolution step 60: f(x)= 1707.5913796981226
differential_evolution step 61: f(x)= 1707.5913796981226
differential_evolution step 62: f(x)= 1707.5913796981226
differential_evolution step 63: f(x)= 1707.5913796981226
differential_evolution step 64: f(x)= 1707.5913796981226
differential_evolution step 65: f(x)= 1707.5913796981226
differential_evolution step 66: f(x)= 1707.5913796981226
differential_evolution step 67: f(x)= 1707.5913796981226
differential_evolution step 68: f(x)= 1707.5913796981226
differential_evolution step 69: f(x)= 1707.5913796981226
differential_evolution step 70: f(x)= 1707.5913796981226
differential_evolution step 71: f(x)= 1707.5913796981226
differential_evolution step 72: f(x)= 1707.5913796981226
differential_evolution step 73: f(x)= 1707.5913796981226
differential_evolution step 74: f(x)= 1707.5913796981226
differential_evolution step 75: f(x)= 1707.5913796981226
differential_evolution step 76: f(x)= 1707.5913796981226
differential_evolution step 77: f(x)= 1707.5913796981226
differential_evolution step 78: f(x)= 1707.5913796981226
differential_evolution step 79: f(x)= 1707.5913796981226
differential_evolution step 80: f(x)= 1707.5913796981226
differential_evolution step 81: f(x)= 1707.5913796981226
differential_evolution step 82: f(x)= 1707.5913796981226
differential_evolution step 83: f(x)= 1707.5913796981226
differential_evolution step 84: f(x)= 1707.5913796981226
differential_evolution step 85: f(x)= 1707.5913796981226
differential_evolution step 86: f(x)= 1707.5913796981226
differential_evolution step 87: f(x)= 1707.5913796981226
differential_evolution step 88: f(x)= 1707.5913796981226
differential_evolution step 89: f(x)= 1707.5913796981226
differential_evolution step 90: f(x)= 1707.5913796981226
differential_evolution step 91: f(x)= 1707.5913796981226
differential_evolution step 92: f(x)= 1707.5913796981226
differential_evolution step 93: f(x)= 1707.5913796981226
differential_evolution step 94: f(x)= 1707.5913796981226
differential_evolution step 95: f(x)= 1707.5913796981226
differential_evolution step 96: f(x)= 1707.5913796981226
differential_evolution step 97: f(x)= 1707.5913796981226
differential_evolution step 98: f(x)= 1707.5913796981226
differential_evolution step 99: f(x)= 1707.5913796981226
differential_evolution step 100: f(x)= 1707.5913796981226
differential_evolution step 101: f(x)= 1707.5913796981226
differential_evolution step 102: f(x)= 1707.5913796981226
differential_evolution step 103: f(x)= 1707.5913796981226
differential_evolution step 104: f(x)= 1707.5913796981226
differential_evolution step 105: f(x)= 1707.5913796981226
differential_evolution step 106: f(x)= 1707.5913796981226
differential_evolution step 107: f(x)= 1707.5913796981226
differential_evolution step 108: f(x)= 1707.5913796981226
differential_evolution step 109: f(x)= 1707.5913796981226
differential_evolution step 110: f(x)= 1707.5913796981226
differential_evolution step 111: f(x)= 1707.5913796981226
differential_evolution step 112: f(x)= 1707.5913796981226
differential_evolution step 113: f(x)= 1707.5913796981226
differential_evolution step 114: f(x)= 1707.5913796981226
differential_evolution step 115: f(x)= 1707.5913796981226
differential_evolution step 116: f(x)= 1707.5913796981226
differential_evolution step 117: f(x)= 1707.5913796981226
differential_evolution step 118: f(x)= 1707.5913796981226
differential_evolution step 119: f(x)= 1707.5913796981226
differential_evolution step 120: f(x)= 1707.5913796981226
differential_evolution step 121: f(x)= 1707.5913796981226
differential_evolution step 122: f(x)= 1707.5913796981226
differential_evolution step 123: f(x)= 1707.5913796981226
differential_evolution step 124: f(x)= 1707.5913796981226
differential_evolution step 125: f(x)= 1707.5913796981226
differential_evolution step 126: f(x)= 1707.5913796981226
differential_evolution step 127: f(x)= 1707.5913796981226
differential_evolution step 128: f(x)= 1707.5913796981226
differential_evolution step 129: f(x)= 1707.5913796981226
differential_evolution step 130: f(x)= 1707.5913796981226
differential_evolution step 131: f(x)= 1707.5913796981226
differential_evolution step 132: f(x)= 1707.5913796981226
differential_evolution step 133: f(x)= 1707.5913796981226
differential_evolution step 134: f(x)= 1707.5913796981226
differential_evolution step 135: f(x)= 1707.5913796981226
differential_evolution step 136: f(x)= 1707.5913796981226
differential_evolution step 137: f(x)= 1707.5913796981226
differential_evolution step 138: f(x)= 1707.5913796981226
differential_evolution step 139: f(x)= 1707.5913796981226
differential_evolution step 140: f(x)= 1707.5913796981226
differential_evolution step 141: f(x)= 1707.5913796981226
differential_evolution step 142: f(x)= 1707.5913796981226
differential_evolution step 143: f(x)= 1707.5913796981226
differential_evolution step 144: f(x)= 1707.5913796981226
differential_evolution step 145: f(x)= 1707.5913796981226
differential_evolution step 146: f(x)= 1707.5913796981226
differential_evolution step 147: f(x)= 1707.5913796981226
differential_evolution step 148: f(x)= 1707.5913796981226
differential_evolution step 149: f(x)= 1707.5913796981226
differential_evolution step 150: f(x)= 1707.5913796981226
differential_evolution step 151: f(x)= 1707.5913796981226
differential_evolution step 152: f(x)= 1707.5913796981226
differential_evolution step 153: f(x)= 1707.5913796981226
differential_evolution step 154: f(x)= 1707.5913796981226
differential_evolution step 155: f(x)= 1707.5913796981226
differential_evolution step 156: f(x)= 1707.5913796981226
differential_evolution step 157: f(x)= 1707.5913796981226
differential_evolution step 158: f(x)= 1707.5913796981226
differential_evolution step 159: f(x)= 1707.5913796981226
differential_evolution step 160: f(x)= 1707.5913796981226
differential_evolution step 161: f(x)= 1707.5913796981226
differential_evolution step 162: f(x)= 1707.5913796981226
differential_evolution step 163: f(x)= 1707.5913796981226
differential_evolution step 164: f(x)= 1707.5913796981226
differential_evolution step 165: f(x)= 1707.5913796981226
differential_evolution step 166: f(x)= 1707.5913796981226
differential_evolution step 167: f(x)= 1707.5913796981226
differential_evolution step 168: f(x)= 1707.5913796981226
differential_evolution step 169: f(x)= 1707.5913796981226
differential_evolution step 170: f(x)= 1707.5913796981226
differential_evolution step 171: f(x)= 1707.5913796981226
differential_evolution step 172: f(x)= 1707.5913796981226
differential_evolution step 173: f(x)= 1707.5913796981226
differential_evolution step 174: f(x)= 1707.5913796981226
differential_evolution step 175: f(x)= 1707.5913796981226
differential_evolution step 176: f(x)= 1707.5913796981226
differential_evolution step 177: f(x)= 1707.5913796981226
differential_evolution step 178: f(x)= 1707.5913796981226
differential_evolution step 179: f(x)= 1707.5913796981226
differential_evolution step 180: f(x)= 1707.5913796981226
differential_evolution step 181: f(x)= 1707.5913796981226
differential_evolution step 182: f(x)= 1707.5913796981226
differential_evolution step 183: f(x)= 1707.5913796981226
differential_evolution step 184: f(x)= 1707.5913796981226
differential_evolution step 185: f(x)= 1707.5913796981226
differential_evolution step 186: f(x)= 1707.5913796981226
differential_evolution step 187: f(x)= 1707.5913796981226
differential_evolution step 188: f(x)= 1707.5913796981226
differential_evolution step 189: f(x)= 1707.5913796981226
differential_evolution step 190: f(x)= 1707.5913796981226
differential_evolution step 191: f(x)= 1707.5913796981226
differential_evolution step 192: f(x)= 1707.5913796981226
differential_evolution step 193: f(x)= 1707.5913796981226
differential_evolution step 194: f(x)= 1707.5913796981226
differential_evolution step 195: f(x)= 1707.5913796981226
differential_evolution step 196: f(x)= 1707.5913796981226
differential_evolution step 197: f(x)= 1707.5913796981226
differential_evolution step 198: f(x)= 1707.5913796981226
differential_evolution step 199: f(x)= 1707.5913796981226
differential_evolution step 200: f(x)= 1707.5913796981226
Cluster 3 DE best chi^2: 1707.591 with params {'x_src': np.float64(110.23941025205413), 'y_src': np.float64(122.7681017849878), 'z_s': np.float64(3.989375833167244)}
--- Running DE for Cluster 4 ---
[DE] Process Pool with 16 procs (init=latinhypercube, popsize=50)
differential_evolution step 1: f(x)= 1416.9037290099936
differential_evolution step 2: f(x)= 1416.9037290099936
differential_evolution step 3: f(x)= 1416.9037290099936
differential_evolution step 4: f(x)= 1416.9037290099936
differential_evolution step 5: f(x)= 1416.9037290099936
differential_evolution step 6: f(x)= 1416.9037290099936
differential_evolution step 7: f(x)= 1416.9037290099936
differential_evolution step 8: f(x)= 1416.9037290099936
differential_evolution step 9: f(x)= 851.0576149597192
differential_evolution step 10: f(x)= 218.5976275346244
differential_evolution step 11: f(x)= 218.5976275346244
differential_evolution step 12: f(x)= 218.5976275346244
differential_evolution step 13: f(x)= 218.5976275346244
differential_evolution step 14: f(x)= 218.5976275346244
differential_evolution step 15: f(x)= 218.5976275346244
differential_evolution step 16: f(x)= 218.5976275346244
differential_evolution step 17: f(x)= 218.5976275346244
differential_evolution step 18: f(x)= 199.01573008465513
differential_evolution step 19: f(x)= 199.01573008465513
differential_evolution step 20: f(x)= 199.01573008465513
differential_evolution step 21: f(x)= 199.01573008465513
differential_evolution step 22: f(x)= 199.01573008465513
differential_evolution step 23: f(x)= 199.01573008465513
differential_evolution step 24: f(x)= 199.01573008465513
differential_evolution step 25: f(x)= 199.01573008465513
differential_evolution step 26: f(x)= 199.01573008465513
differential_evolution step 27: f(x)= 199.01573008465513
differential_evolution step 28: f(x)= 199.01573008465513
differential_evolution step 29: f(x)= 199.01573008465513
differential_evolution step 30: f(x)= 199.01573008465513
differential_evolution step 31: f(x)= 199.01573008465513
differential_evolution step 32: f(x)= 199.01573008465513
differential_evolution step 33: f(x)= 199.01573008465513
differential_evolution step 34: f(x)= 199.01573008465513
differential_evolution step 35: f(x)= 199.01573008465513
differential_evolution step 36: f(x)= 199.01573008465513
differential_evolution step 37: f(x)= 199.01573008465513
differential_evolution step 38: f(x)= 199.01573008465513
differential_evolution step 39: f(x)= 199.01573008465513
differential_evolution step 40: f(x)= 199.01573008465513
differential_evolution step 41: f(x)= 199.01573008465513
differential_evolution step 42: f(x)= 199.01573008465513
differential_evolution step 43: f(x)= 199.01573008465513
differential_evolution step 44: f(x)= 199.01573008465513
differential_evolution step 45: f(x)= 199.01573008465513
differential_evolution step 46: f(x)= 199.01573008465513
differential_evolution step 47: f(x)= 199.01573008465513
differential_evolution step 48: f(x)= 199.01573008465513
differential_evolution step 49: f(x)= 199.01573008465513
differential_evolution step 50: f(x)= 199.01573008465513
differential_evolution step 51: f(x)= 199.01573008465513
differential_evolution step 52: f(x)= 199.01573008465513
differential_evolution step 53: f(x)= 199.01573008465513
differential_evolution step 54: f(x)= 199.01573008465513
differential_evolution step 55: f(x)= 199.01573008465513
differential_evolution step 56: f(x)= 199.01573008465513
differential_evolution step 57: f(x)= 199.01573008465513
differential_evolution step 58: f(x)= 98.97343633677481
differential_evolution step 59: f(x)= 98.97343633677481
differential_evolution step 60: f(x)= 98.97343633677481
differential_evolution step 61: f(x)= 98.97343633677481
differential_evolution step 62: f(x)= 98.97343633677481
differential_evolution step 63: f(x)= 98.97343633677481
differential_evolution step 64: f(x)= 98.97343633677481
differential_evolution step 65: f(x)= 98.97343633677481
differential_evolution step 66: f(x)= 98.97343633677481
differential_evolution step 67: f(x)= 98.97343633677481
differential_evolution step 68: f(x)= 98.97343633677481
differential_evolution step 69: f(x)= 98.97343633677481
differential_evolution step 70: f(x)= 98.97343633677481
differential_evolution step 71: f(x)= 98.97343633677481
differential_evolution step 72: f(x)= 98.97343633677481
differential_evolution step 73: f(x)= 98.97343633677481
differential_evolution step 74: f(x)= 98.97343633677481
differential_evolution step 75: f(x)= 98.97343633677481
differential_evolution step 76: f(x)= 98.97343633677481
differential_evolution step 77: f(x)= 98.97343633677481
differential_evolution step 78: f(x)= 98.97343633677481
differential_evolution step 79: f(x)= 98.97343633677481
differential_evolution step 80: f(x)= 98.97343633677481
differential_evolution step 81: f(x)= 98.97343633677481
differential_evolution step 82: f(x)= 98.97343633677481
differential_evolution step 83: f(x)= 98.97343633677481
differential_evolution step 84: f(x)= 98.97343633677481
differential_evolution step 85: f(x)= 98.97343633677481
differential_evolution step 86: f(x)= 98.97343633677481
differential_evolution step 87: f(x)= 98.97343633677481
differential_evolution step 88: f(x)= 98.97343633677481
differential_evolution step 89: f(x)= 98.97343633677481
differential_evolution step 90: f(x)= 98.97343633677481
differential_evolution step 91: f(x)= 98.97343633677481
differential_evolution step 92: f(x)= 98.97343633677481
differential_evolution step 93: f(x)= 98.97343633677481
differential_evolution step 94: f(x)= 98.97343633677481
differential_evolution step 95: f(x)= 98.97343633677481
differential_evolution step 96: f(x)= 98.97343633677481
differential_evolution step 97: f(x)= 98.97343633677481
differential_evolution step 98: f(x)= 98.97343633677481
differential_evolution step 99: f(x)= 98.97343633677481
differential_evolution step 100: f(x)= 98.97343633677481
differential_evolution step 101: f(x)= 98.97343633677481
differential_evolution step 102: f(x)= 98.97343633677481
differential_evolution step 103: f(x)= 98.97343633677481
differential_evolution step 104: f(x)= 98.97343633677481
differential_evolution step 105: f(x)= 98.97343633677481
differential_evolution step 106: f(x)= 98.97343633677481
differential_evolution step 107: f(x)= 98.97343633677481
differential_evolution step 108: f(x)= 98.97343633677481
differential_evolution step 109: f(x)= 98.97343633677481
differential_evolution step 110: f(x)= 98.97343633677481
differential_evolution step 111: f(x)= 98.97343633677481
differential_evolution step 112: f(x)= 98.97343633677481
differential_evolution step 113: f(x)= 98.97343633677481
differential_evolution step 114: f(x)= 98.97343633677481
differential_evolution step 115: f(x)= 98.97343633677481
differential_evolution step 116: f(x)= 98.97343633677481
differential_evolution step 117: f(x)= 98.97343633677481
differential_evolution step 118: f(x)= 98.97343633677481
differential_evolution step 119: f(x)= 98.97343633677481
differential_evolution step 120: f(x)= 98.97343633677481
differential_evolution step 121: f(x)= 98.97343633677481
differential_evolution step 122: f(x)= 78.09919362040408
differential_evolution step 123: f(x)= 78.09919362040408
differential_evolution step 124: f(x)= 78.09919362040408
differential_evolution step 125: f(x)= 78.09919362040408
differential_evolution step 126: f(x)= 78.09919362040408
differential_evolution step 127: f(x)= 78.09919362040408
differential_evolution step 128: f(x)= 78.09919362040408
differential_evolution step 129: f(x)= 78.09919362040408
differential_evolution step 130: f(x)= 78.09919362040408
differential_evolution step 131: f(x)= 78.09919362040408
differential_evolution step 132: f(x)= 78.09919362040408
differential_evolution step 133: f(x)= 78.09919362040408
differential_evolution step 134: f(x)= 78.09919362040408
differential_evolution step 135: f(x)= 78.09919362040408
differential_evolution step 136: f(x)= 78.09919362040408
differential_evolution step 137: f(x)= 78.09919362040408
differential_evolution step 138: f(x)= 78.09919362040408
differential_evolution step 139: f(x)= 78.09919362040408
differential_evolution step 140: f(x)= 78.09919362040408
differential_evolution step 141: f(x)= 78.09919362040408
differential_evolution step 142: f(x)= 78.09919362040408
differential_evolution step 143: f(x)= 78.09919362040408
differential_evolution step 144: f(x)= 78.09919362040408
differential_evolution step 145: f(x)= 78.09919362040408
differential_evolution step 146: f(x)= 78.09919362040408
differential_evolution step 147: f(x)= 78.09919362040408
differential_evolution step 148: f(x)= 78.09919362040408
differential_evolution step 149: f(x)= 78.09919362040408
differential_evolution step 150: f(x)= 78.09919362040408
differential_evolution step 151: f(x)= 78.09919362040408
differential_evolution step 152: f(x)= 78.09919362040408
differential_evolution step 153: f(x)= 78.09919362040408
differential_evolution step 154: f(x)= 78.09919362040408
differential_evolution step 155: f(x)= 78.09919362040408
differential_evolution step 156: f(x)= 78.09919362040408
differential_evolution step 157: f(x)= 78.09919362040408
differential_evolution step 158: f(x)= 75.51133596377963
differential_evolution step 159: f(x)= 75.51133596377963
differential_evolution step 160: f(x)= 75.51133596377963
differential_evolution step 161: f(x)= 75.51133596377963
differential_evolution step 162: f(x)= 75.51133596377963
differential_evolution step 163: f(x)= 75.51133596377963
differential_evolution step 164: f(x)= 75.51133596377963
differential_evolution step 165: f(x)= 75.51133596377963
differential_evolution step 166: f(x)= 73.21226869698701
differential_evolution step 167: f(x)= 73.21226869698701
differential_evolution step 168: f(x)= 73.21226869698701
differential_evolution step 169: f(x)= 73.21226869698701
differential_evolution step 170: f(x)= 73.21226869698701
differential_evolution step 171: f(x)= 73.21226869698701
differential_evolution step 172: f(x)= 73.21226869698701
differential_evolution step 173: f(x)= 73.21226869698701
differential_evolution step 174: f(x)= 73.21226869698701
differential_evolution step 175: f(x)= 73.21226869698701
differential_evolution step 176: f(x)= 73.21226869698701
differential_evolution step 177: f(x)= 73.21226869698701
differential_evolution step 178: f(x)= 70.61337441345268
differential_evolution step 179: f(x)= 70.61337441345268
differential_evolution step 180: f(x)= 70.61337441345268
differential_evolution step 181: f(x)= 70.61337441345268
differential_evolution step 182: f(x)= 70.61337441345268
differential_evolution step 183: f(x)= 70.61337441345268
differential_evolution step 184: f(x)= 70.61337441345268
differential_evolution step 185: f(x)= 70.61337441345268
differential_evolution step 186: f(x)= 70.61337441345268
differential_evolution step 187: f(x)= 70.61337441345268
differential_evolution step 188: f(x)= 70.61337441345268
differential_evolution step 189: f(x)= 70.61337441345268
differential_evolution step 190: f(x)= 70.61337441345268
differential_evolution step 191: f(x)= 70.61337441345268
differential_evolution step 192: f(x)= 70.61337441345268
differential_evolution step 193: f(x)= 70.61337441345268
differential_evolution step 194: f(x)= 70.61337441345268
differential_evolution step 195: f(x)= 70.61337441345268
differential_evolution step 196: f(x)= 69.57329378115578
differential_evolution step 197: f(x)= 69.57329378115578
differential_evolution step 198: f(x)= 69.57329378115578
differential_evolution step 199: f(x)= 69.57329378115578
differential_evolution step 200: f(x)= 65.09038519373247
Cluster 4 DE best chi^2: 65.090 with params {'x_src': np.float64(242.5561275912443), 'y_src': np.float64(237.41338354464838), 'z_s': np.float64(1.9128152671028864)}
--- Running DE for Cluster 5 ---
[DE] Process Pool with 16 procs (init=latinhypercube, popsize=50)
differential_evolution step 1: f(x)= 4242.640687119286
differential_evolution step 2: f(x)= 4242.640687119286
differential_evolution step 3: f(x)= 4242.640687119286
differential_evolution step 4: f(x)= 4242.640687119286
differential_evolution step 5: f(x)= 4242.640687119286
differential_evolution step 6: f(x)= 3000.0
differential_evolution step 7: f(x)= 3000.0
differential_evolution step 8: f(x)= 2373.3134987251387
differential_evolution step 9: f(x)= 2373.3134987251387
differential_evolution step 10: f(x)= 2373.3134987251387
differential_evolution step 11: f(x)= 2373.3134987251387
differential_evolution step 12: f(x)= 817.7431653835823
differential_evolution step 13: f(x)= 462.4154738631234
differential_evolution step 14: f(x)= 462.4154738631234
differential_evolution step 15: f(x)= 462.4154738631234
differential_evolution step 16: f(x)= 462.4154738631234
differential_evolution step 17: f(x)= 462.4154738631234
differential_evolution step 18: f(x)= 462.4154738631234
differential_evolution step 19: f(x)= 462.4154738631234
differential_evolution step 20: f(x)= 462.4154738631234
differential_evolution step 21: f(x)= 462.4154738631234
differential_evolution step 22: f(x)= 462.4154738631234
differential_evolution step 23: f(x)= 462.4154738631234
differential_evolution step 24: f(x)= 462.4154738631234
differential_evolution step 25: f(x)= 462.4154738631234
differential_evolution step 26: f(x)= 462.4154738631234
differential_evolution step 27: f(x)= 462.4154738631234
differential_evolution step 28: f(x)= 462.4154738631234
differential_evolution step 29: f(x)= 462.4154738631234
differential_evolution step 30: f(x)= 263.1845843509516
differential_evolution step 31: f(x)= 263.1845843509516
differential_evolution step 32: f(x)= 263.1845843509516
differential_evolution step 33: f(x)= 263.1845843509516
differential_evolution step 34: f(x)= 263.1845843509516
differential_evolution step 35: f(x)= 263.1845843509516
differential_evolution step 36: f(x)= 263.1845843509516
differential_evolution step 37: f(x)= 263.1845843509516
differential_evolution step 38: f(x)= 263.1845843509516
differential_evolution step 39: f(x)= 263.1845843509516
differential_evolution step 40: f(x)= 263.1845843509516
differential_evolution step 41: f(x)= 263.1845843509516
differential_evolution step 42: f(x)= 263.1845843509516
differential_evolution step 43: f(x)= 263.1845843509516
differential_evolution step 44: f(x)= 263.1845843509516
differential_evolution step 45: f(x)= 263.1845843509516
differential_evolution step 46: f(x)= 263.1845843509516
differential_evolution step 47: f(x)= 263.1845843509516
differential_evolution step 48: f(x)= 263.1845843509516
differential_evolution step 49: f(x)= 263.1845843509516
differential_evolution step 50: f(x)= 261.8766607476416
differential_evolution step 51: f(x)= 261.8766607476416
differential_evolution step 52: f(x)= 250.0843201439006
differential_evolution step 53: f(x)= 250.0843201439006
differential_evolution step 54: f(x)= 250.0843201439006
differential_evolution step 55: f(x)= 250.0843201439006
differential_evolution step 56: f(x)= 231.77230132446732
differential_evolution step 57: f(x)= 231.77230132446732
differential_evolution step 58: f(x)= 231.77230132446732
differential_evolution step 59: f(x)= 231.77230132446732
differential_evolution step 60: f(x)= 231.77230132446732
differential_evolution step 61: f(x)= 231.77230132446732
differential_evolution step 62: f(x)= 208.99215689322006
differential_evolution step 63: f(x)= 208.99215689322006
differential_evolution step 64: f(x)= 208.99215689322006
differential_evolution step 65: f(x)= 208.99215689322006
differential_evolution step 66: f(x)= 208.99215689322006
differential_evolution step 67: f(x)= 208.99215689322006
differential_evolution step 68: f(x)= 208.99215689322006
differential_evolution step 69: f(x)= 208.99215689322006
differential_evolution step 70: f(x)= 204.79416985695394
differential_evolution step 71: f(x)= 204.79416985695394
differential_evolution step 72: f(x)= 191.8487960757133
differential_evolution step 73: f(x)= 191.8487960757133
differential_evolution step 74: f(x)= 191.8487960757133
differential_evolution step 75: f(x)= 188.30994295170183
differential_evolution step 76: f(x)= 188.30994295170183
differential_evolution step 77: f(x)= 177.9354121597205
differential_evolution step 78: f(x)= 177.9354121597205
differential_evolution step 79: f(x)= 176.66884701411288
differential_evolution step 80: f(x)= 176.66884701411288
differential_evolution step 81: f(x)= 176.66884701411288
differential_evolution step 82: f(x)= 176.66884701411288
differential_evolution step 83: f(x)= 176.66884701411288
differential_evolution step 84: f(x)= 176.66884701411288
differential_evolution step 85: f(x)= 176.66884701411288
differential_evolution step 86: f(x)= 176.66884701411288
differential_evolution step 87: f(x)= 176.66884701411288
differential_evolution step 88: f(x)= 166.3291183265485
differential_evolution step 89: f(x)= 166.3291183265485
differential_evolution step 90: f(x)= 166.3291183265485
differential_evolution step 91: f(x)= 165.7550397229129
differential_evolution step 92: f(x)= 165.7550397229129
differential_evolution step 93: f(x)= 165.7550397229129
differential_evolution step 94: f(x)= 165.7550397229129
differential_evolution step 95: f(x)= 165.7550397229129
differential_evolution step 96: f(x)= 165.7550397229129
differential_evolution step 97: f(x)= 165.7550397229129
differential_evolution step 98: f(x)= 165.7550397229129
differential_evolution step 99: f(x)= 165.7550397229129
differential_evolution step 100: f(x)= 165.7550397229129
differential_evolution step 101: f(x)= 165.7550397229129
differential_evolution step 102: f(x)= 165.7550397229129
differential_evolution step 103: f(x)= 165.7550397229129
differential_evolution step 104: f(x)= 165.7550397229129
differential_evolution step 105: f(x)= 161.0929255070103
differential_evolution step 106: f(x)= 161.0929255070103
differential_evolution step 107: f(x)= 161.0929255070103
differential_evolution step 108: f(x)= 161.0929255070103
differential_evolution step 109: f(x)= 161.0929255070103
differential_evolution step 110: f(x)= 161.0929255070103
differential_evolution step 111: f(x)= 161.0929255070103
differential_evolution step 112: f(x)= 159.21511407392723
differential_evolution step 113: f(x)= 159.21511407392723
differential_evolution step 114: f(x)= 159.21511407392723
differential_evolution step 115: f(x)= 159.21511407392723
differential_evolution step 116: f(x)= 159.21511407392723
differential_evolution step 117: f(x)= 159.21511407392723
differential_evolution step 118: f(x)= 159.21511407392723
differential_evolution step 119: f(x)= 159.21511407392723
differential_evolution step 120: f(x)= 159.21511407392723
differential_evolution step 121: f(x)= 159.21511407392723
differential_evolution step 122: f(x)= 159.21511407392723
differential_evolution step 123: f(x)= 159.21511407392723
differential_evolution step 124: f(x)= 159.21511407392723
differential_evolution step 125: f(x)= 159.21511407392723
differential_evolution step 126: f(x)= 159.21511407392723
differential_evolution step 127: f(x)= 159.21511407392723
differential_evolution step 128: f(x)= 159.21511407392723
differential_evolution step 129: f(x)= 159.21511407392723
differential_evolution step 130: f(x)= 159.1767479780067
differential_evolution step 131: f(x)= 159.1767479780067
differential_evolution step 132: f(x)= 158.94158355632428
differential_evolution step 133: f(x)= 158.37326643402736
differential_evolution step 134: f(x)= 158.37326643402736
differential_evolution step 135: f(x)= 158.37326643402736
differential_evolution step 136: f(x)= 158.37326643402736
differential_evolution step 137: f(x)= 158.37326643402736
differential_evolution step 138: f(x)= 158.37326643402736
differential_evolution step 139: f(x)= 157.96409216849702
differential_evolution step 140: f(x)= 157.96409216849702
differential_evolution step 141: f(x)= 157.96409216849702
differential_evolution step 142: f(x)= 157.96409216849702
differential_evolution step 143: f(x)= 157.96409216849702
differential_evolution step 144: f(x)= 157.96409216849702
differential_evolution step 145: f(x)= 157.96409216849702
differential_evolution step 146: f(x)= 157.96409216849702
differential_evolution step 147: f(x)= 157.96409216849702
differential_evolution step 148: f(x)= 157.96409216849702
differential_evolution step 149: f(x)= 157.96409216849702
differential_evolution step 150: f(x)= 157.96409216849702
differential_evolution step 151: f(x)= 157.96409216849702
differential_evolution step 152: f(x)= 157.93284969705627
differential_evolution step 153: f(x)= 157.93284969705627
differential_evolution step 154: f(x)= 157.93284969705627
differential_evolution step 155: f(x)= 157.93284969705627
differential_evolution step 156: f(x)= 157.93284969705627
differential_evolution step 157: f(x)= 157.93284969705627
differential_evolution step 158: f(x)= 157.93284969705627
differential_evolution step 159: f(x)= 157.93284969705627
differential_evolution step 160: f(x)= 157.89591874853537
differential_evolution step 161: f(x)= 157.89591874853537
differential_evolution step 162: f(x)= 157.8752446052238
differential_evolution step 163: f(x)= 157.8752446052238
differential_evolution step 164: f(x)= 157.83179203832302
differential_evolution step 165: f(x)= 157.83179203832302
differential_evolution step 166: f(x)= 157.83179203832302
differential_evolution step 167: f(x)= 157.83179203832302
differential_evolution step 168: f(x)= 157.83179203832302
differential_evolution step 169: f(x)= 157.83179203832302
differential_evolution step 170: f(x)= 157.83179203832302
differential_evolution step 171: f(x)= 157.83179203832302
differential_evolution step 172: f(x)= 157.83179203832302
differential_evolution step 173: f(x)= 157.83179203832302
differential_evolution step 174: f(x)= 157.83179203832302
differential_evolution step 175: f(x)= 157.83179203832302
differential_evolution step 176: f(x)= 157.82779998625176
differential_evolution step 177: f(x)= 157.81748360580343
differential_evolution step 178: f(x)= 157.81748360580343
differential_evolution step 179: f(x)= 157.81748360580343
differential_evolution step 180: f(x)= 157.81382291313338
differential_evolution step 181: f(x)= 157.81382291313338
differential_evolution step 182: f(x)= 157.81382291313338
differential_evolution step 183: f(x)= 157.81382291313338
differential_evolution step 184: f(x)= 157.81382291313338
differential_evolution step 185: f(x)= 157.8055080596579
differential_evolution step 186: f(x)= 157.8055080596579
differential_evolution step 187: f(x)= 157.8055080596579
differential_evolution step 188: f(x)= 157.8055080596579
differential_evolution step 189: f(x)= 157.8055080596579
differential_evolution step 190: f(x)= 157.7557066028014
differential_evolution step 191: f(x)= 157.7557066028014
differential_evolution step 192: f(x)= 157.7557066028014
differential_evolution step 193: f(x)= 157.7557066028014
differential_evolution step 194: f(x)= 157.7557066028014
differential_evolution step 195: f(x)= 157.7557066028014
differential_evolution step 196: f(x)= 157.7557066028014
differential_evolution step 197: f(x)= 157.7557066028014
differential_evolution step 198: f(x)= 157.7557066028014
differential_evolution step 199: f(x)= 157.7557066028014
differential_evolution step 200: f(x)= 157.7557066028014
Cluster 5 DE best chi^2: 157.756 with params {'x_src': np.float64(147.38453211151003), 'y_src': np.float64(147.8268134471636), 'z_s': np.float64(3.4465248419514247)}

--- DE Optimization Summary ---
Best fit found for Cluster 2 with chi^2 = 0.016
Best-fit parameters: {'x_src': np.float64(100.43646586498429), 'y_src': np.float64(104.47886608873631), 'z_s': np.float64(2.954607575214896)}

--- Running MCMC for Cluster 2 (chi_sq=0.016) ---
[MCMC] Process Pool with 16 procs
  0%|          | 0/20000 [00:00<?, ?it/s]  0%|          | 76/20000 [01:40<7:17:33,  1.32s/it]  0%|          | 88/20000 [02:00<7:17:17,  1.32s/it]  1%|          | 144/20000 [03:21<7:47:36,  1.41s/it]  1%|          | 157/20000 [03:40<7:47:17,  1.41s/it]  1%|          | 213/20000 [05:02<7:54:19,  1.44s/it]  1%|          | 225/20000 [05:20<7:54:02,  1.44s/it]  1%|         | 280/20000 [06:43<8:00:19,  1.46s/it]  1%|         | 291/20000 [07:00<8:00:03,  1.46s/it]  2%|         | 350/20000 [08:23<7:55:10,  1.45s/it]  2%|         | 361/20000 [08:40<7:54:54,  1.45s/it]  2%|         | 421/20000 [10:03<7:48:42,  1.44s/it]  2%|         | 434/20000 [10:20<7:48:23,  1.44s/it]  2%|         | 496/20000 [11:43<7:35:53,  1.40s/it]  3%|         | 508/20000 [12:00<7:35:36,  1.40s/it]  3%|         | 570/20000 [13:24<7:29:18,  1.39s/it]  3%|         | 581/20000 [13:40<7:29:03,  1.39s/it]  3%|         | 643/20000 [15:04<7:26:14,  1.38s/it]  3%|         | 654/20000 [15:20<7:25:58,  1.38s/it]  4%|         | 719/20000 [16:45<7:18:42,  1.37s/it]  4%|         | 730/20000 [17:00<7:18:27,  1.37s/it]  4%|         | 791/20000 [18:25<7:20:10,  1.37s/it]  4%|         | 800/20000 [18:40<7:19:58,  1.37s/it]  4%|         | 862/20000 [20:06<7:22:31,  1.39s/it]  4%|         | 870/20000 [20:20<7:22:20,  1.39s/it]  5%|         | 931/20000 [21:46<7:27:03,  1.41s/it]  5%|         | 941/20000 [22:00<7:26:49,  1.41s/it]  5%|         | 1005/20000 [23:27<7:20:56,  1.39s/it]  5%|         | 1014/20000 [23:40<7:20:44,  1.39s/it]  5%|         | 1080/20000 [25:08<7:14:15,  1.38s/it]  5%|         | 1089/20000 [25:20<7:14:03,  1.38s/it]  6%|         | 1156/20000 [26:49<7:07:40,  1.36s/it]  6%|         | 1164/20000 [27:00<7:07:29,  1.36s/it]  6%|         | 1230/20000 [28:30<7:06:44,  1.36s/it]  6%|         | 1243/20000 [28:50<7:06:27,  1.36s/it]  7%|         | 1302/20000 [30:11<7:08:44,  1.38s/it]  7%|         | 1314/20000 [30:30<7:08:28,  1.38s/it]  7%|         | 1375/20000 [31:52<7:07:34,  1.38s/it]  7%|         | 1388/20000 [32:10<7:07:16,  1.38s/it]  7%|         | 1447/20000 [33:33<7:08:00,  1.38s/it]  7%|         | 1459/20000 [33:50<7:07:44,  1.38s/it]  8%|         | 1522/20000 [35:13<7:02:16,  1.37s/it]  8%|         | 1534/20000 [35:30<7:01:59,  1.37s/it]  8%|         | 1598/20000 [36:54<6:56:25,  1.36s/it]  8%|         | 1610/20000 [37:10<6:56:09,  1.36s/it]  8%|         | 1677/20000 [38:35<6:46:23,  1.33s/it]  8%|         | 1689/20000 [38:50<6:46:07,  1.33s/it]  9%|         | 1752/20000 [40:16<6:46:12,  1.34s/it]  9%|         | 1761/20000 [40:30<6:46:00,  1.34s/it]  9%|         | 1823/20000 [41:57<6:52:24,  1.36s/it]  9%|         | 1832/20000 [42:10<6:52:11,  1.36s/it]  9%|         | 1897/20000 [43:38<6:50:46,  1.36s/it] 10%|         | 1906/20000 [43:50<6:50:34,  1.36s/it] 10%|         | 1970/20000 [45:18<6:50:14,  1.37s/it] 10%|         | 1977/20000 [45:30<6:50:04,  1.37s/it] 10%|         | 2043/20000 [46:59<6:50:15,  1.37s/it] 10%|         | 2050/20000 [47:10<6:50:05,  1.37s/it] 11%|         | 2117/20000 [48:40<6:47:59,  1.37s/it] 11%|         | 2130/20000 [49:00<6:47:41,  1.37s/it] 11%|         | 2195/20000 [50:21<6:39:12,  1.35s/it] 11%|         | 2209/20000 [50:40<6:38:53,  1.35s/it] 11%|        | 2266/20000 [52:02<6:44:26,  1.37s/it] 11%|        | 2277/20000 [52:20<6:44:11,  1.37s/it] 12%|        | 2336/20000 [53:43<6:48:43,  1.39s/it] 12%|        | 2348/20000 [54:00<6:48:27,  1.39s/it] 12%|        | 2407/20000 [55:23<6:49:58,  1.40s/it] 12%|        | 2418/20000 [55:40<6:49:43,  1.40s/it] 12%|        | 2479/20000 [57:03<6:47:29,  1.40s/it] 12%|        | 2489/20000 [57:20<6:47:16,  1.40s/it] 13%|        | 2550/20000 [58:44<6:47:13,  1.40s/it] 13%|        | 2561/20000 [59:00<6:46:58,  1.40s/it] 13%|        | 2625/20000 [1:00:24<6:40:09,  1.38s/it] 13%|        | 2633/20000 [1:00:40<6:39:58,  1.38s/it] 13%|        | 2696/20000 [1:02:05<6:41:28,  1.39s/it] 14%|        | 2705/20000 [1:02:20<6:41:16,  1.39s/it] 14%|        | 2768/20000 [1:03:45<6:40:05,  1.39s/it] 14%|        | 2776/20000 [1:04:00<6:39:54,  1.39s/it] 14%|        | 2839/20000 [1:05:26<6:40:05,  1.40s/it] 14%|        | 2850/20000 [1:05:40<6:39:50,  1.40s/it] 15%|        | 2909/20000 [1:07:06<6:41:15,  1.41s/it] 15%|        | 2918/20000 [1:07:20<6:41:03,  1.41s/it] 15%|        | 2977/20000 [1:08:47<6:46:08,  1.43s/it] 15%|        | 2984/20000 [1:09:00<6:45:58,  1.43s/it] 15%|        | 3048/20000 [1:10:28<6:44:04,  1.43s/it] 15%|        | 3054/20000 [1:10:40<6:43:55,  1.43s/it] 16%|        | 3116/20000 [1:12:08<6:45:56,  1.44s/it] 16%|        | 3123/20000 [1:12:20<6:45:46,  1.44s/it] 16%|        | 3188/20000 [1:13:49<6:39:46,  1.43s/it] 16%|        | 3196/20000 [1:14:00<6:39:34,  1.43s/it] 16%|        | 3262/20000 [1:15:30<6:32:50,  1.41s/it] 16%|        | 3277/20000 [1:15:50<6:32:29,  1.41s/it] 17%|        | 3336/20000 [1:17:11<6:27:28,  1.40s/it] 17%|        | 3350/20000 [1:17:30<6:27:09,  1.40s/it] 17%|        | 3406/20000 [1:18:51<6:28:52,  1.41s/it] 17%|        | 3418/20000 [1:19:10<6:28:35,  1.41s/it] 17%|        | 3471/20000 [1:20:32<6:38:46,  1.45s/it] 17%|        | 3481/20000 [1:20:50<6:38:32,  1.45s/it] 18%|        | 3538/20000 [1:22:12<6:41:11,  1.46s/it] 18%|        | 3549/20000 [1:22:30<6:40:55,  1.46s/it] 18%|        | 3606/20000 [1:23:53<6:41:00,  1.47s/it] 18%|        | 3615/20000 [1:24:10<6:40:47,  1.47s/it] 18%|        | 3676/20000 [1:25:34<6:37:00,  1.46s/it] 18%|        | 3686/20000 [1:25:50<6:36:45,  1.46s/it] 19%|        | 3740/20000 [1:27:14<6:43:57,  1.49s/it] 19%|        | 3750/20000 [1:27:30<6:43:42,  1.49s/it] 19%|        | 3806/20000 [1:28:56<6:45:38,  1.50s/it] 19%|        | 3814/20000 [1:29:10<6:45:26,  1.50s/it] 19%|        | 3875/20000 [1:30:36<6:40:12,  1.49s/it] 19%|        | 3885/20000 [1:30:50<6:39:57,  1.49s/it] 20%|        | 3941/20000 [1:32:16<6:40:46,  1.50s/it] 20%|        | 3949/20000 [1:32:30<6:40:34,  1.50s/it] 20%|        | 4002/20000 [1:33:58<6:51:33,  1.54s/it] 20%|        | 4008/20000 [1:34:10<6:51:24,  1.54s/it] 20%|        | 4063/20000 [1:35:39<6:59:34,  1.58s/it] 20%|        | 4068/20000 [1:35:50<6:59:27,  1.58s/it] 21%|        | 4122/20000 [1:37:21<7:08:45,  1.62s/it] 21%|        | 4132/20000 [1:37:40<7:08:29,  1.62s/it] 21%|        | 4181/20000 [1:39:03<7:14:49,  1.65s/it] 21%|        | 4192/20000 [1:39:20<7:14:31,  1.65s/it] 21%|        | 4245/20000 [1:40:43<7:06:06,  1.62s/it] 21%|       | 4257/20000 [1:41:00<7:05:46,  1.62s/it] 22%|       | 4309/20000 [1:42:23<6:59:44,  1.61s/it] 22%|       | 4318/20000 [1:42:40<6:59:29,  1.61s/it] 22%|       | 4372/20000 [1:44:04<6:57:53,  1.60s/it] 22%|       | 4381/20000 [1:44:20<6:57:39,  1.60s/it] 22%|       | 4438/20000 [1:45:45<6:49:59,  1.58s/it] 22%|       | 4446/20000 [1:46:00<6:49:46,  1.58s/it] 23%|       | 4501/20000 [1:47:26<6:50:10,  1.59s/it] 23%|       | 4510/20000 [1:47:40<6:49:56,  1.59s/it] 23%|       | 4565/20000 [1:49:07<6:47:32,  1.58s/it] 23%|       | 4572/20000 [1:49:20<6:47:21,  1.58s/it] 23%|       | 4628/20000 [1:50:48<6:47:37,  1.59s/it] 23%|       | 4636/20000 [1:51:00<6:47:25,  1.59s/it] 23%|       | 4692/20000 [1:52:29<6:44:52,  1.59s/it] 23%|       | 4699/20000 [1:52:40<6:44:41,  1.59s/it] 24%|       | 4756/20000 [1:54:10<6:42:24,  1.58s/it] 24%|       | 4769/20000 [1:54:30<6:42:04,  1.58s/it] 24%|       | 4824/20000 [1:55:51<6:32:57,  1.55s/it] 24%|       | 4835/20000 [1:56:10<6:32:40,  1.55s/it] 24%|       | 4890/20000 [1:57:33<6:30:14,  1.55s/it] 24%|       | 4900/20000 [1:57:50<6:29:59,  1.55s/it] 25%|       | 4948/20000 [1:59:14<6:42:40,  1.61s/it] 25%|       | 4958/20000 [1:59:30<6:42:24,  1.61s/it] 25%|       | 5019/20000 [2:00:55<6:25:39,  1.54s/it] 25%|       | 5030/20000 [2:01:10<6:25:22,  1.54s/it] 25%|       | 5091/20000 [2:02:36<6:12:10,  1.50s/it] 26%|       | 5101/20000 [2:02:50<6:11:55,  1.50s/it] 26%|       | 5163/20000 [2:04:16<6:02:22,  1.47s/it] 26%|       | 5173/20000 [2:04:30<6:02:08,  1.47s/it] 26%|       | 5227/20000 [2:05:57<6:08:50,  1.50s/it] 26%|       | 5236/20000 [2:06:10<6:08:37,  1.50s/it] 26%|       | 5297/20000 [2:07:39<6:03:26,  1.48s/it] 27%|       | 5304/20000 [2:07:50<6:03:15,  1.48s/it] 27%|       | 5369/20000 [2:09:20<5:56:00,  1.46s/it] 27%|       | 5382/20000 [2:09:40<5:55:41,  1.46s/it] 27%|       | 5443/20000 [2:11:00<5:46:22,  1.43s/it] 27%|       | 5456/20000 [2:11:20<5:46:03,  1.43s/it] 28%|       | 5512/20000 [2:12:41<5:46:21,  1.43s/it] 28%|       | 5525/20000 [2:13:00<5:46:02,  1.43s/it] 28%|       | 5582/20000 [2:14:21<5:44:41,  1.43s/it] 28%|       | 5595/20000 [2:14:40<5:44:23,  1.43s/it] 28%|       | 5654/20000 [2:16:01<5:39:59,  1.42s/it] 28%|       | 5667/20000 [2:16:20<5:39:41,  1.42s/it] 29%|       | 5725/20000 [2:17:42<5:38:03,  1.42s/it] 29%|       | 5736/20000 [2:18:00<5:37:47,  1.42s/it] 29%|       | 5796/20000 [2:19:23<5:36:15,  1.42s/it] 29%|       | 5808/20000 [2:19:40<5:35:58,  1.42s/it] 29%|       | 5870/20000 [2:21:04<5:30:51,  1.40s/it] 29%|       | 5881/20000 [2:21:20<5:30:36,  1.40s/it] 30%|       | 5945/20000 [2:22:44<5:23:59,  1.38s/it] 30%|       | 5956/20000 [2:23:00<5:23:44,  1.38s/it] 30%|       | 6018/20000 [2:24:24<5:21:33,  1.38s/it] 30%|       | 6028/20000 [2:24:40<5:21:19,  1.38s/it] 30%|       | 6090/20000 [2:26:06<5:21:42,  1.39s/it] 30%|       | 6099/20000 [2:26:20<5:21:29,  1.39s/it] 31%|       | 6160/20000 [2:27:46<5:23:18,  1.40s/it] 31%|       | 6169/20000 [2:28:00<5:23:05,  1.40s/it] 31%|       | 6233/20000 [2:29:27<5:20:05,  1.40s/it] 31%|       | 6241/20000 [2:29:40<5:19:54,  1.40s/it] 32%|      | 6303/20000 [2:31:07<5:21:10,  1.41s/it] 32%|      | 6311/20000 [2:31:20<5:20:58,  1.41s/it] 32%|      | 6373/20000 [2:32:48<5:21:48,  1.42s/it] 32%|      | 6382/20000 [2:33:00<5:21:35,  1.42s/it] 32%|      | 6446/20000 [2:34:28<5:16:51,  1.40s/it] 32%|      | 6454/20000 [2:34:40<5:16:40,  1.40s/it] 33%|      | 6520/20000 [2:36:09<5:12:24,  1.39s/it] 33%|      | 6527/20000 [2:36:20<5:12:14,  1.39s/it] 33%|      | 6590/20000 [2:37:50<5:13:56,  1.40s/it] 33%|      | 6603/20000 [2:38:10<5:13:38,  1.40s/it] 33%|      | 6661/20000 [2:39:31<5:13:23,  1.41s/it] 33%|      | 6675/20000 [2:39:50<5:13:03,  1.41s/it] 34%|      | 6735/20000 [2:41:11<5:07:49,  1.39s/it] 34%|      | 6748/20000 [2:41:30<5:07:31,  1.39s/it] 34%|      | 6804/20000 [2:42:53<5:11:22,  1.42s/it] 34%|      | 6815/20000 [2:43:10<5:11:07,  1.42s/it] 34%|      | 6864/20000 [2:44:33<5:24:36,  1.48s/it] 34%|      | 6876/20000 [2:44:50<5:24:18,  1.48s/it] 35%|      | 6935/20000 [2:46:14<5:19:05,  1.47s/it] 35%|      | 6944/20000 [2:46:30<5:18:52,  1.47s/it] 35%|      | 7001/20000 [2:47:55<5:22:04,  1.49s/it] 35%|      | 7010/20000 [2:48:10<5:21:50,  1.49s/it] 35%|      | 7071/20000 [2:49:36<5:17:09,  1.47s/it] 35%|      | 7081/20000 [2:49:50<5:16:54,  1.47s/it] 36%|      | 7143/20000 [2:51:16<5:10:08,  1.45s/it] 36%|      | 7153/20000 [2:51:30<5:09:54,  1.45s/it] 36%|      | 7210/20000 [2:52:58<5:12:35,  1.47s/it] 36%|      | 7216/20000 [2:53:10<5:12:26,  1.47s/it] 36%|      | 7273/20000 [2:54:39<5:19:31,  1.51s/it] 36%|      | 7280/20000 [2:54:50<5:19:21,  1.51s/it] 37%|      | 7333/20000 [2:56:20<5:28:02,  1.55s/it] 37%|      | 7343/20000 [2:56:40<5:27:47,  1.55s/it] 37%|      | 7393/20000 [2:58:00<5:33:52,  1.59s/it] 37%|      | 7404/20000 [2:58:20<5:33:34,  1.59s/it] 37%|      | 7458/20000 [2:59:42<5:30:21,  1.58s/it] 37%|      | 7468/20000 [3:00:00<5:30:06,  1.58s/it] 38%|      | 7519/20000 [3:01:22<5:32:19,  1.60s/it] 38%|      | 7530/20000 [3:01:40<5:32:02,  1.60s/it] 38%|      | 7584/20000 [3:03:02<5:27:04,  1.58s/it] 38%|      | 7594/20000 [3:03:20<5:26:48,  1.58s/it] 38%|      | 7647/20000 [3:04:42<5:25:52,  1.58s/it] 38%|      | 7657/20000 [3:05:00<5:25:36,  1.58s/it] 39%|      | 7707/20000 [3:06:23<5:29:40,  1.61s/it] 39%|      | 7717/20000 [3:06:40<5:29:24,  1.61s/it] 39%|      | 7770/20000 [3:08:03<5:27:26,  1.61s/it] 39%|      | 7780/20000 [3:08:20<5:27:10,  1.61s/it] 39%|      | 7834/20000 [3:09:44<5:23:15,  1.59s/it] 39%|      | 7842/20000 [3:10:00<5:23:02,  1.59s/it] 39%|      | 7894/20000 [3:11:24<5:26:18,  1.62s/it] 40%|      | 7906/20000 [3:11:40<5:25:58,  1.62s/it] 40%|      | 7959/20000 [3:13:06<5:21:15,  1.60s/it] 40%|      | 7967/20000 [3:13:20<5:21:02,  1.60s/it] 40%|      | 8023/20000 [3:14:47<5:18:06,  1.59s/it] 40%|      | 8030/20000 [3:15:00<5:17:55,  1.59s/it] 40%|      | 8089/20000 [3:16:28<5:12:42,  1.58s/it] 40%|      | 8097/20000 [3:16:40<5:12:30,  1.58s/it] 41%|      | 8160/20000 [3:18:08<5:00:15,  1.52s/it] 41%|      | 8166/20000 [3:18:20<5:00:06,  1.52s/it] 41%|      | 8218/20000 [3:19:48<5:10:08,  1.58s/it] 41%|      | 8225/20000 [3:20:00<5:09:57,  1.58s/it] 41%|     | 8284/20000 [3:21:29<5:04:33,  1.56s/it] 41%|     | 8291/20000 [3:21:40<5:04:22,  1.56s/it] 42%|     | 8345/20000 [3:23:09<5:07:53,  1.59s/it] 42%|     | 8350/20000 [3:23:20<5:07:45,  1.59s/it] 42%|     | 8405/20000 [3:24:51<5:12:38,  1.62s/it] 42%|     | 8415/20000 [3:25:10<5:12:22,  1.62s/it] 42%|     | 8467/20000 [3:26:31<5:10:50,  1.62s/it] 42%|     | 8480/20000 [3:26:50<5:10:29,  1.62s/it] 43%|     | 8536/20000 [3:28:13<5:00:09,  1.57s/it] 43%|     | 8547/20000 [3:28:30<4:59:51,  1.57s/it] 43%|     | 8606/20000 [3:29:53<4:50:21,  1.53s/it] 43%|     | 8617/20000 [3:30:10<4:50:04,  1.53s/it] 43%|     | 8669/20000 [3:31:34<4:52:34,  1.55s/it] 43%|     | 8678/20000 [3:31:50<4:52:20,  1.55s/it] 44%|     | 8732/20000 [3:33:15<4:53:52,  1.56s/it] 44%|     | 8741/20000 [3:33:30<4:53:38,  1.56s/it] 44%|     | 8801/20000 [3:34:56<4:45:45,  1.53s/it] 44%|     | 8809/20000 [3:35:10<4:45:33,  1.53s/it] 44%|     | 8862/20000 [3:36:37<4:51:18,  1.57s/it] 44%|     | 8870/20000 [3:36:50<4:51:06,  1.57s/it] 45%|     | 8925/20000 [3:38:18<4:51:29,  1.58s/it] 45%|     | 8932/20000 [3:38:30<4:51:18,  1.58s/it] 45%|     | 8987/20000 [3:39:59<4:52:10,  1.59s/it] 45%|     | 8992/20000 [3:40:10<4:52:02,  1.59s/it] 45%|     | 9050/20000 [3:41:40<4:51:06,  1.60s/it] 45%|     | 9064/20000 [3:42:00<4:50:44,  1.60s/it] 46%|     | 9121/20000 [3:43:20<4:38:21,  1.54s/it] 46%|     | 9135/20000 [3:43:40<4:38:00,  1.54s/it] 46%|     | 9195/20000 [3:45:00<4:25:48,  1.48s/it] 46%|     | 9209/20000 [3:45:20<4:25:27,  1.48s/it] 46%|     | 9270/20000 [3:46:41<4:16:29,  1.43s/it] 46%|     | 9284/20000 [3:47:00<4:16:09,  1.43s/it] 47%|     | 9343/20000 [3:48:22<4:11:50,  1.42s/it] 47%|     | 9355/20000 [3:48:40<4:11:33,  1.42s/it] 47%|     | 9417/20000 [3:50:03<4:07:19,  1.40s/it] 47%|     | 9428/20000 [3:50:20<4:07:04,  1.40s/it] 47%|     | 9490/20000 [3:51:44<4:04:22,  1.40s/it] 47%|     | 9499/20000 [3:52:00<4:04:09,  1.40s/it] 48%|     | 9556/20000 [3:53:24<4:08:44,  1.43s/it] 48%|     | 9568/20000 [3:53:40<4:08:27,  1.43s/it] 48%|     | 9623/20000 [3:55:04<4:10:20,  1.45s/it] 48%|     | 9632/20000 [3:55:20<4:10:07,  1.45s/it] 48%|     | 9681/20000 [3:56:45<4:22:10,  1.52s/it] 48%|     | 9689/20000 [3:57:00<4:21:58,  1.52s/it] 49%|     | 9743/20000 [3:58:26<4:26:01,  1.56s/it] 49%|     | 9752/20000 [3:58:40<4:25:47,  1.56s/it] 49%|     | 9812/20000 [4:00:07<4:19:11,  1.53s/it] 49%|     | 9821/20000 [4:00:20<4:18:58,  1.53s/it] 49%|     | 9874/20000 [4:01:47<4:21:52,  1.55s/it] 49%|     | 9881/20000 [4:02:00<4:21:41,  1.55s/it] 50%|     | 9934/20000 [4:03:28<4:26:27,  1.59s/it] 50%|     | 9941/20000 [4:03:40<4:26:16,  1.59s/it] 50%|     | 9995/20000 [4:05:09<4:28:12,  1.61s/it] 50%|     | 10001/20000 [4:05:20<4:28:02,  1.61s/it] 50%|     | 10056/20000 [4:06:49<4:28:22,  1.62s/it] 50%|     | 10064/20000 [4:07:00<4:28:09,  1.62s/it] 51%|     | 10124/20000 [4:08:29<4:18:52,  1.57s/it] 51%|     | 10130/20000 [4:08:40<4:18:43,  1.57s/it] 51%|     | 10191/20000 [4:10:10<4:13:46,  1.55s/it] 51%|     | 10206/20000 [4:10:30<4:13:23,  1.55s/it] 51%|    | 10266/20000 [4:11:51<4:00:20,  1.48s/it] 51%|    | 10279/20000 [4:12:10<4:00:01,  1.48s/it] 52%|    | 10333/20000 [4:13:32<3:59:59,  1.49s/it] 52%|    | 10346/20000 [4:13:50<3:59:40,  1.49s/it] 52%|    | 10406/20000 [4:15:12<3:52:13,  1.45s/it] 52%|    | 10416/20000 [4:15:30<3:51:58,  1.45s/it] 52%|    | 10466/20000 [4:16:52<4:00:10,  1.51s/it] 52%|    | 10476/20000 [4:17:10<3:59:55,  1.51s/it] 53%|    | 10530/20000 [4:18:33<4:01:20,  1.53s/it] 53%|    | 10541/20000 [4:18:50<4:01:03,  1.53s/it] 53%|    | 10588/20000 [4:20:13<4:08:29,  1.58s/it] 53%|    | 10598/20000 [4:20:30<4:08:13,  1.58s/it] 53%|    | 10647/20000 [4:21:54<4:12:50,  1.62s/it] 53%|    | 10655/20000 [4:22:10<4:12:37,  1.62s/it] 54%|    | 10710/20000 [4:23:35<4:10:11,  1.62s/it] 54%|    | 10718/20000 [4:23:50<4:09:58,  1.62s/it] 54%|    | 10777/20000 [4:25:16<4:02:32,  1.58s/it] 54%|    | 10786/20000 [4:25:30<4:02:18,  1.58s/it] 54%|    | 10847/20000 [4:26:57<3:54:26,  1.54s/it] 54%|    | 10855/20000 [4:27:10<3:54:13,  1.54s/it] 55%|    | 10912/20000 [4:28:37<3:52:59,  1.54s/it] 55%|    | 10919/20000 [4:28:50<3:52:49,  1.54s/it] 55%|    | 10977/20000 [4:30:17<3:51:24,  1.54s/it] 55%|    | 10985/20000 [4:30:30<3:51:12,  1.54s/it] 55%|    | 11047/20000 [4:31:59<3:45:16,  1.51s/it] 55%|    | 11054/20000 [4:32:10<3:45:06,  1.51s/it] 56%|    | 11112/20000 [4:33:40<3:45:34,  1.52s/it] 56%|    | 11119/20000 [4:33:50<3:45:24,  1.52s/it] 56%|    | 11180/20000 [4:35:20<3:41:40,  1.51s/it] 56%|    | 11192/20000 [4:35:40<3:41:21,  1.51s/it] 56%|    | 11246/20000 [4:37:00<3:40:40,  1.51s/it] 56%|    | 11258/20000 [4:37:20<3:40:22,  1.51s/it] 57%|    | 11311/20000 [4:38:41<3:40:21,  1.52s/it] 57%|    | 11323/20000 [4:39:00<3:40:03,  1.52s/it] 57%|    | 11372/20000 [4:40:21<3:43:54,  1.56s/it] 57%|    | 11384/20000 [4:40:40<3:43:36,  1.56s/it] 57%|    | 11435/20000 [4:42:03<3:44:26,  1.57s/it] 57%|    | 11445/20000 [4:42:20<3:44:11,  1.57s/it] 58%|    | 11504/20000 [4:43:43<3:37:32,  1.54s/it] 58%|    | 11515/20000 [4:44:00<3:37:15,  1.54s/it] 58%|    | 11572/20000 [4:45:23<3:33:06,  1.52s/it] 58%|    | 11583/20000 [4:45:40<3:32:49,  1.52s/it] 58%|    | 11638/20000 [4:47:04<3:31:50,  1.52s/it] 58%|    | 11646/20000 [4:47:20<3:31:37,  1.52s/it] 58%|    | 11697/20000 [4:48:46<3:38:02,  1.58s/it] 59%|    | 11704/20000 [4:49:00<3:37:51,  1.58s/it] 59%|    | 11761/20000 [4:50:26<3:35:50,  1.57s/it] 59%|    | 11769/20000 [4:50:40<3:35:37,  1.57s/it] 59%|    | 11824/20000 [4:52:06<3:35:07,  1.58s/it] 59%|    | 11831/20000 [4:52:20<3:34:56,  1.58s/it] 59%|    | 11888/20000 [4:53:48<3:33:40,  1.58s/it] 59%|    | 11896/20000 [4:54:00<3:33:27,  1.58s/it] 60%|    | 11954/20000 [4:55:28<3:29:24,  1.56s/it] 60%|    | 11961/20000 [4:55:40<3:29:13,  1.56s/it] 60%|    | 12020/20000 [4:57:08<3:26:10,  1.55s/it] 60%|    | 12028/20000 [4:57:20<3:25:58,  1.55s/it] 60%|    | 12088/20000 [4:58:49<3:21:24,  1.53s/it] 60%|    | 12094/20000 [4:59:00<3:21:15,  1.53s/it] 61%|    | 12153/20000 [5:00:30<3:20:33,  1.53s/it] 61%|    | 12158/20000 [5:00:40<3:20:26,  1.53s/it] 61%|    | 12215/20000 [5:02:11<3:22:34,  1.56s/it] 61%|    | 12228/20000 [5:02:30<3:22:14,  1.56s/it] 61%|   | 12279/20000 [5:03:52<3:21:41,  1.57s/it] 61%|   | 12291/20000 [5:04:10<3:21:22,  1.57s/it] 62%|   | 12347/20000 [5:05:33<3:16:29,  1.54s/it] 62%|   | 12359/20000 [5:05:50<3:16:10,  1.54s/it] 62%|   | 12419/20000 [5:07:13<3:08:31,  1.49s/it] 62%|   | 12430/20000 [5:07:30<3:08:15,  1.49s/it] 62%|   | 12489/20000 [5:08:53<3:04:38,  1.47s/it] 63%|   | 12501/20000 [5:09:10<3:04:20,  1.47s/it] 63%|   | 12558/20000 [5:10:34<3:02:24,  1.47s/it] 63%|   | 12569/20000 [5:10:50<3:02:08,  1.47s/it] 63%|   | 12630/20000 [5:12:15<2:58:14,  1.45s/it] 63%|   | 12639/20000 [5:12:30<2:58:01,  1.45s/it] 63%|   | 12698/20000 [5:13:55<2:57:20,  1.46s/it] 64%|   | 12709/20000 [5:14:10<2:57:04,  1.46s/it] 64%|   | 12766/20000 [5:15:35<2:56:12,  1.46s/it] 64%|   | 12774/20000 [5:15:50<2:56:00,  1.46s/it] 64%|   | 12833/20000 [5:17:16<2:55:46,  1.47s/it] 64%|   | 12842/20000 [5:17:30<2:55:33,  1.47s/it] 65%|   | 12901/20000 [5:18:56<2:54:18,  1.47s/it] 65%|   | 12909/20000 [5:19:10<2:54:06,  1.47s/it] 65%|   | 12971/20000 [5:20:37<2:51:21,  1.46s/it] 65%|   | 12979/20000 [5:20:50<2:51:09,  1.46s/it] 65%|   | 13039/20000 [5:22:18<2:50:31,  1.47s/it] 65%|   | 13047/20000 [5:22:30<2:50:19,  1.47s/it] 66%|   | 13107/20000 [5:23:59<2:49:23,  1.47s/it] 66%|   | 13115/20000 [5:24:10<2:49:11,  1.47s/it] 66%|   | 13179/20000 [5:25:39<2:44:36,  1.45s/it] 66%|   | 13186/20000 [5:25:50<2:44:26,  1.45s/it] 66%|   | 13244/20000 [5:27:19<2:46:11,  1.48s/it] 66%|   | 13250/20000 [5:27:30<2:46:03,  1.48s/it] 67%|   | 13312/20000 [5:29:00<2:44:28,  1.48s/it] 67%|   | 13317/20000 [5:29:10<2:44:21,  1.48s/it] 67%|   | 13374/20000 [5:30:41<2:47:40,  1.52s/it] 67%|   | 13386/20000 [5:31:00<2:47:22,  1.52s/it] 67%|   | 13440/20000 [5:32:21<2:46:14,  1.52s/it] 67%|   | 13451/20000 [5:32:40<2:45:58,  1.52s/it] 68%|   | 13506/20000 [5:34:02<2:44:46,  1.52s/it] 68%|   | 13517/20000 [5:34:20<2:44:30,  1.52s/it] 68%|   | 13571/20000 [5:35:42<2:43:43,  1.53s/it] 68%|   | 13582/20000 [5:36:00<2:43:26,  1.53s/it] 68%|   | 13638/20000 [5:37:23<2:41:11,  1.52s/it] 68%|   | 13647/20000 [5:37:40<2:40:57,  1.52s/it] 69%|   | 13703/20000 [5:39:04<2:40:25,  1.53s/it] 69%|   | 13713/20000 [5:39:20<2:40:10,  1.53s/it] 69%|   | 13771/20000 [5:40:44<2:37:15,  1.51s/it] 69%|   | 13781/20000 [5:41:00<2:37:00,  1.51s/it] 69%|   | 13841/20000 [5:42:25<2:33:07,  1.49s/it] 69%|   | 13850/20000 [5:42:40<2:32:53,  1.49s/it] 70%|   | 13908/20000 [5:44:06<2:31:38,  1.49s/it] 70%|   | 13917/20000 [5:44:20<2:31:24,  1.49s/it] 70%|   | 13972/20000 [5:45:47<2:32:40,  1.52s/it] 70%|   | 13980/20000 [5:46:00<2:32:28,  1.52s/it] 70%|   | 14041/20000 [5:47:28<2:29:00,  1.50s/it] 70%|   | 14050/20000 [5:47:40<2:28:47,  1.50s/it] 71%|   | 14112/20000 [5:49:09<2:24:53,  1.48s/it] 71%|   | 14119/20000 [5:49:20<2:24:42,  1.48s/it] 71%|   | 14178/20000 [5:50:50<2:24:48,  1.49s/it] 71%|   | 14184/20000 [5:51:00<2:24:39,  1.49s/it] 71%|   | 14241/20000 [5:52:31<2:26:24,  1.53s/it] 71%|  | 14253/20000 [5:52:50<2:26:05,  1.53s/it] 72%|  | 14307/20000 [5:54:12<2:24:46,  1.53s/it] 72%|  | 14319/20000 [5:54:30<2:24:28,  1.53s/it] 72%|  | 14378/20000 [5:55:52<2:19:42,  1.49s/it] 72%|  | 14390/20000 [5:56:10<2:19:24,  1.49s/it] 72%|  | 14448/20000 [5:57:33<2:16:29,  1.47s/it] 72%|  | 14458/20000 [5:57:50<2:16:14,  1.47s/it] 73%|  | 14514/20000 [5:59:13<2:16:00,  1.49s/it] 73%|  | 14524/20000 [5:59:30<2:15:45,  1.49s/it] 73%|  | 14576/20000 [6:00:54<2:18:03,  1.53s/it] 73%|  | 14588/20000 [6:01:10<2:17:45,  1.53s/it] 73%|  | 14648/20000 [6:02:34<2:12:22,  1.48s/it] 73%|  | 14658/20000 [6:02:50<2:12:08,  1.48s/it] 74%|  | 14716/20000 [6:04:15<2:10:42,  1.48s/it] 74%|  | 14726/20000 [6:04:30<2:10:27,  1.48s/it] 74%|  | 14786/20000 [6:05:56<2:07:58,  1.47s/it] 74%|  | 14796/20000 [6:06:10<2:07:43,  1.47s/it] 74%|  | 14855/20000 [6:07:37<2:05:51,  1.47s/it] 74%|  | 14864/20000 [6:07:50<2:05:38,  1.47s/it] 75%|  | 14925/20000 [6:09:18<2:03:38,  1.46s/it] 75%|  | 14933/20000 [6:09:30<2:03:26,  1.46s/it] 75%|  | 14997/20000 [6:10:59<2:00:21,  1.44s/it] 75%|  | 15004/20000 [6:11:10<2:00:11,  1.44s/it] 75%|  | 15064/20000 [6:12:40<2:00:04,  1.46s/it] 75%|  | 15070/20000 [6:12:50<1:59:55,  1.46s/it] 76%|  | 15132/20000 [6:14:20<1:58:54,  1.47s/it] 76%|  | 15146/20000 [6:14:40<1:58:33,  1.47s/it] 76%|  | 15203/20000 [6:16:02<1:56:11,  1.45s/it] 76%|  | 15215/20000 [6:16:20<1:55:54,  1.45s/it] 76%|  | 15272/20000 [6:17:43<1:54:52,  1.46s/it] 76%|  | 15284/20000 [6:18:00<1:54:35,  1.46s/it] 77%|  | 15340/20000 [6:19:24<1:53:49,  1.47s/it] 77%|  | 15349/20000 [6:19:40<1:53:35,  1.47s/it] 77%|  | 15408/20000 [6:21:05<1:52:37,  1.47s/it] 77%|  | 15418/20000 [6:21:20<1:52:22,  1.47s/it] 77%|  | 15478/20000 [6:22:46<1:50:17,  1.46s/it] 77%|  | 15487/20000 [6:23:00<1:50:04,  1.46s/it] 78%|  | 15544/20000 [6:24:27<1:50:17,  1.49s/it] 78%|  | 15551/20000 [6:24:40<1:50:07,  1.49s/it] 78%|  | 15607/20000 [6:26:08<1:50:52,  1.51s/it] 78%|  | 15614/20000 [6:26:20<1:50:41,  1.51s/it] 78%|  | 15676/20000 [6:27:48<1:47:43,  1.49s/it] 78%|  | 15684/20000 [6:28:00<1:47:31,  1.49s/it] 79%|  | 15751/20000 [6:29:28<1:42:23,  1.45s/it] 79%|  | 15758/20000 [6:29:40<1:42:13,  1.45s/it] 79%|  | 15824/20000 [6:31:09<1:39:14,  1.43s/it] 79%|  | 15830/20000 [6:31:20<1:39:06,  1.43s/it] 79%|  | 15894/20000 [6:32:50<1:37:57,  1.43s/it] 80%|  | 15908/20000 [6:33:10<1:37:37,  1.43s/it] 80%|  | 15967/20000 [6:34:32<1:35:24,  1.42s/it] 80%|  | 15980/20000 [6:34:50<1:35:05,  1.42s/it] 80%|  | 16040/20000 [6:36:12<1:32:43,  1.40s/it] 80%|  | 16052/20000 [6:36:30<1:32:26,  1.40s/it] 81%|  | 16113/20000 [6:37:53<1:30:29,  1.40s/it] 81%|  | 16125/20000 [6:38:10<1:30:13,  1.40s/it] 81%|  | 16185/20000 [6:39:34<1:28:54,  1.40s/it] 81%|  | 16196/20000 [6:39:50<1:28:38,  1.40s/it] 81%| | 16255/20000 [6:41:14<1:28:02,  1.41s/it] 81%| | 16266/20000 [6:41:30<1:27:46,  1.41s/it] 82%| | 16328/20000 [6:42:56<1:25:49,  1.40s/it] 82%| | 16337/20000 [6:43:10<1:25:37,  1.40s/it] 82%| | 16401/20000 [6:44:36<1:23:38,  1.39s/it] 82%| | 16411/20000 [6:44:50<1:23:24,  1.39s/it] 82%| | 16473/20000 [6:46:17<1:22:13,  1.40s/it] 82%| | 16480/20000 [6:46:30<1:22:03,  1.40s/it] 83%| | 16543/20000 [6:47:58<1:21:07,  1.41s/it] 83%| | 16552/20000 [6:48:10<1:20:55,  1.41s/it] 83%| | 16613/20000 [6:49:38<1:19:57,  1.42s/it] 83%| | 16621/20000 [6:49:50<1:19:46,  1.42s/it] 83%| | 16682/20000 [6:51:19<1:19:04,  1.43s/it] 83%| | 16689/20000 [6:51:30<1:18:54,  1.43s/it] 84%| | 16753/20000 [6:52:59<1:17:02,  1.42s/it] 84%| | 16761/20000 [6:53:10<1:16:51,  1.42s/it] 84%| | 16831/20000 [6:54:39<1:12:49,  1.38s/it] 84%| | 16840/20000 [6:54:50<1:12:37,  1.38s/it] 85%| | 16910/20000 [6:56:19<1:09:10,  1.34s/it] 85%| | 16917/20000 [6:56:30<1:09:00,  1.34s/it] 85%| | 16988/20000 [6:57:59<1:06:30,  1.32s/it] 85%| | 16996/20000 [6:58:10<1:06:19,  1.32s/it] 85%| | 17063/20000 [6:59:40<1:05:09,  1.33s/it] 85%| | 17077/20000 [7:00:00<1:04:50,  1.33s/it] 86%| | 17135/20000 [7:01:22<1:04:39,  1.35s/it] 86%| | 17146/20000 [7:01:40<1:04:24,  1.35s/it] 86%| | 17208/20000 [7:03:03<1:03:21,  1.36s/it] 86%| | 17221/20000 [7:03:20<1:03:03,  1.36s/it] 86%| | 17282/20000 [7:04:43<1:01:36,  1.36s/it] 86%| | 17292/20000 [7:05:00<1:01:22,  1.36s/it] 87%| | 17355/20000 [7:06:23<1:00:07,  1.36s/it] 87%| | 17366/20000 [7:06:40<59:52,  1.36s/it]   87%| | 17429/20000 [7:08:03<58:18,  1.36s/it] 87%| | 17442/20000 [7:08:20<58:00,  1.36s/it] 88%| | 17501/20000 [7:09:44<57:08,  1.37s/it] 88%| | 17512/20000 [7:10:00<56:53,  1.37s/it] 88%| | 17573/20000 [7:11:25<55:52,  1.38s/it] 88%| | 17583/20000 [7:11:40<55:39,  1.38s/it] 88%| | 17645/20000 [7:13:06<54:26,  1.39s/it] 88%| | 17654/20000 [7:13:20<54:14,  1.39s/it] 89%| | 17717/20000 [7:14:47<52:53,  1.39s/it] 89%| | 17726/20000 [7:15:00<52:41,  1.39s/it] 89%| | 17786/20000 [7:16:28<52:09,  1.41s/it] 89%| | 17793/20000 [7:16:40<51:59,  1.41s/it] 89%| | 17858/20000 [7:18:09<50:17,  1.41s/it] 89%| | 17865/20000 [7:18:20<50:07,  1.41s/it] 90%| | 17930/20000 [7:19:50<48:35,  1.41s/it] 90%| | 17936/20000 [7:20:00<48:26,  1.41s/it] 90%| | 17991/20000 [7:21:30<49:14,  1.47s/it] 90%| | 18004/20000 [7:21:50<48:55,  1.47s/it] 90%| | 18063/20000 [7:23:11<46:47,  1.45s/it] 90%| | 18076/20000 [7:23:30<46:28,  1.45s/it] 91%| | 18137/20000 [7:24:52<44:10,  1.42s/it] 91%| | 18151/20000 [7:25:10<43:51,  1.42s/it] 91%| | 18216/20000 [7:26:33<40:54,  1.38s/it] 91%| | 18227/20000 [7:26:50<40:39,  1.38s/it] 91%|| 18290/20000 [7:28:14<39:06,  1.37s/it] 92%|| 18301/20000 [7:28:30<38:51,  1.37s/it] 92%|| 18361/20000 [7:29:54<37:49,  1.38s/it] 92%|| 18372/20000 [7:30:10<37:34,  1.38s/it] 92%|| 18429/20000 [7:31:34<36:54,  1.41s/it] 92%|| 18441/20000 [7:31:50<36:37,  1.41s/it] 93%|| 18505/20000 [7:33:16<34:30,  1.39s/it] 93%|| 18514/20000 [7:33:30<34:18,  1.39s/it] 93%|| 18582/20000 [7:34:56<32:06,  1.36s/it] 93%|| 18593/20000 [7:35:10<31:51,  1.36s/it] 93%|| 18659/20000 [7:36:36<30:00,  1.34s/it] 93%|| 18669/20000 [7:36:50<29:46,  1.34s/it] 94%|| 18734/20000 [7:38:17<28:20,  1.34s/it] 94%|| 18744/20000 [7:38:30<28:07,  1.34s/it] 94%|| 18817/20000 [7:39:58<25:41,  1.30s/it] 94%|| 18826/20000 [7:40:10<25:29,  1.30s/it] 94%|| 18900/20000 [7:41:39<23:22,  1.28s/it] 95%|| 18909/20000 [7:41:50<23:11,  1.28s/it] 95%|| 18985/20000 [7:43:20<21:04,  1.25s/it] 95%|| 18994/20000 [7:43:30<20:53,  1.25s/it] 95%|| 19072/20000 [7:45:01<18:51,  1.22s/it] 95%|| 19089/20000 [7:45:20<18:30,  1.22s/it] 96%|| 19158/20000 [7:46:42<16:54,  1.20s/it] 96%|| 19173/20000 [7:47:00<16:36,  1.20s/it] 96%|| 19243/20000 [7:48:22<15:06,  1.20s/it] 96%|| 19258/20000 [7:48:40<14:48,  1.20s/it] 97%|| 19331/20000 [7:50:03<13:10,  1.18s/it] 97%|| 19346/20000 [7:50:20<12:53,  1.18s/it] 97%|| 19419/20000 [7:51:43<11:19,  1.17s/it] 97%|| 19433/20000 [7:52:00<11:03,  1.17s/it] 98%|| 19505/20000 [7:53:23<09:37,  1.17s/it] 98%|| 19519/20000 [7:53:40<09:21,  1.17s/it] 98%|| 19593/20000 [7:55:04<07:51,  1.16s/it] 98%|| 19607/20000 [7:55:20<07:35,  1.16s/it] 98%|| 19681/20000 [7:56:45<06:08,  1.16s/it] 98%|| 19694/20000 [7:57:00<05:53,  1.16s/it] 99%|| 19768/20000 [7:58:26<04:28,  1.16s/it] 99%|| 19780/20000 [7:58:40<04:14,  1.16s/it] 99%|| 19855/20000 [8:00:06<02:47,  1.16s/it] 99%|| 19867/20000 [8:00:20<02:33,  1.16s/it]100%|| 19943/20000 [8:01:47<01:05,  1.15s/it]100%|| 19953/20000 [8:02:00<00:54,  1.15s/it]100%|| 20000/20000 [8:02:53<00:00,  1.45s/it]

Analysis complete. Found 1 cluster(s) meeting the MCMC criterion.
Accepted cluster indices: [2]

--- Processing Final Results for Cluster 2 ---
--- MCMC Parameter Constraints for Cluster 2 ---
  x_src = 100.470 +0.081 / -0.091
  y_src = 104.436 +0.092 / -0.093
    z_s = 2.952 +0.128 / -0.084
Saving localization results for Cluster 2...
Processing results for Cluster 2...
-> Saved 340000 samples to /users/hiu-yeung.cheng/clusterlensing/out/row23/test_tidy_row23/cluster_2_posterior.npz
Updated CSV row 23 with result for cluster 2.
Loading data from /users/hiu-yeung.cheng/clusterlensing/out/row23/test_tidy_row23/cluster_2_posterior.npz...

Generating corner plot...
-> Corner plot saved to /users/hiu-yeung.cheng/clusterlensing/out/row23/test_tidy_row23/cluster_2_corner_from_saved.png

Generating trace plot...
-> Trace plot saved to /users/hiu-yeung.cheng/clusterlensing/out/row23/test_tidy_row23/cluster_2_trace.png
