Row=36 OUT_DIR=/users/hiu-yeung.cheng/clusterlensing/out/row36 DE_PROCS=16 MCMC_PROCS=16
Setup complete. Lensing system initialized.
True time delays: [   0.         5564.16045933 8223.31348301 8226.89012574 8311.60272193]
True luminosity distances: 26658.5131905554
Lensed luminosity distances: [ 11417.25348222   6551.67490392  16869.03515478  18145.82210619
 336426.33971184]

Running the full analysis pipeline...
--- Running DE for Cluster 0 ---
[DE] Process Pool with 16 procs (init=latinhypercube, popsize=50)
differential_evolution step 1: f(x)= 3000.0
differential_evolution step 2: f(x)= 3000.0
differential_evolution step 3: f(x)= 3000.0
differential_evolution step 4: f(x)= 3000.0
differential_evolution step 5: f(x)= 3000.0
differential_evolution step 6: f(x)= 1823.651255198843
differential_evolution step 7: f(x)= 1823.651255198843
differential_evolution step 8: f(x)= 1823.651255198843
differential_evolution step 9: f(x)= 1823.651255198843
differential_evolution step 10: f(x)= 1823.651255198843
differential_evolution step 11: f(x)= 1823.651255198843
differential_evolution step 12: f(x)= 612.4629544496379
differential_evolution step 13: f(x)= 612.4629544496379
differential_evolution step 14: f(x)= 612.4629544496379
differential_evolution step 15: f(x)= 612.4629544496379
differential_evolution step 16: f(x)= 612.4629544496379
differential_evolution step 17: f(x)= 592.8381330081138
differential_evolution step 18: f(x)= 592.8381330081138
differential_evolution step 19: f(x)= 592.8381330081138
differential_evolution step 20: f(x)= 592.8381330081138
differential_evolution step 21: f(x)= 557.179170862808
differential_evolution step 22: f(x)= 557.179170862808
differential_evolution step 23: f(x)= 557.179170862808
differential_evolution step 24: f(x)= 557.179170862808
differential_evolution step 25: f(x)= 557.179170862808
differential_evolution step 26: f(x)= 557.179170862808
differential_evolution step 27: f(x)= 557.179170862808
differential_evolution step 28: f(x)= 557.179170862808
differential_evolution step 29: f(x)= 232.04501173928517
differential_evolution step 30: f(x)= 232.04501173928517
differential_evolution step 31: f(x)= 232.04501173928517
differential_evolution step 32: f(x)= 232.04501173928517
differential_evolution step 33: f(x)= 232.04501173928517
differential_evolution step 34: f(x)= 232.04501173928517
differential_evolution step 35: f(x)= 232.04501173928517
differential_evolution step 36: f(x)= 232.04501173928517
differential_evolution step 37: f(x)= 232.04501173928517
differential_evolution step 38: f(x)= 232.04501173928517
differential_evolution step 39: f(x)= 232.04501173928517
differential_evolution step 40: f(x)= 232.04501173928517
differential_evolution step 41: f(x)= 232.04501173928517
differential_evolution step 42: f(x)= 232.04501173928517
differential_evolution step 43: f(x)= 232.04501173928517
differential_evolution step 44: f(x)= 232.04501173928517
differential_evolution step 45: f(x)= 232.04501173928517
differential_evolution step 46: f(x)= 232.04501173928517
differential_evolution step 47: f(x)= 232.04501173928517
differential_evolution step 48: f(x)= 232.04501173928517
differential_evolution step 49: f(x)= 232.04501173928517
differential_evolution step 50: f(x)= 232.04501173928517
differential_evolution step 51: f(x)= 232.04501173928517
differential_evolution step 52: f(x)= 232.04501173928517
differential_evolution step 53: f(x)= 232.04501173928517
differential_evolution step 54: f(x)= 232.04501173928517
differential_evolution step 55: f(x)= 232.04501173928517
differential_evolution step 56: f(x)= 232.04501173928517
differential_evolution step 57: f(x)= 232.04501173928517
differential_evolution step 58: f(x)= 232.04501173928517
differential_evolution step 59: f(x)= 232.04501173928517
differential_evolution step 60: f(x)= 232.04501173928517
differential_evolution step 61: f(x)= 232.04501173928517
differential_evolution step 62: f(x)= 232.04501173928517
differential_evolution step 63: f(x)= 232.04501173928517
differential_evolution step 64: f(x)= 232.04501173928517
differential_evolution step 65: f(x)= 232.04501173928517
differential_evolution step 66: f(x)= 232.04501173928517
differential_evolution step 67: f(x)= 232.04501173928517
differential_evolution step 68: f(x)= 232.04501173928517
differential_evolution step 69: f(x)= 232.04501173928517
differential_evolution step 70: f(x)= 232.04501173928517
differential_evolution step 71: f(x)= 232.04501173928517
differential_evolution step 72: f(x)= 232.04501173928517
differential_evolution step 73: f(x)= 232.04501173928517
differential_evolution step 74: f(x)= 232.04501173928517
differential_evolution step 75: f(x)= 232.04501173928517
differential_evolution step 76: f(x)= 232.04501173928517
differential_evolution step 77: f(x)= 232.04501173928517
differential_evolution step 78: f(x)= 232.04501173928517
differential_evolution step 79: f(x)= 232.04501173928517
differential_evolution step 80: f(x)= 232.04501173928517
differential_evolution step 81: f(x)= 232.04501173928517
differential_evolution step 82: f(x)= 232.04501173928517
differential_evolution step 83: f(x)= 131.27537584406292
differential_evolution step 84: f(x)= 131.27537584406292
differential_evolution step 85: f(x)= 131.27537584406292
differential_evolution step 86: f(x)= 131.27537584406292
differential_evolution step 87: f(x)= 131.27537584406292
differential_evolution step 88: f(x)= 131.27537584406292
differential_evolution step 89: f(x)= 131.27537584406292
differential_evolution step 90: f(x)= 131.27537584406292
differential_evolution step 91: f(x)= 116.90331950380413
differential_evolution step 92: f(x)= 116.90331950380413
differential_evolution step 93: f(x)= 116.90331950380413
differential_evolution step 94: f(x)= 116.90331950380413
differential_evolution step 95: f(x)= 116.90331950380413
differential_evolution step 96: f(x)= 116.90331950380413
differential_evolution step 97: f(x)= 116.90331950380413
differential_evolution step 98: f(x)= 116.90331950380413
differential_evolution step 99: f(x)= 116.90331950380413
differential_evolution step 100: f(x)= 116.90331950380413
differential_evolution step 101: f(x)= 116.90331950380413
differential_evolution step 102: f(x)= 116.90331950380413
differential_evolution step 103: f(x)= 116.90331950380413
differential_evolution step 104: f(x)= 116.90331950380413
differential_evolution step 105: f(x)= 116.90331950380413
differential_evolution step 106: f(x)= 116.90331950380413
differential_evolution step 107: f(x)= 116.90331950380413
differential_evolution step 108: f(x)= 116.90331950380413
differential_evolution step 109: f(x)= 116.90331950380413
differential_evolution step 110: f(x)= 116.90331950380413
differential_evolution step 111: f(x)= 116.90331950380413
differential_evolution step 112: f(x)= 108.81663467657775
differential_evolution step 113: f(x)= 108.81663467657775
differential_evolution step 114: f(x)= 108.81663467657775
differential_evolution step 115: f(x)= 108.81663467657775
differential_evolution step 116: f(x)= 108.81663467657775
differential_evolution step 117: f(x)= 108.81663467657775
differential_evolution step 118: f(x)= 108.81663467657775
differential_evolution step 119: f(x)= 108.81663467657775
differential_evolution step 120: f(x)= 108.81663467657775
differential_evolution step 121: f(x)= 108.81663467657775
differential_evolution step 122: f(x)= 108.81663467657775
differential_evolution step 123: f(x)= 108.81663467657775
differential_evolution step 124: f(x)= 108.81663467657775
differential_evolution step 125: f(x)= 108.81663467657775
differential_evolution step 126: f(x)= 108.81663467657775
differential_evolution step 127: f(x)= 108.81663467657775
differential_evolution step 128: f(x)= 108.81663467657775
differential_evolution step 129: f(x)= 108.81663467657775
differential_evolution step 130: f(x)= 108.81663467657775
differential_evolution step 131: f(x)= 108.81663467657775
differential_evolution step 132: f(x)= 108.81663467657775
differential_evolution step 133: f(x)= 108.81663467657775
differential_evolution step 134: f(x)= 108.81663467657775
differential_evolution step 135: f(x)= 108.81663467657775
differential_evolution step 136: f(x)= 108.81663467657775
differential_evolution step 137: f(x)= 108.81663467657775
differential_evolution step 138: f(x)= 108.81663467657775
differential_evolution step 139: f(x)= 108.81663467657775
differential_evolution step 140: f(x)= 108.81663467657775
differential_evolution step 141: f(x)= 108.81663467657775
differential_evolution step 142: f(x)= 108.81663467657775
differential_evolution step 143: f(x)= 108.81663467657775
differential_evolution step 144: f(x)= 108.81663467657775
differential_evolution step 145: f(x)= 108.81663467657775
differential_evolution step 146: f(x)= 108.81663467657775
differential_evolution step 147: f(x)= 108.81663467657775
differential_evolution step 148: f(x)= 108.81663467657775
differential_evolution step 149: f(x)= 108.81663467657775
differential_evolution step 150: f(x)= 108.81663467657775
differential_evolution step 151: f(x)= 108.81663467657775
differential_evolution step 152: f(x)= 108.81663467657775
differential_evolution step 153: f(x)= 108.81663467657775
differential_evolution step 154: f(x)= 108.81663467657775
differential_evolution step 155: f(x)= 108.81663467657775
differential_evolution step 156: f(x)= 108.81663467657775
differential_evolution step 157: f(x)= 108.81663467657775
differential_evolution step 158: f(x)= 108.81663467657775
differential_evolution step 159: f(x)= 108.81663467657775
differential_evolution step 160: f(x)= 108.81663467657775
differential_evolution step 161: f(x)= 108.7018674694433
differential_evolution step 162: f(x)= 108.7018674694433
differential_evolution step 163: f(x)= 108.7018674694433
differential_evolution step 164: f(x)= 108.7018674694433
differential_evolution step 165: f(x)= 104.14927618548104
differential_evolution step 166: f(x)= 104.14927618548104
differential_evolution step 167: f(x)= 104.14927618548104
differential_evolution step 168: f(x)= 104.14927618548104
differential_evolution step 169: f(x)= 104.14927618548104
differential_evolution step 170: f(x)= 104.14927618548104
differential_evolution step 171: f(x)= 104.14927618548104
differential_evolution step 172: f(x)= 100.58627340445327
differential_evolution step 173: f(x)= 100.58627340445327
differential_evolution step 174: f(x)= 100.58627340445327
differential_evolution step 175: f(x)= 95.0483114294233
differential_evolution step 176: f(x)= 95.0483114294233
differential_evolution step 177: f(x)= 95.0483114294233
differential_evolution step 178: f(x)= 95.0483114294233
differential_evolution step 179: f(x)= 95.0483114294233
differential_evolution step 180: f(x)= 95.0483114294233
differential_evolution step 181: f(x)= 95.0483114294233
differential_evolution step 182: f(x)= 95.0483114294233
differential_evolution step 183: f(x)= 95.0483114294233
differential_evolution step 184: f(x)= 95.0483114294233
differential_evolution step 185: f(x)= 95.0483114294233
differential_evolution step 186: f(x)= 95.0483114294233
differential_evolution step 187: f(x)= 91.08155774945173
differential_evolution step 188: f(x)= 91.08155774945173
differential_evolution step 189: f(x)= 84.81769388066564
differential_evolution step 190: f(x)= 79.9714817028597
differential_evolution step 191: f(x)= 79.9714817028597
differential_evolution step 192: f(x)= 79.9714817028597
differential_evolution step 193: f(x)= 79.9714817028597
differential_evolution step 194: f(x)= 79.9714817028597
differential_evolution step 195: f(x)= 79.9714817028597
differential_evolution step 196: f(x)= 79.9714817028597
differential_evolution step 197: f(x)= 79.9714817028597
differential_evolution step 198: f(x)= 79.9714817028597
differential_evolution step 199: f(x)= 79.9714817028597
differential_evolution step 200: f(x)= 79.9714817028597
Cluster 0 DE best chi^2: 79.971 with params {'x_src': np.float64(75.18579198758812), 'y_src': np.float64(73.45750678930516), 'z_s': np.float64(4.009060190136768)}
--- Running DE for Cluster 1 ---
[DE] Process Pool with 16 procs (init=latinhypercube, popsize=50)
differential_evolution step 1: f(x)= 1710.4346414138354
differential_evolution step 2: f(x)= 1710.4346414138354
differential_evolution step 3: f(x)= 1710.4346414138354
differential_evolution step 4: f(x)= 1710.4346414138354
differential_evolution step 5: f(x)= 1710.4346414138354
differential_evolution step 6: f(x)= 1710.4346414138354
differential_evolution step 7: f(x)= 1710.4346414138354
differential_evolution step 8: f(x)= 1710.4346414138354
differential_evolution step 9: f(x)= 1710.4346414138354
differential_evolution step 10: f(x)= 1710.4346414138354
differential_evolution step 11: f(x)= 1710.4346414138354
differential_evolution step 12: f(x)= 1710.4346414138354
differential_evolution step 13: f(x)= 1710.4346414138354
differential_evolution step 14: f(x)= 1710.4346414138354
differential_evolution step 15: f(x)= 1710.4346414138354
differential_evolution step 16: f(x)= 1710.4346414138354
differential_evolution step 17: f(x)= 1710.4346414138354
differential_evolution step 18: f(x)= 1710.4346414138354
differential_evolution step 19: f(x)= 1710.4346414138354
differential_evolution step 20: f(x)= 1710.4346414138354
differential_evolution step 21: f(x)= 1710.4346414138354
differential_evolution step 22: f(x)= 1710.4346414138354
differential_evolution step 23: f(x)= 1710.4346414138354
differential_evolution step 24: f(x)= 1710.4346414138354
differential_evolution step 25: f(x)= 1710.4346414138354
differential_evolution step 26: f(x)= 1710.4346414138354
differential_evolution step 27: f(x)= 1710.4346414138354
differential_evolution step 28: f(x)= 1710.4346414138354
differential_evolution step 29: f(x)= 1710.4346414138354
differential_evolution step 30: f(x)= 1710.4346414138354
differential_evolution step 31: f(x)= 1710.4346414138354
differential_evolution step 32: f(x)= 1710.4346414138354
differential_evolution step 33: f(x)= 1710.4346414138354
differential_evolution step 34: f(x)= 1710.4346414138354
differential_evolution step 35: f(x)= 1710.4346414138354
differential_evolution step 36: f(x)= 1710.4346414138354
differential_evolution step 37: f(x)= 1710.4346414138354
differential_evolution step 38: f(x)= 1710.4346414138354
differential_evolution step 39: f(x)= 1710.4346414138354
differential_evolution step 40: f(x)= 1710.4346414138354
differential_evolution step 41: f(x)= 1710.4346414138354
differential_evolution step 42: f(x)= 1710.4346414138354
differential_evolution step 43: f(x)= 1710.4346414138354
differential_evolution step 44: f(x)= 1710.4346414138354
differential_evolution step 45: f(x)= 1710.4346414138354
differential_evolution step 46: f(x)= 1710.4346414138354
differential_evolution step 47: f(x)= 1710.4346414138354
differential_evolution step 48: f(x)= 1710.4346414138354
differential_evolution step 49: f(x)= 1710.4346414138354
differential_evolution step 50: f(x)= 1710.4346414138354
differential_evolution step 51: f(x)= 1710.4346414138354
differential_evolution step 52: f(x)= 1710.4346414138354
differential_evolution step 53: f(x)= 1710.4346414138354
differential_evolution step 54: f(x)= 1710.4346414138354
differential_evolution step 55: f(x)= 1710.4346414138354
differential_evolution step 56: f(x)= 1710.4346414138354
differential_evolution step 57: f(x)= 1710.4346414138354
differential_evolution step 58: f(x)= 1710.4346414138354
differential_evolution step 59: f(x)= 1710.4346414138354
differential_evolution step 60: f(x)= 1710.4346414138354
differential_evolution step 61: f(x)= 1710.4346414138354
differential_evolution step 62: f(x)= 1710.4346414138354
differential_evolution step 63: f(x)= 1710.4346414138354
differential_evolution step 64: f(x)= 1710.4346414138354
differential_evolution step 65: f(x)= 1710.4346414138354
differential_evolution step 66: f(x)= 1710.4346414138354
differential_evolution step 67: f(x)= 1710.4346414138354
differential_evolution step 68: f(x)= 1710.4346414138354
differential_evolution step 69: f(x)= 1710.4346414138354
differential_evolution step 70: f(x)= 1710.4346414138354
differential_evolution step 71: f(x)= 1710.4346414138354
differential_evolution step 72: f(x)= 1710.4346414138354
differential_evolution step 73: f(x)= 1710.4346414138354
differential_evolution step 74: f(x)= 1710.4346414138354
differential_evolution step 75: f(x)= 1710.4346414138354
differential_evolution step 76: f(x)= 1710.4346414138354
differential_evolution step 77: f(x)= 1710.4346414138354
differential_evolution step 78: f(x)= 1710.4346414138354
differential_evolution step 79: f(x)= 1710.4346414138354
differential_evolution step 80: f(x)= 1710.4346414138354
differential_evolution step 81: f(x)= 1710.4346414138354
differential_evolution step 82: f(x)= 1710.4346414138354
differential_evolution step 83: f(x)= 1710.4346414138354
differential_evolution step 84: f(x)= 1710.4346414138354
differential_evolution step 85: f(x)= 1710.4346414138354
differential_evolution step 86: f(x)= 1710.4346414138354
differential_evolution step 87: f(x)= 1710.4346414138354
differential_evolution step 88: f(x)= 1710.4346414138354
differential_evolution step 89: f(x)= 1710.4346414138354
differential_evolution step 90: f(x)= 1710.4346414138354
differential_evolution step 91: f(x)= 1710.4346414138354
differential_evolution step 92: f(x)= 1710.4346414138354
differential_evolution step 93: f(x)= 1710.4346414138354
differential_evolution step 94: f(x)= 1710.4346414138354
differential_evolution step 95: f(x)= 1710.4346414138354
differential_evolution step 96: f(x)= 1710.4346414138354
differential_evolution step 97: f(x)= 1710.4346414138354
differential_evolution step 98: f(x)= 1710.4346414138354
differential_evolution step 99: f(x)= 1710.4346414138354
differential_evolution step 100: f(x)= 1710.4346414138354
differential_evolution step 101: f(x)= 1710.4346414138354
differential_evolution step 102: f(x)= 1710.4346414138354
differential_evolution step 103: f(x)= 1710.4346414138354
differential_evolution step 104: f(x)= 1710.4346414138354
differential_evolution step 105: f(x)= 1710.4346414138354
differential_evolution step 106: f(x)= 1710.4346414138354
differential_evolution step 107: f(x)= 1710.4346414138354
differential_evolution step 108: f(x)= 1710.4346414138354
differential_evolution step 109: f(x)= 1710.4346414138354
differential_evolution step 110: f(x)= 1710.4346414138354
differential_evolution step 111: f(x)= 1710.4346414138354
differential_evolution step 112: f(x)= 1710.4346414138354
differential_evolution step 113: f(x)= 1710.4346414138354
differential_evolution step 114: f(x)= 1710.4346414138354
differential_evolution step 115: f(x)= 1710.4346414138354
differential_evolution step 116: f(x)= 1710.4346414138354
differential_evolution step 117: f(x)= 1710.4346414138354
differential_evolution step 118: f(x)= 1710.4346414138354
differential_evolution step 119: f(x)= 1710.4346414138354
differential_evolution step 120: f(x)= 1710.4346414138354
differential_evolution step 121: f(x)= 1710.4346414138354
differential_evolution step 122: f(x)= 1710.4346414138354
differential_evolution step 123: f(x)= 1710.4346414138354
differential_evolution step 124: f(x)= 1710.4346414138354
differential_evolution step 125: f(x)= 1710.4346414138354
differential_evolution step 126: f(x)= 1710.4346414138354
differential_evolution step 127: f(x)= 1710.4346414138354
differential_evolution step 128: f(x)= 1710.4346414138354
differential_evolution step 129: f(x)= 1710.4346414138354
differential_evolution step 130: f(x)= 1710.4346414138354
differential_evolution step 131: f(x)= 1710.4346414138354
differential_evolution step 132: f(x)= 1710.4346414138354
differential_evolution step 133: f(x)= 1710.4346414138354
differential_evolution step 134: f(x)= 1710.4346414138354
differential_evolution step 135: f(x)= 1710.4346414138354
differential_evolution step 136: f(x)= 1710.4346414138354
differential_evolution step 137: f(x)= 1710.4346414138354
differential_evolution step 138: f(x)= 1710.4346414138354
differential_evolution step 139: f(x)= 1710.4346414138354
differential_evolution step 140: f(x)= 1710.4346414138354
differential_evolution step 141: f(x)= 1710.4346414138354
differential_evolution step 142: f(x)= 1710.4346414138354
differential_evolution step 143: f(x)= 1710.4346414138354
differential_evolution step 144: f(x)= 1710.4346414138354
differential_evolution step 145: f(x)= 1710.4346414138354
differential_evolution step 146: f(x)= 1710.4346414138354
differential_evolution step 147: f(x)= 1710.4346414138354
differential_evolution step 148: f(x)= 1710.4346414138354
differential_evolution step 149: f(x)= 1710.4346414138354
differential_evolution step 150: f(x)= 1710.4346414138354
differential_evolution step 151: f(x)= 1710.4346414138354
differential_evolution step 152: f(x)= 1710.4346414138354
differential_evolution step 153: f(x)= 1710.4346414138354
differential_evolution step 154: f(x)= 1710.4346414138354
differential_evolution step 155: f(x)= 1710.4346414138354
differential_evolution step 156: f(x)= 1710.4346414138354
differential_evolution step 157: f(x)= 1710.4346414138354
differential_evolution step 158: f(x)= 1710.4346414138354
differential_evolution step 159: f(x)= 1710.4346414138354
differential_evolution step 160: f(x)= 1710.4346414138354
differential_evolution step 161: f(x)= 1710.4346414138354
differential_evolution step 162: f(x)= 1710.4346414138354
differential_evolution step 163: f(x)= 1710.4346414138354
differential_evolution step 164: f(x)= 1710.4346414138354
differential_evolution step 165: f(x)= 1710.4346414138354
differential_evolution step 166: f(x)= 1710.4346414138354
differential_evolution step 167: f(x)= 1710.4346414138354
differential_evolution step 168: f(x)= 1710.4346414138354
differential_evolution step 169: f(x)= 1710.4346414138354
differential_evolution step 170: f(x)= 1710.4346414138354
differential_evolution step 171: f(x)= 1710.4346414138354
differential_evolution step 172: f(x)= 1710.4346414138354
differential_evolution step 173: f(x)= 1710.4346414138354
differential_evolution step 174: f(x)= 1710.4346414138354
differential_evolution step 175: f(x)= 1710.4346414138354
differential_evolution step 176: f(x)= 1710.4346414138354
differential_evolution step 177: f(x)= 1710.4346414138354
differential_evolution step 178: f(x)= 1710.4346414138354
differential_evolution step 179: f(x)= 1710.4346414138354
differential_evolution step 180: f(x)= 1710.4346414138354
differential_evolution step 181: f(x)= 1710.4346414138354
differential_evolution step 182: f(x)= 1710.4346414138354
differential_evolution step 183: f(x)= 1710.4346414138354
differential_evolution step 184: f(x)= 1710.4346414138354
differential_evolution step 185: f(x)= 1710.4346414138354
differential_evolution step 186: f(x)= 1710.4346414138354
differential_evolution step 187: f(x)= 1710.4346414138354
differential_evolution step 188: f(x)= 1710.4346414138354
differential_evolution step 189: f(x)= 1710.4346414138354
differential_evolution step 190: f(x)= 1710.4346414138354
differential_evolution step 191: f(x)= 1710.4346414138354
differential_evolution step 192: f(x)= 1710.4346414138354
differential_evolution step 193: f(x)= 1710.4346414138354
differential_evolution step 194: f(x)= 1710.4346414138354
differential_evolution step 195: f(x)= 1710.4346414138354
differential_evolution step 196: f(x)= 1710.4346414138354
differential_evolution step 197: f(x)= 1710.4346414138354
differential_evolution step 198: f(x)= 1710.4346414138354
differential_evolution step 199: f(x)= 1710.4346414138354
differential_evolution step 200: f(x)= 1710.4346414138354
Cluster 1 DE best chi^2: 1710.435 with params {'x_src': np.float64(143.0587688918631), 'y_src': np.float64(147.9224665677806), 'z_s': np.float64(2.0297083168122967)}
--- Running DE for Cluster 2 ---
[DE] Process Pool with 16 procs (init=latinhypercube, popsize=50)
differential_evolution step 1: f(x)= 4052.817225885931
differential_evolution step 2: f(x)= 4052.817225885931
differential_evolution step 3: f(x)= 4052.817225885931
differential_evolution step 4: f(x)= 4052.817225885931
differential_evolution step 5: f(x)= 2333.797869347444
differential_evolution step 6: f(x)= 1059.9113806915545
differential_evolution step 7: f(x)= 1059.9113806915545
differential_evolution step 8: f(x)= 378.455739044186
differential_evolution step 9: f(x)= 378.455739044186
differential_evolution step 10: f(x)= 378.455739044186
differential_evolution step 11: f(x)= 378.455739044186
differential_evolution step 12: f(x)= 378.455739044186
differential_evolution step 13: f(x)= 378.455739044186
differential_evolution step 14: f(x)= 378.455739044186
differential_evolution step 15: f(x)= 378.455739044186
differential_evolution step 16: f(x)= 378.455739044186
differential_evolution step 17: f(x)= 378.455739044186
differential_evolution step 18: f(x)= 378.455739044186
differential_evolution step 19: f(x)= 378.455739044186
differential_evolution step 20: f(x)= 378.455739044186
differential_evolution step 21: f(x)= 378.455739044186
differential_evolution step 22: f(x)= 378.455739044186
differential_evolution step 23: f(x)= 378.455739044186
differential_evolution step 24: f(x)= 378.455739044186
differential_evolution step 25: f(x)= 343.97429671365177
differential_evolution step 26: f(x)= 343.97429671365177
differential_evolution step 27: f(x)= 343.97429671365177
differential_evolution step 28: f(x)= 343.97429671365177
differential_evolution step 29: f(x)= 343.97429671365177
differential_evolution step 30: f(x)= 343.97429671365177
differential_evolution step 31: f(x)= 343.97429671365177
differential_evolution step 32: f(x)= 343.97429671365177
differential_evolution step 33: f(x)= 329.75752109629923
differential_evolution step 34: f(x)= 329.75752109629923
differential_evolution step 35: f(x)= 329.75752109629923
differential_evolution step 36: f(x)= 329.75752109629923
differential_evolution step 37: f(x)= 329.75752109629923
differential_evolution step 38: f(x)= 306.18039215017325
differential_evolution step 39: f(x)= 306.18039215017325
differential_evolution step 40: f(x)= 285.93049304955684
differential_evolution step 41: f(x)= 285.93049304955684
differential_evolution step 42: f(x)= 285.93049304955684
differential_evolution step 43: f(x)= 285.93049304955684
differential_evolution step 44: f(x)= 285.93049304955684
differential_evolution step 45: f(x)= 285.93049304955684
differential_evolution step 46: f(x)= 285.93049304955684
differential_evolution step 47: f(x)= 285.93049304955684
differential_evolution step 48: f(x)= 285.93049304955684
differential_evolution step 49: f(x)= 284.7471598297786
differential_evolution step 50: f(x)= 284.7471598297786
differential_evolution step 51: f(x)= 284.7471598297786
differential_evolution step 52: f(x)= 284.7471598297786
differential_evolution step 53: f(x)= 278.58583080066234
differential_evolution step 54: f(x)= 278.58583080066234
differential_evolution step 55: f(x)= 278.58583080066234
differential_evolution step 56: f(x)= 278.58583080066234
differential_evolution step 57: f(x)= 278.58583080066234
differential_evolution step 58: f(x)= 278.58583080066234
differential_evolution step 59: f(x)= 278.58583080066234
differential_evolution step 60: f(x)= 278.58583080066234
differential_evolution step 61: f(x)= 278.58583080066234
differential_evolution step 62: f(x)= 278.58583080066234
differential_evolution step 63: f(x)= 278.58583080066234
differential_evolution step 64: f(x)= 278.58583080066234
differential_evolution step 65: f(x)= 278.58583080066234
differential_evolution step 66: f(x)= 278.58583080066234
differential_evolution step 67: f(x)= 278.58583080066234
differential_evolution step 68: f(x)= 278.58583080066234
differential_evolution step 69: f(x)= 278.58583080066234
differential_evolution step 70: f(x)= 278.58583080066234
differential_evolution step 71: f(x)= 278.58583080066234
differential_evolution step 72: f(x)= 278.58583080066234
differential_evolution step 73: f(x)= 276.77627903702825
differential_evolution step 74: f(x)= 276.77627903702825
differential_evolution step 75: f(x)= 276.77627903702825
differential_evolution step 76: f(x)= 276.77627903702825
differential_evolution step 77: f(x)= 276.77627903702825
differential_evolution step 78: f(x)= 276.77627903702825
differential_evolution step 79: f(x)= 276.77627903702825
differential_evolution step 80: f(x)= 276.77627903702825
differential_evolution step 81: f(x)= 276.77627903702825
differential_evolution step 82: f(x)= 276.41882752379144
differential_evolution step 83: f(x)= 276.41882752379144
differential_evolution step 84: f(x)= 276.41882752379144
differential_evolution step 85: f(x)= 276.41882752379144
differential_evolution step 86: f(x)= 276.41882752379144
differential_evolution step 87: f(x)= 276.2208680957551
differential_evolution step 88: f(x)= 276.2208680957551
differential_evolution step 89: f(x)= 276.1917397806883
differential_evolution step 90: f(x)= 276.1521416704291
differential_evolution step 91: f(x)= 275.96823951761513
differential_evolution step 92: f(x)= 275.75025237251583
differential_evolution step 93: f(x)= 275.75025237251583
differential_evolution step 94: f(x)= 275.75025237251583
differential_evolution step 95: f(x)= 275.75025237251583
differential_evolution step 96: f(x)= 275.75025237251583
differential_evolution step 97: f(x)= 275.75025237251583
differential_evolution step 98: f(x)= 275.75025237251583
differential_evolution step 99: f(x)= 275.6043892365478
differential_evolution step 100: f(x)= 275.6043892365478
differential_evolution step 101: f(x)= 275.6043892365478
differential_evolution step 102: f(x)= 275.4257441775613
differential_evolution step 103: f(x)= 275.30607691271365
differential_evolution step 104: f(x)= 275.30607691271365
differential_evolution step 105: f(x)= 275.30607691271365
differential_evolution step 106: f(x)= 275.30607691271365
differential_evolution step 107: f(x)= 275.30607691271365
differential_evolution step 108: f(x)= 275.30607691271365
differential_evolution step 109: f(x)= 275.30607691271365
differential_evolution step 110: f(x)= 275.22943252415513
differential_evolution step 111: f(x)= 275.22943252415513
differential_evolution step 112: f(x)= 275.22943252415513
differential_evolution step 113: f(x)= 275.22943252415513
differential_evolution step 114: f(x)= 275.22943252415513
differential_evolution step 115: f(x)= 275.22943252415513
differential_evolution step 116: f(x)= 275.22943252415513
differential_evolution step 117: f(x)= 275.22943252415513
differential_evolution step 118: f(x)= 275.22943252415513
differential_evolution step 119: f(x)= 275.22943252415513
differential_evolution step 120: f(x)= 275.22943252415513
differential_evolution step 121: f(x)= 275.22943252415513
differential_evolution step 122: f(x)= 275.22943252415513
differential_evolution step 123: f(x)= 275.22943252415513
differential_evolution step 124: f(x)= 275.22801817539516
differential_evolution step 125: f(x)= 275.22801817539516
differential_evolution step 126: f(x)= 275.22801817539516
differential_evolution step 127: f(x)= 275.22801817539516
differential_evolution step 128: f(x)= 275.21636278707
differential_evolution step 129: f(x)= 275.21636278707
differential_evolution step 130: f(x)= 275.2122056382958
differential_evolution step 131: f(x)= 275.1765969152558
differential_evolution step 132: f(x)= 275.1765969152558
differential_evolution step 133: f(x)= 275.1765969152558
differential_evolution step 134: f(x)= 275.1765969152558
differential_evolution step 135: f(x)= 275.1765969152558
differential_evolution step 136: f(x)= 275.1765969152558
differential_evolution step 137: f(x)= 271.5356763020384
differential_evolution step 138: f(x)= 271.5356763020384
differential_evolution step 139: f(x)= 271.5356763020384
differential_evolution step 140: f(x)= 271.5356763020384
differential_evolution step 141: f(x)= 271.5356763020384
differential_evolution step 142: f(x)= 271.5356763020384
differential_evolution step 143: f(x)= 271.5356763020384
differential_evolution step 144: f(x)= 270.2322997411047
differential_evolution step 145: f(x)= 270.2322997411047
differential_evolution step 146: f(x)= 270.2322997411047
differential_evolution step 147: f(x)= 270.2322997411047
differential_evolution step 148: f(x)= 270.2322997411047
differential_evolution step 149: f(x)= 270.2322997411047
differential_evolution step 150: f(x)= 270.2322997411047
differential_evolution step 151: f(x)= 270.2322997411047
differential_evolution step 152: f(x)= 270.2322997411047
differential_evolution step 153: f(x)= 270.2322997411047
differential_evolution step 154: f(x)= 270.2322997411047
differential_evolution step 155: f(x)= 270.2322997411047
differential_evolution step 156: f(x)= 270.2322997411047
differential_evolution step 157: f(x)= 270.2322997411047
differential_evolution step 158: f(x)= 270.2322997411047
differential_evolution step 159: f(x)= 270.2322997411047
differential_evolution step 160: f(x)= 270.2322997411047
differential_evolution step 161: f(x)= 270.2322997411047
differential_evolution step 162: f(x)= 270.2322997411047
differential_evolution step 163: f(x)= 270.2322997411047
differential_evolution step 164: f(x)= 270.2322997411047
differential_evolution step 165: f(x)= 270.2322997411047
differential_evolution step 166: f(x)= 268.6599736283375
differential_evolution step 167: f(x)= 268.6599736283375
differential_evolution step 168: f(x)= 268.6599736283375
differential_evolution step 169: f(x)= 268.6599736283375
differential_evolution step 170: f(x)= 268.6599736283375
differential_evolution step 171: f(x)= 268.6599736283375
differential_evolution step 172: f(x)= 268.6599736283375
differential_evolution step 173: f(x)= 268.6599736283375
differential_evolution step 174: f(x)= 268.6599736283375
differential_evolution step 175: f(x)= 268.6599736283375
differential_evolution step 176: f(x)= 268.6599736283375
differential_evolution step 177: f(x)= 268.6599736283375
differential_evolution step 178: f(x)= 268.6599736283375
differential_evolution step 179: f(x)= 268.6599736283375
differential_evolution step 180: f(x)= 268.6599736283375
differential_evolution step 181: f(x)= 268.6599736283375
differential_evolution step 182: f(x)= 268.6599736283375
differential_evolution step 183: f(x)= 268.6599736283375
differential_evolution step 184: f(x)= 268.6599736283375
differential_evolution step 185: f(x)= 268.6599736283375
differential_evolution step 186: f(x)= 268.6599736283375
differential_evolution step 187: f(x)= 268.6599736283375
differential_evolution step 188: f(x)= 268.6599736283375
differential_evolution step 189: f(x)= 268.6599736283375
differential_evolution step 190: f(x)= 268.6599736283375
differential_evolution step 191: f(x)= 268.6599736283375
differential_evolution step 192: f(x)= 268.6599736283375
differential_evolution step 193: f(x)= 268.6599736283375
differential_evolution step 194: f(x)= 268.6599736283375
differential_evolution step 195: f(x)= 268.6599736283375
differential_evolution step 196: f(x)= 268.6599736283375
differential_evolution step 197: f(x)= 268.6599736283375
differential_evolution step 198: f(x)= 268.6599736283375
differential_evolution step 199: f(x)= 268.6599736283375
differential_evolution step 200: f(x)= 268.6599736283375
Cluster 2 DE best chi^2: 268.660 with params {'x_src': np.float64(99.99832235466273), 'y_src': np.float64(102.29101044454548), 'z_s': np.float64(1.138331596665836)}
--- Running DE for Cluster 3 ---
[DE] Process Pool with 16 procs (init=latinhypercube, popsize=50)
differential_evolution step 1: f(x)= 3000.0
differential_evolution step 2: f(x)= 3000.0
differential_evolution step 3: f(x)= 3000.0
differential_evolution step 4: f(x)= 3000.0
differential_evolution step 5: f(x)= 1664.1377064900755
differential_evolution step 6: f(x)= 1664.1377064900755
differential_evolution step 7: f(x)= 1664.1377064900755
differential_evolution step 8: f(x)= 1664.1377064900755
differential_evolution step 9: f(x)= 406.1096982635696
differential_evolution step 10: f(x)= 406.1096982635696
differential_evolution step 11: f(x)= 406.1096982635696
differential_evolution step 12: f(x)= 136.80471160072733
differential_evolution step 13: f(x)= 136.80471160072733
differential_evolution step 14: f(x)= 136.80471160072733
differential_evolution step 15: f(x)= 136.80471160072733
differential_evolution step 16: f(x)= 136.80471160072733
differential_evolution step 17: f(x)= 136.80471160072733
differential_evolution step 18: f(x)= 136.80471160072733
differential_evolution step 19: f(x)= 136.80471160072733
differential_evolution step 20: f(x)= 136.80471160072733
differential_evolution step 21: f(x)= 136.80471160072733
differential_evolution step 22: f(x)= 136.80471160072733
differential_evolution step 23: f(x)= 136.80471160072733
differential_evolution step 24: f(x)= 136.80471160072733
differential_evolution step 25: f(x)= 136.80471160072733
differential_evolution step 26: f(x)= 136.80471160072733
differential_evolution step 27: f(x)= 136.80471160072733
differential_evolution step 28: f(x)= 136.80471160072733
differential_evolution step 29: f(x)= 136.80471160072733
differential_evolution step 30: f(x)= 136.80471160072733
differential_evolution step 31: f(x)= 136.80471160072733
differential_evolution step 32: f(x)= 136.80471160072733
differential_evolution step 33: f(x)= 136.80471160072733
differential_evolution step 34: f(x)= 136.80471160072733
differential_evolution step 35: f(x)= 136.80471160072733
differential_evolution step 36: f(x)= 136.80471160072733
differential_evolution step 37: f(x)= 136.80471160072733
differential_evolution step 38: f(x)= 136.80471160072733
differential_evolution step 39: f(x)= 136.80471160072733
differential_evolution step 40: f(x)= 136.80471160072733
differential_evolution step 41: f(x)= 136.80471160072733
differential_evolution step 42: f(x)= 136.80471160072733
differential_evolution step 43: f(x)= 136.80471160072733
differential_evolution step 44: f(x)= 136.80471160072733
differential_evolution step 45: f(x)= 136.80471160072733
differential_evolution step 46: f(x)= 136.80471160072733
differential_evolution step 47: f(x)= 136.80471160072733
differential_evolution step 48: f(x)= 136.80471160072733
differential_evolution step 49: f(x)= 136.80471160072733
differential_evolution step 50: f(x)= 136.80471160072733
differential_evolution step 51: f(x)= 136.80471160072733
differential_evolution step 52: f(x)= 136.80471160072733
differential_evolution step 53: f(x)= 111.59727872057239
differential_evolution step 54: f(x)= 111.59727872057239
differential_evolution step 55: f(x)= 111.59727872057239
differential_evolution step 56: f(x)= 111.59727872057239
differential_evolution step 57: f(x)= 111.59727872057239
differential_evolution step 58: f(x)= 111.59727872057239
differential_evolution step 59: f(x)= 111.59727872057239
differential_evolution step 60: f(x)= 111.59727872057239
differential_evolution step 61: f(x)= 111.59727872057239
differential_evolution step 62: f(x)= 111.59727872057239
differential_evolution step 63: f(x)= 111.59727872057239
differential_evolution step 64: f(x)= 111.59727872057239
differential_evolution step 65: f(x)= 111.59727872057239
differential_evolution step 66: f(x)= 111.59727872057239
differential_evolution step 67: f(x)= 111.59727872057239
differential_evolution step 68: f(x)= 111.59727872057239
differential_evolution step 69: f(x)= 111.59727872057239
differential_evolution step 70: f(x)= 111.59727872057239
differential_evolution step 71: f(x)= 111.59727872057239
differential_evolution step 72: f(x)= 111.59727872057239
differential_evolution step 73: f(x)= 111.59727872057239
differential_evolution step 74: f(x)= 111.59727872057239
differential_evolution step 75: f(x)= 111.59727872057239
differential_evolution step 76: f(x)= 111.59727872057239
differential_evolution step 77: f(x)= 111.59727872057239
differential_evolution step 78: f(x)= 111.59727872057239
differential_evolution step 79: f(x)= 111.59727872057239
differential_evolution step 80: f(x)= 111.59727872057239
differential_evolution step 81: f(x)= 111.59727872057239
differential_evolution step 82: f(x)= 111.59727872057239
differential_evolution step 83: f(x)= 111.59727872057239
differential_evolution step 84: f(x)= 111.59727872057239
differential_evolution step 85: f(x)= 111.59727872057239
differential_evolution step 86: f(x)= 111.59727872057239
differential_evolution step 87: f(x)= 111.59727872057239
differential_evolution step 88: f(x)= 111.59727872057239
differential_evolution step 89: f(x)= 111.59727872057239
differential_evolution step 90: f(x)= 111.59727872057239
differential_evolution step 91: f(x)= 111.59727872057239
differential_evolution step 92: f(x)= 111.59727872057239
differential_evolution step 93: f(x)= 111.59727872057239
differential_evolution step 94: f(x)= 42.130007072706945
differential_evolution step 95: f(x)= 42.130007072706945
differential_evolution step 96: f(x)= 42.130007072706945
differential_evolution step 97: f(x)= 42.130007072706945
differential_evolution step 98: f(x)= 42.130007072706945
differential_evolution step 99: f(x)= 42.130007072706945
differential_evolution step 100: f(x)= 42.130007072706945
differential_evolution step 101: f(x)= 42.130007072706945
differential_evolution step 102: f(x)= 42.130007072706945
differential_evolution step 103: f(x)= 42.130007072706945
differential_evolution step 104: f(x)= 30.406699283591454
differential_evolution step 105: f(x)= 30.406699283591454
differential_evolution step 106: f(x)= 30.406699283591454
differential_evolution step 107: f(x)= 30.406699283591454
differential_evolution step 108: f(x)= 30.406699283591454
differential_evolution step 109: f(x)= 11.019376138098249
differential_evolution step 110: f(x)= 11.019376138098249
differential_evolution step 111: f(x)= 11.019376138098249
differential_evolution step 112: f(x)= 11.019376138098249
differential_evolution step 113: f(x)= 11.019376138098249
differential_evolution step 114: f(x)= 11.019376138098249
differential_evolution step 115: f(x)= 11.019376138098249
differential_evolution step 116: f(x)= 11.019376138098249
differential_evolution step 117: f(x)= 11.019376138098249
differential_evolution step 118: f(x)= 11.019376138098249
differential_evolution step 119: f(x)= 11.019376138098249
differential_evolution step 120: f(x)= 11.019376138098249
differential_evolution step 121: f(x)= 11.019376138098249
differential_evolution step 122: f(x)= 11.019376138098249
differential_evolution step 123: f(x)= 11.019376138098249
differential_evolution step 124: f(x)= 5.221677548845802
differential_evolution step 125: f(x)= 1.3387247433801852
differential_evolution step 126: f(x)= 1.3387247433801852
differential_evolution step 127: f(x)= 0.5960604833834485
differential_evolution step 128: f(x)= 0.5960604833834485
differential_evolution step 129: f(x)= 0.5960604833834485
differential_evolution step 130: f(x)= 0.5960604833834485
differential_evolution step 131: f(x)= 0.5960604833834485
differential_evolution step 132: f(x)= 0.5960604833834485
differential_evolution step 133: f(x)= 0.5960604833834485
differential_evolution step 134: f(x)= 0.5960604833834485
differential_evolution step 135: f(x)= 0.5960604833834485
differential_evolution step 136: f(x)= 0.5960604833834485
differential_evolution step 137: f(x)= 0.5960604833834485
differential_evolution step 138: f(x)= 0.5960604833834485
differential_evolution step 139: f(x)= 0.5960604833834485
differential_evolution step 140: f(x)= 0.5960604833834485
differential_evolution step 141: f(x)= 0.5960604833834485
differential_evolution step 142: f(x)= 0.5960604833834485
differential_evolution step 143: f(x)= 0.5960604833834485
differential_evolution step 144: f(x)= 0.5960604833834485
differential_evolution step 145: f(x)= 0.5960604833834485
differential_evolution step 146: f(x)= 0.5960604833834485
differential_evolution step 147: f(x)= 0.5960604833834485
differential_evolution step 148: f(x)= 0.5960604833834485
differential_evolution step 149: f(x)= 0.5960604833834485
differential_evolution step 150: f(x)= 0.09309629582991048
differential_evolution step 151: f(x)= 0.09309629582991048
differential_evolution step 152: f(x)= 0.09309629582991048
differential_evolution step 153: f(x)= 0.09309629582991048
differential_evolution step 154: f(x)= 0.09309629582991048
differential_evolution step 155: f(x)= 0.09309629582991048
differential_evolution step 156: f(x)= 0.09309629582991048
differential_evolution step 157: f(x)= 0.09309629582991048
differential_evolution step 158: f(x)= 0.09309629582991048
differential_evolution step 159: f(x)= 0.018623132856507962
Cluster 3 DE best chi^2: 0.019 with params {'x_src': np.float64(126.06238609992975), 'y_src': np.float64(109.38349630989619), 'z_s': np.float64(3.1202954530565754)}
--- Running DE for Cluster 4 ---
[DE] Process Pool with 16 procs (init=latinhypercube, popsize=50)
differential_evolution step 1: f(x)= 3000.0
differential_evolution step 2: f(x)= 3000.0
differential_evolution step 3: f(x)= 3000.0
differential_evolution step 4: f(x)= 3000.0
differential_evolution step 5: f(x)= 3000.0
differential_evolution step 6: f(x)= 3000.0
differential_evolution step 7: f(x)= 3000.0
differential_evolution step 8: f(x)= 3000.0
differential_evolution step 9: f(x)= 3000.0
differential_evolution step 10: f(x)= 3000.0
differential_evolution step 11: f(x)= 3000.0
differential_evolution step 12: f(x)= 1060.9232100051083
differential_evolution step 13: f(x)= 1060.9232100051083
differential_evolution step 14: f(x)= 1060.9232100051083
differential_evolution step 15: f(x)= 1060.9232100051083
differential_evolution step 16: f(x)= 1060.9232100051083
differential_evolution step 17: f(x)= 356.99083116344684
differential_evolution step 18: f(x)= 356.99083116344684
differential_evolution step 19: f(x)= 356.99083116344684
differential_evolution step 20: f(x)= 356.99083116344684
differential_evolution step 21: f(x)= 356.99083116344684
differential_evolution step 22: f(x)= 356.99083116344684
differential_evolution step 23: f(x)= 356.99083116344684
differential_evolution step 24: f(x)= 356.99083116344684
differential_evolution step 25: f(x)= 356.99083116344684
differential_evolution step 26: f(x)= 356.99083116344684
differential_evolution step 27: f(x)= 356.99083116344684
differential_evolution step 28: f(x)= 356.99083116344684
differential_evolution step 29: f(x)= 356.99083116344684
differential_evolution step 30: f(x)= 356.99083116344684
differential_evolution step 31: f(x)= 356.99083116344684
differential_evolution step 32: f(x)= 356.99083116344684
differential_evolution step 33: f(x)= 356.99083116344684
differential_evolution step 34: f(x)= 356.99083116344684
differential_evolution step 35: f(x)= 356.99083116344684
differential_evolution step 36: f(x)= 356.99083116344684
differential_evolution step 37: f(x)= 356.99083116344684
differential_evolution step 38: f(x)= 356.99083116344684
differential_evolution step 39: f(x)= 356.99083116344684
differential_evolution step 40: f(x)= 356.99083116344684
differential_evolution step 41: f(x)= 356.99083116344684
differential_evolution step 42: f(x)= 356.99083116344684
differential_evolution step 43: f(x)= 356.99083116344684
differential_evolution step 44: f(x)= 356.99083116344684
differential_evolution step 45: f(x)= 356.99083116344684
differential_evolution step 46: f(x)= 356.99083116344684
differential_evolution step 47: f(x)= 356.99083116344684
differential_evolution step 48: f(x)= 356.99083116344684
differential_evolution step 49: f(x)= 356.99083116344684
differential_evolution step 50: f(x)= 356.99083116344684
differential_evolution step 51: f(x)= 356.99083116344684
differential_evolution step 52: f(x)= 356.99083116344684
differential_evolution step 53: f(x)= 356.99083116344684
differential_evolution step 54: f(x)= 356.99083116344684
differential_evolution step 55: f(x)= 356.99083116344684
differential_evolution step 56: f(x)= 356.99083116344684
differential_evolution step 57: f(x)= 239.15904332017465
differential_evolution step 58: f(x)= 239.15904332017465
differential_evolution step 59: f(x)= 239.15904332017465
differential_evolution step 60: f(x)= 239.15904332017465
differential_evolution step 61: f(x)= 239.15904332017465
differential_evolution step 62: f(x)= 239.15904332017465
differential_evolution step 63: f(x)= 239.15904332017465
differential_evolution step 64: f(x)= 239.15904332017465
differential_evolution step 65: f(x)= 239.15904332017465
differential_evolution step 66: f(x)= 239.15904332017465
differential_evolution step 67: f(x)= 239.15904332017465
differential_evolution step 68: f(x)= 239.15904332017465
differential_evolution step 69: f(x)= 239.15904332017465
differential_evolution step 70: f(x)= 239.15904332017465
differential_evolution step 71: f(x)= 239.15904332017465
differential_evolution step 72: f(x)= 239.15904332017465
differential_evolution step 73: f(x)= 239.15904332017465
differential_evolution step 74: f(x)= 239.15904332017465
differential_evolution step 75: f(x)= 239.15904332017465
differential_evolution step 76: f(x)= 239.15904332017465
differential_evolution step 77: f(x)= 239.15904332017465
differential_evolution step 78: f(x)= 239.15904332017465
differential_evolution step 79: f(x)= 239.15904332017465
differential_evolution step 80: f(x)= 239.15904332017465
differential_evolution step 81: f(x)= 239.15904332017465
differential_evolution step 82: f(x)= 239.15904332017465
differential_evolution step 83: f(x)= 239.15904332017465
differential_evolution step 84: f(x)= 239.15904332017465
differential_evolution step 85: f(x)= 239.15904332017465
differential_evolution step 86: f(x)= 239.15904332017465
differential_evolution step 87: f(x)= 239.15904332017465
differential_evolution step 88: f(x)= 239.15904332017465
differential_evolution step 89: f(x)= 239.15904332017465
differential_evolution step 90: f(x)= 239.15904332017465
differential_evolution step 91: f(x)= 239.15904332017465
differential_evolution step 92: f(x)= 239.15904332017465
differential_evolution step 93: f(x)= 239.15904332017465
differential_evolution step 94: f(x)= 239.15904332017465
differential_evolution step 95: f(x)= 239.15904332017465
differential_evolution step 96: f(x)= 239.15904332017465
differential_evolution step 97: f(x)= 239.15904332017465
differential_evolution step 98: f(x)= 239.15904332017465
differential_evolution step 99: f(x)= 239.15904332017465
differential_evolution step 100: f(x)= 239.15904332017465
differential_evolution step 101: f(x)= 150.17289838724744
differential_evolution step 102: f(x)= 150.17289838724744
differential_evolution step 103: f(x)= 150.17289838724744
differential_evolution step 104: f(x)= 150.17289838724744
differential_evolution step 105: f(x)= 150.17289838724744
differential_evolution step 106: f(x)= 150.17289838724744
differential_evolution step 107: f(x)= 150.17289838724744
differential_evolution step 108: f(x)= 150.17289838724744
differential_evolution step 109: f(x)= 150.17289838724744
differential_evolution step 110: f(x)= 150.17289838724744
differential_evolution step 111: f(x)= 150.17289838724744
differential_evolution step 112: f(x)= 150.17289838724744
differential_evolution step 113: f(x)= 150.17289838724744
differential_evolution step 114: f(x)= 150.17289838724744
differential_evolution step 115: f(x)= 150.17289838724744
differential_evolution step 116: f(x)= 150.17289838724744
differential_evolution step 117: f(x)= 150.17289838724744
differential_evolution step 118: f(x)= 150.17289838724744
differential_evolution step 119: f(x)= 150.17289838724744
differential_evolution step 120: f(x)= 150.17289838724744
differential_evolution step 121: f(x)= 150.17289838724744
differential_evolution step 122: f(x)= 150.17289838724744
differential_evolution step 123: f(x)= 150.17289838724744
differential_evolution step 124: f(x)= 150.17289838724744
differential_evolution step 125: f(x)= 150.17289838724744
differential_evolution step 126: f(x)= 150.17289838724744
differential_evolution step 127: f(x)= 150.17289838724744
differential_evolution step 128: f(x)= 150.17289838724744
differential_evolution step 129: f(x)= 150.17289838724744
differential_evolution step 130: f(x)= 150.17289838724744
differential_evolution step 131: f(x)= 150.17289838724744
differential_evolution step 132: f(x)= 150.17289838724744
differential_evolution step 133: f(x)= 150.17289838724744
differential_evolution step 134: f(x)= 150.17289838724744
differential_evolution step 135: f(x)= 150.17289838724744
differential_evolution step 136: f(x)= 150.17289838724744
differential_evolution step 137: f(x)= 150.17289838724744
differential_evolution step 138: f(x)= 150.17289838724744
differential_evolution step 139: f(x)= 150.17289838724744
differential_evolution step 140: f(x)= 150.17289838724744
differential_evolution step 141: f(x)= 150.17289838724744
differential_evolution step 142: f(x)= 126.43982045472697
differential_evolution step 143: f(x)= 126.43982045472697
differential_evolution step 144: f(x)= 126.43982045472697
differential_evolution step 145: f(x)= 126.43982045472697
differential_evolution step 146: f(x)= 126.43982045472697
differential_evolution step 147: f(x)= 120.015720197217
differential_evolution step 148: f(x)= 120.015720197217
differential_evolution step 149: f(x)= 100.97276269893808
differential_evolution step 150: f(x)= 100.97276269893808
differential_evolution step 151: f(x)= 81.02272021599352
differential_evolution step 152: f(x)= 81.02272021599352
differential_evolution step 153: f(x)= 81.02272021599352
differential_evolution step 154: f(x)= 81.02272021599352
differential_evolution step 155: f(x)= 81.02272021599352
differential_evolution step 156: f(x)= 81.02272021599352
differential_evolution step 157: f(x)= 81.02272021599352
differential_evolution step 158: f(x)= 81.02272021599352
differential_evolution step 159: f(x)= 81.02272021599352
differential_evolution step 160: f(x)= 81.02272021599352
differential_evolution step 161: f(x)= 81.02272021599352
differential_evolution step 162: f(x)= 81.02272021599352
differential_evolution step 163: f(x)= 81.02272021599352
differential_evolution step 164: f(x)= 80.62718717927625
differential_evolution step 165: f(x)= 80.62718717927625
differential_evolution step 166: f(x)= 80.62718717927625
differential_evolution step 167: f(x)= 80.62718717927625
differential_evolution step 168: f(x)= 80.62718717927625
differential_evolution step 169: f(x)= 80.62718717927625
differential_evolution step 170: f(x)= 80.62718717927625
differential_evolution step 171: f(x)= 80.62718717927625
differential_evolution step 172: f(x)= 80.62718717927625
differential_evolution step 173: f(x)= 80.62718717927625
differential_evolution step 174: f(x)= 80.62718717927625
differential_evolution step 175: f(x)= 80.62718717927625
differential_evolution step 176: f(x)= 75.98904170672613
differential_evolution step 177: f(x)= 75.98904170672613
differential_evolution step 178: f(x)= 75.98904170672613
differential_evolution step 179: f(x)= 75.98904170672613
differential_evolution step 180: f(x)= 75.98904170672613
differential_evolution step 181: f(x)= 75.98904170672613
differential_evolution step 182: f(x)= 75.98904170672613
differential_evolution step 183: f(x)= 75.98904170672613
differential_evolution step 184: f(x)= 75.98904170672613
differential_evolution step 185: f(x)= 75.98904170672613
differential_evolution step 186: f(x)= 75.98904170672613
differential_evolution step 187: f(x)= 73.05219563554994
differential_evolution step 188: f(x)= 73.05219563554994
differential_evolution step 189: f(x)= 73.05219563554994
differential_evolution step 190: f(x)= 73.05219563554994
differential_evolution step 191: f(x)= 73.05219563554994
differential_evolution step 192: f(x)= 73.05219563554994
differential_evolution step 193: f(x)= 73.05219563554994
differential_evolution step 194: f(x)= 73.05219563554994
differential_evolution step 195: f(x)= 73.05219563554994
differential_evolution step 196: f(x)= 73.05219563554994
differential_evolution step 197: f(x)= 73.05219563554994
differential_evolution step 198: f(x)= 73.05219563554994
differential_evolution step 199: f(x)= 73.05219563554994
differential_evolution step 200: f(x)= 73.05219563554994
Cluster 4 DE best chi^2: 73.052 with params {'x_src': np.float64(284.87299021364305), 'y_src': np.float64(260.044183499009), 'z_s': np.float64(2.082708832906932)}
--- Running DE for Cluster 5 ---
[DE] Process Pool with 16 procs (init=latinhypercube, popsize=50)
differential_evolution step 1: f(x)= 4242.640687119286
differential_evolution step 2: f(x)= 3000.0
differential_evolution step 3: f(x)= 3000.0
differential_evolution step 4: f(x)= 3000.0
differential_evolution step 5: f(x)= 3000.0
differential_evolution step 6: f(x)= 3000.0
differential_evolution step 7: f(x)= 3000.0
differential_evolution step 8: f(x)= 3000.0
differential_evolution step 9: f(x)= 3000.0
differential_evolution step 10: f(x)= 3000.0
differential_evolution step 11: f(x)= 3000.0
differential_evolution step 12: f(x)= 3000.0
differential_evolution step 13: f(x)= 3000.0
differential_evolution step 14: f(x)= 3000.0
differential_evolution step 15: f(x)= 3000.0
differential_evolution step 16: f(x)= 3000.0
differential_evolution step 17: f(x)= 3000.0
differential_evolution step 18: f(x)= 3000.0
differential_evolution step 19: f(x)= 1712.877876331027
differential_evolution step 20: f(x)= 1712.877876331027
differential_evolution step 21: f(x)= 1712.877876331027
differential_evolution step 22: f(x)= 1712.877876331027
differential_evolution step 23: f(x)= 1100.810421612586
differential_evolution step 24: f(x)= 1100.810421612586
differential_evolution step 25: f(x)= 1100.810421612586
differential_evolution step 26: f(x)= 1100.810421612586
differential_evolution step 27: f(x)= 1100.810421612586
differential_evolution step 28: f(x)= 685.2826582644393
differential_evolution step 29: f(x)= 685.2826582644393
differential_evolution step 30: f(x)= 685.2826582644393
differential_evolution step 31: f(x)= 582.5292849084958
differential_evolution step 32: f(x)= 582.5292849084958
differential_evolution step 33: f(x)= 582.5292849084958
differential_evolution step 34: f(x)= 582.5292849084958
differential_evolution step 35: f(x)= 582.5292849084958
differential_evolution step 36: f(x)= 582.5292849084958
differential_evolution step 37: f(x)= 439.2336681099728
differential_evolution step 38: f(x)= 439.2336681099728
differential_evolution step 39: f(x)= 439.2336681099728
differential_evolution step 40: f(x)= 439.2336681099728
differential_evolution step 41: f(x)= 439.2336681099728
differential_evolution step 42: f(x)= 439.2336681099728
differential_evolution step 43: f(x)= 439.2336681099728
differential_evolution step 44: f(x)= 439.2336681099728
differential_evolution step 45: f(x)= 439.2336681099728
differential_evolution step 46: f(x)= 439.2336681099728
differential_evolution step 47: f(x)= 439.2336681099728
differential_evolution step 48: f(x)= 439.2336681099728
differential_evolution step 49: f(x)= 439.2336681099728
differential_evolution step 50: f(x)= 370.2412589928763
differential_evolution step 51: f(x)= 370.2412589928763
differential_evolution step 52: f(x)= 370.2412589928763
differential_evolution step 53: f(x)= 370.2412589928763
differential_evolution step 54: f(x)= 370.2412589928763
differential_evolution step 55: f(x)= 370.2412589928763
differential_evolution step 56: f(x)= 370.2412589928763
differential_evolution step 57: f(x)= 370.2412589928763
differential_evolution step 58: f(x)= 370.2412589928763
differential_evolution step 59: f(x)= 370.2412589928763
differential_evolution step 60: f(x)= 370.2412589928763
differential_evolution step 61: f(x)= 370.2412589928763
differential_evolution step 62: f(x)= 327.7233967917433
differential_evolution step 63: f(x)= 327.7233967917433
differential_evolution step 64: f(x)= 327.7233967917433
differential_evolution step 65: f(x)= 327.7233967917433
differential_evolution step 66: f(x)= 327.7233967917433
differential_evolution step 67: f(x)= 327.7233967917433
differential_evolution step 68: f(x)= 327.7233967917433
differential_evolution step 69: f(x)= 327.7233967917433
differential_evolution step 70: f(x)= 295.54715003726506
differential_evolution step 71: f(x)= 295.54715003726506
differential_evolution step 72: f(x)= 295.54715003726506
differential_evolution step 73: f(x)= 295.54715003726506
differential_evolution step 74: f(x)= 295.54715003726506
differential_evolution step 75: f(x)= 295.54715003726506
differential_evolution step 76: f(x)= 295.54715003726506
differential_evolution step 77: f(x)= 295.54715003726506
differential_evolution step 78: f(x)= 295.54715003726506
differential_evolution step 79: f(x)= 295.54715003726506
differential_evolution step 80: f(x)= 295.54715003726506
differential_evolution step 81: f(x)= 295.54715003726506
differential_evolution step 82: f(x)= 295.54715003726506
differential_evolution step 83: f(x)= 275.65653560428325
differential_evolution step 84: f(x)= 275.65653560428325
differential_evolution step 85: f(x)= 275.65653560428325
differential_evolution step 86: f(x)= 275.65653560428325
differential_evolution step 87: f(x)= 275.65653560428325
differential_evolution step 88: f(x)= 275.65653560428325
differential_evolution step 89: f(x)= 275.65653560428325
differential_evolution step 90: f(x)= 275.65653560428325
differential_evolution step 91: f(x)= 275.65653560428325
differential_evolution step 92: f(x)= 275.65653560428325
differential_evolution step 93: f(x)= 275.65653560428325
differential_evolution step 94: f(x)= 275.65653560428325
differential_evolution step 95: f(x)= 275.65653560428325
differential_evolution step 96: f(x)= 260.5400008048048
differential_evolution step 97: f(x)= 260.5400008048048
differential_evolution step 98: f(x)= 244.30773366001694
differential_evolution step 99: f(x)= 244.30773366001694
differential_evolution step 100: f(x)= 244.30773366001694
differential_evolution step 101: f(x)= 242.41940946574124
differential_evolution step 102: f(x)= 242.41940946574124
differential_evolution step 103: f(x)= 242.41940946574124
differential_evolution step 104: f(x)= 242.41940946574124
differential_evolution step 105: f(x)= 242.41940946574124
differential_evolution step 106: f(x)= 242.41940946574124
differential_evolution step 107: f(x)= 242.41940946574124
differential_evolution step 108: f(x)= 242.41940946574124
differential_evolution step 109: f(x)= 242.41940946574124
differential_evolution step 110: f(x)= 242.41940946574124
differential_evolution step 111: f(x)= 242.41940946574124
differential_evolution step 112: f(x)= 242.41940946574124
differential_evolution step 113: f(x)= 242.41940946574124
differential_evolution step 114: f(x)= 242.41940946574124
differential_evolution step 115: f(x)= 242.41940946574124
differential_evolution step 116: f(x)= 242.41940946574124
differential_evolution step 117: f(x)= 242.41940946574124
differential_evolution step 118: f(x)= 242.41940946574124
differential_evolution step 119: f(x)= 242.41940946574124
differential_evolution step 120: f(x)= 242.41940946574124
differential_evolution step 121: f(x)= 242.41940946574124
differential_evolution step 122: f(x)= 242.41940946574124
differential_evolution step 123: f(x)= 242.41940946574124
differential_evolution step 124: f(x)= 242.41940946574124
differential_evolution step 125: f(x)= 242.41940946574124
differential_evolution step 126: f(x)= 242.41940946574124
differential_evolution step 127: f(x)= 242.41940946574124
differential_evolution step 128: f(x)= 242.41940946574124
differential_evolution step 129: f(x)= 242.41940946574124
differential_evolution step 130: f(x)= 242.41940946574124
differential_evolution step 131: f(x)= 242.41940946574124
differential_evolution step 132: f(x)= 242.41940946574124
differential_evolution step 133: f(x)= 242.41940946574124
differential_evolution step 134: f(x)= 242.41940946574124
differential_evolution step 135: f(x)= 242.41940946574124
differential_evolution step 136: f(x)= 242.41940946574124
differential_evolution step 137: f(x)= 242.41940946574124
differential_evolution step 138: f(x)= 242.41940946574124
differential_evolution step 139: f(x)= 242.41940946574124
differential_evolution step 140: f(x)= 242.41940946574124
differential_evolution step 141: f(x)= 242.41940946574124
differential_evolution step 142: f(x)= 242.41940946574124
differential_evolution step 143: f(x)= 242.41940946574124
differential_evolution step 144: f(x)= 242.41940946574124
differential_evolution step 145: f(x)= 242.41940946574124
differential_evolution step 146: f(x)= 242.41940946574124
differential_evolution step 147: f(x)= 242.41940946574124
differential_evolution step 148: f(x)= 242.41940946574124
differential_evolution step 149: f(x)= 242.41940946574124
differential_evolution step 150: f(x)= 242.41940946574124
differential_evolution step 151: f(x)= 242.41940946574124
differential_evolution step 152: f(x)= 242.41940946574124
differential_evolution step 153: f(x)= 242.41940946574124
differential_evolution step 154: f(x)= 206.709818506518
differential_evolution step 155: f(x)= 206.709818506518
differential_evolution step 156: f(x)= 206.709818506518
differential_evolution step 157: f(x)= 206.709818506518
differential_evolution step 158: f(x)= 201.06739395369465
differential_evolution step 159: f(x)= 201.06739395369465
differential_evolution step 160: f(x)= 201.06739395369465
differential_evolution step 161: f(x)= 201.06739395369465
differential_evolution step 162: f(x)= 201.06739395369465
differential_evolution step 163: f(x)= 201.06739395369465
differential_evolution step 164: f(x)= 201.06739395369465
differential_evolution step 165: f(x)= 201.06739395369465
differential_evolution step 166: f(x)= 201.06739395369465
differential_evolution step 167: f(x)= 201.06739395369465
differential_evolution step 168: f(x)= 201.06739395369465
differential_evolution step 169: f(x)= 201.06739395369465
differential_evolution step 170: f(x)= 201.06739395369465
differential_evolution step 171: f(x)= 201.06739395369465
differential_evolution step 172: f(x)= 199.9732469675498
differential_evolution step 173: f(x)= 199.9732469675498
differential_evolution step 174: f(x)= 199.9732469675498
differential_evolution step 175: f(x)= 199.9732469675498
differential_evolution step 176: f(x)= 199.9732469675498
differential_evolution step 177: f(x)= 199.9732469675498
differential_evolution step 178: f(x)= 199.9732469675498
differential_evolution step 179: f(x)= 199.93496111723985
differential_evolution step 180: f(x)= 199.93496111723985
differential_evolution step 181: f(x)= 199.93496111723985
differential_evolution step 182: f(x)= 199.93496111723985
differential_evolution step 183: f(x)= 199.93496111723985
differential_evolution step 184: f(x)= 199.73261419848723
differential_evolution step 185: f(x)= 199.73261419848723
differential_evolution step 186: f(x)= 199.73261419848723
differential_evolution step 187: f(x)= 199.73261419848723
differential_evolution step 188: f(x)= 199.4705943453623
differential_evolution step 189: f(x)= 199.4705943453623
differential_evolution step 190: f(x)= 199.4705943453623
differential_evolution step 191: f(x)= 199.4705943453623
differential_evolution step 192: f(x)= 199.4705943453623
differential_evolution step 193: f(x)= 199.4705943453623
differential_evolution step 194: f(x)= 198.00972100346144
differential_evolution step 195: f(x)= 198.00972100346144
differential_evolution step 196: f(x)= 198.00972100346144
differential_evolution step 197: f(x)= 198.00972100346144
differential_evolution step 198: f(x)= 198.00972100346144
differential_evolution step 199: f(x)= 198.00972100346144
differential_evolution step 200: f(x)= 198.00972100346144
Cluster 5 DE best chi^2: 198.010 with params {'x_src': np.float64(148.64850424626144), 'y_src': np.float64(146.00833188803296), 'z_s': np.float64(1.9584760997503656)}

--- DE Optimization Summary ---
Best fit found for Cluster 3 with chi^2 = 0.019
Best-fit parameters: {'x_src': np.float64(126.06238609992975), 'y_src': np.float64(109.38349630989619), 'z_s': np.float64(3.1202954530565754)}

--- Running MCMC for Cluster 3 (chi_sq=0.019) ---
[MCMC] Process Pool with 16 procs
  0%|          | 0/20000 [00:00<?, ?it/s]  1%|          | 121/20000 [01:40<4:35:29,  1.20it/s]  1%|          | 144/20000 [02:00<4:35:10,  1.20it/s]  1%|          | 239/20000 [03:21<4:38:05,  1.18it/s]  1%|         | 261/20000 [03:40<4:37:46,  1.18it/s]  2%|         | 352/20000 [05:02<4:43:18,  1.16it/s]  2%|         | 371/20000 [05:20<4:43:01,  1.16it/s]  2%|         | 468/20000 [06:42<4:42:01,  1.15it/s]  2%|         | 487/20000 [07:00<4:41:44,  1.15it/s]  3%|         | 586/20000 [08:23<4:38:41,  1.16it/s]  3%|         | 605/20000 [08:40<4:38:25,  1.16it/s]  4%|         | 706/20000 [10:04<4:34:42,  1.17it/s]  4%|         | 726/20000 [10:20<4:34:25,  1.17it/s]  4%|         | 830/20000 [11:45<4:28:33,  1.19it/s]  4%|         | 847/20000 [12:00<4:28:19,  1.19it/s]  5%|         | 949/20000 [13:25<4:27:02,  1.19it/s]  5%|         | 966/20000 [13:40<4:26:48,  1.19it/s]  5%|         | 1064/20000 [15:05<4:28:23,  1.18it/s]  5%|         | 1079/20000 [15:20<4:28:10,  1.18it/s]  6%|         | 1183/20000 [16:46<4:26:06,  1.18it/s]  6%|         | 1198/20000 [17:00<4:25:54,  1.18it/s]  7%|         | 1301/20000 [18:27<4:25:04,  1.18it/s]  7%|         | 1315/20000 [18:40<4:24:53,  1.18it/s]  7%|         | 1420/20000 [20:07<4:22:37,  1.18it/s]  7%|         | 1436/20000 [20:20<4:22:23,  1.18it/s]  8%|         | 1541/20000 [21:47<4:19:14,  1.19it/s]  8%|         | 1555/20000 [22:00<4:19:02,  1.19it/s]  8%|         | 1663/20000 [23:27<4:15:26,  1.20it/s]  8%|         | 1677/20000 [23:40<4:15:14,  1.20it/s]  9%|         | 1780/20000 [25:08<4:15:58,  1.19it/s]  9%|         | 1793/20000 [25:20<4:15:47,  1.19it/s] 10%|         | 1904/20000 [26:49<4:11:17,  1.20it/s] 10%|         | 1915/20000 [27:00<4:11:07,  1.20it/s] 10%|         | 2027/20000 [28:29<4:07:44,  1.21it/s] 10%|         | 2039/20000 [28:40<4:07:34,  1.21it/s] 11%|         | 2144/20000 [30:09<4:09:08,  1.19it/s] 11%|         | 2154/20000 [30:20<4:08:59,  1.19it/s] 11%|        | 2265/20000 [31:50<4:07:03,  1.20it/s] 11%|        | 2288/20000 [32:10<4:06:44,  1.20it/s] 12%|        | 2389/20000 [33:30<4:02:56,  1.21it/s] 12%|        | 2411/20000 [33:50<4:02:38,  1.21it/s] 13%|        | 2511/20000 [35:11<4:01:03,  1.21it/s] 13%|        | 2534/20000 [35:30<4:00:44,  1.21it/s] 13%|        | 2638/20000 [36:51<3:55:55,  1.23it/s] 13%|        | 2663/20000 [37:10<3:55:34,  1.23it/s] 14%|        | 2758/20000 [38:32<3:55:56,  1.22it/s] 14%|        | 2778/20000 [38:50<3:55:40,  1.22it/s] 14%|        | 2872/20000 [40:12<3:59:29,  1.19it/s] 14%|        | 2891/20000 [40:30<3:59:13,  1.19it/s] 15%|        | 2986/20000 [41:53<4:01:12,  1.18it/s] 15%|        | 3005/20000 [42:10<4:00:56,  1.18it/s] 16%|        | 3103/20000 [43:33<4:00:15,  1.17it/s] 16%|        | 3124/20000 [43:50<3:59:57,  1.17it/s] 16%|        | 3225/20000 [45:13<3:55:44,  1.19it/s] 16%|        | 3244/20000 [45:30<3:55:28,  1.19it/s] 17%|        | 3341/20000 [46:54<3:55:53,  1.18it/s] 17%|        | 3360/20000 [47:10<3:55:37,  1.18it/s] 17%|        | 3466/20000 [48:34<3:50:24,  1.20it/s] 17%|        | 3484/20000 [48:50<3:50:09,  1.20it/s] 18%|        | 3582/20000 [50:15<3:51:20,  1.18it/s] 18%|        | 3598/20000 [50:30<3:51:07,  1.18it/s] 18%|        | 3698/20000 [51:56<3:51:36,  1.17it/s] 19%|        | 3712/20000 [52:10<3:51:24,  1.17it/s] 19%|        | 3815/20000 [53:36<3:50:30,  1.17it/s] 19%|        | 3831/20000 [53:50<3:50:16,  1.17it/s] 20%|        | 3936/20000 [55:17<3:46:48,  1.18it/s] 20%|        | 3951/20000 [55:30<3:46:36,  1.18it/s] 20%|        | 4056/20000 [56:57<3:44:08,  1.19it/s] 20%|        | 4070/20000 [57:10<3:43:57,  1.19it/s] 21%|        | 4172/20000 [58:37<3:44:03,  1.18it/s] 21%|        | 4186/20000 [58:50<3:43:51,  1.18it/s] 21%|       | 4296/20000 [1:00:18<3:38:59,  1.20it/s] 22%|       | 4309/20000 [1:00:30<3:38:48,  1.20it/s] 22%|       | 4416/20000 [1:01:58<3:37:17,  1.20it/s] 22%|       | 4430/20000 [1:02:10<3:37:05,  1.20it/s] 23%|       | 4533/20000 [1:03:38<3:37:08,  1.19it/s] 23%|       | 4545/20000 [1:03:50<3:36:58,  1.19it/s] 23%|       | 4649/20000 [1:05:18<3:37:08,  1.18it/s] 23%|       | 4662/20000 [1:05:30<3:36:57,  1.18it/s] 24%|       | 4766/20000 [1:06:58<3:35:58,  1.18it/s] 24%|       | 4780/20000 [1:07:10<3:35:46,  1.18it/s] 24%|       | 4882/20000 [1:08:38<3:35:17,  1.17it/s] 24%|       | 4896/20000 [1:08:50<3:35:05,  1.17it/s] 25%|       | 4999/20000 [1:10:19<3:33:48,  1.17it/s] 25%|       | 5010/20000 [1:10:30<3:33:39,  1.17it/s] 26%|       | 5112/20000 [1:12:00<3:34:52,  1.15it/s] 26%|       | 5123/20000 [1:12:10<3:34:43,  1.15it/s] 26%|       | 5230/20000 [1:13:40<3:31:49,  1.16it/s] 26%|       | 5241/20000 [1:13:50<3:31:39,  1.16it/s] 27%|       | 5343/20000 [1:15:20<3:32:05,  1.15it/s] 27%|       | 5365/20000 [1:15:40<3:31:45,  1.15it/s] 27%|       | 5457/20000 [1:17:01<3:31:32,  1.15it/s] 27%|       | 5479/20000 [1:17:20<3:31:13,  1.15it/s] 28%|       | 5573/20000 [1:18:41<3:29:18,  1.15it/s] 28%|       | 5594/20000 [1:19:00<3:29:00,  1.15it/s] 28%|       | 5688/20000 [1:20:21<3:27:47,  1.15it/s] 29%|       | 5709/20000 [1:20:40<3:27:29,  1.15it/s] 29%|       | 5802/20000 [1:22:02<3:26:59,  1.14it/s] 29%|       | 5822/20000 [1:22:20<3:26:42,  1.14it/s] 30%|       | 5917/20000 [1:23:43<3:25:18,  1.14it/s] 30%|       | 5936/20000 [1:24:00<3:25:01,  1.14it/s] 30%|       | 6034/20000 [1:25:23<3:22:42,  1.15it/s] 30%|       | 6051/20000 [1:25:40<3:22:27,  1.15it/s] 31%|       | 6149/20000 [1:27:04<3:21:13,  1.15it/s] 31%|       | 6166/20000 [1:27:20<3:20:58,  1.15it/s] 31%|      | 6260/20000 [1:28:44<3:21:51,  1.13it/s] 31%|      | 6276/20000 [1:29:00<3:21:37,  1.13it/s] 32%|      | 6373/20000 [1:30:24<3:20:29,  1.13it/s] 32%|      | 6391/20000 [1:30:40<3:20:13,  1.13it/s] 32%|      | 6488/20000 [1:32:05<3:18:10,  1.14it/s] 33%|      | 6505/20000 [1:32:20<3:17:55,  1.14it/s] 33%|      | 6603/20000 [1:33:46<3:16:14,  1.14it/s] 33%|      | 6617/20000 [1:34:00<3:16:02,  1.14it/s] 34%|      | 6720/20000 [1:35:26<3:13:18,  1.14it/s] 34%|      | 6734/20000 [1:35:40<3:13:06,  1.14it/s] 34%|      | 6828/20000 [1:37:07<3:15:26,  1.12it/s] 34%|      | 6842/20000 [1:37:20<3:15:14,  1.12it/s] 35%|      | 6942/20000 [1:38:48<3:13:08,  1.13it/s] 35%|      | 6955/20000 [1:39:00<3:12:56,  1.13it/s] 35%|      | 7054/20000 [1:40:28<3:12:01,  1.12it/s] 35%|      | 7067/20000 [1:40:40<3:11:49,  1.12it/s] 36%|      | 7169/20000 [1:42:08<3:09:02,  1.13it/s] 36%|      | 7182/20000 [1:42:20<3:08:50,  1.13it/s] 36%|      | 7282/20000 [1:43:48<3:07:36,  1.13it/s] 36%|      | 7295/20000 [1:44:00<3:07:25,  1.13it/s] 37%|      | 7390/20000 [1:45:28<3:08:38,  1.11it/s] 37%|      | 7401/20000 [1:45:40<3:08:29,  1.11it/s] 38%|      | 7502/20000 [1:47:09<3:07:11,  1.11it/s] 38%|      | 7513/20000 [1:47:20<3:07:01,  1.11it/s] 38%|      | 7616/20000 [1:48:50<3:04:28,  1.12it/s] 38%|      | 7638/20000 [1:49:10<3:04:09,  1.12it/s] 39%|      | 7729/20000 [1:50:30<3:02:22,  1.12it/s] 39%|      | 7749/20000 [1:50:50<3:02:04,  1.12it/s] 39%|      | 7845/20000 [1:52:11<2:59:15,  1.13it/s] 39%|      | 7865/20000 [1:52:30<2:58:57,  1.13it/s] 40%|      | 7960/20000 [1:53:52<2:57:01,  1.13it/s] 40%|      | 7979/20000 [1:54:10<2:56:44,  1.13it/s] 40%|      | 8073/20000 [1:55:32<2:55:34,  1.13it/s] 40%|      | 8092/20000 [1:55:50<2:55:17,  1.13it/s] 41%|      | 8183/20000 [1:57:13<2:55:45,  1.12it/s] 41%|      | 8204/20000 [1:57:30<2:55:26,  1.12it/s] 42%|     | 8307/20000 [1:58:53<2:48:43,  1.16it/s] 42%|     | 8329/20000 [1:59:10<2:48:24,  1.16it/s] 42%|     | 8444/20000 [2:00:33<2:38:13,  1.22it/s] 42%|     | 8466/20000 [2:00:50<2:37:55,  1.22it/s] 43%|     | 8575/20000 [2:02:14<2:32:59,  1.24it/s] 43%|     | 8593/20000 [2:02:30<2:32:45,  1.24it/s] 43%|     | 8689/20000 [2:03:54<2:35:41,  1.21it/s] 44%|     | 8705/20000 [2:04:10<2:35:28,  1.21it/s] 44%|     | 8797/20000 [2:05:35<2:39:38,  1.17it/s] 44%|     | 8813/20000 [2:05:50<2:39:24,  1.17it/s] 45%|     | 8908/20000 [2:07:16<2:40:56,  1.15it/s] 45%|     | 8923/20000 [2:07:30<2:40:43,  1.15it/s] 45%|     | 9020/20000 [2:08:56<2:40:34,  1.14it/s] 45%|     | 9040/20000 [2:09:10<2:40:17,  1.14it/s] 46%|     | 9167/20000 [2:10:36<2:25:59,  1.24it/s] 46%|     | 9183/20000 [2:10:50<2:25:46,  1.24it/s] 46%|     | 9284/20000 [2:12:17<2:27:11,  1.21it/s] 46%|     | 9298/20000 [2:12:30<2:26:59,  1.21it/s] 47%|     | 9397/20000 [2:13:57<2:28:43,  1.19it/s] 47%|     | 9413/20000 [2:14:10<2:28:30,  1.19it/s] 48%|     | 9537/20000 [2:15:38<2:19:24,  1.25it/s] 48%|     | 9554/20000 [2:15:50<2:19:10,  1.25it/s] 48%|     | 9669/20000 [2:17:18<2:15:36,  1.27it/s] 48%|     | 9681/20000 [2:17:30<2:15:27,  1.27it/s] 49%|     | 9783/20000 [2:18:58<2:18:22,  1.23it/s] 49%|     | 9798/20000 [2:19:10<2:18:10,  1.23it/s] 50%|     | 9916/20000 [2:20:38<2:13:25,  1.26it/s] 50%|     | 9932/20000 [2:20:50<2:13:12,  1.26it/s] 50%|     | 10043/20000 [2:22:19<2:11:39,  1.26it/s] 50%|     | 10056/20000 [2:22:30<2:11:29,  1.26it/s] 51%|     | 10165/20000 [2:23:59<2:11:25,  1.25it/s] 51%|     | 10176/20000 [2:24:10<2:11:16,  1.25it/s] 51%|    | 10281/20000 [2:25:39<2:12:45,  1.22it/s] 51%|    | 10292/20000 [2:25:50<2:12:36,  1.22it/s] 52%|    | 10396/20000 [2:27:20<2:13:41,  1.20it/s] 52%|    | 10422/20000 [2:27:40<2:13:19,  1.20it/s] 53%|    | 10528/20000 [2:29:01<2:08:13,  1.23it/s] 53%|    | 10549/20000 [2:29:20<2:07:56,  1.23it/s] 53%|    | 10641/20000 [2:30:41<2:09:56,  1.20it/s] 53%|    | 10662/20000 [2:31:00<2:09:39,  1.20it/s] 54%|    | 10769/20000 [2:32:21<2:05:46,  1.22it/s] 54%|    | 10797/20000 [2:32:40<2:05:23,  1.22it/s] 55%|    | 10902/20000 [2:34:01<2:00:53,  1.25it/s] 55%|    | 10925/20000 [2:34:20<2:00:35,  1.25it/s] 55%|    | 11024/20000 [2:35:42<2:00:21,  1.24it/s] 55%|    | 11048/20000 [2:36:00<2:00:01,  1.24it/s] 56%|    | 11148/20000 [2:37:22<1:59:02,  1.24it/s] 56%|    | 11167/20000 [2:37:40<1:58:46,  1.24it/s] 56%|    | 11300/20000 [2:39:03<1:49:41,  1.32it/s] 57%|    | 11327/20000 [2:39:20<1:49:20,  1.32it/s] 57%|    | 11458/20000 [2:40:43<1:41:51,  1.40it/s] 57%|    | 11478/20000 [2:41:00<1:41:37,  1.40it/s] 58%|    | 11586/20000 [2:42:24<1:43:07,  1.36it/s] 58%|    | 11609/20000 [2:42:40<1:42:50,  1.36it/s] 59%|    | 11706/20000 [2:44:04<1:45:25,  1.31it/s] 59%|    | 11723/20000 [2:44:20<1:45:12,  1.31it/s] 59%|    | 11837/20000 [2:45:44<1:43:52,  1.31it/s] 59%|    | 11860/20000 [2:46:00<1:43:35,  1.31it/s] 60%|    | 12005/20000 [2:47:25<1:33:56,  1.42it/s] 60%|    | 12028/20000 [2:47:40<1:33:40,  1.42it/s] 61%|    | 12165/20000 [2:49:05<1:28:51,  1.47it/s] 61%|    | 12187/20000 [2:49:20<1:28:36,  1.47it/s] 62%|   | 12327/20000 [2:50:46<1:24:34,  1.51it/s] 62%|   | 12349/20000 [2:51:00<1:24:19,  1.51it/s] 62%|   | 12487/20000 [2:52:27<1:21:34,  1.54it/s] 63%|   | 12508/20000 [2:52:40<1:21:20,  1.54it/s] 63%|   | 12641/20000 [2:54:07<1:19:56,  1.53it/s] 63%|   | 12661/20000 [2:54:20<1:19:43,  1.53it/s] 64%|   | 12800/20000 [2:55:48<1:17:26,  1.55it/s] 64%|   | 12820/20000 [2:56:00<1:17:13,  1.55it/s] 65%|   | 12961/20000 [2:57:28<1:14:50,  1.57it/s] 65%|   | 12982/20000 [2:57:40<1:14:37,  1.57it/s] 66%|   | 13121/20000 [2:59:08<1:12:45,  1.58it/s] 66%|   | 13139/20000 [2:59:20<1:12:33,  1.58it/s] 66%|   | 13276/20000 [3:00:48<1:11:34,  1.57it/s] 66%|   | 13294/20000 [3:01:00<1:11:22,  1.57it/s] 67%|   | 13438/20000 [3:02:29<1:09:13,  1.58it/s] 67%|   | 13450/20000 [3:02:40<1:09:05,  1.58it/s] 68%|   | 13595/20000 [3:04:09<1:07:42,  1.58it/s] 68%|   | 13613/20000 [3:04:20<1:07:30,  1.58it/s] 69%|   | 13755/20000 [3:05:49<1:05:44,  1.58it/s] 69%|   | 13773/20000 [3:06:00<1:05:33,  1.58it/s] 70%|   | 13920/20000 [3:07:30<1:03:19,  1.60it/s] 70%|   | 13936/20000 [3:07:40<1:03:09,  1.60it/s] 70%|   | 14080/20000 [3:09:10<1:01:41,  1.60it/s] 70%|   | 14094/20000 [3:09:20<1:01:33,  1.60it/s] 71%|   | 14216/20000 [3:10:50<1:03:14,  1.52it/s] 71%|   | 14239/20000 [3:11:10<1:02:59,  1.52it/s] 72%|  | 14355/20000 [3:12:31<1:03:32,  1.48it/s] 72%|  | 14380/20000 [3:12:50<1:03:15,  1.48it/s] 72%|  | 14485/20000 [3:14:11<1:04:25,  1.43it/s] 73%|  | 14508/20000 [3:14:30<1:04:09,  1.43it/s] 73%|  | 14614/20000 [3:15:52<1:04:52,  1.38it/s] 73%|  | 14638/20000 [3:16:10<1:04:34,  1.38it/s] 74%|  | 14740/20000 [3:17:32<1:05:06,  1.35it/s] 74%|  | 14760/20000 [3:17:50<1:04:51,  1.35it/s] 74%|  | 14865/20000 [3:19:13<1:05:05,  1.31it/s] 74%|  | 14887/20000 [3:19:30<1:04:49,  1.31it/s] 75%|  | 14995/20000 [3:20:53<1:03:40,  1.31it/s] 75%|  | 15016/20000 [3:21:10<1:03:24,  1.31it/s] 76%|  | 15124/20000 [3:22:33<1:02:23,  1.30it/s] 76%|  | 15143/20000 [3:22:50<1:02:09,  1.30it/s] 76%|  | 15254/20000 [3:24:14<1:00:51,  1.30it/s] 76%|  | 15273/20000 [3:24:30<1:00:36,  1.30it/s] 77%|  | 15378/20000 [3:25:54<1:00:13,  1.28it/s] 77%|  | 15397/20000 [3:26:10<59:58,  1.28it/s]   78%|  | 15503/20000 [3:27:34<59:02,  1.27it/s] 78%|  | 15520/20000 [3:27:50<58:48,  1.27it/s] 78%|  | 15624/20000 [3:29:15<58:21,  1.25it/s] 78%|  | 15640/20000 [3:29:30<58:08,  1.25it/s] 79%|  | 15745/20000 [3:30:56<57:25,  1.23it/s] 79%|  | 15760/20000 [3:31:10<57:13,  1.23it/s] 79%|  | 15876/20000 [3:32:36<54:42,  1.26it/s] 79%|  | 15898/20000 [3:32:50<54:25,  1.26it/s] 80%|  | 16032/20000 [3:34:16<49:09,  1.35it/s] 80%|  | 16052/20000 [3:34:30<48:54,  1.35it/s] 81%|  | 16189/20000 [3:35:57<44:58,  1.41it/s] 81%|  | 16211/20000 [3:36:10<44:42,  1.41it/s] 82%| | 16334/20000 [3:37:37<42:59,  1.42it/s] 82%| | 16350/20000 [3:37:50<42:48,  1.42it/s] 82%| | 16456/20000 [3:39:18<43:31,  1.36it/s] 82%| | 16469/20000 [3:39:30<43:21,  1.36it/s] 83%| | 16585/20000 [3:40:59<42:40,  1.33it/s] 83%| | 16600/20000 [3:41:10<42:29,  1.33it/s] 84%| | 16715/20000 [3:42:40<41:26,  1.32it/s] 84%| | 16728/20000 [3:42:50<41:16,  1.32it/s] 84%| | 16842/20000 [3:44:20<40:23,  1.30it/s] 84%| | 16866/20000 [3:44:40<40:04,  1.30it/s] 85%| | 16972/20000 [3:46:01<38:47,  1.30it/s] 85%| | 16994/20000 [3:46:20<38:30,  1.30it/s] 85%| | 17090/20000 [3:47:41<38:25,  1.26it/s] 86%| | 17111/20000 [3:48:00<38:08,  1.26it/s] 86%| | 17210/20000 [3:49:21<37:24,  1.24it/s] 86%| | 17233/20000 [3:49:40<37:05,  1.24it/s] 87%| | 17331/20000 [3:51:02<36:07,  1.23it/s] 87%| | 17350/20000 [3:51:20<35:52,  1.23it/s] 87%| | 17447/20000 [3:52:42<35:12,  1.21it/s] 87%| | 17466/20000 [3:53:00<34:56,  1.21it/s] 88%| | 17599/20000 [3:54:22<30:44,  1.30it/s] 88%| | 17623/20000 [3:54:40<30:26,  1.30it/s] 89%| | 17743/20000 [3:56:02<28:00,  1.34it/s] 89%| | 17767/20000 [3:56:20<27:43,  1.34it/s] 89%| | 17897/20000 [3:57:43<25:02,  1.40it/s] 90%| | 17924/20000 [3:58:00<24:43,  1.40it/s] 90%| | 18060/20000 [3:59:23<22:01,  1.47it/s] 90%| | 18086/20000 [3:59:40<21:44,  1.47it/s] 91%| | 18212/20000 [4:01:03<20:06,  1.48it/s] 91%| | 18232/20000 [4:01:20<19:53,  1.48it/s] 92%|| 18335/20000 [4:02:44<19:45,  1.41it/s] 92%|| 18355/20000 [4:03:00<19:30,  1.41it/s] 92%|| 18456/20000 [4:04:24<19:07,  1.35it/s] 92%|| 18473/20000 [4:04:40<18:54,  1.35it/s] 93%|| 18581/20000 [4:06:05<17:58,  1.32it/s] 93%|| 18599/20000 [4:06:20<17:45,  1.32it/s] 94%|| 18708/20000 [4:07:45<16:34,  1.30it/s] 94%|| 18725/20000 [4:08:00<16:21,  1.30it/s] 94%|| 18841/20000 [4:09:25<14:46,  1.31it/s] 94%|| 18861/20000 [4:09:40<14:31,  1.31it/s] 95%|| 18971/20000 [4:11:06<13:09,  1.30it/s] 95%|| 18990/20000 [4:11:20<12:54,  1.30it/s] 96%|| 19103/20000 [4:12:47<11:27,  1.31it/s] 96%|| 19118/20000 [4:13:00<11:15,  1.31it/s] 96%|| 19226/20000 [4:14:27<10:04,  1.28it/s] 96%|| 19240/20000 [4:14:40<09:53,  1.28it/s] 97%|| 19349/20000 [4:16:07<08:34,  1.26it/s] 97%|| 19363/20000 [4:16:20<08:23,  1.26it/s] 97%|| 19475/20000 [4:17:48<06:56,  1.26it/s] 97%|| 19489/20000 [4:18:00<06:45,  1.26it/s] 98%|| 19605/20000 [4:19:28<05:10,  1.27it/s] 98%|| 19620/20000 [4:19:40<04:58,  1.27it/s] 99%|| 19746/20000 [4:21:09<03:13,  1.31it/s] 99%|| 19759/20000 [4:21:20<03:03,  1.31it/s] 99%|| 19876/20000 [4:22:49<01:34,  1.31it/s] 99%|| 19889/20000 [4:23:00<01:25,  1.31it/s]100%|| 20000/20000 [4:24:22<00:00,  1.26it/s]

Analysis complete. Found 1 cluster(s) meeting the MCMC criterion.
Accepted cluster indices: [3]

--- Processing Final Results for Cluster 3 ---
--- MCMC Parameter Constraints for Cluster 3 ---
  x_src = 126.064 +0.151 / -0.116
  y_src = 109.380 +0.202 / -0.175
    z_s = 3.125 +0.071 / -0.057
Saving localization results for Cluster 3...
Processing results for Cluster 3...
-> Saved 340000 samples to /users/hiu-yeung.cheng/clusterlensing/out/row36/test_tidy_row36/cluster_3_posterior.npz
Updated CSV row 36 with result for cluster 3.
Loading data from /users/hiu-yeung.cheng/clusterlensing/out/row36/test_tidy_row36/cluster_3_posterior.npz...

Generating corner plot...
-> Corner plot saved to /users/hiu-yeung.cheng/clusterlensing/out/row36/test_tidy_row36/cluster_3_corner_from_saved.png

Generating trace plot...
-> Trace plot saved to /users/hiu-yeung.cheng/clusterlensing/out/row36/test_tidy_row36/cluster_3_trace.png
