Row=32 OUT_DIR=/users/hiu-yeung.cheng/clusterlensing/out/row32 DE_PROCS=16 MCMC_PROCS=16
Setup complete. Lensing system initialized.
True time delays: [   0.         5339.86934071 8548.02030493 8564.28118187 8656.83896903]
True luminosity distances: 33255.286704518796
Lensed luminosity distances: [ 14265.78346603   8230.09289151  23295.496264    24221.39555971
 470634.20361194]

Running the full analysis pipeline...
--- Running DE for Cluster 0 ---
[DE] Process Pool with 16 procs (init=latinhypercube, popsize=50)
differential_evolution step 1: f(x)= 2530.4158307113585
differential_evolution step 2: f(x)= 2530.4158307113585
differential_evolution step 3: f(x)= 2530.4158307113585
differential_evolution step 4: f(x)= 2530.4158307113585
differential_evolution step 5: f(x)= 2530.4158307113585
differential_evolution step 6: f(x)= 2530.4158307113585
differential_evolution step 7: f(x)= 2530.4158307113585
differential_evolution step 8: f(x)= 2530.4158307113585
differential_evolution step 9: f(x)= 2530.4158307113585
differential_evolution step 10: f(x)= 1867.2091598046943
differential_evolution step 11: f(x)= 1867.2091598046943
differential_evolution step 12: f(x)= 1491.1830665911298
differential_evolution step 13: f(x)= 1491.1830665911298
differential_evolution step 14: f(x)= 1491.1830665911298
differential_evolution step 15: f(x)= 1491.1830665911298
differential_evolution step 16: f(x)= 1491.1830665911298
differential_evolution step 17: f(x)= 1491.1830665911298
differential_evolution step 18: f(x)= 730.5019580852897
differential_evolution step 19: f(x)= 730.5019580852897
differential_evolution step 20: f(x)= 730.5019580852897
differential_evolution step 21: f(x)= 730.5019580852897
differential_evolution step 22: f(x)= 544.4154060434512
differential_evolution step 23: f(x)= 144.1813067482173
differential_evolution step 24: f(x)= 144.1813067482173
differential_evolution step 25: f(x)= 144.1813067482173
differential_evolution step 26: f(x)= 144.1813067482173
differential_evolution step 27: f(x)= 144.1813067482173
differential_evolution step 28: f(x)= 144.1813067482173
differential_evolution step 29: f(x)= 144.1813067482173
differential_evolution step 30: f(x)= 144.1813067482173
differential_evolution step 31: f(x)= 144.1813067482173
differential_evolution step 32: f(x)= 144.1813067482173
differential_evolution step 33: f(x)= 144.1813067482173
differential_evolution step 34: f(x)= 102.70423098787708
differential_evolution step 35: f(x)= 102.70423098787708
differential_evolution step 36: f(x)= 102.70423098787708
differential_evolution step 37: f(x)= 102.70423098787708
differential_evolution step 38: f(x)= 102.70423098787708
differential_evolution step 39: f(x)= 102.70423098787708
differential_evolution step 40: f(x)= 102.70423098787708
differential_evolution step 41: f(x)= 102.70423098787708
differential_evolution step 42: f(x)= 102.70423098787708
differential_evolution step 43: f(x)= 102.70423098787708
differential_evolution step 44: f(x)= 102.70423098787708
differential_evolution step 45: f(x)= 102.70423098787708
differential_evolution step 46: f(x)= 102.70423098787708
differential_evolution step 47: f(x)= 102.70423098787708
differential_evolution step 48: f(x)= 102.70423098787708
differential_evolution step 49: f(x)= 102.70423098787708
differential_evolution step 50: f(x)= 102.70423098787708
differential_evolution step 51: f(x)= 102.70423098787708
differential_evolution step 52: f(x)= 102.70423098787708
differential_evolution step 53: f(x)= 102.70423098787708
differential_evolution step 54: f(x)= 102.70423098787708
differential_evolution step 55: f(x)= 102.70423098787708
differential_evolution step 56: f(x)= 102.70423098787708
differential_evolution step 57: f(x)= 102.70423098787708
differential_evolution step 58: f(x)= 102.70423098787708
differential_evolution step 59: f(x)= 102.70423098787708
differential_evolution step 60: f(x)= 102.70423098787708
differential_evolution step 61: f(x)= 102.70423098787708
differential_evolution step 62: f(x)= 102.70423098787708
differential_evolution step 63: f(x)= 102.70423098787708
differential_evolution step 64: f(x)= 102.70423098787708
differential_evolution step 65: f(x)= 102.70423098787708
differential_evolution step 66: f(x)= 102.70423098787708
differential_evolution step 67: f(x)= 102.70423098787708
differential_evolution step 68: f(x)= 102.70423098787708
differential_evolution step 69: f(x)= 102.70423098787708
differential_evolution step 70: f(x)= 102.70423098787708
differential_evolution step 71: f(x)= 102.70423098787708
differential_evolution step 72: f(x)= 102.70423098787708
differential_evolution step 73: f(x)= 102.70423098787708
differential_evolution step 74: f(x)= 102.70423098787708
differential_evolution step 75: f(x)= 102.70423098787708
differential_evolution step 76: f(x)= 102.70423098787708
differential_evolution step 77: f(x)= 102.70423098787708
differential_evolution step 78: f(x)= 102.70423098787708
differential_evolution step 79: f(x)= 102.70423098787708
differential_evolution step 80: f(x)= 102.70423098787708
differential_evolution step 81: f(x)= 102.70423098787708
differential_evolution step 82: f(x)= 102.70423098787708
differential_evolution step 83: f(x)= 102.70423098787708
differential_evolution step 84: f(x)= 102.70423098787708
differential_evolution step 85: f(x)= 102.70423098787708
differential_evolution step 86: f(x)= 102.70423098787708
differential_evolution step 87: f(x)= 102.70423098787708
differential_evolution step 88: f(x)= 102.70423098787708
differential_evolution step 89: f(x)= 102.70423098787708
differential_evolution step 90: f(x)= 102.70423098787708
differential_evolution step 91: f(x)= 102.70423098787708
differential_evolution step 92: f(x)= 102.70423098787708
differential_evolution step 93: f(x)= 102.70423098787708
differential_evolution step 94: f(x)= 102.70423098787708
differential_evolution step 95: f(x)= 102.70423098787708
differential_evolution step 96: f(x)= 102.70423098787708
differential_evolution step 97: f(x)= 102.70423098787708
differential_evolution step 98: f(x)= 102.70423098787708
differential_evolution step 99: f(x)= 74.70560717993796
differential_evolution step 100: f(x)= 74.70560717993796
differential_evolution step 101: f(x)= 74.70560717993796
differential_evolution step 102: f(x)= 74.70560717993796
differential_evolution step 103: f(x)= 74.70560717993796
differential_evolution step 104: f(x)= 74.70560717993796
differential_evolution step 105: f(x)= 74.70560717993796
differential_evolution step 106: f(x)= 74.70560717993796
differential_evolution step 107: f(x)= 74.70560717993796
differential_evolution step 108: f(x)= 74.70560717993796
differential_evolution step 109: f(x)= 74.70560717993796
differential_evolution step 110: f(x)= 74.70560717993796
differential_evolution step 111: f(x)= 74.70560717993796
differential_evolution step 112: f(x)= 74.70560717993796
differential_evolution step 113: f(x)= 74.70560717993796
differential_evolution step 114: f(x)= 74.70560717993796
differential_evolution step 115: f(x)= 74.70560717993796
differential_evolution step 116: f(x)= 74.70560717993796
differential_evolution step 117: f(x)= 74.70560717993796
differential_evolution step 118: f(x)= 74.70560717993796
differential_evolution step 119: f(x)= 74.70560717993796
differential_evolution step 120: f(x)= 74.70560717993796
differential_evolution step 121: f(x)= 74.70560717993796
differential_evolution step 122: f(x)= 74.70560717993796
differential_evolution step 123: f(x)= 74.70560717993796
differential_evolution step 124: f(x)= 74.70560717993796
differential_evolution step 125: f(x)= 74.70560717993796
differential_evolution step 126: f(x)= 74.70560717993796
differential_evolution step 127: f(x)= 74.70560717993796
differential_evolution step 128: f(x)= 74.70560717993796
differential_evolution step 129: f(x)= 74.70560717993796
differential_evolution step 130: f(x)= 74.70560717993796
differential_evolution step 131: f(x)= 74.70560717993796
differential_evolution step 132: f(x)= 74.70560717993796
differential_evolution step 133: f(x)= 74.70560717993796
differential_evolution step 134: f(x)= 74.70560717993796
differential_evolution step 135: f(x)= 74.70560717993796
differential_evolution step 136: f(x)= 74.70560717993796
differential_evolution step 137: f(x)= 74.70560717993796
differential_evolution step 138: f(x)= 74.70560717993796
differential_evolution step 139: f(x)= 74.70560717993796
differential_evolution step 140: f(x)= 74.70560717993796
differential_evolution step 141: f(x)= 74.70560717993796
differential_evolution step 142: f(x)= 74.70560717993796
differential_evolution step 143: f(x)= 74.70560717993796
differential_evolution step 144: f(x)= 74.70560717993796
differential_evolution step 145: f(x)= 74.70560717993796
differential_evolution step 146: f(x)= 59.21151695567289
differential_evolution step 147: f(x)= 59.21151695567289
differential_evolution step 148: f(x)= 59.21151695567289
differential_evolution step 149: f(x)= 59.21151695567289
differential_evolution step 150: f(x)= 59.21151695567289
differential_evolution step 151: f(x)= 59.21151695567289
differential_evolution step 152: f(x)= 59.21151695567289
differential_evolution step 153: f(x)= 59.21151695567289
differential_evolution step 154: f(x)= 59.21151695567289
differential_evolution step 155: f(x)= 59.21151695567289
differential_evolution step 156: f(x)= 59.21151695567289
differential_evolution step 157: f(x)= 59.21151695567289
differential_evolution step 158: f(x)= 59.21151695567289
differential_evolution step 159: f(x)= 59.21151695567289
differential_evolution step 160: f(x)= 59.21151695567289
differential_evolution step 161: f(x)= 59.21151695567289
differential_evolution step 162: f(x)= 59.21151695567289
differential_evolution step 163: f(x)= 57.22587024589772
differential_evolution step 164: f(x)= 57.22587024589772
differential_evolution step 165: f(x)= 57.22587024589772
differential_evolution step 166: f(x)= 51.977972258474225
differential_evolution step 167: f(x)= 51.977972258474225
differential_evolution step 168: f(x)= 51.977972258474225
differential_evolution step 169: f(x)= 51.977972258474225
differential_evolution step 170: f(x)= 51.977972258474225
differential_evolution step 171: f(x)= 51.977972258474225
differential_evolution step 172: f(x)= 51.977972258474225
differential_evolution step 173: f(x)= 51.977972258474225
differential_evolution step 174: f(x)= 51.977972258474225
differential_evolution step 175: f(x)= 51.977972258474225
differential_evolution step 176: f(x)= 51.977972258474225
differential_evolution step 177: f(x)= 51.977972258474225
differential_evolution step 178: f(x)= 51.977972258474225
differential_evolution step 179: f(x)= 51.977972258474225
differential_evolution step 180: f(x)= 51.977972258474225
differential_evolution step 181: f(x)= 51.977972258474225
differential_evolution step 182: f(x)= 51.977972258474225
differential_evolution step 183: f(x)= 51.977972258474225
differential_evolution step 184: f(x)= 51.977972258474225
differential_evolution step 185: f(x)= 51.977972258474225
differential_evolution step 186: f(x)= 51.977972258474225
differential_evolution step 187: f(x)= 51.977972258474225
differential_evolution step 188: f(x)= 51.977972258474225
differential_evolution step 189: f(x)= 51.977972258474225
differential_evolution step 190: f(x)= 51.977972258474225
differential_evolution step 191: f(x)= 51.977972258474225
differential_evolution step 192: f(x)= 51.977972258474225
differential_evolution step 193: f(x)= 51.977972258474225
differential_evolution step 194: f(x)= 51.977972258474225
differential_evolution step 195: f(x)= 51.977972258474225
differential_evolution step 196: f(x)= 51.977972258474225
differential_evolution step 197: f(x)= 51.977972258474225
differential_evolution step 198: f(x)= 50.19866704886475
differential_evolution step 199: f(x)= 50.19866704886475
differential_evolution step 200: f(x)= 50.19866704886475
Cluster 0 DE best chi^2: 50.199 with params {'x_src': np.float64(75.15744287992705), 'y_src': np.float64(73.72770764735232), 'z_s': np.float64(4.610022706377444)}
--- Running DE for Cluster 1 ---
[DE] Process Pool with 16 procs (init=latinhypercube, popsize=50)
differential_evolution step 1: f(x)= 3000.0
differential_evolution step 2: f(x)= 3000.0
differential_evolution step 3: f(x)= 3000.0
differential_evolution step 4: f(x)= 3000.0
differential_evolution step 5: f(x)= 3000.0
differential_evolution step 6: f(x)= 3000.0
differential_evolution step 7: f(x)= 3000.0
differential_evolution step 8: f(x)= 3000.0
differential_evolution step 9: f(x)= 3000.0
differential_evolution step 10: f(x)= 3000.0
differential_evolution step 11: f(x)= 3000.0
differential_evolution step 12: f(x)= 3000.0
differential_evolution step 13: f(x)= 3000.0
differential_evolution step 14: f(x)= 3000.0
differential_evolution step 15: f(x)= 3000.0
differential_evolution step 16: f(x)= 3000.0
differential_evolution step 17: f(x)= 3000.0
differential_evolution step 18: f(x)= 3000.0
differential_evolution step 19: f(x)= 3000.0
differential_evolution step 20: f(x)= 3000.0
differential_evolution step 21: f(x)= 3000.0
differential_evolution step 22: f(x)= 3000.0
differential_evolution step 23: f(x)= 3000.0
differential_evolution step 24: f(x)= 3000.0
differential_evolution step 25: f(x)= 3000.0
differential_evolution step 26: f(x)= 3000.0
differential_evolution step 27: f(x)= 3000.0
differential_evolution step 28: f(x)= 3000.0
differential_evolution step 29: f(x)= 3000.0
differential_evolution step 30: f(x)= 3000.0
differential_evolution step 31: f(x)= 3000.0
differential_evolution step 32: f(x)= 3000.0
differential_evolution step 33: f(x)= 3000.0
differential_evolution step 34: f(x)= 3000.0
differential_evolution step 35: f(x)= 3000.0
differential_evolution step 36: f(x)= 3000.0
differential_evolution step 37: f(x)= 3000.0
Cluster 1 DE best chi^2: 3000.000 with params {'x_src': np.float64(207.4136068452996), 'y_src': np.float64(190.0451919767754), 'z_s': np.float64(3.489642790383173)}
--- Running DE for Cluster 2 ---
[DE] Process Pool with 16 procs (init=latinhypercube, popsize=50)
differential_evolution step 1: f(x)= 4242.640687119286
differential_evolution step 2: f(x)= 4242.640687119286
differential_evolution step 3: f(x)= 1360.3526762947517
differential_evolution step 4: f(x)= 1360.3526762947517
differential_evolution step 5: f(x)= 1360.3526762947517
differential_evolution step 6: f(x)= 1360.3526762947517
differential_evolution step 7: f(x)= 1360.3526762947517
differential_evolution step 8: f(x)= 1120.6109310687564
differential_evolution step 9: f(x)= 1120.6109310687564
differential_evolution step 10: f(x)= 1120.6109310687564
differential_evolution step 11: f(x)= 1120.6109310687564
differential_evolution step 12: f(x)= 1120.6109310687564
differential_evolution step 13: f(x)= 1120.6109310687564
differential_evolution step 14: f(x)= 941.8187400028273
differential_evolution step 15: f(x)= 447.5176836657858
differential_evolution step 16: f(x)= 447.5176836657858
differential_evolution step 17: f(x)= 447.5176836657858
differential_evolution step 18: f(x)= 447.5176836657858
differential_evolution step 19: f(x)= 447.5176836657858
differential_evolution step 20: f(x)= 447.5176836657858
differential_evolution step 21: f(x)= 447.5176836657858
differential_evolution step 22: f(x)= 447.5176836657858
differential_evolution step 23: f(x)= 447.5176836657858
differential_evolution step 24: f(x)= 447.5176836657858
differential_evolution step 25: f(x)= 447.5176836657858
differential_evolution step 26: f(x)= 447.5176836657858
differential_evolution step 27: f(x)= 447.5176836657858
differential_evolution step 28: f(x)= 443.02066601033164
differential_evolution step 29: f(x)= 406.59314805453806
differential_evolution step 30: f(x)= 406.59314805453806
differential_evolution step 31: f(x)= 406.59314805453806
differential_evolution step 32: f(x)= 325.7869075135844
differential_evolution step 33: f(x)= 325.7869075135844
differential_evolution step 34: f(x)= 325.7869075135844
differential_evolution step 35: f(x)= 325.7869075135844
differential_evolution step 36: f(x)= 303.1524440363875
differential_evolution step 37: f(x)= 303.1524440363875
differential_evolution step 38: f(x)= 303.1524440363875
differential_evolution step 39: f(x)= 303.1524440363875
differential_evolution step 40: f(x)= 303.1524440363875
differential_evolution step 41: f(x)= 289.6133366540682
differential_evolution step 42: f(x)= 289.6133366540682
differential_evolution step 43: f(x)= 289.6133366540682
differential_evolution step 44: f(x)= 289.6133366540682
differential_evolution step 45: f(x)= 289.6133366540682
differential_evolution step 46: f(x)= 287.9377150316313
differential_evolution step 47: f(x)= 287.9377150316313
differential_evolution step 48: f(x)= 287.9377150316313
differential_evolution step 49: f(x)= 287.9377150316313
differential_evolution step 50: f(x)= 287.9377150316313
differential_evolution step 51: f(x)= 287.9377150316313
differential_evolution step 52: f(x)= 287.9377150316313
differential_evolution step 53: f(x)= 287.9377150316313
differential_evolution step 54: f(x)= 287.9377150316313
differential_evolution step 55: f(x)= 287.9377150316313
differential_evolution step 56: f(x)= 287.9377150316313
differential_evolution step 57: f(x)= 287.9377150316313
differential_evolution step 58: f(x)= 287.1287061888802
differential_evolution step 59: f(x)= 285.9230107104632
differential_evolution step 60: f(x)= 285.9230107104632
differential_evolution step 61: f(x)= 285.9230107104632
differential_evolution step 62: f(x)= 285.9230107104632
differential_evolution step 63: f(x)= 285.9230107104632
differential_evolution step 64: f(x)= 285.9230107104632
differential_evolution step 65: f(x)= 285.29932406883535
differential_evolution step 66: f(x)= 285.29932406883535
differential_evolution step 67: f(x)= 285.29932406883535
differential_evolution step 68: f(x)= 285.29932406883535
differential_evolution step 69: f(x)= 285.29932406883535
differential_evolution step 70: f(x)= 285.29932406883535
differential_evolution step 71: f(x)= 285.29932406883535
differential_evolution step 72: f(x)= 285.14987847698046
differential_evolution step 73: f(x)= 285.14987847698046
differential_evolution step 74: f(x)= 285.14987847698046
differential_evolution step 75: f(x)= 284.893303148387
differential_evolution step 76: f(x)= 284.893303148387
differential_evolution step 77: f(x)= 284.893303148387
differential_evolution step 78: f(x)= 284.893303148387
differential_evolution step 79: f(x)= 284.893303148387
differential_evolution step 80: f(x)= 284.836134790525
differential_evolution step 81: f(x)= 284.836134790525
differential_evolution step 82: f(x)= 284.5562496792887
differential_evolution step 83: f(x)= 284.5562496792887
differential_evolution step 84: f(x)= 284.5562496792887
differential_evolution step 85: f(x)= 284.5562496792887
differential_evolution step 86: f(x)= 284.40382573560026
differential_evolution step 87: f(x)= 284.40382573560026
differential_evolution step 88: f(x)= 284.40382573560026
differential_evolution step 89: f(x)= 284.40382573560026
differential_evolution step 90: f(x)= 284.40382573560026
differential_evolution step 91: f(x)= 284.40382573560026
differential_evolution step 92: f(x)= 284.3765393950353
differential_evolution step 93: f(x)= 284.34584225164724
differential_evolution step 94: f(x)= 284.34584225164724
differential_evolution step 95: f(x)= 284.2932944401868
differential_evolution step 96: f(x)= 284.2818096588891
differential_evolution step 97: f(x)= 284.2597091890601
differential_evolution step 98: f(x)= 284.2597091890601
differential_evolution step 99: f(x)= 284.24718396117413
differential_evolution step 100: f(x)= 284.24718396117413
differential_evolution step 101: f(x)= 284.24718396117413
differential_evolution step 102: f(x)= 284.24718396117413
differential_evolution step 103: f(x)= 284.24718396117413
differential_evolution step 104: f(x)= 284.24718396117413
differential_evolution step 105: f(x)= 284.24718396117413
differential_evolution step 106: f(x)= 284.24718396117413
differential_evolution step 107: f(x)= 284.24718396117413
differential_evolution step 108: f(x)= 284.24718396117413
differential_evolution step 109: f(x)= 284.24718396117413
differential_evolution step 110: f(x)= 284.24718396117413
differential_evolution step 111: f(x)= 284.24718396117413
differential_evolution step 112: f(x)= 284.24718396117413
differential_evolution step 113: f(x)= 284.24718396117413
differential_evolution step 114: f(x)= 284.24718396117413
differential_evolution step 115: f(x)= 284.24718396117413
differential_evolution step 116: f(x)= 284.24718396117413
differential_evolution step 117: f(x)= 284.24718396117413
differential_evolution step 118: f(x)= 284.24718396117413
differential_evolution step 119: f(x)= 284.24718396117413
differential_evolution step 120: f(x)= 284.24718396117413
differential_evolution step 121: f(x)= 284.2308202781442
differential_evolution step 122: f(x)= 284.2308202781442
differential_evolution step 123: f(x)= 284.2308202781442
differential_evolution step 124: f(x)= 284.2308202781442
differential_evolution step 125: f(x)= 284.2308202781442
differential_evolution step 126: f(x)= 284.2308202781442
differential_evolution step 127: f(x)= 284.2308202781442
differential_evolution step 128: f(x)= 284.2308202781442
differential_evolution step 129: f(x)= 284.2308202781442
differential_evolution step 130: f(x)= 284.2308202781442
differential_evolution step 131: f(x)= 284.2308202781442
differential_evolution step 132: f(x)= 284.2308202781442
differential_evolution step 133: f(x)= 284.2308202781442
differential_evolution step 134: f(x)= 284.2178627846019
differential_evolution step 135: f(x)= 284.2178627846019
differential_evolution step 136: f(x)= 284.2178627846019
differential_evolution step 137: f(x)= 284.2178627846019
differential_evolution step 138: f(x)= 284.2178627846019
differential_evolution step 139: f(x)= 284.2178627846019
differential_evolution step 140: f(x)= 284.2178627846019
differential_evolution step 141: f(x)= 284.2178627846019
differential_evolution step 142: f(x)= 284.1835463893734
differential_evolution step 143: f(x)= 284.1835463893734
differential_evolution step 144: f(x)= 284.1835463893734
differential_evolution step 145: f(x)= 284.1835463893734
differential_evolution step 146: f(x)= 284.1835463893734
differential_evolution step 147: f(x)= 284.1835463893734
differential_evolution step 148: f(x)= 284.1835463893734
differential_evolution step 149: f(x)= 284.1835463893734
differential_evolution step 150: f(x)= 284.1835463893734
differential_evolution step 151: f(x)= 284.1835463893734
differential_evolution step 152: f(x)= 284.1835463893734
differential_evolution step 153: f(x)= 284.1835463893734
differential_evolution step 154: f(x)= 284.17809694236803
differential_evolution step 155: f(x)= 284.17809694236803
differential_evolution step 156: f(x)= 284.17809694236803
differential_evolution step 157: f(x)= 284.17809694236803
differential_evolution step 158: f(x)= 284.17809694236803
differential_evolution step 159: f(x)= 284.17809694236803
differential_evolution step 160: f(x)= 284.17809694236803
differential_evolution step 161: f(x)= 284.17809694236803
differential_evolution step 162: f(x)= 284.17809694236803
differential_evolution step 163: f(x)= 284.17809694236803
differential_evolution step 164: f(x)= 284.17809694236803
differential_evolution step 165: f(x)= 284.17809694236803
differential_evolution step 166: f(x)= 284.17809694236803
differential_evolution step 167: f(x)= 284.17809694236803
differential_evolution step 168: f(x)= 284.17809694236803
differential_evolution step 169: f(x)= 284.17809694236803
differential_evolution step 170: f(x)= 284.17809694236803
differential_evolution step 171: f(x)= 284.17809694236803
differential_evolution step 172: f(x)= 284.17809694236803
differential_evolution step 173: f(x)= 284.17809694236803
differential_evolution step 174: f(x)= 284.17809694236803
differential_evolution step 175: f(x)= 284.17809694236803
differential_evolution step 176: f(x)= 284.17809694236803
differential_evolution step 177: f(x)= 284.17809694236803
differential_evolution step 178: f(x)= 284.17809694236803
differential_evolution step 179: f(x)= 284.17809694236803
differential_evolution step 180: f(x)= 284.17809694236803
differential_evolution step 181: f(x)= 284.17809694236803
differential_evolution step 182: f(x)= 284.17809694236803
differential_evolution step 183: f(x)= 284.17809694236803
differential_evolution step 184: f(x)= 284.1618148407918
differential_evolution step 185: f(x)= 284.1618148407918
differential_evolution step 186: f(x)= 284.1618148407918
differential_evolution step 187: f(x)= 284.1618148407918
differential_evolution step 188: f(x)= 284.1618148407918
differential_evolution step 189: f(x)= 284.1618148407918
differential_evolution step 190: f(x)= 284.1618148407918
differential_evolution step 191: f(x)= 284.1618148407918
differential_evolution step 192: f(x)= 284.1618148407918
differential_evolution step 193: f(x)= 284.1618148407918
differential_evolution step 194: f(x)= 284.1618148407918
differential_evolution step 195: f(x)= 284.1618148407918
differential_evolution step 196: f(x)= 284.1618148407918
differential_evolution step 197: f(x)= 284.1618148407918
differential_evolution step 198: f(x)= 284.1618148407918
differential_evolution step 199: f(x)= 284.1618148407918
differential_evolution step 200: f(x)= 284.1618148407918
Cluster 2 DE best chi^2: 284.162 with params {'x_src': np.float64(99.82415882964291), 'y_src': np.float64(102.31445018988893), 'z_s': np.float64(1.2154311556599997)}
--- Running DE for Cluster 3 ---
[DE] Process Pool with 16 procs (init=latinhypercube, popsize=50)
differential_evolution step 1: f(x)= 4242.640687119286
differential_evolution step 2: f(x)= 4242.640687119286
differential_evolution step 3: f(x)= 3000.0
differential_evolution step 4: f(x)= 3000.0
differential_evolution step 5: f(x)= 210.63966652416627
differential_evolution step 6: f(x)= 210.63966652416627
differential_evolution step 7: f(x)= 210.63966652416627
differential_evolution step 8: f(x)= 210.63966652416627
differential_evolution step 9: f(x)= 210.63966652416627
differential_evolution step 10: f(x)= 210.63966652416627
differential_evolution step 11: f(x)= 210.63966652416627
differential_evolution step 12: f(x)= 210.63966652416627
differential_evolution step 13: f(x)= 210.63966652416627
differential_evolution step 14: f(x)= 210.63966652416627
differential_evolution step 15: f(x)= 210.63966652416627
differential_evolution step 16: f(x)= 199.40784424754847
differential_evolution step 17: f(x)= 199.40784424754847
differential_evolution step 18: f(x)= 199.40784424754847
differential_evolution step 19: f(x)= 199.40784424754847
differential_evolution step 20: f(x)= 199.40784424754847
differential_evolution step 21: f(x)= 199.40784424754847
differential_evolution step 22: f(x)= 199.40784424754847
differential_evolution step 23: f(x)= 199.40784424754847
differential_evolution step 24: f(x)= 199.40784424754847
differential_evolution step 25: f(x)= 199.40784424754847
differential_evolution step 26: f(x)= 1.326311228560163
differential_evolution step 27: f(x)= 1.326311228560163
differential_evolution step 28: f(x)= 1.326311228560163
differential_evolution step 29: f(x)= 1.326311228560163
differential_evolution step 30: f(x)= 1.326311228560163
differential_evolution step 31: f(x)= 1.326311228560163
differential_evolution step 32: f(x)= 1.326311228560163
differential_evolution step 33: f(x)= 1.326311228560163
differential_evolution step 34: f(x)= 1.326311228560163
differential_evolution step 35: f(x)= 1.326311228560163
differential_evolution step 36: f(x)= 1.326311228560163
differential_evolution step 37: f(x)= 1.326311228560163
differential_evolution step 38: f(x)= 1.326311228560163
differential_evolution step 39: f(x)= 1.326311228560163
differential_evolution step 40: f(x)= 1.326311228560163
differential_evolution step 41: f(x)= 1.326311228560163
differential_evolution step 42: f(x)= 1.326311228560163
differential_evolution step 43: f(x)= 1.326311228560163
differential_evolution step 44: f(x)= 1.326311228560163
differential_evolution step 45: f(x)= 1.326311228560163
differential_evolution step 46: f(x)= 1.326311228560163
differential_evolution step 47: f(x)= 1.326311228560163
differential_evolution step 48: f(x)= 1.326311228560163
differential_evolution step 49: f(x)= 1.326311228560163
differential_evolution step 50: f(x)= 1.326311228560163
differential_evolution step 51: f(x)= 1.326311228560163
differential_evolution step 52: f(x)= 1.326311228560163
differential_evolution step 53: f(x)= 1.326311228560163
differential_evolution step 54: f(x)= 1.326311228560163
differential_evolution step 55: f(x)= 1.326311228560163
differential_evolution step 56: f(x)= 1.326311228560163
differential_evolution step 57: f(x)= 1.326311228560163
differential_evolution step 58: f(x)= 1.326311228560163
differential_evolution step 59: f(x)= 1.326311228560163
differential_evolution step 60: f(x)= 1.326311228560163
differential_evolution step 61: f(x)= 1.326311228560163
differential_evolution step 62: f(x)= 1.326311228560163
differential_evolution step 63: f(x)= 1.326311228560163
differential_evolution step 64: f(x)= 1.326311228560163
differential_evolution step 65: f(x)= 1.326311228560163
differential_evolution step 66: f(x)= 1.326311228560163
differential_evolution step 67: f(x)= 1.326311228560163
differential_evolution step 68: f(x)= 1.326311228560163
differential_evolution step 69: f(x)= 1.326311228560163
differential_evolution step 70: f(x)= 1.326311228560163
differential_evolution step 71: f(x)= 1.326311228560163
differential_evolution step 72: f(x)= 1.326311228560163
differential_evolution step 73: f(x)= 1.326311228560163
differential_evolution step 74: f(x)= 1.326311228560163
differential_evolution step 75: f(x)= 1.326311228560163
differential_evolution step 76: f(x)= 1.326311228560163
differential_evolution step 77: f(x)= 1.326311228560163
differential_evolution step 78: f(x)= 1.326311228560163
differential_evolution step 79: f(x)= 1.326311228560163
differential_evolution step 80: f(x)= 1.326311228560163
differential_evolution step 81: f(x)= 1.326311228560163
differential_evolution step 82: f(x)= 1.326311228560163
differential_evolution step 83: f(x)= 1.326311228560163
differential_evolution step 84: f(x)= 1.326311228560163
differential_evolution step 85: f(x)= 1.326311228560163
differential_evolution step 86: f(x)= 1.326311228560163
differential_evolution step 87: f(x)= 1.326311228560163
differential_evolution step 88: f(x)= 1.326311228560163
differential_evolution step 89: f(x)= 1.326311228560163
differential_evolution step 90: f(x)= 1.326311228560163
differential_evolution step 91: f(x)= 1.326311228560163
differential_evolution step 92: f(x)= 1.326311228560163
differential_evolution step 93: f(x)= 1.326311228560163
differential_evolution step 94: f(x)= 1.326311228560163
differential_evolution step 95: f(x)= 1.326311228560163
differential_evolution step 96: f(x)= 1.326311228560163
differential_evolution step 97: f(x)= 1.326311228560163
differential_evolution step 98: f(x)= 1.326311228560163
differential_evolution step 99: f(x)= 1.326311228560163
differential_evolution step 100: f(x)= 1.326311228560163
differential_evolution step 101: f(x)= 1.326311228560163
differential_evolution step 102: f(x)= 1.326311228560163
differential_evolution step 103: f(x)= 1.326311228560163
differential_evolution step 104: f(x)= 1.326311228560163
differential_evolution step 105: f(x)= 1.326311228560163
differential_evolution step 106: f(x)= 1.326311228560163
differential_evolution step 107: f(x)= 1.326311228560163
differential_evolution step 108: f(x)= 1.326311228560163
differential_evolution step 109: f(x)= 1.326311228560163
differential_evolution step 110: f(x)= 1.326311228560163
differential_evolution step 111: f(x)= 1.326311228560163
differential_evolution step 112: f(x)= 1.326311228560163
differential_evolution step 113: f(x)= 1.326311228560163
differential_evolution step 114: f(x)= 1.326311228560163
differential_evolution step 115: f(x)= 1.326311228560163
differential_evolution step 116: f(x)= 1.326311228560163
differential_evolution step 117: f(x)= 1.326311228560163
differential_evolution step 118: f(x)= 1.326311228560163
differential_evolution step 119: f(x)= 1.326311228560163
differential_evolution step 120: f(x)= 1.326311228560163
differential_evolution step 121: f(x)= 1.326311228560163
differential_evolution step 122: f(x)= 1.326311228560163
differential_evolution step 123: f(x)= 0.19425209931857715
differential_evolution step 124: f(x)= 0.19425209931857715
differential_evolution step 125: f(x)= 0.19425209931857715
differential_evolution step 126: f(x)= 0.19425209931857715
differential_evolution step 127: f(x)= 0.19425209931857715
differential_evolution step 128: f(x)= 0.19425209931857715
differential_evolution step 129: f(x)= 0.19425209931857715
differential_evolution step 130: f(x)= 0.19425209931857715
differential_evolution step 131: f(x)= 0.19425209931857715
differential_evolution step 132: f(x)= 0.11156678997656609
differential_evolution step 133: f(x)= 0.11156678997656609
differential_evolution step 134: f(x)= 0.11156678997656609
differential_evolution step 135: f(x)= 0.11156678997656609
differential_evolution step 136: f(x)= 0.11156678997656609
differential_evolution step 137: f(x)= 0.11156678997656609
differential_evolution step 138: f(x)= 0.11156678997656609
differential_evolution step 139: f(x)= 0.11156678997656609
differential_evolution step 140: f(x)= 0.11156678997656609
differential_evolution step 141: f(x)= 0.11156678997656609
differential_evolution step 142: f(x)= 0.11156678997656609
differential_evolution step 143: f(x)= 0.11156678997656609
differential_evolution step 144: f(x)= 0.015668248775100146
Cluster 3 DE best chi^2: 0.016 with params {'x_src': np.float64(125.93382376899379), 'y_src': np.float64(109.69851305043291), 'z_s': np.float64(3.7506042973699705)}
--- Running DE for Cluster 4 ---
[DE] Process Pool with 16 procs (init=latinhypercube, popsize=50)
differential_evolution step 1: f(x)= 3000.0
differential_evolution step 2: f(x)= 3000.0
differential_evolution step 3: f(x)= 3000.0
differential_evolution step 4: f(x)= 3000.0
differential_evolution step 5: f(x)= 3000.0
differential_evolution step 6: f(x)= 3000.0
differential_evolution step 7: f(x)= 997.5584998598447
differential_evolution step 8: f(x)= 997.5584998598447
differential_evolution step 9: f(x)= 997.5584998598447
differential_evolution step 10: f(x)= 997.5584998598447
differential_evolution step 11: f(x)= 997.5584998598447
differential_evolution step 12: f(x)= 997.5584998598447
differential_evolution step 13: f(x)= 997.5584998598447
differential_evolution step 14: f(x)= 997.5584998598447
differential_evolution step 15: f(x)= 997.5584998598447
differential_evolution step 16: f(x)= 417.19828217283543
differential_evolution step 17: f(x)= 417.19828217283543
differential_evolution step 18: f(x)= 417.19828217283543
differential_evolution step 19: f(x)= 417.19828217283543
differential_evolution step 20: f(x)= 417.19828217283543
differential_evolution step 21: f(x)= 417.19828217283543
differential_evolution step 22: f(x)= 417.19828217283543
differential_evolution step 23: f(x)= 417.19828217283543
differential_evolution step 24: f(x)= 417.19828217283543
differential_evolution step 25: f(x)= 417.19828217283543
differential_evolution step 26: f(x)= 417.19828217283543
differential_evolution step 27: f(x)= 417.19828217283543
differential_evolution step 28: f(x)= 417.19828217283543
differential_evolution step 29: f(x)= 417.19828217283543
differential_evolution step 30: f(x)= 417.19828217283543
differential_evolution step 31: f(x)= 281.35954292454153
differential_evolution step 32: f(x)= 281.35954292454153
differential_evolution step 33: f(x)= 281.35954292454153
differential_evolution step 34: f(x)= 281.35954292454153
differential_evolution step 35: f(x)= 281.35954292454153
differential_evolution step 36: f(x)= 281.35954292454153
differential_evolution step 37: f(x)= 281.35954292454153
differential_evolution step 38: f(x)= 281.35954292454153
differential_evolution step 39: f(x)= 281.35954292454153
differential_evolution step 40: f(x)= 281.35954292454153
differential_evolution step 41: f(x)= 281.35954292454153
differential_evolution step 42: f(x)= 281.35954292454153
differential_evolution step 43: f(x)= 281.35954292454153
differential_evolution step 44: f(x)= 281.35954292454153
differential_evolution step 45: f(x)= 281.35954292454153
differential_evolution step 46: f(x)= 281.35954292454153
differential_evolution step 47: f(x)= 281.35954292454153
differential_evolution step 48: f(x)= 281.35954292454153
differential_evolution step 49: f(x)= 281.35954292454153
differential_evolution step 50: f(x)= 281.35954292454153
differential_evolution step 51: f(x)= 281.35954292454153
differential_evolution step 52: f(x)= 281.35954292454153
differential_evolution step 53: f(x)= 281.35954292454153
differential_evolution step 54: f(x)= 281.35954292454153
differential_evolution step 55: f(x)= 281.35954292454153
differential_evolution step 56: f(x)= 281.35954292454153
differential_evolution step 57: f(x)= 281.35954292454153
differential_evolution step 58: f(x)= 281.35954292454153
differential_evolution step 59: f(x)= 281.35954292454153
differential_evolution step 60: f(x)= 237.57824627283625
differential_evolution step 61: f(x)= 169.0701698338451
differential_evolution step 62: f(x)= 169.0701698338451
differential_evolution step 63: f(x)= 169.0701698338451
differential_evolution step 64: f(x)= 169.0701698338451
differential_evolution step 65: f(x)= 169.0701698338451
differential_evolution step 66: f(x)= 169.0701698338451
differential_evolution step 67: f(x)= 169.0701698338451
differential_evolution step 68: f(x)= 169.0701698338451
differential_evolution step 69: f(x)= 169.0701698338451
differential_evolution step 70: f(x)= 169.0701698338451
differential_evolution step 71: f(x)= 169.0701698338451
differential_evolution step 72: f(x)= 169.0701698338451
differential_evolution step 73: f(x)= 169.0701698338451
differential_evolution step 74: f(x)= 169.0701698338451
differential_evolution step 75: f(x)= 169.0701698338451
differential_evolution step 76: f(x)= 169.0701698338451
differential_evolution step 77: f(x)= 169.0701698338451
differential_evolution step 78: f(x)= 169.0701698338451
differential_evolution step 79: f(x)= 169.0701698338451
differential_evolution step 80: f(x)= 117.75208639392693
differential_evolution step 81: f(x)= 117.75208639392693
differential_evolution step 82: f(x)= 117.75208639392693
differential_evolution step 83: f(x)= 117.75208639392693
differential_evolution step 84: f(x)= 117.75208639392693
differential_evolution step 85: f(x)= 117.75208639392693
differential_evolution step 86: f(x)= 117.75208639392693
differential_evolution step 87: f(x)= 117.75208639392693
differential_evolution step 88: f(x)= 117.75208639392693
differential_evolution step 89: f(x)= 117.75208639392693
differential_evolution step 90: f(x)= 117.75208639392693
differential_evolution step 91: f(x)= 117.75208639392693
differential_evolution step 92: f(x)= 117.75208639392693
differential_evolution step 93: f(x)= 117.75208639392693
differential_evolution step 94: f(x)= 117.75208639392693
differential_evolution step 95: f(x)= 117.75208639392693
differential_evolution step 96: f(x)= 117.75208639392693
differential_evolution step 97: f(x)= 117.75208639392693
differential_evolution step 98: f(x)= 117.75208639392693
differential_evolution step 99: f(x)= 117.75208639392693
differential_evolution step 100: f(x)= 117.75208639392693
differential_evolution step 101: f(x)= 117.75208639392693
differential_evolution step 102: f(x)= 117.75208639392693
differential_evolution step 103: f(x)= 117.75208639392693
differential_evolution step 104: f(x)= 117.75208639392693
differential_evolution step 105: f(x)= 117.75208639392693
differential_evolution step 106: f(x)= 117.75208639392693
differential_evolution step 107: f(x)= 117.75208639392693
differential_evolution step 108: f(x)= 117.75208639392693
differential_evolution step 109: f(x)= 117.75208639392693
differential_evolution step 110: f(x)= 117.75208639392693
differential_evolution step 111: f(x)= 117.75208639392693
differential_evolution step 112: f(x)= 117.75208639392693
differential_evolution step 113: f(x)= 117.75208639392693
differential_evolution step 114: f(x)= 117.75208639392693
differential_evolution step 115: f(x)= 117.75208639392693
differential_evolution step 116: f(x)= 117.75208639392693
differential_evolution step 117: f(x)= 117.75208639392693
differential_evolution step 118: f(x)= 117.75208639392693
differential_evolution step 119: f(x)= 117.75208639392693
differential_evolution step 120: f(x)= 117.75208639392693
differential_evolution step 121: f(x)= 117.75208639392693
differential_evolution step 122: f(x)= 117.75208639392693
differential_evolution step 123: f(x)= 117.75208639392693
differential_evolution step 124: f(x)= 117.75208639392693
differential_evolution step 125: f(x)= 117.75208639392693
differential_evolution step 126: f(x)= 117.75208639392693
differential_evolution step 127: f(x)= 117.75208639392693
differential_evolution step 128: f(x)= 117.75208639392693
differential_evolution step 129: f(x)= 117.75208639392693
differential_evolution step 130: f(x)= 117.75208639392693
differential_evolution step 131: f(x)= 117.75208639392693
differential_evolution step 132: f(x)= 117.75208639392693
differential_evolution step 133: f(x)= 117.75208639392693
differential_evolution step 134: f(x)= 117.75208639392693
differential_evolution step 135: f(x)= 117.75208639392693
differential_evolution step 136: f(x)= 117.75208639392693
differential_evolution step 137: f(x)= 117.75208639392693
differential_evolution step 138: f(x)= 98.80563231385486
differential_evolution step 139: f(x)= 98.80563231385486
differential_evolution step 140: f(x)= 98.80563231385486
differential_evolution step 141: f(x)= 98.80563231385486
differential_evolution step 142: f(x)= 98.80563231385486
differential_evolution step 143: f(x)= 98.80563231385486
differential_evolution step 144: f(x)= 98.80563231385486
differential_evolution step 145: f(x)= 98.80563231385486
differential_evolution step 146: f(x)= 98.80563231385486
differential_evolution step 147: f(x)= 98.80563231385486
differential_evolution step 148: f(x)= 98.80563231385486
differential_evolution step 149: f(x)= 98.80563231385486
differential_evolution step 150: f(x)= 98.80563231385486
differential_evolution step 151: f(x)= 98.80563231385486
differential_evolution step 152: f(x)= 98.80563231385486
differential_evolution step 153: f(x)= 98.80563231385486
differential_evolution step 154: f(x)= 98.80563231385486
differential_evolution step 155: f(x)= 98.80563231385486
differential_evolution step 156: f(x)= 98.80563231385486
differential_evolution step 157: f(x)= 98.80563231385486
differential_evolution step 158: f(x)= 98.80563231385486
differential_evolution step 159: f(x)= 98.80563231385486
differential_evolution step 160: f(x)= 98.80563231385486
differential_evolution step 161: f(x)= 98.80563231385486
differential_evolution step 162: f(x)= 98.80563231385486
differential_evolution step 163: f(x)= 98.80563231385486
differential_evolution step 164: f(x)= 98.80563231385486
differential_evolution step 165: f(x)= 98.80563231385486
differential_evolution step 166: f(x)= 98.80563231385486
differential_evolution step 167: f(x)= 97.8621526872709
differential_evolution step 168: f(x)= 97.8621526872709
differential_evolution step 169: f(x)= 96.11939793280574
differential_evolution step 170: f(x)= 96.11939793280574
differential_evolution step 171: f(x)= 96.11939793280574
differential_evolution step 172: f(x)= 96.11939793280574
differential_evolution step 173: f(x)= 96.11939793280574
differential_evolution step 174: f(x)= 96.11939793280574
differential_evolution step 175: f(x)= 96.11939793280574
differential_evolution step 176: f(x)= 96.11939793280574
differential_evolution step 177: f(x)= 95.84853078636914
differential_evolution step 178: f(x)= 95.84853078636914
differential_evolution step 179: f(x)= 95.84853078636914
differential_evolution step 180: f(x)= 95.84853078636914
differential_evolution step 181: f(x)= 95.84853078636914
differential_evolution step 182: f(x)= 95.84853078636914
differential_evolution step 183: f(x)= 95.84853078636914
differential_evolution step 184: f(x)= 95.84853078636914
differential_evolution step 185: f(x)= 95.84853078636914
differential_evolution step 186: f(x)= 95.0218523968233
differential_evolution step 187: f(x)= 95.0218523968233
differential_evolution step 188: f(x)= 95.0218523968233
differential_evolution step 189: f(x)= 95.0218523968233
differential_evolution step 190: f(x)= 94.78982137863817
differential_evolution step 191: f(x)= 94.78982137863817
differential_evolution step 192: f(x)= 94.48337724101452
differential_evolution step 193: f(x)= 94.48337724101452
differential_evolution step 194: f(x)= 94.48337724101452
differential_evolution step 195: f(x)= 94.48337724101452
differential_evolution step 196: f(x)= 93.73368738836152
differential_evolution step 197: f(x)= 93.73368738836152
differential_evolution step 198: f(x)= 93.73368738836152
differential_evolution step 199: f(x)= 93.73368738836152
differential_evolution step 200: f(x)= 93.73368738836152
Cluster 4 DE best chi^2: 93.734 with params {'x_src': np.float64(284.25722295966244), 'y_src': np.float64(259.8480545531827), 'z_s': np.float64(2.3117381413892213)}
--- Running DE for Cluster 5 ---
[DE] Process Pool with 16 procs (init=latinhypercube, popsize=50)
differential_evolution step 1: f(x)= 4242.640687119286
differential_evolution step 2: f(x)= 4242.640687119286
differential_evolution step 3: f(x)= 4242.640687119286
differential_evolution step 4: f(x)= 3000.0
differential_evolution step 5: f(x)= 3000.0
differential_evolution step 6: f(x)= 3000.0
differential_evolution step 7: f(x)= 3000.0
differential_evolution step 8: f(x)= 3000.0
differential_evolution step 9: f(x)= 3000.0
differential_evolution step 10: f(x)= 3000.0
differential_evolution step 11: f(x)= 3000.0
differential_evolution step 12: f(x)= 3000.0
differential_evolution step 13: f(x)= 3000.0
differential_evolution step 14: f(x)= 2333.9016434309005
differential_evolution step 15: f(x)= 2333.9016434309005
differential_evolution step 16: f(x)= 2333.9016434309005
differential_evolution step 17: f(x)= 2333.9016434309005
differential_evolution step 18: f(x)= 2333.9016434309005
differential_evolution step 19: f(x)= 2333.9016434309005
differential_evolution step 20: f(x)= 2333.9016434309005
differential_evolution step 21: f(x)= 1171.6117050505518
differential_evolution step 22: f(x)= 959.6494403711029
differential_evolution step 23: f(x)= 959.6494403711029
differential_evolution step 24: f(x)= 959.6494403711029
differential_evolution step 25: f(x)= 959.6494403711029
differential_evolution step 26: f(x)= 959.6494403711029
differential_evolution step 27: f(x)= 959.6494403711029
differential_evolution step 28: f(x)= 565.7286271576838
differential_evolution step 29: f(x)= 565.7286271576838
differential_evolution step 30: f(x)= 565.7286271576838
differential_evolution step 31: f(x)= 565.7286271576838
differential_evolution step 32: f(x)= 565.7286271576838
differential_evolution step 33: f(x)= 565.7286271576838
differential_evolution step 34: f(x)= 565.7286271576838
differential_evolution step 35: f(x)= 565.7286271576838
differential_evolution step 36: f(x)= 400.2742962496513
differential_evolution step 37: f(x)= 400.2742962496513
differential_evolution step 38: f(x)= 400.2742962496513
differential_evolution step 39: f(x)= 400.2742962496513
differential_evolution step 40: f(x)= 400.2742962496513
differential_evolution step 41: f(x)= 400.2742962496513
differential_evolution step 42: f(x)= 400.2742962496513
differential_evolution step 43: f(x)= 400.2742962496513
differential_evolution step 44: f(x)= 400.2742962496513
differential_evolution step 45: f(x)= 400.2742962496513
differential_evolution step 46: f(x)= 400.2742962496513
differential_evolution step 47: f(x)= 400.2742962496513
differential_evolution step 48: f(x)= 400.2742962496513
differential_evolution step 49: f(x)= 400.2742962496513
differential_evolution step 50: f(x)= 400.2742962496513
differential_evolution step 51: f(x)= 400.2742962496513
differential_evolution step 52: f(x)= 400.2742962496513
differential_evolution step 53: f(x)= 400.2742962496513
differential_evolution step 54: f(x)= 400.2742962496513
differential_evolution step 55: f(x)= 400.2742962496513
differential_evolution step 56: f(x)= 400.2742962496513
differential_evolution step 57: f(x)= 400.2742962496513
differential_evolution step 58: f(x)= 400.2742962496513
differential_evolution step 59: f(x)= 381.37572628555927
differential_evolution step 60: f(x)= 381.37572628555927
differential_evolution step 61: f(x)= 381.37572628555927
differential_evolution step 62: f(x)= 381.37572628555927
differential_evolution step 63: f(x)= 381.37572628555927
differential_evolution step 64: f(x)= 381.37572628555927
differential_evolution step 65: f(x)= 381.37572628555927
differential_evolution step 66: f(x)= 381.37572628555927
differential_evolution step 67: f(x)= 381.37572628555927
differential_evolution step 68: f(x)= 381.37572628555927
differential_evolution step 69: f(x)= 381.37572628555927
differential_evolution step 70: f(x)= 381.37572628555927
differential_evolution step 71: f(x)= 381.37572628555927
differential_evolution step 72: f(x)= 381.37572628555927
differential_evolution step 73: f(x)= 381.37572628555927
differential_evolution step 74: f(x)= 381.37572628555927
differential_evolution step 75: f(x)= 350.8073835147004
differential_evolution step 76: f(x)= 350.8073835147004
differential_evolution step 77: f(x)= 350.8073835147004
differential_evolution step 78: f(x)= 350.8073835147004
differential_evolution step 79: f(x)= 350.8073835147004
differential_evolution step 80: f(x)= 350.8073835147004
differential_evolution step 81: f(x)= 350.8073835147004
differential_evolution step 82: f(x)= 350.8073835147004
differential_evolution step 83: f(x)= 350.8073835147004
differential_evolution step 84: f(x)= 350.8073835147004
differential_evolution step 85: f(x)= 350.8073835147004
differential_evolution step 86: f(x)= 350.8073835147004
differential_evolution step 87: f(x)= 350.8073835147004
differential_evolution step 88: f(x)= 323.6953603212596
differential_evolution step 89: f(x)= 323.6953603212596
differential_evolution step 90: f(x)= 302.1664371491022
differential_evolution step 91: f(x)= 302.1664371491022
differential_evolution step 92: f(x)= 302.1664371491022
differential_evolution step 93: f(x)= 302.1664371491022
differential_evolution step 94: f(x)= 302.1664371491022
differential_evolution step 95: f(x)= 302.1664371491022
differential_evolution step 96: f(x)= 297.9271508913092
differential_evolution step 97: f(x)= 297.9271508913092
differential_evolution step 98: f(x)= 297.9271508913092
differential_evolution step 99: f(x)= 297.9271508913092
differential_evolution step 100: f(x)= 282.95842718591194
differential_evolution step 101: f(x)= 282.95842718591194
differential_evolution step 102: f(x)= 282.95842718591194
differential_evolution step 103: f(x)= 282.95842718591194
differential_evolution step 104: f(x)= 282.95842718591194
differential_evolution step 105: f(x)= 282.95842718591194
differential_evolution step 106: f(x)= 282.95842718591194
differential_evolution step 107: f(x)= 282.95842718591194
differential_evolution step 108: f(x)= 280.3385844237169
differential_evolution step 109: f(x)= 280.3385844237169
differential_evolution step 110: f(x)= 280.3385844237169
differential_evolution step 111: f(x)= 280.3385844237169
differential_evolution step 112: f(x)= 278.19105848382776
differential_evolution step 113: f(x)= 278.19105848382776
differential_evolution step 114: f(x)= 278.19105848382776
differential_evolution step 115: f(x)= 278.19105848382776
differential_evolution step 116: f(x)= 278.19105848382776
differential_evolution step 117: f(x)= 278.19105848382776
differential_evolution step 118: f(x)= 278.19105848382776
differential_evolution step 119: f(x)= 278.19105848382776
differential_evolution step 120: f(x)= 278.19105848382776
differential_evolution step 121: f(x)= 278.19105848382776
differential_evolution step 122: f(x)= 278.19105848382776
differential_evolution step 123: f(x)= 278.19105848382776
differential_evolution step 124: f(x)= 278.19105848382776
differential_evolution step 125: f(x)= 278.19105848382776
differential_evolution step 126: f(x)= 278.19105848382776
differential_evolution step 127: f(x)= 277.2067545803767
differential_evolution step 128: f(x)= 277.2067545803767
differential_evolution step 129: f(x)= 277.2067545803767
differential_evolution step 130: f(x)= 277.2067545803767
differential_evolution step 131: f(x)= 277.2067545803767
differential_evolution step 132: f(x)= 277.2067545803767
differential_evolution step 133: f(x)= 277.2067545803767
differential_evolution step 134: f(x)= 275.75040066379023
differential_evolution step 135: f(x)= 275.75040066379023
differential_evolution step 136: f(x)= 275.75040066379023
differential_evolution step 137: f(x)= 269.1677451726026
differential_evolution step 138: f(x)= 269.1677451726026
differential_evolution step 139: f(x)= 269.1677451726026
differential_evolution step 140: f(x)= 269.1677451726026
differential_evolution step 141: f(x)= 269.1677451726026
differential_evolution step 142: f(x)= 266.1569012235552
differential_evolution step 143: f(x)= 266.1569012235552
differential_evolution step 144: f(x)= 266.1569012235552
differential_evolution step 145: f(x)= 266.1569012235552
differential_evolution step 146: f(x)= 266.1569012235552
differential_evolution step 147: f(x)= 266.1569012235552
differential_evolution step 148: f(x)= 266.1569012235552
differential_evolution step 149: f(x)= 266.1569012235552
differential_evolution step 150: f(x)= 266.1569012235552
differential_evolution step 151: f(x)= 266.1569012235552
differential_evolution step 152: f(x)= 266.1569012235552
differential_evolution step 153: f(x)= 266.1569012235552
differential_evolution step 154: f(x)= 266.1569012235552
differential_evolution step 155: f(x)= 266.1569012235552
differential_evolution step 156: f(x)= 266.1569012235552
differential_evolution step 157: f(x)= 266.1569012235552
differential_evolution step 158: f(x)= 265.95270495757933
differential_evolution step 159: f(x)= 265.95270495757933
differential_evolution step 160: f(x)= 265.95270495757933
differential_evolution step 161: f(x)= 265.95270495757933
differential_evolution step 162: f(x)= 265.95270495757933
differential_evolution step 163: f(x)= 265.95270495757933
differential_evolution step 164: f(x)= 265.95270495757933
differential_evolution step 165: f(x)= 265.95270495757933
differential_evolution step 166: f(x)= 265.95270495757933
differential_evolution step 167: f(x)= 265.83598322657764
differential_evolution step 168: f(x)= 265.83598322657764
differential_evolution step 169: f(x)= 265.83598322657764
differential_evolution step 170: f(x)= 265.83598322657764
differential_evolution step 171: f(x)= 265.79465810266004
differential_evolution step 172: f(x)= 265.79465810266004
differential_evolution step 173: f(x)= 265.79465810266004
differential_evolution step 174: f(x)= 265.79465810266004
differential_evolution step 175: f(x)= 265.79465810266004
differential_evolution step 176: f(x)= 265.7766566048405
differential_evolution step 177: f(x)= 265.7766566048405
differential_evolution step 178: f(x)= 265.754044463071
differential_evolution step 179: f(x)= 265.754044463071
differential_evolution step 180: f(x)= 265.73156350060754
differential_evolution step 181: f(x)= 265.73156350060754
differential_evolution step 182: f(x)= 265.73156350060754
differential_evolution step 183: f(x)= 265.73156350060754
differential_evolution step 184: f(x)= 265.73156350060754
differential_evolution step 185: f(x)= 265.73156350060754
differential_evolution step 186: f(x)= 265.73156350060754
differential_evolution step 187: f(x)= 265.7140504376082
differential_evolution step 188: f(x)= 265.7140504376082
differential_evolution step 189: f(x)= 265.6958157425133
differential_evolution step 190: f(x)= 265.6958157425133
differential_evolution step 191: f(x)= 265.6958157425133
differential_evolution step 192: f(x)= 265.6958157425133
differential_evolution step 193: f(x)= 265.6958157425133
differential_evolution step 194: f(x)= 265.6958157425133
differential_evolution step 195: f(x)= 265.6958157425133
differential_evolution step 196: f(x)= 265.6958157425133
differential_evolution step 197: f(x)= 265.6897673093098
differential_evolution step 198: f(x)= 265.6897673093098
differential_evolution step 199: f(x)= 265.6897673093098
differential_evolution step 200: f(x)= 265.6897673093098
Cluster 5 DE best chi^2: 265.690 with params {'x_src': np.float64(148.67763316711367), 'y_src': np.float64(145.95613872157006), 'z_s': np.float64(2.059450594875954)}

--- DE Optimization Summary ---
Best fit found for Cluster 3 with chi^2 = 0.016
Best-fit parameters: {'x_src': np.float64(125.93382376899379), 'y_src': np.float64(109.69851305043291), 'z_s': np.float64(3.7506042973699705)}

--- Running MCMC for Cluster 3 (chi_sq=0.016) ---
[MCMC] Process Pool with 16 procs
  0%|          | 0/20000 [00:00<?, ?it/s]  1%|          | 122/20000 [01:40<4:31:56,  1.22it/s]  1%|          | 144/20000 [02:00<4:31:38,  1.22it/s]  1%|          | 244/20000 [03:20<4:30:31,  1.22it/s]  1%|         | 267/20000 [03:40<4:30:12,  1.22it/s]  2%|         | 360/20000 [05:00<4:35:12,  1.19it/s]  2%|         | 381/20000 [05:20<4:34:54,  1.19it/s]  2%|         | 467/20000 [06:41<4:45:41,  1.14it/s]  2%|         | 487/20000 [07:00<4:45:24,  1.14it/s]  3%|         | 574/20000 [08:22<4:51:15,  1.11it/s]  3%|         | 594/20000 [08:40<4:50:57,  1.11it/s]  3%|         | 680/20000 [10:02<4:54:22,  1.09it/s]  3%|         | 699/20000 [10:20<4:54:05,  1.09it/s]  4%|         | 788/20000 [11:42<4:54:43,  1.09it/s]  4%|         | 805/20000 [12:00<4:54:27,  1.09it/s]  4%|         | 892/20000 [13:23<4:57:24,  1.07it/s]  5%|         | 909/20000 [13:40<4:57:08,  1.07it/s]  5%|         | 995/20000 [15:04<5:00:03,  1.06it/s]  5%|         | 1011/20000 [15:20<4:59:47,  1.06it/s]  6%|         | 1102/20000 [16:44<4:57:37,  1.06it/s]  6%|         | 1118/20000 [17:00<4:57:22,  1.06it/s]  6%|         | 1208/20000 [18:24<4:56:12,  1.06it/s]  6%|         | 1223/20000 [18:40<4:55:58,  1.06it/s]  7%|         | 1314/20000 [20:05<4:54:55,  1.06it/s]  7%|         | 1329/20000 [20:20<4:54:41,  1.06it/s]  7%|         | 1424/20000 [21:45<4:49:45,  1.07it/s]  7%|         | 1439/20000 [22:00<4:49:31,  1.07it/s]  8%|         | 1534/20000 [23:26<4:46:05,  1.08it/s]  8%|         | 1548/20000 [23:40<4:45:52,  1.08it/s]  8%|         | 1646/20000 [25:06<4:41:02,  1.09it/s]  8%|         | 1660/20000 [25:20<4:40:49,  1.09it/s]  9%|         | 1761/20000 [26:47<4:35:13,  1.10it/s]  9%|         | 1774/20000 [27:00<4:35:01,  1.10it/s]  9%|         | 1868/20000 [28:28<4:36:35,  1.09it/s]  9%|         | 1880/20000 [28:40<4:36:24,  1.09it/s] 10%|         | 1974/20000 [30:08<4:37:48,  1.08it/s] 10%|         | 1986/20000 [30:20<4:37:37,  1.08it/s] 10%|         | 2086/20000 [31:48<4:33:15,  1.09it/s] 10%|         | 2099/20000 [32:00<4:33:03,  1.09it/s] 11%|         | 2203/20000 [33:29<4:26:20,  1.11it/s] 11%|         | 2215/20000 [33:40<4:26:09,  1.11it/s] 12%|        | 2316/20000 [35:09<4:24:07,  1.12it/s] 12%|        | 2327/20000 [35:20<4:23:57,  1.12it/s] 12%|        | 2434/20000 [36:50<4:17:59,  1.13it/s] 12%|        | 2456/20000 [37:10<4:17:39,  1.13it/s] 13%|        | 2542/20000 [38:30<4:20:44,  1.12it/s] 13%|        | 2563/20000 [38:50<4:20:26,  1.12it/s] 13%|        | 2654/20000 [40:11<4:19:19,  1.11it/s] 13%|        | 2674/20000 [40:30<4:19:01,  1.11it/s] 14%|        | 2761/20000 [41:51<4:20:53,  1.10it/s] 14%|        | 2780/20000 [42:10<4:20:36,  1.10it/s] 14%|        | 2870/20000 [43:31<4:20:22,  1.10it/s] 14%|        | 2891/20000 [43:50<4:20:03,  1.10it/s] 15%|        | 2985/20000 [45:12<4:15:03,  1.11it/s] 15%|        | 3004/20000 [45:30<4:14:46,  1.11it/s] 15%|        | 3096/20000 [46:52<4:13:51,  1.11it/s] 16%|        | 3116/20000 [47:10<4:13:33,  1.11it/s] 16%|        | 3211/20000 [48:33<4:10:06,  1.12it/s] 16%|        | 3229/20000 [48:50<4:09:50,  1.12it/s] 17%|        | 3328/20000 [50:14<4:05:30,  1.13it/s] 17%|        | 3346/20000 [50:30<4:05:14,  1.13it/s] 17%|        | 3442/20000 [51:54<4:03:37,  1.13it/s] 17%|        | 3458/20000 [52:10<4:03:23,  1.13it/s] 18%|        | 3550/20000 [53:35<4:06:01,  1.11it/s] 18%|        | 3565/20000 [53:50<4:05:48,  1.11it/s] 18%|        | 3659/20000 [55:15<4:06:16,  1.11it/s] 18%|        | 3675/20000 [55:30<4:06:02,  1.11it/s] 19%|        | 3775/20000 [56:56<4:01:36,  1.12it/s] 19%|        | 3791/20000 [57:10<4:01:22,  1.12it/s] 19%|        | 3886/20000 [58:36<4:00:42,  1.12it/s] 20%|        | 3900/20000 [58:50<4:00:29,  1.12it/s] 20%|        | 4001/20000 [1:00:17<3:57:12,  1.12it/s] 20%|        | 4015/20000 [1:00:30<3:56:59,  1.12it/s] 21%|        | 4114/20000 [1:01:57<3:55:10,  1.13it/s] 21%|        | 4127/20000 [1:02:10<3:54:59,  1.13it/s] 21%|        | 4224/20000 [1:03:37<3:55:25,  1.12it/s] 21%|        | 4237/20000 [1:03:50<3:55:13,  1.12it/s] 22%|       | 4340/20000 [1:05:18<3:51:17,  1.13it/s] 22%|       | 4353/20000 [1:05:30<3:51:05,  1.13it/s] 22%|       | 4460/20000 [1:06:58<3:45:27,  1.15it/s] 22%|       | 4476/20000 [1:07:10<3:45:13,  1.15it/s] 23%|       | 4584/20000 [1:08:38<3:38:33,  1.18it/s] 23%|       | 4597/20000 [1:08:50<3:38:22,  1.18it/s] 23%|       | 4698/20000 [1:10:18<3:39:03,  1.16it/s] 24%|       | 4710/20000 [1:10:30<3:38:52,  1.16it/s] 24%|       | 4821/20000 [1:11:59<3:33:56,  1.18it/s] 24%|       | 4834/20000 [1:12:10<3:33:45,  1.18it/s] 25%|       | 4935/20000 [1:13:39<3:35:01,  1.17it/s] 25%|       | 4946/20000 [1:13:50<3:34:51,  1.17it/s] 25%|       | 5045/20000 [1:15:20<3:37:36,  1.15it/s] 25%|       | 5065/20000 [1:15:40<3:37:19,  1.15it/s] 26%|       | 5156/20000 [1:17:01<3:38:27,  1.13it/s] 26%|       | 5176/20000 [1:17:20<3:38:10,  1.13it/s] 26%|       | 5270/20000 [1:18:41<3:36:39,  1.13it/s] 26%|       | 5292/20000 [1:19:00<3:36:20,  1.13it/s] 27%|       | 5382/20000 [1:20:21<3:35:56,  1.13it/s] 27%|       | 5401/20000 [1:20:40<3:35:39,  1.13it/s] 27%|       | 5489/20000 [1:22:02<3:38:05,  1.11it/s] 28%|       | 5507/20000 [1:22:20<3:37:49,  1.11it/s] 28%|       | 5603/20000 [1:23:43<3:35:01,  1.12it/s] 28%|       | 5622/20000 [1:24:00<3:34:44,  1.12it/s] 29%|       | 5722/20000 [1:25:23<3:29:30,  1.14it/s] 29%|       | 5739/20000 [1:25:40<3:29:15,  1.14it/s] 29%|       | 5830/20000 [1:27:04<3:31:18,  1.12it/s] 29%|       | 5847/20000 [1:27:20<3:31:03,  1.12it/s] 30%|       | 5945/20000 [1:28:44<3:28:11,  1.13it/s] 30%|       | 5961/20000 [1:29:00<3:27:57,  1.13it/s] 30%|       | 6053/20000 [1:30:25<3:29:21,  1.11it/s] 30%|       | 6069/20000 [1:30:40<3:29:07,  1.11it/s] 31%|       | 6163/20000 [1:32:05<3:28:24,  1.11it/s] 31%|       | 6180/20000 [1:32:20<3:28:09,  1.11it/s] 31%|      | 6279/20000 [1:33:45<3:23:55,  1.12it/s] 31%|      | 6294/20000 [1:34:00<3:23:42,  1.12it/s] 32%|      | 6387/20000 [1:35:25<3:24:35,  1.11it/s] 32%|      | 6402/20000 [1:35:40<3:24:21,  1.11it/s] 32%|      | 6499/20000 [1:37:06<3:22:34,  1.11it/s] 33%|      | 6515/20000 [1:37:20<3:22:19,  1.11it/s] 33%|      | 6610/20000 [1:38:46<3:21:01,  1.11it/s] 33%|      | 6624/20000 [1:39:00<3:20:48,  1.11it/s] 34%|      | 6718/20000 [1:40:26<3:21:03,  1.10it/s] 34%|      | 6732/20000 [1:40:40<3:20:50,  1.10it/s] 34%|      | 6839/20000 [1:42:07<3:13:52,  1.13it/s] 34%|      | 6853/20000 [1:42:20<3:13:40,  1.13it/s] 35%|      | 6956/20000 [1:43:47<3:10:25,  1.14it/s] 35%|      | 6972/20000 [1:44:00<3:10:11,  1.14it/s] 35%|      | 7076/20000 [1:45:27<3:05:57,  1.16it/s] 35%|      | 7090/20000 [1:45:40<3:05:45,  1.16it/s] 36%|      | 7190/20000 [1:47:07<3:05:14,  1.15it/s] 36%|      | 7202/20000 [1:47:20<3:05:04,  1.15it/s] 36%|      | 7298/20000 [1:48:48<3:07:41,  1.13it/s] 37%|      | 7310/20000 [1:49:00<3:07:30,  1.13it/s] 37%|      | 7422/20000 [1:50:29<3:00:47,  1.16it/s] 37%|      | 7433/20000 [1:50:40<3:00:37,  1.16it/s] 38%|      | 7534/20000 [1:52:09<3:01:04,  1.15it/s] 38%|      | 7546/20000 [1:52:20<3:00:54,  1.15it/s] 38%|      | 7649/20000 [1:53:49<2:59:18,  1.15it/s] 38%|      | 7661/20000 [1:54:00<2:59:07,  1.15it/s] 39%|      | 7757/20000 [1:55:29<3:01:08,  1.13it/s] 39%|      | 7767/20000 [1:55:40<3:00:59,  1.13it/s] 39%|      | 7866/20000 [1:57:10<3:01:35,  1.11it/s] 39%|      | 7886/20000 [1:57:30<3:01:17,  1.11it/s] 40%|      | 7982/20000 [1:58:51<2:58:05,  1.12it/s] 40%|      | 8004/20000 [1:59:10<2:57:46,  1.12it/s] 41%|      | 8104/20000 [2:00:31<2:52:04,  1.15it/s] 41%|      | 8124/20000 [2:00:50<2:51:47,  1.15it/s] 41%|      | 8212/20000 [2:02:11<2:53:55,  1.13it/s] 41%|      | 8232/20000 [2:02:30<2:53:37,  1.13it/s] 42%|     | 8319/20000 [2:03:51<2:55:06,  1.11it/s] 42%|     | 8338/20000 [2:04:10<2:54:49,  1.11it/s] 42%|     | 8428/20000 [2:05:31<2:54:30,  1.11it/s] 42%|     | 8448/20000 [2:05:50<2:54:12,  1.11it/s] 43%|     | 8543/20000 [2:07:11<2:50:43,  1.12it/s] 43%|     | 8562/20000 [2:07:30<2:50:26,  1.12it/s] 43%|     | 8654/20000 [2:08:52<2:49:48,  1.11it/s] 43%|     | 8672/20000 [2:09:10<2:49:32,  1.11it/s] 44%|     | 8765/20000 [2:10:33<2:48:38,  1.11it/s] 44%|     | 8784/20000 [2:10:50<2:48:21,  1.11it/s] 44%|     | 8875/20000 [2:12:13<2:47:42,  1.11it/s] 44%|     | 8893/20000 [2:12:30<2:47:26,  1.11it/s] 45%|     | 8987/20000 [2:13:54<2:45:39,  1.11it/s] 45%|     | 9004/20000 [2:14:10<2:45:24,  1.11it/s] 45%|     | 9099/20000 [2:15:34<2:43:40,  1.11it/s] 46%|     | 9115/20000 [2:15:50<2:43:25,  1.11it/s] 46%|     | 9207/20000 [2:17:15<2:43:34,  1.10it/s] 46%|     | 9223/20000 [2:17:30<2:43:19,  1.10it/s] 47%|     | 9321/20000 [2:18:55<2:40:13,  1.11it/s] 47%|     | 9339/20000 [2:19:10<2:39:57,  1.11it/s] 47%|     | 9442/20000 [2:20:36<2:34:43,  1.14it/s] 47%|     | 9459/20000 [2:20:50<2:34:28,  1.14it/s] 48%|     | 9561/20000 [2:22:16<2:31:10,  1.15it/s] 48%|     | 9577/20000 [2:22:30<2:30:56,  1.15it/s] 48%|     | 9683/20000 [2:23:57<2:27:00,  1.17it/s] 48%|     | 9696/20000 [2:24:10<2:26:49,  1.17it/s] 49%|     | 9792/20000 [2:25:37<2:28:31,  1.15it/s] 49%|     | 9805/20000 [2:25:50<2:28:20,  1.15it/s] 50%|     | 9903/20000 [2:27:18<2:28:33,  1.13it/s] 50%|     | 9915/20000 [2:27:30<2:28:22,  1.13it/s] 50%|     | 10012/20000 [2:28:58<2:28:57,  1.12it/s] 50%|     | 10024/20000 [2:29:10<2:28:46,  1.12it/s] 51%|     | 10126/20000 [2:30:39<2:26:26,  1.12it/s] 51%|     | 10137/20000 [2:30:50<2:26:16,  1.12it/s] 51%|     | 10233/20000 [2:32:19<2:27:05,  1.11it/s] 51%|     | 10244/20000 [2:32:30<2:26:56,  1.11it/s] 52%|    | 10342/20000 [2:33:59<2:26:16,  1.10it/s] 52%|    | 10353/20000 [2:34:10<2:26:06,  1.10it/s] 52%|    | 10459/20000 [2:35:39<2:21:53,  1.12it/s] 52%|    | 10471/20000 [2:35:50<2:21:42,  1.12it/s] 53%|    | 10570/20000 [2:37:20<2:20:50,  1.12it/s] 53%|    | 10591/20000 [2:37:40<2:20:32,  1.12it/s] 53%|    | 10678/20000 [2:39:00<2:20:43,  1.10it/s] 54%|    | 10702/20000 [2:39:20<2:20:22,  1.10it/s] 54%|    | 10794/20000 [2:40:40<2:16:56,  1.12it/s] 54%|    | 10818/20000 [2:41:00<2:16:34,  1.12it/s] 55%|    | 10914/20000 [2:42:21<2:12:25,  1.14it/s] 55%|    | 10938/20000 [2:42:40<2:12:04,  1.14it/s] 55%|    | 11050/20000 [2:44:01<2:03:40,  1.21it/s] 55%|    | 11075/20000 [2:44:20<2:03:19,  1.21it/s] 56%|    | 11169/20000 [2:45:41<2:02:35,  1.20it/s] 56%|    | 11193/20000 [2:46:00<2:02:15,  1.20it/s] 56%|    | 11292/20000 [2:47:22<2:00:11,  1.21it/s] 57%|    | 11312/20000 [2:47:40<1:59:55,  1.21it/s] 57%|    | 11405/20000 [2:49:02<2:01:07,  1.18it/s] 57%|    | 11427/20000 [2:49:20<2:00:48,  1.18it/s] 58%|    | 11529/20000 [2:50:43<1:57:43,  1.20it/s] 58%|    | 11549/20000 [2:51:00<1:57:26,  1.20it/s] 58%|    | 11658/20000 [2:52:23<1:53:41,  1.22it/s] 58%|    | 11675/20000 [2:52:40<1:53:27,  1.22it/s] 59%|    | 11776/20000 [2:54:04<1:53:28,  1.21it/s] 59%|    | 11793/20000 [2:54:20<1:53:14,  1.21it/s] 60%|    | 11900/20000 [2:55:44<1:51:00,  1.22it/s] 60%|    | 11919/20000 [2:56:00<1:50:44,  1.22it/s] 60%|    | 12026/20000 [2:57:25<1:48:13,  1.23it/s] 60%|    | 12045/20000 [2:57:40<1:47:58,  1.23it/s] 61%|    | 12157/20000 [2:59:05<1:44:28,  1.25it/s] 61%|    | 12176/20000 [2:59:20<1:44:13,  1.25it/s] 61%|   | 12289/20000 [3:00:46<1:41:09,  1.27it/s] 62%|   | 12303/20000 [3:01:00<1:40:58,  1.27it/s] 62%|   | 12407/20000 [3:02:26<1:41:49,  1.24it/s] 62%|   | 12422/20000 [3:02:40<1:41:37,  1.24it/s] 63%|   | 12525/20000 [3:04:06<1:42:00,  1.22it/s] 63%|   | 12539/20000 [3:04:20<1:41:49,  1.22it/s] 63%|   | 12640/20000 [3:05:47<1:42:25,  1.20it/s] 63%|   | 12657/20000 [3:06:00<1:42:10,  1.20it/s] 64%|   | 12779/20000 [3:07:27<1:35:56,  1.25it/s] 64%|   | 12792/20000 [3:07:40<1:35:45,  1.25it/s] 65%|   | 12917/20000 [3:09:08<1:31:31,  1.29it/s] 65%|   | 12931/20000 [3:09:20<1:31:20,  1.29it/s] 65%|   | 13031/20000 [3:10:49<1:33:32,  1.24it/s] 65%|   | 13043/20000 [3:11:00<1:33:23,  1.24it/s] 66%|   | 13153/20000 [3:12:29<1:32:27,  1.23it/s] 66%|   | 13166/20000 [3:12:40<1:32:16,  1.23it/s] 66%|   | 13284/20000 [3:14:09<1:29:06,  1.26it/s] 66%|   | 13296/20000 [3:14:20<1:28:56,  1.26it/s] 67%|   | 13417/20000 [3:15:50<1:25:57,  1.28it/s] 67%|   | 13430/20000 [3:16:00<1:25:47,  1.28it/s] 68%|   | 13536/20000 [3:17:30<1:26:14,  1.25it/s] 68%|   | 13558/20000 [3:17:50<1:25:56,  1.25it/s] 68%|   | 13654/20000 [3:19:11<1:26:16,  1.23it/s] 68%|   | 13680/20000 [3:19:30<1:25:55,  1.23it/s] 69%|   | 13781/20000 [3:20:51<1:23:49,  1.24it/s] 69%|   | 13802/20000 [3:21:10<1:23:32,  1.24it/s] 70%|   | 13909/20000 [3:22:32<1:21:19,  1.25it/s] 70%|   | 13929/20000 [3:22:50<1:21:03,  1.25it/s] 70%|   | 14038/20000 [3:24:13<1:19:01,  1.26it/s] 70%|   | 14057/20000 [3:24:30<1:18:46,  1.26it/s] 71%|   | 14150/20000 [3:25:53<1:20:11,  1.22it/s] 71%|   | 14169/20000 [3:26:10<1:19:55,  1.22it/s] 71%|  | 14271/20000 [3:27:33<1:18:43,  1.21it/s] 71%|  | 14290/20000 [3:27:50<1:18:27,  1.21it/s] 72%|  | 14387/20000 [3:29:13<1:18:10,  1.20it/s] 72%|  | 14405/20000 [3:29:30<1:17:55,  1.20it/s] 73%|  | 14514/20000 [3:30:54<1:15:07,  1.22it/s] 73%|  | 14536/20000 [3:31:10<1:14:49,  1.22it/s] 73%|  | 14643/20000 [3:32:34<1:12:12,  1.24it/s] 73%|  | 14662/20000 [3:32:50<1:11:57,  1.24it/s] 74%|  | 14775/20000 [3:34:15<1:09:05,  1.26it/s] 74%|  | 14793/20000 [3:34:30<1:08:50,  1.26it/s] 75%|  | 14904/20000 [3:35:55<1:06:54,  1.27it/s] 75%|  | 14925/20000 [3:36:10<1:06:38,  1.27it/s] 75%|  | 15042/20000 [3:37:35<1:03:36,  1.30it/s] 75%|  | 15059/20000 [3:37:50<1:03:23,  1.30it/s] 76%|  | 15172/20000 [3:39:16<1:02:02,  1.30it/s] 76%|  | 15188/20000 [3:39:30<1:01:50,  1.30it/s] 77%|  | 15305/20000 [3:40:56<59:52,  1.31it/s]   77%|  | 15323/20000 [3:41:10<59:39,  1.31it/s] 77%|  | 15440/20000 [3:42:36<57:38,  1.32it/s] 77%|  | 15458/20000 [3:42:50<57:24,  1.32it/s] 78%|  | 15579/20000 [3:44:17<55:04,  1.34it/s] 78%|  | 15594/20000 [3:44:30<54:53,  1.34it/s] 78%|  | 15699/20000 [3:45:57<55:17,  1.30it/s] 79%|  | 15716/20000 [3:46:10<55:03,  1.30it/s] 79%|  | 15833/20000 [3:47:37<53:06,  1.31it/s] 79%|  | 15849/20000 [3:47:50<52:53,  1.31it/s] 80%|  | 15964/20000 [3:49:18<51:32,  1.31it/s] 80%|  | 15979/20000 [3:49:30<51:20,  1.31it/s] 80%|  | 16096/20000 [3:50:59<49:47,  1.31it/s] 81%|  | 16109/20000 [3:51:10<49:37,  1.31it/s] 81%|  | 16232/20000 [3:52:39<47:30,  1.32it/s] 81%|  | 16245/20000 [3:52:50<47:20,  1.32it/s] 82%| | 16363/20000 [3:54:19<46:00,  1.32it/s] 82%| | 16374/20000 [3:54:30<45:51,  1.32it/s] 82%| | 16478/20000 [3:56:00<46:25,  1.26it/s] 83%| | 16503/20000 [3:56:20<46:05,  1.26it/s] 83%| | 16610/20000 [3:57:40<44:09,  1.28it/s] 83%| | 16637/20000 [3:58:00<43:48,  1.28it/s] 84%| | 16740/20000 [3:59:21<42:16,  1.29it/s] 84%| | 16763/20000 [3:59:40<41:58,  1.29it/s] 84%| | 16851/20000 [4:01:01<42:37,  1.23it/s] 84%| | 16872/20000 [4:01:20<42:20,  1.23it/s] 85%| | 16966/20000 [4:02:42<42:00,  1.20it/s] 85%| | 16986/20000 [4:03:00<41:43,  1.20it/s] 85%| | 17077/20000 [4:04:22<41:26,  1.18it/s] 85%| | 17098/20000 [4:04:40<41:08,  1.18it/s] 86%| | 17196/20000 [4:06:02<39:39,  1.18it/s] 86%| | 17219/20000 [4:06:20<39:19,  1.18it/s] 87%| | 17335/20000 [4:07:43<35:49,  1.24it/s] 87%| | 17360/20000 [4:08:00<35:29,  1.24it/s] 87%| | 17459/20000 [4:09:23<34:10,  1.24it/s] 87%| | 17481/20000 [4:09:40<33:52,  1.24it/s] 88%| | 17595/20000 [4:11:03<31:28,  1.27it/s] 88%| | 17615/20000 [4:11:20<31:13,  1.27it/s] 89%| | 17729/20000 [4:12:44<29:17,  1.29it/s] 89%| | 17749/20000 [4:13:00<29:01,  1.29it/s] 89%| | 17856/20000 [4:14:24<27:50,  1.28it/s] 89%| | 17878/20000 [4:14:40<27:33,  1.28it/s] 90%| | 17997/20000 [4:16:05<25:18,  1.32it/s] 90%| | 18013/20000 [4:16:20<25:06,  1.32it/s] 91%| | 18108/20000 [4:17:45<25:07,  1.26it/s] 91%| | 18125/20000 [4:18:00<24:53,  1.26it/s] 91%| | 18230/20000 [4:19:25<23:42,  1.24it/s] 91%| | 18248/20000 [4:19:40<23:28,  1.24it/s] 92%|| 18347/20000 [4:21:06<22:33,  1.22it/s] 92%|| 18363/20000 [4:21:20<22:20,  1.22it/s] 92%|| 18472/20000 [4:22:46<20:43,  1.23it/s] 92%|| 18490/20000 [4:23:00<20:28,  1.23it/s] 93%|| 18607/20000 [4:24:26<18:21,  1.26it/s] 93%|| 18622/20000 [4:24:40<18:09,  1.26it/s] 94%|| 18720/20000 [4:26:06<17:25,  1.22it/s] 94%|| 18736/20000 [4:26:20<17:12,  1.22it/s] 94%|| 18845/20000 [4:27:47<15:39,  1.23it/s] 94%|| 18860/20000 [4:28:00<15:27,  1.23it/s] 95%|| 18967/20000 [4:29:27<14:02,  1.23it/s] 95%|| 18984/20000 [4:29:40<13:48,  1.23it/s] 95%|| 19088/20000 [4:31:07<12:26,  1.22it/s] 96%|| 19105/20000 [4:31:20<12:12,  1.22it/s] 96%|| 19214/20000 [4:32:47<10:38,  1.23it/s] 96%|| 19227/20000 [4:33:00<10:28,  1.23it/s] 97%|| 19338/20000 [4:34:28<08:57,  1.23it/s] 97%|| 19353/20000 [4:34:40<08:45,  1.23it/s] 97%|| 19458/20000 [4:36:08<07:23,  1.22it/s] 97%|| 19474/20000 [4:36:20<07:10,  1.22it/s] 98%|| 19577/20000 [4:37:48<05:49,  1.21it/s] 98%|| 19589/20000 [4:38:00<05:39,  1.21it/s] 98%|| 19695/20000 [4:39:29<04:14,  1.20it/s] 99%|| 19708/20000 [4:39:40<04:03,  1.20it/s] 99%|| 19814/20000 [4:41:09<02:35,  1.20it/s] 99%|| 19828/20000 [4:41:20<02:23,  1.20it/s]100%|| 19931/20000 [4:42:50<00:58,  1.19it/s]100%|| 19942/20000 [4:43:00<00:48,  1.19it/s]100%|| 20000/20000 [4:43:47<00:00,  1.17it/s]

Analysis complete. Found 1 cluster(s) meeting the MCMC criterion.
Accepted cluster indices: [3]

--- Processing Final Results for Cluster 3 ---
--- MCMC Parameter Constraints for Cluster 3 ---
  x_src = 125.958 +0.151 / -0.134
  y_src = 109.667 +0.219 / -0.173
    z_s = 3.757 +0.102 / -0.080
Saving localization results for Cluster 3...
Processing results for Cluster 3...
-> Saved 340000 samples to /users/hiu-yeung.cheng/clusterlensing/out/row32/test_tidy_row32/cluster_3_posterior.npz
Updated CSV row 32 with result for cluster 3.
Loading data from /users/hiu-yeung.cheng/clusterlensing/out/row32/test_tidy_row32/cluster_3_posterior.npz...

Generating corner plot...
-> Corner plot saved to /users/hiu-yeung.cheng/clusterlensing/out/row32/test_tidy_row32/cluster_3_corner_from_saved.png

Generating trace plot...
-> Trace plot saved to /users/hiu-yeung.cheng/clusterlensing/out/row32/test_tidy_row32/cluster_3_trace.png
