Row=31 OUT_DIR=/users/hiu-yeung.cheng/clusterlensing/out/row31 DE_PROCS=16 MCMC_PROCS=16
Setup complete. Lensing system initialized.
True time delays: [   0.         1168.73480689 5606.19618656 5722.32053511 5816.93982059]
True luminosity distances: 24308.215778630074
Lensed luminosity distances: [  5899.11520075   8857.8741319   22404.80443347  25410.23560279
 419204.14853145]

Running the full analysis pipeline...
--- Running DE for Cluster 0 ---
[DE] Process Pool with 16 procs (init=latinhypercube, popsize=50)
differential_evolution step 1: f(x)= 3000.0
differential_evolution step 2: f(x)= 3000.0
differential_evolution step 3: f(x)= 3000.0
differential_evolution step 4: f(x)= 3000.0
differential_evolution step 5: f(x)= 3000.0
differential_evolution step 6: f(x)= 3000.0
differential_evolution step 7: f(x)= 3000.0
differential_evolution step 8: f(x)= 3000.0
differential_evolution step 9: f(x)= 3000.0
differential_evolution step 10: f(x)= 3000.0
differential_evolution step 11: f(x)= 3000.0
differential_evolution step 12: f(x)= 3000.0
differential_evolution step 13: f(x)= 3000.0
differential_evolution step 14: f(x)= 2562.2751428117135
differential_evolution step 15: f(x)= 2562.2751428117135
differential_evolution step 16: f(x)= 2562.2751428117135
differential_evolution step 17: f(x)= 2562.2751428117135
differential_evolution step 18: f(x)= 1854.4328055476747
differential_evolution step 19: f(x)= 1854.4328055476747
differential_evolution step 20: f(x)= 1854.4328055476747
differential_evolution step 21: f(x)= 1854.4328055476747
differential_evolution step 22: f(x)= 1854.4328055476747
differential_evolution step 23: f(x)= 519.9850376279899
differential_evolution step 24: f(x)= 519.9850376279899
differential_evolution step 25: f(x)= 519.9850376279899
differential_evolution step 26: f(x)= 519.9850376279899
differential_evolution step 27: f(x)= 519.9850376279899
differential_evolution step 28: f(x)= 519.9850376279899
differential_evolution step 29: f(x)= 519.9850376279899
differential_evolution step 30: f(x)= 519.9850376279899
differential_evolution step 31: f(x)= 519.9850376279899
differential_evolution step 32: f(x)= 519.9850376279899
differential_evolution step 33: f(x)= 519.9850376279899
differential_evolution step 34: f(x)= 519.9850376279899
differential_evolution step 35: f(x)= 519.9850376279899
differential_evolution step 36: f(x)= 519.9850376279899
differential_evolution step 37: f(x)= 519.9850376279899
differential_evolution step 38: f(x)= 519.9850376279899
differential_evolution step 39: f(x)= 519.9850376279899
differential_evolution step 40: f(x)= 519.9850376279899
differential_evolution step 41: f(x)= 519.9850376279899
differential_evolution step 42: f(x)= 519.9850376279899
differential_evolution step 43: f(x)= 519.9850376279899
differential_evolution step 44: f(x)= 519.9850376279899
differential_evolution step 45: f(x)= 519.9850376279899
differential_evolution step 46: f(x)= 519.9850376279899
differential_evolution step 47: f(x)= 519.9850376279899
differential_evolution step 48: f(x)= 519.9850376279899
differential_evolution step 49: f(x)= 519.9850376279899
differential_evolution step 50: f(x)= 519.9850376279899
differential_evolution step 51: f(x)= 519.9850376279899
differential_evolution step 52: f(x)= 519.9850376279899
differential_evolution step 53: f(x)= 519.9850376279899
differential_evolution step 54: f(x)= 519.9850376279899
differential_evolution step 55: f(x)= 519.9850376279899
differential_evolution step 56: f(x)= 519.9850376279899
differential_evolution step 57: f(x)= 519.9850376279899
differential_evolution step 58: f(x)= 519.9850376279899
differential_evolution step 59: f(x)= 519.9850376279899
differential_evolution step 60: f(x)= 519.9850376279899
differential_evolution step 61: f(x)= 519.9850376279899
differential_evolution step 62: f(x)= 519.9850376279899
differential_evolution step 63: f(x)= 339.9795275256036
differential_evolution step 64: f(x)= 339.9795275256036
differential_evolution step 65: f(x)= 339.9795275256036
differential_evolution step 66: f(x)= 339.9795275256036
differential_evolution step 67: f(x)= 339.9795275256036
differential_evolution step 68: f(x)= 339.9795275256036
differential_evolution step 69: f(x)= 339.9795275256036
differential_evolution step 70: f(x)= 339.9795275256036
differential_evolution step 71: f(x)= 339.9795275256036
differential_evolution step 72: f(x)= 339.9795275256036
differential_evolution step 73: f(x)= 339.9795275256036
differential_evolution step 74: f(x)= 339.9795275256036
differential_evolution step 75: f(x)= 339.9795275256036
differential_evolution step 76: f(x)= 339.9795275256036
differential_evolution step 77: f(x)= 339.9795275256036
differential_evolution step 78: f(x)= 339.9795275256036
differential_evolution step 79: f(x)= 339.9795275256036
differential_evolution step 80: f(x)= 339.9795275256036
differential_evolution step 81: f(x)= 339.9795275256036
differential_evolution step 82: f(x)= 339.9795275256036
differential_evolution step 83: f(x)= 111.01939783470289
differential_evolution step 84: f(x)= 111.01939783470289
differential_evolution step 85: f(x)= 111.01939783470289
differential_evolution step 86: f(x)= 111.01939783470289
differential_evolution step 87: f(x)= 111.01939783470289
differential_evolution step 88: f(x)= 111.01939783470289
differential_evolution step 89: f(x)= 111.01939783470289
differential_evolution step 90: f(x)= 111.01939783470289
differential_evolution step 91: f(x)= 111.01939783470289
differential_evolution step 92: f(x)= 111.01939783470289
differential_evolution step 93: f(x)= 111.01939783470289
differential_evolution step 94: f(x)= 111.01939783470289
differential_evolution step 95: f(x)= 111.01939783470289
differential_evolution step 96: f(x)= 111.01939783470289
differential_evolution step 97: f(x)= 111.01939783470289
differential_evolution step 98: f(x)= 111.01939783470289
differential_evolution step 99: f(x)= 111.01939783470289
differential_evolution step 100: f(x)= 111.01939783470289
differential_evolution step 101: f(x)= 111.01939783470289
differential_evolution step 102: f(x)= 111.01939783470289
differential_evolution step 103: f(x)= 111.01939783470289
differential_evolution step 104: f(x)= 111.01939783470289
differential_evolution step 105: f(x)= 111.01939783470289
differential_evolution step 106: f(x)= 111.01939783470289
differential_evolution step 107: f(x)= 111.01939783470289
differential_evolution step 108: f(x)= 111.01939783470289
differential_evolution step 109: f(x)= 111.01939783470289
differential_evolution step 110: f(x)= 111.01939783470289
differential_evolution step 111: f(x)= 111.01939783470289
differential_evolution step 112: f(x)= 111.01939783470289
differential_evolution step 113: f(x)= 111.01939783470289
differential_evolution step 114: f(x)= 111.01939783470289
differential_evolution step 115: f(x)= 111.01939783470289
differential_evolution step 116: f(x)= 111.01939783470289
differential_evolution step 117: f(x)= 111.01939783470289
differential_evolution step 118: f(x)= 111.01939783470289
differential_evolution step 119: f(x)= 111.01939783470289
differential_evolution step 120: f(x)= 111.01939783470289
differential_evolution step 121: f(x)= 111.01939783470289
differential_evolution step 122: f(x)= 111.01939783470289
differential_evolution step 123: f(x)= 111.01939783470289
differential_evolution step 124: f(x)= 111.01939783470289
differential_evolution step 125: f(x)= 111.01939783470289
differential_evolution step 126: f(x)= 111.01939783470289
differential_evolution step 127: f(x)= 111.01939783470289
differential_evolution step 128: f(x)= 111.01939783470289
differential_evolution step 129: f(x)= 111.01939783470289
differential_evolution step 130: f(x)= 111.01939783470289
differential_evolution step 131: f(x)= 111.01939783470289
differential_evolution step 132: f(x)= 111.01939783470289
differential_evolution step 133: f(x)= 111.01939783470289
differential_evolution step 134: f(x)= 111.01939783470289
differential_evolution step 135: f(x)= 111.01939783470289
differential_evolution step 136: f(x)= 111.01939783470289
differential_evolution step 137: f(x)= 111.01939783470289
differential_evolution step 138: f(x)= 30.43138218481677
differential_evolution step 139: f(x)= 30.43138218481677
differential_evolution step 140: f(x)= 30.43138218481677
differential_evolution step 141: f(x)= 30.43138218481677
differential_evolution step 142: f(x)= 30.43138218481677
differential_evolution step 143: f(x)= 30.43138218481677
differential_evolution step 144: f(x)= 30.43138218481677
differential_evolution step 145: f(x)= 30.43138218481677
differential_evolution step 146: f(x)= 30.43138218481677
differential_evolution step 147: f(x)= 30.43138218481677
differential_evolution step 148: f(x)= 30.43138218481677
differential_evolution step 149: f(x)= 30.43138218481677
differential_evolution step 150: f(x)= 30.43138218481677
differential_evolution step 151: f(x)= 30.43138218481677
differential_evolution step 152: f(x)= 30.43138218481677
differential_evolution step 153: f(x)= 30.43138218481677
differential_evolution step 154: f(x)= 30.43138218481677
differential_evolution step 155: f(x)= 30.43138218481677
differential_evolution step 156: f(x)= 30.43138218481677
differential_evolution step 157: f(x)= 30.43138218481677
differential_evolution step 158: f(x)= 30.43138218481677
differential_evolution step 159: f(x)= 30.43138218481677
differential_evolution step 160: f(x)= 30.43138218481677
differential_evolution step 161: f(x)= 30.43138218481677
differential_evolution step 162: f(x)= 30.43138218481677
differential_evolution step 163: f(x)= 30.43138218481677
differential_evolution step 164: f(x)= 30.43138218481677
differential_evolution step 165: f(x)= 30.43138218481677
differential_evolution step 166: f(x)= 30.43138218481677
differential_evolution step 167: f(x)= 29.856890420722806
differential_evolution step 168: f(x)= 29.856890420722806
differential_evolution step 169: f(x)= 29.856890420722806
differential_evolution step 170: f(x)= 29.856890420722806
differential_evolution step 171: f(x)= 29.856890420722806
differential_evolution step 172: f(x)= 29.856890420722806
differential_evolution step 173: f(x)= 29.856890420722806
differential_evolution step 174: f(x)= 29.856890420722806
differential_evolution step 175: f(x)= 29.856890420722806
differential_evolution step 176: f(x)= 29.856890420722806
differential_evolution step 177: f(x)= 29.856890420722806
differential_evolution step 178: f(x)= 29.856890420722806
differential_evolution step 179: f(x)= 29.856890420722806
differential_evolution step 180: f(x)= 29.856890420722806
differential_evolution step 181: f(x)= 29.856890420722806
differential_evolution step 182: f(x)= 29.856890420722806
differential_evolution step 183: f(x)= 29.856890420722806
differential_evolution step 184: f(x)= 29.856890420722806
differential_evolution step 185: f(x)= 29.856890420722806
differential_evolution step 186: f(x)= 29.856890420722806
differential_evolution step 187: f(x)= 29.856890420722806
differential_evolution step 188: f(x)= 29.856890420722806
differential_evolution step 189: f(x)= 29.856890420722806
differential_evolution step 190: f(x)= 25.68211878686206
differential_evolution step 191: f(x)= 25.68211878686206
differential_evolution step 192: f(x)= 25.68211878686206
differential_evolution step 193: f(x)= 25.68211878686206
differential_evolution step 194: f(x)= 25.68211878686206
differential_evolution step 195: f(x)= 25.68211878686206
differential_evolution step 196: f(x)= 25.68211878686206
differential_evolution step 197: f(x)= 25.68211878686206
differential_evolution step 198: f(x)= 25.68211878686206
differential_evolution step 199: f(x)= 25.68211878686206
differential_evolution step 200: f(x)= 25.68211878686206
Cluster 0 DE best chi^2: 25.682 with params {'x_src': np.float64(76.29898068713813), 'y_src': np.float64(73.07528443160514), 'z_s': np.float64(3.6522646523989177)}
--- Running DE for Cluster 1 ---
[DE] Process Pool with 16 procs (init=latinhypercube, popsize=50)
differential_evolution step 1: f(x)= 3000.0
differential_evolution step 2: f(x)= 3000.0
differential_evolution step 3: f(x)= 3000.0
differential_evolution step 4: f(x)= 3000.0
differential_evolution step 5: f(x)= 3000.0
differential_evolution step 6: f(x)= 3000.0
differential_evolution step 7: f(x)= 3000.0
differential_evolution step 8: f(x)= 3000.0
differential_evolution step 9: f(x)= 3000.0
differential_evolution step 10: f(x)= 3000.0
differential_evolution step 11: f(x)= 3000.0
differential_evolution step 12: f(x)= 3000.0
differential_evolution step 13: f(x)= 3000.0
differential_evolution step 14: f(x)= 3000.0
differential_evolution step 15: f(x)= 3000.0
differential_evolution step 16: f(x)= 3000.0
differential_evolution step 17: f(x)= 3000.0
differential_evolution step 18: f(x)= 3000.0
differential_evolution step 19: f(x)= 3000.0
differential_evolution step 20: f(x)= 3000.0
differential_evolution step 21: f(x)= 3000.0
differential_evolution step 22: f(x)= 3000.0
differential_evolution step 23: f(x)= 1244.170937018682
differential_evolution step 24: f(x)= 1244.170937018682
differential_evolution step 25: f(x)= 1244.170937018682
differential_evolution step 26: f(x)= 1244.170937018682
differential_evolution step 27: f(x)= 1244.170937018682
differential_evolution step 28: f(x)= 1244.170937018682
differential_evolution step 29: f(x)= 1244.170937018682
differential_evolution step 30: f(x)= 1244.170937018682
differential_evolution step 31: f(x)= 1244.170937018682
differential_evolution step 32: f(x)= 1244.170937018682
differential_evolution step 33: f(x)= 1244.170937018682
differential_evolution step 34: f(x)= 1244.170937018682
differential_evolution step 35: f(x)= 1244.170937018682
differential_evolution step 36: f(x)= 1244.170937018682
differential_evolution step 37: f(x)= 1244.170937018682
differential_evolution step 38: f(x)= 1244.170937018682
differential_evolution step 39: f(x)= 1244.170937018682
differential_evolution step 40: f(x)= 1244.170937018682
differential_evolution step 41: f(x)= 1244.170937018682
differential_evolution step 42: f(x)= 1244.170937018682
differential_evolution step 43: f(x)= 1244.170937018682
differential_evolution step 44: f(x)= 1244.170937018682
differential_evolution step 45: f(x)= 1244.170937018682
differential_evolution step 46: f(x)= 1244.170937018682
differential_evolution step 47: f(x)= 1244.170937018682
differential_evolution step 48: f(x)= 1244.170937018682
differential_evolution step 49: f(x)= 1244.170937018682
differential_evolution step 50: f(x)= 1244.170937018682
differential_evolution step 51: f(x)= 1244.170937018682
differential_evolution step 52: f(x)= 1244.170937018682
differential_evolution step 53: f(x)= 1244.170937018682
differential_evolution step 54: f(x)= 1244.170937018682
differential_evolution step 55: f(x)= 1244.170937018682
differential_evolution step 56: f(x)= 1244.170937018682
differential_evolution step 57: f(x)= 1244.170937018682
differential_evolution step 58: f(x)= 1244.170937018682
differential_evolution step 59: f(x)= 1244.170937018682
differential_evolution step 60: f(x)= 1244.170937018682
differential_evolution step 61: f(x)= 1244.170937018682
differential_evolution step 62: f(x)= 1244.170937018682
differential_evolution step 63: f(x)= 1244.170937018682
differential_evolution step 64: f(x)= 1244.170937018682
differential_evolution step 65: f(x)= 1244.170937018682
differential_evolution step 66: f(x)= 1244.170937018682
differential_evolution step 67: f(x)= 1244.170937018682
differential_evolution step 68: f(x)= 1244.170937018682
differential_evolution step 69: f(x)= 1244.170937018682
differential_evolution step 70: f(x)= 1244.170937018682
differential_evolution step 71: f(x)= 1244.170937018682
differential_evolution step 72: f(x)= 1244.170937018682
differential_evolution step 73: f(x)= 1244.170937018682
differential_evolution step 74: f(x)= 1244.170937018682
differential_evolution step 75: f(x)= 1244.170937018682
differential_evolution step 76: f(x)= 1244.170937018682
differential_evolution step 77: f(x)= 1244.170937018682
differential_evolution step 78: f(x)= 1244.170937018682
differential_evolution step 79: f(x)= 1244.170937018682
differential_evolution step 80: f(x)= 1244.170937018682
differential_evolution step 81: f(x)= 1244.170937018682
differential_evolution step 82: f(x)= 1244.170937018682
differential_evolution step 83: f(x)= 1244.170937018682
differential_evolution step 84: f(x)= 1244.170937018682
differential_evolution step 85: f(x)= 1244.170937018682
differential_evolution step 86: f(x)= 1244.170937018682
differential_evolution step 87: f(x)= 1244.170937018682
differential_evolution step 88: f(x)= 1244.170937018682
differential_evolution step 89: f(x)= 1244.170937018682
differential_evolution step 90: f(x)= 1244.170937018682
differential_evolution step 91: f(x)= 1244.170937018682
differential_evolution step 92: f(x)= 1244.170937018682
differential_evolution step 93: f(x)= 1244.170937018682
differential_evolution step 94: f(x)= 1244.170937018682
differential_evolution step 95: f(x)= 1244.170937018682
differential_evolution step 96: f(x)= 1244.170937018682
differential_evolution step 97: f(x)= 1244.170937018682
differential_evolution step 98: f(x)= 1244.170937018682
differential_evolution step 99: f(x)= 1244.170937018682
differential_evolution step 100: f(x)= 1244.170937018682
differential_evolution step 101: f(x)= 1244.170937018682
differential_evolution step 102: f(x)= 1244.170937018682
differential_evolution step 103: f(x)= 1244.170937018682
differential_evolution step 104: f(x)= 1244.170937018682
differential_evolution step 105: f(x)= 1244.170937018682
differential_evolution step 106: f(x)= 1244.170937018682
differential_evolution step 107: f(x)= 1244.170937018682
differential_evolution step 108: f(x)= 1244.170937018682
differential_evolution step 109: f(x)= 1244.170937018682
differential_evolution step 110: f(x)= 1244.170937018682
differential_evolution step 111: f(x)= 1244.170937018682
differential_evolution step 112: f(x)= 1244.170937018682
differential_evolution step 113: f(x)= 1244.170937018682
differential_evolution step 114: f(x)= 1244.170937018682
differential_evolution step 115: f(x)= 1244.170937018682
differential_evolution step 116: f(x)= 1244.170937018682
differential_evolution step 117: f(x)= 1244.170937018682
differential_evolution step 118: f(x)= 1244.170937018682
differential_evolution step 119: f(x)= 1244.170937018682
differential_evolution step 120: f(x)= 1244.170937018682
differential_evolution step 121: f(x)= 1244.170937018682
differential_evolution step 122: f(x)= 1244.170937018682
differential_evolution step 123: f(x)= 1244.170937018682
differential_evolution step 124: f(x)= 1244.170937018682
differential_evolution step 125: f(x)= 1244.170937018682
differential_evolution step 126: f(x)= 1244.170937018682
differential_evolution step 127: f(x)= 1244.170937018682
differential_evolution step 128: f(x)= 1244.170937018682
differential_evolution step 129: f(x)= 1244.170937018682
differential_evolution step 130: f(x)= 1244.170937018682
differential_evolution step 131: f(x)= 1244.170937018682
differential_evolution step 132: f(x)= 1244.170937018682
differential_evolution step 133: f(x)= 1244.170937018682
differential_evolution step 134: f(x)= 1244.170937018682
differential_evolution step 135: f(x)= 1244.170937018682
differential_evolution step 136: f(x)= 1244.170937018682
differential_evolution step 137: f(x)= 1244.170937018682
differential_evolution step 138: f(x)= 1244.170937018682
differential_evolution step 139: f(x)= 1244.170937018682
differential_evolution step 140: f(x)= 1244.170937018682
differential_evolution step 141: f(x)= 1244.170937018682
differential_evolution step 142: f(x)= 1244.170937018682
differential_evolution step 143: f(x)= 1244.170937018682
differential_evolution step 144: f(x)= 1244.170937018682
differential_evolution step 145: f(x)= 1244.170937018682
differential_evolution step 146: f(x)= 1244.170937018682
differential_evolution step 147: f(x)= 1244.170937018682
differential_evolution step 148: f(x)= 1244.170937018682
differential_evolution step 149: f(x)= 1244.170937018682
differential_evolution step 150: f(x)= 1244.170937018682
differential_evolution step 151: f(x)= 1244.170937018682
differential_evolution step 152: f(x)= 1244.170937018682
differential_evolution step 153: f(x)= 1244.170937018682
differential_evolution step 154: f(x)= 1244.170937018682
differential_evolution step 155: f(x)= 1244.170937018682
differential_evolution step 156: f(x)= 1244.170937018682
differential_evolution step 157: f(x)= 1244.170937018682
differential_evolution step 158: f(x)= 1244.170937018682
differential_evolution step 159: f(x)= 1244.170937018682
differential_evolution step 160: f(x)= 1244.170937018682
differential_evolution step 161: f(x)= 1244.170937018682
differential_evolution step 162: f(x)= 1244.170937018682
differential_evolution step 163: f(x)= 1244.170937018682
differential_evolution step 164: f(x)= 1244.170937018682
differential_evolution step 165: f(x)= 1244.170937018682
differential_evolution step 166: f(x)= 1244.170937018682
differential_evolution step 167: f(x)= 1244.170937018682
differential_evolution step 168: f(x)= 1244.170937018682
differential_evolution step 169: f(x)= 1244.170937018682
differential_evolution step 170: f(x)= 1244.170937018682
differential_evolution step 171: f(x)= 1244.170937018682
differential_evolution step 172: f(x)= 1244.170937018682
differential_evolution step 173: f(x)= 1244.170937018682
differential_evolution step 174: f(x)= 1244.170937018682
differential_evolution step 175: f(x)= 1244.170937018682
differential_evolution step 176: f(x)= 1244.170937018682
differential_evolution step 177: f(x)= 1244.170937018682
differential_evolution step 178: f(x)= 1244.170937018682
differential_evolution step 179: f(x)= 1244.170937018682
differential_evolution step 180: f(x)= 1244.170937018682
differential_evolution step 181: f(x)= 1244.170937018682
differential_evolution step 182: f(x)= 1244.170937018682
differential_evolution step 183: f(x)= 1244.170937018682
differential_evolution step 184: f(x)= 1244.170937018682
differential_evolution step 185: f(x)= 1244.170937018682
differential_evolution step 186: f(x)= 1244.170937018682
differential_evolution step 187: f(x)= 1244.170937018682
differential_evolution step 188: f(x)= 1244.170937018682
differential_evolution step 189: f(x)= 1244.170937018682
differential_evolution step 190: f(x)= 1244.170937018682
differential_evolution step 191: f(x)= 1244.170937018682
differential_evolution step 192: f(x)= 1244.170937018682
differential_evolution step 193: f(x)= 1244.170937018682
differential_evolution step 194: f(x)= 1244.170937018682
differential_evolution step 195: f(x)= 1244.170937018682
differential_evolution step 196: f(x)= 1244.170937018682
differential_evolution step 197: f(x)= 1244.170937018682
differential_evolution step 198: f(x)= 1244.170937018682
differential_evolution step 199: f(x)= 1244.170937018682
differential_evolution step 200: f(x)= 1244.170937018682
Cluster 1 DE best chi^2: 1244.171 with params {'x_src': np.float64(173.97917769552458), 'y_src': np.float64(175.68924577803887), 'z_s': np.float64(3.3153616738208607)}
--- Running DE for Cluster 2 ---
[DE] Process Pool with 16 procs (init=latinhypercube, popsize=50)
differential_evolution step 1: f(x)= 4242.640687119286
differential_evolution step 2: f(x)= 4242.640687119286
differential_evolution step 3: f(x)= 4242.640687119286
differential_evolution step 4: f(x)= 3000.0
differential_evolution step 5: f(x)= 3000.0
differential_evolution step 6: f(x)= 3000.0
differential_evolution step 7: f(x)= 3000.0
differential_evolution step 8: f(x)= 3000.0
differential_evolution step 9: f(x)= 3000.0
differential_evolution step 10: f(x)= 3000.0
differential_evolution step 11: f(x)= 3000.0
differential_evolution step 12: f(x)= 3000.0
differential_evolution step 13: f(x)= 629.4533584562951
differential_evolution step 14: f(x)= 629.4533584562951
differential_evolution step 15: f(x)= 629.4533584562951
differential_evolution step 16: f(x)= 629.4533584562951
differential_evolution step 17: f(x)= 629.4533584562951
differential_evolution step 18: f(x)= 629.4533584562951
differential_evolution step 19: f(x)= 629.4533584562951
differential_evolution step 20: f(x)= 629.4533584562951
differential_evolution step 21: f(x)= 629.4533584562951
differential_evolution step 22: f(x)= 629.4533584562951
differential_evolution step 23: f(x)= 629.4533584562951
differential_evolution step 24: f(x)= 629.4533584562951
differential_evolution step 25: f(x)= 629.4533584562951
differential_evolution step 26: f(x)= 629.4533584562951
differential_evolution step 27: f(x)= 629.4533584562951
differential_evolution step 28: f(x)= 629.4533584562951
differential_evolution step 29: f(x)= 629.4533584562951
differential_evolution step 30: f(x)= 629.4533584562951
differential_evolution step 31: f(x)= 629.4533584562951
differential_evolution step 32: f(x)= 629.4533584562951
differential_evolution step 33: f(x)= 629.4533584562951
differential_evolution step 34: f(x)= 629.4533584562951
differential_evolution step 35: f(x)= 629.4533584562951
differential_evolution step 36: f(x)= 629.4533584562951
differential_evolution step 37: f(x)= 629.4533584562951
differential_evolution step 38: f(x)= 629.4533584562951
differential_evolution step 39: f(x)= 629.4533584562951
differential_evolution step 40: f(x)= 629.4533584562951
differential_evolution step 41: f(x)= 629.4533584562951
differential_evolution step 42: f(x)= 629.4533584562951
differential_evolution step 43: f(x)= 629.4533584562951
differential_evolution step 44: f(x)= 629.4533584562951
differential_evolution step 45: f(x)= 629.4533584562951
differential_evolution step 46: f(x)= 629.4533584562951
differential_evolution step 47: f(x)= 629.4533584562951
differential_evolution step 48: f(x)= 629.4533584562951
differential_evolution step 49: f(x)= 629.4533584562951
differential_evolution step 50: f(x)= 629.4533584562951
differential_evolution step 51: f(x)= 629.4533584562951
differential_evolution step 52: f(x)= 629.4533584562951
differential_evolution step 53: f(x)= 629.4533584562951
differential_evolution step 54: f(x)= 629.4533584562951
differential_evolution step 55: f(x)= 450.0827582012619
differential_evolution step 56: f(x)= 450.0827582012619
differential_evolution step 57: f(x)= 450.0827582012619
differential_evolution step 58: f(x)= 450.0827582012619
differential_evolution step 59: f(x)= 450.0827582012619
differential_evolution step 60: f(x)= 450.0827582012619
differential_evolution step 61: f(x)= 450.0827582012619
differential_evolution step 62: f(x)= 450.0827582012619
differential_evolution step 63: f(x)= 450.0827582012619
differential_evolution step 64: f(x)= 450.0827582012619
differential_evolution step 65: f(x)= 408.3030421113008
differential_evolution step 66: f(x)= 408.3030421113008
differential_evolution step 67: f(x)= 297.17813581683026
differential_evolution step 68: f(x)= 297.17813581683026
differential_evolution step 69: f(x)= 297.17813581683026
differential_evolution step 70: f(x)= 297.17813581683026
differential_evolution step 71: f(x)= 297.17813581683026
differential_evolution step 72: f(x)= 297.17813581683026
differential_evolution step 73: f(x)= 297.17813581683026
differential_evolution step 74: f(x)= 297.17813581683026
differential_evolution step 75: f(x)= 297.17813581683026
differential_evolution step 76: f(x)= 297.17813581683026
differential_evolution step 77: f(x)= 297.17813581683026
differential_evolution step 78: f(x)= 297.17813581683026
differential_evolution step 79: f(x)= 297.17813581683026
differential_evolution step 80: f(x)= 297.17813581683026
differential_evolution step 81: f(x)= 297.17813581683026
differential_evolution step 82: f(x)= 297.17813581683026
differential_evolution step 83: f(x)= 297.17813581683026
differential_evolution step 84: f(x)= 297.17813581683026
differential_evolution step 85: f(x)= 297.17813581683026
differential_evolution step 86: f(x)= 297.17813581683026
differential_evolution step 87: f(x)= 297.17813581683026
differential_evolution step 88: f(x)= 297.17813581683026
differential_evolution step 89: f(x)= 297.17813581683026
differential_evolution step 90: f(x)= 297.17813581683026
differential_evolution step 91: f(x)= 297.17813581683026
differential_evolution step 92: f(x)= 297.17813581683026
differential_evolution step 93: f(x)= 297.17813581683026
differential_evolution step 94: f(x)= 297.17813581683026
differential_evolution step 95: f(x)= 297.17813581683026
differential_evolution step 96: f(x)= 297.17813581683026
differential_evolution step 97: f(x)= 294.050584515529
differential_evolution step 98: f(x)= 284.12822447473906
differential_evolution step 99: f(x)= 284.12822447473906
differential_evolution step 100: f(x)= 275.67560569189925
differential_evolution step 101: f(x)= 275.4199457823986
differential_evolution step 102: f(x)= 275.4199457823986
differential_evolution step 103: f(x)= 275.4199457823986
differential_evolution step 104: f(x)= 270.52828039591316
differential_evolution step 105: f(x)= 269.4326036202618
differential_evolution step 106: f(x)= 269.4326036202618
differential_evolution step 107: f(x)= 269.4326036202618
differential_evolution step 108: f(x)= 267.00386743920143
differential_evolution step 109: f(x)= 267.00386743920143
differential_evolution step 110: f(x)= 267.00386743920143
differential_evolution step 111: f(x)= 265.741610835877
differential_evolution step 112: f(x)= 265.741610835877
differential_evolution step 113: f(x)= 265.741610835877
differential_evolution step 114: f(x)= 265.741610835877
differential_evolution step 115: f(x)= 265.5004196659299
differential_evolution step 116: f(x)= 265.5004196659299
differential_evolution step 117: f(x)= 265.44109797410164
differential_evolution step 118: f(x)= 265.44109797410164
differential_evolution step 119: f(x)= 265.44109797410164
differential_evolution step 120: f(x)= 265.44109797410164
differential_evolution step 121: f(x)= 264.8048678176786
differential_evolution step 122: f(x)= 264.8048678176786
differential_evolution step 123: f(x)= 264.8048678176786
differential_evolution step 124: f(x)= 264.8048678176786
differential_evolution step 125: f(x)= 264.8048678176786
differential_evolution step 126: f(x)= 264.8048678176786
differential_evolution step 127: f(x)= 264.8048678176786
differential_evolution step 128: f(x)= 264.8048678176786
differential_evolution step 129: f(x)= 264.8048678176786
differential_evolution step 130: f(x)= 264.8048678176786
differential_evolution step 131: f(x)= 264.8048678176786
differential_evolution step 132: f(x)= 264.8048678176786
differential_evolution step 133: f(x)= 264.3085216049152
differential_evolution step 134: f(x)= 264.3085216049152
differential_evolution step 135: f(x)= 264.1092498211128
differential_evolution step 136: f(x)= 264.1092498211128
differential_evolution step 137: f(x)= 264.1092498211128
differential_evolution step 138: f(x)= 263.4545568805501
differential_evolution step 139: f(x)= 263.4545568805501
differential_evolution step 140: f(x)= 263.4545568805501
differential_evolution step 141: f(x)= 263.4545568805501
differential_evolution step 142: f(x)= 263.4545568805501
differential_evolution step 143: f(x)= 263.4545568805501
differential_evolution step 144: f(x)= 263.4545568805501
differential_evolution step 145: f(x)= 263.4545568805501
differential_evolution step 146: f(x)= 263.4545568805501
differential_evolution step 147: f(x)= 263.4545568805501
differential_evolution step 148: f(x)= 263.3994136615623
differential_evolution step 149: f(x)= 263.34568715750595
differential_evolution step 150: f(x)= 263.34568715750595
differential_evolution step 151: f(x)= 263.34568715750595
differential_evolution step 152: f(x)= 263.34568715750595
differential_evolution step 153: f(x)= 263.30638853048805
differential_evolution step 154: f(x)= 263.1276260003616
differential_evolution step 155: f(x)= 263.1276260003616
differential_evolution step 156: f(x)= 263.1276260003616
differential_evolution step 157: f(x)= 263.1276260003616
differential_evolution step 158: f(x)= 263.1276260003616
differential_evolution step 159: f(x)= 263.1276260003616
differential_evolution step 160: f(x)= 263.1276260003616
differential_evolution step 161: f(x)= 263.1276260003616
differential_evolution step 162: f(x)= 263.116618325269
differential_evolution step 163: f(x)= 263.116618325269
differential_evolution step 164: f(x)= 263.116618325269
differential_evolution step 165: f(x)= 263.116618325269
differential_evolution step 166: f(x)= 263.116618325269
differential_evolution step 167: f(x)= 263.116618325269
differential_evolution step 168: f(x)= 263.1093034800653
differential_evolution step 169: f(x)= 263.0748424678869
differential_evolution step 170: f(x)= 262.9867914462396
differential_evolution step 171: f(x)= 262.9867914462396
differential_evolution step 172: f(x)= 262.9867914462396
differential_evolution step 173: f(x)= 262.9867914462396
differential_evolution step 174: f(x)= 262.9867914462396
differential_evolution step 175: f(x)= 262.9867914462396
differential_evolution step 176: f(x)= 262.9867914462396
differential_evolution step 177: f(x)= 262.9867914462396
differential_evolution step 178: f(x)= 262.9867914462396
differential_evolution step 179: f(x)= 262.9867914462396
differential_evolution step 180: f(x)= 262.9867914462396
differential_evolution step 181: f(x)= 262.9867914462396
differential_evolution step 182: f(x)= 262.9577833215354
differential_evolution step 183: f(x)= 262.9577833215354
differential_evolution step 184: f(x)= 262.9577833215354
differential_evolution step 185: f(x)= 262.9577833215354
differential_evolution step 186: f(x)= 262.9577833215354
differential_evolution step 187: f(x)= 262.9577833215354
differential_evolution step 188: f(x)= 262.9577833215354
differential_evolution step 189: f(x)= 262.9577833215354
differential_evolution step 190: f(x)= 262.9577833215354
differential_evolution step 191: f(x)= 262.9429000200684
differential_evolution step 192: f(x)= 262.9429000200684
differential_evolution step 193: f(x)= 262.9429000200684
differential_evolution step 194: f(x)= 262.9429000200684
differential_evolution step 195: f(x)= 262.9429000200684
differential_evolution step 196: f(x)= 262.9429000200684
differential_evolution step 197: f(x)= 262.9429000200684
differential_evolution step 198: f(x)= 262.9429000200684
differential_evolution step 199: f(x)= 262.9429000200684
differential_evolution step 200: f(x)= 262.9429000200684
Cluster 2 DE best chi^2: 262.943 with params {'x_src': np.float64(99.12931003606265), 'y_src': np.float64(101.25162915888129), 'z_s': np.float64(1.1131204493441706)}
--- Running DE for Cluster 3 ---
[DE] Process Pool with 16 procs (init=latinhypercube, popsize=50)
differential_evolution step 1: f(x)= 3000.0
differential_evolution step 2: f(x)= 3000.0
differential_evolution step 3: f(x)= 3000.0
differential_evolution step 4: f(x)= 3000.0
differential_evolution step 5: f(x)= 3000.0
differential_evolution step 6: f(x)= 2788.3440597570634
differential_evolution step 7: f(x)= 2788.3440597570634
differential_evolution step 8: f(x)= 2788.3440597570634
differential_evolution step 9: f(x)= 2788.3440597570634
differential_evolution step 10: f(x)= 2788.3440597570634
differential_evolution step 11: f(x)= 2788.3440597570634
differential_evolution step 12: f(x)= 2788.3440597570634
differential_evolution step 13: f(x)= 2788.3440597570634
differential_evolution step 14: f(x)= 1287.7720804945045
differential_evolution step 15: f(x)= 1287.7720804945045
differential_evolution step 16: f(x)= 1287.7720804945045
differential_evolution step 17: f(x)= 1287.7720804945045
differential_evolution step 18: f(x)= 1287.7720804945045
differential_evolution step 19: f(x)= 1287.7720804945045
differential_evolution step 20: f(x)= 1287.7720804945045
differential_evolution step 21: f(x)= 1287.7720804945045
differential_evolution step 22: f(x)= 1287.7720804945045
differential_evolution step 23: f(x)= 1287.7720804945045
differential_evolution step 24: f(x)= 1287.7720804945045
differential_evolution step 25: f(x)= 1287.7720804945045
differential_evolution step 26: f(x)= 1287.7720804945045
differential_evolution step 27: f(x)= 1287.7720804945045
differential_evolution step 28: f(x)= 1287.7720804945045
differential_evolution step 29: f(x)= 1287.7720804945045
differential_evolution step 30: f(x)= 1287.7720804945045
differential_evolution step 31: f(x)= 1287.7720804945045
differential_evolution step 32: f(x)= 1287.7720804945045
differential_evolution step 33: f(x)= 1174.903939547425
differential_evolution step 34: f(x)= 1174.903939547425
differential_evolution step 35: f(x)= 1174.903939547425
differential_evolution step 36: f(x)= 201.14601872508308
differential_evolution step 37: f(x)= 201.14601872508308
differential_evolution step 38: f(x)= 201.14601872508308
differential_evolution step 39: f(x)= 201.14601872508308
differential_evolution step 40: f(x)= 201.14601872508308
differential_evolution step 41: f(x)= 201.14601872508308
differential_evolution step 42: f(x)= 201.14601872508308
differential_evolution step 43: f(x)= 201.14601872508308
differential_evolution step 44: f(x)= 201.14601872508308
differential_evolution step 45: f(x)= 201.14601872508308
differential_evolution step 46: f(x)= 201.14601872508308
differential_evolution step 47: f(x)= 201.14601872508308
differential_evolution step 48: f(x)= 201.14601872508308
differential_evolution step 49: f(x)= 201.14601872508308
differential_evolution step 50: f(x)= 201.14601872508308
differential_evolution step 51: f(x)= 201.14601872508308
differential_evolution step 52: f(x)= 201.14601872508308
differential_evolution step 53: f(x)= 201.14601872508308
differential_evolution step 54: f(x)= 201.14601872508308
differential_evolution step 55: f(x)= 201.14601872508308
differential_evolution step 56: f(x)= 201.14601872508308
differential_evolution step 57: f(x)= 201.14601872508308
differential_evolution step 58: f(x)= 201.14601872508308
differential_evolution step 59: f(x)= 201.14601872508308
differential_evolution step 60: f(x)= 201.14601872508308
differential_evolution step 61: f(x)= 201.14601872508308
differential_evolution step 62: f(x)= 201.14601872508308
differential_evolution step 63: f(x)= 201.14601872508308
differential_evolution step 64: f(x)= 201.14601872508308
differential_evolution step 65: f(x)= 201.14601872508308
differential_evolution step 66: f(x)= 201.14601872508308
differential_evolution step 67: f(x)= 201.14601872508308
differential_evolution step 68: f(x)= 201.14601872508308
differential_evolution step 69: f(x)= 201.14601872508308
differential_evolution step 70: f(x)= 201.14601872508308
differential_evolution step 71: f(x)= 201.14601872508308
differential_evolution step 72: f(x)= 201.14601872508308
differential_evolution step 73: f(x)= 201.14601872508308
differential_evolution step 74: f(x)= 201.14601872508308
differential_evolution step 75: f(x)= 201.14601872508308
differential_evolution step 76: f(x)= 201.14601872508308
differential_evolution step 77: f(x)= 201.14601872508308
differential_evolution step 78: f(x)= 201.14601872508308
differential_evolution step 79: f(x)= 201.14601872508308
differential_evolution step 80: f(x)= 201.14601872508308
differential_evolution step 81: f(x)= 201.14601872508308
differential_evolution step 82: f(x)= 201.14601872508308
differential_evolution step 83: f(x)= 201.14601872508308
differential_evolution step 84: f(x)= 201.14601872508308
differential_evolution step 85: f(x)= 201.14601872508308
differential_evolution step 86: f(x)= 201.14601872508308
differential_evolution step 87: f(x)= 201.14601872508308
differential_evolution step 88: f(x)= 201.14601872508308
differential_evolution step 89: f(x)= 201.14601872508308
differential_evolution step 90: f(x)= 201.14601872508308
differential_evolution step 91: f(x)= 201.14601872508308
differential_evolution step 92: f(x)= 201.14601872508308
differential_evolution step 93: f(x)= 201.14601872508308
differential_evolution step 94: f(x)= 201.14601872508308
differential_evolution step 95: f(x)= 201.14601872508308
differential_evolution step 96: f(x)= 201.14601872508308
differential_evolution step 97: f(x)= 201.14601872508308
differential_evolution step 98: f(x)= 201.14601872508308
differential_evolution step 99: f(x)= 201.14601872508308
differential_evolution step 100: f(x)= 201.14601872508308
differential_evolution step 101: f(x)= 201.14601872508308
differential_evolution step 102: f(x)= 201.14601872508308
differential_evolution step 103: f(x)= 201.14601872508308
differential_evolution step 104: f(x)= 201.14601872508308
differential_evolution step 105: f(x)= 201.14601872508308
differential_evolution step 106: f(x)= 201.14601872508308
differential_evolution step 107: f(x)= 201.14601872508308
differential_evolution step 108: f(x)= 201.14601872508308
differential_evolution step 109: f(x)= 201.14601872508308
differential_evolution step 110: f(x)= 201.14601872508308
differential_evolution step 111: f(x)= 201.14601872508308
differential_evolution step 112: f(x)= 201.14601872508308
differential_evolution step 113: f(x)= 198.21792057555567
differential_evolution step 114: f(x)= 198.21792057555567
differential_evolution step 115: f(x)= 198.21792057555567
differential_evolution step 116: f(x)= 198.21792057555567
differential_evolution step 117: f(x)= 198.21792057555567
differential_evolution step 118: f(x)= 198.21792057555567
differential_evolution step 119: f(x)= 198.21792057555567
differential_evolution step 120: f(x)= 198.21792057555567
differential_evolution step 121: f(x)= 198.21792057555567
differential_evolution step 122: f(x)= 198.21792057555567
differential_evolution step 123: f(x)= 198.21792057555567
differential_evolution step 124: f(x)= 198.21792057555567
differential_evolution step 125: f(x)= 198.21792057555567
differential_evolution step 126: f(x)= 198.21792057555567
differential_evolution step 127: f(x)= 198.21792057555567
differential_evolution step 128: f(x)= 198.21792057555567
differential_evolution step 129: f(x)= 198.21792057555567
differential_evolution step 130: f(x)= 198.21792057555567
differential_evolution step 131: f(x)= 198.21792057555567
differential_evolution step 132: f(x)= 198.21792057555567
differential_evolution step 133: f(x)= 198.21792057555567
differential_evolution step 134: f(x)= 198.21792057555567
differential_evolution step 135: f(x)= 198.21792057555567
differential_evolution step 136: f(x)= 22.715031145456127
differential_evolution step 137: f(x)= 22.715031145456127
differential_evolution step 138: f(x)= 22.715031145456127
differential_evolution step 139: f(x)= 22.715031145456127
differential_evolution step 140: f(x)= 22.715031145456127
differential_evolution step 141: f(x)= 22.715031145456127
differential_evolution step 142: f(x)= 22.715031145456127
differential_evolution step 143: f(x)= 22.715031145456127
differential_evolution step 144: f(x)= 22.715031145456127
differential_evolution step 145: f(x)= 22.715031145456127
differential_evolution step 146: f(x)= 22.715031145456127
differential_evolution step 147: f(x)= 22.715031145456127
differential_evolution step 148: f(x)= 22.715031145456127
differential_evolution step 149: f(x)= 22.715031145456127
differential_evolution step 150: f(x)= 22.715031145456127
differential_evolution step 151: f(x)= 22.715031145456127
differential_evolution step 152: f(x)= 22.715031145456127
differential_evolution step 153: f(x)= 22.715031145456127
differential_evolution step 154: f(x)= 22.715031145456127
differential_evolution step 155: f(x)= 22.715031145456127
differential_evolution step 156: f(x)= 22.715031145456127
differential_evolution step 157: f(x)= 22.715031145456127
differential_evolution step 158: f(x)= 22.715031145456127
differential_evolution step 159: f(x)= 22.715031145456127
differential_evolution step 160: f(x)= 22.715031145456127
differential_evolution step 161: f(x)= 22.715031145456127
differential_evolution step 162: f(x)= 22.715031145456127
differential_evolution step 163: f(x)= 22.715031145456127
differential_evolution step 164: f(x)= 22.715031145456127
differential_evolution step 165: f(x)= 11.335017114008316
differential_evolution step 166: f(x)= 11.335017114008316
differential_evolution step 167: f(x)= 11.335017114008316
differential_evolution step 168: f(x)= 11.335017114008316
differential_evolution step 169: f(x)= 11.335017114008316
differential_evolution step 170: f(x)= 11.335017114008316
differential_evolution step 171: f(x)= 11.335017114008316
differential_evolution step 172: f(x)= 11.335017114008316
differential_evolution step 173: f(x)= 11.335017114008316
differential_evolution step 174: f(x)= 11.335017114008316
differential_evolution step 175: f(x)= 11.335017114008316
differential_evolution step 176: f(x)= 11.335017114008316
differential_evolution step 177: f(x)= 11.335017114008316
differential_evolution step 178: f(x)= 11.335017114008316
differential_evolution step 179: f(x)= 11.335017114008316
differential_evolution step 180: f(x)= 11.335017114008316
differential_evolution step 181: f(x)= 11.335017114008316
differential_evolution step 182: f(x)= 11.335017114008316
differential_evolution step 183: f(x)= 11.335017114008316
differential_evolution step 184: f(x)= 11.335017114008316
differential_evolution step 185: f(x)= 11.335017114008316
differential_evolution step 186: f(x)= 11.335017114008316
differential_evolution step 187: f(x)= 11.335017114008316
differential_evolution step 188: f(x)= 11.335017114008316
differential_evolution step 189: f(x)= 11.335017114008316
differential_evolution step 190: f(x)= 11.335017114008316
differential_evolution step 191: f(x)= 11.335017114008316
differential_evolution step 192: f(x)= 11.335017114008316
differential_evolution step 193: f(x)= 11.335017114008316
differential_evolution step 194: f(x)= 11.335017114008316
differential_evolution step 195: f(x)= 11.335017114008316
differential_evolution step 196: f(x)= 11.335017114008316
differential_evolution step 197: f(x)= 11.335017114008316
differential_evolution step 198: f(x)= 11.335017114008316
differential_evolution step 199: f(x)= 11.335017114008316
differential_evolution step 200: f(x)= 11.335017114008316
Cluster 3 DE best chi^2: 11.335 with params {'x_src': np.float64(127.794570022995), 'y_src': np.float64(110.8215011474181), 'z_s': np.float64(2.949030669151754)}
--- Running DE for Cluster 4 ---
[DE] Process Pool with 16 procs (init=latinhypercube, popsize=50)
differential_evolution step 1: f(x)= 3000.0
differential_evolution step 2: f(x)= 3000.0
differential_evolution step 3: f(x)= 3000.0
differential_evolution step 4: f(x)= 3000.0
differential_evolution step 5: f(x)= 3000.0
differential_evolution step 6: f(x)= 3000.0
differential_evolution step 7: f(x)= 3000.0
differential_evolution step 8: f(x)= 1824.3089370885468
differential_evolution step 9: f(x)= 1824.3089370885468
differential_evolution step 10: f(x)= 1824.3089370885468
differential_evolution step 11: f(x)= 1824.3089370885468
differential_evolution step 12: f(x)= 1824.3089370885468
differential_evolution step 13: f(x)= 1824.3089370885468
differential_evolution step 14: f(x)= 1824.3089370885468
differential_evolution step 15: f(x)= 1824.3089370885468
differential_evolution step 16: f(x)= 1824.3089370885468
differential_evolution step 17: f(x)= 1824.3089370885468
differential_evolution step 18: f(x)= 1824.3089370885468
differential_evolution step 19: f(x)= 1824.3089370885468
differential_evolution step 20: f(x)= 1824.3089370885468
differential_evolution step 21: f(x)= 1824.3089370885468
differential_evolution step 22: f(x)= 1824.3089370885468
differential_evolution step 23: f(x)= 1824.3089370885468
differential_evolution step 24: f(x)= 1824.3089370885468
differential_evolution step 25: f(x)= 1824.3089370885468
differential_evolution step 26: f(x)= 443.95599682322216
differential_evolution step 27: f(x)= 443.95599682322216
differential_evolution step 28: f(x)= 443.95599682322216
differential_evolution step 29: f(x)= 443.95599682322216
differential_evolution step 30: f(x)= 443.95599682322216
differential_evolution step 31: f(x)= 443.95599682322216
differential_evolution step 32: f(x)= 443.95599682322216
differential_evolution step 33: f(x)= 443.95599682322216
differential_evolution step 34: f(x)= 443.95599682322216
differential_evolution step 35: f(x)= 443.95599682322216
differential_evolution step 36: f(x)= 443.95599682322216
differential_evolution step 37: f(x)= 443.95599682322216
differential_evolution step 38: f(x)= 443.95599682322216
differential_evolution step 39: f(x)= 443.95599682322216
differential_evolution step 40: f(x)= 443.95599682322216
differential_evolution step 41: f(x)= 443.95599682322216
differential_evolution step 42: f(x)= 443.95599682322216
differential_evolution step 43: f(x)= 443.95599682322216
differential_evolution step 44: f(x)= 443.95599682322216
differential_evolution step 45: f(x)= 443.95599682322216
differential_evolution step 46: f(x)= 443.95599682322216
differential_evolution step 47: f(x)= 443.95599682322216
differential_evolution step 48: f(x)= 443.95599682322216
differential_evolution step 49: f(x)= 443.95599682322216
differential_evolution step 50: f(x)= 443.95599682322216
differential_evolution step 51: f(x)= 443.95599682322216
differential_evolution step 52: f(x)= 443.95599682322216
differential_evolution step 53: f(x)= 443.95599682322216
differential_evolution step 54: f(x)= 443.95599682322216
differential_evolution step 55: f(x)= 443.95599682322216
differential_evolution step 56: f(x)= 443.95599682322216
differential_evolution step 57: f(x)= 443.95599682322216
differential_evolution step 58: f(x)= 443.95599682322216
differential_evolution step 59: f(x)= 443.95599682322216
differential_evolution step 60: f(x)= 443.95599682322216
differential_evolution step 61: f(x)= 443.95599682322216
differential_evolution step 62: f(x)= 443.95599682322216
differential_evolution step 63: f(x)= 443.95599682322216
differential_evolution step 64: f(x)= 443.95599682322216
differential_evolution step 65: f(x)= 443.95599682322216
differential_evolution step 66: f(x)= 443.95599682322216
differential_evolution step 67: f(x)= 443.95599682322216
differential_evolution step 68: f(x)= 443.95599682322216
differential_evolution step 69: f(x)= 443.95599682322216
differential_evolution step 70: f(x)= 443.95599682322216
differential_evolution step 71: f(x)= 443.95599682322216
differential_evolution step 72: f(x)= 443.95599682322216
differential_evolution step 73: f(x)= 443.95599682322216
differential_evolution step 74: f(x)= 443.95599682322216
differential_evolution step 75: f(x)= 443.95599682322216
differential_evolution step 76: f(x)= 443.95599682322216
differential_evolution step 77: f(x)= 443.95599682322216
differential_evolution step 78: f(x)= 443.95599682322216
differential_evolution step 79: f(x)= 443.95599682322216
differential_evolution step 80: f(x)= 443.95599682322216
differential_evolution step 81: f(x)= 443.95599682322216
differential_evolution step 82: f(x)= 443.95599682322216
differential_evolution step 83: f(x)= 443.95599682322216
differential_evolution step 84: f(x)= 443.95599682322216
differential_evolution step 85: f(x)= 443.95599682322216
differential_evolution step 86: f(x)= 443.95599682322216
differential_evolution step 87: f(x)= 443.95599682322216
differential_evolution step 88: f(x)= 443.95599682322216
differential_evolution step 89: f(x)= 443.95599682322216
differential_evolution step 90: f(x)= 443.95599682322216
differential_evolution step 91: f(x)= 443.95599682322216
differential_evolution step 92: f(x)= 443.95599682322216
differential_evolution step 93: f(x)= 443.95599682322216
differential_evolution step 94: f(x)= 443.95599682322216
differential_evolution step 95: f(x)= 443.95599682322216
differential_evolution step 96: f(x)= 443.95599682322216
differential_evolution step 97: f(x)= 443.95599682322216
differential_evolution step 98: f(x)= 443.95599682322216
differential_evolution step 99: f(x)= 443.95599682322216
differential_evolution step 100: f(x)= 443.95599682322216
differential_evolution step 101: f(x)= 443.95599682322216
differential_evolution step 102: f(x)= 443.95599682322216
differential_evolution step 103: f(x)= 443.95599682322216
differential_evolution step 104: f(x)= 443.95599682322216
differential_evolution step 105: f(x)= 443.95599682322216
differential_evolution step 106: f(x)= 443.95599682322216
differential_evolution step 107: f(x)= 443.95599682322216
differential_evolution step 108: f(x)= 443.95599682322216
differential_evolution step 109: f(x)= 443.95599682322216
differential_evolution step 110: f(x)= 443.95599682322216
differential_evolution step 111: f(x)= 443.95599682322216
differential_evolution step 112: f(x)= 443.95599682322216
differential_evolution step 113: f(x)= 443.95599682322216
differential_evolution step 114: f(x)= 443.95599682322216
differential_evolution step 115: f(x)= 443.95599682322216
differential_evolution step 116: f(x)= 443.95599682322216
differential_evolution step 117: f(x)= 443.95599682322216
differential_evolution step 118: f(x)= 443.95599682322216
differential_evolution step 119: f(x)= 443.95599682322216
differential_evolution step 120: f(x)= 443.95599682322216
differential_evolution step 121: f(x)= 443.95599682322216
differential_evolution step 122: f(x)= 443.95599682322216
differential_evolution step 123: f(x)= 443.95599682322216
differential_evolution step 124: f(x)= 443.95599682322216
differential_evolution step 125: f(x)= 443.95599682322216
differential_evolution step 126: f(x)= 443.95599682322216
differential_evolution step 127: f(x)= 443.95599682322216
differential_evolution step 128: f(x)= 443.95599682322216
differential_evolution step 129: f(x)= 443.95599682322216
differential_evolution step 130: f(x)= 443.95599682322216
differential_evolution step 131: f(x)= 443.95599682322216
differential_evolution step 132: f(x)= 443.95599682322216
differential_evolution step 133: f(x)= 443.95599682322216
differential_evolution step 134: f(x)= 443.95599682322216
differential_evolution step 135: f(x)= 443.95599682322216
differential_evolution step 136: f(x)= 443.95599682322216
differential_evolution step 137: f(x)= 443.95599682322216
differential_evolution step 138: f(x)= 443.95599682322216
differential_evolution step 139: f(x)= 443.95599682322216
differential_evolution step 140: f(x)= 443.95599682322216
differential_evolution step 141: f(x)= 443.95599682322216
differential_evolution step 142: f(x)= 443.95599682322216
differential_evolution step 143: f(x)= 443.95599682322216
differential_evolution step 144: f(x)= 443.95599682322216
differential_evolution step 145: f(x)= 443.95599682322216
differential_evolution step 146: f(x)= 443.95599682322216
differential_evolution step 147: f(x)= 443.95599682322216
differential_evolution step 148: f(x)= 443.95599682322216
differential_evolution step 149: f(x)= 443.95599682322216
differential_evolution step 150: f(x)= 443.95599682322216
differential_evolution step 151: f(x)= 443.95599682322216
differential_evolution step 152: f(x)= 443.95599682322216
differential_evolution step 153: f(x)= 443.95599682322216
differential_evolution step 154: f(x)= 443.95599682322216
differential_evolution step 155: f(x)= 443.95599682322216
differential_evolution step 156: f(x)= 443.95599682322216
differential_evolution step 157: f(x)= 443.95599682322216
differential_evolution step 158: f(x)= 443.95599682322216
differential_evolution step 159: f(x)= 443.95599682322216
differential_evolution step 160: f(x)= 443.95599682322216
differential_evolution step 161: f(x)= 443.95599682322216
differential_evolution step 162: f(x)= 443.95599682322216
differential_evolution step 163: f(x)= 443.95599682322216
differential_evolution step 164: f(x)= 443.95599682322216
differential_evolution step 165: f(x)= 443.95599682322216
differential_evolution step 166: f(x)= 443.95599682322216
differential_evolution step 167: f(x)= 443.95599682322216
differential_evolution step 168: f(x)= 443.95599682322216
differential_evolution step 169: f(x)= 443.95599682322216
differential_evolution step 170: f(x)= 443.95599682322216
differential_evolution step 171: f(x)= 443.95599682322216
differential_evolution step 172: f(x)= 443.95599682322216
differential_evolution step 173: f(x)= 443.95599682322216
differential_evolution step 174: f(x)= 443.95599682322216
differential_evolution step 175: f(x)= 443.95599682322216
differential_evolution step 176: f(x)= 443.95599682322216
differential_evolution step 177: f(x)= 443.95599682322216
differential_evolution step 178: f(x)= 443.95599682322216
differential_evolution step 179: f(x)= 443.95599682322216
differential_evolution step 180: f(x)= 443.95599682322216
differential_evolution step 181: f(x)= 443.95599682322216
differential_evolution step 182: f(x)= 443.95599682322216
differential_evolution step 183: f(x)= 443.95599682322216
differential_evolution step 184: f(x)= 443.95599682322216
differential_evolution step 185: f(x)= 443.95599682322216
differential_evolution step 186: f(x)= 443.95599682322216
differential_evolution step 187: f(x)= 443.95599682322216
differential_evolution step 188: f(x)= 443.95599682322216
differential_evolution step 189: f(x)= 443.95599682322216
differential_evolution step 190: f(x)= 443.95599682322216
differential_evolution step 191: f(x)= 443.95599682322216
differential_evolution step 192: f(x)= 443.95599682322216
differential_evolution step 193: f(x)= 443.95599682322216
differential_evolution step 194: f(x)= 282.8530597734118
differential_evolution step 195: f(x)= 282.8530597734118
differential_evolution step 196: f(x)= 282.8530597734118
differential_evolution step 197: f(x)= 282.8530597734118
differential_evolution step 198: f(x)= 282.8530597734118
differential_evolution step 199: f(x)= 282.8530597734118
differential_evolution step 200: f(x)= 282.8530597734118
Cluster 4 DE best chi^2: 282.853 with params {'x_src': np.float64(283.18222236573), 'y_src': np.float64(260.3980406326567), 'z_s': np.float64(2.245580795347936)}
--- Running DE for Cluster 5 ---
[DE] Process Pool with 16 procs (init=latinhypercube, popsize=50)
differential_evolution step 1: f(x)= 4242.640687119286
differential_evolution step 2: f(x)= 4242.640687119286
differential_evolution step 3: f(x)= 4242.640687119286
differential_evolution step 4: f(x)= 4242.640687119286
differential_evolution step 5: f(x)= 4242.640687119286
differential_evolution step 6: f(x)= 4242.640687119286
differential_evolution step 7: f(x)= 4242.640687119286
differential_evolution step 8: f(x)= 4242.640687119286
differential_evolution step 9: f(x)= 3000.0
differential_evolution step 10: f(x)= 3000.0
differential_evolution step 11: f(x)= 3000.0
differential_evolution step 12: f(x)= 3000.0
differential_evolution step 13: f(x)= 3000.0
differential_evolution step 14: f(x)= 3000.0
differential_evolution step 15: f(x)= 3000.0
differential_evolution step 16: f(x)= 3000.0
differential_evolution step 17: f(x)= 3000.0
differential_evolution step 18: f(x)= 3000.0
differential_evolution step 19: f(x)= 3000.0
differential_evolution step 20: f(x)= 3000.0
differential_evolution step 21: f(x)= 3000.0
differential_evolution step 22: f(x)= 3000.0
differential_evolution step 23: f(x)= 3000.0
differential_evolution step 24: f(x)= 3000.0
differential_evolution step 25: f(x)= 3000.0
differential_evolution step 26: f(x)= 3000.0
differential_evolution step 27: f(x)= 3000.0
differential_evolution step 28: f(x)= 3000.0
differential_evolution step 29: f(x)= 3000.0
differential_evolution step 30: f(x)= 3000.0
differential_evolution step 31: f(x)= 3000.0
differential_evolution step 32: f(x)= 3000.0
differential_evolution step 33: f(x)= 3000.0
differential_evolution step 34: f(x)= 2859.069308047973
differential_evolution step 35: f(x)= 2859.069308047973
differential_evolution step 36: f(x)= 2859.069308047973
differential_evolution step 37: f(x)= 2859.069308047973
differential_evolution step 38: f(x)= 2859.069308047973
differential_evolution step 39: f(x)= 2859.069308047973
differential_evolution step 40: f(x)= 2859.069308047973
differential_evolution step 41: f(x)= 2859.069308047973
differential_evolution step 42: f(x)= 2859.069308047973
differential_evolution step 43: f(x)= 2859.069308047973
differential_evolution step 44: f(x)= 2859.069308047973
differential_evolution step 45: f(x)= 2859.069308047973
differential_evolution step 46: f(x)= 2859.069308047973
differential_evolution step 47: f(x)= 2859.069308047973
differential_evolution step 48: f(x)= 2859.069308047973
differential_evolution step 49: f(x)= 2859.069308047973
differential_evolution step 50: f(x)= 2859.069308047973
differential_evolution step 51: f(x)= 1633.6299881805353
differential_evolution step 52: f(x)= 1633.6299881805353
differential_evolution step 53: f(x)= 278.5130418323153
differential_evolution step 54: f(x)= 278.5130418323153
differential_evolution step 55: f(x)= 278.5130418323153
differential_evolution step 56: f(x)= 278.5130418323153
differential_evolution step 57: f(x)= 278.5130418323153
differential_evolution step 58: f(x)= 278.5130418323153
differential_evolution step 59: f(x)= 278.5130418323153
differential_evolution step 60: f(x)= 278.5130418323153
differential_evolution step 61: f(x)= 278.5130418323153
differential_evolution step 62: f(x)= 278.5130418323153
differential_evolution step 63: f(x)= 278.5130418323153
differential_evolution step 64: f(x)= 278.5130418323153
differential_evolution step 65: f(x)= 278.5130418323153
differential_evolution step 66: f(x)= 278.5130418323153
differential_evolution step 67: f(x)= 278.5130418323153
differential_evolution step 68: f(x)= 278.5130418323153
differential_evolution step 69: f(x)= 278.5130418323153
differential_evolution step 70: f(x)= 278.5130418323153
differential_evolution step 71: f(x)= 278.5130418323153
differential_evolution step 72: f(x)= 278.5130418323153
differential_evolution step 73: f(x)= 278.5130418323153
differential_evolution step 74: f(x)= 278.5130418323153
differential_evolution step 75: f(x)= 278.5130418323153
differential_evolution step 76: f(x)= 278.5130418323153
differential_evolution step 77: f(x)= 278.5130418323153
differential_evolution step 78: f(x)= 278.5130418323153
differential_evolution step 79: f(x)= 278.5130418323153
differential_evolution step 80: f(x)= 278.5130418323153
differential_evolution step 81: f(x)= 278.5130418323153
differential_evolution step 82: f(x)= 278.5130418323153
differential_evolution step 83: f(x)= 278.5130418323153
differential_evolution step 84: f(x)= 278.5130418323153
differential_evolution step 85: f(x)= 278.5130418323153
differential_evolution step 86: f(x)= 278.5130418323153
differential_evolution step 87: f(x)= 278.5130418323153
differential_evolution step 88: f(x)= 278.5130418323153
differential_evolution step 89: f(x)= 278.5130418323153
differential_evolution step 90: f(x)= 278.5130418323153
differential_evolution step 91: f(x)= 278.5130418323153
differential_evolution step 92: f(x)= 278.5130418323153
differential_evolution step 93: f(x)= 278.5130418323153
differential_evolution step 94: f(x)= 278.5130418323153
differential_evolution step 95: f(x)= 278.5130418323153
differential_evolution step 96: f(x)= 278.5130418323153
differential_evolution step 97: f(x)= 278.5130418323153
differential_evolution step 98: f(x)= 278.5130418323153
differential_evolution step 99: f(x)= 278.5130418323153
differential_evolution step 100: f(x)= 278.5130418323153
differential_evolution step 101: f(x)= 278.5130418323153
differential_evolution step 102: f(x)= 278.5130418323153
differential_evolution step 103: f(x)= 278.5130418323153
differential_evolution step 104: f(x)= 278.5130418323153
differential_evolution step 105: f(x)= 278.5130418323153
differential_evolution step 106: f(x)= 278.5130418323153
differential_evolution step 107: f(x)= 278.5130418323153
differential_evolution step 108: f(x)= 278.5130418323153
differential_evolution step 109: f(x)= 278.5130418323153
differential_evolution step 110: f(x)= 278.5130418323153
differential_evolution step 111: f(x)= 278.5130418323153
differential_evolution step 112: f(x)= 278.5130418323153
differential_evolution step 113: f(x)= 278.5130418323153
differential_evolution step 114: f(x)= 278.5130418323153
differential_evolution step 115: f(x)= 278.5130418323153
differential_evolution step 116: f(x)= 278.5130418323153
differential_evolution step 117: f(x)= 278.5130418323153
differential_evolution step 118: f(x)= 278.5130418323153
differential_evolution step 119: f(x)= 278.5130418323153
differential_evolution step 120: f(x)= 278.5130418323153
differential_evolution step 121: f(x)= 278.5130418323153
differential_evolution step 122: f(x)= 278.5130418323153
differential_evolution step 123: f(x)= 278.5130418323153
differential_evolution step 124: f(x)= 278.5130418323153
differential_evolution step 125: f(x)= 278.5130418323153
differential_evolution step 126: f(x)= 278.5130418323153
differential_evolution step 127: f(x)= 278.5130418323153
differential_evolution step 128: f(x)= 278.5130418323153
differential_evolution step 129: f(x)= 278.5130418323153
differential_evolution step 130: f(x)= 278.5130418323153
differential_evolution step 131: f(x)= 278.5130418323153
differential_evolution step 132: f(x)= 278.5130418323153
differential_evolution step 133: f(x)= 278.5130418323153
differential_evolution step 134: f(x)= 278.5130418323153
differential_evolution step 135: f(x)= 278.5130418323153
differential_evolution step 136: f(x)= 278.5130418323153
differential_evolution step 137: f(x)= 278.5130418323153
differential_evolution step 138: f(x)= 278.5130418323153
differential_evolution step 139: f(x)= 278.5130418323153
differential_evolution step 140: f(x)= 278.5130418323153
differential_evolution step 141: f(x)= 278.5130418323153
differential_evolution step 142: f(x)= 278.5130418323153
differential_evolution step 143: f(x)= 278.5130418323153
differential_evolution step 144: f(x)= 278.5130418323153
differential_evolution step 145: f(x)= 274.238212981852
differential_evolution step 146: f(x)= 274.238212981852
differential_evolution step 147: f(x)= 274.238212981852
differential_evolution step 148: f(x)= 274.238212981852
differential_evolution step 149: f(x)= 274.238212981852
differential_evolution step 150: f(x)= 274.238212981852
differential_evolution step 151: f(x)= 274.238212981852
differential_evolution step 152: f(x)= 274.238212981852
differential_evolution step 153: f(x)= 274.238212981852
differential_evolution step 154: f(x)= 267.7175962713718
differential_evolution step 155: f(x)= 267.7175962713718
differential_evolution step 156: f(x)= 264.3636485370039
differential_evolution step 157: f(x)= 264.3636485370039
differential_evolution step 158: f(x)= 264.3636485370039
differential_evolution step 159: f(x)= 263.775494903668
differential_evolution step 160: f(x)= 263.775494903668
differential_evolution step 161: f(x)= 263.775494903668
differential_evolution step 162: f(x)= 263.775494903668
differential_evolution step 163: f(x)= 263.775494903668
differential_evolution step 164: f(x)= 263.346173997697
differential_evolution step 165: f(x)= 263.346173997697
differential_evolution step 166: f(x)= 263.346173997697
differential_evolution step 167: f(x)= 263.346173997697
differential_evolution step 168: f(x)= 263.346173997697
differential_evolution step 169: f(x)= 263.346173997697
differential_evolution step 170: f(x)= 263.346173997697
differential_evolution step 171: f(x)= 263.346173997697
differential_evolution step 172: f(x)= 263.346173997697
differential_evolution step 173: f(x)= 263.346173997697
differential_evolution step 174: f(x)= 263.346173997697
differential_evolution step 175: f(x)= 263.346173997697
differential_evolution step 176: f(x)= 263.346173997697
differential_evolution step 177: f(x)= 263.346173997697
differential_evolution step 178: f(x)= 263.346173997697
differential_evolution step 179: f(x)= 263.346173997697
differential_evolution step 180: f(x)= 261.9103610116539
differential_evolution step 181: f(x)= 261.9103610116539
differential_evolution step 182: f(x)= 261.9103610116539
differential_evolution step 183: f(x)= 261.9103610116539
differential_evolution step 184: f(x)= 261.9103610116539
differential_evolution step 185: f(x)= 261.9103610116539
differential_evolution step 186: f(x)= 261.47550577984566
differential_evolution step 187: f(x)= 261.47550577984566
differential_evolution step 188: f(x)= 261.47550577984566
differential_evolution step 189: f(x)= 261.47550577984566
differential_evolution step 190: f(x)= 261.47550577984566
differential_evolution step 191: f(x)= 261.47550577984566
differential_evolution step 192: f(x)= 261.3278638611857
differential_evolution step 193: f(x)= 261.3278638611857
differential_evolution step 194: f(x)= 261.3278638611857
differential_evolution step 195: f(x)= 261.3278638611857
differential_evolution step 196: f(x)= 261.3278638611857
differential_evolution step 197: f(x)= 261.3278638611857
differential_evolution step 198: f(x)= 261.2499523433638
differential_evolution step 199: f(x)= 261.2499523433638
differential_evolution step 200: f(x)= 261.2499523433638
Cluster 5 DE best chi^2: 261.250 with params {'x_src': np.float64(149.4806722616126), 'y_src': np.float64(145.21312468814565), 'z_s': np.float64(1.8983438406133917)}

--- DE Optimization Summary ---
Best fit found for Cluster 3 with chi^2 = 11.335
Best-fit parameters: {'x_src': np.float64(127.794570022995), 'y_src': np.float64(110.8215011474181), 'z_s': np.float64(2.949030669151754)}

--- Running MCMC for Cluster 3 (chi_sq=11.335) ---
[MCMC] Process Pool with 16 procs
  0%|          | 0/20000 [00:00<?, ?it/s]  1%|          | 107/20000 [01:40<5:12:08,  1.06it/s]  1%|          | 126/20000 [02:00<5:11:50,  1.06it/s]  1%|          | 208/20000 [03:20<5:19:55,  1.03it/s]  1%|          | 227/20000 [03:40<5:19:36,  1.03it/s]  2%|         | 316/20000 [05:01<5:12:08,  1.05it/s]  2%|         | 335/20000 [05:20<5:11:50,  1.05it/s]  2%|         | 422/20000 [06:42<5:10:25,  1.05it/s]  2%|         | 439/20000 [07:00<5:10:09,  1.05it/s]  3%|         | 522/20000 [08:22<5:14:35,  1.03it/s]  3%|         | 539/20000 [08:40<5:14:19,  1.03it/s]  3%|         | 621/20000 [10:03<5:18:07,  1.02it/s]  3%|         | 637/20000 [10:20<5:17:51,  1.02it/s]  4%|         | 732/20000 [11:43<5:07:26,  1.04it/s]  4%|         | 748/20000 [12:00<5:07:11,  1.04it/s]  4%|         | 836/20000 [13:24<5:06:54,  1.04it/s]  4%|         | 851/20000 [13:40<5:06:40,  1.04it/s]  5%|         | 947/20000 [15:04<4:59:29,  1.06it/s]  5%|         | 965/20000 [15:20<4:59:12,  1.06it/s]  5%|         | 1055/20000 [16:45<4:56:50,  1.06it/s]  5%|         | 1069/20000 [17:00<4:56:36,  1.06it/s]  6%|         | 1158/20000 [18:26<4:58:36,  1.05it/s]  6%|         | 1172/20000 [18:40<4:58:23,  1.05it/s]  6%|         | 1261/20000 [20:06<4:59:06,  1.04it/s]  6%|         | 1274/20000 [20:20<4:58:53,  1.04it/s]  7%|         | 1362/20000 [21:47<5:00:56,  1.03it/s]  7%|         | 1375/20000 [22:00<5:00:44,  1.03it/s]  7%|         | 1471/20000 [23:27<4:54:25,  1.05it/s]  7%|         | 1485/20000 [23:40<4:54:12,  1.05it/s]  8%|         | 1575/20000 [25:08<4:54:24,  1.04it/s]  8%|         | 1587/20000 [25:20<4:54:12,  1.04it/s]  8%|         | 1682/20000 [26:48<4:50:40,  1.05it/s]  8%|         | 1694/20000 [27:00<4:50:29,  1.05it/s]  9%|         | 1794/20000 [28:29<4:43:45,  1.07it/s]  9%|         | 1805/20000 [28:40<4:43:35,  1.07it/s] 10%|         | 1907/20000 [30:09<4:37:47,  1.09it/s] 10%|         | 1918/20000 [30:20<4:37:36,  1.09it/s] 10%|         | 2010/20000 [31:50<4:40:56,  1.07it/s] 10%|         | 2029/20000 [32:10<4:40:38,  1.07it/s] 11%|         | 2109/20000 [33:31<4:46:19,  1.04it/s] 11%|         | 2127/20000 [33:50<4:46:02,  1.04it/s] 11%|         | 2213/20000 [35:11<4:45:03,  1.04it/s] 11%|         | 2233/20000 [35:30<4:44:44,  1.04it/s] 12%|        | 2324/20000 [36:52<4:38:10,  1.06it/s] 12%|        | 2341/20000 [37:10<4:37:54,  1.06it/s] 12%|        | 2426/20000 [38:32<4:40:21,  1.04it/s] 12%|        | 2443/20000 [38:50<4:40:05,  1.04it/s] 13%|        | 2534/20000 [40:13<4:36:11,  1.05it/s] 13%|        | 2553/20000 [40:30<4:35:53,  1.05it/s] 13%|        | 2638/20000 [41:53<4:35:55,  1.05it/s] 13%|        | 2654/20000 [42:10<4:35:40,  1.05it/s] 14%|        | 2746/20000 [43:34<4:32:04,  1.06it/s] 14%|        | 2763/20000 [43:50<4:31:48,  1.06it/s] 14%|        | 2854/20000 [45:14<4:29:04,  1.06it/s] 14%|        | 2871/20000 [45:30<4:28:48,  1.06it/s] 15%|        | 2965/20000 [46:55<4:24:13,  1.07it/s] 15%|        | 2980/20000 [47:10<4:23:59,  1.07it/s] 15%|        | 3076/20000 [48:36<4:20:42,  1.08it/s] 15%|        | 3089/20000 [48:50<4:20:30,  1.08it/s] 16%|        | 3180/20000 [50:16<4:22:47,  1.07it/s] 16%|        | 3195/20000 [50:30<4:22:33,  1.07it/s] 16%|        | 3294/20000 [51:57<4:16:03,  1.09it/s] 17%|        | 3307/20000 [52:10<4:15:51,  1.09it/s] 17%|        | 3397/20000 [53:37<4:18:36,  1.07it/s] 17%|        | 3409/20000 [53:50<4:18:25,  1.07it/s] 17%|        | 3498/20000 [55:18<4:22:03,  1.05it/s] 18%|        | 3510/20000 [55:30<4:21:52,  1.05it/s] 18%|        | 3600/20000 [56:58<4:23:05,  1.04it/s] 18%|        | 3611/20000 [57:10<4:22:55,  1.04it/s] 19%|        | 3706/20000 [58:39<4:20:26,  1.04it/s] 19%|        | 3716/20000 [58:50<4:20:16,  1.04it/s] 19%|        | 3806/20000 [1:00:20<4:22:43,  1.03it/s] 19%|        | 3826/20000 [1:00:40<4:22:24,  1.03it/s] 20%|        | 3906/20000 [1:02:01<4:23:42,  1.02it/s] 20%|        | 3926/20000 [1:02:20<4:23:22,  1.02it/s] 20%|        | 4016/20000 [1:03:41<4:16:11,  1.04it/s] 20%|        | 4037/20000 [1:04:00<4:15:51,  1.04it/s] 21%|        | 4121/20000 [1:05:22<4:14:29,  1.04it/s] 21%|        | 4137/20000 [1:05:40<4:14:14,  1.04it/s] 21%|        | 4222/20000 [1:07:03<4:15:41,  1.03it/s] 21%|        | 4238/20000 [1:07:20<4:15:26,  1.03it/s] 22%|       | 4326/20000 [1:08:43<4:13:22,  1.03it/s] 22%|       | 4342/20000 [1:09:00<4:13:06,  1.03it/s] 22%|       | 4425/20000 [1:10:24<4:15:06,  1.02it/s] 22%|       | 4441/20000 [1:10:40<4:14:50,  1.02it/s] 23%|       | 4531/20000 [1:12:04<4:10:19,  1.03it/s] 23%|       | 4547/20000 [1:12:20<4:10:03,  1.03it/s] 23%|       | 4632/20000 [1:13:44<4:10:10,  1.02it/s] 23%|       | 4647/20000 [1:14:00<4:09:56,  1.02it/s] 24%|       | 4732/20000 [1:15:24<4:10:23,  1.02it/s] 24%|       | 4747/20000 [1:15:40<4:10:08,  1.02it/s] 24%|       | 4839/20000 [1:17:04<4:04:53,  1.03it/s] 24%|       | 4857/20000 [1:17:20<4:04:36,  1.03it/s] 25%|       | 4943/20000 [1:18:45<4:03:13,  1.03it/s] 25%|       | 4957/20000 [1:19:00<4:02:59,  1.03it/s] 25%|       | 5046/20000 [1:20:25<4:01:52,  1.03it/s] 25%|       | 5061/20000 [1:20:40<4:01:38,  1.03it/s] 26%|       | 5157/20000 [1:22:06<3:55:04,  1.05it/s] 26%|       | 5172/20000 [1:22:20<3:54:49,  1.05it/s] 26%|       | 5269/20000 [1:23:47<3:49:22,  1.07it/s] 26%|       | 5283/20000 [1:24:00<3:49:09,  1.07it/s] 27%|       | 5381/20000 [1:25:27<3:44:35,  1.08it/s] 27%|       | 5395/20000 [1:25:40<3:44:22,  1.08it/s] 27%|       | 5481/20000 [1:27:07<3:48:26,  1.06it/s] 27%|       | 5493/20000 [1:27:20<3:48:15,  1.06it/s] 28%|       | 5583/20000 [1:28:48<3:49:58,  1.04it/s] 28%|       | 5596/20000 [1:29:00<3:49:45,  1.04it/s] 28%|       | 5693/20000 [1:30:28<3:45:05,  1.06it/s] 29%|       | 5704/20000 [1:30:40<3:44:54,  1.06it/s] 29%|       | 5796/20000 [1:32:09<3:45:35,  1.05it/s] 29%|       | 5807/20000 [1:32:20<3:45:24,  1.05it/s] 30%|       | 5903/20000 [1:33:49<3:42:55,  1.05it/s] 30%|       | 5913/20000 [1:34:00<3:42:46,  1.05it/s] 30%|       | 6001/20000 [1:35:30<3:46:25,  1.03it/s] 30%|       | 6011/20000 [1:35:40<3:46:15,  1.03it/s] 31%|       | 6104/20000 [1:37:10<3:45:08,  1.03it/s] 31%|       | 6124/20000 [1:37:30<3:44:48,  1.03it/s] 31%|       | 6213/20000 [1:38:50<3:39:28,  1.05it/s] 31%|       | 6233/20000 [1:39:10<3:39:09,  1.05it/s] 32%|      | 6319/20000 [1:40:31<3:37:36,  1.05it/s] 32%|      | 6337/20000 [1:40:50<3:37:19,  1.05it/s] 32%|      | 6419/20000 [1:42:11<3:39:03,  1.03it/s] 32%|      | 6437/20000 [1:42:30<3:38:46,  1.03it/s] 33%|      | 6520/20000 [1:43:52<3:39:19,  1.02it/s] 33%|      | 6537/20000 [1:44:10<3:39:03,  1.02it/s] 33%|      | 6621/20000 [1:45:32<3:38:39,  1.02it/s] 33%|      | 6639/20000 [1:45:50<3:38:22,  1.02it/s] 34%|      | 6722/20000 [1:47:13<3:38:06,  1.01it/s] 34%|      | 6738/20000 [1:47:30<3:37:50,  1.01it/s] 34%|      | 6824/20000 [1:48:53<3:36:30,  1.01it/s] 34%|      | 6839/20000 [1:49:10<3:36:16,  1.01it/s] 35%|      | 6926/20000 [1:50:34<3:35:03,  1.01it/s] 35%|      | 6941/20000 [1:50:50<3:34:48,  1.01it/s] 35%|      | 7030/20000 [1:52:15<3:32:01,  1.02it/s] 35%|      | 7044/20000 [1:52:30<3:31:47,  1.02it/s] 36%|      | 7137/20000 [1:53:55<3:27:23,  1.03it/s] 36%|      | 7152/20000 [1:54:10<3:27:09,  1.03it/s] 36%|      | 7238/20000 [1:55:36<3:27:31,  1.02it/s] 36%|      | 7251/20000 [1:55:50<3:27:18,  1.02it/s] 37%|      | 7338/20000 [1:57:16<3:27:55,  1.01it/s] 37%|      | 7351/20000 [1:57:30<3:27:42,  1.01it/s] 37%|      | 7448/20000 [1:58:57<3:21:25,  1.04it/s] 37%|      | 7461/20000 [1:59:10<3:21:12,  1.04it/s] 38%|      | 7557/20000 [2:00:38<3:17:16,  1.05it/s] 38%|      | 7569/20000 [2:00:50<3:17:05,  1.05it/s] 38%|      | 7669/20000 [2:02:18<3:12:05,  1.07it/s] 38%|      | 7681/20000 [2:02:30<3:11:54,  1.07it/s] 39%|      | 7781/20000 [2:03:59<3:08:06,  1.08it/s] 39%|      | 7791/20000 [2:04:10<3:07:56,  1.08it/s] 39%|      | 7888/20000 [2:05:40<3:07:40,  1.08it/s] 40%|      | 7908/20000 [2:06:00<3:07:21,  1.08it/s] 40%|      | 7991/20000 [2:07:21<3:08:40,  1.06it/s] 40%|      | 8010/20000 [2:07:40<3:08:22,  1.06it/s] 40%|      | 8094/20000 [2:09:01<3:08:43,  1.05it/s] 41%|      | 8115/20000 [2:09:20<3:08:23,  1.05it/s] 41%|      | 8200/20000 [2:10:41<3:06:52,  1.05it/s] 41%|      | 8218/20000 [2:11:00<3:06:35,  1.05it/s] 42%|     | 8301/20000 [2:12:22<3:07:47,  1.04it/s] 42%|     | 8319/20000 [2:12:40<3:07:30,  1.04it/s] 42%|     | 8406/20000 [2:14:02<3:05:46,  1.04it/s] 42%|     | 8425/20000 [2:14:20<3:05:27,  1.04it/s] 43%|     | 8515/20000 [2:15:43<3:01:53,  1.05it/s] 43%|     | 8531/20000 [2:16:00<3:01:38,  1.05it/s] 43%|     | 8615/20000 [2:17:23<3:03:02,  1.04it/s] 43%|     | 8631/20000 [2:17:40<3:02:47,  1.04it/s] 44%|     | 8720/20000 [2:19:03<3:00:43,  1.04it/s] 44%|     | 8737/20000 [2:19:20<3:00:27,  1.04it/s] 44%|     | 8824/20000 [2:20:43<2:59:08,  1.04it/s] 44%|     | 8839/20000 [2:21:00<2:58:54,  1.04it/s] 45%|     | 8940/20000 [2:22:24<2:51:30,  1.07it/s] 45%|     | 8959/20000 [2:22:40<2:51:12,  1.07it/s] 45%|     | 9057/20000 [2:24:04<2:45:47,  1.10it/s] 45%|     | 9072/20000 [2:24:20<2:45:33,  1.10it/s] 46%|     | 9171/20000 [2:25:45<2:42:23,  1.11it/s] 46%|     | 9185/20000 [2:26:00<2:42:10,  1.11it/s] 46%|     | 9280/20000 [2:27:25<2:41:55,  1.10it/s] 46%|     | 9294/20000 [2:27:40<2:41:42,  1.10it/s] 47%|     | 9389/20000 [2:29:05<2:40:59,  1.10it/s] 47%|     | 9405/20000 [2:29:20<2:40:44,  1.10it/s] 48%|     | 9504/20000 [2:30:46<2:37:10,  1.11it/s] 48%|     | 9520/20000 [2:31:00<2:36:56,  1.11it/s] 48%|     | 9615/20000 [2:32:26<2:35:52,  1.11it/s] 48%|     | 9628/20000 [2:32:40<2:35:40,  1.11it/s] 49%|     | 9724/20000 [2:34:07<2:35:15,  1.10it/s] 49%|     | 9741/20000 [2:34:20<2:35:00,  1.10it/s] 49%|     | 9848/20000 [2:35:47<2:28:07,  1.14it/s] 49%|     | 9863/20000 [2:36:00<2:27:54,  1.14it/s] 50%|     | 9970/20000 [2:37:27<2:23:32,  1.16it/s] 50%|     | 9985/20000 [2:37:40<2:23:19,  1.16it/s] 51%|     | 10101/20000 [2:39:08<2:16:40,  1.21it/s] 51%|     | 10118/20000 [2:39:20<2:16:26,  1.21it/s] 51%|     | 10220/20000 [2:40:48<2:15:50,  1.20it/s] 51%|     | 10235/20000 [2:41:00<2:15:37,  1.20it/s] 52%|    | 10336/20000 [2:42:28<2:15:37,  1.19it/s] 52%|    | 10348/20000 [2:42:40<2:15:26,  1.19it/s] 52%|    | 10445/20000 [2:44:09<2:17:51,  1.16it/s] 52%|    | 10455/20000 [2:44:20<2:17:42,  1.16it/s] 53%|    | 10565/20000 [2:45:49<2:14:39,  1.17it/s] 53%|    | 10578/20000 [2:46:00<2:14:28,  1.17it/s] 53%|    | 10686/20000 [2:47:30<2:11:34,  1.18it/s] 53%|    | 10698/20000 [2:47:40<2:11:24,  1.18it/s] 54%|    | 10797/20000 [2:49:11<2:12:44,  1.16it/s] 54%|    | 10815/20000 [2:49:30<2:12:28,  1.16it/s] 55%|    | 10902/20000 [2:50:51<2:15:14,  1.12it/s] 55%|    | 10925/20000 [2:51:10<2:14:54,  1.12it/s] 55%|    | 11027/20000 [2:52:32<2:09:10,  1.16it/s] 55%|    | 11048/20000 [2:52:50<2:08:51,  1.16it/s] 56%|    | 11150/20000 [2:54:12<2:05:08,  1.18it/s] 56%|    | 11171/20000 [2:54:30<2:04:51,  1.18it/s] 56%|    | 11265/20000 [2:55:53<2:04:41,  1.17it/s] 56%|    | 11283/20000 [2:56:10<2:04:26,  1.17it/s] 57%|    | 11380/20000 [2:57:33<2:03:48,  1.16it/s] 57%|    | 11397/20000 [2:57:50<2:03:33,  1.16it/s] 57%|    | 11494/20000 [2:59:14<2:03:06,  1.15it/s] 58%|    | 11512/20000 [2:59:30<2:02:51,  1.15it/s] 58%|    | 11611/20000 [3:00:54<2:00:54,  1.16it/s] 58%|    | 11629/20000 [3:01:10<2:00:38,  1.16it/s] 59%|    | 11735/20000 [3:02:35<1:56:49,  1.18it/s] 59%|    | 11754/20000 [3:02:50<1:56:32,  1.18it/s] 59%|    | 11850/20000 [3:04:16<1:56:16,  1.17it/s] 59%|    | 11864/20000 [3:04:30<1:56:04,  1.17it/s] 60%|    | 11954/20000 [3:05:56<1:58:47,  1.13it/s] 60%|    | 11967/20000 [3:06:10<1:58:36,  1.13it/s] 60%|    | 12067/20000 [3:07:37<1:57:14,  1.13it/s] 60%|    | 12081/20000 [3:07:50<1:57:01,  1.13it/s] 61%|    | 12174/20000 [3:09:17<1:57:42,  1.11it/s] 61%|    | 12187/20000 [3:09:30<1:57:31,  1.11it/s] 61%|   | 12294/20000 [3:10:58<1:53:16,  1.13it/s] 62%|   | 12309/20000 [3:11:10<1:53:03,  1.13it/s] 62%|   | 12415/20000 [3:12:38<1:49:28,  1.15it/s] 62%|   | 12429/20000 [3:12:50<1:49:16,  1.15it/s] 63%|   | 12544/20000 [3:14:18<1:44:02,  1.19it/s] 63%|   | 12560/20000 [3:14:30<1:43:49,  1.19it/s] 63%|   | 12676/20000 [3:15:59<1:39:13,  1.23it/s] 63%|   | 12687/20000 [3:16:10<1:39:04,  1.23it/s] 64%|   | 12799/20000 [3:17:39<1:37:37,  1.23it/s] 64%|   | 12814/20000 [3:17:50<1:37:25,  1.23it/s] 65%|   | 12930/20000 [3:19:19<1:34:05,  1.25it/s] 65%|   | 12941/20000 [3:19:30<1:33:56,  1.25it/s] 65%|   | 13049/20000 [3:21:00<1:34:06,  1.23it/s] 65%|   | 13074/20000 [3:21:20<1:33:45,  1.23it/s] 66%|   | 13174/20000 [3:22:40<1:32:00,  1.24it/s] 66%|   | 13198/20000 [3:23:00<1:31:40,  1.24it/s] 66%|   | 13290/20000 [3:24:21<1:32:16,  1.21it/s] 67%|   | 13309/20000 [3:24:40<1:32:00,  1.21it/s] 67%|   | 13407/20000 [3:26:01<1:31:43,  1.20it/s] 67%|   | 13427/20000 [3:26:20<1:31:26,  1.20it/s] 68%|   | 13525/20000 [3:27:42<1:30:42,  1.19it/s] 68%|   | 13545/20000 [3:28:00<1:30:25,  1.19it/s] 68%|   | 13649/20000 [3:29:22<1:27:52,  1.20it/s] 68%|   | 13671/20000 [3:29:40<1:27:34,  1.20it/s] 69%|   | 13772/20000 [3:31:02<1:25:44,  1.21it/s] 69%|   | 13794/20000 [3:31:20<1:25:26,  1.21it/s] 69%|   | 13897/20000 [3:32:42<1:23:13,  1.22it/s] 70%|   | 13917/20000 [3:33:00<1:22:56,  1.22it/s] 70%|   | 14009/20000 [3:34:23<1:23:56,  1.19it/s] 70%|   | 14026/20000 [3:34:40<1:23:42,  1.19it/s] 71%|   | 14125/20000 [3:36:03<1:23:00,  1.18it/s] 71%|   | 14143/20000 [3:36:20<1:22:45,  1.18it/s] 71%|   | 14248/20000 [3:37:44<1:20:20,  1.19it/s] 71%|  | 14268/20000 [3:38:00<1:20:04,  1.19it/s] 72%|  | 14364/20000 [3:39:24<1:19:26,  1.18it/s] 72%|  | 14379/20000 [3:39:40<1:19:14,  1.18it/s] 72%|  | 14472/20000 [3:41:04<1:20:04,  1.15it/s] 72%|  | 14487/20000 [3:41:20<1:19:51,  1.15it/s] 73%|  | 14575/20000 [3:42:45<1:21:10,  1.11it/s] 73%|  | 14590/20000 [3:43:00<1:20:57,  1.11it/s] 73%|  | 14682/20000 [3:44:25<1:20:42,  1.10it/s] 73%|  | 14696/20000 [3:44:40<1:20:29,  1.10it/s] 74%|  | 14801/20000 [3:46:05<1:16:59,  1.13it/s] 74%|  | 14819/20000 [3:46:20<1:16:43,  1.13it/s] 75%|  | 14922/20000 [3:47:46<1:13:34,  1.15it/s] 75%|  | 14936/20000 [3:48:00<1:13:22,  1.15it/s] 75%|  | 15038/20000 [3:49:26<1:11:43,  1.15it/s] 75%|  | 15056/20000 [3:49:40<1:11:27,  1.15it/s] 76%|  | 15163/20000 [3:51:06<1:08:14,  1.18it/s] 76%|  | 15182/20000 [3:51:20<1:07:58,  1.18it/s] 76%|  | 15288/20000 [3:52:46<1:05:26,  1.20it/s] 77%|  | 15301/20000 [3:53:00<1:05:15,  1.20it/s] 77%|  | 15412/20000 [3:54:27<1:03:16,  1.21it/s] 77%|  | 15427/20000 [3:54:40<1:03:03,  1.21it/s] 78%|  | 15522/20000 [3:56:08<1:03:33,  1.17it/s] 78%|  | 15533/20000 [3:56:20<1:03:23,  1.17it/s] 78%|  | 15630/20000 [3:57:48<1:03:33,  1.15it/s] 78%|  | 15642/20000 [3:58:00<1:03:22,  1.15it/s] 79%|  | 15742/20000 [3:59:28<1:02:21,  1.14it/s] 79%|  | 15755/20000 [3:59:40<1:02:09,  1.14it/s] 79%|  | 15853/20000 [4:01:09<1:01:19,  1.13it/s] 79%|  | 15868/20000 [4:01:20<1:01:06,  1.13it/s] 80%|  | 15981/20000 [4:02:49<57:14,  1.17it/s]   80%|  | 15994/20000 [4:03:00<57:03,  1.17it/s] 80%|  | 16096/20000 [4:04:30<56:03,  1.16it/s] 81%|  | 16116/20000 [4:04:50<55:46,  1.16it/s] 81%|  | 16208/20000 [4:06:10<55:01,  1.15it/s] 81%|  | 16227/20000 [4:06:30<54:45,  1.15it/s] 82%| | 16317/20000 [4:07:51<54:21,  1.13it/s] 82%| | 16337/20000 [4:08:10<54:03,  1.13it/s] 82%| | 16428/20000 [4:09:31<53:02,  1.12it/s] 82%| | 16447/20000 [4:09:50<52:45,  1.12it/s] 83%| | 16545/20000 [4:11:12<50:44,  1.13it/s] 83%| | 16564/20000 [4:11:30<50:27,  1.13it/s] 83%| | 16658/20000 [4:12:52<49:10,  1.13it/s] 83%| | 16676/20000 [4:13:10<48:54,  1.13it/s] 84%| | 16762/20000 [4:14:32<48:54,  1.10it/s] 84%| | 16782/20000 [4:14:50<48:36,  1.10it/s] 84%| | 16876/20000 [4:16:13<46:47,  1.11it/s] 84%| | 16895/20000 [4:16:30<46:30,  1.11it/s] 85%| | 16981/20000 [4:17:53<46:02,  1.09it/s] 85%| | 16997/20000 [4:18:10<45:47,  1.09it/s] 85%| | 17090/20000 [4:19:34<44:30,  1.09it/s] 86%| | 17105/20000 [4:19:50<44:16,  1.09it/s] 86%| | 17204/20000 [4:21:14<42:11,  1.10it/s] 86%| | 17221/20000 [4:21:30<41:56,  1.10it/s] 87%| | 17314/20000 [4:22:54<40:38,  1.10it/s] 87%| | 17332/20000 [4:23:10<40:21,  1.10it/s] 87%| | 17449/20000 [4:24:34<36:09,  1.18it/s] 87%| | 17470/20000 [4:24:50<35:51,  1.18it/s] 88%| | 17567/20000 [4:26:15<34:27,  1.18it/s] 88%| | 17587/20000 [4:26:30<34:10,  1.18it/s] 88%| | 17689/20000 [4:27:55<32:26,  1.19it/s] 89%| | 17704/20000 [4:28:10<32:14,  1.19it/s] 89%| | 17798/20000 [4:29:36<31:43,  1.16it/s] 89%| | 17812/20000 [4:29:50<31:30,  1.16it/s] 90%| | 17906/20000 [4:31:16<30:47,  1.13it/s] 90%| | 17920/20000 [4:31:30<30:35,  1.13it/s] 90%| | 18037/20000 [4:32:56<27:34,  1.19it/s] 90%| | 18055/20000 [4:33:10<27:19,  1.19it/s] 91%| | 18177/20000 [4:34:36<24:20,  1.25it/s] 91%| | 18195/20000 [4:34:50<24:05,  1.25it/s] 92%|| 18303/20000 [4:36:16<22:36,  1.25it/s] 92%|| 18320/20000 [4:36:30<22:22,  1.25it/s] 92%|| 18442/20000 [4:37:57<20:06,  1.29it/s] 92%|| 18458/20000 [4:38:10<19:54,  1.29it/s] 93%|| 18564/20000 [4:39:38<18:53,  1.27it/s] 93%|| 18576/20000 [4:39:50<18:43,  1.27it/s] 93%|| 18672/20000 [4:41:18<18:18,  1.21it/s] 93%|| 18684/20000 [4:41:30<18:08,  1.21it/s] 94%|| 18786/20000 [4:42:59<17:03,  1.19it/s] 94%|| 18798/20000 [4:43:10<16:53,  1.19it/s] 94%|| 18896/20000 [4:44:39<15:51,  1.16it/s] 95%|| 18908/20000 [4:44:50<15:41,  1.16it/s] 95%|| 19004/20000 [4:46:19<14:37,  1.14it/s] 95%|| 19015/20000 [4:46:30<14:27,  1.14it/s] 96%|| 19116/20000 [4:47:59<13:01,  1.13it/s] 96%|| 19127/20000 [4:48:10<12:52,  1.13it/s] 96%|| 19239/20000 [4:49:40<10:56,  1.16it/s] 96%|| 19251/20000 [4:49:50<10:46,  1.16it/s] 97%|| 19361/20000 [4:51:20<09:03,  1.17it/s] 97%|| 19385/20000 [4:51:40<08:43,  1.17it/s] 97%|| 19485/20000 [4:53:01<07:11,  1.19it/s] 98%|| 19507/20000 [4:53:20<06:53,  1.19it/s] 98%|| 19609/20000 [4:54:41<05:24,  1.21it/s] 98%|| 19631/20000 [4:55:00<05:06,  1.21it/s] 99%|| 19737/20000 [4:56:21<03:34,  1.23it/s] 99%|| 19760/20000 [4:56:40<03:15,  1.23it/s] 99%|| 19865/20000 [4:58:02<01:48,  1.24it/s] 99%|| 19889/20000 [4:58:20<01:29,  1.24it/s]100%|| 20000/20000 [4:59:39<00:00,  1.11it/s]

Analysis complete. Found 1 cluster(s) meeting the MCMC criterion.
Accepted cluster indices: [3]

--- Processing Final Results for Cluster 3 ---
--- MCMC Parameter Constraints for Cluster 3 ---
  x_src = 127.792 +0.084 / -0.074
  y_src = 110.819 +0.116 / -0.091
    z_s = 2.891 +0.042 / -0.033
Saving localization results for Cluster 3...
Processing results for Cluster 3...
-> Saved 340000 samples to /users/hiu-yeung.cheng/clusterlensing/out/row31/test_tidy_row31/cluster_3_posterior.npz
Updated CSV row 31 with result for cluster 3.
Loading data from /users/hiu-yeung.cheng/clusterlensing/out/row31/test_tidy_row31/cluster_3_posterior.npz...

Generating corner plot...
-> Corner plot saved to /users/hiu-yeung.cheng/clusterlensing/out/row31/test_tidy_row31/cluster_3_corner_from_saved.png

Generating trace plot...
-> Trace plot saved to /users/hiu-yeung.cheng/clusterlensing/out/row31/test_tidy_row31/cluster_3_trace.png
