Row=39 OUT_DIR=/users/hiu-yeung.cheng/clusterlensing/out/row39 DE_PROCS=16 MCMC_PROCS=16
Setup complete. Lensing system initialized.
True time delays: [   0.         1228.47322344 2144.36278149 2150.21882315 2160.79236543]
True luminosity distances: 17145.276592794395
Lensed luminosity distances: [  4134.21443578   4452.90766612   7422.92835966   8712.61330971
 256781.17257357]

Running the full analysis pipeline...
--- Running DE for Cluster 0 ---
[DE] Process Pool with 16 procs (init=latinhypercube, popsize=50)
differential_evolution step 1: f(x)= 3000.0
differential_evolution step 2: f(x)= 3000.0
differential_evolution step 3: f(x)= 3000.0
differential_evolution step 4: f(x)= 3000.0
differential_evolution step 5: f(x)= 3000.0
differential_evolution step 6: f(x)= 3000.0
differential_evolution step 7: f(x)= 3000.0
differential_evolution step 8: f(x)= 3000.0
differential_evolution step 9: f(x)= 3000.0
differential_evolution step 10: f(x)= 3000.0
differential_evolution step 11: f(x)= 3000.0
differential_evolution step 12: f(x)= 3000.0
differential_evolution step 13: f(x)= 3000.0
differential_evolution step 14: f(x)= 3000.0
differential_evolution step 15: f(x)= 3000.0
differential_evolution step 16: f(x)= 3000.0
differential_evolution step 17: f(x)= 3000.0
differential_evolution step 18: f(x)= 3000.0
differential_evolution step 19: f(x)= 3000.0
differential_evolution step 20: f(x)= 3000.0
differential_evolution step 21: f(x)= 3000.0
differential_evolution step 22: f(x)= 3000.0
differential_evolution step 23: f(x)= 3000.0
differential_evolution step 24: f(x)= 3000.0
differential_evolution step 25: f(x)= 3000.0
differential_evolution step 26: f(x)= 3000.0
differential_evolution step 27: f(x)= 3000.0
differential_evolution step 28: f(x)= 3000.0
differential_evolution step 29: f(x)= 3000.0
differential_evolution step 30: f(x)= 3000.0
differential_evolution step 31: f(x)= 3000.0
differential_evolution step 32: f(x)= 3000.0
differential_evolution step 33: f(x)= 358.4414042540892
differential_evolution step 34: f(x)= 358.4414042540892
differential_evolution step 35: f(x)= 358.4414042540892
differential_evolution step 36: f(x)= 358.4414042540892
differential_evolution step 37: f(x)= 358.4414042540892
differential_evolution step 38: f(x)= 358.4414042540892
differential_evolution step 39: f(x)= 358.4414042540892
differential_evolution step 40: f(x)= 358.4414042540892
differential_evolution step 41: f(x)= 358.4414042540892
differential_evolution step 42: f(x)= 358.4414042540892
differential_evolution step 43: f(x)= 358.4414042540892
differential_evolution step 44: f(x)= 358.4414042540892
differential_evolution step 45: f(x)= 358.4414042540892
differential_evolution step 46: f(x)= 358.4414042540892
differential_evolution step 47: f(x)= 358.4414042540892
differential_evolution step 48: f(x)= 358.4414042540892
differential_evolution step 49: f(x)= 358.4414042540892
differential_evolution step 50: f(x)= 358.4414042540892
differential_evolution step 51: f(x)= 358.4414042540892
differential_evolution step 52: f(x)= 358.4414042540892
differential_evolution step 53: f(x)= 358.4414042540892
differential_evolution step 54: f(x)= 358.4414042540892
differential_evolution step 55: f(x)= 358.4414042540892
differential_evolution step 56: f(x)= 358.4414042540892
differential_evolution step 57: f(x)= 358.4414042540892
differential_evolution step 58: f(x)= 358.4414042540892
differential_evolution step 59: f(x)= 358.4414042540892
differential_evolution step 60: f(x)= 358.4414042540892
differential_evolution step 61: f(x)= 358.4414042540892
differential_evolution step 62: f(x)= 358.4414042540892
differential_evolution step 63: f(x)= 358.4414042540892
differential_evolution step 64: f(x)= 358.4414042540892
differential_evolution step 65: f(x)= 358.4414042540892
differential_evolution step 66: f(x)= 358.4414042540892
differential_evolution step 67: f(x)= 358.4414042540892
differential_evolution step 68: f(x)= 358.4414042540892
differential_evolution step 69: f(x)= 358.4414042540892
differential_evolution step 70: f(x)= 358.4414042540892
differential_evolution step 71: f(x)= 358.4414042540892
differential_evolution step 72: f(x)= 358.4414042540892
differential_evolution step 73: f(x)= 358.4414042540892
differential_evolution step 74: f(x)= 358.4414042540892
differential_evolution step 75: f(x)= 358.4414042540892
differential_evolution step 76: f(x)= 358.4414042540892
differential_evolution step 77: f(x)= 358.4414042540892
differential_evolution step 78: f(x)= 358.4414042540892
differential_evolution step 79: f(x)= 358.4414042540892
differential_evolution step 80: f(x)= 358.4414042540892
differential_evolution step 81: f(x)= 358.4414042540892
differential_evolution step 82: f(x)= 358.4414042540892
differential_evolution step 83: f(x)= 358.4414042540892
differential_evolution step 84: f(x)= 358.4414042540892
differential_evolution step 85: f(x)= 358.4414042540892
differential_evolution step 86: f(x)= 358.4414042540892
differential_evolution step 87: f(x)= 358.4414042540892
differential_evolution step 88: f(x)= 358.4414042540892
differential_evolution step 89: f(x)= 358.4414042540892
differential_evolution step 90: f(x)= 358.4414042540892
differential_evolution step 91: f(x)= 358.4414042540892
differential_evolution step 92: f(x)= 358.4414042540892
differential_evolution step 93: f(x)= 358.4414042540892
differential_evolution step 94: f(x)= 358.4414042540892
differential_evolution step 95: f(x)= 358.4414042540892
differential_evolution step 96: f(x)= 358.4414042540892
differential_evolution step 97: f(x)= 358.4414042540892
differential_evolution step 98: f(x)= 358.4414042540892
differential_evolution step 99: f(x)= 358.4414042540892
differential_evolution step 100: f(x)= 358.4414042540892
differential_evolution step 101: f(x)= 358.4414042540892
differential_evolution step 102: f(x)= 358.4414042540892
differential_evolution step 103: f(x)= 358.4414042540892
differential_evolution step 104: f(x)= 358.4414042540892
differential_evolution step 105: f(x)= 358.4414042540892
differential_evolution step 106: f(x)= 358.4414042540892
differential_evolution step 107: f(x)= 358.4414042540892
differential_evolution step 108: f(x)= 358.4414042540892
differential_evolution step 109: f(x)= 358.4414042540892
differential_evolution step 110: f(x)= 358.4414042540892
differential_evolution step 111: f(x)= 358.4414042540892
differential_evolution step 112: f(x)= 358.4414042540892
differential_evolution step 113: f(x)= 358.4414042540892
differential_evolution step 114: f(x)= 358.4414042540892
differential_evolution step 115: f(x)= 358.4414042540892
differential_evolution step 116: f(x)= 358.4414042540892
differential_evolution step 117: f(x)= 358.4414042540892
differential_evolution step 118: f(x)= 358.4414042540892
differential_evolution step 119: f(x)= 358.4414042540892
differential_evolution step 120: f(x)= 358.4414042540892
differential_evolution step 121: f(x)= 358.4414042540892
differential_evolution step 122: f(x)= 358.4414042540892
differential_evolution step 123: f(x)= 358.4414042540892
differential_evolution step 124: f(x)= 358.4414042540892
differential_evolution step 125: f(x)= 358.4414042540892
differential_evolution step 126: f(x)= 358.4414042540892
differential_evolution step 127: f(x)= 358.4414042540892
differential_evolution step 128: f(x)= 358.4414042540892
differential_evolution step 129: f(x)= 358.4414042540892
differential_evolution step 130: f(x)= 358.4414042540892
differential_evolution step 131: f(x)= 358.4414042540892
differential_evolution step 132: f(x)= 358.4414042540892
differential_evolution step 133: f(x)= 358.4414042540892
differential_evolution step 134: f(x)= 358.4414042540892
differential_evolution step 135: f(x)= 358.4414042540892
differential_evolution step 136: f(x)= 358.4414042540892
differential_evolution step 137: f(x)= 358.4414042540892
differential_evolution step 138: f(x)= 358.4414042540892
differential_evolution step 139: f(x)= 358.4414042540892
differential_evolution step 140: f(x)= 358.4414042540892
differential_evolution step 141: f(x)= 358.4414042540892
differential_evolution step 142: f(x)= 358.4414042540892
differential_evolution step 143: f(x)= 358.4414042540892
differential_evolution step 144: f(x)= 358.4414042540892
differential_evolution step 145: f(x)= 358.4414042540892
differential_evolution step 146: f(x)= 358.4414042540892
differential_evolution step 147: f(x)= 358.4414042540892
differential_evolution step 148: f(x)= 358.4414042540892
differential_evolution step 149: f(x)= 358.4414042540892
differential_evolution step 150: f(x)= 358.4414042540892
differential_evolution step 151: f(x)= 358.4414042540892
differential_evolution step 152: f(x)= 358.4414042540892
differential_evolution step 153: f(x)= 358.4414042540892
differential_evolution step 154: f(x)= 358.4414042540892
differential_evolution step 155: f(x)= 358.4414042540892
differential_evolution step 156: f(x)= 358.4414042540892
differential_evolution step 157: f(x)= 358.4414042540892
differential_evolution step 158: f(x)= 358.4414042540892
differential_evolution step 159: f(x)= 358.4414042540892
differential_evolution step 160: f(x)= 358.4414042540892
differential_evolution step 161: f(x)= 358.4414042540892
differential_evolution step 162: f(x)= 358.4414042540892
differential_evolution step 163: f(x)= 358.4414042540892
differential_evolution step 164: f(x)= 358.4414042540892
differential_evolution step 165: f(x)= 358.4414042540892
differential_evolution step 166: f(x)= 358.4414042540892
differential_evolution step 167: f(x)= 358.4414042540892
differential_evolution step 168: f(x)= 358.4414042540892
differential_evolution step 169: f(x)= 358.4414042540892
differential_evolution step 170: f(x)= 358.4414042540892
differential_evolution step 171: f(x)= 358.4414042540892
differential_evolution step 172: f(x)= 358.4414042540892
differential_evolution step 173: f(x)= 358.4414042540892
differential_evolution step 174: f(x)= 358.4414042540892
differential_evolution step 175: f(x)= 358.4414042540892
differential_evolution step 176: f(x)= 358.4414042540892
differential_evolution step 177: f(x)= 358.4414042540892
differential_evolution step 178: f(x)= 358.4414042540892
differential_evolution step 179: f(x)= 358.4414042540892
differential_evolution step 180: f(x)= 358.4414042540892
differential_evolution step 181: f(x)= 358.4414042540892
differential_evolution step 182: f(x)= 358.4414042540892
differential_evolution step 183: f(x)= 358.4414042540892
differential_evolution step 184: f(x)= 358.4414042540892
differential_evolution step 185: f(x)= 358.4414042540892
differential_evolution step 186: f(x)= 358.4414042540892
differential_evolution step 187: f(x)= 358.4414042540892
differential_evolution step 188: f(x)= 358.4414042540892
differential_evolution step 189: f(x)= 358.4414042540892
differential_evolution step 190: f(x)= 358.4414042540892
differential_evolution step 191: f(x)= 358.4414042540892
differential_evolution step 192: f(x)= 358.4414042540892
differential_evolution step 193: f(x)= 358.4414042540892
differential_evolution step 194: f(x)= 358.4414042540892
differential_evolution step 195: f(x)= 358.4414042540892
differential_evolution step 196: f(x)= 358.4414042540892
differential_evolution step 197: f(x)= 358.4414042540892
differential_evolution step 198: f(x)= 358.4414042540892
differential_evolution step 199: f(x)= 358.4414042540892
differential_evolution step 200: f(x)= 358.4414042540892
Cluster 0 DE best chi^2: 358.441 with params {'x_src': np.float64(78.08753284382644), 'y_src': np.float64(70.41651096963592), 'z_s': np.float64(1.109787933173377)}
--- Running DE for Cluster 1 ---
[DE] Process Pool with 16 procs (init=latinhypercube, popsize=50)
differential_evolution step 1: f(x)= 4242.640687119286
differential_evolution step 2: f(x)= 3000.0
differential_evolution step 3: f(x)= 3000.0
differential_evolution step 4: f(x)= 3000.0
differential_evolution step 5: f(x)= 3000.0
differential_evolution step 6: f(x)= 3000.0
differential_evolution step 7: f(x)= 3000.0
differential_evolution step 8: f(x)= 3000.0
differential_evolution step 9: f(x)= 3000.0
differential_evolution step 10: f(x)= 3000.0
differential_evolution step 11: f(x)= 3000.0
differential_evolution step 12: f(x)= 3000.0
differential_evolution step 13: f(x)= 3000.0
differential_evolution step 14: f(x)= 3000.0
differential_evolution step 15: f(x)= 3000.0
differential_evolution step 16: f(x)= 3000.0
differential_evolution step 17: f(x)= 3000.0
differential_evolution step 18: f(x)= 3000.0
differential_evolution step 19: f(x)= 3000.0
differential_evolution step 20: f(x)= 3000.0
differential_evolution step 21: f(x)= 3000.0
differential_evolution step 22: f(x)= 3000.0
differential_evolution step 23: f(x)= 3000.0
differential_evolution step 24: f(x)= 3000.0
differential_evolution step 25: f(x)= 3000.0
differential_evolution step 26: f(x)= 3000.0
differential_evolution step 27: f(x)= 3000.0
differential_evolution step 28: f(x)= 3000.0
differential_evolution step 29: f(x)= 3000.0
differential_evolution step 30: f(x)= 3000.0
differential_evolution step 31: f(x)= 3000.0
differential_evolution step 32: f(x)= 3000.0
differential_evolution step 33: f(x)= 3000.0
differential_evolution step 34: f(x)= 3000.0
differential_evolution step 35: f(x)= 3000.0
Cluster 1 DE best chi^2: 3000.000 with params {'x_src': np.float64(204.9425251304864), 'y_src': np.float64(192.10203789578011), 'z_s': np.float64(3.0818561761113057)}
--- Running DE for Cluster 2 ---
[DE] Process Pool with 16 procs (init=latinhypercube, popsize=50)
differential_evolution step 1: f(x)= 4242.640687119286
differential_evolution step 2: f(x)= 4242.640687119286
differential_evolution step 3: f(x)= 4242.640687119286
differential_evolution step 4: f(x)= 4242.640687119286
differential_evolution step 5: f(x)= 4242.640687119286
differential_evolution step 6: f(x)= 4242.640687119286
differential_evolution step 7: f(x)= 4242.640687119286
differential_evolution step 8: f(x)= 4242.640687119286
differential_evolution step 9: f(x)= 4242.640687119286
differential_evolution step 10: f(x)= 4242.640687119286
differential_evolution step 11: f(x)= 4242.640687119286
differential_evolution step 12: f(x)= 4242.640687119286
differential_evolution step 13: f(x)= 3000.0
differential_evolution step 14: f(x)= 3000.0
differential_evolution step 15: f(x)= 3000.0
differential_evolution step 16: f(x)= 3000.0
differential_evolution step 17: f(x)= 3000.0
differential_evolution step 18: f(x)= 3000.0
differential_evolution step 19: f(x)= 3000.0
differential_evolution step 20: f(x)= 3000.0
differential_evolution step 21: f(x)= 3000.0
differential_evolution step 22: f(x)= 3000.0
differential_evolution step 23: f(x)= 3000.0
differential_evolution step 24: f(x)= 3000.0
differential_evolution step 25: f(x)= 3000.0
differential_evolution step 26: f(x)= 3000.0
differential_evolution step 27: f(x)= 3000.0
differential_evolution step 28: f(x)= 3000.0
differential_evolution step 29: f(x)= 3000.0
differential_evolution step 30: f(x)= 3000.0
differential_evolution step 31: f(x)= 3000.0
differential_evolution step 32: f(x)= 3000.0
differential_evolution step 33: f(x)= 3000.0
differential_evolution step 34: f(x)= 3000.0
differential_evolution step 35: f(x)= 3000.0
differential_evolution step 36: f(x)= 3000.0
differential_evolution step 37: f(x)= 3000.0
differential_evolution step 38: f(x)= 3000.0
differential_evolution step 39: f(x)= 3000.0
differential_evolution step 40: f(x)= 3000.0
differential_evolution step 41: f(x)= 3000.0
differential_evolution step 42: f(x)= 3000.0
differential_evolution step 43: f(x)= 3000.0
differential_evolution step 44: f(x)= 3000.0
differential_evolution step 45: f(x)= 3000.0
differential_evolution step 46: f(x)= 3000.0
differential_evolution step 47: f(x)= 3000.0
differential_evolution step 48: f(x)= 3000.0
differential_evolution step 49: f(x)= 3000.0
differential_evolution step 50: f(x)= 3000.0
differential_evolution step 51: f(x)= 3000.0
differential_evolution step 52: f(x)= 3000.0
differential_evolution step 53: f(x)= 3000.0
differential_evolution step 54: f(x)= 3000.0
differential_evolution step 55: f(x)= 3000.0
differential_evolution step 56: f(x)= 3000.0
differential_evolution step 57: f(x)= 3000.0
differential_evolution step 58: f(x)= 3000.0
differential_evolution step 59: f(x)= 3000.0
differential_evolution step 60: f(x)= 3000.0
differential_evolution step 61: f(x)= 3000.0
differential_evolution step 62: f(x)= 3000.0
differential_evolution step 63: f(x)= 3000.0
differential_evolution step 64: f(x)= 3000.0
differential_evolution step 65: f(x)= 3000.0
differential_evolution step 66: f(x)= 3000.0
differential_evolution step 67: f(x)= 3000.0
differential_evolution step 68: f(x)= 3000.0
differential_evolution step 69: f(x)= 3000.0
differential_evolution step 70: f(x)= 3000.0
differential_evolution step 71: f(x)= 3000.0
differential_evolution step 72: f(x)= 3000.0
differential_evolution step 73: f(x)= 3000.0
differential_evolution step 74: f(x)= 3000.0
differential_evolution step 75: f(x)= 3000.0
differential_evolution step 76: f(x)= 3000.0
differential_evolution step 77: f(x)= 3000.0
differential_evolution step 78: f(x)= 3000.0
differential_evolution step 79: f(x)= 3000.0
differential_evolution step 80: f(x)= 3000.0
differential_evolution step 81: f(x)= 3000.0
differential_evolution step 82: f(x)= 3000.0
differential_evolution step 83: f(x)= 3000.0
differential_evolution step 84: f(x)= 3000.0
differential_evolution step 85: f(x)= 3000.0
differential_evolution step 86: f(x)= 3000.0
differential_evolution step 87: f(x)= 3000.0
differential_evolution step 88: f(x)= 3000.0
differential_evolution step 89: f(x)= 3000.0
differential_evolution step 90: f(x)= 3000.0
differential_evolution step 91: f(x)= 3000.0
differential_evolution step 92: f(x)= 3000.0
differential_evolution step 93: f(x)= 3000.0
differential_evolution step 94: f(x)= 3000.0
differential_evolution step 95: f(x)= 3000.0
differential_evolution step 96: f(x)= 3000.0
differential_evolution step 97: f(x)= 3000.0
differential_evolution step 98: f(x)= 3000.0
differential_evolution step 99: f(x)= 3000.0
differential_evolution step 100: f(x)= 3000.0
differential_evolution step 101: f(x)= 3000.0
differential_evolution step 102: f(x)= 3000.0
differential_evolution step 103: f(x)= 3000.0
differential_evolution step 104: f(x)= 3000.0
differential_evolution step 105: f(x)= 3000.0
differential_evolution step 106: f(x)= 3000.0
differential_evolution step 107: f(x)= 3000.0
differential_evolution step 108: f(x)= 3000.0
differential_evolution step 109: f(x)= 3000.0
differential_evolution step 110: f(x)= 3000.0
differential_evolution step 111: f(x)= 3000.0
differential_evolution step 112: f(x)= 3000.0
differential_evolution step 113: f(x)= 3000.0
differential_evolution step 114: f(x)= 3000.0
differential_evolution step 115: f(x)= 3000.0
differential_evolution step 116: f(x)= 3000.0
differential_evolution step 117: f(x)= 3000.0
differential_evolution step 118: f(x)= 3000.0
differential_evolution step 119: f(x)= 3000.0
differential_evolution step 120: f(x)= 3000.0
differential_evolution step 121: f(x)= 3000.0
differential_evolution step 122: f(x)= 3000.0
differential_evolution step 123: f(x)= 3000.0
differential_evolution step 124: f(x)= 3000.0
differential_evolution step 125: f(x)= 3000.0
differential_evolution step 126: f(x)= 3000.0
differential_evolution step 127: f(x)= 3000.0
differential_evolution step 128: f(x)= 3000.0
differential_evolution step 129: f(x)= 3000.0
differential_evolution step 130: f(x)= 3000.0
differential_evolution step 131: f(x)= 3000.0
differential_evolution step 132: f(x)= 3000.0
differential_evolution step 133: f(x)= 3000.0
differential_evolution step 134: f(x)= 3000.0
differential_evolution step 135: f(x)= 3000.0
differential_evolution step 136: f(x)= 3000.0
differential_evolution step 137: f(x)= 3000.0
differential_evolution step 138: f(x)= 3000.0
differential_evolution step 139: f(x)= 3000.0
differential_evolution step 140: f(x)= 3000.0
differential_evolution step 141: f(x)= 3000.0
differential_evolution step 142: f(x)= 3000.0
differential_evolution step 143: f(x)= 3000.0
differential_evolution step 144: f(x)= 3000.0
differential_evolution step 145: f(x)= 3000.0
differential_evolution step 146: f(x)= 3000.0
differential_evolution step 147: f(x)= 3000.0
differential_evolution step 148: f(x)= 3000.0
differential_evolution step 149: f(x)= 3000.0
differential_evolution step 150: f(x)= 3000.0
differential_evolution step 151: f(x)= 3000.0
differential_evolution step 152: f(x)= 3000.0
differential_evolution step 153: f(x)= 3000.0
differential_evolution step 154: f(x)= 3000.0
differential_evolution step 155: f(x)= 3000.0
differential_evolution step 156: f(x)= 3000.0
differential_evolution step 157: f(x)= 3000.0
differential_evolution step 158: f(x)= 3000.0
differential_evolution step 159: f(x)= 3000.0
differential_evolution step 160: f(x)= 3000.0
differential_evolution step 161: f(x)= 3000.0
differential_evolution step 162: f(x)= 3000.0
differential_evolution step 163: f(x)= 3000.0
differential_evolution step 164: f(x)= 3000.0
differential_evolution step 165: f(x)= 3000.0
differential_evolution step 166: f(x)= 3000.0
differential_evolution step 167: f(x)= 3000.0
differential_evolution step 168: f(x)= 3000.0
differential_evolution step 169: f(x)= 3000.0
differential_evolution step 170: f(x)= 3000.0
differential_evolution step 171: f(x)= 3000.0
differential_evolution step 172: f(x)= 3000.0
differential_evolution step 173: f(x)= 3000.0
differential_evolution step 174: f(x)= 3000.0
differential_evolution step 175: f(x)= 3000.0
differential_evolution step 176: f(x)= 3000.0
differential_evolution step 177: f(x)= 3000.0
differential_evolution step 178: f(x)= 3000.0
differential_evolution step 179: f(x)= 3000.0
differential_evolution step 180: f(x)= 3000.0
differential_evolution step 181: f(x)= 3000.0
differential_evolution step 182: f(x)= 3000.0
differential_evolution step 183: f(x)= 3000.0
differential_evolution step 184: f(x)= 3000.0
differential_evolution step 185: f(x)= 3000.0
differential_evolution step 186: f(x)= 3000.0
differential_evolution step 187: f(x)= 3000.0
differential_evolution step 188: f(x)= 3000.0
differential_evolution step 189: f(x)= 3000.0
differential_evolution step 190: f(x)= 3000.0
differential_evolution step 191: f(x)= 3000.0
differential_evolution step 192: f(x)= 3000.0
differential_evolution step 193: f(x)= 3000.0
differential_evolution step 194: f(x)= 3000.0
differential_evolution step 195: f(x)= 3000.0
differential_evolution step 196: f(x)= 3000.0
differential_evolution step 197: f(x)= 3000.0
differential_evolution step 198: f(x)= 3000.0
differential_evolution step 199: f(x)= 3000.0
differential_evolution step 200: f(x)= 3000.0
Cluster 2 DE best chi^2: 3000.000 with params {'x_src': np.float64(97.8985677551004), 'y_src': np.float64(102.91836335025137), 'z_s': np.float64(1.6566270425111886)}
--- Running DE for Cluster 3 ---
[DE] Process Pool with 16 procs (init=latinhypercube, popsize=50)
differential_evolution step 1: f(x)= 3000.0
differential_evolution step 2: f(x)= 3000.0
differential_evolution step 3: f(x)= 3000.0
differential_evolution step 4: f(x)= 3000.0
differential_evolution step 5: f(x)= 3000.0
differential_evolution step 6: f(x)= 3000.0
differential_evolution step 7: f(x)= 3000.0
differential_evolution step 8: f(x)= 3000.0
differential_evolution step 9: f(x)= 3000.0
differential_evolution step 10: f(x)= 3000.0
differential_evolution step 11: f(x)= 3000.0
differential_evolution step 12: f(x)= 3000.0
differential_evolution step 13: f(x)= 3000.0
differential_evolution step 14: f(x)= 3000.0
differential_evolution step 15: f(x)= 3000.0
differential_evolution step 16: f(x)= 3000.0
differential_evolution step 17: f(x)= 3000.0
differential_evolution step 18: f(x)= 3000.0
differential_evolution step 19: f(x)= 3000.0
differential_evolution step 20: f(x)= 3000.0
differential_evolution step 21: f(x)= 3000.0
differential_evolution step 22: f(x)= 3000.0
differential_evolution step 23: f(x)= 3000.0
differential_evolution step 24: f(x)= 3000.0
differential_evolution step 25: f(x)= 3000.0
differential_evolution step 26: f(x)= 3000.0
differential_evolution step 27: f(x)= 3000.0
differential_evolution step 28: f(x)= 3000.0
differential_evolution step 29: f(x)= 3000.0
differential_evolution step 30: f(x)= 3000.0
differential_evolution step 31: f(x)= 3000.0
differential_evolution step 32: f(x)= 3000.0
differential_evolution step 33: f(x)= 3000.0
differential_evolution step 34: f(x)= 3000.0
differential_evolution step 35: f(x)= 3000.0
differential_evolution step 36: f(x)= 3000.0
differential_evolution step 37: f(x)= 3000.0
differential_evolution step 38: f(x)= 3000.0
differential_evolution step 39: f(x)= 3000.0
differential_evolution step 40: f(x)= 3000.0
differential_evolution step 41: f(x)= 3000.0
differential_evolution step 42: f(x)= 3000.0
differential_evolution step 43: f(x)= 3000.0
differential_evolution step 44: f(x)= 3000.0
differential_evolution step 45: f(x)= 3000.0
differential_evolution step 46: f(x)= 3000.0
differential_evolution step 47: f(x)= 3000.0
differential_evolution step 48: f(x)= 3000.0
differential_evolution step 49: f(x)= 3000.0
differential_evolution step 50: f(x)= 3000.0
differential_evolution step 51: f(x)= 3000.0
differential_evolution step 52: f(x)= 3000.0
differential_evolution step 53: f(x)= 3000.0
differential_evolution step 54: f(x)= 3000.0
differential_evolution step 55: f(x)= 3000.0
differential_evolution step 56: f(x)= 3000.0
differential_evolution step 57: f(x)= 3000.0
differential_evolution step 58: f(x)= 3000.0
differential_evolution step 59: f(x)= 3000.0
differential_evolution step 60: f(x)= 3000.0
differential_evolution step 61: f(x)= 3000.0
differential_evolution step 62: f(x)= 3000.0
differential_evolution step 63: f(x)= 3000.0
differential_evolution step 64: f(x)= 3000.0
differential_evolution step 65: f(x)= 3000.0
differential_evolution step 66: f(x)= 3000.0
differential_evolution step 67: f(x)= 3000.0
differential_evolution step 68: f(x)= 3000.0
differential_evolution step 69: f(x)= 3000.0
differential_evolution step 70: f(x)= 3000.0
differential_evolution step 71: f(x)= 3000.0
differential_evolution step 72: f(x)= 3000.0
differential_evolution step 73: f(x)= 3000.0
differential_evolution step 74: f(x)= 3000.0
differential_evolution step 75: f(x)= 3000.0
differential_evolution step 76: f(x)= 3000.0
differential_evolution step 77: f(x)= 3000.0
differential_evolution step 78: f(x)= 3000.0
differential_evolution step 79: f(x)= 3000.0
differential_evolution step 80: f(x)= 3000.0
differential_evolution step 81: f(x)= 3000.0
differential_evolution step 82: f(x)= 3000.0
differential_evolution step 83: f(x)= 3000.0
differential_evolution step 84: f(x)= 3000.0
differential_evolution step 85: f(x)= 3000.0
differential_evolution step 86: f(x)= 3000.0
differential_evolution step 87: f(x)= 3000.0
differential_evolution step 88: f(x)= 3000.0
differential_evolution step 89: f(x)= 3000.0
differential_evolution step 90: f(x)= 3000.0
differential_evolution step 91: f(x)= 3000.0
differential_evolution step 92: f(x)= 3000.0
differential_evolution step 93: f(x)= 3000.0
differential_evolution step 94: f(x)= 3000.0
differential_evolution step 95: f(x)= 3000.0
differential_evolution step 96: f(x)= 3000.0
differential_evolution step 97: f(x)= 3000.0
differential_evolution step 98: f(x)= 3000.0
differential_evolution step 99: f(x)= 3000.0
differential_evolution step 100: f(x)= 3000.0
differential_evolution step 101: f(x)= 3000.0
differential_evolution step 102: f(x)= 3000.0
differential_evolution step 103: f(x)= 3000.0
differential_evolution step 104: f(x)= 3000.0
differential_evolution step 105: f(x)= 3000.0
differential_evolution step 106: f(x)= 3000.0
differential_evolution step 107: f(x)= 3000.0
differential_evolution step 108: f(x)= 3000.0
differential_evolution step 109: f(x)= 3000.0
differential_evolution step 110: f(x)= 3000.0
differential_evolution step 111: f(x)= 3000.0
differential_evolution step 112: f(x)= 3000.0
differential_evolution step 113: f(x)= 3000.0
differential_evolution step 114: f(x)= 3000.0
differential_evolution step 115: f(x)= 3000.0
differential_evolution step 116: f(x)= 3000.0
differential_evolution step 117: f(x)= 3000.0
differential_evolution step 118: f(x)= 3000.0
differential_evolution step 119: f(x)= 3000.0
differential_evolution step 120: f(x)= 3000.0
differential_evolution step 121: f(x)= 3000.0
differential_evolution step 122: f(x)= 3000.0
differential_evolution step 123: f(x)= 3000.0
differential_evolution step 124: f(x)= 3000.0
differential_evolution step 125: f(x)= 3000.0
differential_evolution step 126: f(x)= 3000.0
differential_evolution step 127: f(x)= 3000.0
differential_evolution step 128: f(x)= 3000.0
differential_evolution step 129: f(x)= 3000.0
Cluster 3 DE best chi^2: 3000.000 with params {'x_src': np.float64(111.38038746416686), 'y_src': np.float64(120.55139212718413), 'z_s': np.float64(4.282806805866955)}
--- Running DE for Cluster 4 ---
[DE] Process Pool with 16 procs (init=latinhypercube, popsize=50)
differential_evolution step 1: f(x)= 3000.0
differential_evolution step 2: f(x)= 3000.0
differential_evolution step 3: f(x)= 3000.0
differential_evolution step 4: f(x)= 3000.0
differential_evolution step 5: f(x)= 3000.0
differential_evolution step 6: f(x)= 3000.0
differential_evolution step 7: f(x)= 3000.0
differential_evolution step 8: f(x)= 3000.0
differential_evolution step 9: f(x)= 3000.0
differential_evolution step 10: f(x)= 3000.0
differential_evolution step 11: f(x)= 3000.0
differential_evolution step 12: f(x)= 3000.0
differential_evolution step 13: f(x)= 3000.0
differential_evolution step 14: f(x)= 3000.0
differential_evolution step 15: f(x)= 3000.0
differential_evolution step 16: f(x)= 3000.0
differential_evolution step 17: f(x)= 3000.0
differential_evolution step 18: f(x)= 3000.0
differential_evolution step 19: f(x)= 3000.0
differential_evolution step 20: f(x)= 3000.0
differential_evolution step 21: f(x)= 3000.0
differential_evolution step 22: f(x)= 3000.0
differential_evolution step 23: f(x)= 3000.0
differential_evolution step 24: f(x)= 3000.0
differential_evolution step 25: f(x)= 3000.0
differential_evolution step 26: f(x)= 3000.0
differential_evolution step 27: f(x)= 3000.0
differential_evolution step 28: f(x)= 3000.0
differential_evolution step 29: f(x)= 3000.0
differential_evolution step 30: f(x)= 3000.0
differential_evolution step 31: f(x)= 3000.0
differential_evolution step 32: f(x)= 3000.0
differential_evolution step 33: f(x)= 3000.0
differential_evolution step 34: f(x)= 3000.0
differential_evolution step 35: f(x)= 3000.0
differential_evolution step 36: f(x)= 3000.0
differential_evolution step 37: f(x)= 3000.0
differential_evolution step 38: f(x)= 3000.0
differential_evolution step 39: f(x)= 3000.0
differential_evolution step 40: f(x)= 3000.0
differential_evolution step 41: f(x)= 3000.0
differential_evolution step 42: f(x)= 3000.0
differential_evolution step 43: f(x)= 3000.0
differential_evolution step 44: f(x)= 3000.0
differential_evolution step 45: f(x)= 3000.0
differential_evolution step 46: f(x)= 3000.0
differential_evolution step 47: f(x)= 2307.7286229853644
differential_evolution step 48: f(x)= 2307.7286229853644
differential_evolution step 49: f(x)= 2307.7286229853644
differential_evolution step 50: f(x)= 2307.7286229853644
differential_evolution step 51: f(x)= 2307.7286229853644
differential_evolution step 52: f(x)= 2307.7286229853644
differential_evolution step 53: f(x)= 2307.7286229853644
differential_evolution step 54: f(x)= 2307.7286229853644
differential_evolution step 55: f(x)= 2307.7286229853644
differential_evolution step 56: f(x)= 2307.7286229853644
differential_evolution step 57: f(x)= 2307.7286229853644
differential_evolution step 58: f(x)= 750.2158180626838
differential_evolution step 59: f(x)= 750.2158180626838
differential_evolution step 60: f(x)= 750.2158180626838
differential_evolution step 61: f(x)= 750.2158180626838
differential_evolution step 62: f(x)= 750.2158180626838
differential_evolution step 63: f(x)= 750.2158180626838
differential_evolution step 64: f(x)= 750.2158180626838
differential_evolution step 65: f(x)= 750.2158180626838
differential_evolution step 66: f(x)= 750.2158180626838
differential_evolution step 67: f(x)= 750.2158180626838
differential_evolution step 68: f(x)= 750.2158180626838
differential_evolution step 69: f(x)= 750.2158180626838
differential_evolution step 70: f(x)= 750.2158180626838
differential_evolution step 71: f(x)= 750.2158180626838
differential_evolution step 72: f(x)= 750.2158180626838
differential_evolution step 73: f(x)= 750.2158180626838
differential_evolution step 74: f(x)= 750.2158180626838
differential_evolution step 75: f(x)= 750.2158180626838
differential_evolution step 76: f(x)= 750.2158180626838
differential_evolution step 77: f(x)= 750.2158180626838
differential_evolution step 78: f(x)= 750.2158180626838
differential_evolution step 79: f(x)= 750.2158180626838
differential_evolution step 80: f(x)= 750.2158180626838
differential_evolution step 81: f(x)= 750.2158180626838
differential_evolution step 82: f(x)= 750.2158180626838
differential_evolution step 83: f(x)= 750.2158180626838
differential_evolution step 84: f(x)= 750.2158180626838
differential_evolution step 85: f(x)= 750.2158180626838
differential_evolution step 86: f(x)= 750.2158180626838
differential_evolution step 87: f(x)= 750.2158180626838
differential_evolution step 88: f(x)= 750.2158180626838
differential_evolution step 89: f(x)= 750.2158180626838
differential_evolution step 90: f(x)= 750.2158180626838
differential_evolution step 91: f(x)= 750.2158180626838
differential_evolution step 92: f(x)= 750.2158180626838
differential_evolution step 93: f(x)= 750.2158180626838
differential_evolution step 94: f(x)= 750.2158180626838
differential_evolution step 95: f(x)= 750.2158180626838
differential_evolution step 96: f(x)= 750.2158180626838
differential_evolution step 97: f(x)= 750.2158180626838
differential_evolution step 98: f(x)= 750.2158180626838
differential_evolution step 99: f(x)= 750.2158180626838
differential_evolution step 100: f(x)= 750.2158180626838
differential_evolution step 101: f(x)= 750.2158180626838
differential_evolution step 102: f(x)= 750.2158180626838
differential_evolution step 103: f(x)= 750.2158180626838
differential_evolution step 104: f(x)= 750.2158180626838
differential_evolution step 105: f(x)= 750.2158180626838
differential_evolution step 106: f(x)= 750.2158180626838
differential_evolution step 107: f(x)= 750.2158180626838
differential_evolution step 108: f(x)= 750.2158180626838
differential_evolution step 109: f(x)= 750.2158180626838
differential_evolution step 110: f(x)= 750.2158180626838
differential_evolution step 111: f(x)= 750.2158180626838
differential_evolution step 112: f(x)= 750.2158180626838
differential_evolution step 113: f(x)= 750.2158180626838
differential_evolution step 114: f(x)= 750.2158180626838
differential_evolution step 115: f(x)= 750.2158180626838
differential_evolution step 116: f(x)= 750.2158180626838
differential_evolution step 117: f(x)= 750.2158180626838
differential_evolution step 118: f(x)= 750.2158180626838
differential_evolution step 119: f(x)= 750.2158180626838
differential_evolution step 120: f(x)= 750.2158180626838
differential_evolution step 121: f(x)= 750.2158180626838
differential_evolution step 122: f(x)= 750.2158180626838
differential_evolution step 123: f(x)= 750.2158180626838
differential_evolution step 124: f(x)= 567.5761980518322
differential_evolution step 125: f(x)= 567.5761980518322
differential_evolution step 126: f(x)= 567.5761980518322
differential_evolution step 127: f(x)= 567.5761980518322
differential_evolution step 128: f(x)= 567.5761980518322
differential_evolution step 129: f(x)= 567.5761980518322
differential_evolution step 130: f(x)= 567.5761980518322
differential_evolution step 131: f(x)= 567.5761980518322
differential_evolution step 132: f(x)= 567.5761980518322
differential_evolution step 133: f(x)= 567.5761980518322
differential_evolution step 134: f(x)= 567.5761980518322
differential_evolution step 135: f(x)= 567.5761980518322
differential_evolution step 136: f(x)= 567.5761980518322
differential_evolution step 137: f(x)= 567.5761980518322
differential_evolution step 138: f(x)= 567.5761980518322
differential_evolution step 139: f(x)= 567.5761980518322
differential_evolution step 140: f(x)= 567.5761980518322
differential_evolution step 141: f(x)= 567.5761980518322
differential_evolution step 142: f(x)= 567.5761980518322
differential_evolution step 143: f(x)= 567.5761980518322
differential_evolution step 144: f(x)= 567.5761980518322
differential_evolution step 145: f(x)= 567.5761980518322
differential_evolution step 146: f(x)= 567.5761980518322
differential_evolution step 147: f(x)= 567.5761980518322
differential_evolution step 148: f(x)= 567.5761980518322
differential_evolution step 149: f(x)= 567.5761980518322
differential_evolution step 150: f(x)= 567.5761980518322
differential_evolution step 151: f(x)= 567.5761980518322
differential_evolution step 152: f(x)= 567.5761980518322
differential_evolution step 153: f(x)= 567.5761980518322
differential_evolution step 154: f(x)= 567.5761980518322
differential_evolution step 155: f(x)= 567.5761980518322
differential_evolution step 156: f(x)= 567.5761980518322
differential_evolution step 157: f(x)= 567.5761980518322
differential_evolution step 158: f(x)= 567.5761980518322
differential_evolution step 159: f(x)= 567.5761980518322
differential_evolution step 160: f(x)= 567.5761980518322
differential_evolution step 161: f(x)= 567.5761980518322
differential_evolution step 162: f(x)= 567.5761980518322
differential_evolution step 163: f(x)= 567.5761980518322
differential_evolution step 164: f(x)= 567.5761980518322
differential_evolution step 165: f(x)= 567.5761980518322
differential_evolution step 166: f(x)= 567.5761980518322
differential_evolution step 167: f(x)= 567.5761980518322
differential_evolution step 168: f(x)= 567.5761980518322
differential_evolution step 169: f(x)= 567.5761980518322
differential_evolution step 170: f(x)= 567.5761980518322
differential_evolution step 171: f(x)= 567.5761980518322
differential_evolution step 172: f(x)= 567.5761980518322
differential_evolution step 173: f(x)= 567.5761980518322
differential_evolution step 174: f(x)= 567.5761980518322
differential_evolution step 175: f(x)= 567.5761980518322
differential_evolution step 176: f(x)= 567.5761980518322
differential_evolution step 177: f(x)= 567.5761980518322
differential_evolution step 178: f(x)= 567.5761980518322
differential_evolution step 179: f(x)= 567.5761980518322
differential_evolution step 180: f(x)= 567.5761980518322
differential_evolution step 181: f(x)= 567.5761980518322
differential_evolution step 182: f(x)= 567.5761980518322
differential_evolution step 183: f(x)= 567.5761980518322
differential_evolution step 184: f(x)= 567.5761980518322
differential_evolution step 185: f(x)= 567.5761980518322
differential_evolution step 186: f(x)= 567.5761980518322
differential_evolution step 187: f(x)= 567.5761980518322
differential_evolution step 188: f(x)= 567.5761980518322
differential_evolution step 189: f(x)= 567.5761980518322
differential_evolution step 190: f(x)= 567.5761980518322
differential_evolution step 191: f(x)= 567.5761980518322
differential_evolution step 192: f(x)= 567.5761980518322
differential_evolution step 193: f(x)= 567.5761980518322
differential_evolution step 194: f(x)= 567.5761980518322
differential_evolution step 195: f(x)= 326.1912772983426
differential_evolution step 196: f(x)= 326.1912772983426
differential_evolution step 197: f(x)= 326.1912772983426
differential_evolution step 198: f(x)= 326.1912772983426
differential_evolution step 199: f(x)= 326.1912772983426
differential_evolution step 200: f(x)= 326.1912772983426
Cluster 4 DE best chi^2: 326.191 with params {'x_src': np.float64(220.4660329362352), 'y_src': np.float64(225.0264373317816), 'z_s': np.float64(1.4724362411324106)}
--- Running DE for Cluster 5 ---
[DE] Process Pool with 16 procs (init=latinhypercube, popsize=50)
differential_evolution step 1: f(x)= 4242.640687119286
differential_evolution step 2: f(x)= 4242.640687119286
differential_evolution step 3: f(x)= 4242.640687119286
differential_evolution step 4: f(x)= 4242.640687119286
differential_evolution step 5: f(x)= 3000.0
differential_evolution step 6: f(x)= 3000.0
differential_evolution step 7: f(x)= 3000.0
differential_evolution step 8: f(x)= 3000.0
differential_evolution step 9: f(x)= 3000.0
differential_evolution step 10: f(x)= 3000.0
differential_evolution step 11: f(x)= 3000.0
differential_evolution step 12: f(x)= 3000.0
differential_evolution step 13: f(x)= 3000.0
differential_evolution step 14: f(x)= 3000.0
differential_evolution step 15: f(x)= 3000.0
differential_evolution step 16: f(x)= 3000.0
differential_evolution step 17: f(x)= 3000.0
differential_evolution step 18: f(x)= 3000.0
differential_evolution step 19: f(x)= 3000.0
differential_evolution step 20: f(x)= 3000.0
differential_evolution step 21: f(x)= 3000.0
differential_evolution step 22: f(x)= 3000.0
differential_evolution step 23: f(x)= 3000.0
differential_evolution step 24: f(x)= 2250.1489363281285
differential_evolution step 25: f(x)= 2250.1489363281285
differential_evolution step 26: f(x)= 2250.1489363281285
differential_evolution step 27: f(x)= 2250.1489363281285
differential_evolution step 28: f(x)= 2250.1489363281285
differential_evolution step 29: f(x)= 2250.1489363281285
differential_evolution step 30: f(x)= 2250.1489363281285
differential_evolution step 31: f(x)= 2250.1489363281285
differential_evolution step 32: f(x)= 2250.1489363281285
differential_evolution step 33: f(x)= 2250.1489363281285
differential_evolution step 34: f(x)= 2250.1489363281285
differential_evolution step 35: f(x)= 2250.1489363281285
differential_evolution step 36: f(x)= 2250.1489363281285
differential_evolution step 37: f(x)= 2250.1489363281285
differential_evolution step 38: f(x)= 2250.1489363281285
differential_evolution step 39: f(x)= 2250.1489363281285
differential_evolution step 40: f(x)= 2250.1489363281285
differential_evolution step 41: f(x)= 2250.1489363281285
differential_evolution step 42: f(x)= 2250.1489363281285
differential_evolution step 43: f(x)= 2250.1489363281285
differential_evolution step 44: f(x)= 2250.1489363281285
differential_evolution step 45: f(x)= 2250.1489363281285
differential_evolution step 46: f(x)= 2250.1489363281285
differential_evolution step 47: f(x)= 1139.2170252969809
differential_evolution step 48: f(x)= 1139.2170252969809
differential_evolution step 49: f(x)= 1139.2170252969809
differential_evolution step 50: f(x)= 1139.2170252969809
differential_evolution step 51: f(x)= 1139.2170252969809
differential_evolution step 52: f(x)= 1139.2170252969809
differential_evolution step 53: f(x)= 1139.2170252969809
differential_evolution step 54: f(x)= 1139.2170252969809
differential_evolution step 55: f(x)= 1139.2170252969809
differential_evolution step 56: f(x)= 1139.2170252969809
differential_evolution step 57: f(x)= 1139.2170252969809
differential_evolution step 58: f(x)= 1139.2170252969809
differential_evolution step 59: f(x)= 1139.2170252969809
differential_evolution step 60: f(x)= 1139.2170252969809
differential_evolution step 61: f(x)= 1139.2170252969809
differential_evolution step 62: f(x)= 1139.2170252969809
differential_evolution step 63: f(x)= 1139.2170252969809
differential_evolution step 64: f(x)= 1139.2170252969809
differential_evolution step 65: f(x)= 1139.2170252969809
differential_evolution step 66: f(x)= 1139.2170252969809
differential_evolution step 67: f(x)= 1139.2170252969809
differential_evolution step 68: f(x)= 1139.2170252969809
differential_evolution step 69: f(x)= 1139.2170252969809
differential_evolution step 70: f(x)= 1139.2170252969809
differential_evolution step 71: f(x)= 1139.2170252969809
differential_evolution step 72: f(x)= 1139.2170252969809
differential_evolution step 73: f(x)= 1139.2170252969809
differential_evolution step 74: f(x)= 1125.8827972636955
differential_evolution step 75: f(x)= 1125.8827972636955
differential_evolution step 76: f(x)= 1125.8827972636955
differential_evolution step 77: f(x)= 1125.8827972636955
differential_evolution step 78: f(x)= 1125.8827972636955
differential_evolution step 79: f(x)= 1125.8827972636955
differential_evolution step 80: f(x)= 1125.8827972636955
differential_evolution step 81: f(x)= 1125.8827972636955
differential_evolution step 82: f(x)= 1125.8827972636955
differential_evolution step 83: f(x)= 1125.8827972636955
differential_evolution step 84: f(x)= 1125.8827972636955
differential_evolution step 85: f(x)= 1125.8827972636955
differential_evolution step 86: f(x)= 1125.8827972636955
differential_evolution step 87: f(x)= 1125.8827972636955
differential_evolution step 88: f(x)= 1125.8827972636955
differential_evolution step 89: f(x)= 1125.8827972636955
differential_evolution step 90: f(x)= 1125.8827972636955
differential_evolution step 91: f(x)= 1125.8827972636955
differential_evolution step 92: f(x)= 648.03157040726
differential_evolution step 93: f(x)= 648.03157040726
differential_evolution step 94: f(x)= 648.03157040726
differential_evolution step 95: f(x)= 648.03157040726
differential_evolution step 96: f(x)= 648.03157040726
differential_evolution step 97: f(x)= 648.03157040726
differential_evolution step 98: f(x)= 648.03157040726
differential_evolution step 99: f(x)= 648.03157040726
differential_evolution step 100: f(x)= 648.03157040726
differential_evolution step 101: f(x)= 648.03157040726
differential_evolution step 102: f(x)= 648.03157040726
differential_evolution step 103: f(x)= 648.03157040726
differential_evolution step 104: f(x)= 648.03157040726
differential_evolution step 105: f(x)= 648.03157040726
differential_evolution step 106: f(x)= 648.03157040726
differential_evolution step 107: f(x)= 648.03157040726
differential_evolution step 108: f(x)= 648.03157040726
differential_evolution step 109: f(x)= 648.03157040726
differential_evolution step 110: f(x)= 348.82884807641295
differential_evolution step 111: f(x)= 348.82884807641295
differential_evolution step 112: f(x)= 348.82884807641295
differential_evolution step 113: f(x)= 348.82884807641295
differential_evolution step 114: f(x)= 348.82884807641295
differential_evolution step 115: f(x)= 348.82884807641295
differential_evolution step 116: f(x)= 348.82884807641295
differential_evolution step 117: f(x)= 348.82884807641295
differential_evolution step 118: f(x)= 348.82884807641295
differential_evolution step 119: f(x)= 348.82884807641295
differential_evolution step 120: f(x)= 348.82884807641295
differential_evolution step 121: f(x)= 348.82884807641295
differential_evolution step 122: f(x)= 348.82884807641295
differential_evolution step 123: f(x)= 348.82884807641295
differential_evolution step 124: f(x)= 348.82884807641295
differential_evolution step 125: f(x)= 348.82884807641295
differential_evolution step 126: f(x)= 348.82884807641295
differential_evolution step 127: f(x)= 348.82884807641295
differential_evolution step 128: f(x)= 348.82884807641295
differential_evolution step 129: f(x)= 348.82884807641295
differential_evolution step 130: f(x)= 348.82884807641295
differential_evolution step 131: f(x)= 348.82884807641295
differential_evolution step 132: f(x)= 348.82884807641295
differential_evolution step 133: f(x)= 348.82884807641295
differential_evolution step 134: f(x)= 348.82884807641295
differential_evolution step 135: f(x)= 348.82884807641295
differential_evolution step 136: f(x)= 348.82884807641295
differential_evolution step 137: f(x)= 348.82884807641295
differential_evolution step 138: f(x)= 348.82884807641295
differential_evolution step 139: f(x)= 348.82884807641295
differential_evolution step 140: f(x)= 348.82884807641295
differential_evolution step 141: f(x)= 348.82884807641295
differential_evolution step 142: f(x)= 348.82884807641295
differential_evolution step 143: f(x)= 348.82884807641295
differential_evolution step 144: f(x)= 348.82884807641295
differential_evolution step 145: f(x)= 348.82884807641295
differential_evolution step 146: f(x)= 348.82884807641295
differential_evolution step 147: f(x)= 348.82884807641295
differential_evolution step 148: f(x)= 348.82884807641295
differential_evolution step 149: f(x)= 348.82884807641295
differential_evolution step 150: f(x)= 348.82884807641295
differential_evolution step 151: f(x)= 348.82884807641295
differential_evolution step 152: f(x)= 348.82884807641295
differential_evolution step 153: f(x)= 348.82884807641295
differential_evolution step 154: f(x)= 348.82884807641295
differential_evolution step 155: f(x)= 348.82884807641295
differential_evolution step 156: f(x)= 348.82884807641295
differential_evolution step 157: f(x)= 348.82884807641295
differential_evolution step 158: f(x)= 348.82884807641295
differential_evolution step 159: f(x)= 348.82884807641295
differential_evolution step 160: f(x)= 348.82884807641295
differential_evolution step 161: f(x)= 348.82884807641295
differential_evolution step 162: f(x)= 348.82884807641295
differential_evolution step 163: f(x)= 348.82884807641295
differential_evolution step 164: f(x)= 348.82884807641295
differential_evolution step 165: f(x)= 348.82884807641295
differential_evolution step 166: f(x)= 348.82884807641295
differential_evolution step 167: f(x)= 348.82884807641295
differential_evolution step 168: f(x)= 348.82884807641295
differential_evolution step 169: f(x)= 348.82884807641295
differential_evolution step 170: f(x)= 348.82884807641295
differential_evolution step 171: f(x)= 348.82884807641295
differential_evolution step 172: f(x)= 348.82884807641295
differential_evolution step 173: f(x)= 348.82884807641295
differential_evolution step 174: f(x)= 348.82884807641295
differential_evolution step 175: f(x)= 348.82884807641295
differential_evolution step 176: f(x)= 348.82884807641295
differential_evolution step 177: f(x)= 348.82884807641295
differential_evolution step 178: f(x)= 348.82884807641295
differential_evolution step 179: f(x)= 348.82884807641295
differential_evolution step 180: f(x)= 348.82884807641295
differential_evolution step 181: f(x)= 348.82884807641295
differential_evolution step 182: f(x)= 348.82884807641295
differential_evolution step 183: f(x)= 348.82884807641295
differential_evolution step 184: f(x)= 348.82884807641295
differential_evolution step 185: f(x)= 348.82884807641295
differential_evolution step 186: f(x)= 348.82884807641295
differential_evolution step 187: f(x)= 348.82884807641295
differential_evolution step 188: f(x)= 348.82884807641295
differential_evolution step 189: f(x)= 348.82884807641295
differential_evolution step 190: f(x)= 348.82884807641295
differential_evolution step 191: f(x)= 348.82884807641295
differential_evolution step 192: f(x)= 348.82884807641295
differential_evolution step 193: f(x)= 348.82884807641295
differential_evolution step 194: f(x)= 348.82884807641295
differential_evolution step 195: f(x)= 348.82884807641295
differential_evolution step 196: f(x)= 348.82884807641295
differential_evolution step 197: f(x)= 348.82884807641295
differential_evolution step 198: f(x)= 348.82884807641295
differential_evolution step 199: f(x)= 348.82884807641295
differential_evolution step 200: f(x)= 348.82884807641295
Cluster 5 DE best chi^2: 348.829 with params {'x_src': np.float64(149.7105712301255), 'y_src': np.float64(143.6810171446685), 'z_s': np.float64(1.1716769957288662)}

--- DE Optimization Summary ---
Best fit found for Cluster 4 with chi^2 = 326.191
Best-fit parameters: {'x_src': np.float64(220.4660329362352), 'y_src': np.float64(225.0264373317816), 'z_s': np.float64(1.4724362411324106)}

--- Running MCMC for Cluster 4 (chi_sq=326.191) ---
[MCMC] Process Pool with 16 procs
  0%|          | 0/20000 [00:00<?, ?it/s]  1%|          | 152/20000 [01:40<3:38:24,  1.51it/s]  1%|          | 180/20000 [02:00<3:38:06,  1.51it/s]  2%|         | 301/20000 [03:20<3:38:58,  1.50it/s]  2%|         | 329/20000 [03:40<3:38:39,  1.50it/s]  2%|         | 450/20000 [05:00<3:38:23,  1.49it/s]  2%|         | 478/20000 [05:20<3:38:04,  1.49it/s]  3%|         | 598/20000 [06:41<3:37:58,  1.48it/s]  3%|         | 626/20000 [07:00<3:37:39,  1.48it/s]  4%|         | 753/20000 [08:21<3:32:55,  1.51it/s]  4%|         | 780/20000 [08:40<3:32:37,  1.51it/s]  5%|         | 911/20000 [10:01<3:27:44,  1.53it/s]  5%|         | 940/20000 [10:20<3:27:25,  1.53it/s]  5%|         | 1065/20000 [11:42<3:26:05,  1.53it/s]  5%|         | 1090/20000 [12:00<3:25:48,  1.53it/s]  6%|         | 1217/20000 [13:22<3:24:54,  1.53it/s]  6%|         | 1243/20000 [13:40<3:24:37,  1.53it/s]  7%|         | 1368/20000 [15:02<3:24:25,  1.52it/s]  7%|         | 1395/20000 [15:20<3:24:08,  1.52it/s]  8%|         | 1521/20000 [16:43<3:22:32,  1.52it/s]  8%|         | 1546/20000 [17:00<3:22:16,  1.52it/s]  8%|         | 1679/20000 [18:23<3:18:34,  1.54it/s]  9%|         | 1703/20000 [18:40<3:18:18,  1.54it/s]  9%|         | 1831/20000 [20:04<3:17:54,  1.53it/s]  9%|         | 1855/20000 [20:20<3:17:38,  1.53it/s] 10%|         | 1986/20000 [21:44<3:15:35,  1.54it/s] 10%|         | 2011/20000 [22:00<3:15:19,  1.54it/s] 11%|         | 2144/20000 [23:24<3:12:17,  1.55it/s] 11%|         | 2169/20000 [23:40<3:12:01,  1.55it/s] 12%|        | 2306/20000 [25:04<3:08:04,  1.57it/s] 12%|        | 2329/20000 [25:20<3:07:49,  1.57it/s] 12%|        | 2465/20000 [26:45<3:05:45,  1.57it/s] 12%|        | 2489/20000 [27:00<3:05:29,  1.57it/s] 13%|        | 2623/20000 [28:25<3:03:52,  1.58it/s] 13%|        | 2647/20000 [28:40<3:03:37,  1.58it/s] 14%|        | 2782/20000 [30:05<3:01:43,  1.58it/s] 14%|        | 2805/20000 [30:20<3:01:28,  1.58it/s] 15%|        | 2942/20000 [31:45<2:59:32,  1.58it/s] 15%|        | 2963/20000 [32:00<2:59:19,  1.58it/s] 15%|        | 3098/20000 [33:25<2:58:42,  1.58it/s] 16%|        | 3120/20000 [33:40<2:58:28,  1.58it/s] 16%|        | 3256/20000 [35:05<2:56:59,  1.58it/s] 16%|        | 3278/20000 [35:20<2:56:45,  1.58it/s] 17%|        | 3414/20000 [36:46<2:55:21,  1.58it/s] 17%|        | 3436/20000 [37:00<2:55:07,  1.58it/s] 18%|        | 3572/20000 [38:26<2:53:36,  1.58it/s] 18%|        | 3592/20000 [38:40<2:53:23,  1.58it/s] 19%|        | 3725/20000 [40:06<2:53:32,  1.56it/s] 19%|        | 3747/20000 [40:20<2:53:18,  1.56it/s] 19%|        | 3885/20000 [41:46<2:50:37,  1.57it/s] 20%|        | 3908/20000 [42:00<2:50:23,  1.57it/s] 20%|        | 4046/20000 [43:26<2:47:51,  1.58it/s] 20%|        | 4069/20000 [43:40<2:47:36,  1.58it/s] 21%|        | 4206/20000 [45:06<2:45:49,  1.59it/s] 21%|        | 4227/20000 [45:20<2:45:36,  1.59it/s] 22%|       | 4362/20000 [46:46<2:45:10,  1.58it/s] 22%|       | 4382/20000 [47:00<2:44:57,  1.58it/s] 23%|       | 4522/20000 [48:27<2:43:01,  1.58it/s] 23%|       | 4542/20000 [48:40<2:42:48,  1.58it/s] 23%|       | 4682/20000 [50:07<2:40:49,  1.59it/s] 24%|       | 4701/20000 [50:20<2:40:38,  1.59it/s] 24%|       | 4848/20000 [51:47<2:37:04,  1.61it/s] 24%|       | 4869/20000 [52:00<2:36:51,  1.61it/s] 25%|       | 5009/20000 [53:28<2:35:32,  1.61it/s] 25%|       | 5027/20000 [53:40<2:35:21,  1.61it/s] 26%|       | 5163/20000 [55:08<2:35:53,  1.59it/s] 26%|       | 5182/20000 [55:20<2:35:41,  1.59it/s] 27%|       | 5326/20000 [56:48<2:33:01,  1.60it/s] 27%|       | 5344/20000 [57:00<2:32:50,  1.60it/s] 27%|       | 5485/20000 [58:28<2:31:43,  1.59it/s] 28%|       | 5501/20000 [58:40<2:31:32,  1.59it/s] 28%|       | 5642/20000 [1:00:08<2:30:49,  1.59it/s] 28%|       | 5659/20000 [1:00:20<2:30:38,  1.59it/s] 29%|       | 5799/20000 [1:01:48<2:29:40,  1.58it/s] 29%|       | 5816/20000 [1:02:00<2:29:30,  1.58it/s] 30%|       | 5951/20000 [1:03:28<2:29:49,  1.56it/s] 30%|       | 5969/20000 [1:03:40<2:29:37,  1.56it/s] 31%|       | 6111/20000 [1:05:09<2:27:11,  1.57it/s] 31%|       | 6128/20000 [1:05:20<2:27:00,  1.57it/s] 31%|      | 6268/20000 [1:06:49<2:25:40,  1.57it/s] 31%|      | 6285/20000 [1:07:00<2:25:30,  1.57it/s] 32%|      | 6426/20000 [1:08:29<2:23:55,  1.57it/s] 32%|      | 6441/20000 [1:08:40<2:23:46,  1.57it/s] 33%|      | 6585/20000 [1:10:09<2:21:49,  1.58it/s] 33%|      | 6601/20000 [1:10:20<2:21:39,  1.58it/s] 34%|      | 6742/20000 [1:11:50<2:20:36,  1.57it/s] 34%|      | 6774/20000 [1:12:10<2:20:15,  1.57it/s] 34%|      | 6900/20000 [1:13:30<2:18:42,  1.57it/s] 35%|      | 6930/20000 [1:13:50<2:18:23,  1.57it/s] 35%|      | 7055/20000 [1:15:10<2:17:42,  1.57it/s] 35%|      | 7086/20000 [1:15:30<2:17:22,  1.57it/s] 36%|      | 7214/20000 [1:16:50<2:15:31,  1.57it/s] 36%|      | 7244/20000 [1:17:10<2:15:12,  1.57it/s] 37%|      | 7374/20000 [1:18:31<2:13:23,  1.58it/s] 37%|      | 7404/20000 [1:18:50<2:13:04,  1.58it/s] 38%|      | 7530/20000 [1:20:11<2:12:22,  1.57it/s] 38%|      | 7558/20000 [1:20:30<2:12:04,  1.57it/s] 38%|      | 7686/20000 [1:21:52<2:10:59,  1.57it/s] 39%|      | 7714/20000 [1:22:10<2:10:41,  1.57it/s] 39%|      | 7841/20000 [1:23:32<2:09:59,  1.56it/s] 39%|      | 7867/20000 [1:23:50<2:09:42,  1.56it/s] 40%|      | 7996/20000 [1:25:13<2:08:43,  1.55it/s] 40%|      | 8022/20000 [1:25:30<2:08:27,  1.55it/s] 41%|      | 8151/20000 [1:26:53<2:07:17,  1.55it/s] 41%|      | 8176/20000 [1:27:10<2:07:01,  1.55it/s] 42%|     | 8305/20000 [1:28:33<2:06:00,  1.55it/s] 42%|     | 8330/20000 [1:28:50<2:05:43,  1.55it/s] 42%|     | 8460/20000 [1:30:14<2:04:27,  1.55it/s] 42%|     | 8485/20000 [1:30:30<2:04:10,  1.55it/s] 43%|     | 8619/20000 [1:31:54<2:01:43,  1.56it/s] 43%|     | 8644/20000 [1:32:10<2:01:27,  1.56it/s] 44%|     | 8781/20000 [1:33:34<1:58:47,  1.57it/s] 44%|     | 8805/20000 [1:33:50<1:58:32,  1.57it/s] 45%|     | 8935/20000 [1:35:15<1:58:03,  1.56it/s] 45%|     | 8958/20000 [1:35:30<1:57:48,  1.56it/s] 45%|     | 9088/20000 [1:36:55<1:57:16,  1.55it/s] 46%|     | 9110/20000 [1:37:10<1:57:02,  1.55it/s] 46%|     | 9242/20000 [1:38:35<1:55:55,  1.55it/s] 46%|     | 9264/20000 [1:38:50<1:55:40,  1.55it/s] 47%|     | 9398/20000 [1:40:16<1:54:05,  1.55it/s] 47%|     | 9419/20000 [1:40:30<1:53:52,  1.55it/s] 48%|     | 9555/20000 [1:41:56<1:52:06,  1.55it/s] 48%|     | 9577/20000 [1:42:10<1:51:52,  1.55it/s] 49%|     | 9711/20000 [1:43:36<1:50:19,  1.55it/s] 49%|     | 9731/20000 [1:43:50<1:50:06,  1.55it/s] 49%|     | 9864/20000 [1:45:16<1:49:13,  1.55it/s] 49%|     | 9884/20000 [1:45:30<1:49:00,  1.55it/s] 50%|     | 10023/20000 [1:46:57<1:46:44,  1.56it/s] 50%|     | 10043/20000 [1:47:10<1:46:32,  1.56it/s] 51%|     | 10185/20000 [1:48:37<1:43:56,  1.57it/s] 51%|     | 10203/20000 [1:48:50<1:43:44,  1.57it/s] 52%|    | 10338/20000 [1:50:17<1:43:12,  1.56it/s] 52%|    | 10356/20000 [1:50:30<1:43:00,  1.56it/s] 52%|    | 10492/20000 [1:51:57<1:41:58,  1.55it/s] 53%|    | 10510/20000 [1:52:10<1:41:46,  1.55it/s] 53%|    | 10646/20000 [1:53:38<1:40:43,  1.55it/s] 53%|    | 10663/20000 [1:53:50<1:40:32,  1.55it/s] 54%|    | 10805/20000 [1:55:18<1:38:16,  1.56it/s] 54%|    | 10823/20000 [1:55:30<1:38:04,  1.56it/s] 55%|    | 10958/20000 [1:56:58<1:37:13,  1.55it/s] 55%|    | 10975/20000 [1:57:10<1:37:03,  1.55it/s] 56%|    | 11110/20000 [1:58:38<1:36:12,  1.54it/s] 56%|    | 11126/20000 [1:58:50<1:36:01,  1.54it/s] 56%|    | 11269/20000 [2:00:19<1:33:42,  1.55it/s] 56%|    | 11284/20000 [2:00:30<1:33:32,  1.55it/s] 57%|    | 11425/20000 [2:01:59<1:31:55,  1.55it/s] 57%|    | 11443/20000 [2:02:10<1:31:43,  1.55it/s] 58%|    | 11583/20000 [2:03:39<1:29:51,  1.56it/s] 58%|    | 11599/20000 [2:03:50<1:29:41,  1.56it/s] 59%|    | 11742/20000 [2:05:19<1:27:41,  1.57it/s] 59%|    | 11757/20000 [2:05:30<1:27:31,  1.57it/s] 60%|    | 11900/20000 [2:06:59<1:25:50,  1.57it/s] 60%|    | 11915/20000 [2:07:10<1:25:41,  1.57it/s] 60%|    | 12058/20000 [2:08:39<1:24:04,  1.57it/s] 60%|    | 12074/20000 [2:08:50<1:23:54,  1.57it/s] 61%|    | 12217/20000 [2:10:19<1:22:09,  1.58it/s] 61%|    | 12233/20000 [2:10:30<1:21:59,  1.58it/s] 62%|   | 12374/20000 [2:12:00<1:20:40,  1.58it/s] 62%|   | 12389/20000 [2:12:10<1:20:30,  1.58it/s] 63%|   | 12535/20000 [2:13:40<1:18:32,  1.58it/s] 63%|   | 12568/20000 [2:14:00<1:18:11,  1.58it/s] 64%|   | 12723/20000 [2:15:20<1:12:36,  1.67it/s] 64%|   | 12759/20000 [2:15:40<1:12:15,  1.67it/s] 65%|   | 12905/20000 [2:17:01<1:09:03,  1.71it/s] 65%|   | 12940/20000 [2:17:20<1:08:43,  1.71it/s] 65%|   | 13077/20000 [2:18:42<1:07:25,  1.71it/s] 66%|   | 13104/20000 [2:19:00<1:07:09,  1.71it/s] 66%|   | 13233/20000 [2:20:22<1:07:45,  1.66it/s] 66%|   | 13261/20000 [2:20:40<1:07:28,  1.66it/s] 67%|   | 13390/20000 [2:22:02<1:07:21,  1.64it/s] 67%|   | 13417/20000 [2:22:20<1:07:05,  1.64it/s] 68%|   | 13550/20000 [2:23:43<1:06:16,  1.62it/s] 68%|   | 13577/20000 [2:24:00<1:06:00,  1.62it/s] 69%|   | 13720/20000 [2:25:23<1:03:37,  1.64it/s] 69%|   | 13751/20000 [2:25:40<1:03:18,  1.64it/s] 70%|   | 13905/20000 [2:27:03<59:34,  1.71it/s]   70%|   | 13930/20000 [2:27:20<59:19,  1.71it/s] 70%|   | 14066/20000 [2:28:44<59:05,  1.67it/s] 70%|   | 14090/20000 [2:29:00<58:50,  1.67it/s] 71%|   | 14229/20000 [2:30:24<57:55,  1.66it/s] 71%|  | 14259/20000 [2:30:40<57:37,  1.66it/s] 72%|  | 14420/20000 [2:32:04<53:39,  1.73it/s] 72%|  | 14448/20000 [2:32:20<53:23,  1.73it/s] 73%|  | 14584/20000 [2:33:44<52:56,  1.71it/s] 73%|  | 14609/20000 [2:34:00<52:41,  1.71it/s] 74%|  | 14750/20000 [2:35:24<51:45,  1.69it/s] 74%|  | 14779/20000 [2:35:40<51:27,  1.69it/s] 75%|  | 14928/20000 [2:37:05<49:16,  1.72it/s] 75%|  | 14956/20000 [2:37:20<49:00,  1.72it/s] 75%|  | 15098/20000 [2:38:45<47:48,  1.71it/s] 76%|  | 15119/20000 [2:39:00<47:36,  1.71it/s] 76%|  | 15264/20000 [2:40:25<46:36,  1.69it/s] 76%|  | 15289/20000 [2:40:40<46:21,  1.69it/s] 77%|  | 15425/20000 [2:42:05<45:42,  1.67it/s] 77%|  | 15447/20000 [2:42:20<45:29,  1.67it/s] 78%|  | 15585/20000 [2:43:46<44:42,  1.65it/s] 78%|  | 15611/20000 [2:44:00<44:26,  1.65it/s] 79%|  | 15752/20000 [2:45:26<42:49,  1.65it/s] 79%|  | 15774/20000 [2:45:40<42:36,  1.65it/s] 80%|  | 15909/20000 [2:47:06<41:54,  1.63it/s] 80%|  | 15930/20000 [2:47:20<41:41,  1.63it/s] 80%|  | 16082/20000 [2:48:46<39:24,  1.66it/s] 81%|  | 16106/20000 [2:49:00<39:09,  1.66it/s] 81%|  | 16245/20000 [2:50:26<37:58,  1.65it/s] 81%| | 16266/20000 [2:50:40<37:45,  1.65it/s] 82%| | 16421/20000 [2:52:07<35:31,  1.68it/s] 82%| | 16441/20000 [2:52:20<35:19,  1.68it/s] 83%| | 16582/20000 [2:53:47<34:23,  1.66it/s] 83%| | 16605/20000 [2:54:00<34:09,  1.66it/s] 84%| | 16773/20000 [2:55:27<31:05,  1.73it/s] 84%| | 16795/20000 [2:55:40<30:52,  1.73it/s] 85%| | 16949/20000 [2:57:08<29:15,  1.74it/s] 85%| | 16968/20000 [2:57:20<29:04,  1.74it/s] 86%| | 17113/20000 [2:58:48<28:10,  1.71it/s] 86%| | 17132/20000 [2:59:00<27:58,  1.71it/s] 86%| | 17271/20000 [3:00:28<27:15,  1.67it/s] 86%| | 17290/20000 [3:00:40<27:04,  1.67it/s] 87%| | 17445/20000 [3:02:08<25:13,  1.69it/s] 87%| | 17468/20000 [3:02:20<25:00,  1.69it/s] 88%| | 17641/20000 [3:03:49<22:14,  1.77it/s] 88%| | 17660/20000 [3:04:00<22:04,  1.77it/s] 89%| | 17823/20000 [3:05:29<20:21,  1.78it/s] 89%| | 17842/20000 [3:05:40<20:10,  1.78it/s] 90%| | 18010/20000 [3:07:09<18:20,  1.81it/s] 90%| | 18029/20000 [3:07:20<18:10,  1.81it/s] 91%| | 18194/20000 [3:08:49<16:34,  1.82it/s] 91%| | 18213/20000 [3:09:00<16:23,  1.82it/s] 92%|| 18384/20000 [3:10:30<14:38,  1.84it/s] 92%|| 18402/20000 [3:10:40<14:28,  1.84it/s] 93%|| 18577/20000 [3:12:10<12:43,  1.86it/s] 93%|| 18612/20000 [3:12:30<12:24,  1.86it/s] 94%|| 18764/20000 [3:13:50<11:02,  1.87it/s] 94%|| 18800/20000 [3:14:10<10:43,  1.87it/s] 95%|| 18952/20000 [3:15:31<09:21,  1.87it/s] 95%|| 18990/20000 [3:15:50<09:00,  1.87it/s] 96%|| 19146/20000 [3:17:11<07:32,  1.89it/s] 96%|| 19182/20000 [3:17:30<07:13,  1.89it/s] 97%|| 19335/20000 [3:18:52<05:52,  1.88it/s] 97%|| 19368/20000 [3:19:10<05:35,  1.88it/s] 98%|| 19523/20000 [3:20:32<04:13,  1.88it/s] 98%|| 19555/20000 [3:20:50<03:56,  1.88it/s] 99%|| 19715/20000 [3:22:12<02:30,  1.89it/s] 99%|| 19748/20000 [3:22:30<02:13,  1.89it/s]100%|| 19908/20000 [3:23:52<00:48,  1.90it/s]100%|| 19940/20000 [3:24:10<00:31,  1.90it/s]100%|| 20000/20000 [3:24:40<00:00,  1.63it/s]

Analysis complete. Found 1 cluster(s) meeting the MCMC criterion.
Accepted cluster indices: [4]

--- Processing Final Results for Cluster 4 ---
--- MCMC Parameter Constraints for Cluster 4 ---
  x_src = 220.319 +0.122 / -0.010
  y_src = 225.050 +0.010 / -0.009
    z_s = 1.477 +0.002 / -0.006
Saving localization results for Cluster 4...
Processing results for Cluster 4...
-> Saved 340000 samples to /users/hiu-yeung.cheng/clusterlensing/out/row39/test_tidy_row39/cluster_4_posterior.npz
Updated CSV row 39 with result for cluster 4.
Plotting skipped: require len(mcmc_results)==1 and accepted_cluster_indices==real_cluster.
