Row=38 OUT_DIR=/users/hiu-yeung.cheng/clusterlensing/out/row38 DE_PROCS=16 MCMC_PROCS=16
Setup complete. Lensing system initialized.
True time delays: [   0.         4663.17206755 6281.94692192 6287.75671363 6289.03609395]
True luminosity distances: 15895.481242260737
Lensed luminosity distances: [ 6189.51873487  4722.06729854  7087.62902869  4279.35079425
 27022.97826116]

Running the full analysis pipeline...
--- Running DE for Cluster 0 ---
[DE] Process Pool with 16 procs (init=latinhypercube, popsize=50)
differential_evolution step 1: f(x)= 3000.0
differential_evolution step 2: f(x)= 3000.0
differential_evolution step 3: f(x)= 3000.0
differential_evolution step 4: f(x)= 3000.0
differential_evolution step 5: f(x)= 3000.0
differential_evolution step 6: f(x)= 3000.0
differential_evolution step 7: f(x)= 3000.0
differential_evolution step 8: f(x)= 3000.0
differential_evolution step 9: f(x)= 3000.0
differential_evolution step 10: f(x)= 3000.0
differential_evolution step 11: f(x)= 3000.0
differential_evolution step 12: f(x)= 3000.0
differential_evolution step 13: f(x)= 3000.0
differential_evolution step 14: f(x)= 3000.0
differential_evolution step 15: f(x)= 3000.0
differential_evolution step 16: f(x)= 3000.0
differential_evolution step 17: f(x)= 3000.0
differential_evolution step 18: f(x)= 3000.0
differential_evolution step 19: f(x)= 3000.0
differential_evolution step 20: f(x)= 1644.355231891614
differential_evolution step 21: f(x)= 1644.355231891614
differential_evolution step 22: f(x)= 1644.355231891614
differential_evolution step 23: f(x)= 1644.355231891614
differential_evolution step 24: f(x)= 1644.355231891614
differential_evolution step 25: f(x)= 1644.355231891614
differential_evolution step 26: f(x)= 1644.355231891614
differential_evolution step 27: f(x)= 1211.1098666432533
differential_evolution step 28: f(x)= 743.7365339412972
differential_evolution step 29: f(x)= 743.7365339412972
differential_evolution step 30: f(x)= 743.7365339412972
differential_evolution step 31: f(x)= 743.7365339412972
differential_evolution step 32: f(x)= 743.7365339412972
differential_evolution step 33: f(x)= 743.7365339412972
differential_evolution step 34: f(x)= 743.7365339412972
differential_evolution step 35: f(x)= 743.7365339412972
differential_evolution step 36: f(x)= 743.7365339412972
differential_evolution step 37: f(x)= 743.7365339412972
differential_evolution step 38: f(x)= 743.7365339412972
differential_evolution step 39: f(x)= 743.7365339412972
differential_evolution step 40: f(x)= 743.7365339412972
differential_evolution step 41: f(x)= 743.7365339412972
differential_evolution step 42: f(x)= 743.7365339412972
differential_evolution step 43: f(x)= 743.7365339412972
differential_evolution step 44: f(x)= 552.5147826299976
differential_evolution step 45: f(x)= 552.5147826299976
differential_evolution step 46: f(x)= 552.5147826299976
differential_evolution step 47: f(x)= 552.5147826299976
differential_evolution step 48: f(x)= 552.5147826299976
differential_evolution step 49: f(x)= 552.5147826299976
differential_evolution step 50: f(x)= 552.5147826299976
differential_evolution step 51: f(x)= 552.5147826299976
differential_evolution step 52: f(x)= 552.5147826299976
differential_evolution step 53: f(x)= 552.5147826299976
differential_evolution step 54: f(x)= 552.5147826299976
differential_evolution step 55: f(x)= 552.5147826299976
differential_evolution step 56: f(x)= 431.78227227877727
differential_evolution step 57: f(x)= 431.78227227877727
differential_evolution step 58: f(x)= 431.78227227877727
differential_evolution step 59: f(x)= 431.78227227877727
differential_evolution step 60: f(x)= 431.78227227877727
differential_evolution step 61: f(x)= 431.78227227877727
differential_evolution step 62: f(x)= 431.78227227877727
differential_evolution step 63: f(x)= 212.0833032443379
differential_evolution step 64: f(x)= 212.0833032443379
differential_evolution step 65: f(x)= 212.0833032443379
differential_evolution step 66: f(x)= 212.0833032443379
differential_evolution step 67: f(x)= 212.0833032443379
differential_evolution step 68: f(x)= 212.0833032443379
differential_evolution step 69: f(x)= 212.0833032443379
differential_evolution step 70: f(x)= 212.0833032443379
differential_evolution step 71: f(x)= 212.0833032443379
differential_evolution step 72: f(x)= 212.0833032443379
differential_evolution step 73: f(x)= 212.0833032443379
differential_evolution step 74: f(x)= 212.0833032443379
differential_evolution step 75: f(x)= 212.0833032443379
differential_evolution step 76: f(x)= 212.0833032443379
differential_evolution step 77: f(x)= 212.0833032443379
differential_evolution step 78: f(x)= 212.0833032443379
differential_evolution step 79: f(x)= 212.0833032443379
differential_evolution step 80: f(x)= 212.0833032443379
differential_evolution step 81: f(x)= 212.0833032443379
differential_evolution step 82: f(x)= 212.0833032443379
differential_evolution step 83: f(x)= 212.0833032443379
differential_evolution step 84: f(x)= 212.0833032443379
differential_evolution step 85: f(x)= 212.0833032443379
differential_evolution step 86: f(x)= 212.0833032443379
differential_evolution step 87: f(x)= 212.0833032443379
differential_evolution step 88: f(x)= 212.0833032443379
differential_evolution step 89: f(x)= 212.0833032443379
differential_evolution step 90: f(x)= 212.0833032443379
differential_evolution step 91: f(x)= 212.0833032443379
differential_evolution step 92: f(x)= 212.0833032443379
differential_evolution step 93: f(x)= 212.0833032443379
differential_evolution step 94: f(x)= 212.0833032443379
differential_evolution step 95: f(x)= 212.0833032443379
differential_evolution step 96: f(x)= 212.0833032443379
differential_evolution step 97: f(x)= 212.0833032443379
differential_evolution step 98: f(x)= 212.0833032443379
differential_evolution step 99: f(x)= 212.0833032443379
differential_evolution step 100: f(x)= 212.0833032443379
differential_evolution step 101: f(x)= 212.0833032443379
differential_evolution step 102: f(x)= 212.0833032443379
differential_evolution step 103: f(x)= 212.0833032443379
differential_evolution step 104: f(x)= 212.0833032443379
differential_evolution step 105: f(x)= 212.0833032443379
differential_evolution step 106: f(x)= 212.0833032443379
differential_evolution step 107: f(x)= 212.0833032443379
differential_evolution step 108: f(x)= 212.0833032443379
differential_evolution step 109: f(x)= 212.0833032443379
differential_evolution step 110: f(x)= 212.0833032443379
differential_evolution step 111: f(x)= 212.0833032443379
differential_evolution step 112: f(x)= 212.0833032443379
differential_evolution step 113: f(x)= 212.0833032443379
differential_evolution step 114: f(x)= 212.0833032443379
differential_evolution step 115: f(x)= 212.0833032443379
differential_evolution step 116: f(x)= 212.0833032443379
differential_evolution step 117: f(x)= 212.0833032443379
differential_evolution step 118: f(x)= 212.0833032443379
differential_evolution step 119: f(x)= 212.0833032443379
differential_evolution step 120: f(x)= 212.0833032443379
differential_evolution step 121: f(x)= 212.0833032443379
differential_evolution step 122: f(x)= 212.0833032443379
differential_evolution step 123: f(x)= 212.0833032443379
differential_evolution step 124: f(x)= 212.0833032443379
differential_evolution step 125: f(x)= 212.0833032443379
differential_evolution step 126: f(x)= 212.0833032443379
differential_evolution step 127: f(x)= 212.0833032443379
differential_evolution step 128: f(x)= 212.0833032443379
differential_evolution step 129: f(x)= 212.0833032443379
differential_evolution step 130: f(x)= 212.0833032443379
differential_evolution step 131: f(x)= 212.0833032443379
differential_evolution step 132: f(x)= 212.0833032443379
differential_evolution step 133: f(x)= 212.0833032443379
differential_evolution step 134: f(x)= 212.0833032443379
differential_evolution step 135: f(x)= 212.0833032443379
differential_evolution step 136: f(x)= 212.0833032443379
differential_evolution step 137: f(x)= 212.0833032443379
differential_evolution step 138: f(x)= 212.0833032443379
differential_evolution step 139: f(x)= 212.0833032443379
differential_evolution step 140: f(x)= 212.0833032443379
differential_evolution step 141: f(x)= 212.0833032443379
differential_evolution step 142: f(x)= 212.0833032443379
differential_evolution step 143: f(x)= 212.0833032443379
differential_evolution step 144: f(x)= 212.0833032443379
differential_evolution step 145: f(x)= 212.0833032443379
differential_evolution step 146: f(x)= 212.0833032443379
differential_evolution step 147: f(x)= 212.0833032443379
differential_evolution step 148: f(x)= 212.0833032443379
differential_evolution step 149: f(x)= 212.0833032443379
differential_evolution step 150: f(x)= 212.0833032443379
differential_evolution step 151: f(x)= 212.0833032443379
differential_evolution step 152: f(x)= 212.0833032443379
differential_evolution step 153: f(x)= 212.0833032443379
differential_evolution step 154: f(x)= 212.0833032443379
differential_evolution step 155: f(x)= 212.0833032443379
differential_evolution step 156: f(x)= 212.0833032443379
differential_evolution step 157: f(x)= 212.0833032443379
differential_evolution step 158: f(x)= 212.0833032443379
differential_evolution step 159: f(x)= 212.0833032443379
differential_evolution step 160: f(x)= 212.0833032443379
differential_evolution step 161: f(x)= 212.0833032443379
differential_evolution step 162: f(x)= 212.0833032443379
differential_evolution step 163: f(x)= 212.0833032443379
differential_evolution step 164: f(x)= 212.0833032443379
differential_evolution step 165: f(x)= 212.0833032443379
differential_evolution step 166: f(x)= 212.0833032443379
differential_evolution step 167: f(x)= 212.0833032443379
differential_evolution step 168: f(x)= 212.0833032443379
differential_evolution step 169: f(x)= 212.0833032443379
differential_evolution step 170: f(x)= 212.0833032443379
differential_evolution step 171: f(x)= 212.0833032443379
differential_evolution step 172: f(x)= 212.0833032443379
differential_evolution step 173: f(x)= 212.0833032443379
differential_evolution step 174: f(x)= 212.0833032443379
differential_evolution step 175: f(x)= 212.0833032443379
differential_evolution step 176: f(x)= 212.0833032443379
differential_evolution step 177: f(x)= 212.0833032443379
differential_evolution step 178: f(x)= 212.0833032443379
differential_evolution step 179: f(x)= 212.0833032443379
differential_evolution step 180: f(x)= 212.0833032443379
differential_evolution step 181: f(x)= 212.0833032443379
differential_evolution step 182: f(x)= 212.0833032443379
differential_evolution step 183: f(x)= 212.0833032443379
differential_evolution step 184: f(x)= 212.0833032443379
differential_evolution step 185: f(x)= 212.0833032443379
differential_evolution step 186: f(x)= 212.0833032443379
differential_evolution step 187: f(x)= 212.0833032443379
differential_evolution step 188: f(x)= 212.0833032443379
differential_evolution step 189: f(x)= 212.0833032443379
differential_evolution step 190: f(x)= 212.0833032443379
differential_evolution step 191: f(x)= 212.0833032443379
differential_evolution step 192: f(x)= 212.0833032443379
differential_evolution step 193: f(x)= 212.0833032443379
differential_evolution step 194: f(x)= 212.0833032443379
differential_evolution step 195: f(x)= 212.0833032443379
differential_evolution step 196: f(x)= 212.0833032443379
differential_evolution step 197: f(x)= 212.0833032443379
differential_evolution step 198: f(x)= 212.0833032443379
differential_evolution step 199: f(x)= 212.0833032443379
differential_evolution step 200: f(x)= 212.0833032443379
Cluster 0 DE best chi^2: 212.083 with params {'x_src': np.float64(78.89488349481131), 'y_src': np.float64(72.88126569437435), 'z_s': np.float64(1.5132725257680106)}
--- Running DE for Cluster 1 ---
[DE] Process Pool with 16 procs (init=latinhypercube, popsize=50)
differential_evolution step 1: f(x)= 3000.0
differential_evolution step 2: f(x)= 3000.0
differential_evolution step 3: f(x)= 3000.0
differential_evolution step 4: f(x)= 3000.0
differential_evolution step 5: f(x)= 3000.0
differential_evolution step 6: f(x)= 3000.0
differential_evolution step 7: f(x)= 3000.0
differential_evolution step 8: f(x)= 3000.0
differential_evolution step 9: f(x)= 3000.0
differential_evolution step 10: f(x)= 3000.0
differential_evolution step 11: f(x)= 3000.0
differential_evolution step 12: f(x)= 3000.0
differential_evolution step 13: f(x)= 3000.0
differential_evolution step 14: f(x)= 3000.0
differential_evolution step 15: f(x)= 3000.0
differential_evolution step 16: f(x)= 3000.0
differential_evolution step 17: f(x)= 3000.0
differential_evolution step 18: f(x)= 3000.0
differential_evolution step 19: f(x)= 3000.0
differential_evolution step 20: f(x)= 3000.0
differential_evolution step 21: f(x)= 3000.0
differential_evolution step 22: f(x)= 3000.0
differential_evolution step 23: f(x)= 3000.0
differential_evolution step 24: f(x)= 3000.0
differential_evolution step 25: f(x)= 3000.0
differential_evolution step 26: f(x)= 3000.0
differential_evolution step 27: f(x)= 3000.0
differential_evolution step 28: f(x)= 3000.0
differential_evolution step 29: f(x)= 3000.0
differential_evolution step 30: f(x)= 3000.0
differential_evolution step 31: f(x)= 3000.0
differential_evolution step 32: f(x)= 3000.0
differential_evolution step 33: f(x)= 3000.0
differential_evolution step 34: f(x)= 3000.0
differential_evolution step 35: f(x)= 3000.0
Cluster 1 DE best chi^2: 3000.000 with params {'x_src': np.float64(201.80226241760877), 'y_src': np.float64(193.5574275218845), 'z_s': np.float64(4.758684579034204)}
--- Running DE for Cluster 2 ---
[DE] Process Pool with 16 procs (init=latinhypercube, popsize=50)
differential_evolution step 1: f(x)= 4242.640687119286
differential_evolution step 2: f(x)= 4242.640687119286
differential_evolution step 3: f(x)= 4242.640687119286
differential_evolution step 4: f(x)= 4242.640687119286
differential_evolution step 5: f(x)= 4242.640687119286
differential_evolution step 6: f(x)= 1144.600973195454
differential_evolution step 7: f(x)= 1144.600973195454
differential_evolution step 8: f(x)= 1144.600973195454
differential_evolution step 9: f(x)= 1144.600973195454
differential_evolution step 10: f(x)= 1144.600973195454
differential_evolution step 11: f(x)= 1144.600973195454
differential_evolution step 12: f(x)= 1144.600973195454
differential_evolution step 13: f(x)= 1144.600973195454
differential_evolution step 14: f(x)= 1144.600973195454
differential_evolution step 15: f(x)= 1144.600973195454
differential_evolution step 16: f(x)= 1144.600973195454
differential_evolution step 17: f(x)= 1144.600973195454
differential_evolution step 18: f(x)= 524.7342579146134
differential_evolution step 19: f(x)= 524.7342579146134
differential_evolution step 20: f(x)= 524.7342579146134
differential_evolution step 21: f(x)= 524.7342579146134
differential_evolution step 22: f(x)= 524.7342579146134
differential_evolution step 23: f(x)= 524.7342579146134
differential_evolution step 24: f(x)= 524.7342579146134
differential_evolution step 25: f(x)= 524.7342579146134
differential_evolution step 26: f(x)= 524.7342579146134
differential_evolution step 27: f(x)= 524.7342579146134
differential_evolution step 28: f(x)= 524.7342579146134
differential_evolution step 29: f(x)= 524.7342579146134
differential_evolution step 30: f(x)= 397.9987862641418
differential_evolution step 31: f(x)= 397.9987862641418
differential_evolution step 32: f(x)= 397.9987862641418
differential_evolution step 33: f(x)= 397.9987862641418
differential_evolution step 34: f(x)= 397.9987862641418
differential_evolution step 35: f(x)= 397.9987862641418
differential_evolution step 36: f(x)= 397.9987862641418
differential_evolution step 37: f(x)= 397.9987862641418
differential_evolution step 38: f(x)= 397.9987862641418
differential_evolution step 39: f(x)= 397.9987862641418
differential_evolution step 40: f(x)= 397.9987862641418
differential_evolution step 41: f(x)= 397.9987862641418
differential_evolution step 42: f(x)= 397.9987862641418
differential_evolution step 43: f(x)= 397.9987862641418
differential_evolution step 44: f(x)= 397.9987862641418
differential_evolution step 45: f(x)= 397.9987862641418
differential_evolution step 46: f(x)= 397.9987862641418
differential_evolution step 47: f(x)= 397.9987862641418
differential_evolution step 48: f(x)= 397.9987862641418
differential_evolution step 49: f(x)= 397.9987862641418
differential_evolution step 50: f(x)= 397.9987862641418
differential_evolution step 51: f(x)= 397.9987862641418
differential_evolution step 52: f(x)= 397.9987862641418
differential_evolution step 53: f(x)= 397.9987862641418
differential_evolution step 54: f(x)= 397.9987862641418
differential_evolution step 55: f(x)= 397.9987862641418
differential_evolution step 56: f(x)= 397.9987862641418
differential_evolution step 57: f(x)= 397.9987862641418
differential_evolution step 58: f(x)= 397.9987862641418
differential_evolution step 59: f(x)= 397.9987862641418
differential_evolution step 60: f(x)= 397.9987862641418
differential_evolution step 61: f(x)= 397.9987862641418
differential_evolution step 62: f(x)= 397.9987862641418
differential_evolution step 63: f(x)= 397.9987862641418
differential_evolution step 64: f(x)= 397.9987862641418
differential_evolution step 65: f(x)= 397.9987862641418
differential_evolution step 66: f(x)= 397.9987862641418
differential_evolution step 67: f(x)= 397.9987862641418
differential_evolution step 68: f(x)= 397.9987862641418
differential_evolution step 69: f(x)= 397.9987862641418
differential_evolution step 70: f(x)= 397.9987862641418
differential_evolution step 71: f(x)= 397.9987862641418
differential_evolution step 72: f(x)= 397.9987862641418
differential_evolution step 73: f(x)= 397.9987862641418
differential_evolution step 74: f(x)= 397.9987862641418
differential_evolution step 75: f(x)= 397.9987862641418
differential_evolution step 76: f(x)= 397.9987862641418
differential_evolution step 77: f(x)= 397.9987862641418
differential_evolution step 78: f(x)= 397.9987862641418
differential_evolution step 79: f(x)= 397.9987862641418
differential_evolution step 80: f(x)= 397.9987862641418
differential_evolution step 81: f(x)= 397.9987862641418
differential_evolution step 82: f(x)= 397.9987862641418
differential_evolution step 83: f(x)= 397.9987862641418
differential_evolution step 84: f(x)= 397.9987862641418
differential_evolution step 85: f(x)= 397.9987862641418
differential_evolution step 86: f(x)= 397.9987862641418
differential_evolution step 87: f(x)= 397.9987862641418
differential_evolution step 88: f(x)= 397.9987862641418
differential_evolution step 89: f(x)= 397.9987862641418
differential_evolution step 90: f(x)= 397.9987862641418
differential_evolution step 91: f(x)= 397.9987862641418
differential_evolution step 92: f(x)= 397.9987862641418
differential_evolution step 93: f(x)= 397.9987862641418
differential_evolution step 94: f(x)= 397.9987862641418
differential_evolution step 95: f(x)= 397.9987862641418
differential_evolution step 96: f(x)= 397.9987862641418
differential_evolution step 97: f(x)= 397.9987862641418
differential_evolution step 98: f(x)= 397.9987862641418
differential_evolution step 99: f(x)= 397.9987862641418
differential_evolution step 100: f(x)= 397.9987862641418
differential_evolution step 101: f(x)= 397.9987862641418
differential_evolution step 102: f(x)= 397.9987862641418
differential_evolution step 103: f(x)= 397.9987862641418
differential_evolution step 104: f(x)= 263.9546550330456
differential_evolution step 105: f(x)= 263.9546550330456
differential_evolution step 106: f(x)= 263.9546550330456
differential_evolution step 107: f(x)= 263.9546550330456
differential_evolution step 108: f(x)= 263.9546550330456
differential_evolution step 109: f(x)= 263.9546550330456
differential_evolution step 110: f(x)= 263.9546550330456
differential_evolution step 111: f(x)= 263.9546550330456
differential_evolution step 112: f(x)= 263.9546550330456
differential_evolution step 113: f(x)= 263.9546550330456
differential_evolution step 114: f(x)= 263.9546550330456
differential_evolution step 115: f(x)= 219.77381873513082
differential_evolution step 116: f(x)= 219.77381873513082
differential_evolution step 117: f(x)= 219.77381873513082
differential_evolution step 118: f(x)= 219.77381873513082
differential_evolution step 119: f(x)= 219.77381873513082
differential_evolution step 120: f(x)= 219.77381873513082
differential_evolution step 121: f(x)= 219.77381873513082
differential_evolution step 122: f(x)= 219.77381873513082
differential_evolution step 123: f(x)= 219.77381873513082
differential_evolution step 124: f(x)= 219.77381873513082
differential_evolution step 125: f(x)= 219.77381873513082
differential_evolution step 126: f(x)= 219.77381873513082
differential_evolution step 127: f(x)= 219.77381873513082
differential_evolution step 128: f(x)= 219.77381873513082
differential_evolution step 129: f(x)= 219.77381873513082
differential_evolution step 130: f(x)= 219.77381873513082
differential_evolution step 131: f(x)= 219.77381873513082
differential_evolution step 132: f(x)= 219.77381873513082
differential_evolution step 133: f(x)= 219.77381873513082
differential_evolution step 134: f(x)= 219.77381873513082
differential_evolution step 135: f(x)= 219.77381873513082
differential_evolution step 136: f(x)= 219.77381873513082
differential_evolution step 137: f(x)= 204.3604672937621
differential_evolution step 138: f(x)= 204.3604672937621
differential_evolution step 139: f(x)= 204.3604672937621
differential_evolution step 140: f(x)= 204.3604672937621
differential_evolution step 141: f(x)= 204.3604672937621
differential_evolution step 142: f(x)= 204.3604672937621
differential_evolution step 143: f(x)= 204.3604672937621
differential_evolution step 144: f(x)= 204.3604672937621
differential_evolution step 145: f(x)= 204.3604672937621
differential_evolution step 146: f(x)= 204.3604672937621
differential_evolution step 147: f(x)= 204.3604672937621
differential_evolution step 148: f(x)= 204.3604672937621
differential_evolution step 149: f(x)= 204.3604672937621
differential_evolution step 150: f(x)= 204.3604672937621
differential_evolution step 151: f(x)= 204.3604672937621
differential_evolution step 152: f(x)= 204.3604672937621
differential_evolution step 153: f(x)= 204.3604672937621
differential_evolution step 154: f(x)= 204.3604672937621
differential_evolution step 155: f(x)= 204.3604672937621
differential_evolution step 156: f(x)= 204.3604672937621
differential_evolution step 157: f(x)= 204.3604672937621
differential_evolution step 158: f(x)= 204.3604672937621
differential_evolution step 159: f(x)= 197.48029786137553
differential_evolution step 160: f(x)= 197.48029786137553
differential_evolution step 161: f(x)= 197.48029786137553
differential_evolution step 162: f(x)= 197.48029786137553
differential_evolution step 163: f(x)= 197.48029786137553
differential_evolution step 164: f(x)= 197.48029786137553
differential_evolution step 165: f(x)= 197.48029786137553
differential_evolution step 166: f(x)= 197.48029786137553
differential_evolution step 167: f(x)= 196.2105323765827
differential_evolution step 168: f(x)= 193.77578376554004
differential_evolution step 169: f(x)= 193.77578376554004
differential_evolution step 170: f(x)= 193.77578376554004
differential_evolution step 171: f(x)= 193.77578376554004
differential_evolution step 172: f(x)= 193.77578376554004
differential_evolution step 173: f(x)= 193.77578376554004
differential_evolution step 174: f(x)= 193.77578376554004
differential_evolution step 175: f(x)= 193.77578376554004
differential_evolution step 176: f(x)= 193.77578376554004
differential_evolution step 177: f(x)= 193.77578376554004
differential_evolution step 178: f(x)= 193.77578376554004
differential_evolution step 179: f(x)= 193.77578376554004
differential_evolution step 180: f(x)= 193.77578376554004
differential_evolution step 181: f(x)= 192.69673619561655
differential_evolution step 182: f(x)= 192.69673619561655
differential_evolution step 183: f(x)= 192.69673619561655
differential_evolution step 184: f(x)= 192.69673619561655
differential_evolution step 185: f(x)= 192.69673619561655
differential_evolution step 186: f(x)= 192.69673619561655
differential_evolution step 187: f(x)= 192.69673619561655
differential_evolution step 188: f(x)= 192.69673619561655
differential_evolution step 189: f(x)= 192.58521035202392
differential_evolution step 190: f(x)= 192.58521035202392
differential_evolution step 191: f(x)= 192.40752425330896
differential_evolution step 192: f(x)= 192.40752425330896
differential_evolution step 193: f(x)= 192.40752425330896
differential_evolution step 194: f(x)= 192.28635007008887
differential_evolution step 195: f(x)= 192.28635007008887
differential_evolution step 196: f(x)= 192.28635007008887
differential_evolution step 197: f(x)= 192.28635007008887
differential_evolution step 198: f(x)= 192.28635007008887
differential_evolution step 199: f(x)= 192.28635007008887
differential_evolution step 200: f(x)= 192.28635007008887
Cluster 2 DE best chi^2: 192.286 with params {'x_src': np.float64(98.31875827313816), 'y_src': np.float64(99.57150292906363), 'z_s': np.float64(1.0013993574668967)}
--- Running DE for Cluster 3 ---
[DE] Process Pool with 16 procs (init=latinhypercube, popsize=50)
differential_evolution step 1: f(x)= 3000.0
differential_evolution step 2: f(x)= 3000.0
differential_evolution step 3: f(x)= 3000.0
differential_evolution step 4: f(x)= 3000.0
differential_evolution step 5: f(x)= 424.84892175917673
differential_evolution step 6: f(x)= 424.84892175917673
differential_evolution step 7: f(x)= 424.84892175917673
differential_evolution step 8: f(x)= 424.84892175917673
differential_evolution step 9: f(x)= 424.84892175917673
differential_evolution step 10: f(x)= 424.84892175917673
differential_evolution step 11: f(x)= 424.84892175917673
differential_evolution step 12: f(x)= 424.84892175917673
differential_evolution step 13: f(x)= 424.84892175917673
differential_evolution step 14: f(x)= 424.84892175917673
differential_evolution step 15: f(x)= 424.84892175917673
differential_evolution step 16: f(x)= 424.84892175917673
differential_evolution step 17: f(x)= 424.84892175917673
differential_evolution step 18: f(x)= 424.84892175917673
differential_evolution step 19: f(x)= 424.84892175917673
differential_evolution step 20: f(x)= 424.84892175917673
differential_evolution step 21: f(x)= 424.84892175917673
differential_evolution step 22: f(x)= 424.84892175917673
differential_evolution step 23: f(x)= 424.84892175917673
differential_evolution step 24: f(x)= 424.84892175917673
differential_evolution step 25: f(x)= 424.84892175917673
differential_evolution step 26: f(x)= 424.84892175917673
differential_evolution step 27: f(x)= 424.84892175917673
differential_evolution step 28: f(x)= 424.84892175917673
differential_evolution step 29: f(x)= 424.84892175917673
differential_evolution step 30: f(x)= 424.84892175917673
differential_evolution step 31: f(x)= 424.84892175917673
differential_evolution step 32: f(x)= 424.84892175917673
differential_evolution step 33: f(x)= 424.84892175917673
differential_evolution step 34: f(x)= 424.84892175917673
differential_evolution step 35: f(x)= 424.84892175917673
differential_evolution step 36: f(x)= 424.84892175917673
differential_evolution step 37: f(x)= 424.84892175917673
differential_evolution step 38: f(x)= 424.84892175917673
differential_evolution step 39: f(x)= 424.84892175917673
differential_evolution step 40: f(x)= 424.84892175917673
differential_evolution step 41: f(x)= 424.84892175917673
differential_evolution step 42: f(x)= 424.84892175917673
differential_evolution step 43: f(x)= 424.84892175917673
differential_evolution step 44: f(x)= 424.84892175917673
differential_evolution step 45: f(x)= 424.84892175917673
differential_evolution step 46: f(x)= 424.84892175917673
differential_evolution step 47: f(x)= 424.84892175917673
differential_evolution step 48: f(x)= 424.84892175917673
differential_evolution step 49: f(x)= 424.84892175917673
differential_evolution step 50: f(x)= 424.84892175917673
differential_evolution step 51: f(x)= 424.84892175917673
differential_evolution step 52: f(x)= 424.84892175917673
differential_evolution step 53: f(x)= 424.84892175917673
differential_evolution step 54: f(x)= 424.84892175917673
differential_evolution step 55: f(x)= 424.84892175917673
differential_evolution step 56: f(x)= 424.84892175917673
differential_evolution step 57: f(x)= 424.84892175917673
differential_evolution step 58: f(x)= 424.84892175917673
differential_evolution step 59: f(x)= 424.84892175917673
differential_evolution step 60: f(x)= 424.84892175917673
differential_evolution step 61: f(x)= 424.84892175917673
differential_evolution step 62: f(x)= 424.84892175917673
differential_evolution step 63: f(x)= 424.84892175917673
differential_evolution step 64: f(x)= 424.84892175917673
differential_evolution step 65: f(x)= 424.84892175917673
differential_evolution step 66: f(x)= 424.84892175917673
differential_evolution step 67: f(x)= 424.84892175917673
differential_evolution step 68: f(x)= 424.84892175917673
differential_evolution step 69: f(x)= 424.84892175917673
differential_evolution step 70: f(x)= 424.84892175917673
differential_evolution step 71: f(x)= 424.84892175917673
differential_evolution step 72: f(x)= 424.84892175917673
differential_evolution step 73: f(x)= 424.84892175917673
differential_evolution step 74: f(x)= 424.84892175917673
differential_evolution step 75: f(x)= 424.84892175917673
differential_evolution step 76: f(x)= 424.84892175917673
differential_evolution step 77: f(x)= 424.84892175917673
differential_evolution step 78: f(x)= 424.84892175917673
differential_evolution step 79: f(x)= 424.84892175917673
differential_evolution step 80: f(x)= 424.84892175917673
differential_evolution step 81: f(x)= 424.84892175917673
differential_evolution step 82: f(x)= 424.84892175917673
differential_evolution step 83: f(x)= 412.731661127526
differential_evolution step 84: f(x)= 412.731661127526
differential_evolution step 85: f(x)= 412.731661127526
differential_evolution step 86: f(x)= 412.731661127526
differential_evolution step 87: f(x)= 412.731661127526
differential_evolution step 88: f(x)= 412.731661127526
differential_evolution step 89: f(x)= 412.731661127526
differential_evolution step 90: f(x)= 412.731661127526
differential_evolution step 91: f(x)= 412.731661127526
differential_evolution step 92: f(x)= 412.731661127526
differential_evolution step 93: f(x)= 412.731661127526
differential_evolution step 94: f(x)= 412.731661127526
differential_evolution step 95: f(x)= 412.731661127526
differential_evolution step 96: f(x)= 412.731661127526
differential_evolution step 97: f(x)= 412.731661127526
differential_evolution step 98: f(x)= 412.731661127526
differential_evolution step 99: f(x)= 412.731661127526
differential_evolution step 100: f(x)= 412.731661127526
differential_evolution step 101: f(x)= 412.731661127526
differential_evolution step 102: f(x)= 412.731661127526
differential_evolution step 103: f(x)= 412.731661127526
differential_evolution step 104: f(x)= 412.731661127526
differential_evolution step 105: f(x)= 412.731661127526
differential_evolution step 106: f(x)= 412.731661127526
differential_evolution step 107: f(x)= 412.731661127526
differential_evolution step 108: f(x)= 412.731661127526
differential_evolution step 109: f(x)= 412.731661127526
differential_evolution step 110: f(x)= 412.731661127526
differential_evolution step 111: f(x)= 412.731661127526
differential_evolution step 112: f(x)= 412.731661127526
differential_evolution step 113: f(x)= 412.731661127526
differential_evolution step 114: f(x)= 412.731661127526
differential_evolution step 115: f(x)= 412.731661127526
differential_evolution step 116: f(x)= 412.731661127526
differential_evolution step 117: f(x)= 412.731661127526
differential_evolution step 118: f(x)= 412.731661127526
differential_evolution step 119: f(x)= 412.731661127526
differential_evolution step 120: f(x)= 412.731661127526
differential_evolution step 121: f(x)= 412.731661127526
differential_evolution step 122: f(x)= 412.731661127526
differential_evolution step 123: f(x)= 412.731661127526
differential_evolution step 124: f(x)= 412.731661127526
differential_evolution step 125: f(x)= 412.731661127526
differential_evolution step 126: f(x)= 412.731661127526
differential_evolution step 127: f(x)= 412.731661127526
differential_evolution step 128: f(x)= 412.731661127526
differential_evolution step 129: f(x)= 412.731661127526
differential_evolution step 130: f(x)= 412.731661127526
differential_evolution step 131: f(x)= 412.731661127526
differential_evolution step 132: f(x)= 412.731661127526
differential_evolution step 133: f(x)= 412.731661127526
differential_evolution step 134: f(x)= 412.731661127526
differential_evolution step 135: f(x)= 412.731661127526
differential_evolution step 136: f(x)= 412.731661127526
differential_evolution step 137: f(x)= 412.731661127526
differential_evolution step 138: f(x)= 412.731661127526
differential_evolution step 139: f(x)= 412.731661127526
differential_evolution step 140: f(x)= 412.731661127526
differential_evolution step 141: f(x)= 412.731661127526
differential_evolution step 142: f(x)= 412.731661127526
differential_evolution step 143: f(x)= 412.731661127526
differential_evolution step 144: f(x)= 412.731661127526
differential_evolution step 145: f(x)= 412.731661127526
differential_evolution step 146: f(x)= 412.731661127526
differential_evolution step 147: f(x)= 412.731661127526
differential_evolution step 148: f(x)= 297.6788126791229
differential_evolution step 149: f(x)= 297.6788126791229
differential_evolution step 150: f(x)= 297.6788126791229
differential_evolution step 151: f(x)= 297.6788126791229
differential_evolution step 152: f(x)= 297.6788126791229
differential_evolution step 153: f(x)= 297.6788126791229
differential_evolution step 154: f(x)= 297.6788126791229
differential_evolution step 155: f(x)= 297.6788126791229
differential_evolution step 156: f(x)= 297.6788126791229
differential_evolution step 157: f(x)= 297.6788126791229
differential_evolution step 158: f(x)= 297.6788126791229
differential_evolution step 159: f(x)= 297.6788126791229
differential_evolution step 160: f(x)= 297.6788126791229
differential_evolution step 161: f(x)= 297.6788126791229
differential_evolution step 162: f(x)= 297.6788126791229
differential_evolution step 163: f(x)= 297.6788126791229
differential_evolution step 164: f(x)= 297.6788126791229
differential_evolution step 165: f(x)= 297.6788126791229
differential_evolution step 166: f(x)= 297.6788126791229
differential_evolution step 167: f(x)= 297.6788126791229
differential_evolution step 168: f(x)= 297.6788126791229
differential_evolution step 169: f(x)= 297.6788126791229
differential_evolution step 170: f(x)= 297.6788126791229
differential_evolution step 171: f(x)= 297.6788126791229
differential_evolution step 172: f(x)= 297.6788126791229
differential_evolution step 173: f(x)= 297.6788126791229
differential_evolution step 174: f(x)= 297.6788126791229
differential_evolution step 175: f(x)= 297.6788126791229
differential_evolution step 176: f(x)= 297.6788126791229
differential_evolution step 177: f(x)= 297.6788126791229
differential_evolution step 178: f(x)= 297.6788126791229
differential_evolution step 179: f(x)= 297.6788126791229
differential_evolution step 180: f(x)= 297.6788126791229
differential_evolution step 181: f(x)= 297.6788126791229
differential_evolution step 182: f(x)= 297.6788126791229
differential_evolution step 183: f(x)= 297.6788126791229
differential_evolution step 184: f(x)= 297.6788126791229
differential_evolution step 185: f(x)= 297.6788126791229
differential_evolution step 186: f(x)= 297.6788126791229
differential_evolution step 187: f(x)= 297.6788126791229
differential_evolution step 188: f(x)= 297.6788126791229
differential_evolution step 189: f(x)= 297.6788126791229
differential_evolution step 190: f(x)= 297.6788126791229
differential_evolution step 191: f(x)= 297.6788126791229
differential_evolution step 192: f(x)= 297.6788126791229
differential_evolution step 193: f(x)= 297.6788126791229
differential_evolution step 194: f(x)= 297.6788126791229
differential_evolution step 195: f(x)= 297.6788126791229
differential_evolution step 196: f(x)= 297.6788126791229
differential_evolution step 197: f(x)= 297.6788126791229
differential_evolution step 198: f(x)= 297.6788126791229
differential_evolution step 199: f(x)= 297.6788126791229
differential_evolution step 200: f(x)= 297.6788126791229
Cluster 3 DE best chi^2: 297.679 with params {'x_src': np.float64(129.6643772299069), 'y_src': np.float64(110.66395526961564), 'z_s': np.float64(1.904607089803105)}
--- Running DE for Cluster 4 ---
[DE] Process Pool with 16 procs (init=latinhypercube, popsize=50)
differential_evolution step 1: f(x)= 3000.0
differential_evolution step 2: f(x)= 3000.0
differential_evolution step 3: f(x)= 3000.0
differential_evolution step 4: f(x)= 1694.481620580034
differential_evolution step 5: f(x)= 368.62914431545835
differential_evolution step 6: f(x)= 368.62914431545835
differential_evolution step 7: f(x)= 368.62914431545835
differential_evolution step 8: f(x)= 368.62914431545835
differential_evolution step 9: f(x)= 368.62914431545835
differential_evolution step 10: f(x)= 368.62914431545835
differential_evolution step 11: f(x)= 368.62914431545835
differential_evolution step 12: f(x)= 368.62914431545835
differential_evolution step 13: f(x)= 368.62914431545835
differential_evolution step 14: f(x)= 368.62914431545835
differential_evolution step 15: f(x)= 368.62914431545835
differential_evolution step 16: f(x)= 368.62914431545835
differential_evolution step 17: f(x)= 368.62914431545835
differential_evolution step 18: f(x)= 368.62914431545835
differential_evolution step 19: f(x)= 368.62914431545835
differential_evolution step 20: f(x)= 368.62914431545835
differential_evolution step 21: f(x)= 368.62914431545835
differential_evolution step 22: f(x)= 368.62914431545835
differential_evolution step 23: f(x)= 368.62914431545835
differential_evolution step 24: f(x)= 368.62914431545835
differential_evolution step 25: f(x)= 368.62914431545835
differential_evolution step 26: f(x)= 368.62914431545835
differential_evolution step 27: f(x)= 368.62914431545835
differential_evolution step 28: f(x)= 368.62914431545835
differential_evolution step 29: f(x)= 368.62914431545835
differential_evolution step 30: f(x)= 368.62914431545835
differential_evolution step 31: f(x)= 368.62914431545835
differential_evolution step 32: f(x)= 368.62914431545835
differential_evolution step 33: f(x)= 368.62914431545835
differential_evolution step 34: f(x)= 368.62914431545835
differential_evolution step 35: f(x)= 368.62914431545835
differential_evolution step 36: f(x)= 368.62914431545835
differential_evolution step 37: f(x)= 368.62914431545835
differential_evolution step 38: f(x)= 368.62914431545835
differential_evolution step 39: f(x)= 368.62914431545835
differential_evolution step 40: f(x)= 368.62914431545835
differential_evolution step 41: f(x)= 368.62914431545835
differential_evolution step 42: f(x)= 368.62914431545835
differential_evolution step 43: f(x)= 368.62914431545835
differential_evolution step 44: f(x)= 368.62914431545835
differential_evolution step 45: f(x)= 368.62914431545835
differential_evolution step 46: f(x)= 368.62914431545835
differential_evolution step 47: f(x)= 368.62914431545835
differential_evolution step 48: f(x)= 368.62914431545835
differential_evolution step 49: f(x)= 368.62914431545835
differential_evolution step 50: f(x)= 368.62914431545835
differential_evolution step 51: f(x)= 368.62914431545835
differential_evolution step 52: f(x)= 368.62914431545835
differential_evolution step 53: f(x)= 368.62914431545835
differential_evolution step 54: f(x)= 368.62914431545835
differential_evolution step 55: f(x)= 368.62914431545835
differential_evolution step 56: f(x)= 368.62914431545835
differential_evolution step 57: f(x)= 368.62914431545835
differential_evolution step 58: f(x)= 368.62914431545835
differential_evolution step 59: f(x)= 368.62914431545835
differential_evolution step 60: f(x)= 368.62914431545835
differential_evolution step 61: f(x)= 368.62914431545835
differential_evolution step 62: f(x)= 368.62914431545835
differential_evolution step 63: f(x)= 368.62914431545835
differential_evolution step 64: f(x)= 368.62914431545835
differential_evolution step 65: f(x)= 368.62914431545835
differential_evolution step 66: f(x)= 368.62914431545835
differential_evolution step 67: f(x)= 368.62914431545835
differential_evolution step 68: f(x)= 368.62914431545835
differential_evolution step 69: f(x)= 368.62914431545835
differential_evolution step 70: f(x)= 368.62914431545835
differential_evolution step 71: f(x)= 368.62914431545835
differential_evolution step 72: f(x)= 368.62914431545835
differential_evolution step 73: f(x)= 368.62914431545835
differential_evolution step 74: f(x)= 368.62914431545835
differential_evolution step 75: f(x)= 368.62914431545835
differential_evolution step 76: f(x)= 368.62914431545835
differential_evolution step 77: f(x)= 368.62914431545835
differential_evolution step 78: f(x)= 368.62914431545835
differential_evolution step 79: f(x)= 368.62914431545835
differential_evolution step 80: f(x)= 368.62914431545835
differential_evolution step 81: f(x)= 368.62914431545835
differential_evolution step 82: f(x)= 368.62914431545835
differential_evolution step 83: f(x)= 368.62914431545835
differential_evolution step 84: f(x)= 368.62914431545835
differential_evolution step 85: f(x)= 368.62914431545835
differential_evolution step 86: f(x)= 368.62914431545835
differential_evolution step 87: f(x)= 368.62914431545835
differential_evolution step 88: f(x)= 368.62914431545835
differential_evolution step 89: f(x)= 368.62914431545835
differential_evolution step 90: f(x)= 368.62914431545835
differential_evolution step 91: f(x)= 368.62914431545835
differential_evolution step 92: f(x)= 368.62914431545835
differential_evolution step 93: f(x)= 368.62914431545835
differential_evolution step 94: f(x)= 368.62914431545835
differential_evolution step 95: f(x)= 368.62914431545835
differential_evolution step 96: f(x)= 368.62914431545835
differential_evolution step 97: f(x)= 368.62914431545835
differential_evolution step 98: f(x)= 368.62914431545835
differential_evolution step 99: f(x)= 368.62914431545835
differential_evolution step 100: f(x)= 368.62914431545835
differential_evolution step 101: f(x)= 368.62914431545835
differential_evolution step 102: f(x)= 368.62914431545835
differential_evolution step 103: f(x)= 368.62914431545835
differential_evolution step 104: f(x)= 368.62914431545835
differential_evolution step 105: f(x)= 368.62914431545835
differential_evolution step 106: f(x)= 368.62914431545835
differential_evolution step 107: f(x)= 368.62914431545835
differential_evolution step 108: f(x)= 368.62914431545835
differential_evolution step 109: f(x)= 368.62914431545835
differential_evolution step 110: f(x)= 368.62914431545835
differential_evolution step 111: f(x)= 368.62914431545835
differential_evolution step 112: f(x)= 368.62914431545835
differential_evolution step 113: f(x)= 368.62914431545835
differential_evolution step 114: f(x)= 368.62914431545835
differential_evolution step 115: f(x)= 368.62914431545835
differential_evolution step 116: f(x)= 368.62914431545835
differential_evolution step 117: f(x)= 368.62914431545835
differential_evolution step 118: f(x)= 368.62914431545835
differential_evolution step 119: f(x)= 368.62914431545835
differential_evolution step 120: f(x)= 368.62914431545835
differential_evolution step 121: f(x)= 368.62914431545835
differential_evolution step 122: f(x)= 368.62914431545835
differential_evolution step 123: f(x)= 368.62914431545835
differential_evolution step 124: f(x)= 233.45650599532715
differential_evolution step 125: f(x)= 233.45650599532715
differential_evolution step 126: f(x)= 233.45650599532715
differential_evolution step 127: f(x)= 233.45650599532715
differential_evolution step 128: f(x)= 233.45650599532715
differential_evolution step 129: f(x)= 233.45650599532715
differential_evolution step 130: f(x)= 233.45650599532715
differential_evolution step 131: f(x)= 233.45650599532715
differential_evolution step 132: f(x)= 233.45650599532715
differential_evolution step 133: f(x)= 233.45650599532715
differential_evolution step 134: f(x)= 233.45650599532715
differential_evolution step 135: f(x)= 233.45650599532715
differential_evolution step 136: f(x)= 233.45650599532715
differential_evolution step 137: f(x)= 233.45650599532715
differential_evolution step 138: f(x)= 233.45650599532715
differential_evolution step 139: f(x)= 233.45650599532715
differential_evolution step 140: f(x)= 233.45650599532715
differential_evolution step 141: f(x)= 233.45650599532715
differential_evolution step 142: f(x)= 233.45650599532715
differential_evolution step 143: f(x)= 233.45650599532715
differential_evolution step 144: f(x)= 233.45650599532715
differential_evolution step 145: f(x)= 233.45650599532715
differential_evolution step 146: f(x)= 233.45650599532715
differential_evolution step 147: f(x)= 233.45650599532715
differential_evolution step 148: f(x)= 233.45650599532715
differential_evolution step 149: f(x)= 233.45650599532715
differential_evolution step 150: f(x)= 233.45650599532715
differential_evolution step 151: f(x)= 233.45650599532715
differential_evolution step 152: f(x)= 233.45650599532715
differential_evolution step 153: f(x)= 233.45650599532715
differential_evolution step 154: f(x)= 233.45650599532715
differential_evolution step 155: f(x)= 233.45650599532715
differential_evolution step 156: f(x)= 233.45650599532715
differential_evolution step 157: f(x)= 233.45650599532715
differential_evolution step 158: f(x)= 233.45650599532715
differential_evolution step 159: f(x)= 233.45650599532715
differential_evolution step 160: f(x)= 233.45650599532715
differential_evolution step 161: f(x)= 233.45650599532715
differential_evolution step 162: f(x)= 233.45650599532715
differential_evolution step 163: f(x)= 233.45650599532715
differential_evolution step 164: f(x)= 233.45650599532715
differential_evolution step 165: f(x)= 233.45650599532715
differential_evolution step 166: f(x)= 233.45650599532715
differential_evolution step 167: f(x)= 233.45650599532715
differential_evolution step 168: f(x)= 233.45650599532715
differential_evolution step 169: f(x)= 233.45650599532715
differential_evolution step 170: f(x)= 233.45650599532715
differential_evolution step 171: f(x)= 233.45650599532715
differential_evolution step 172: f(x)= 233.45650599532715
differential_evolution step 173: f(x)= 233.45650599532715
differential_evolution step 174: f(x)= 233.45650599532715
differential_evolution step 175: f(x)= 233.45650599532715
differential_evolution step 176: f(x)= 233.45650599532715
differential_evolution step 177: f(x)= 233.45650599532715
differential_evolution step 178: f(x)= 233.45650599532715
differential_evolution step 179: f(x)= 233.45650599532715
differential_evolution step 180: f(x)= 233.45650599532715
differential_evolution step 181: f(x)= 233.45650599532715
differential_evolution step 182: f(x)= 233.45650599532715
differential_evolution step 183: f(x)= 233.45650599532715
differential_evolution step 184: f(x)= 233.45650599532715
differential_evolution step 185: f(x)= 233.45650599532715
differential_evolution step 186: f(x)= 233.45650599532715
differential_evolution step 187: f(x)= 233.45650599532715
differential_evolution step 188: f(x)= 233.45650599532715
differential_evolution step 189: f(x)= 233.45650599532715
differential_evolution step 190: f(x)= 233.45650599532715
differential_evolution step 191: f(x)= 233.45650599532715
differential_evolution step 192: f(x)= 233.45650599532715
differential_evolution step 193: f(x)= 233.45650599532715
differential_evolution step 194: f(x)= 233.45650599532715
differential_evolution step 195: f(x)= 233.45650599532715
differential_evolution step 196: f(x)= 233.45650599532715
differential_evolution step 197: f(x)= 233.45650599532715
differential_evolution step 198: f(x)= 233.45650599532715
differential_evolution step 199: f(x)= 233.45650599532715
differential_evolution step 200: f(x)= 233.45650599532715
Cluster 4 DE best chi^2: 233.457 with params {'x_src': np.float64(243.47057832810214), 'y_src': np.float64(238.59556708312917), 'z_s': np.float64(1.2751571872467298)}
--- Running DE for Cluster 5 ---
[DE] Process Pool with 16 procs (init=latinhypercube, popsize=50)
differential_evolution step 1: f(x)= 4242.640687119286
differential_evolution step 2: f(x)= 4242.640687119286
differential_evolution step 3: f(x)= 4242.640687119286
differential_evolution step 4: f(x)= 4242.640687119286
differential_evolution step 5: f(x)= 4242.640687119286
differential_evolution step 6: f(x)= 3000.0
differential_evolution step 7: f(x)= 3000.0
differential_evolution step 8: f(x)= 3000.0
differential_evolution step 9: f(x)= 3000.0
differential_evolution step 10: f(x)= 3000.0
differential_evolution step 11: f(x)= 3000.0
differential_evolution step 12: f(x)= 3000.0
differential_evolution step 13: f(x)= 3000.0
differential_evolution step 14: f(x)= 3000.0
differential_evolution step 15: f(x)= 3000.0
differential_evolution step 16: f(x)= 3000.0
differential_evolution step 17: f(x)= 3000.0
differential_evolution step 18: f(x)= 3000.0
differential_evolution step 19: f(x)= 3000.0
differential_evolution step 20: f(x)= 3000.0
differential_evolution step 21: f(x)= 3000.0
differential_evolution step 22: f(x)= 3000.0
differential_evolution step 23: f(x)= 3000.0
differential_evolution step 24: f(x)= 3000.0
differential_evolution step 25: f(x)= 3000.0
differential_evolution step 26: f(x)= 3000.0
differential_evolution step 27: f(x)= 3000.0
differential_evolution step 28: f(x)= 3000.0
differential_evolution step 29: f(x)= 2211.641198921241
differential_evolution step 30: f(x)= 2211.641198921241
differential_evolution step 31: f(x)= 1848.0849598788232
differential_evolution step 32: f(x)= 1848.0849598788232
differential_evolution step 33: f(x)= 1848.0849598788232
differential_evolution step 34: f(x)= 1848.0849598788232
differential_evolution step 35: f(x)= 1848.0849598788232
differential_evolution step 36: f(x)= 1848.0849598788232
differential_evolution step 37: f(x)= 1848.0849598788232
differential_evolution step 38: f(x)= 1848.0849598788232
differential_evolution step 39: f(x)= 1848.0849598788232
differential_evolution step 40: f(x)= 1848.0849598788232
differential_evolution step 41: f(x)= 229.44759455521773
differential_evolution step 42: f(x)= 229.44759455521773
differential_evolution step 43: f(x)= 229.44759455521773
differential_evolution step 44: f(x)= 229.44759455521773
differential_evolution step 45: f(x)= 229.44759455521773
differential_evolution step 46: f(x)= 229.44759455521773
differential_evolution step 47: f(x)= 229.44759455521773
differential_evolution step 48: f(x)= 229.44759455521773
differential_evolution step 49: f(x)= 229.44759455521773
differential_evolution step 50: f(x)= 229.44759455521773
differential_evolution step 51: f(x)= 229.44759455521773
differential_evolution step 52: f(x)= 229.44759455521773
differential_evolution step 53: f(x)= 229.44759455521773
differential_evolution step 54: f(x)= 229.44759455521773
differential_evolution step 55: f(x)= 229.44759455521773
differential_evolution step 56: f(x)= 229.44759455521773
differential_evolution step 57: f(x)= 229.44759455521773
differential_evolution step 58: f(x)= 223.60886719712644
differential_evolution step 59: f(x)= 223.60886719712644
differential_evolution step 60: f(x)= 223.60886719712644
differential_evolution step 61: f(x)= 223.60886719712644
differential_evolution step 62: f(x)= 223.60886719712644
differential_evolution step 63: f(x)= 223.60886719712644
differential_evolution step 64: f(x)= 223.60886719712644
differential_evolution step 65: f(x)= 223.60886719712644
differential_evolution step 66: f(x)= 223.60886719712644
differential_evolution step 67: f(x)= 223.60886719712644
differential_evolution step 68: f(x)= 223.60886719712644
differential_evolution step 69: f(x)= 223.60886719712644
differential_evolution step 70: f(x)= 223.60886719712644
differential_evolution step 71: f(x)= 223.60886719712644
differential_evolution step 72: f(x)= 223.60886719712644
differential_evolution step 73: f(x)= 223.60886719712644
differential_evolution step 74: f(x)= 223.60886719712644
differential_evolution step 75: f(x)= 223.60886719712644
differential_evolution step 76: f(x)= 223.60886719712644
differential_evolution step 77: f(x)= 223.60886719712644
differential_evolution step 78: f(x)= 223.60886719712644
differential_evolution step 79: f(x)= 223.60886719712644
differential_evolution step 80: f(x)= 223.60886719712644
differential_evolution step 81: f(x)= 223.60886719712644
differential_evolution step 82: f(x)= 223.60886719712644
differential_evolution step 83: f(x)= 223.60886719712644
differential_evolution step 84: f(x)= 223.60886719712644
differential_evolution step 85: f(x)= 223.60886719712644
differential_evolution step 86: f(x)= 223.60886719712644
differential_evolution step 87: f(x)= 223.60886719712644
differential_evolution step 88: f(x)= 223.60886719712644
differential_evolution step 89: f(x)= 223.60886719712644
differential_evolution step 90: f(x)= 223.60886719712644
differential_evolution step 91: f(x)= 223.60886719712644
differential_evolution step 92: f(x)= 223.60886719712644
differential_evolution step 93: f(x)= 223.60886719712644
differential_evolution step 94: f(x)= 223.60886719712644
differential_evolution step 95: f(x)= 223.60886719712644
differential_evolution step 96: f(x)= 223.60886719712644
differential_evolution step 97: f(x)= 223.60886719712644
differential_evolution step 98: f(x)= 223.60886719712644
differential_evolution step 99: f(x)= 223.60886719712644
differential_evolution step 100: f(x)= 223.60886719712644
differential_evolution step 101: f(x)= 223.60886719712644
differential_evolution step 102: f(x)= 223.60886719712644
differential_evolution step 103: f(x)= 223.60886719712644
differential_evolution step 104: f(x)= 223.60886719712644
differential_evolution step 105: f(x)= 223.60886719712644
differential_evolution step 106: f(x)= 223.60886719712644
differential_evolution step 107: f(x)= 223.60886719712644
differential_evolution step 108: f(x)= 223.60886719712644
differential_evolution step 109: f(x)= 223.60886719712644
differential_evolution step 110: f(x)= 223.60886719712644
differential_evolution step 111: f(x)= 223.60886719712644
differential_evolution step 112: f(x)= 223.60886719712644
differential_evolution step 113: f(x)= 223.60886719712644
differential_evolution step 114: f(x)= 223.60886719712644
differential_evolution step 115: f(x)= 223.60886719712644
differential_evolution step 116: f(x)= 196.41978347288313
differential_evolution step 117: f(x)= 196.41978347288313
differential_evolution step 118: f(x)= 196.41978347288313
differential_evolution step 119: f(x)= 193.25964331167015
differential_evolution step 120: f(x)= 193.25964331167015
differential_evolution step 121: f(x)= 193.25964331167015
differential_evolution step 122: f(x)= 193.25964331167015
differential_evolution step 123: f(x)= 193.25964331167015
differential_evolution step 124: f(x)= 110.77453696553108
differential_evolution step 125: f(x)= 110.77453696553108
differential_evolution step 126: f(x)= 110.77453696553108
differential_evolution step 127: f(x)= 110.77453696553108
differential_evolution step 128: f(x)= 110.77453696553108
differential_evolution step 129: f(x)= 110.77453696553108
differential_evolution step 130: f(x)= 110.77453696553108
differential_evolution step 131: f(x)= 110.77453696553108
differential_evolution step 132: f(x)= 110.77453696553108
differential_evolution step 133: f(x)= 110.77453696553108
differential_evolution step 134: f(x)= 110.77453696553108
differential_evolution step 135: f(x)= 110.77453696553108
differential_evolution step 136: f(x)= 110.77453696553108
differential_evolution step 137: f(x)= 110.77453696553108
differential_evolution step 138: f(x)= 110.77453696553108
differential_evolution step 139: f(x)= 110.77453696553108
differential_evolution step 140: f(x)= 110.77453696553108
differential_evolution step 141: f(x)= 110.77453696553108
differential_evolution step 142: f(x)= 110.77453696553108
differential_evolution step 143: f(x)= 110.77453696553108
differential_evolution step 144: f(x)= 110.77453696553108
differential_evolution step 145: f(x)= 110.77453696553108
differential_evolution step 146: f(x)= 110.77453696553108
differential_evolution step 147: f(x)= 110.77453696553108
differential_evolution step 148: f(x)= 110.77453696553108
differential_evolution step 149: f(x)= 110.77453696553108
differential_evolution step 150: f(x)= 110.77453696553108
differential_evolution step 151: f(x)= 110.77453696553108
differential_evolution step 152: f(x)= 110.77453696553108
differential_evolution step 153: f(x)= 110.77453696553108
differential_evolution step 154: f(x)= 110.77453696553108
differential_evolution step 155: f(x)= 110.77453696553108
differential_evolution step 156: f(x)= 101.87926636998588
differential_evolution step 157: f(x)= 83.85556244440502
differential_evolution step 158: f(x)= 83.85556244440502
differential_evolution step 159: f(x)= 83.85556244440502
differential_evolution step 160: f(x)= 83.85556244440502
differential_evolution step 161: f(x)= 83.85556244440502
differential_evolution step 162: f(x)= 83.85556244440502
differential_evolution step 163: f(x)= 83.85556244440502
differential_evolution step 164: f(x)= 83.85556244440502
differential_evolution step 165: f(x)= 81.45330520000215
differential_evolution step 166: f(x)= 81.45330520000215
differential_evolution step 167: f(x)= 81.45330520000215
differential_evolution step 168: f(x)= 81.45330520000215
differential_evolution step 169: f(x)= 81.45330520000215
differential_evolution step 170: f(x)= 81.45330520000215
differential_evolution step 171: f(x)= 81.45330520000215
differential_evolution step 172: f(x)= 81.45330520000215
differential_evolution step 173: f(x)= 80.01327904251846
differential_evolution step 174: f(x)= 80.01327904251846
differential_evolution step 175: f(x)= 80.01327904251846
differential_evolution step 176: f(x)= 77.86243033062856
differential_evolution step 177: f(x)= 77.45968797505832
differential_evolution step 178: f(x)= 76.74977775226648
differential_evolution step 179: f(x)= 76.74977775226648
differential_evolution step 180: f(x)= 76.36249393970294
differential_evolution step 181: f(x)= 76.36249393970294
differential_evolution step 182: f(x)= 76.36249393970294
differential_evolution step 183: f(x)= 76.36249393970294
differential_evolution step 184: f(x)= 76.05576124365116
differential_evolution step 185: f(x)= 76.05576124365116
differential_evolution step 186: f(x)= 76.05576124365116
differential_evolution step 187: f(x)= 76.05576124365116
differential_evolution step 188: f(x)= 76.05576124365116
differential_evolution step 189: f(x)= 76.05576124365116
differential_evolution step 190: f(x)= 75.25819567654459
differential_evolution step 191: f(x)= 75.25819567654459
differential_evolution step 192: f(x)= 75.25819567654459
differential_evolution step 193: f(x)= 75.25819567654459
differential_evolution step 194: f(x)= 75.1383260452987
differential_evolution step 195: f(x)= 75.1383260452987
differential_evolution step 196: f(x)= 75.1383260452987
differential_evolution step 197: f(x)= 75.1383260452987
differential_evolution step 198: f(x)= 75.1383260452987
differential_evolution step 199: f(x)= 75.1383260452987
differential_evolution step 200: f(x)= 75.1383260452987
Cluster 5 DE best chi^2: 75.138 with params {'x_src': np.float64(148.87607119111428), 'y_src': np.float64(145.74306712528795), 'z_s': np.float64(1.582296651172424)}

--- DE Optimization Summary ---
Best fit found for Cluster 5 with chi^2 = 75.138
Best-fit parameters: {'x_src': np.float64(148.87607119111428), 'y_src': np.float64(145.74306712528795), 'z_s': np.float64(1.582296651172424)}

--- Running MCMC for Cluster 5 (chi_sq=75.138) ---
[MCMC] Process Pool with 16 procs
  0%|          | 0/20000 [00:00<?, ?it/s]  1%|          | 190/20000 [01:40<2:54:06,  1.90it/s]  1%|          | 227/20000 [02:00<2:53:46,  1.90it/s]  2%|         | 386/20000 [03:20<2:49:19,  1.93it/s]  2%|         | 422/20000 [03:40<2:49:01,  1.93it/s]  3%|         | 583/20000 [05:00<2:46:10,  1.95it/s]  3%|         | 620/20000 [05:20<2:45:51,  1.95it/s]  4%|         | 777/20000 [06:41<2:45:03,  1.94it/s]  4%|         | 811/20000 [07:00<2:44:46,  1.94it/s]  5%|         | 965/20000 [08:21<2:45:26,  1.92it/s]  5%|         | 1000/20000 [08:40<2:45:08,  1.92it/s]  6%|         | 1161/20000 [10:01<2:42:43,  1.93it/s]  6%|         | 1195/20000 [10:20<2:42:25,  1.93it/s]  7%|         | 1356/20000 [11:42<2:40:43,  1.93it/s]  7%|         | 1392/20000 [12:00<2:40:25,  1.93it/s]  8%|         | 1553/20000 [13:22<2:38:15,  1.94it/s]  8%|         | 1588/20000 [13:40<2:37:57,  1.94it/s]  9%|         | 1750/20000 [15:02<2:35:55,  1.95it/s]  9%|         | 1783/20000 [15:20<2:35:38,  1.95it/s] 10%|         | 1946/20000 [16:42<2:34:10,  1.95it/s] 10%|         | 1977/20000 [17:00<2:33:54,  1.95it/s] 11%|         | 2143/20000 [18:22<2:32:04,  1.96it/s] 11%|         | 2174/20000 [18:40<2:31:48,  1.96it/s] 12%|        | 2335/20000 [20:03<2:31:28,  1.94it/s] 12%|        | 2368/20000 [20:20<2:31:11,  1.94it/s] 13%|        | 2533/20000 [21:43<2:29:08,  1.95it/s] 13%|        | 2564/20000 [22:00<2:28:52,  1.95it/s] 14%|        | 2732/20000 [23:23<2:26:35,  1.96it/s] 14%|        | 2763/20000 [23:40<2:26:19,  1.96it/s] 15%|        | 2928/20000 [25:04<2:25:10,  1.96it/s] 15%|        | 2959/20000 [25:20<2:24:54,  1.96it/s] 16%|        | 3127/20000 [26:44<2:23:00,  1.97it/s] 16%|        | 3156/20000 [27:00<2:22:45,  1.97it/s] 17%|        | 3321/20000 [28:25<2:22:07,  1.96it/s] 17%|        | 3351/20000 [28:40<2:21:52,  1.96it/s] 18%|        | 3516/20000 [30:05<2:20:42,  1.95it/s] 18%|        | 3543/20000 [30:20<2:20:29,  1.95it/s] 19%|        | 3713/20000 [31:45<2:18:49,  1.96it/s] 19%|        | 3740/20000 [32:00<2:18:35,  1.96it/s] 20%|        | 3912/20000 [33:26<2:16:35,  1.96it/s] 20%|        | 3941/20000 [33:40<2:16:21,  1.96it/s] 21%|        | 4116/20000 [35:06<2:13:20,  1.99it/s] 21%|        | 4141/20000 [35:20<2:13:07,  1.99it/s] 22%|       | 4312/20000 [36:46<2:12:21,  1.98it/s] 22%|       | 4337/20000 [37:00<2:12:08,  1.98it/s] 23%|       | 4509/20000 [38:26<2:10:53,  1.97it/s] 23%|       | 4536/20000 [38:40<2:10:39,  1.97it/s] 24%|       | 4712/20000 [40:06<2:08:05,  1.99it/s] 24%|       | 4737/20000 [40:20<2:07:52,  1.99it/s] 25%|       | 4906/20000 [41:47<2:07:29,  1.97it/s] 25%|       | 4930/20000 [42:00<2:07:17,  1.97it/s] 26%|       | 5100/20000 [43:27<2:06:38,  1.96it/s] 26%|       | 5124/20000 [43:40<2:06:26,  1.96it/s] 26%|       | 5300/20000 [45:08<2:04:21,  1.97it/s] 27%|       | 5323/20000 [45:20<2:04:10,  1.97it/s] 28%|       | 5500/20000 [46:48<2:02:10,  1.98it/s] 28%|       | 5524/20000 [47:00<2:01:57,  1.98it/s] 29%|       | 5704/20000 [48:28<1:59:25,  2.00it/s] 29%|       | 5726/20000 [48:40<1:59:14,  2.00it/s] 30%|       | 5901/20000 [50:08<1:58:17,  1.99it/s] 30%|       | 5923/20000 [50:20<1:58:05,  1.99it/s] 30%|       | 6096/20000 [51:48<1:57:24,  1.97it/s] 31%|       | 6116/20000 [52:00<1:57:14,  1.97it/s] 31%|      | 6289/20000 [53:29<1:56:40,  1.96it/s] 32%|      | 6309/20000 [53:40<1:56:30,  1.96it/s] 32%|      | 6487/20000 [55:09<1:54:41,  1.96it/s] 33%|      | 6507/20000 [55:20<1:54:31,  1.96it/s] 33%|      | 6689/20000 [56:49<1:52:09,  1.98it/s] 34%|      | 6708/20000 [57:00<1:52:00,  1.98it/s] 34%|      | 6883/20000 [58:30<1:51:14,  1.97it/s] 35%|      | 6919/20000 [58:50<1:50:56,  1.97it/s] 35%|      | 7075/20000 [1:00:10<1:50:23,  1.95it/s] 36%|      | 7115/20000 [1:00:30<1:50:03,  1.95it/s] 36%|      | 7268/20000 [1:01:50<1:49:11,  1.94it/s] 37%|      | 7305/20000 [1:02:10<1:48:52,  1.94it/s] 37%|      | 7467/20000 [1:03:30<1:46:51,  1.95it/s] 38%|      | 7506/20000 [1:03:50<1:46:31,  1.95it/s] 38%|      | 7667/20000 [1:05:11<1:44:28,  1.97it/s] 39%|      | 7705/20000 [1:05:30<1:44:09,  1.97it/s] 39%|      | 7871/20000 [1:06:51<1:41:46,  1.99it/s] 40%|      | 7908/20000 [1:07:10<1:41:28,  1.99it/s] 40%|      | 8068/20000 [1:08:31<1:40:28,  1.98it/s] 41%|      | 8103/20000 [1:08:50<1:40:10,  1.98it/s] 41%|     | 8262/20000 [1:10:12<1:39:27,  1.97it/s] 41%|     | 8295/20000 [1:10:30<1:39:10,  1.97it/s] 42%|     | 8452/20000 [1:11:52<1:38:56,  1.95it/s] 42%|     | 8487/20000 [1:12:10<1:38:38,  1.95it/s] 43%|     | 8647/20000 [1:13:32<1:37:13,  1.95it/s] 43%|     | 8680/20000 [1:13:50<1:36:57,  1.95it/s] 44%|     | 8841/20000 [1:15:12<1:35:45,  1.94it/s] 44%|     | 8874/20000 [1:15:30<1:35:28,  1.94it/s] 45%|     | 9039/20000 [1:16:52<1:33:32,  1.95it/s] 45%|     | 9072/20000 [1:17:10<1:33:15,  1.95it/s] 46%|     | 9235/20000 [1:18:33<1:31:52,  1.95it/s] 46%|     | 9267/20000 [1:18:50<1:31:36,  1.95it/s] 47%|     | 9429/20000 [1:20:13<1:30:30,  1.95it/s] 47%|     | 9462/20000 [1:20:30<1:30:13,  1.95it/s] 48%|     | 9628/20000 [1:21:53<1:28:14,  1.96it/s] 48%|     | 9661/20000 [1:22:10<1:27:58,  1.96it/s] 49%|     | 9827/20000 [1:23:33<1:26:11,  1.97it/s] 49%|     | 9858/20000 [1:23:50<1:25:55,  1.97it/s] 50%|     | 10023/20000 [1:25:14<1:24:38,  1.96it/s] 50%|     | 10055/20000 [1:25:30<1:24:22,  1.96it/s] 51%|     | 10219/20000 [1:26:54<1:23:07,  1.96it/s] 51%|    | 10250/20000 [1:27:10<1:22:52,  1.96it/s] 52%|    | 10418/20000 [1:28:34<1:21:08,  1.97it/s] 52%|    | 10447/20000 [1:28:50<1:20:53,  1.97it/s] 53%|    | 10614/20000 [1:30:14<1:19:37,  1.96it/s] 53%|    | 10644/20000 [1:30:30<1:19:21,  1.96it/s] 54%|    | 10809/20000 [1:31:54<1:18:09,  1.96it/s] 54%|    | 10837/20000 [1:32:10<1:17:55,  1.96it/s] 55%|    | 11002/20000 [1:33:35<1:16:54,  1.95it/s] 55%|    | 11031/20000 [1:33:50<1:16:39,  1.95it/s] 56%|    | 11197/20000 [1:35:15<1:15:18,  1.95it/s] 56%|    | 11226/20000 [1:35:30<1:15:03,  1.95it/s] 57%|    | 11394/20000 [1:36:55<1:13:27,  1.95it/s] 57%|    | 11421/20000 [1:37:10<1:13:13,  1.95it/s] 58%|    | 11588/20000 [1:38:35<1:11:58,  1.95it/s] 58%|    | 11615/20000 [1:38:50<1:11:44,  1.95it/s] 59%|    | 11779/20000 [1:40:15<1:10:46,  1.94it/s] 59%|    | 11805/20000 [1:40:30<1:10:32,  1.94it/s] 60%|    | 11969/20000 [1:41:56<1:09:31,  1.93it/s] 60%|    | 11996/20000 [1:42:10<1:09:17,  1.93it/s] 61%|    | 12170/20000 [1:43:36<1:06:59,  1.95it/s] 61%|    | 12196/20000 [1:43:50<1:06:46,  1.95it/s] 62%|   | 12368/20000 [1:45:16<1:05:02,  1.96it/s] 62%|   | 12394/20000 [1:45:30<1:04:49,  1.96it/s] 63%|   | 12566/20000 [1:46:57<1:03:11,  1.96it/s] 63%|   | 12591/20000 [1:47:10<1:02:58,  1.96it/s] 64%|   | 12761/20000 [1:48:37<1:01:39,  1.96it/s] 64%|   | 12786/20000 [1:48:50<1:01:26,  1.96it/s] 65%|   | 12955/20000 [1:50:17<1:00:10,  1.95it/s] 65%|   | 12979/20000 [1:50:30<59:57,  1.95it/s]   66%|   | 13153/20000 [1:51:57<58:17,  1.96it/s] 66%|   | 13176/20000 [1:52:10<58:05,  1.96it/s] 67%|   | 13352/20000 [1:53:38<56:22,  1.97it/s] 67%|   | 13377/20000 [1:53:50<56:09,  1.97it/s] 68%|   | 13550/20000 [1:55:18<54:38,  1.97it/s] 68%|   | 13573/20000 [1:55:30<54:27,  1.97it/s] 69%|   | 13747/20000 [1:56:58<53:01,  1.97it/s] 69%|   | 13768/20000 [1:57:10<52:50,  1.97it/s] 70%|   | 13951/20000 [1:58:38<50:43,  1.99it/s] 70%|   | 13971/20000 [1:58:50<50:33,  1.99it/s] 71%|   | 14144/20000 [2:00:19<49:35,  1.97it/s] 71%|   | 14164/20000 [2:00:30<49:25,  1.97it/s] 72%|  | 14335/20000 [2:01:59<48:24,  1.95it/s] 72%|  | 14356/20000 [2:02:10<48:14,  1.95it/s] 73%|  | 14532/20000 [2:03:39<46:39,  1.95it/s] 73%|  | 14552/20000 [2:03:50<46:29,  1.95it/s] 74%|  | 14735/20000 [2:05:20<44:27,  1.97it/s] 74%|  | 14776/20000 [2:05:40<44:06,  1.97it/s] 75%|  | 14933/20000 [2:07:00<42:46,  1.97it/s] 75%|  | 14972/20000 [2:07:20<42:26,  1.97it/s] 76%|  | 15126/20000 [2:08:40<41:27,  1.96it/s] 76%|  | 15164/20000 [2:09:00<41:08,  1.96it/s] 77%|  | 15333/20000 [2:10:21<39:04,  1.99it/s] 77%|  | 15374/20000 [2:10:40<38:44,  1.99it/s] 78%|  | 15561/20000 [2:12:01<35:38,  2.08it/s] 78%|  | 15607/20000 [2:12:20<35:16,  2.08it/s] 79%|  | 15791/20000 [2:13:41<32:46,  2.14it/s] 79%|  | 15828/20000 [2:14:00<32:28,  2.14it/s] 80%|  | 15989/20000 [2:15:21<31:58,  2.09it/s] 80%|  | 16024/20000 [2:15:40<31:41,  2.09it/s] 81%|  | 16179/20000 [2:17:02<31:20,  2.03it/s] 81%|  | 16212/20000 [2:17:20<31:03,  2.03it/s] 82%| | 16372/20000 [2:18:42<30:14,  2.00it/s] 82%| | 16405/20000 [2:19:00<29:57,  2.00it/s] 83%| | 16564/20000 [2:20:22<28:59,  1.97it/s] 83%| | 16599/20000 [2:20:40<28:42,  1.97it/s] 84%| | 16775/20000 [2:22:02<26:41,  2.01it/s] 84%| | 16815/20000 [2:22:20<26:21,  2.01it/s] 85%| | 16988/20000 [2:23:43<24:31,  2.05it/s] 85%| | 17020/20000 [2:24:00<24:16,  2.05it/s] 86%| | 17189/20000 [2:25:23<23:01,  2.03it/s] 86%| | 17220/20000 [2:25:40<22:46,  2.03it/s] 87%| | 17399/20000 [2:27:03<21:06,  2.05it/s] 87%| | 17440/20000 [2:27:20<20:46,  2.05it/s] 88%| | 17629/20000 [2:28:43<18:35,  2.13it/s] 88%| | 17659/20000 [2:29:00<18:21,  2.13it/s] 89%| | 17822/20000 [2:30:23<17:34,  2.07it/s] 89%| | 17853/20000 [2:30:40<17:19,  2.07it/s] 90%| | 18031/20000 [2:32:04<15:50,  2.07it/s] 90%| | 18064/20000 [2:32:20<15:34,  2.07it/s] 91%|| 18252/20000 [2:33:44<13:48,  2.11it/s] 91%|| 18282/20000 [2:34:00<13:33,  2.11it/s] 92%|| 18451/20000 [2:35:25<12:27,  2.07it/s] 92%|| 18485/20000 [2:35:40<12:11,  2.07it/s] 93%|| 18655/20000 [2:37:05<10:52,  2.06it/s] 93%|| 18684/20000 [2:37:20<10:38,  2.06it/s] 94%|| 18851/20000 [2:38:45<09:26,  2.03it/s] 94%|| 18880/20000 [2:39:00<09:12,  2.03it/s] 95%|| 19066/20000 [2:40:26<07:33,  2.06it/s] 95%|| 19093/20000 [2:40:40<07:19,  2.06it/s] 96%|| 19257/20000 [2:42:06<06:08,  2.02it/s] 96%|| 19283/20000 [2:42:20<05:55,  2.02it/s] 97%|| 19451/20000 [2:43:46<04:35,  1.99it/s] 97%|| 19478/20000 [2:44:00<04:22,  1.99it/s] 98%|| 19667/20000 [2:45:26<02:43,  2.04it/s] 98%|| 19692/20000 [2:45:40<02:30,  2.04it/s] 99%|| 19861/20000 [2:47:06<01:09,  2.01it/s] 99%|| 19891/20000 [2:47:20<00:54,  2.01it/s]100%|| 20000/20000 [2:48:03<00:00,  1.98it/s]

Analysis complete. Found 1 cluster(s) meeting the MCMC criterion.
Accepted cluster indices: [5]

--- Processing Final Results for Cluster 5 ---
--- MCMC Parameter Constraints for Cluster 5 ---
  x_src = 148.866 +0.040 / -0.045
  y_src = 145.737 +0.030 / -0.030
    z_s = 1.574 +0.018 / -0.021
Saving localization results for Cluster 5...
Processing results for Cluster 5...
-> Saved 340000 samples to /users/hiu-yeung.cheng/clusterlensing/out/row38/test_tidy_row38/cluster_5_posterior.npz
Updated CSV row 38 with result for cluster 5.
Plotting skipped: require len(mcmc_results)==1 and accepted_cluster_indices==real_cluster.
