Row=33 OUT_DIR=/users/hiu-yeung.cheng/clusterlensing/out/row33 DE_PROCS=16 MCMC_PROCS=16
Setup complete. Lensing system initialized.
True time delays: [   0.         1295.4460249  5789.03244021 5880.86784764 5985.16922684]
True luminosity distances: 25642.441490984285
Lensed luminosity distances: [  10031.52058599    6575.15196602   24039.3517706    25786.67829781
 1209093.43720197]

Running the full analysis pipeline...
--- Running DE for Cluster 0 ---
[DE] Process Pool with 16 procs (init=latinhypercube, popsize=50)
differential_evolution step 1: f(x)= 3000.0
differential_evolution step 2: f(x)= 3000.0
differential_evolution step 3: f(x)= 3000.0
differential_evolution step 4: f(x)= 3000.0
differential_evolution step 5: f(x)= 3000.0
differential_evolution step 6: f(x)= 3000.0
differential_evolution step 7: f(x)= 3000.0
differential_evolution step 8: f(x)= 3000.0
differential_evolution step 9: f(x)= 3000.0
differential_evolution step 10: f(x)= 3000.0
differential_evolution step 11: f(x)= 3000.0
differential_evolution step 12: f(x)= 3000.0
differential_evolution step 13: f(x)= 3000.0
differential_evolution step 14: f(x)= 3000.0
differential_evolution step 15: f(x)= 3000.0
differential_evolution step 16: f(x)= 3000.0
differential_evolution step 17: f(x)= 3000.0
differential_evolution step 18: f(x)= 2103.0065070058386
differential_evolution step 19: f(x)= 2103.0065070058386
differential_evolution step 20: f(x)= 2103.0065070058386
differential_evolution step 21: f(x)= 2103.0065070058386
differential_evolution step 22: f(x)= 2103.0065070058386
differential_evolution step 23: f(x)= 2103.0065070058386
differential_evolution step 24: f(x)= 2103.0065070058386
differential_evolution step 25: f(x)= 2103.0065070058386
differential_evolution step 26: f(x)= 2103.0065070058386
differential_evolution step 27: f(x)= 1137.075013052369
differential_evolution step 28: f(x)= 1137.075013052369
differential_evolution step 29: f(x)= 917.0372750531228
differential_evolution step 30: f(x)= 917.0372750531228
differential_evolution step 31: f(x)= 917.0372750531228
differential_evolution step 32: f(x)= 917.0372750531228
differential_evolution step 33: f(x)= 170.64592792062632
differential_evolution step 34: f(x)= 170.64592792062632
differential_evolution step 35: f(x)= 170.64592792062632
differential_evolution step 36: f(x)= 170.64592792062632
differential_evolution step 37: f(x)= 170.64592792062632
differential_evolution step 38: f(x)= 170.64592792062632
differential_evolution step 39: f(x)= 170.64592792062632
differential_evolution step 40: f(x)= 170.64592792062632
differential_evolution step 41: f(x)= 170.64592792062632
differential_evolution step 42: f(x)= 170.64592792062632
differential_evolution step 43: f(x)= 170.64592792062632
differential_evolution step 44: f(x)= 170.64592792062632
differential_evolution step 45: f(x)= 170.64592792062632
differential_evolution step 46: f(x)= 170.64592792062632
differential_evolution step 47: f(x)= 170.64592792062632
differential_evolution step 48: f(x)= 170.64592792062632
differential_evolution step 49: f(x)= 170.64592792062632
differential_evolution step 50: f(x)= 170.64592792062632
differential_evolution step 51: f(x)= 170.64592792062632
differential_evolution step 52: f(x)= 170.64592792062632
differential_evolution step 53: f(x)= 170.64592792062632
differential_evolution step 54: f(x)= 170.64592792062632
differential_evolution step 55: f(x)= 170.64592792062632
differential_evolution step 56: f(x)= 170.64592792062632
differential_evolution step 57: f(x)= 170.64592792062632
differential_evolution step 58: f(x)= 170.64592792062632
differential_evolution step 59: f(x)= 170.64592792062632
differential_evolution step 60: f(x)= 170.64592792062632
differential_evolution step 61: f(x)= 170.64592792062632
differential_evolution step 62: f(x)= 170.64592792062632
differential_evolution step 63: f(x)= 170.64592792062632
differential_evolution step 64: f(x)= 170.64592792062632
differential_evolution step 65: f(x)= 170.64592792062632
differential_evolution step 66: f(x)= 170.64592792062632
differential_evolution step 67: f(x)= 170.64592792062632
differential_evolution step 68: f(x)= 170.64592792062632
differential_evolution step 69: f(x)= 170.64592792062632
differential_evolution step 70: f(x)= 170.64592792062632
differential_evolution step 71: f(x)= 170.64592792062632
differential_evolution step 72: f(x)= 170.64592792062632
differential_evolution step 73: f(x)= 170.64592792062632
differential_evolution step 74: f(x)= 170.64592792062632
differential_evolution step 75: f(x)= 170.64592792062632
differential_evolution step 76: f(x)= 170.64592792062632
differential_evolution step 77: f(x)= 170.64592792062632
differential_evolution step 78: f(x)= 170.64592792062632
differential_evolution step 79: f(x)= 170.64592792062632
differential_evolution step 80: f(x)= 170.64592792062632
differential_evolution step 81: f(x)= 170.64592792062632
differential_evolution step 82: f(x)= 170.64592792062632
differential_evolution step 83: f(x)= 170.64592792062632
differential_evolution step 84: f(x)= 170.64592792062632
differential_evolution step 85: f(x)= 170.64592792062632
differential_evolution step 86: f(x)= 170.64592792062632
differential_evolution step 87: f(x)= 170.64592792062632
differential_evolution step 88: f(x)= 170.64592792062632
differential_evolution step 89: f(x)= 170.64592792062632
differential_evolution step 90: f(x)= 114.2636540485141
differential_evolution step 91: f(x)= 114.2636540485141
differential_evolution step 92: f(x)= 114.2636540485141
differential_evolution step 93: f(x)= 114.2636540485141
differential_evolution step 94: f(x)= 114.2636540485141
differential_evolution step 95: f(x)= 114.2636540485141
differential_evolution step 96: f(x)= 114.2636540485141
differential_evolution step 97: f(x)= 114.2636540485141
differential_evolution step 98: f(x)= 114.2636540485141
differential_evolution step 99: f(x)= 96.96145103312698
differential_evolution step 100: f(x)= 96.96145103312698
differential_evolution step 101: f(x)= 96.96145103312698
differential_evolution step 102: f(x)= 96.96145103312698
differential_evolution step 103: f(x)= 96.96145103312698
differential_evolution step 104: f(x)= 92.52571568370752
differential_evolution step 105: f(x)= 92.52571568370752
differential_evolution step 106: f(x)= 92.52571568370752
differential_evolution step 107: f(x)= 92.52571568370752
differential_evolution step 108: f(x)= 92.52571568370752
differential_evolution step 109: f(x)= 92.52571568370752
differential_evolution step 110: f(x)= 65.55034098450042
differential_evolution step 111: f(x)= 65.55034098450042
differential_evolution step 112: f(x)= 65.55034098450042
differential_evolution step 113: f(x)= 65.55034098450042
differential_evolution step 114: f(x)= 65.55034098450042
differential_evolution step 115: f(x)= 65.55034098450042
differential_evolution step 116: f(x)= 65.55034098450042
differential_evolution step 117: f(x)= 65.55034098450042
differential_evolution step 118: f(x)= 65.5495939263906
differential_evolution step 119: f(x)= 65.5495939263906
differential_evolution step 120: f(x)= 65.5495939263906
differential_evolution step 121: f(x)= 65.5495939263906
differential_evolution step 122: f(x)= 65.5495939263906
differential_evolution step 123: f(x)= 65.5495939263906
differential_evolution step 124: f(x)= 65.5495939263906
differential_evolution step 125: f(x)= 65.5495939263906
differential_evolution step 126: f(x)= 65.5495939263906
differential_evolution step 127: f(x)= 65.5495939263906
differential_evolution step 128: f(x)= 65.5495939263906
differential_evolution step 129: f(x)= 57.72318940072884
differential_evolution step 130: f(x)= 57.72318940072884
differential_evolution step 131: f(x)= 57.72318940072884
differential_evolution step 132: f(x)= 57.72318940072884
differential_evolution step 133: f(x)= 57.72318940072884
differential_evolution step 134: f(x)= 57.72318940072884
differential_evolution step 135: f(x)= 57.72318940072884
differential_evolution step 136: f(x)= 57.72318940072884
differential_evolution step 137: f(x)= 55.03150262394203
differential_evolution step 138: f(x)= 55.03150262394203
differential_evolution step 139: f(x)= 55.03150262394203
differential_evolution step 140: f(x)= 55.03150262394203
differential_evolution step 141: f(x)= 55.03150262394203
differential_evolution step 142: f(x)= 55.03150262394203
differential_evolution step 143: f(x)= 55.03150262394203
differential_evolution step 144: f(x)= 55.03150262394203
differential_evolution step 145: f(x)= 55.03150262394203
differential_evolution step 146: f(x)= 55.03150262394203
differential_evolution step 147: f(x)= 55.03150262394203
differential_evolution step 148: f(x)= 54.477441971023026
differential_evolution step 149: f(x)= 54.477441971023026
differential_evolution step 150: f(x)= 54.477441971023026
differential_evolution step 151: f(x)= 54.477441971023026
differential_evolution step 152: f(x)= 54.477441971023026
differential_evolution step 153: f(x)= 54.477441971023026
differential_evolution step 154: f(x)= 54.477441971023026
differential_evolution step 155: f(x)= 54.477441971023026
differential_evolution step 156: f(x)= 54.477441971023026
differential_evolution step 157: f(x)= 54.477441971023026
differential_evolution step 158: f(x)= 54.477441971023026
differential_evolution step 159: f(x)= 54.477441971023026
differential_evolution step 160: f(x)= 54.477441971023026
differential_evolution step 161: f(x)= 54.477441971023026
differential_evolution step 162: f(x)= 54.477441971023026
differential_evolution step 163: f(x)= 54.29818538064091
differential_evolution step 164: f(x)= 54.29818538064091
differential_evolution step 165: f(x)= 54.29818538064091
differential_evolution step 166: f(x)= 54.29818538064091
differential_evolution step 167: f(x)= 54.29818538064091
differential_evolution step 168: f(x)= 54.29818538064091
differential_evolution step 169: f(x)= 54.29818538064091
differential_evolution step 170: f(x)= 54.29818538064091
differential_evolution step 171: f(x)= 54.29818538064091
differential_evolution step 172: f(x)= 54.29818538064091
differential_evolution step 173: f(x)= 54.29818538064091
differential_evolution step 174: f(x)= 54.29818538064091
differential_evolution step 175: f(x)= 54.29818538064091
differential_evolution step 176: f(x)= 54.29818538064091
differential_evolution step 177: f(x)= 54.29818538064091
differential_evolution step 178: f(x)= 54.29818538064091
differential_evolution step 179: f(x)= 54.29818538064091
differential_evolution step 180: f(x)= 54.29818538064091
differential_evolution step 181: f(x)= 54.29818538064091
differential_evolution step 182: f(x)= 54.29818538064091
differential_evolution step 183: f(x)= 54.29818538064091
differential_evolution step 184: f(x)= 54.29818538064091
differential_evolution step 185: f(x)= 54.29818538064091
differential_evolution step 186: f(x)= 54.2900893309035
differential_evolution step 187: f(x)= 54.2900893309035
differential_evolution step 188: f(x)= 54.2900893309035
differential_evolution step 189: f(x)= 54.2900893309035
differential_evolution step 190: f(x)= 54.2900893309035
differential_evolution step 191: f(x)= 54.2900893309035
differential_evolution step 192: f(x)= 54.2900893309035
differential_evolution step 193: f(x)= 54.251371767403256
differential_evolution step 194: f(x)= 54.251371767403256
differential_evolution step 195: f(x)= 54.251371767403256
differential_evolution step 196: f(x)= 54.251371767403256
differential_evolution step 197: f(x)= 54.251371767403256
differential_evolution step 198: f(x)= 54.247349241069394
differential_evolution step 199: f(x)= 54.247349241069394
differential_evolution step 200: f(x)= 54.247349241069394
Cluster 0 DE best chi^2: 54.247 with params {'x_src': np.float64(76.27003630000165), 'y_src': np.float64(73.18488775726915), 'z_s': np.float64(3.7022611619606844)}
--- Running DE for Cluster 1 ---
[DE] Process Pool with 16 procs (init=latinhypercube, popsize=50)
differential_evolution step 1: f(x)= 3000.0
differential_evolution step 2: f(x)= 3000.0
differential_evolution step 3: f(x)= 3000.0
differential_evolution step 4: f(x)= 3000.0
differential_evolution step 5: f(x)= 3000.0
differential_evolution step 6: f(x)= 3000.0
differential_evolution step 7: f(x)= 3000.0
differential_evolution step 8: f(x)= 3000.0
differential_evolution step 9: f(x)= 3000.0
differential_evolution step 10: f(x)= 3000.0
differential_evolution step 11: f(x)= 3000.0
differential_evolution step 12: f(x)= 3000.0
differential_evolution step 13: f(x)= 3000.0
differential_evolution step 14: f(x)= 3000.0
differential_evolution step 15: f(x)= 3000.0
differential_evolution step 16: f(x)= 3000.0
differential_evolution step 17: f(x)= 3000.0
differential_evolution step 18: f(x)= 3000.0
differential_evolution step 19: f(x)= 3000.0
differential_evolution step 20: f(x)= 3000.0
differential_evolution step 21: f(x)= 3000.0
differential_evolution step 22: f(x)= 3000.0
differential_evolution step 23: f(x)= 1584.0783195947588
differential_evolution step 24: f(x)= 1584.0783195947588
differential_evolution step 25: f(x)= 1584.0783195947588
differential_evolution step 26: f(x)= 1584.0783195947588
differential_evolution step 27: f(x)= 1584.0783195947588
differential_evolution step 28: f(x)= 1584.0783195947588
differential_evolution step 29: f(x)= 1584.0783195947588
differential_evolution step 30: f(x)= 1584.0783195947588
differential_evolution step 31: f(x)= 1584.0783195947588
differential_evolution step 32: f(x)= 1094.7974538805622
differential_evolution step 33: f(x)= 1094.7974538805622
differential_evolution step 34: f(x)= 1094.7974538805622
differential_evolution step 35: f(x)= 1094.7974538805622
differential_evolution step 36: f(x)= 1094.7974538805622
differential_evolution step 37: f(x)= 995.6469074628026
differential_evolution step 38: f(x)= 995.6469074628026
differential_evolution step 39: f(x)= 995.6469074628026
differential_evolution step 40: f(x)= 995.6469074628026
differential_evolution step 41: f(x)= 995.6469074628026
differential_evolution step 42: f(x)= 995.6469074628026
differential_evolution step 43: f(x)= 995.6469074628026
differential_evolution step 44: f(x)= 995.6469074628026
differential_evolution step 45: f(x)= 995.6469074628026
differential_evolution step 46: f(x)= 995.6469074628026
differential_evolution step 47: f(x)= 995.6469074628026
differential_evolution step 48: f(x)= 995.6469074628026
differential_evolution step 49: f(x)= 995.6469074628026
differential_evolution step 50: f(x)= 995.6469074628026
differential_evolution step 51: f(x)= 995.6469074628026
differential_evolution step 52: f(x)= 995.6469074628026
differential_evolution step 53: f(x)= 995.6469074628026
differential_evolution step 54: f(x)= 995.6469074628026
differential_evolution step 55: f(x)= 995.6469074628026
differential_evolution step 56: f(x)= 995.6469074628026
differential_evolution step 57: f(x)= 995.6469074628026
differential_evolution step 58: f(x)= 995.6469074628026
differential_evolution step 59: f(x)= 995.6469074628026
differential_evolution step 60: f(x)= 995.6469074628026
differential_evolution step 61: f(x)= 995.6469074628026
differential_evolution step 62: f(x)= 995.6469074628026
differential_evolution step 63: f(x)= 995.6469074628026
differential_evolution step 64: f(x)= 995.6469074628026
differential_evolution step 65: f(x)= 995.6469074628026
differential_evolution step 66: f(x)= 995.6469074628026
differential_evolution step 67: f(x)= 995.6469074628026
differential_evolution step 68: f(x)= 995.6469074628026
differential_evolution step 69: f(x)= 995.6469074628026
differential_evolution step 70: f(x)= 995.6469074628026
differential_evolution step 71: f(x)= 995.6469074628026
differential_evolution step 72: f(x)= 995.6469074628026
differential_evolution step 73: f(x)= 995.6469074628026
differential_evolution step 74: f(x)= 995.6469074628026
differential_evolution step 75: f(x)= 995.6469074628026
differential_evolution step 76: f(x)= 995.6469074628026
differential_evolution step 77: f(x)= 995.6469074628026
differential_evolution step 78: f(x)= 995.6469074628026
differential_evolution step 79: f(x)= 995.6469074628026
differential_evolution step 80: f(x)= 995.6469074628026
differential_evolution step 81: f(x)= 995.6469074628026
differential_evolution step 82: f(x)= 995.6469074628026
differential_evolution step 83: f(x)= 995.6469074628026
differential_evolution step 84: f(x)= 995.6469074628026
differential_evolution step 85: f(x)= 995.6469074628026
differential_evolution step 86: f(x)= 995.6469074628026
differential_evolution step 87: f(x)= 995.6469074628026
differential_evolution step 88: f(x)= 995.6469074628026
differential_evolution step 89: f(x)= 993.8726159060087
differential_evolution step 90: f(x)= 993.8726159060087
differential_evolution step 91: f(x)= 993.8726159060087
differential_evolution step 92: f(x)= 993.8726159060087
differential_evolution step 93: f(x)= 993.8726159060087
differential_evolution step 94: f(x)= 993.8726159060087
differential_evolution step 95: f(x)= 993.8726159060087
differential_evolution step 96: f(x)= 993.8726159060087
differential_evolution step 97: f(x)= 993.8726159060087
differential_evolution step 98: f(x)= 993.8726159060087
differential_evolution step 99: f(x)= 993.8726159060087
differential_evolution step 100: f(x)= 993.8726159060087
differential_evolution step 101: f(x)= 898.5331888285025
differential_evolution step 102: f(x)= 898.5331888285025
differential_evolution step 103: f(x)= 898.5331888285025
differential_evolution step 104: f(x)= 898.5331888285025
differential_evolution step 105: f(x)= 898.5331888285025
differential_evolution step 106: f(x)= 898.5331888285025
differential_evolution step 107: f(x)= 898.5331888285025
differential_evolution step 108: f(x)= 898.5331888285025
differential_evolution step 109: f(x)= 898.5331888285025
differential_evolution step 110: f(x)= 898.5331888285025
differential_evolution step 111: f(x)= 898.5331888285025
differential_evolution step 112: f(x)= 752.9760176197574
differential_evolution step 113: f(x)= 752.9760176197574
differential_evolution step 114: f(x)= 752.9760176197574
differential_evolution step 115: f(x)= 752.9760176197574
differential_evolution step 116: f(x)= 752.9760176197574
differential_evolution step 117: f(x)= 752.9760176197574
differential_evolution step 118: f(x)= 752.9760176197574
differential_evolution step 119: f(x)= 752.9760176197574
differential_evolution step 120: f(x)= 752.9760176197574
differential_evolution step 121: f(x)= 752.9760176197574
differential_evolution step 122: f(x)= 752.9760176197574
differential_evolution step 123: f(x)= 752.9760176197574
differential_evolution step 124: f(x)= 752.9760176197574
differential_evolution step 125: f(x)= 752.9760176197574
differential_evolution step 126: f(x)= 752.9760176197574
differential_evolution step 127: f(x)= 752.9760176197574
differential_evolution step 128: f(x)= 752.9760176197574
differential_evolution step 129: f(x)= 739.7399491562817
differential_evolution step 130: f(x)= 739.7399491562817
differential_evolution step 131: f(x)= 739.7399491562817
differential_evolution step 132: f(x)= 739.7399491562817
differential_evolution step 133: f(x)= 739.7399491562817
differential_evolution step 134: f(x)= 739.7399491562817
differential_evolution step 135: f(x)= 739.7399491562817
differential_evolution step 136: f(x)= 739.7399491562817
differential_evolution step 137: f(x)= 739.7399491562817
differential_evolution step 138: f(x)= 739.7399491562817
differential_evolution step 139: f(x)= 739.7399491562817
differential_evolution step 140: f(x)= 739.7399491562817
differential_evolution step 141: f(x)= 739.7399491562817
differential_evolution step 142: f(x)= 733.5782558946103
differential_evolution step 143: f(x)= 733.5782558946103
differential_evolution step 144: f(x)= 733.5782558946103
differential_evolution step 145: f(x)= 733.5782558946103
differential_evolution step 146: f(x)= 733.5782558946103
differential_evolution step 147: f(x)= 733.5782558946103
differential_evolution step 148: f(x)= 733.5782558946103
differential_evolution step 149: f(x)= 733.5782558946103
differential_evolution step 150: f(x)= 733.5782558946103
differential_evolution step 151: f(x)= 733.5782558946103
differential_evolution step 152: f(x)= 733.5782558946103
differential_evolution step 153: f(x)= 731.3431996441147
differential_evolution step 154: f(x)= 731.3431996441147
differential_evolution step 155: f(x)= 731.3431996441147
differential_evolution step 156: f(x)= 731.3431996441147
differential_evolution step 157: f(x)= 731.3431996441147
differential_evolution step 158: f(x)= 731.3431996441147
differential_evolution step 159: f(x)= 731.3431996441147
differential_evolution step 160: f(x)= 731.3431996441147
differential_evolution step 161: f(x)= 731.3431996441147
differential_evolution step 162: f(x)= 730.0204050505607
differential_evolution step 163: f(x)= 730.0204050505607
differential_evolution step 164: f(x)= 728.9155406384771
differential_evolution step 165: f(x)= 728.9155406384771
differential_evolution step 166: f(x)= 728.9155406384771
differential_evolution step 167: f(x)= 728.9155406384771
differential_evolution step 168: f(x)= 728.9155406384771
differential_evolution step 169: f(x)= 728.9155406384771
differential_evolution step 170: f(x)= 728.8892004564675
differential_evolution step 171: f(x)= 728.2948141763823
differential_evolution step 172: f(x)= 728.2948141763823
differential_evolution step 173: f(x)= 728.2948141763823
differential_evolution step 174: f(x)= 728.2948141763823
differential_evolution step 175: f(x)= 728.2948141763823
differential_evolution step 176: f(x)= 727.178736458311
differential_evolution step 177: f(x)= 727.178736458311
differential_evolution step 178: f(x)= 727.178736458311
differential_evolution step 179: f(x)= 727.178736458311
differential_evolution step 180: f(x)= 727.178736458311
differential_evolution step 181: f(x)= 727.178736458311
differential_evolution step 182: f(x)= 727.178736458311
differential_evolution step 183: f(x)= 727.178736458311
differential_evolution step 184: f(x)= 727.1562691185179
differential_evolution step 185: f(x)= 727.1562691185179
differential_evolution step 186: f(x)= 727.1562691185179
differential_evolution step 187: f(x)= 727.1562691185179
differential_evolution step 188: f(x)= 727.1562691185179
differential_evolution step 189: f(x)= 727.1562691185179
differential_evolution step 190: f(x)= 727.1562691185179
differential_evolution step 191: f(x)= 727.1319871895487
differential_evolution step 192: f(x)= 727.1319871895487
differential_evolution step 193: f(x)= 727.1319871895487
differential_evolution step 194: f(x)= 727.1319871895487
differential_evolution step 195: f(x)= 727.1319871895487
differential_evolution step 196: f(x)= 727.1319871895487
differential_evolution step 197: f(x)= 727.013113730894
differential_evolution step 198: f(x)= 727.013113730894
differential_evolution step 199: f(x)= 727.013113730894
differential_evolution step 200: f(x)= 727.013113730894
Cluster 1 DE best chi^2: 727.013 with params {'x_src': np.float64(208.9807995264925), 'y_src': np.float64(192.51305753545566), 'z_s': np.float64(1.0001262024914945)}
--- Running DE for Cluster 2 ---
[DE] Process Pool with 16 procs (init=latinhypercube, popsize=50)
differential_evolution step 1: f(x)= 4242.640687119286
differential_evolution step 2: f(x)= 4242.640687119286
differential_evolution step 3: f(x)= 4242.640687119286
differential_evolution step 4: f(x)= 4242.640687119286
differential_evolution step 5: f(x)= 4242.640687119286
differential_evolution step 6: f(x)= 4242.640687119286
differential_evolution step 7: f(x)= 4242.640687119286
differential_evolution step 8: f(x)= 4242.640687119286
differential_evolution step 9: f(x)= 4242.640687119286
differential_evolution step 10: f(x)= 4242.640687119286
differential_evolution step 11: f(x)= 2379.1432427343793
differential_evolution step 12: f(x)= 2379.1432427343793
differential_evolution step 13: f(x)= 2379.1432427343793
differential_evolution step 14: f(x)= 2142.6570809268997
differential_evolution step 15: f(x)= 547.5826099073761
differential_evolution step 16: f(x)= 547.5826099073761
differential_evolution step 17: f(x)= 547.5826099073761
differential_evolution step 18: f(x)= 547.5826099073761
differential_evolution step 19: f(x)= 547.5826099073761
differential_evolution step 20: f(x)= 547.5826099073761
differential_evolution step 21: f(x)= 547.5826099073761
differential_evolution step 22: f(x)= 547.5826099073761
differential_evolution step 23: f(x)= 547.5826099073761
differential_evolution step 24: f(x)= 547.5826099073761
differential_evolution step 25: f(x)= 547.5826099073761
differential_evolution step 26: f(x)= 547.5826099073761
differential_evolution step 27: f(x)= 547.5826099073761
differential_evolution step 28: f(x)= 547.5826099073761
differential_evolution step 29: f(x)= 547.5826099073761
differential_evolution step 30: f(x)= 547.5826099073761
differential_evolution step 31: f(x)= 547.5826099073761
differential_evolution step 32: f(x)= 514.2756315894778
differential_evolution step 33: f(x)= 514.2756315894778
differential_evolution step 34: f(x)= 514.2756315894778
differential_evolution step 35: f(x)= 514.2756315894778
differential_evolution step 36: f(x)= 514.2756315894778
differential_evolution step 37: f(x)= 514.2756315894778
differential_evolution step 38: f(x)= 514.2756315894778
differential_evolution step 39: f(x)= 514.2756315894778
differential_evolution step 40: f(x)= 514.2756315894778
differential_evolution step 41: f(x)= 514.2756315894778
differential_evolution step 42: f(x)= 514.2756315894778
differential_evolution step 43: f(x)= 514.2756315894778
differential_evolution step 44: f(x)= 514.2756315894778
differential_evolution step 45: f(x)= 514.2756315894778
differential_evolution step 46: f(x)= 514.2756315894778
differential_evolution step 47: f(x)= 514.2756315894778
differential_evolution step 48: f(x)= 514.2756315894778
differential_evolution step 49: f(x)= 514.2756315894778
differential_evolution step 50: f(x)= 514.2756315894778
differential_evolution step 51: f(x)= 514.2756315894778
differential_evolution step 52: f(x)= 514.2756315894778
differential_evolution step 53: f(x)= 514.2756315894778
differential_evolution step 54: f(x)= 514.2756315894778
differential_evolution step 55: f(x)= 514.2756315894778
differential_evolution step 56: f(x)= 318.79932353671836
differential_evolution step 57: f(x)= 318.79932353671836
differential_evolution step 58: f(x)= 318.79932353671836
differential_evolution step 59: f(x)= 318.79932353671836
differential_evolution step 60: f(x)= 318.79932353671836
differential_evolution step 61: f(x)= 318.79932353671836
differential_evolution step 62: f(x)= 318.79932353671836
differential_evolution step 63: f(x)= 318.79932353671836
differential_evolution step 64: f(x)= 318.79932353671836
differential_evolution step 65: f(x)= 318.79932353671836
differential_evolution step 66: f(x)= 318.79932353671836
differential_evolution step 67: f(x)= 318.79932353671836
differential_evolution step 68: f(x)= 318.79932353671836
differential_evolution step 69: f(x)= 318.79932353671836
differential_evolution step 70: f(x)= 318.79932353671836
differential_evolution step 71: f(x)= 318.79932353671836
differential_evolution step 72: f(x)= 318.79932353671836
differential_evolution step 73: f(x)= 318.79932353671836
differential_evolution step 74: f(x)= 318.79932353671836
differential_evolution step 75: f(x)= 318.79932353671836
differential_evolution step 76: f(x)= 318.79932353671836
differential_evolution step 77: f(x)= 318.79932353671836
differential_evolution step 78: f(x)= 318.79932353671836
differential_evolution step 79: f(x)= 318.79932353671836
differential_evolution step 80: f(x)= 318.79932353671836
differential_evolution step 81: f(x)= 318.79932353671836
differential_evolution step 82: f(x)= 318.79932353671836
differential_evolution step 83: f(x)= 318.79932353671836
differential_evolution step 84: f(x)= 318.79932353671836
differential_evolution step 85: f(x)= 314.7534834497082
differential_evolution step 86: f(x)= 314.7534834497082
differential_evolution step 87: f(x)= 314.7534834497082
differential_evolution step 88: f(x)= 314.7534834497082
differential_evolution step 89: f(x)= 314.7534834497082
differential_evolution step 90: f(x)= 309.9456164120712
differential_evolution step 91: f(x)= 309.9456164120712
differential_evolution step 92: f(x)= 309.9456164120712
differential_evolution step 93: f(x)= 309.9456164120712
differential_evolution step 94: f(x)= 309.9456164120712
differential_evolution step 95: f(x)= 309.9456164120712
differential_evolution step 96: f(x)= 309.9456164120712
differential_evolution step 97: f(x)= 309.9456164120712
differential_evolution step 98: f(x)= 309.9456164120712
differential_evolution step 99: f(x)= 309.14593699915844
differential_evolution step 100: f(x)= 306.89599949517975
differential_evolution step 101: f(x)= 306.89599949517975
differential_evolution step 102: f(x)= 306.89599949517975
differential_evolution step 103: f(x)= 306.89599949517975
differential_evolution step 104: f(x)= 306.89599949517975
differential_evolution step 105: f(x)= 306.89599949517975
differential_evolution step 106: f(x)= 306.89599949517975
differential_evolution step 107: f(x)= 306.89599949517975
differential_evolution step 108: f(x)= 306.89599949517975
differential_evolution step 109: f(x)= 306.89599949517975
differential_evolution step 110: f(x)= 306.89599949517975
differential_evolution step 111: f(x)= 306.89599949517975
differential_evolution step 112: f(x)= 306.89599949517975
differential_evolution step 113: f(x)= 306.89599949517975
differential_evolution step 114: f(x)= 306.89599949517975
differential_evolution step 115: f(x)= 306.89599949517975
differential_evolution step 116: f(x)= 306.89599949517975
differential_evolution step 117: f(x)= 306.89599949517975
differential_evolution step 118: f(x)= 306.89599949517975
differential_evolution step 119: f(x)= 306.89599949517975
differential_evolution step 120: f(x)= 306.89599949517975
differential_evolution step 121: f(x)= 306.89599949517975
differential_evolution step 122: f(x)= 306.89599949517975
differential_evolution step 123: f(x)= 306.23966711293684
differential_evolution step 124: f(x)= 306.23966711293684
differential_evolution step 125: f(x)= 306.23966711293684
differential_evolution step 126: f(x)= 306.23966711293684
differential_evolution step 127: f(x)= 306.23966711293684
differential_evolution step 128: f(x)= 306.23966711293684
differential_evolution step 129: f(x)= 306.03067398185544
differential_evolution step 130: f(x)= 306.03067398185544
differential_evolution step 131: f(x)= 306.03067398185544
differential_evolution step 132: f(x)= 306.03067398185544
differential_evolution step 133: f(x)= 306.03067398185544
differential_evolution step 134: f(x)= 306.03067398185544
differential_evolution step 135: f(x)= 306.03067398185544
differential_evolution step 136: f(x)= 306.03067398185544
differential_evolution step 137: f(x)= 305.9158262391149
differential_evolution step 138: f(x)= 305.9158262391149
differential_evolution step 139: f(x)= 305.9158262391149
differential_evolution step 140: f(x)= 305.9158262391149
differential_evolution step 141: f(x)= 305.9158262391149
differential_evolution step 142: f(x)= 305.9158262391149
differential_evolution step 143: f(x)= 305.9158262391149
differential_evolution step 144: f(x)= 305.6835622275088
differential_evolution step 145: f(x)= 305.6835622275088
differential_evolution step 146: f(x)= 305.6835622275088
differential_evolution step 147: f(x)= 305.6835622275088
differential_evolution step 148: f(x)= 305.64164329400023
differential_evolution step 149: f(x)= 305.64164329400023
differential_evolution step 150: f(x)= 305.64164329400023
differential_evolution step 151: f(x)= 305.64164329400023
differential_evolution step 152: f(x)= 305.64164329400023
differential_evolution step 153: f(x)= 305.64164329400023
differential_evolution step 154: f(x)= 305.64164329400023
differential_evolution step 155: f(x)= 305.64164329400023
differential_evolution step 156: f(x)= 305.64164329400023
differential_evolution step 157: f(x)= 305.64164329400023
differential_evolution step 158: f(x)= 305.64164329400023
differential_evolution step 159: f(x)= 305.64164329400023
differential_evolution step 160: f(x)= 305.64164329400023
differential_evolution step 161: f(x)= 305.64164329400023
differential_evolution step 162: f(x)= 305.64164329400023
differential_evolution step 163: f(x)= 305.64164329400023
differential_evolution step 164: f(x)= 305.64164329400023
differential_evolution step 165: f(x)= 305.64164329400023
differential_evolution step 166: f(x)= 305.64164329400023
differential_evolution step 167: f(x)= 305.64164329400023
differential_evolution step 168: f(x)= 305.64164329400023
differential_evolution step 169: f(x)= 305.64164329400023
differential_evolution step 170: f(x)= 305.64164329400023
differential_evolution step 171: f(x)= 305.64164329400023
differential_evolution step 172: f(x)= 305.64164329400023
differential_evolution step 173: f(x)= 305.64164329400023
differential_evolution step 174: f(x)= 305.64164329400023
differential_evolution step 175: f(x)= 305.64164329400023
differential_evolution step 176: f(x)= 305.64164329400023
differential_evolution step 177: f(x)= 305.64164329400023
differential_evolution step 178: f(x)= 305.64164329400023
differential_evolution step 179: f(x)= 305.64164329400023
differential_evolution step 180: f(x)= 305.64164329400023
differential_evolution step 181: f(x)= 305.64164329400023
differential_evolution step 182: f(x)= 305.64164329400023
differential_evolution step 183: f(x)= 305.64164329400023
differential_evolution step 184: f(x)= 305.6120634940913
differential_evolution step 185: f(x)= 305.6120634940913
differential_evolution step 186: f(x)= 305.6120634940913
differential_evolution step 187: f(x)= 305.6120634940913
differential_evolution step 188: f(x)= 305.6120634940913
differential_evolution step 189: f(x)= 305.6120634940913
differential_evolution step 190: f(x)= 305.6120634940913
differential_evolution step 191: f(x)= 305.594032605192
differential_evolution step 192: f(x)= 305.594032605192
differential_evolution step 193: f(x)= 305.594032605192
differential_evolution step 194: f(x)= 305.5646729724618
differential_evolution step 195: f(x)= 305.5646729724618
differential_evolution step 196: f(x)= 305.5646729724618
differential_evolution step 197: f(x)= 305.5646729724618
differential_evolution step 198: f(x)= 305.5646729724618
differential_evolution step 199: f(x)= 305.5646729724618
differential_evolution step 200: f(x)= 305.5646729724618
Cluster 2 DE best chi^2: 305.565 with params {'x_src': np.float64(98.63673278235082), 'y_src': np.float64(100.6522937567412), 'z_s': np.float64(1.140224150720416)}
--- Running DE for Cluster 3 ---
[DE] Process Pool with 16 procs (init=latinhypercube, popsize=50)
differential_evolution step 1: f(x)= 4242.640687119286
differential_evolution step 2: f(x)= 4242.640687119286
differential_evolution step 3: f(x)= 4242.640687119286
differential_evolution step 4: f(x)= 4242.640687119286
differential_evolution step 5: f(x)= 4242.640687119286
differential_evolution step 6: f(x)= 3000.0
differential_evolution step 7: f(x)= 3000.0
differential_evolution step 8: f(x)= 586.6799549012791
differential_evolution step 9: f(x)= 586.6799549012791
differential_evolution step 10: f(x)= 586.6799549012791
differential_evolution step 11: f(x)= 586.6799549012791
differential_evolution step 12: f(x)= 586.6799549012791
differential_evolution step 13: f(x)= 586.6799549012791
differential_evolution step 14: f(x)= 586.6799549012791
differential_evolution step 15: f(x)= 586.6799549012791
differential_evolution step 16: f(x)= 586.6799549012791
differential_evolution step 17: f(x)= 586.6799549012791
differential_evolution step 18: f(x)= 586.6799549012791
differential_evolution step 19: f(x)= 586.6799549012791
differential_evolution step 20: f(x)= 586.6799549012791
differential_evolution step 21: f(x)= 586.6799549012791
differential_evolution step 22: f(x)= 586.6799549012791
differential_evolution step 23: f(x)= 586.6799549012791
differential_evolution step 24: f(x)= 586.6799549012791
differential_evolution step 25: f(x)= 586.6799549012791
differential_evolution step 26: f(x)= 586.6799549012791
differential_evolution step 27: f(x)= 586.6799549012791
differential_evolution step 28: f(x)= 586.6799549012791
differential_evolution step 29: f(x)= 586.6799549012791
differential_evolution step 30: f(x)= 586.6799549012791
differential_evolution step 31: f(x)= 586.6799549012791
differential_evolution step 32: f(x)= 586.6799549012791
differential_evolution step 33: f(x)= 586.6799549012791
differential_evolution step 34: f(x)= 586.6799549012791
differential_evolution step 35: f(x)= 575.0434129593291
differential_evolution step 36: f(x)= 575.0434129593291
differential_evolution step 37: f(x)= 575.0434129593291
differential_evolution step 38: f(x)= 575.0434129593291
differential_evolution step 39: f(x)= 228.9319515223617
differential_evolution step 40: f(x)= 228.9319515223617
differential_evolution step 41: f(x)= 228.9319515223617
differential_evolution step 42: f(x)= 228.9319515223617
differential_evolution step 43: f(x)= 193.34081526213177
differential_evolution step 44: f(x)= 193.34081526213177
differential_evolution step 45: f(x)= 193.34081526213177
differential_evolution step 46: f(x)= 193.34081526213177
differential_evolution step 47: f(x)= 193.34081526213177
differential_evolution step 48: f(x)= 193.34081526213177
differential_evolution step 49: f(x)= 193.34081526213177
differential_evolution step 50: f(x)= 193.34081526213177
differential_evolution step 51: f(x)= 193.34081526213177
differential_evolution step 52: f(x)= 193.34081526213177
differential_evolution step 53: f(x)= 37.92236957867188
differential_evolution step 54: f(x)= 37.92236957867188
differential_evolution step 55: f(x)= 37.92236957867188
differential_evolution step 56: f(x)= 37.92236957867188
differential_evolution step 57: f(x)= 37.92236957867188
differential_evolution step 58: f(x)= 37.92236957867188
differential_evolution step 59: f(x)= 37.92236957867188
differential_evolution step 60: f(x)= 37.92236957867188
differential_evolution step 61: f(x)= 37.92236957867188
differential_evolution step 62: f(x)= 37.92236957867188
differential_evolution step 63: f(x)= 37.92236957867188
differential_evolution step 64: f(x)= 37.92236957867188
differential_evolution step 65: f(x)= 37.92236957867188
differential_evolution step 66: f(x)= 37.92236957867188
differential_evolution step 67: f(x)= 37.92236957867188
differential_evolution step 68: f(x)= 37.92236957867188
differential_evolution step 69: f(x)= 37.92236957867188
differential_evolution step 70: f(x)= 37.92236957867188
differential_evolution step 71: f(x)= 37.92236957867188
differential_evolution step 72: f(x)= 37.92236957867188
differential_evolution step 73: f(x)= 37.92236957867188
differential_evolution step 74: f(x)= 37.92236957867188
differential_evolution step 75: f(x)= 37.92236957867188
differential_evolution step 76: f(x)= 37.92236957867188
differential_evolution step 77: f(x)= 37.92236957867188
differential_evolution step 78: f(x)= 37.92236957867188
differential_evolution step 79: f(x)= 37.92236957867188
differential_evolution step 80: f(x)= 19.11208871638423
differential_evolution step 81: f(x)= 19.11208871638423
differential_evolution step 82: f(x)= 19.11208871638423
differential_evolution step 83: f(x)= 19.11208871638423
differential_evolution step 84: f(x)= 19.11208871638423
differential_evolution step 85: f(x)= 19.11208871638423
differential_evolution step 86: f(x)= 19.11208871638423
differential_evolution step 87: f(x)= 19.11208871638423
differential_evolution step 88: f(x)= 19.11208871638423
differential_evolution step 89: f(x)= 9.223000640626589
differential_evolution step 90: f(x)= 9.223000640626589
differential_evolution step 91: f(x)= 9.223000640626589
differential_evolution step 92: f(x)= 9.223000640626589
differential_evolution step 93: f(x)= 9.223000640626589
differential_evolution step 94: f(x)= 9.223000640626589
differential_evolution step 95: f(x)= 9.223000640626589
differential_evolution step 96: f(x)= 9.223000640626589
differential_evolution step 97: f(x)= 9.223000640626589
differential_evolution step 98: f(x)= 9.223000640626589
differential_evolution step 99: f(x)= 9.223000640626589
differential_evolution step 100: f(x)= 9.223000640626589
differential_evolution step 101: f(x)= 9.223000640626589
differential_evolution step 102: f(x)= 9.223000640626589
differential_evolution step 103: f(x)= 9.223000640626589
differential_evolution step 104: f(x)= 9.223000640626589
differential_evolution step 105: f(x)= 9.223000640626589
differential_evolution step 106: f(x)= 9.223000640626589
differential_evolution step 107: f(x)= 9.223000640626589
differential_evolution step 108: f(x)= 9.223000640626589
differential_evolution step 109: f(x)= 9.223000640626589
differential_evolution step 110: f(x)= 9.223000640626589
differential_evolution step 111: f(x)= 9.223000640626589
differential_evolution step 112: f(x)= 9.223000640626589
differential_evolution step 113: f(x)= 9.223000640626589
differential_evolution step 114: f(x)= 9.223000640626589
differential_evolution step 115: f(x)= 9.223000640626589
differential_evolution step 116: f(x)= 9.223000640626589
differential_evolution step 117: f(x)= 9.223000640626589
differential_evolution step 118: f(x)= 9.223000640626589
differential_evolution step 119: f(x)= 9.223000640626589
differential_evolution step 120: f(x)= 9.223000640626589
differential_evolution step 121: f(x)= 9.223000640626589
differential_evolution step 122: f(x)= 9.223000640626589
differential_evolution step 123: f(x)= 9.223000640626589
differential_evolution step 124: f(x)= 9.223000640626589
differential_evolution step 125: f(x)= 9.223000640626589
differential_evolution step 126: f(x)= 9.223000640626589
differential_evolution step 127: f(x)= 9.223000640626589
differential_evolution step 128: f(x)= 9.223000640626589
differential_evolution step 129: f(x)= 9.223000640626589
differential_evolution step 130: f(x)= 9.223000640626589
differential_evolution step 131: f(x)= 9.223000640626589
differential_evolution step 132: f(x)= 9.223000640626589
differential_evolution step 133: f(x)= 9.223000640626589
differential_evolution step 134: f(x)= 9.223000640626589
differential_evolution step 135: f(x)= 9.223000640626589
differential_evolution step 136: f(x)= 9.223000640626589
differential_evolution step 137: f(x)= 9.223000640626589
differential_evolution step 138: f(x)= 9.223000640626589
differential_evolution step 139: f(x)= 9.223000640626589
differential_evolution step 140: f(x)= 9.223000640626589
differential_evolution step 141: f(x)= 9.223000640626589
differential_evolution step 142: f(x)= 9.223000640626589
differential_evolution step 143: f(x)= 9.223000640626589
differential_evolution step 144: f(x)= 9.223000640626589
differential_evolution step 145: f(x)= 9.223000640626589
differential_evolution step 146: f(x)= 9.223000640626589
differential_evolution step 147: f(x)= 9.223000640626589
differential_evolution step 148: f(x)= 9.223000640626589
differential_evolution step 149: f(x)= 9.223000640626589
differential_evolution step 150: f(x)= 9.223000640626589
differential_evolution step 151: f(x)= 9.223000640626589
differential_evolution step 152: f(x)= 9.223000640626589
differential_evolution step 153: f(x)= 9.223000640626589
differential_evolution step 154: f(x)= 9.223000640626589
differential_evolution step 155: f(x)= 9.223000640626589
differential_evolution step 156: f(x)= 9.223000640626589
differential_evolution step 157: f(x)= 9.223000640626589
differential_evolution step 158: f(x)= 9.223000640626589
differential_evolution step 159: f(x)= 9.223000640626589
differential_evolution step 160: f(x)= 9.223000640626589
differential_evolution step 161: f(x)= 9.223000640626589
differential_evolution step 162: f(x)= 9.223000640626589
differential_evolution step 163: f(x)= 9.223000640626589
differential_evolution step 164: f(x)= 9.223000640626589
differential_evolution step 165: f(x)= 2.373300438952655
differential_evolution step 166: f(x)= 2.373300438952655
differential_evolution step 167: f(x)= 2.373300438952655
differential_evolution step 168: f(x)= 2.373300438952655
differential_evolution step 169: f(x)= 2.373300438952655
differential_evolution step 170: f(x)= 2.373300438952655
differential_evolution step 171: f(x)= 2.373300438952655
differential_evolution step 172: f(x)= 2.373300438952655
differential_evolution step 173: f(x)= 2.373300438952655
differential_evolution step 174: f(x)= 2.373300438952655
differential_evolution step 175: f(x)= 2.373300438952655
differential_evolution step 176: f(x)= 2.373300438952655
differential_evolution step 177: f(x)= 2.373300438952655
differential_evolution step 178: f(x)= 2.373300438952655
differential_evolution step 179: f(x)= 2.373300438952655
differential_evolution step 180: f(x)= 2.373300438952655
differential_evolution step 181: f(x)= 2.373300438952655
differential_evolution step 182: f(x)= 2.373300438952655
differential_evolution step 183: f(x)= 2.373300438952655
differential_evolution step 184: f(x)= 2.373300438952655
differential_evolution step 185: f(x)= 2.373300438952655
differential_evolution step 186: f(x)= 2.373300438952655
differential_evolution step 187: f(x)= 2.373300438952655
differential_evolution step 188: f(x)= 2.373300438952655
differential_evolution step 189: f(x)= 2.373300438952655
differential_evolution step 190: f(x)= 2.373300438952655
differential_evolution step 191: f(x)= 2.373300438952655
differential_evolution step 192: f(x)= 2.373300438952655
differential_evolution step 193: f(x)= 2.373300438952655
differential_evolution step 194: f(x)= 2.373300438952655
differential_evolution step 195: f(x)= 1.210121940102194
differential_evolution step 196: f(x)= 1.210121940102194
differential_evolution step 197: f(x)= 1.210121940102194
differential_evolution step 198: f(x)= 1.210121940102194
differential_evolution step 199: f(x)= 0.5323175979281898
differential_evolution step 200: f(x)= 0.5323175979281898
Cluster 3 DE best chi^2: 0.532 with params {'x_src': np.float64(127.05622572631881), 'y_src': np.float64(110.42698603035448), 'z_s': np.float64(3.018475219934577)}
--- Running DE for Cluster 4 ---
[DE] Process Pool with 16 procs (init=latinhypercube, popsize=50)
differential_evolution step 1: f(x)= 1630.3604161295768
differential_evolution step 2: f(x)= 1630.3604161295768
differential_evolution step 3: f(x)= 1630.3604161295768
differential_evolution step 4: f(x)= 1630.3604161295768
differential_evolution step 5: f(x)= 1630.3604161295768
differential_evolution step 6: f(x)= 1630.3604161295768
differential_evolution step 7: f(x)= 1630.3604161295768
differential_evolution step 8: f(x)= 1630.3604161295768
differential_evolution step 9: f(x)= 1630.3604161295768
differential_evolution step 10: f(x)= 1630.3604161295768
differential_evolution step 11: f(x)= 1630.3604161295768
differential_evolution step 12: f(x)= 1630.3604161295768
differential_evolution step 13: f(x)= 1630.3604161295768
differential_evolution step 14: f(x)= 1630.3604161295768
differential_evolution step 15: f(x)= 1630.3604161295768
differential_evolution step 16: f(x)= 1630.3604161295768
differential_evolution step 17: f(x)= 1630.3604161295768
differential_evolution step 18: f(x)= 1630.3604161295768
differential_evolution step 19: f(x)= 1630.3604161295768
differential_evolution step 20: f(x)= 1630.3604161295768
differential_evolution step 21: f(x)= 1630.3604161295768
differential_evolution step 22: f(x)= 1630.3604161295768
differential_evolution step 23: f(x)= 1630.3604161295768
differential_evolution step 24: f(x)= 1630.3604161295768
differential_evolution step 25: f(x)= 1630.3604161295768
differential_evolution step 26: f(x)= 1606.4791943423688
differential_evolution step 27: f(x)= 1606.4791943423688
differential_evolution step 28: f(x)= 1606.4791943423688
differential_evolution step 29: f(x)= 1606.4791943423688
differential_evolution step 30: f(x)= 1606.4791943423688
differential_evolution step 31: f(x)= 1606.4791943423688
differential_evolution step 32: f(x)= 1606.4791943423688
differential_evolution step 33: f(x)= 1606.4791943423688
differential_evolution step 34: f(x)= 1606.4791943423688
differential_evolution step 35: f(x)= 1606.4791943423688
differential_evolution step 36: f(x)= 1606.4791943423688
differential_evolution step 37: f(x)= 1606.4791943423688
differential_evolution step 38: f(x)= 1606.4791943423688
differential_evolution step 39: f(x)= 1606.4791943423688
differential_evolution step 40: f(x)= 1606.4791943423688
differential_evolution step 41: f(x)= 1606.4791943423688
differential_evolution step 42: f(x)= 1606.4791943423688
differential_evolution step 43: f(x)= 1589.5606741273227
differential_evolution step 44: f(x)= 1589.5606741273227
differential_evolution step 45: f(x)= 1589.5606741273227
differential_evolution step 46: f(x)= 1589.5606741273227
differential_evolution step 47: f(x)= 1589.5606741273227
differential_evolution step 48: f(x)= 1589.5606741273227
differential_evolution step 49: f(x)= 1589.5606741273227
differential_evolution step 50: f(x)= 1589.5606741273227
differential_evolution step 51: f(x)= 1589.5606741273227
differential_evolution step 52: f(x)= 1589.5606741273227
differential_evolution step 53: f(x)= 1589.5606741273227
differential_evolution step 54: f(x)= 1589.5606741273227
differential_evolution step 55: f(x)= 1589.5606741273227
differential_evolution step 56: f(x)= 1589.5606741273227
differential_evolution step 57: f(x)= 1589.5606741273227
differential_evolution step 58: f(x)= 1589.5606741273227
differential_evolution step 59: f(x)= 1589.5606741273227
differential_evolution step 60: f(x)= 1589.5606741273227
differential_evolution step 61: f(x)= 1589.5606741273227
differential_evolution step 62: f(x)= 1589.5606741273227
differential_evolution step 63: f(x)= 1589.5606741273227
differential_evolution step 64: f(x)= 1589.5606741273227
differential_evolution step 65: f(x)= 1589.5606741273227
differential_evolution step 66: f(x)= 1589.5606741273227
differential_evolution step 67: f(x)= 1589.5606741273227
differential_evolution step 68: f(x)= 1589.5606741273227
differential_evolution step 69: f(x)= 1589.5606741273227
differential_evolution step 70: f(x)= 1236.8283013652192
differential_evolution step 71: f(x)= 1236.8283013652192
differential_evolution step 72: f(x)= 1236.8283013652192
differential_evolution step 73: f(x)= 1236.8283013652192
differential_evolution step 74: f(x)= 1236.8283013652192
differential_evolution step 75: f(x)= 1236.8283013652192
differential_evolution step 76: f(x)= 630.1285029897842
differential_evolution step 77: f(x)= 630.1285029897842
differential_evolution step 78: f(x)= 630.1285029897842
differential_evolution step 79: f(x)= 630.1285029897842
differential_evolution step 80: f(x)= 630.1285029897842
differential_evolution step 81: f(x)= 630.1285029897842
differential_evolution step 82: f(x)= 630.1285029897842
differential_evolution step 83: f(x)= 630.1285029897842
differential_evolution step 84: f(x)= 630.1285029897842
differential_evolution step 85: f(x)= 630.1285029897842
differential_evolution step 86: f(x)= 630.1285029897842
differential_evolution step 87: f(x)= 630.1285029897842
differential_evolution step 88: f(x)= 630.1285029897842
differential_evolution step 89: f(x)= 630.1285029897842
differential_evolution step 90: f(x)= 630.1285029897842
differential_evolution step 91: f(x)= 630.1285029897842
differential_evolution step 92: f(x)= 630.1285029897842
differential_evolution step 93: f(x)= 630.1285029897842
differential_evolution step 94: f(x)= 630.1285029897842
differential_evolution step 95: f(x)= 630.1285029897842
differential_evolution step 96: f(x)= 630.1285029897842
differential_evolution step 97: f(x)= 630.1285029897842
differential_evolution step 98: f(x)= 630.1285029897842
differential_evolution step 99: f(x)= 630.1285029897842
differential_evolution step 100: f(x)= 630.1285029897842
differential_evolution step 101: f(x)= 630.1285029897842
differential_evolution step 102: f(x)= 630.1285029897842
differential_evolution step 103: f(x)= 630.1285029897842
differential_evolution step 104: f(x)= 630.1285029897842
differential_evolution step 105: f(x)= 630.1285029897842
differential_evolution step 106: f(x)= 630.1285029897842
differential_evolution step 107: f(x)= 630.1285029897842
differential_evolution step 108: f(x)= 630.1285029897842
differential_evolution step 109: f(x)= 523.9131398712851
differential_evolution step 110: f(x)= 523.9131398712851
differential_evolution step 111: f(x)= 523.9131398712851
differential_evolution step 112: f(x)= 523.9131398712851
differential_evolution step 113: f(x)= 523.9131398712851
differential_evolution step 114: f(x)= 523.9131398712851
differential_evolution step 115: f(x)= 523.9131398712851
differential_evolution step 116: f(x)= 523.9131398712851
differential_evolution step 117: f(x)= 523.9131398712851
differential_evolution step 118: f(x)= 523.9131398712851
differential_evolution step 119: f(x)= 523.9131398712851
differential_evolution step 120: f(x)= 523.9131398712851
differential_evolution step 121: f(x)= 523.9131398712851
differential_evolution step 122: f(x)= 523.9131398712851
differential_evolution step 123: f(x)= 523.9131398712851
differential_evolution step 124: f(x)= 523.9131398712851
differential_evolution step 125: f(x)= 523.9131398712851
differential_evolution step 126: f(x)= 523.9131398712851
differential_evolution step 127: f(x)= 429.3072800692204
differential_evolution step 128: f(x)= 429.3072800692204
differential_evolution step 129: f(x)= 429.3072800692204
differential_evolution step 130: f(x)= 429.3072800692204
differential_evolution step 131: f(x)= 429.3072800692204
differential_evolution step 132: f(x)= 429.3072800692204
differential_evolution step 133: f(x)= 429.3072800692204
differential_evolution step 134: f(x)= 429.3072800692204
differential_evolution step 135: f(x)= 429.3072800692204
differential_evolution step 136: f(x)= 429.3072800692204
differential_evolution step 137: f(x)= 429.3072800692204
differential_evolution step 138: f(x)= 429.3072800692204
differential_evolution step 139: f(x)= 429.3072800692204
differential_evolution step 140: f(x)= 429.3072800692204
differential_evolution step 141: f(x)= 429.3072800692204
differential_evolution step 142: f(x)= 429.3072800692204
differential_evolution step 143: f(x)= 429.3072800692204
differential_evolution step 144: f(x)= 429.3072800692204
differential_evolution step 145: f(x)= 429.3072800692204
differential_evolution step 146: f(x)= 429.3072800692204
differential_evolution step 147: f(x)= 429.3072800692204
differential_evolution step 148: f(x)= 429.3072800692204
differential_evolution step 149: f(x)= 429.3072800692204
differential_evolution step 150: f(x)= 429.3072800692204
differential_evolution step 151: f(x)= 429.3072800692204
differential_evolution step 152: f(x)= 429.3072800692204
differential_evolution step 153: f(x)= 429.3072800692204
differential_evolution step 154: f(x)= 429.3072800692204
differential_evolution step 155: f(x)= 429.3072800692204
differential_evolution step 156: f(x)= 429.3072800692204
differential_evolution step 157: f(x)= 429.3072800692204
differential_evolution step 158: f(x)= 429.3072800692204
differential_evolution step 159: f(x)= 429.3072800692204
differential_evolution step 160: f(x)= 192.49040656554075
differential_evolution step 161: f(x)= 192.49040656554075
differential_evolution step 162: f(x)= 192.49040656554075
differential_evolution step 163: f(x)= 192.49040656554075
differential_evolution step 164: f(x)= 192.49040656554075
differential_evolution step 165: f(x)= 192.49040656554075
differential_evolution step 166: f(x)= 192.49040656554075
differential_evolution step 167: f(x)= 192.49040656554075
differential_evolution step 168: f(x)= 192.49040656554075
differential_evolution step 169: f(x)= 192.49040656554075
differential_evolution step 170: f(x)= 192.49040656554075
differential_evolution step 171: f(x)= 192.49040656554075
differential_evolution step 172: f(x)= 192.49040656554075
differential_evolution step 173: f(x)= 192.49040656554075
differential_evolution step 174: f(x)= 192.49040656554075
differential_evolution step 175: f(x)= 192.49040656554075
differential_evolution step 176: f(x)= 192.49040656554075
differential_evolution step 177: f(x)= 192.49040656554075
differential_evolution step 178: f(x)= 192.49040656554075
differential_evolution step 179: f(x)= 192.49040656554075
differential_evolution step 180: f(x)= 192.49040656554075
differential_evolution step 181: f(x)= 192.49040656554075
differential_evolution step 182: f(x)= 192.49040656554075
differential_evolution step 183: f(x)= 192.49040656554075
differential_evolution step 184: f(x)= 192.49040656554075
differential_evolution step 185: f(x)= 192.49040656554075
differential_evolution step 186: f(x)= 192.49040656554075
differential_evolution step 187: f(x)= 192.49040656554075
differential_evolution step 188: f(x)= 192.49040656554075
differential_evolution step 189: f(x)= 192.49040656554075
differential_evolution step 190: f(x)= 192.49040656554075
differential_evolution step 191: f(x)= 192.49040656554075
differential_evolution step 192: f(x)= 192.49040656554075
differential_evolution step 193: f(x)= 192.49040656554075
differential_evolution step 194: f(x)= 192.49040656554075
differential_evolution step 195: f(x)= 192.49040656554075
differential_evolution step 196: f(x)= 192.49040656554075
differential_evolution step 197: f(x)= 192.49040656554075
differential_evolution step 198: f(x)= 192.49040656554075
differential_evolution step 199: f(x)= 192.49040656554075
differential_evolution step 200: f(x)= 192.49040656554075
Cluster 4 DE best chi^2: 192.490 with params {'x_src': np.float64(263.8382331160688), 'y_src': np.float64(250.727143075319), 'z_s': np.float64(2.259122461985436)}
--- Running DE for Cluster 5 ---
[DE] Process Pool with 16 procs (init=latinhypercube, popsize=50)
differential_evolution step 1: f(x)= 3000.0
differential_evolution step 2: f(x)= 3000.0
differential_evolution step 3: f(x)= 3000.0
differential_evolution step 4: f(x)= 3000.0
differential_evolution step 5: f(x)= 3000.0
differential_evolution step 6: f(x)= 3000.0
differential_evolution step 7: f(x)= 3000.0
differential_evolution step 8: f(x)= 3000.0
differential_evolution step 9: f(x)= 3000.0
differential_evolution step 10: f(x)= 3000.0
differential_evolution step 11: f(x)= 3000.0
differential_evolution step 12: f(x)= 3000.0
differential_evolution step 13: f(x)= 3000.0
differential_evolution step 14: f(x)= 3000.0
differential_evolution step 15: f(x)= 2882.9614392661006
differential_evolution step 16: f(x)= 2882.9614392661006
differential_evolution step 17: f(x)= 2882.9614392661006
differential_evolution step 18: f(x)= 2882.9614392661006
differential_evolution step 19: f(x)= 2882.9614392661006
differential_evolution step 20: f(x)= 2882.9614392661006
differential_evolution step 21: f(x)= 2882.9614392661006
differential_evolution step 22: f(x)= 2882.9614392661006
differential_evolution step 23: f(x)= 2882.9614392661006
differential_evolution step 24: f(x)= 2882.9614392661006
differential_evolution step 25: f(x)= 2882.9614392661006
differential_evolution step 26: f(x)= 2882.9614392661006
differential_evolution step 27: f(x)= 2882.9614392661006
differential_evolution step 28: f(x)= 2882.9614392661006
differential_evolution step 29: f(x)= 2882.9614392661006
differential_evolution step 30: f(x)= 2882.9614392661006
differential_evolution step 31: f(x)= 2882.9614392661006
differential_evolution step 32: f(x)= 2882.9614392661006
differential_evolution step 33: f(x)= 2882.9614392661006
differential_evolution step 34: f(x)= 2882.9614392661006
differential_evolution step 35: f(x)= 2882.9614392661006
differential_evolution step 36: f(x)= 2882.9614392661006
differential_evolution step 37: f(x)= 2882.9614392661006
differential_evolution step 38: f(x)= 2882.9614392661006
differential_evolution step 39: f(x)= 2882.9614392661006
differential_evolution step 40: f(x)= 2882.9614392661006
differential_evolution step 41: f(x)= 2882.9614392661006
differential_evolution step 42: f(x)= 2882.9614392661006
differential_evolution step 43: f(x)= 2882.9614392661006
differential_evolution step 44: f(x)= 2882.9614392661006
differential_evolution step 45: f(x)= 2028.2307752838938
differential_evolution step 46: f(x)= 2028.2307752838938
differential_evolution step 47: f(x)= 2028.2307752838938
differential_evolution step 48: f(x)= 2028.2307752838938
differential_evolution step 49: f(x)= 2028.2307752838938
differential_evolution step 50: f(x)= 2028.2307752838938
differential_evolution step 51: f(x)= 2028.2307752838938
differential_evolution step 52: f(x)= 2028.2307752838938
differential_evolution step 53: f(x)= 2028.2307752838938
differential_evolution step 54: f(x)= 2028.2307752838938
differential_evolution step 55: f(x)= 2028.2307752838938
differential_evolution step 56: f(x)= 762.8467794717325
differential_evolution step 57: f(x)= 516.2805132395343
differential_evolution step 58: f(x)= 516.2805132395343
differential_evolution step 59: f(x)= 516.2805132395343
differential_evolution step 60: f(x)= 516.2805132395343
differential_evolution step 61: f(x)= 516.2805132395343
differential_evolution step 62: f(x)= 516.2805132395343
differential_evolution step 63: f(x)= 387.9463142467915
differential_evolution step 64: f(x)= 387.9463142467915
differential_evolution step 65: f(x)= 387.9463142467915
differential_evolution step 66: f(x)= 387.9463142467915
differential_evolution step 67: f(x)= 387.9463142467915
differential_evolution step 68: f(x)= 387.9463142467915
differential_evolution step 69: f(x)= 387.9463142467915
differential_evolution step 70: f(x)= 387.9463142467915
differential_evolution step 71: f(x)= 387.9463142467915
differential_evolution step 72: f(x)= 387.9463142467915
differential_evolution step 73: f(x)= 387.9463142467915
differential_evolution step 74: f(x)= 387.9463142467915
differential_evolution step 75: f(x)= 387.9463142467915
differential_evolution step 76: f(x)= 387.9463142467915
differential_evolution step 77: f(x)= 387.9463142467915
differential_evolution step 78: f(x)= 387.9463142467915
differential_evolution step 79: f(x)= 387.9463142467915
differential_evolution step 80: f(x)= 387.9463142467915
differential_evolution step 81: f(x)= 387.9463142467915
differential_evolution step 82: f(x)= 387.9463142467915
differential_evolution step 83: f(x)= 387.9463142467915
differential_evolution step 84: f(x)= 387.9463142467915
differential_evolution step 85: f(x)= 387.9463142467915
differential_evolution step 86: f(x)= 387.9463142467915
differential_evolution step 87: f(x)= 387.9463142467915
differential_evolution step 88: f(x)= 387.9463142467915
differential_evolution step 89: f(x)= 387.9463142467915
differential_evolution step 90: f(x)= 387.9463142467915
differential_evolution step 91: f(x)= 387.9463142467915
differential_evolution step 92: f(x)= 387.9463142467915
differential_evolution step 93: f(x)= 387.9463142467915
differential_evolution step 94: f(x)= 387.9463142467915
differential_evolution step 95: f(x)= 387.9463142467915
differential_evolution step 96: f(x)= 387.9463142467915
differential_evolution step 97: f(x)= 387.9463142467915
differential_evolution step 98: f(x)= 387.9463142467915
differential_evolution step 99: f(x)= 387.9463142467915
differential_evolution step 100: f(x)= 387.9463142467915
differential_evolution step 101: f(x)= 387.9463142467915
differential_evolution step 102: f(x)= 387.9463142467915
differential_evolution step 103: f(x)= 387.9463142467915
differential_evolution step 104: f(x)= 387.9463142467915
differential_evolution step 105: f(x)= 387.9463142467915
differential_evolution step 106: f(x)= 387.9463142467915
differential_evolution step 107: f(x)= 387.9463142467915
differential_evolution step 108: f(x)= 387.9463142467915
differential_evolution step 109: f(x)= 387.9463142467915
differential_evolution step 110: f(x)= 321.27547214995616
differential_evolution step 111: f(x)= 321.27547214995616
differential_evolution step 112: f(x)= 321.27547214995616
differential_evolution step 113: f(x)= 321.27547214995616
differential_evolution step 114: f(x)= 321.27547214995616
differential_evolution step 115: f(x)= 321.27547214995616
differential_evolution step 116: f(x)= 321.27547214995616
differential_evolution step 117: f(x)= 321.27547214995616
differential_evolution step 118: f(x)= 321.27547214995616
differential_evolution step 119: f(x)= 321.27547214995616
differential_evolution step 120: f(x)= 321.27547214995616
differential_evolution step 121: f(x)= 321.27547214995616
differential_evolution step 122: f(x)= 321.27547214995616
differential_evolution step 123: f(x)= 321.27547214995616
differential_evolution step 124: f(x)= 321.27547214995616
differential_evolution step 125: f(x)= 321.27547214995616
differential_evolution step 126: f(x)= 321.27547214995616
differential_evolution step 127: f(x)= 321.27547214995616
differential_evolution step 128: f(x)= 321.27547214995616
differential_evolution step 129: f(x)= 321.27547214995616
differential_evolution step 130: f(x)= 321.27547214995616
differential_evolution step 131: f(x)= 316.570414988547
differential_evolution step 132: f(x)= 316.570414988547
differential_evolution step 133: f(x)= 316.570414988547
differential_evolution step 134: f(x)= 316.570414988547
differential_evolution step 135: f(x)= 316.570414988547
differential_evolution step 136: f(x)= 316.570414988547
differential_evolution step 137: f(x)= 316.570414988547
differential_evolution step 138: f(x)= 316.570414988547
differential_evolution step 139: f(x)= 316.570414988547
differential_evolution step 140: f(x)= 316.570414988547
differential_evolution step 141: f(x)= 316.570414988547
differential_evolution step 142: f(x)= 316.570414988547
differential_evolution step 143: f(x)= 316.570414988547
differential_evolution step 144: f(x)= 316.570414988547
differential_evolution step 145: f(x)= 316.570414988547
differential_evolution step 146: f(x)= 310.9552244829894
differential_evolution step 147: f(x)= 310.9552244829894
differential_evolution step 148: f(x)= 310.9552244829894
differential_evolution step 149: f(x)= 310.9552244829894
differential_evolution step 150: f(x)= 310.9552244829894
differential_evolution step 151: f(x)= 310.9552244829894
differential_evolution step 152: f(x)= 310.9552244829894
differential_evolution step 153: f(x)= 310.9552244829894
differential_evolution step 154: f(x)= 310.9552244829894
differential_evolution step 155: f(x)= 310.9552244829894
differential_evolution step 156: f(x)= 300.87838264826814
differential_evolution step 157: f(x)= 300.87838264826814
differential_evolution step 158: f(x)= 300.87838264826814
differential_evolution step 159: f(x)= 300.87838264826814
differential_evolution step 160: f(x)= 300.87838264826814
differential_evolution step 161: f(x)= 300.87838264826814
differential_evolution step 162: f(x)= 300.87838264826814
differential_evolution step 163: f(x)= 300.87838264826814
differential_evolution step 164: f(x)= 300.87838264826814
differential_evolution step 165: f(x)= 300.87838264826814
differential_evolution step 166: f(x)= 296.02888902300145
differential_evolution step 167: f(x)= 296.02888902300145
differential_evolution step 168: f(x)= 296.02888902300145
differential_evolution step 169: f(x)= 296.02888902300145
differential_evolution step 170: f(x)= 296.02888902300145
differential_evolution step 171: f(x)= 296.02888902300145
differential_evolution step 172: f(x)= 296.02888902300145
differential_evolution step 173: f(x)= 296.02888902300145
differential_evolution step 174: f(x)= 296.02888902300145
differential_evolution step 175: f(x)= 294.4489888007999
differential_evolution step 176: f(x)= 294.4489888007999
differential_evolution step 177: f(x)= 294.4489888007999
differential_evolution step 178: f(x)= 294.4489888007999
differential_evolution step 179: f(x)= 294.4489888007999
differential_evolution step 180: f(x)= 294.4489888007999
differential_evolution step 181: f(x)= 294.4489888007999
differential_evolution step 182: f(x)= 294.4489888007999
differential_evolution step 183: f(x)= 294.4489888007999
differential_evolution step 184: f(x)= 294.4489888007999
differential_evolution step 185: f(x)= 294.4489888007999
differential_evolution step 186: f(x)= 294.4489888007999
differential_evolution step 187: f(x)= 294.4489888007999
differential_evolution step 188: f(x)= 294.4489888007999
differential_evolution step 189: f(x)= 294.4489888007999
differential_evolution step 190: f(x)= 294.4489888007999
differential_evolution step 191: f(x)= 294.4489888007999
differential_evolution step 192: f(x)= 294.4489888007999
differential_evolution step 193: f(x)= 294.4489888007999
differential_evolution step 194: f(x)= 294.4489888007999
differential_evolution step 195: f(x)= 294.4489888007999
differential_evolution step 196: f(x)= 294.4489888007999
differential_evolution step 197: f(x)= 294.4489888007999
differential_evolution step 198: f(x)= 294.4489888007999
differential_evolution step 199: f(x)= 294.4489888007999
differential_evolution step 200: f(x)= 290.9450256831129
Cluster 5 DE best chi^2: 290.945 with params {'x_src': np.float64(149.64875959352202), 'y_src': np.float64(145.4293844132474), 'z_s': np.float64(1.9109417767185841)}

--- DE Optimization Summary ---
Best fit found for Cluster 3 with chi^2 = 0.532
Best-fit parameters: {'x_src': np.float64(127.05622572631881), 'y_src': np.float64(110.42698603035448), 'z_s': np.float64(3.018475219934577)}

--- Running MCMC for Cluster 3 (chi_sq=0.532) ---
[MCMC] Process Pool with 16 procs
  0%|          | 0/20000 [00:00<?, ?it/s]  1%|          | 118/20000 [01:40<4:41:16,  1.18it/s]  1%|          | 140/20000 [02:00<4:40:57,  1.18it/s]  1%|          | 232/20000 [03:20<4:46:27,  1.15it/s]  1%|         | 252/20000 [03:40<4:46:10,  1.15it/s]  2%|         | 346/20000 [05:01<4:46:00,  1.15it/s]  2%|         | 371/20000 [05:20<4:45:38,  1.15it/s]  2%|         | 468/20000 [06:41<4:37:55,  1.17it/s]  2%|         | 489/20000 [07:00<4:37:37,  1.17it/s]  3%|         | 579/20000 [08:22<4:42:34,  1.15it/s]  3%|         | 597/20000 [08:40<4:42:19,  1.15it/s]  3%|         | 685/20000 [10:03<4:48:37,  1.12it/s]  4%|         | 702/20000 [10:20<4:48:22,  1.12it/s]  4%|         | 793/20000 [11:43<4:50:27,  1.10it/s]  4%|         | 813/20000 [12:00<4:50:08,  1.10it/s]  5%|         | 908/20000 [13:23<4:45:07,  1.12it/s]  5%|         | 926/20000 [13:40<4:44:51,  1.12it/s]  5%|         | 1022/20000 [15:04<4:42:07,  1.12it/s]  5%|         | 1041/20000 [15:20<4:41:50,  1.12it/s]  6%|         | 1145/20000 [16:44<4:32:14,  1.15it/s]  6%|         | 1160/20000 [17:00<4:32:01,  1.15it/s]  6%|         | 1252/20000 [18:25<4:37:18,  1.13it/s]  6%|         | 1268/20000 [18:40<4:37:04,  1.13it/s]  7%|         | 1369/20000 [20:05<4:32:33,  1.14it/s]  7%|         | 1384/20000 [20:20<4:32:20,  1.14it/s]  7%|         | 1475/20000 [21:45<4:37:16,  1.11it/s]  7%|         | 1489/20000 [22:00<4:37:03,  1.11it/s]  8%|         | 1586/20000 [23:26<4:36:10,  1.11it/s]  8%|         | 1600/20000 [23:40<4:35:57,  1.11it/s]  9%|         | 1704/20000 [25:06<4:29:30,  1.13it/s]  9%|         | 1718/20000 [25:20<4:29:18,  1.13it/s]  9%|         | 1811/20000 [26:46<4:32:48,  1.11it/s]  9%|         | 1827/20000 [27:00<4:32:33,  1.11it/s] 10%|         | 1951/20000 [28:27<4:11:39,  1.20it/s] 10%|         | 1963/20000 [28:40<4:11:29,  1.20it/s] 10%|         | 2070/20000 [30:07<4:10:29,  1.19it/s] 10%|         | 2084/20000 [30:20<4:10:17,  1.19it/s] 11%|         | 2193/20000 [31:48<4:07:05,  1.20it/s] 11%|         | 2205/20000 [32:00<4:06:55,  1.20it/s] 12%|        | 2300/20000 [33:29<4:14:28,  1.16it/s] 12%|        | 2310/20000 [33:40<4:14:20,  1.16it/s] 12%|        | 2406/20000 [35:09<4:20:01,  1.13it/s] 12%|        | 2421/20000 [35:20<4:19:48,  1.13it/s] 13%|        | 2534/20000 [36:50<4:08:28,  1.17it/s] 13%|        | 2558/20000 [37:10<4:08:08,  1.17it/s] 13%|        | 2646/20000 [38:31<4:10:48,  1.15it/s] 13%|        | 2665/20000 [38:50<4:10:31,  1.15it/s] 14%|        | 2761/20000 [40:11<4:09:51,  1.15it/s] 14%|        | 2780/20000 [40:30<4:09:35,  1.15it/s] 14%|        | 2878/20000 [41:52<4:07:16,  1.15it/s] 14%|        | 2896/20000 [42:10<4:07:01,  1.15it/s] 15%|        | 2992/20000 [43:32<4:06:52,  1.15it/s] 15%|        | 3011/20000 [43:50<4:06:35,  1.15it/s] 16%|        | 3115/20000 [45:13<4:00:23,  1.17it/s] 16%|        | 3135/20000 [45:30<4:00:06,  1.17it/s] 16%|        | 3239/20000 [46:53<3:54:29,  1.19it/s] 16%|        | 3258/20000 [47:10<3:54:13,  1.19it/s] 17%|        | 3362/20000 [48:34<3:51:02,  1.20it/s] 17%|        | 3381/20000 [48:50<3:50:46,  1.20it/s] 17%|        | 3478/20000 [50:15<3:52:15,  1.19it/s] 17%|        | 3495/20000 [50:30<3:52:01,  1.19it/s] 18%|        | 3596/20000 [51:55<3:51:02,  1.18it/s] 18%|        | 3614/20000 [52:10<3:50:46,  1.18it/s] 19%|        | 3713/20000 [53:35<3:50:26,  1.18it/s] 19%|        | 3728/20000 [53:50<3:50:13,  1.18it/s] 19%|        | 3821/20000 [55:16<3:55:09,  1.15it/s] 19%|        | 3835/20000 [55:30<3:54:57,  1.15it/s] 20%|        | 3931/20000 [56:56<3:56:41,  1.13it/s] 20%|        | 3945/20000 [57:10<3:56:29,  1.13it/s] 20%|        | 4043/20000 [58:36<3:55:51,  1.13it/s] 20%|        | 4062/20000 [58:50<3:55:34,  1.13it/s] 21%|        | 4156/20000 [1:00:16<3:54:06,  1.13it/s] 21%|        | 4169/20000 [1:00:30<3:53:54,  1.13it/s] 21%|       | 4261/20000 [1:01:56<3:57:30,  1.10it/s] 21%|       | 4274/20000 [1:02:10<3:57:18,  1.10it/s] 22%|       | 4370/20000 [1:03:36<3:56:50,  1.10it/s] 22%|       | 4385/20000 [1:03:50<3:56:37,  1.10it/s] 22%|       | 4492/20000 [1:05:17<3:48:06,  1.13it/s] 23%|       | 4504/20000 [1:05:30<3:47:55,  1.13it/s] 23%|       | 4599/20000 [1:06:58<3:50:49,  1.11it/s] 23%|       | 4611/20000 [1:07:10<3:50:38,  1.11it/s] 24%|       | 4711/20000 [1:08:39<3:49:12,  1.11it/s] 24%|       | 4724/20000 [1:08:50<3:49:00,  1.11it/s] 24%|       | 4821/20000 [1:10:19<3:48:49,  1.11it/s] 24%|       | 4831/20000 [1:10:30<3:48:40,  1.11it/s] 25%|       | 4927/20000 [1:12:00<3:50:19,  1.09it/s] 25%|       | 4949/20000 [1:12:20<3:49:59,  1.09it/s] 25%|       | 5041/20000 [1:13:40<3:45:51,  1.10it/s] 25%|       | 5062/20000 [1:14:00<3:45:32,  1.10it/s] 26%|       | 5151/20000 [1:15:21<3:44:55,  1.10it/s] 26%|       | 5170/20000 [1:15:40<3:44:38,  1.10it/s] 26%|       | 5261/20000 [1:17:01<3:43:20,  1.10it/s] 26%|       | 5284/20000 [1:17:20<3:42:59,  1.10it/s] 27%|       | 5375/20000 [1:18:41<3:39:15,  1.11it/s] 27%|       | 5394/20000 [1:19:00<3:38:58,  1.11it/s] 27%|       | 5483/20000 [1:20:21<3:39:38,  1.10it/s] 28%|       | 5502/20000 [1:20:40<3:39:21,  1.10it/s] 28%|       | 5603/20000 [1:22:02<3:32:13,  1.13it/s] 28%|       | 5627/20000 [1:22:20<3:31:51,  1.13it/s] 29%|       | 5726/20000 [1:23:42<3:25:19,  1.16it/s] 29%|       | 5750/20000 [1:24:00<3:24:59,  1.16it/s] 29%|       | 5856/20000 [1:25:23<3:16:34,  1.20it/s] 29%|       | 5878/20000 [1:25:40<3:16:16,  1.20it/s] 30%|       | 5977/20000 [1:27:03<3:14:43,  1.20it/s] 30%|       | 5994/20000 [1:27:20<3:14:29,  1.20it/s] 30%|       | 6083/20000 [1:28:44<3:20:31,  1.16it/s] 30%|       | 6099/20000 [1:29:00<3:20:17,  1.16it/s] 31%|       | 6202/20000 [1:30:24<3:17:08,  1.17it/s] 31%|       | 6220/20000 [1:30:40<3:16:53,  1.17it/s] 32%|      | 6316/20000 [1:32:04<3:16:51,  1.16it/s] 32%|      | 6333/20000 [1:32:20<3:16:36,  1.16it/s] 32%|      | 6429/20000 [1:33:44<3:16:41,  1.15it/s] 32%|      | 6448/20000 [1:34:00<3:16:25,  1.15it/s] 33%|      | 6537/20000 [1:35:25<3:19:18,  1.13it/s] 33%|      | 6553/20000 [1:35:40<3:19:04,  1.13it/s] 33%|      | 6646/20000 [1:37:05<3:19:45,  1.11it/s] 33%|      | 6661/20000 [1:37:20<3:19:31,  1.11it/s] 34%|      | 6760/20000 [1:38:45<3:16:41,  1.12it/s] 34%|      | 6778/20000 [1:39:00<3:16:25,  1.12it/s] 34%|      | 6886/20000 [1:40:25<3:08:08,  1.16it/s] 35%|      | 6903/20000 [1:40:40<3:07:54,  1.16it/s] 35%|      | 6994/20000 [1:42:06<3:11:05,  1.13it/s] 35%|      | 7007/20000 [1:42:20<3:10:53,  1.13it/s] 36%|      | 7101/20000 [1:43:47<3:13:05,  1.11it/s] 36%|      | 7114/20000 [1:44:00<3:12:54,  1.11it/s] 36%|      | 7212/20000 [1:45:27<3:11:56,  1.11it/s] 36%|      | 7224/20000 [1:45:40<3:11:45,  1.11it/s] 37%|      | 7322/20000 [1:47:08<3:11:16,  1.10it/s] 37%|      | 7334/20000 [1:47:20<3:11:05,  1.10it/s] 37%|      | 7434/20000 [1:48:49<3:09:16,  1.11it/s] 37%|      | 7446/20000 [1:49:00<3:09:05,  1.11it/s] 38%|      | 7543/20000 [1:50:30<3:08:52,  1.10it/s] 38%|      | 7555/20000 [1:50:40<3:08:41,  1.10it/s] 38%|      | 7655/20000 [1:52:10<3:06:16,  1.10it/s] 38%|      | 7675/20000 [1:52:30<3:05:58,  1.10it/s] 39%|      | 7764/20000 [1:53:50<3:05:30,  1.10it/s] 39%|      | 7786/20000 [1:54:10<3:05:10,  1.10it/s] 39%|      | 7882/20000 [1:55:30<2:59:47,  1.12it/s] 40%|      | 7902/20000 [1:55:50<2:59:29,  1.12it/s] 40%|      | 7989/20000 [1:57:11<3:00:59,  1.11it/s] 40%|      | 8010/20000 [1:57:30<3:00:40,  1.11it/s] 41%|      | 8102/20000 [1:58:51<2:58:16,  1.11it/s] 41%|      | 8124/20000 [1:59:10<2:57:56,  1.11it/s] 41%|      | 8223/20000 [2:00:31<2:52:15,  1.14it/s] 41%|      | 8245/20000 [2:00:50<2:51:56,  1.14it/s] 42%|     | 8346/20000 [2:02:12<2:46:37,  1.17it/s] 42%|     | 8366/20000 [2:02:30<2:46:20,  1.17it/s] 42%|     | 8468/20000 [2:03:52<2:42:39,  1.18it/s] 42%|     | 8488/20000 [2:04:10<2:42:22,  1.18it/s] 43%|     | 8583/20000 [2:05:32<2:42:33,  1.17it/s] 43%|     | 8602/20000 [2:05:50<2:42:16,  1.17it/s] 43%|     | 8691/20000 [2:07:12<2:44:51,  1.14it/s] 44%|     | 8710/20000 [2:07:30<2:44:34,  1.14it/s] 44%|     | 8800/20000 [2:08:52<2:45:38,  1.13it/s] 44%|     | 8818/20000 [2:09:10<2:45:22,  1.13it/s] 45%|     | 8916/20000 [2:10:33<2:42:54,  1.13it/s] 45%|     | 8933/20000 [2:10:50<2:42:39,  1.13it/s] 45%|     | 9021/20000 [2:12:14<2:45:17,  1.11it/s] 45%|     | 9037/20000 [2:12:30<2:45:03,  1.11it/s] 46%|     | 9130/20000 [2:13:55<2:44:52,  1.10it/s] 46%|     | 9145/20000 [2:14:10<2:44:39,  1.10it/s] 46%|     | 9247/20000 [2:15:35<2:40:00,  1.12it/s] 46%|     | 9266/20000 [2:15:50<2:39:43,  1.12it/s] 47%|     | 9366/20000 [2:17:16<2:35:43,  1.14it/s] 47%|     | 9380/20000 [2:17:30<2:35:31,  1.14it/s] 47%|     | 9471/20000 [2:18:56<2:38:08,  1.11it/s] 47%|     | 9485/20000 [2:19:10<2:37:56,  1.11it/s] 48%|     | 9582/20000 [2:20:36<2:36:31,  1.11it/s] 48%|     | 9597/20000 [2:20:50<2:36:17,  1.11it/s] 49%|     | 9702/20000 [2:22:17<2:31:16,  1.13it/s] 49%|     | 9719/20000 [2:22:30<2:31:01,  1.13it/s] 49%|     | 9841/20000 [2:23:57<2:20:00,  1.21it/s] 49%|     | 9859/20000 [2:24:10<2:19:45,  1.21it/s] 50%|     | 9961/20000 [2:25:38<2:19:01,  1.20it/s] 50%|     | 9973/20000 [2:25:50<2:18:51,  1.20it/s] 50%|     | 10082/20000 [2:27:18<2:17:08,  1.21it/s] 50%|     | 10097/20000 [2:27:30<2:16:56,  1.21it/s] 51%|     | 10198/20000 [2:28:59<2:17:24,  1.19it/s] 51%|     | 10209/20000 [2:29:10<2:17:15,  1.19it/s] 52%|    | 10321/20000 [2:30:40<2:14:35,  1.20it/s] 52%|    | 10343/20000 [2:31:00<2:14:17,  1.20it/s] 52%|    | 10448/20000 [2:32:20<2:10:36,  1.22it/s] 52%|    | 10468/20000 [2:32:40<2:10:20,  1.22it/s] 53%|    | 10560/20000 [2:34:00<2:12:20,  1.19it/s] 53%|    | 10580/20000 [2:34:20<2:12:03,  1.19it/s] 53%|    | 10676/20000 [2:35:40<2:11:40,  1.18it/s] 54%|    | 10700/20000 [2:36:00<2:11:20,  1.18it/s] 54%|    | 10800/20000 [2:37:21<2:08:16,  1.20it/s] 54%|    | 10822/20000 [2:37:40<2:07:57,  1.20it/s] 55%|    | 10920/20000 [2:39:02<2:06:40,  1.19it/s] 55%|    | 10941/20000 [2:39:20<2:06:22,  1.19it/s] 55%|    | 11044/20000 [2:40:43<2:03:53,  1.20it/s] 55%|    | 11062/20000 [2:41:00<2:03:38,  1.20it/s] 56%|    | 11159/20000 [2:42:23<2:04:15,  1.19it/s] 56%|    | 11176/20000 [2:42:40<2:04:00,  1.19it/s] 56%|    | 11268/20000 [2:44:04<2:06:02,  1.15it/s] 56%|    | 11284/20000 [2:44:20<2:05:48,  1.15it/s] 57%|    | 11376/20000 [2:45:44<2:07:03,  1.13it/s] 57%|    | 11394/20000 [2:46:00<2:06:47,  1.13it/s] 58%|    | 11503/20000 [2:47:24<2:00:48,  1.17it/s] 58%|    | 11520/20000 [2:47:40<2:00:33,  1.17it/s] 58%|    | 11626/20000 [2:49:05<1:57:20,  1.19it/s] 58%|    | 11643/20000 [2:49:20<1:57:06,  1.19it/s] 59%|    | 11737/20000 [2:50:45<1:58:26,  1.16it/s] 59%|    | 11752/20000 [2:51:00<1:58:13,  1.16it/s] 59%|    | 11853/20000 [2:52:26<1:56:56,  1.16it/s] 59%|    | 11870/20000 [2:52:40<1:56:41,  1.16it/s] 60%|    | 11982/20000 [2:54:06<1:51:34,  1.20it/s] 60%|    | 12001/20000 [2:54:20<1:51:18,  1.20it/s] 61%|    | 12119/20000 [2:55:46<1:45:13,  1.25it/s] 61%|    | 12136/20000 [2:56:00<1:44:59,  1.25it/s] 61%|    | 12234/20000 [2:57:27<1:46:21,  1.22it/s] 61%|   | 12252/20000 [2:57:40<1:46:06,  1.22it/s] 62%|   | 12355/20000 [2:59:07<1:44:53,  1.21it/s] 62%|   | 12369/20000 [2:59:20<1:44:42,  1.21it/s] 62%|   | 12475/20000 [3:00:48<1:43:53,  1.21it/s] 62%|   | 12488/20000 [3:01:00<1:43:42,  1.21it/s] 63%|   | 12597/20000 [3:02:29<1:42:06,  1.21it/s] 63%|   | 12608/20000 [3:02:40<1:41:57,  1.21it/s] 64%|   | 12723/20000 [3:04:09<1:39:18,  1.22it/s] 64%|   | 12733/20000 [3:04:20<1:39:09,  1.22it/s] 64%|   | 12832/20000 [3:05:50<1:41:20,  1.18it/s] 64%|   | 12853/20000 [3:06:10<1:41:02,  1.18it/s] 65%|   | 12948/20000 [3:07:31<1:40:28,  1.17it/s] 65%|   | 12970/20000 [3:07:50<1:40:09,  1.17it/s] 65%|   | 13063/20000 [3:09:12<1:39:36,  1.16it/s] 65%|   | 13082/20000 [3:09:30<1:39:19,  1.16it/s] 66%|   | 13186/20000 [3:10:52<1:36:09,  1.18it/s] 66%|   | 13210/20000 [3:11:10<1:35:49,  1.18it/s] 67%|   | 13317/20000 [3:12:33<1:31:32,  1.22it/s] 67%|   | 13336/20000 [3:12:50<1:31:17,  1.22it/s] 67%|   | 13440/20000 [3:14:13<1:29:35,  1.22it/s] 67%|   | 13459/20000 [3:14:30<1:29:20,  1.22it/s] 68%|   | 13563/20000 [3:15:54<1:27:52,  1.22it/s] 68%|   | 13583/20000 [3:16:10<1:27:35,  1.22it/s] 68%|   | 13692/20000 [3:17:34<1:24:51,  1.24it/s] 69%|   | 13709/20000 [3:17:50<1:24:37,  1.24it/s] 69%|   | 13819/20000 [3:19:14<1:22:33,  1.25it/s] 69%|   | 13837/20000 [3:19:30<1:22:18,  1.25it/s] 70%|   | 13946/20000 [3:20:55<1:20:32,  1.25it/s] 70%|   | 13965/20000 [3:21:10<1:20:17,  1.25it/s] 70%|   | 14076/20000 [3:22:35<1:18:00,  1.27it/s] 70%|   | 14093/20000 [3:22:50<1:17:46,  1.27it/s] 71%|   | 14198/20000 [3:24:16<1:17:23,  1.25it/s] 71%|   | 14216/20000 [3:24:30<1:17:09,  1.25it/s] 72%|  | 14312/20000 [3:25:56<1:17:58,  1.22it/s] 72%|  | 14329/20000 [3:26:10<1:17:44,  1.22it/s] 72%|  | 14437/20000 [3:27:37<1:15:42,  1.22it/s] 72%|  | 14454/20000 [3:27:50<1:15:28,  1.22it/s] 73%|  | 14564/20000 [3:29:17<1:13:17,  1.24it/s] 73%|  | 14580/20000 [3:29:30<1:13:04,  1.24it/s] 73%|  | 14691/20000 [3:30:58<1:11:08,  1.24it/s] 74%|  | 14706/20000 [3:31:10<1:10:56,  1.24it/s] 74%|  | 14817/20000 [3:32:38<1:09:17,  1.25it/s] 74%|  | 14833/20000 [3:32:50<1:09:04,  1.25it/s] 75%|  | 14957/20000 [3:34:18<1:05:01,  1.29it/s] 75%|  | 14973/20000 [3:34:30<1:04:49,  1.29it/s] 75%|  | 15072/20000 [3:35:58<1:05:44,  1.25it/s] 75%|  | 15086/20000 [3:36:10<1:05:32,  1.25it/s] 76%|  | 15199/20000 [3:37:39<1:03:47,  1.25it/s] 76%|  | 15213/20000 [3:37:50<1:03:36,  1.25it/s] 77%|  | 15322/20000 [3:39:19<1:02:39,  1.24it/s] 77%|  | 15333/20000 [3:39:30<1:02:30,  1.24it/s] 77%|  | 15433/20000 [3:40:59<1:03:12,  1.20it/s] 77%|  | 15445/20000 [3:41:10<1:03:02,  1.20it/s] 78%|  | 15547/20000 [3:42:40<1:02:41,  1.18it/s] 78%|  | 15558/20000 [3:42:50<1:02:31,  1.18it/s] 78%|  | 15653/20000 [3:44:20<1:03:18,  1.14it/s] 78%|  | 15673/20000 [3:44:40<1:03:00,  1.14it/s] 79%|  | 15766/20000 [3:46:01<1:01:54,  1.14it/s] 79%|  | 15792/20000 [3:46:20<1:01:32,  1.14it/s] 80%|  | 15902/20000 [3:47:42<56:48,  1.20it/s]   80%|  | 15924/20000 [3:48:00<56:30,  1.20it/s] 80%|  | 16014/20000 [3:49:22<56:26,  1.18it/s] 80%|  | 16036/20000 [3:49:40<56:07,  1.18it/s] 81%|  | 16138/20000 [3:51:02<53:53,  1.19it/s] 81%|  | 16160/20000 [3:51:20<53:35,  1.19it/s] 81%| | 16262/20000 [3:52:43<51:41,  1.21it/s] 81%| | 16281/20000 [3:53:00<51:25,  1.21it/s] 82%| | 16383/20000 [3:54:23<49:57,  1.21it/s] 82%| | 16404/20000 [3:54:40<49:40,  1.21it/s] 83%| | 16515/20000 [3:56:04<46:55,  1.24it/s] 83%| | 16532/20000 [3:56:20<46:41,  1.24it/s] 83%| | 16623/20000 [3:57:45<47:23,  1.19it/s] 83%| | 16640/20000 [3:58:00<47:09,  1.19it/s] 84%| | 16738/20000 [3:59:25<46:14,  1.18it/s] 84%| | 16757/20000 [3:59:40<45:58,  1.18it/s] 84%| | 16854/20000 [4:01:05<44:50,  1.17it/s] 84%| | 16869/20000 [4:01:20<44:37,  1.17it/s] 85%| | 16969/20000 [4:02:45<43:25,  1.16it/s] 85%| | 16986/20000 [4:03:00<43:10,  1.16it/s] 85%| | 17099/20000 [4:04:25<40:09,  1.20it/s] 86%| | 17115/20000 [4:04:40<39:56,  1.20it/s] 86%| | 17206/20000 [4:06:05<40:01,  1.16it/s] 86%| | 17221/20000 [4:06:20<39:48,  1.16it/s] 87%| | 17322/20000 [4:07:46<38:25,  1.16it/s] 87%| | 17337/20000 [4:08:00<38:12,  1.16it/s] 87%| | 17437/20000 [4:09:26<36:55,  1.16it/s] 87%| | 17454/20000 [4:09:40<36:40,  1.16it/s] 88%| | 17559/20000 [4:11:07<34:39,  1.17it/s] 88%| | 17575/20000 [4:11:20<34:25,  1.17it/s] 88%| | 17680/20000 [4:12:47<32:43,  1.18it/s] 88%| | 17693/20000 [4:13:00<32:32,  1.18it/s] 89%| | 17790/20000 [4:14:27<31:49,  1.16it/s] 89%| | 17803/20000 [4:14:40<31:38,  1.16it/s] 90%| | 17900/20000 [4:16:08<30:43,  1.14it/s] 90%| | 17914/20000 [4:16:20<30:30,  1.14it/s] 90%| | 18010/20000 [4:17:48<29:26,  1.13it/s] 90%| | 18022/20000 [4:18:00<29:16,  1.13it/s] 91%| | 18125/20000 [4:19:28<27:34,  1.13it/s] 91%| | 18138/20000 [4:19:40<27:23,  1.13it/s] 91%| | 18236/20000 [4:21:09<26:09,  1.12it/s] 91%|| 18251/20000 [4:21:20<25:56,  1.12it/s] 92%|| 18349/20000 [4:22:49<24:26,  1.13it/s] 92%|| 18361/20000 [4:23:00<24:16,  1.13it/s] 92%|| 18474/20000 [4:24:29<21:53,  1.16it/s] 92%|| 18490/20000 [4:24:40<21:40,  1.16it/s] 93%|| 18618/20000 [4:26:09<18:30,  1.24it/s] 93%|| 18628/20000 [4:26:20<18:22,  1.24it/s] 94%|| 18740/20000 [4:27:50<17:01,  1.23it/s] 94%|| 18763/20000 [4:28:10<16:42,  1.23it/s] 94%|| 18859/20000 [4:29:31<15:36,  1.22it/s] 94%|| 18880/20000 [4:29:50<15:19,  1.22it/s] 95%|| 18972/20000 [4:31:12<14:24,  1.19it/s] 95%|| 18992/20000 [4:31:30<14:07,  1.19it/s] 95%|| 19090/20000 [4:32:52<12:47,  1.19it/s] 96%|| 19117/20000 [4:33:10<12:24,  1.19it/s] 96%|| 19242/20000 [4:34:32<09:49,  1.29it/s] 96%|| 19270/20000 [4:34:50<09:27,  1.29it/s] 97%|| 19395/20000 [4:36:13<07:26,  1.36it/s] 97%|| 19420/20000 [4:36:30<07:07,  1.36it/s] 98%|| 19531/20000 [4:37:53<05:45,  1.36it/s] 98%|| 19557/20000 [4:38:10<05:26,  1.36it/s] 98%|| 19677/20000 [4:39:33<03:53,  1.39it/s] 98%|| 19698/20000 [4:39:50<03:37,  1.39it/s] 99%|| 19790/20000 [4:41:14<02:40,  1.31it/s] 99%|| 19807/20000 [4:41:30<02:27,  1.31it/s]100%|| 19907/20000 [4:42:54<01:13,  1.27it/s]100%|| 19925/20000 [4:43:10<00:59,  1.27it/s]100%|| 20000/20000 [4:44:13<00:00,  1.17it/s]

Analysis complete. Found 1 cluster(s) meeting the MCMC criterion.
Accepted cluster indices: [3]

--- Processing Final Results for Cluster 3 ---
--- MCMC Parameter Constraints for Cluster 3 ---
  x_src = 127.170 +0.267 / -0.159
  y_src = 110.279 +0.243 / -0.320
    z_s = 3.037 +0.063 / -0.050
Saving localization results for Cluster 3...
Processing results for Cluster 3...
-> Saved 340000 samples to /users/hiu-yeung.cheng/clusterlensing/out/row33/test_tidy_row33/cluster_3_posterior.npz
Updated CSV row 33 with result for cluster 3.
Loading data from /users/hiu-yeung.cheng/clusterlensing/out/row33/test_tidy_row33/cluster_3_posterior.npz...

Generating corner plot...
-> Corner plot saved to /users/hiu-yeung.cheng/clusterlensing/out/row33/test_tidy_row33/cluster_3_corner_from_saved.png

Generating trace plot...
-> Trace plot saved to /users/hiu-yeung.cheng/clusterlensing/out/row33/test_tidy_row33/cluster_3_trace.png
