Row=3 OUT_DIR=/users/hiu-yeung.cheng/clusterlensing/out/row3 DE_PROCS=16 MCMC_PROCS=16
DEBUG: Initializing ClusterLensing with z_s_ref = 3.278544068638652
Setup complete. Lensing system initialized.
True time delays: [    0.         12647.74981279 14775.39943354 14790.66035012
 14797.1195627 ]
True luminosity distances: 28282.55523283723
Lensed luminosity distances: [ 10830.06756079   3889.06851178   7713.53724645  12765.54124614
 179744.08447618]

Running the full analysis pipeline...
--- Running DE for Cluster 0 ---
[DE] Process Pool with 16 procs (init=latinhypercube, popsize=50)
differential_evolution step 1: f(x)= 2827.998297890964
differential_evolution step 2: f(x)= 2827.998297890964
differential_evolution step 3: f(x)= 1875.7878094537505
differential_evolution step 4: f(x)= 1875.7878094537505
differential_evolution step 5: f(x)= 405.73474571913096
differential_evolution step 6: f(x)= 405.73474571913096
differential_evolution step 7: f(x)= 405.73474571913096
differential_evolution step 8: f(x)= 265.3717629587737
differential_evolution step 9: f(x)= 265.3717629587737
differential_evolution step 10: f(x)= 265.3717629587737
differential_evolution step 11: f(x)= 265.3717629587737
differential_evolution step 12: f(x)= 265.3717629587737
differential_evolution step 13: f(x)= 265.3717629587737
differential_evolution step 14: f(x)= 265.3717629587737
differential_evolution step 15: f(x)= 265.3717629587737
differential_evolution step 16: f(x)= 240.76128174471808
differential_evolution step 17: f(x)= 240.76128174471808
differential_evolution step 18: f(x)= 240.76128174471808
differential_evolution step 19: f(x)= 240.76128174471808
differential_evolution step 20: f(x)= 240.76128174471808
differential_evolution step 21: f(x)= 240.76128174471808
differential_evolution step 22: f(x)= 217.0990146520029
differential_evolution step 23: f(x)= 217.0990146520029
differential_evolution step 24: f(x)= 217.0990146520029
differential_evolution step 25: f(x)= 217.0990146520029
differential_evolution step 26: f(x)= 188.59882899419821
differential_evolution step 27: f(x)= 144.03830464935504
differential_evolution step 28: f(x)= 144.03830464935504
differential_evolution step 29: f(x)= 144.03830464935504
differential_evolution step 30: f(x)= 144.03830464935504
differential_evolution step 31: f(x)= 144.03830464935504
differential_evolution step 32: f(x)= 144.03830464935504
differential_evolution step 33: f(x)= 144.03830464935504
differential_evolution step 34: f(x)= 144.03830464935504
differential_evolution step 35: f(x)= 123.99990112057007
differential_evolution step 36: f(x)= 92.0733539600372
differential_evolution step 37: f(x)= 92.0733539600372
differential_evolution step 38: f(x)= 36.60300001675413
differential_evolution step 39: f(x)= 36.60300001675413
differential_evolution step 40: f(x)= 36.60300001675413
differential_evolution step 41: f(x)= 36.60300001675413
differential_evolution step 42: f(x)= 36.60300001675413
differential_evolution step 43: f(x)= 36.60300001675413
differential_evolution step 44: f(x)= 36.60300001675413
differential_evolution step 45: f(x)= 36.60300001675413
differential_evolution step 46: f(x)= 36.60300001675413
differential_evolution step 47: f(x)= 36.60300001675413
differential_evolution step 48: f(x)= 22.136319910087394
differential_evolution step 49: f(x)= 22.136319910087394
differential_evolution step 50: f(x)= 22.136319910087394
differential_evolution step 51: f(x)= 22.136319910087394
differential_evolution step 52: f(x)= 22.136319910087394
differential_evolution step 53: f(x)= 22.136319910087394
differential_evolution step 54: f(x)= 22.136319910087394
differential_evolution step 55: f(x)= 22.136319910087394
differential_evolution step 56: f(x)= 22.136319910087394
differential_evolution step 57: f(x)= 22.136319910087394
differential_evolution step 58: f(x)= 22.136319910087394
differential_evolution step 59: f(x)= 22.136319910087394
differential_evolution step 60: f(x)= 22.136319910087394
differential_evolution step 61: f(x)= 22.136319910087394
differential_evolution step 62: f(x)= 22.136319910087394
differential_evolution step 63: f(x)= 22.136319910087394
differential_evolution step 64: f(x)= 22.136319910087394
differential_evolution step 65: f(x)= 22.136319910087394
differential_evolution step 66: f(x)= 22.136319910087394
differential_evolution step 67: f(x)= 22.136319910087394
differential_evolution step 68: f(x)= 22.136319910087394
differential_evolution step 69: f(x)= 22.136319910087394
differential_evolution step 70: f(x)= 22.136319910087394
differential_evolution step 71: f(x)= 22.136319910087394
differential_evolution step 72: f(x)= 22.136319910087394
differential_evolution step 73: f(x)= 18.153107547935775
differential_evolution step 74: f(x)= 18.153107547935775
differential_evolution step 75: f(x)= 18.153107547935775
differential_evolution step 76: f(x)= 18.153107547935775
differential_evolution step 77: f(x)= 18.153107547935775
differential_evolution step 78: f(x)= 18.153107547935775
differential_evolution step 79: f(x)= 18.153107547935775
differential_evolution step 80: f(x)= 18.153107547935775
differential_evolution step 81: f(x)= 18.153107547935775
differential_evolution step 82: f(x)= 18.153107547935775
differential_evolution step 83: f(x)= 18.153107547935775
differential_evolution step 84: f(x)= 10.538213378632756
differential_evolution step 85: f(x)= 10.538213378632756
differential_evolution step 86: f(x)= 10.538213378632756
differential_evolution step 87: f(x)= 10.538213378632756
differential_evolution step 88: f(x)= 10.538213378632756
differential_evolution step 89: f(x)= 10.538213378632756
differential_evolution step 90: f(x)= 10.538213378632756
differential_evolution step 91: f(x)= 10.538213378632756
differential_evolution step 92: f(x)= 10.538213378632756
differential_evolution step 93: f(x)= 6.2230500669747215
differential_evolution step 94: f(x)= 6.2230500669747215
differential_evolution step 95: f(x)= 6.2230500669747215
differential_evolution step 96: f(x)= 6.2230500669747215
differential_evolution step 97: f(x)= 6.2230500669747215
differential_evolution step 98: f(x)= 6.2230500669747215
differential_evolution step 99: f(x)= 6.2230500669747215
differential_evolution step 100: f(x)= 6.2230500669747215
differential_evolution step 101: f(x)= 6.2230500669747215
differential_evolution step 102: f(x)= 6.2230500669747215
differential_evolution step 103: f(x)= 6.2230500669747215
differential_evolution step 104: f(x)= 6.2230500669747215
differential_evolution step 105: f(x)= 6.2230500669747215
differential_evolution step 106: f(x)= 6.2230500669747215
differential_evolution step 107: f(x)= 6.2230500669747215
differential_evolution step 108: f(x)= 6.2230500669747215
differential_evolution step 109: f(x)= 6.2230500669747215
differential_evolution step 110: f(x)= 6.2230500669747215
differential_evolution step 111: f(x)= 6.2230500669747215
differential_evolution step 112: f(x)= 6.2230500669747215
differential_evolution step 113: f(x)= 2.0853019248389493
differential_evolution step 114: f(x)= 2.0853019248389493
differential_evolution step 115: f(x)= 2.0853019248389493
differential_evolution step 116: f(x)= 2.0853019248389493
differential_evolution step 117: f(x)= 2.0853019248389493
differential_evolution step 118: f(x)= 2.0853019248389493
differential_evolution step 119: f(x)= 2.0853019248389493
differential_evolution step 120: f(x)= 2.0853019248389493
differential_evolution step 121: f(x)= 2.0853019248389493
differential_evolution step 122: f(x)= 1.6045508396942734
differential_evolution step 123: f(x)= 1.6045508396942734
differential_evolution step 124: f(x)= 1.6045508396942734
differential_evolution step 125: f(x)= 1.6045508396942734
differential_evolution step 126: f(x)= 1.6045508396942734
differential_evolution step 127: f(x)= 1.512518450813667
differential_evolution step 128: f(x)= 1.512518450813667
differential_evolution step 129: f(x)= 1.512518450813667
differential_evolution step 130: f(x)= 1.512518450813667
differential_evolution step 131: f(x)= 0.49161531470000797
differential_evolution step 132: f(x)= 0.49161531470000797
differential_evolution step 133: f(x)= 0.49161531470000797
differential_evolution step 134: f(x)= 0.49161531470000797
differential_evolution step 135: f(x)= 0.49161531470000797
differential_evolution step 136: f(x)= 0.49161531470000797
differential_evolution step 137: f(x)= 0.49161531470000797
differential_evolution step 138: f(x)= 0.49161531470000797
differential_evolution step 139: f(x)= 0.49161531470000797
differential_evolution step 140: f(x)= 0.15556201057602997
differential_evolution step 141: f(x)= 0.1130840745150959
differential_evolution step 142: f(x)= 0.1130840745150959
differential_evolution step 143: f(x)= 0.1130840745150959
differential_evolution step 144: f(x)= 0.1130840745150959
differential_evolution step 145: f(x)= 0.1130840745150959
differential_evolution step 146: f(x)= 0.1130840745150959
differential_evolution step 147: f(x)= 0.1130840745150959
differential_evolution step 148: f(x)= 0.09328832585708031
differential_evolution step 149: f(x)= 0.04771115687875016
differential_evolution step 150: f(x)= 0.04771115687875016
differential_evolution step 151: f(x)= 0.04771115687875016
differential_evolution step 152: f(x)= 0.04771115687875016
differential_evolution step 153: f(x)= 0.016982028891864002
Cluster 0 DE best chi^2: 0.017 with params {'x_src': np.float64(80.85790177662254), 'y_src': np.float64(80.46857057773694), 'z_s': np.float64(3.285928692623663)}
--- Running DE for Cluster 1 ---
[DE] Process Pool with 16 procs (init=latinhypercube, popsize=50)
differential_evolution step 1: f(x)= 3000.0
differential_evolution step 2: f(x)= 3000.0
differential_evolution step 3: f(x)= 3000.0
differential_evolution step 4: f(x)= 3000.0
differential_evolution step 5: f(x)= 3000.0
differential_evolution step 6: f(x)= 3000.0
differential_evolution step 7: f(x)= 3000.0
differential_evolution step 8: f(x)= 3000.0
differential_evolution step 9: f(x)= 3000.0
differential_evolution step 10: f(x)= 3000.0
differential_evolution step 11: f(x)= 3000.0
differential_evolution step 12: f(x)= 3000.0
differential_evolution step 13: f(x)= 3000.0
differential_evolution step 14: f(x)= 3000.0
differential_evolution step 15: f(x)= 3000.0
differential_evolution step 16: f(x)= 3000.0
differential_evolution step 17: f(x)= 3000.0
differential_evolution step 18: f(x)= 3000.0
differential_evolution step 19: f(x)= 3000.0
differential_evolution step 20: f(x)= 3000.0
differential_evolution step 21: f(x)= 3000.0
differential_evolution step 22: f(x)= 3000.0
differential_evolution step 23: f(x)= 3000.0
differential_evolution step 24: f(x)= 3000.0
differential_evolution step 25: f(x)= 3000.0
differential_evolution step 26: f(x)= 3000.0
differential_evolution step 27: f(x)= 3000.0
differential_evolution step 28: f(x)= 3000.0
differential_evolution step 29: f(x)= 3000.0
differential_evolution step 30: f(x)= 3000.0
differential_evolution step 31: f(x)= 3000.0
differential_evolution step 32: f(x)= 3000.0
differential_evolution step 33: f(x)= 3000.0
differential_evolution step 34: f(x)= 3000.0
Cluster 1 DE best chi^2: 3000.000 with params {'x_src': np.float64(202.40440916088852), 'y_src': np.float64(194.0383709144209), 'z_s': np.float64(4.0259082402350215)}
--- Running DE for Cluster 2 ---
[DE] Process Pool with 16 procs (init=latinhypercube, popsize=50)
differential_evolution step 1: f(x)= 3223.067968343543
differential_evolution step 2: f(x)= 596.3871778463787
differential_evolution step 3: f(x)= 596.3871778463787
differential_evolution step 4: f(x)= 394.34870524454436
differential_evolution step 5: f(x)= 394.34870524454436
differential_evolution step 6: f(x)= 394.34870524454436
differential_evolution step 7: f(x)= 394.34870524454436
differential_evolution step 8: f(x)= 394.34870524454436
differential_evolution step 9: f(x)= 394.34870524454436
differential_evolution step 10: f(x)= 286.234070323069
differential_evolution step 11: f(x)= 247.48883364700802
differential_evolution step 12: f(x)= 247.48883364700802
differential_evolution step 13: f(x)= 242.22342106124464
differential_evolution step 14: f(x)= 242.22342106124464
differential_evolution step 15: f(x)= 242.22342106124464
differential_evolution step 16: f(x)= 242.22342106124464
differential_evolution step 17: f(x)= 151.96302560767856
differential_evolution step 18: f(x)= 151.96302560767856
differential_evolution step 19: f(x)= 151.96302560767856
differential_evolution step 20: f(x)= 151.96302560767856
differential_evolution step 21: f(x)= 151.96302560767856
differential_evolution step 22: f(x)= 151.96302560767856
differential_evolution step 23: f(x)= 151.96302560767856
differential_evolution step 24: f(x)= 140.86008656259457
differential_evolution step 25: f(x)= 140.86008656259457
differential_evolution step 26: f(x)= 140.86008656259457
differential_evolution step 27: f(x)= 140.86008656259457
differential_evolution step 28: f(x)= 140.86008656259457
differential_evolution step 29: f(x)= 140.86008656259457
differential_evolution step 30: f(x)= 140.86008656259457
differential_evolution step 31: f(x)= 140.86008656259457
differential_evolution step 32: f(x)= 140.86008656259457
differential_evolution step 33: f(x)= 140.86008656259457
differential_evolution step 34: f(x)= 140.86008656259457
differential_evolution step 35: f(x)= 140.86008656259457
differential_evolution step 36: f(x)= 140.86008656259457
differential_evolution step 37: f(x)= 140.86008656259457
differential_evolution step 38: f(x)= 138.86914906788047
differential_evolution step 39: f(x)= 138.86914906788047
differential_evolution step 40: f(x)= 138.86914906788047
differential_evolution step 41: f(x)= 138.86914906788047
differential_evolution step 42: f(x)= 138.86914906788047
differential_evolution step 43: f(x)= 130.0442095328233
differential_evolution step 44: f(x)= 127.4364503912883
differential_evolution step 45: f(x)= 127.4364503912883
differential_evolution step 46: f(x)= 127.4364503912883
differential_evolution step 47: f(x)= 127.30904825799891
differential_evolution step 48: f(x)= 127.30904825799891
differential_evolution step 49: f(x)= 127.30904825799891
differential_evolution step 50: f(x)= 127.30904825799891
differential_evolution step 51: f(x)= 127.30904825799891
differential_evolution step 52: f(x)= 127.30904825799891
differential_evolution step 53: f(x)= 127.30904825799891
differential_evolution step 54: f(x)= 127.30904825799891
differential_evolution step 55: f(x)= 127.30904825799891
differential_evolution step 56: f(x)= 127.30904825799891
differential_evolution step 57: f(x)= 127.30904825799891
differential_evolution step 58: f(x)= 127.30904825799891
differential_evolution step 59: f(x)= 127.30904825799891
differential_evolution step 60: f(x)= 127.30904825799891
differential_evolution step 61: f(x)= 126.48784205163273
differential_evolution step 62: f(x)= 126.48784205163273
differential_evolution step 63: f(x)= 126.48784205163273
differential_evolution step 64: f(x)= 126.48784205163273
differential_evolution step 65: f(x)= 126.48784205163273
differential_evolution step 66: f(x)= 126.48784205163273
differential_evolution step 67: f(x)= 126.48784205163273
differential_evolution step 68: f(x)= 126.48784205163273
differential_evolution step 69: f(x)= 126.48784205163273
differential_evolution step 70: f(x)= 126.08404223684636
differential_evolution step 71: f(x)= 126.08404223684636
differential_evolution step 72: f(x)= 126.08404223684636
differential_evolution step 73: f(x)= 126.08404223684636
differential_evolution step 74: f(x)= 126.08404223684636
differential_evolution step 75: f(x)= 126.08404223684636
differential_evolution step 76: f(x)= 126.08404223684636
differential_evolution step 77: f(x)= 126.08404223684636
differential_evolution step 78: f(x)= 126.08404223684636
differential_evolution step 79: f(x)= 126.08404223684636
differential_evolution step 80: f(x)= 125.78416815043771
differential_evolution step 81: f(x)= 125.78416815043771
differential_evolution step 82: f(x)= 125.78416815043771
differential_evolution step 83: f(x)= 125.78416815043771
differential_evolution step 84: f(x)= 125.78416815043771
differential_evolution step 85: f(x)= 125.78416815043771
differential_evolution step 86: f(x)= 125.78416815043771
differential_evolution step 87: f(x)= 125.78416815043771
differential_evolution step 88: f(x)= 125.76149659985838
differential_evolution step 89: f(x)= 125.76149659985838
differential_evolution step 90: f(x)= 125.76149659985838
differential_evolution step 91: f(x)= 125.76149659985838
differential_evolution step 92: f(x)= 125.76149659985838
differential_evolution step 93: f(x)= 125.76149659985838
differential_evolution step 94: f(x)= 125.76149659985838
differential_evolution step 95: f(x)= 125.76149659985838
differential_evolution step 96: f(x)= 125.76149659985838
differential_evolution step 97: f(x)= 125.76149659985838
differential_evolution step 98: f(x)= 125.73158092453878
differential_evolution step 99: f(x)= 125.73158092453878
differential_evolution step 100: f(x)= 125.603989307423
differential_evolution step 101: f(x)= 125.603989307423
differential_evolution step 102: f(x)= 125.603989307423
differential_evolution step 103: f(x)= 125.55648929136302
differential_evolution step 104: f(x)= 125.55648929136302
differential_evolution step 105: f(x)= 125.54328283108998
differential_evolution step 106: f(x)= 125.54328283108998
differential_evolution step 107: f(x)= 125.54328283108998
differential_evolution step 108: f(x)= 125.54328283108998
differential_evolution step 109: f(x)= 125.54328283108998
differential_evolution step 110: f(x)= 125.46888339102918
differential_evolution step 111: f(x)= 125.46888339102918
differential_evolution step 112: f(x)= 125.46888339102918
differential_evolution step 113: f(x)= 125.45162519765445
differential_evolution step 114: f(x)= 125.45162519765445
differential_evolution step 115: f(x)= 125.45162519765445
differential_evolution step 116: f(x)= 125.45162519765445
differential_evolution step 117: f(x)= 125.44653826719605
differential_evolution step 118: f(x)= 125.44653826719605
differential_evolution step 119: f(x)= 125.44653826719605
differential_evolution step 120: f(x)= 125.44653826719605
differential_evolution step 121: f(x)= 125.44653826719605
differential_evolution step 122: f(x)= 125.44653826719605
differential_evolution step 123: f(x)= 125.33689047515617
differential_evolution step 124: f(x)= 125.33689047515617
differential_evolution step 125: f(x)= 125.33689047515617
differential_evolution step 126: f(x)= 125.33689047515617
differential_evolution step 127: f(x)= 125.33689047515617
differential_evolution step 128: f(x)= 125.33689047515617
differential_evolution step 129: f(x)= 125.33689047515617
differential_evolution step 130: f(x)= 125.33689047515617
differential_evolution step 131: f(x)= 125.33689047515617
differential_evolution step 132: f(x)= 125.33689047515617
differential_evolution step 133: f(x)= 125.33689047515617
differential_evolution step 134: f(x)= 125.33689047515617
differential_evolution step 135: f(x)= 125.33689047515617
differential_evolution step 136: f(x)= 125.33689047515617
differential_evolution step 137: f(x)= 125.33689047515617
differential_evolution step 138: f(x)= 125.33689047515617
differential_evolution step 139: f(x)= 125.33689047515617
differential_evolution step 140: f(x)= 125.33689047515617
differential_evolution step 141: f(x)= 125.33689047515617
differential_evolution step 142: f(x)= 125.33689047515617
differential_evolution step 143: f(x)= 125.33689047515617
differential_evolution step 144: f(x)= 125.33689047515617
differential_evolution step 145: f(x)= 125.33689047515617
differential_evolution step 146: f(x)= 125.33689047515617
differential_evolution step 147: f(x)= 125.33689047515617
differential_evolution step 148: f(x)= 125.33689047515617
differential_evolution step 149: f(x)= 125.33689047515617
differential_evolution step 150: f(x)= 125.33689047515617
differential_evolution step 151: f(x)= 125.33689047515617
differential_evolution step 152: f(x)= 125.33689047515617
differential_evolution step 153: f(x)= 125.33689047515617
differential_evolution step 154: f(x)= 125.33689047515617
differential_evolution step 155: f(x)= 125.33689047515617
differential_evolution step 156: f(x)= 125.33689047515617
differential_evolution step 157: f(x)= 125.33689047515617
differential_evolution step 158: f(x)= 125.33689047515617
differential_evolution step 159: f(x)= 125.33604690752841
differential_evolution step 160: f(x)= 125.29753736531504
differential_evolution step 161: f(x)= 125.29753736531504
differential_evolution step 162: f(x)= 125.29753736531504
differential_evolution step 163: f(x)= 125.29753736531504
differential_evolution step 164: f(x)= 125.29753736531504
differential_evolution step 165: f(x)= 125.29753736531504
differential_evolution step 166: f(x)= 125.29753736531504
differential_evolution step 167: f(x)= 125.29753736531504
differential_evolution step 168: f(x)= 125.29753736531504
differential_evolution step 169: f(x)= 125.29753736531504
differential_evolution step 170: f(x)= 125.26269666542159
differential_evolution step 171: f(x)= 125.26269666542159
differential_evolution step 172: f(x)= 125.26269666542159
differential_evolution step 173: f(x)= 125.26269666542159
differential_evolution step 174: f(x)= 125.26269666542159
differential_evolution step 175: f(x)= 125.26269666542159
differential_evolution step 176: f(x)= 125.26269666542159
differential_evolution step 177: f(x)= 125.26269666542159
differential_evolution step 178: f(x)= 125.26269666542159
differential_evolution step 179: f(x)= 125.24674546036785
differential_evolution step 180: f(x)= 125.24674546036785
differential_evolution step 181: f(x)= 125.24674546036785
differential_evolution step 182: f(x)= 125.24674546036785
differential_evolution step 183: f(x)= 125.24674546036785
differential_evolution step 184: f(x)= 125.24674546036785
differential_evolution step 185: f(x)= 125.24674546036785
differential_evolution step 186: f(x)= 125.24674546036785
differential_evolution step 187: f(x)= 125.24674546036785
differential_evolution step 188: f(x)= 125.24674546036785
differential_evolution step 189: f(x)= 125.21368424404935
differential_evolution step 190: f(x)= 125.21368424404935
differential_evolution step 191: f(x)= 125.21368424404935
differential_evolution step 192: f(x)= 125.21368424404935
differential_evolution step 193: f(x)= 125.21368424404935
differential_evolution step 194: f(x)= 125.21368424404935
differential_evolution step 195: f(x)= 125.21368424404935
differential_evolution step 196: f(x)= 125.21368424404935
differential_evolution step 197: f(x)= 125.21368424404935
differential_evolution step 198: f(x)= 125.21368424404935
differential_evolution step 199: f(x)= 125.21368424404935
differential_evolution step 200: f(x)= 125.21368424404935
Cluster 2 DE best chi^2: 125.214 with params {'x_src': np.float64(100.60142393641844), 'y_src': np.float64(103.57638227051447), 'z_s': np.float64(2.1964856446684005)}
--- Running DE for Cluster 3 ---
[DE] Process Pool with 16 procs (init=latinhypercube, popsize=50)
differential_evolution step 1: f(x)= 3000.0
differential_evolution step 2: f(x)= 3000.0
differential_evolution step 3: f(x)= 3000.0
differential_evolution step 4: f(x)= 2175.2687991691837
differential_evolution step 5: f(x)= 2175.2687991691837
differential_evolution step 6: f(x)= 2175.2687991691837
differential_evolution step 7: f(x)= 2175.2687991691837
differential_evolution step 8: f(x)= 2175.2687991691837
differential_evolution step 9: f(x)= 2175.2687991691837
differential_evolution step 10: f(x)= 2175.2687991691837
differential_evolution step 11: f(x)= 1199.20537669115
differential_evolution step 12: f(x)= 1199.20537669115
differential_evolution step 13: f(x)= 1199.20537669115
differential_evolution step 14: f(x)= 1199.20537669115
differential_evolution step 15: f(x)= 740.4438082075802
differential_evolution step 16: f(x)= 740.4438082075802
differential_evolution step 17: f(x)= 740.4438082075802
differential_evolution step 18: f(x)= 740.4438082075802
differential_evolution step 19: f(x)= 740.4438082075802
differential_evolution step 20: f(x)= 740.4438082075802
differential_evolution step 21: f(x)= 740.4438082075802
differential_evolution step 22: f(x)= 740.4438082075802
differential_evolution step 23: f(x)= 740.4438082075802
differential_evolution step 24: f(x)= 740.4438082075802
differential_evolution step 25: f(x)= 740.4438082075802
differential_evolution step 26: f(x)= 740.4438082075802
differential_evolution step 27: f(x)= 740.4438082075802
differential_evolution step 28: f(x)= 740.4438082075802
differential_evolution step 29: f(x)= 740.4438082075802
differential_evolution step 30: f(x)= 740.4438082075802
differential_evolution step 31: f(x)= 740.4438082075802
differential_evolution step 32: f(x)= 740.4438082075802
differential_evolution step 33: f(x)= 740.4438082075802
differential_evolution step 34: f(x)= 740.4438082075802
differential_evolution step 35: f(x)= 740.4438082075802
differential_evolution step 36: f(x)= 740.4438082075802
differential_evolution step 37: f(x)= 740.4438082075802
differential_evolution step 38: f(x)= 740.4438082075802
differential_evolution step 39: f(x)= 740.4438082075802
differential_evolution step 40: f(x)= 740.4438082075802
differential_evolution step 41: f(x)= 740.4438082075802
differential_evolution step 42: f(x)= 740.4438082075802
differential_evolution step 43: f(x)= 740.4438082075802
differential_evolution step 44: f(x)= 740.4438082075802
differential_evolution step 45: f(x)= 740.4438082075802
differential_evolution step 46: f(x)= 740.4438082075802
differential_evolution step 47: f(x)= 740.4438082075802
differential_evolution step 48: f(x)= 740.4438082075802
differential_evolution step 49: f(x)= 740.4438082075802
differential_evolution step 50: f(x)= 740.4438082075802
differential_evolution step 51: f(x)= 603.320928342404
differential_evolution step 52: f(x)= 603.320928342404
differential_evolution step 53: f(x)= 603.320928342404
differential_evolution step 54: f(x)= 603.320928342404
differential_evolution step 55: f(x)= 603.320928342404
differential_evolution step 56: f(x)= 603.320928342404
differential_evolution step 57: f(x)= 603.320928342404
differential_evolution step 58: f(x)= 222.30405008322003
differential_evolution step 59: f(x)= 222.30405008322003
differential_evolution step 60: f(x)= 222.30405008322003
differential_evolution step 61: f(x)= 222.30405008322003
differential_evolution step 62: f(x)= 222.30405008322003
differential_evolution step 63: f(x)= 222.30405008322003
differential_evolution step 64: f(x)= 222.30405008322003
differential_evolution step 65: f(x)= 222.30405008322003
differential_evolution step 66: f(x)= 222.30405008322003
differential_evolution step 67: f(x)= 222.30405008322003
differential_evolution step 68: f(x)= 222.30405008322003
differential_evolution step 69: f(x)= 222.30405008322003
differential_evolution step 70: f(x)= 222.30405008322003
differential_evolution step 71: f(x)= 222.30405008322003
differential_evolution step 72: f(x)= 222.30405008322003
differential_evolution step 73: f(x)= 222.30405008322003
differential_evolution step 74: f(x)= 222.30405008322003
differential_evolution step 75: f(x)= 222.30405008322003
differential_evolution step 76: f(x)= 222.30405008322003
differential_evolution step 77: f(x)= 222.30405008322003
differential_evolution step 78: f(x)= 222.30405008322003
differential_evolution step 79: f(x)= 222.30405008322003
differential_evolution step 80: f(x)= 222.30405008322003
differential_evolution step 81: f(x)= 222.30405008322003
differential_evolution step 82: f(x)= 222.30405008322003
differential_evolution step 83: f(x)= 222.30405008322003
differential_evolution step 84: f(x)= 222.30405008322003
differential_evolution step 85: f(x)= 222.30405008322003
differential_evolution step 86: f(x)= 222.30405008322003
differential_evolution step 87: f(x)= 222.30405008322003
differential_evolution step 88: f(x)= 222.30405008322003
differential_evolution step 89: f(x)= 222.30405008322003
differential_evolution step 90: f(x)= 222.30405008322003
differential_evolution step 91: f(x)= 222.30405008322003
differential_evolution step 92: f(x)= 222.30405008322003
differential_evolution step 93: f(x)= 222.30405008322003
differential_evolution step 94: f(x)= 222.30405008322003
differential_evolution step 95: f(x)= 222.30405008322003
differential_evolution step 96: f(x)= 222.30405008322003
differential_evolution step 97: f(x)= 222.30405008322003
differential_evolution step 98: f(x)= 222.30405008322003
differential_evolution step 99: f(x)= 222.30405008322003
differential_evolution step 100: f(x)= 222.30405008322003
differential_evolution step 101: f(x)= 222.30405008322003
differential_evolution step 102: f(x)= 222.30405008322003
differential_evolution step 103: f(x)= 222.30405008322003
differential_evolution step 104: f(x)= 222.30405008322003
differential_evolution step 105: f(x)= 222.30405008322003
differential_evolution step 106: f(x)= 222.30405008322003
differential_evolution step 107: f(x)= 222.30405008322003
differential_evolution step 108: f(x)= 222.30405008322003
differential_evolution step 109: f(x)= 222.30405008322003
differential_evolution step 110: f(x)= 222.30405008322003
differential_evolution step 111: f(x)= 222.30405008322003
differential_evolution step 112: f(x)= 222.30405008322003
differential_evolution step 113: f(x)= 222.30405008322003
differential_evolution step 114: f(x)= 222.30405008322003
differential_evolution step 115: f(x)= 222.30405008322003
differential_evolution step 116: f(x)= 222.30405008322003
differential_evolution step 117: f(x)= 222.30405008322003
differential_evolution step 118: f(x)= 222.30405008322003
differential_evolution step 119: f(x)= 222.30405008322003
differential_evolution step 120: f(x)= 222.30405008322003
differential_evolution step 121: f(x)= 222.30405008322003
differential_evolution step 122: f(x)= 222.30405008322003
differential_evolution step 123: f(x)= 219.18658681236496
differential_evolution step 124: f(x)= 219.18658681236496
differential_evolution step 125: f(x)= 212.1568209185627
differential_evolution step 126: f(x)= 212.1568209185627
differential_evolution step 127: f(x)= 207.88039423395855
differential_evolution step 128: f(x)= 207.88039423395855
differential_evolution step 129: f(x)= 207.88039423395855
differential_evolution step 130: f(x)= 207.88039423395855
differential_evolution step 131: f(x)= 207.49239619659647
differential_evolution step 132: f(x)= 207.49239619659647
differential_evolution step 133: f(x)= 207.49239619659647
differential_evolution step 134: f(x)= 207.49239619659647
differential_evolution step 135: f(x)= 207.49239619659647
differential_evolution step 136: f(x)= 207.49239619659647
differential_evolution step 137: f(x)= 207.49239619659647
differential_evolution step 138: f(x)= 206.09918271090743
differential_evolution step 139: f(x)= 200.52812938124887
differential_evolution step 140: f(x)= 200.52812938124887
differential_evolution step 141: f(x)= 200.52812938124887
differential_evolution step 142: f(x)= 200.52812938124887
differential_evolution step 143: f(x)= 200.52812938124887
differential_evolution step 144: f(x)= 199.13479698813336
differential_evolution step 145: f(x)= 199.13479698813336
differential_evolution step 146: f(x)= 199.13479698813336
differential_evolution step 147: f(x)= 199.13479698813336
differential_evolution step 148: f(x)= 199.13479698813336
differential_evolution step 149: f(x)= 199.13479698813336
differential_evolution step 150: f(x)= 195.55805344053698
differential_evolution step 151: f(x)= 195.55805344053698
differential_evolution step 152: f(x)= 195.55805344053698
differential_evolution step 153: f(x)= 195.55805344053698
differential_evolution step 154: f(x)= 195.55805344053698
differential_evolution step 155: f(x)= 195.55805344053698
differential_evolution step 156: f(x)= 195.55805344053698
differential_evolution step 157: f(x)= 195.55805344053698
differential_evolution step 158: f(x)= 195.55805344053698
differential_evolution step 159: f(x)= 195.55805344053698
differential_evolution step 160: f(x)= 194.86910022025137
differential_evolution step 161: f(x)= 194.86910022025137
differential_evolution step 162: f(x)= 194.86910022025137
differential_evolution step 163: f(x)= 194.86910022025137
differential_evolution step 164: f(x)= 194.73291496510743
differential_evolution step 165: f(x)= 194.73291496510743
differential_evolution step 166: f(x)= 194.73291496510743
differential_evolution step 167: f(x)= 194.73291496510743
differential_evolution step 168: f(x)= 194.73291496510743
differential_evolution step 169: f(x)= 194.73291496510743
differential_evolution step 170: f(x)= 194.4358269931696
differential_evolution step 171: f(x)= 194.4358269931696
differential_evolution step 172: f(x)= 194.4358269931696
differential_evolution step 173: f(x)= 194.4358269931696
differential_evolution step 174: f(x)= 194.4358269931696
differential_evolution step 175: f(x)= 194.4358269931696
differential_evolution step 176: f(x)= 194.4358269931696
differential_evolution step 177: f(x)= 194.4358269931696
differential_evolution step 178: f(x)= 194.4358269931696
differential_evolution step 179: f(x)= 194.3340930813461
differential_evolution step 180: f(x)= 194.3340930813461
differential_evolution step 181: f(x)= 194.3340930813461
differential_evolution step 182: f(x)= 194.3340930813461
differential_evolution step 183: f(x)= 194.3340930813461
differential_evolution step 184: f(x)= 194.3340930813461
differential_evolution step 185: f(x)= 194.3340930813461
differential_evolution step 186: f(x)= 193.99628374726004
differential_evolution step 187: f(x)= 193.99628374726004
differential_evolution step 188: f(x)= 193.99628374726004
differential_evolution step 189: f(x)= 193.99628374726004
differential_evolution step 190: f(x)= 193.99628374726004
differential_evolution step 191: f(x)= 193.99628374726004
differential_evolution step 192: f(x)= 193.99628374726004
differential_evolution step 193: f(x)= 193.99628374726004
differential_evolution step 194: f(x)= 193.99628374726004
differential_evolution step 195: f(x)= 193.99628374726004
differential_evolution step 196: f(x)= 193.99628374726004
differential_evolution step 197: f(x)= 193.99628374726004
differential_evolution step 198: f(x)= 193.99628374726004
differential_evolution step 199: f(x)= 193.99628374726004
differential_evolution step 200: f(x)= 193.99628374726004
Cluster 3 DE best chi^2: 193.996 with params {'x_src': np.float64(110.67977693544657), 'y_src': np.float64(123.52443171506084), 'z_s': np.float64(3.0515642235817038)}
--- Running DE for Cluster 4 ---
[DE] Process Pool with 16 procs (init=latinhypercube, popsize=50)
differential_evolution step 1: f(x)= 1963.4963267531998
differential_evolution step 2: f(x)= 1963.4963267531998
differential_evolution step 3: f(x)= 784.7160811629556
differential_evolution step 4: f(x)= 784.7160811629556
differential_evolution step 5: f(x)= 784.7160811629556
differential_evolution step 6: f(x)= 784.7160811629556
differential_evolution step 7: f(x)= 784.6432103778989
differential_evolution step 8: f(x)= 784.6432103778989
differential_evolution step 9: f(x)= 784.6432103778989
differential_evolution step 10: f(x)= 784.6432103778989
differential_evolution step 11: f(x)= 784.6432103778989
differential_evolution step 12: f(x)= 784.6432103778989
differential_evolution step 13: f(x)= 784.6432103778989
differential_evolution step 14: f(x)= 784.6432103778989
differential_evolution step 15: f(x)= 784.6432103778989
differential_evolution step 16: f(x)= 375.66146160902997
differential_evolution step 17: f(x)= 375.66146160902997
differential_evolution step 18: f(x)= 375.66146160902997
differential_evolution step 19: f(x)= 132.37112414066914
differential_evolution step 20: f(x)= 132.37112414066914
differential_evolution step 21: f(x)= 132.37112414066914
differential_evolution step 22: f(x)= 132.37112414066914
differential_evolution step 23: f(x)= 132.37112414066914
differential_evolution step 24: f(x)= 132.37112414066914
differential_evolution step 25: f(x)= 132.37112414066914
differential_evolution step 26: f(x)= 132.37112414066914
differential_evolution step 27: f(x)= 132.37112414066914
differential_evolution step 28: f(x)= 132.37112414066914
differential_evolution step 29: f(x)= 132.37112414066914
differential_evolution step 30: f(x)= 132.37112414066914
differential_evolution step 31: f(x)= 132.37112414066914
differential_evolution step 32: f(x)= 132.37112414066914
differential_evolution step 33: f(x)= 132.37112414066914
differential_evolution step 34: f(x)= 132.37112414066914
differential_evolution step 35: f(x)= 132.37112414066914
differential_evolution step 36: f(x)= 95.13745529794365
differential_evolution step 37: f(x)= 95.13745529794365
differential_evolution step 38: f(x)= 95.13745529794365
differential_evolution step 39: f(x)= 95.13745529794365
differential_evolution step 40: f(x)= 95.13745529794365
differential_evolution step 41: f(x)= 95.13745529794365
differential_evolution step 42: f(x)= 95.13745529794365
differential_evolution step 43: f(x)= 95.13745529794365
differential_evolution step 44: f(x)= 95.13745529794365
differential_evolution step 45: f(x)= 95.13745529794365
differential_evolution step 46: f(x)= 95.13745529794365
differential_evolution step 47: f(x)= 95.13745529794365
differential_evolution step 48: f(x)= 95.13745529794365
differential_evolution step 49: f(x)= 95.13745529794365
differential_evolution step 50: f(x)= 95.13745529794365
differential_evolution step 51: f(x)= 95.13745529794365
differential_evolution step 52: f(x)= 95.13745529794365
differential_evolution step 53: f(x)= 95.13745529794365
differential_evolution step 54: f(x)= 95.13745529794365
differential_evolution step 55: f(x)= 95.13745529794365
differential_evolution step 56: f(x)= 95.13745529794365
differential_evolution step 57: f(x)= 95.13745529794365
differential_evolution step 58: f(x)= 95.13745529794365
differential_evolution step 59: f(x)= 95.13745529794365
differential_evolution step 60: f(x)= 95.13745529794365
differential_evolution step 61: f(x)= 95.13745529794365
differential_evolution step 62: f(x)= 95.13745529794365
differential_evolution step 63: f(x)= 95.13745529794365
differential_evolution step 64: f(x)= 95.13745529794365
differential_evolution step 65: f(x)= 95.13745529794365
differential_evolution step 66: f(x)= 95.13745529794365
differential_evolution step 67: f(x)= 95.13745529794365
differential_evolution step 68: f(x)= 95.13745529794365
differential_evolution step 69: f(x)= 95.13745529794365
differential_evolution step 70: f(x)= 95.13745529794365
differential_evolution step 71: f(x)= 95.13745529794365
differential_evolution step 72: f(x)= 95.13745529794365
differential_evolution step 73: f(x)= 95.13745529794365
differential_evolution step 74: f(x)= 95.13745529794365
differential_evolution step 75: f(x)= 95.13745529794365
differential_evolution step 76: f(x)= 95.13745529794365
differential_evolution step 77: f(x)= 95.13745529794365
differential_evolution step 78: f(x)= 95.13745529794365
differential_evolution step 79: f(x)= 95.13745529794365
differential_evolution step 80: f(x)= 95.13745529794365
differential_evolution step 81: f(x)= 95.13745529794365
differential_evolution step 82: f(x)= 95.13745529794365
differential_evolution step 83: f(x)= 95.13745529794365
differential_evolution step 84: f(x)= 95.13745529794365
differential_evolution step 85: f(x)= 95.13745529794365
differential_evolution step 86: f(x)= 95.13745529794365
differential_evolution step 87: f(x)= 95.13745529794365
differential_evolution step 88: f(x)= 95.13745529794365
differential_evolution step 89: f(x)= 95.13745529794365
differential_evolution step 90: f(x)= 95.13745529794365
differential_evolution step 91: f(x)= 95.13745529794365
differential_evolution step 92: f(x)= 95.13745529794365
differential_evolution step 93: f(x)= 95.13745529794365
differential_evolution step 94: f(x)= 95.13745529794365
differential_evolution step 95: f(x)= 95.13745529794365
differential_evolution step 96: f(x)= 95.13745529794365
differential_evolution step 97: f(x)= 95.13745529794365
differential_evolution step 98: f(x)= 95.13745529794365
differential_evolution step 99: f(x)= 95.13745529794365
differential_evolution step 100: f(x)= 95.13745529794365
differential_evolution step 101: f(x)= 95.13745529794365
differential_evolution step 102: f(x)= 95.13745529794365
differential_evolution step 103: f(x)= 95.13745529794365
differential_evolution step 104: f(x)= 95.13745529794365
differential_evolution step 105: f(x)= 95.13745529794365
differential_evolution step 106: f(x)= 95.13745529794365
differential_evolution step 107: f(x)= 95.13745529794365
differential_evolution step 108: f(x)= 95.13745529794365
differential_evolution step 109: f(x)= 95.13745529794365
differential_evolution step 110: f(x)= 95.13745529794365
differential_evolution step 111: f(x)= 95.13745529794365
differential_evolution step 112: f(x)= 95.13745529794365
differential_evolution step 113: f(x)= 95.13745529794365
differential_evolution step 114: f(x)= 95.13745529794365
differential_evolution step 115: f(x)= 95.13745529794365
differential_evolution step 116: f(x)= 95.13745529794365
differential_evolution step 117: f(x)= 95.13745529794365
differential_evolution step 118: f(x)= 95.13745529794365
differential_evolution step 119: f(x)= 95.13745529794365
differential_evolution step 120: f(x)= 95.13745529794365
differential_evolution step 121: f(x)= 95.13745529794365
differential_evolution step 122: f(x)= 95.13745529794365
differential_evolution step 123: f(x)= 95.13745529794365
differential_evolution step 124: f(x)= 95.13745529794365
differential_evolution step 125: f(x)= 95.13745529794365
differential_evolution step 126: f(x)= 95.13745529794365
differential_evolution step 127: f(x)= 58.42857399355221
differential_evolution step 128: f(x)= 58.42857399355221
differential_evolution step 129: f(x)= 58.42857399355221
differential_evolution step 130: f(x)= 58.42857399355221
differential_evolution step 131: f(x)= 58.42857399355221
differential_evolution step 132: f(x)= 58.42857399355221
differential_evolution step 133: f(x)= 58.42857399355221
differential_evolution step 134: f(x)= 58.42857399355221
differential_evolution step 135: f(x)= 58.42857399355221
differential_evolution step 136: f(x)= 58.42857399355221
differential_evolution step 137: f(x)= 58.42857399355221
differential_evolution step 138: f(x)= 58.42857399355221
differential_evolution step 139: f(x)= 58.42857399355221
differential_evolution step 140: f(x)= 58.42857399355221
differential_evolution step 141: f(x)= 58.42857399355221
differential_evolution step 142: f(x)= 58.42857399355221
differential_evolution step 143: f(x)= 58.42857399355221
differential_evolution step 144: f(x)= 58.42857399355221
differential_evolution step 145: f(x)= 58.42857399355221
differential_evolution step 146: f(x)= 58.42857399355221
differential_evolution step 147: f(x)= 58.42857399355221
differential_evolution step 148: f(x)= 58.42857399355221
differential_evolution step 149: f(x)= 58.42857399355221
differential_evolution step 150: f(x)= 58.42857399355221
differential_evolution step 151: f(x)= 58.42857399355221
differential_evolution step 152: f(x)= 58.42857399355221
differential_evolution step 153: f(x)= 58.42857399355221
differential_evolution step 154: f(x)= 58.42857399355221
differential_evolution step 155: f(x)= 58.42857399355221
differential_evolution step 156: f(x)= 58.42857399355221
differential_evolution step 157: f(x)= 53.289552865352825
differential_evolution step 158: f(x)= 53.289552865352825
differential_evolution step 159: f(x)= 53.289552865352825
differential_evolution step 160: f(x)= 53.289552865352825
differential_evolution step 161: f(x)= 53.289552865352825
differential_evolution step 162: f(x)= 53.289552865352825
differential_evolution step 163: f(x)= 53.289552865352825
differential_evolution step 164: f(x)= 53.289552865352825
differential_evolution step 165: f(x)= 53.289552865352825
differential_evolution step 166: f(x)= 53.289552865352825
differential_evolution step 167: f(x)= 53.289552865352825
differential_evolution step 168: f(x)= 53.289552865352825
differential_evolution step 169: f(x)= 53.289552865352825
differential_evolution step 170: f(x)= 53.289552865352825
differential_evolution step 171: f(x)= 53.289552865352825
differential_evolution step 172: f(x)= 53.289552865352825
differential_evolution step 173: f(x)= 53.289552865352825
differential_evolution step 174: f(x)= 53.289552865352825
differential_evolution step 175: f(x)= 53.289552865352825
differential_evolution step 176: f(x)= 53.289552865352825
differential_evolution step 177: f(x)= 53.289552865352825
differential_evolution step 178: f(x)= 53.289552865352825
differential_evolution step 179: f(x)= 53.289552865352825
differential_evolution step 180: f(x)= 48.372457588710084
differential_evolution step 181: f(x)= 48.372457588710084
differential_evolution step 182: f(x)= 48.372457588710084
differential_evolution step 183: f(x)= 48.372457588710084
differential_evolution step 184: f(x)= 48.372457588710084
differential_evolution step 185: f(x)= 48.372457588710084
differential_evolution step 186: f(x)= 48.372457588710084
differential_evolution step 187: f(x)= 48.372457588710084
differential_evolution step 188: f(x)= 48.372457588710084
differential_evolution step 189: f(x)= 48.372457588710084
differential_evolution step 190: f(x)= 48.372457588710084
differential_evolution step 191: f(x)= 48.372457588710084
differential_evolution step 192: f(x)= 48.372457588710084
differential_evolution step 193: f(x)= 47.99757872529391
differential_evolution step 194: f(x)= 47.99757872529391
differential_evolution step 195: f(x)= 47.99757872529391
differential_evolution step 196: f(x)= 47.99757872529391
differential_evolution step 197: f(x)= 47.99757872529391
differential_evolution step 198: f(x)= 47.99757872529391
differential_evolution step 199: f(x)= 47.99757872529391
differential_evolution step 200: f(x)= 47.99757872529391
Cluster 4 DE best chi^2: 47.998 with params {'x_src': np.float64(263.33022726741666), 'y_src': np.float64(252.89334712383666), 'z_s': np.float64(2.137049295892082)}
--- Running DE for Cluster 5 ---
[DE] Process Pool with 16 procs (init=latinhypercube, popsize=50)
differential_evolution step 1: f(x)= 4242.640687119286
differential_evolution step 2: f(x)= 4242.640687119286
differential_evolution step 3: f(x)= 1740.3340224829049
differential_evolution step 4: f(x)= 1740.3340224829049
differential_evolution step 5: f(x)= 1740.3340224829049
differential_evolution step 6: f(x)= 1740.3340224829049
differential_evolution step 7: f(x)= 1740.3340224829049
differential_evolution step 8: f(x)= 1740.3340224829049
differential_evolution step 9: f(x)= 1740.3340224829049
differential_evolution step 10: f(x)= 1740.3340224829049
differential_evolution step 11: f(x)= 1740.3340224829049
differential_evolution step 12: f(x)= 426.6727752945528
differential_evolution step 13: f(x)= 426.6727752945528
differential_evolution step 14: f(x)= 426.6727752945528
differential_evolution step 15: f(x)= 426.6727752945528
differential_evolution step 16: f(x)= 426.6727752945528
differential_evolution step 17: f(x)= 263.23176596633516
differential_evolution step 18: f(x)= 263.23176596633516
differential_evolution step 19: f(x)= 263.23176596633516
differential_evolution step 20: f(x)= 263.23176596633516
differential_evolution step 21: f(x)= 263.23176596633516
differential_evolution step 22: f(x)= 263.23176596633516
differential_evolution step 23: f(x)= 263.23176596633516
differential_evolution step 24: f(x)= 263.23176596633516
differential_evolution step 25: f(x)= 263.23176596633516
differential_evolution step 26: f(x)= 263.23176596633516
differential_evolution step 27: f(x)= 263.23176596633516
differential_evolution step 28: f(x)= 258.23663959608723
differential_evolution step 29: f(x)= 258.23663959608723
differential_evolution step 30: f(x)= 258.23663959608723
differential_evolution step 31: f(x)= 258.23663959608723
differential_evolution step 32: f(x)= 258.23663959608723
differential_evolution step 33: f(x)= 258.23663959608723
differential_evolution step 34: f(x)= 258.23663959608723
differential_evolution step 35: f(x)= 258.23663959608723
differential_evolution step 36: f(x)= 258.23663959608723
differential_evolution step 37: f(x)= 258.23663959608723
differential_evolution step 38: f(x)= 258.23663959608723
differential_evolution step 39: f(x)= 258.23663959608723
differential_evolution step 40: f(x)= 258.23663959608723
differential_evolution step 41: f(x)= 138.07355367055243
differential_evolution step 42: f(x)= 138.07355367055243
differential_evolution step 43: f(x)= 138.07355367055243
differential_evolution step 44: f(x)= 138.07355367055243
differential_evolution step 45: f(x)= 128.8614675832667
differential_evolution step 46: f(x)= 85.3561380058012
differential_evolution step 47: f(x)= 85.3561380058012
differential_evolution step 48: f(x)= 85.3561380058012
differential_evolution step 49: f(x)= 85.3561380058012
differential_evolution step 50: f(x)= 74.85772726747982
differential_evolution step 51: f(x)= 74.85772726747982
differential_evolution step 52: f(x)= 74.85772726747982
differential_evolution step 53: f(x)= 74.85772726747982
differential_evolution step 54: f(x)= 74.85772726747982
differential_evolution step 55: f(x)= 74.85772726747982
differential_evolution step 56: f(x)= 74.85772726747982
differential_evolution step 57: f(x)= 65.51606536018676
differential_evolution step 58: f(x)= 65.51606536018676
differential_evolution step 59: f(x)= 65.51606536018676
differential_evolution step 60: f(x)= 65.51606536018676
differential_evolution step 61: f(x)= 58.52095324719603
differential_evolution step 62: f(x)= 58.52095324719603
differential_evolution step 63: f(x)= 58.52095324719603
differential_evolution step 64: f(x)= 54.87057537589632
differential_evolution step 65: f(x)= 54.87057537589632
differential_evolution step 66: f(x)= 54.87057537589632
differential_evolution step 67: f(x)= 54.87057537589632
differential_evolution step 68: f(x)= 54.87057537589632
differential_evolution step 69: f(x)= 54.87057537589632
differential_evolution step 70: f(x)= 54.87057537589632
differential_evolution step 71: f(x)= 54.87057537589632
differential_evolution step 72: f(x)= 54.87057537589632
differential_evolution step 73: f(x)= 54.80907392199037
differential_evolution step 74: f(x)= 54.80907392199037
differential_evolution step 75: f(x)= 54.80907392199037
differential_evolution step 76: f(x)= 54.80907392199037
differential_evolution step 77: f(x)= 54.80907392199037
differential_evolution step 78: f(x)= 54.22515552509947
differential_evolution step 79: f(x)= 54.22515552509947
differential_evolution step 80: f(x)= 54.22515552509947
differential_evolution step 81: f(x)= 54.22515552509947
differential_evolution step 82: f(x)= 54.22515552509947
differential_evolution step 83: f(x)= 54.22515552509947
differential_evolution step 84: f(x)= 54.22515552509947
differential_evolution step 85: f(x)= 54.22515552509947
differential_evolution step 86: f(x)= 54.22515552509947
differential_evolution step 87: f(x)= 54.22515552509947
differential_evolution step 88: f(x)= 54.22515552509947
differential_evolution step 89: f(x)= 54.22515552509947
differential_evolution step 90: f(x)= 54.22515552509947
differential_evolution step 91: f(x)= 54.22515552509947
differential_evolution step 92: f(x)= 54.187124047337974
differential_evolution step 93: f(x)= 54.187124047337974
differential_evolution step 94: f(x)= 54.005321371239404
differential_evolution step 95: f(x)= 53.970604401310865
differential_evolution step 96: f(x)= 53.68722865094564
differential_evolution step 97: f(x)= 53.68722865094564
differential_evolution step 98: f(x)= 53.68722865094564
differential_evolution step 99: f(x)= 53.68722865094564
differential_evolution step 100: f(x)= 53.68722865094564
differential_evolution step 101: f(x)= 53.68722865094564
differential_evolution step 102: f(x)= 53.68722865094564
differential_evolution step 103: f(x)= 53.68722865094564
differential_evolution step 104: f(x)= 53.68722865094564
differential_evolution step 105: f(x)= 53.67787033801387
differential_evolution step 106: f(x)= 53.67787033801387
differential_evolution step 107: f(x)= 53.67787033801387
differential_evolution step 108: f(x)= 53.65055012809388
differential_evolution step 109: f(x)= 53.65055012809388
differential_evolution step 110: f(x)= 53.65055012809388
differential_evolution step 111: f(x)= 53.65055012809388
differential_evolution step 112: f(x)= 53.63411707121051
differential_evolution step 113: f(x)= 53.63411707121051
differential_evolution step 114: f(x)= 53.63411707121051
differential_evolution step 115: f(x)= 53.63411707121051
differential_evolution step 116: f(x)= 53.63411707121051
differential_evolution step 117: f(x)= 53.63411707121051
differential_evolution step 118: f(x)= 53.63411707121051
differential_evolution step 119: f(x)= 53.632620239772194
differential_evolution step 120: f(x)= 53.632620239772194
differential_evolution step 121: f(x)= 53.632620239772194
differential_evolution step 122: f(x)= 53.632620239772194
differential_evolution step 123: f(x)= 53.632620239772194
differential_evolution step 124: f(x)= 53.629286235863226
differential_evolution step 125: f(x)= 53.62509971587568
differential_evolution step 126: f(x)= 53.62509971587568
differential_evolution step 127: f(x)= 53.62509971587568
differential_evolution step 128: f(x)= 53.62509971587568
differential_evolution step 129: f(x)= 53.62509971587568
differential_evolution step 130: f(x)= 53.62468470957698
differential_evolution step 131: f(x)= 53.61415557755598
differential_evolution step 132: f(x)= 53.6106020739418
differential_evolution step 133: f(x)= 53.6106020739418
differential_evolution step 134: f(x)= 53.59665690910378
differential_evolution step 135: f(x)= 53.59665690910378
differential_evolution step 136: f(x)= 53.59665690910378
differential_evolution step 137: f(x)= 53.59665690910378
differential_evolution step 138: f(x)= 53.592615373031
differential_evolution step 139: f(x)= 53.592615373031
differential_evolution step 140: f(x)= 53.592615373031
differential_evolution step 141: f(x)= 53.592615373031
differential_evolution step 142: f(x)= 53.592615373031
differential_evolution step 143: f(x)= 53.592615373031
differential_evolution step 144: f(x)= 53.592615373031
differential_evolution step 145: f(x)= 53.592615373031
differential_evolution step 146: f(x)= 53.592615373031
differential_evolution step 147: f(x)= 53.589655919340565
differential_evolution step 148: f(x)= 53.589655919340565
differential_evolution step 149: f(x)= 53.589655919340565
differential_evolution step 150: f(x)= 53.589655919340565
differential_evolution step 151: f(x)= 53.589655919340565
differential_evolution step 152: f(x)= 53.589655919340565
differential_evolution step 153: f(x)= 53.589655919340565
differential_evolution step 154: f(x)= 53.589655919340565
differential_evolution step 155: f(x)= 53.589655919340565
differential_evolution step 156: f(x)= 53.589655919340565
differential_evolution step 157: f(x)= 53.58075887140099
differential_evolution step 158: f(x)= 53.58075887140099
differential_evolution step 159: f(x)= 53.58075887140099
differential_evolution step 160: f(x)= 53.58075887140099
differential_evolution step 161: f(x)= 53.58075887140099
differential_evolution step 162: f(x)= 53.58034626653888
differential_evolution step 163: f(x)= 53.58034626653888
differential_evolution step 164: f(x)= 53.58034626653888
differential_evolution step 165: f(x)= 53.57830912033579
differential_evolution step 166: f(x)= 53.57830912033579
differential_evolution step 167: f(x)= 53.57830912033579
differential_evolution step 168: f(x)= 53.57830912033579
differential_evolution step 169: f(x)= 53.57830912033579
differential_evolution step 170: f(x)= 53.57830912033579
differential_evolution step 171: f(x)= 53.57830912033579
differential_evolution step 172: f(x)= 53.57830912033579
differential_evolution step 173: f(x)= 53.57830912033579
differential_evolution step 174: f(x)= 53.57830912033579
differential_evolution step 175: f(x)= 53.57797333470846
differential_evolution step 176: f(x)= 53.57797333470846
differential_evolution step 177: f(x)= 53.57797333470846
differential_evolution step 178: f(x)= 53.57797333470846
differential_evolution step 179: f(x)= 53.57797333470846
differential_evolution step 180: f(x)= 53.57797333470846
differential_evolution step 181: f(x)= 53.57797333470846
differential_evolution step 182: f(x)= 53.57797333470846
differential_evolution step 183: f(x)= 53.57797333470846
differential_evolution step 184: f(x)= 53.57797333470846
differential_evolution step 185: f(x)= 53.57797333470846
differential_evolution step 186: f(x)= 53.57797333470846
differential_evolution step 187: f(x)= 53.57797333470846
differential_evolution step 188: f(x)= 53.57797333470846
differential_evolution step 189: f(x)= 53.57797333470846
differential_evolution step 190: f(x)= 53.57797333470846
differential_evolution step 191: f(x)= 53.57797333470846
differential_evolution step 192: f(x)= 53.57797333470846
differential_evolution step 193: f(x)= 53.577184888167025
differential_evolution step 194: f(x)= 53.57644398441841
differential_evolution step 195: f(x)= 53.57644398441841
differential_evolution step 196: f(x)= 53.57644398441841
differential_evolution step 197: f(x)= 53.57644398441841
differential_evolution step 198: f(x)= 53.57644398441841
differential_evolution step 199: f(x)= 53.57644398441841
differential_evolution step 200: f(x)= 53.57644398441841
Cluster 5 DE best chi^2: 53.576 with params {'x_src': np.float64(148.06548317423807), 'y_src': np.float64(147.65464690640863), 'z_s': np.float64(2.950440780254204)}

--- DE Optimization Summary ---
Best fit found for Cluster 0 with chi^2 = 0.017
Best-fit parameters: {'x_src': np.float64(80.85790177662254), 'y_src': np.float64(80.46857057773694), 'z_s': np.float64(3.285928692623663)}

--- Running MCMC for Cluster 0 (chi_sq=0.017) ---
[MCMC] Process Pool with 16 procs
  0%|          | 0/20000 [00:00<?, ?it/s]  0%|          | 73/20000 [01:41<7:41:19,  1.39s/it]  0%|          | 85/20000 [02:00<7:41:03,  1.39s/it]  1%|          | 142/20000 [03:22<7:54:21,  1.43s/it]  1%|          | 153/20000 [03:40<7:54:05,  1.43s/it]  1%|          | 209/20000 [05:03<8:04:09,  1.47s/it]  1%|          | 218/20000 [05:20<8:03:56,  1.47s/it]  1%|         | 277/20000 [06:45<8:05:22,  1.48s/it]  1%|         | 286/20000 [07:00<8:05:09,  1.48s/it]  2%|         | 349/20000 [08:25<7:53:04,  1.44s/it]  2%|         | 359/20000 [08:40<7:52:50,  1.44s/it]  2%|         | 422/20000 [10:05<7:43:49,  1.42s/it]  2%|         | 432/20000 [10:20<7:43:35,  1.42s/it]  2%|         | 500/20000 [11:46<7:27:32,  1.38s/it]  3%|         | 510/20000 [12:00<7:27:18,  1.38s/it]  3%|         | 574/20000 [13:27<7:23:28,  1.37s/it]  3%|         | 583/20000 [13:40<7:23:16,  1.37s/it]  3%|         | 648/20000 [15:08<7:21:34,  1.37s/it]  3%|         | 657/20000 [15:20<7:21:22,  1.37s/it]  4%|         | 718/20000 [16:49<7:27:29,  1.39s/it]  4%|         | 725/20000 [17:00<7:27:19,  1.39s/it]  4%|         | 790/20000 [18:29<7:25:41,  1.39s/it]  4%|         | 796/20000 [18:40<7:25:33,  1.39s/it]  4%|         | 859/20000 [20:10<7:30:04,  1.41s/it]  4%|         | 873/20000 [20:30<7:29:44,  1.41s/it]  5%|         | 929/20000 [21:50<7:30:41,  1.42s/it]  5%|         | 942/20000 [22:10<7:30:23,  1.42s/it]  5%|         | 1001/20000 [23:30<7:26:16,  1.41s/it]  5%|         | 1015/20000 [23:50<7:25:56,  1.41s/it]  5%|         | 1076/20000 [25:11<7:18:03,  1.39s/it]  5%|         | 1089/20000 [25:30<7:17:45,  1.39s/it]  6%|         | 1149/20000 [26:52<7:16:24,  1.39s/it]  6%|         | 1161/20000 [27:10<7:16:07,  1.39s/it]  6%|         | 1219/20000 [28:34<7:19:57,  1.41s/it]  6%|         | 1229/20000 [28:50<7:19:43,  1.41s/it]  6%|         | 1289/20000 [30:14<7:20:54,  1.41s/it]  6%|         | 1300/20000 [30:30<7:20:39,  1.41s/it]  7%|         | 1360/20000 [31:54<7:19:28,  1.41s/it]  7%|         | 1370/20000 [32:10<7:19:14,  1.41s/it]  7%|         | 1433/20000 [33:36<7:15:40,  1.41s/it]  7%|         | 1442/20000 [33:50<7:15:28,  1.41s/it]  8%|         | 1507/20000 [35:17<7:10:04,  1.40s/it]  8%|         | 1515/20000 [35:30<7:09:53,  1.40s/it]  8%|         | 1576/20000 [36:58<7:13:38,  1.41s/it]  8%|         | 1584/20000 [37:10<7:13:26,  1.41s/it]  8%|         | 1646/20000 [38:38<7:14:01,  1.42s/it]  8%|         | 1654/20000 [38:50<7:13:50,  1.42s/it]  9%|         | 1718/20000 [40:18<7:10:00,  1.41s/it]  9%|         | 1726/20000 [40:30<7:09:49,  1.41s/it]  9%|         | 1797/20000 [41:59<6:54:47,  1.37s/it]  9%|         | 1804/20000 [42:10<6:54:38,  1.37s/it]  9%|         | 1869/20000 [43:39<6:55:13,  1.37s/it]  9%|         | 1876/20000 [43:50<6:55:04,  1.37s/it] 10%|         | 1942/20000 [45:20<6:54:11,  1.38s/it] 10%|         | 1955/20000 [45:40<6:53:53,  1.38s/it] 10%|         | 2013/20000 [47:01<6:56:16,  1.39s/it] 10%|         | 2028/20000 [47:20<6:55:55,  1.39s/it] 10%|         | 2084/20000 [48:42<6:57:40,  1.40s/it] 10%|         | 2097/20000 [49:00<6:57:22,  1.40s/it] 11%|         | 2160/20000 [50:22<6:48:49,  1.37s/it] 11%|         | 2171/20000 [50:40<6:48:34,  1.37s/it] 11%|         | 2232/20000 [52:03<6:49:49,  1.38s/it] 11%|         | 2242/20000 [52:20<6:49:35,  1.38s/it] 12%|        | 2301/20000 [53:44<6:54:00,  1.40s/it] 12%|        | 2312/20000 [54:00<6:53:45,  1.40s/it] 12%|        | 2376/20000 [55:24<6:46:46,  1.38s/it] 12%|        | 2387/20000 [55:40<6:46:30,  1.38s/it] 12%|        | 2454/20000 [57:04<6:35:31,  1.35s/it] 12%|        | 2464/20000 [57:20<6:35:18,  1.35s/it] 13%|        | 2522/20000 [58:45<6:43:56,  1.39s/it] 13%|        | 2532/20000 [59:00<6:43:43,  1.39s/it] 13%|        | 2593/20000 [1:00:26<6:45:34,  1.40s/it] 13%|        | 2604/20000 [1:00:40<6:45:19,  1.40s/it] 13%|        | 2667/20000 [1:02:07<6:40:53,  1.39s/it] 13%|        | 2677/20000 [1:02:20<6:40:40,  1.39s/it] 14%|        | 2741/20000 [1:03:48<6:37:03,  1.38s/it] 14%|        | 2750/20000 [1:04:00<6:36:50,  1.38s/it] 14%|        | 2816/20000 [1:05:29<6:32:19,  1.37s/it] 14%|        | 2825/20000 [1:05:40<6:32:07,  1.37s/it] 14%|        | 2888/20000 [1:07:09<6:32:23,  1.38s/it] 14%|        | 2895/20000 [1:07:20<6:32:13,  1.38s/it] 15%|        | 2960/20000 [1:08:49<6:32:09,  1.38s/it] 15%|        | 2968/20000 [1:09:00<6:31:58,  1.38s/it] 15%|        | 3029/20000 [1:10:30<6:37:10,  1.40s/it] 15%|        | 3042/20000 [1:10:50<6:36:52,  1.40s/it] 16%|        | 3100/20000 [1:12:11<6:37:21,  1.41s/it] 16%|        | 3112/20000 [1:12:30<6:37:04,  1.41s/it] 16%|        | 3166/20000 [1:13:52<6:44:59,  1.44s/it] 16%|        | 3177/20000 [1:14:10<6:44:44,  1.44s/it] 16%|        | 3234/20000 [1:15:33<6:46:36,  1.46s/it] 16%|        | 3248/20000 [1:15:50<6:46:15,  1.46s/it] 17%|        | 3305/20000 [1:17:13<6:41:09,  1.44s/it] 17%|        | 3316/20000 [1:17:30<6:40:53,  1.44s/it] 17%|        | 3375/20000 [1:18:54<6:39:21,  1.44s/it] 17%|        | 3385/20000 [1:19:10<6:39:07,  1.44s/it] 17%|        | 3444/20000 [1:20:34<6:39:00,  1.45s/it] 17%|        | 3454/20000 [1:20:50<6:38:45,  1.45s/it] 18%|        | 3519/20000 [1:22:15<6:28:33,  1.41s/it] 18%|        | 3529/20000 [1:22:30<6:28:19,  1.41s/it] 18%|        | 3588/20000 [1:23:56<6:30:37,  1.43s/it] 18%|        | 3596/20000 [1:24:10<6:30:26,  1.43s/it] 18%|        | 3660/20000 [1:25:37<6:26:46,  1.42s/it] 18%|        | 3669/20000 [1:25:50<6:26:33,  1.42s/it] 19%|        | 3737/20000 [1:27:17<6:14:49,  1.38s/it] 19%|        | 3745/20000 [1:27:30<6:14:38,  1.38s/it] 19%|        | 3807/20000 [1:28:57<6:17:07,  1.40s/it] 19%|        | 3816/20000 [1:29:10<6:16:54,  1.40s/it] 19%|        | 3881/20000 [1:30:39<6:12:59,  1.39s/it] 19%|        | 3887/20000 [1:30:50<6:12:50,  1.39s/it] 20%|        | 3951/20000 [1:32:20<6:15:55,  1.41s/it] 20%|        | 3963/20000 [1:32:40<6:15:38,  1.41s/it] 20%|        | 4023/20000 [1:34:02<6:14:44,  1.41s/it] 20%|        | 4037/20000 [1:34:20<6:14:24,  1.41s/it] 21%|        | 4103/20000 [1:35:42<5:59:44,  1.36s/it] 21%|        | 4114/20000 [1:36:00<5:59:29,  1.36s/it] 21%|        | 4171/20000 [1:37:23<6:07:36,  1.39s/it] 21%|        | 4183/20000 [1:37:40<6:07:19,  1.39s/it] 21%|        | 4247/20000 [1:39:04<6:00:52,  1.37s/it] 21%|       | 4259/20000 [1:39:20<6:00:36,  1.37s/it] 22%|       | 4320/20000 [1:40:45<5:59:24,  1.38s/it] 22%|       | 4330/20000 [1:41:00<5:59:10,  1.38s/it] 22%|       | 4393/20000 [1:42:26<5:58:33,  1.38s/it] 22%|       | 4403/20000 [1:42:40<5:58:20,  1.38s/it] 22%|       | 4465/20000 [1:44:07<5:58:31,  1.38s/it] 22%|       | 4475/20000 [1:44:20<5:58:17,  1.38s/it] 23%|       | 4538/20000 [1:45:47<5:56:17,  1.38s/it] 23%|       | 4546/20000 [1:46:00<5:56:06,  1.38s/it] 23%|       | 4611/20000 [1:47:27<5:53:53,  1.38s/it] 23%|       | 4620/20000 [1:47:40<5:53:40,  1.38s/it] 23%|       | 4683/20000 [1:49:09<5:54:11,  1.39s/it] 23%|       | 4690/20000 [1:49:20<5:54:01,  1.39s/it] 24%|       | 4762/20000 [1:50:49<5:43:21,  1.35s/it] 24%|       | 4769/20000 [1:51:00<5:43:12,  1.35s/it] 24%|       | 4836/20000 [1:52:31<5:42:50,  1.36s/it] 24%|       | 4849/20000 [1:52:50<5:42:32,  1.36s/it] 25%|       | 4910/20000 [1:54:12<5:42:08,  1.36s/it] 25%|       | 4922/20000 [1:54:30<5:41:52,  1.36s/it] 25%|       | 4984/20000 [1:55:52<5:39:55,  1.36s/it] 25%|       | 4996/20000 [1:56:10<5:39:39,  1.36s/it] 25%|       | 5058/20000 [1:57:33<5:38:20,  1.36s/it] 25%|       | 5070/20000 [1:57:50<5:38:03,  1.36s/it] 26%|       | 5130/20000 [1:59:14<5:40:21,  1.37s/it] 26%|       | 5141/20000 [1:59:30<5:40:06,  1.37s/it] 26%|       | 5201/20000 [2:00:55<5:42:11,  1.39s/it] 26%|       | 5212/20000 [2:01:10<5:41:56,  1.39s/it] 26%|       | 5277/20000 [2:02:36<5:35:52,  1.37s/it] 26%|       | 5288/20000 [2:02:50<5:35:37,  1.37s/it] 27%|       | 5347/20000 [2:04:17<5:40:09,  1.39s/it] 27%|       | 5355/20000 [2:04:30<5:39:58,  1.39s/it] 27%|       | 5419/20000 [2:05:58<5:38:27,  1.39s/it] 27%|       | 5426/20000 [2:06:10<5:38:17,  1.39s/it] 27%|       | 5491/20000 [2:07:38<5:36:42,  1.39s/it] 28%|       | 5500/20000 [2:07:50<5:36:29,  1.39s/it] 28%|       | 5567/20000 [2:09:18<5:29:22,  1.37s/it] 28%|       | 5575/20000 [2:09:30<5:29:11,  1.37s/it] 28%|       | 5639/20000 [2:10:59<5:29:40,  1.38s/it] 28%|       | 5646/20000 [2:11:10<5:29:31,  1.38s/it] 29%|       | 5710/20000 [2:12:39<5:30:26,  1.39s/it] 29%|       | 5718/20000 [2:12:50<5:30:15,  1.39s/it] 29%|       | 5781/20000 [2:14:19<5:30:44,  1.40s/it] 29%|       | 5787/20000 [2:14:30<5:30:36,  1.40s/it] 29%|       | 5853/20000 [2:16:00<5:29:43,  1.40s/it] 29%|       | 5867/20000 [2:16:20<5:29:23,  1.40s/it] 30%|       | 5927/20000 [2:17:41<5:25:11,  1.39s/it] 30%|       | 5939/20000 [2:18:00<5:24:54,  1.39s/it] 30%|       | 5999/20000 [2:19:21<5:24:01,  1.39s/it] 30%|       | 6011/20000 [2:19:40<5:23:44,  1.39s/it] 30%|       | 6069/20000 [2:21:03<5:26:12,  1.40s/it] 30%|       | 6079/20000 [2:21:20<5:25:58,  1.40s/it] 31%|       | 6132/20000 [2:22:44<5:37:14,  1.46s/it] 31%|       | 6144/20000 [2:23:00<5:36:57,  1.46s/it] 31%|       | 6200/20000 [2:24:25<5:37:38,  1.47s/it] 31%|       | 6210/20000 [2:24:40<5:37:24,  1.47s/it] 31%|      | 6276/20000 [2:26:05<5:24:36,  1.42s/it] 31%|      | 6286/20000 [2:26:20<5:24:22,  1.42s/it] 32%|      | 6351/20000 [2:27:45<5:16:49,  1.39s/it] 32%|      | 6360/20000 [2:28:00<5:16:36,  1.39s/it] 32%|      | 6416/20000 [2:29:25<5:24:39,  1.43s/it] 32%|      | 6425/20000 [2:29:40<5:24:26,  1.43s/it] 32%|      | 6480/20000 [2:31:06<5:32:42,  1.48s/it] 32%|      | 6487/20000 [2:31:20<5:32:32,  1.48s/it] 33%|      | 6547/20000 [2:32:47<5:32:30,  1.48s/it] 33%|      | 6556/20000 [2:33:00<5:32:17,  1.48s/it] 33%|      | 6617/20000 [2:34:28<5:28:24,  1.47s/it] 33%|      | 6624/20000 [2:34:40<5:28:13,  1.47s/it] 33%|      | 6680/20000 [2:36:09<5:35:14,  1.51s/it] 33%|      | 6686/20000 [2:36:20<5:35:05,  1.51s/it] 34%|      | 6748/20000 [2:37:50<5:31:49,  1.50s/it] 34%|      | 6759/20000 [2:38:10<5:31:32,  1.50s/it] 34%|      | 6810/20000 [2:39:31<5:38:07,  1.54s/it] 34%|      | 6823/20000 [2:39:50<5:37:47,  1.54s/it] 34%|      | 6881/20000 [2:41:12<5:28:21,  1.50s/it] 34%|      | 6893/20000 [2:41:30<5:28:03,  1.50s/it] 35%|      | 6951/20000 [2:42:53<5:22:11,  1.48s/it] 35%|      | 6963/20000 [2:43:10<5:21:53,  1.48s/it] 35%|      | 7019/20000 [2:44:34<5:20:40,  1.48s/it] 35%|      | 7030/20000 [2:44:50<5:20:23,  1.48s/it] 35%|      | 7085/20000 [2:46:15<5:21:49,  1.50s/it] 35%|      | 7093/20000 [2:46:30<5:21:37,  1.50s/it] 36%|      | 7149/20000 [2:47:56<5:25:41,  1.52s/it] 36%|      | 7159/20000 [2:48:10<5:25:26,  1.52s/it] 36%|      | 7217/20000 [2:49:36<5:21:05,  1.51s/it] 36%|      | 7225/20000 [2:49:50<5:20:53,  1.51s/it] 36%|      | 7283/20000 [2:51:18<5:21:09,  1.52s/it] 36%|      | 7290/20000 [2:51:30<5:20:58,  1.52s/it] 37%|      | 7348/20000 [2:52:58<5:21:50,  1.53s/it] 37%|      | 7356/20000 [2:53:10<5:21:38,  1.53s/it] 37%|      | 7421/20000 [2:54:39<5:09:30,  1.48s/it] 37%|      | 7428/20000 [2:54:50<5:09:20,  1.48s/it] 37%|      | 7488/20000 [2:56:19<5:09:29,  1.48s/it] 37%|      | 7495/20000 [2:56:30<5:09:19,  1.48s/it] 38%|      | 7557/20000 [2:57:59<5:05:50,  1.47s/it] 38%|      | 7564/20000 [2:58:10<5:05:40,  1.47s/it] 38%|      | 7622/20000 [2:59:40<5:08:37,  1.50s/it] 38%|      | 7635/20000 [3:00:00<5:08:18,  1.50s/it] 38%|      | 7693/20000 [3:01:21<5:02:00,  1.47s/it] 39%|      | 7707/20000 [3:01:40<5:01:39,  1.47s/it] 39%|      | 7764/20000 [3:03:02<4:57:32,  1.46s/it] 39%|      | 7776/20000 [3:03:20<4:57:14,  1.46s/it] 39%|      | 7836/20000 [3:04:43<4:51:54,  1.44s/it] 39%|      | 7848/20000 [3:05:00<4:51:37,  1.44s/it] 40%|      | 7902/20000 [3:06:24<4:55:34,  1.47s/it] 40%|      | 7912/20000 [3:06:40<4:55:19,  1.47s/it] 40%|      | 7972/20000 [3:08:04<4:51:37,  1.45s/it] 40%|      | 7982/20000 [3:08:20<4:51:22,  1.45s/it] 40%|      | 8048/20000 [3:09:46<4:42:17,  1.42s/it] 40%|      | 8059/20000 [3:10:00<4:42:01,  1.42s/it] 41%|      | 8117/20000 [3:11:27<4:43:31,  1.43s/it] 41%|      | 8124/20000 [3:11:40<4:43:21,  1.43s/it] 41%|      | 8180/20000 [3:13:07<4:50:35,  1.48s/it] 41%|      | 8187/20000 [3:13:20<4:50:25,  1.48s/it] 41%|      | 8244/20000 [3:14:48<4:54:40,  1.50s/it] 41%|     | 8252/20000 [3:15:00<4:54:28,  1.50s/it] 42%|     | 8309/20000 [3:16:28<4:55:17,  1.52s/it] 42%|     | 8316/20000 [3:16:40<4:55:06,  1.52s/it] 42%|     | 8382/20000 [3:18:09<4:44:58,  1.47s/it] 42%|     | 8390/20000 [3:18:20<4:44:46,  1.47s/it] 42%|     | 8456/20000 [3:19:50<4:37:10,  1.44s/it] 42%|     | 8470/20000 [3:20:10<4:36:50,  1.44s/it] 43%|     | 8528/20000 [3:21:31<4:32:46,  1.43s/it] 43%|     | 8541/20000 [3:21:50<4:32:27,  1.43s/it] 43%|     | 8598/20000 [3:23:11<4:31:29,  1.43s/it] 43%|     | 8612/20000 [3:23:30<4:31:09,  1.43s/it] 43%|     | 8672/20000 [3:24:52<4:25:42,  1.41s/it] 43%|     | 8685/20000 [3:25:10<4:25:24,  1.41s/it] 44%|     | 8744/20000 [3:26:32<4:22:59,  1.40s/it] 44%|     | 8756/20000 [3:26:50<4:22:42,  1.40s/it] 44%|     | 8815/20000 [3:28:12<4:22:12,  1.41s/it] 44%|     | 8825/20000 [3:28:30<4:21:58,  1.41s/it] 44%|     | 8888/20000 [3:29:53<4:19:10,  1.40s/it] 44%|     | 8899/20000 [3:30:10<4:18:54,  1.40s/it] 45%|     | 8952/20000 [3:31:34<4:26:24,  1.45s/it] 45%|     | 8961/20000 [3:31:50<4:26:11,  1.45s/it] 45%|     | 9012/20000 [3:33:15<4:36:25,  1.51s/it] 45%|     | 9021/20000 [3:33:30<4:36:11,  1.51s/it] 45%|     | 9083/20000 [3:34:55<4:29:05,  1.48s/it] 45%|     | 9093/20000 [3:35:10<4:28:50,  1.48s/it] 46%|     | 9147/20000 [3:36:36<4:32:42,  1.51s/it] 46%|     | 9155/20000 [3:36:50<4:32:30,  1.51s/it] 46%|     | 9211/20000 [3:38:17<4:34:51,  1.53s/it] 46%|     | 9218/20000 [3:38:30<4:34:41,  1.53s/it] 46%|     | 9280/20000 [3:39:58<4:29:30,  1.51s/it] 46%|     | 9288/20000 [3:40:10<4:29:18,  1.51s/it] 47%|     | 9352/20000 [3:41:39<4:21:54,  1.48s/it] 47%|     | 9359/20000 [3:41:50<4:21:43,  1.48s/it] 47%|     | 9415/20000 [3:43:20<4:26:17,  1.51s/it] 47%|     | 9421/20000 [3:43:30<4:26:08,  1.51s/it] 47%|     | 9482/20000 [3:45:01<4:24:42,  1.51s/it] 47%|     | 9496/20000 [3:45:20<4:24:21,  1.51s/it] 48%|     | 9556/20000 [3:46:41<4:14:12,  1.46s/it] 48%|     | 9569/20000 [3:47:00<4:13:53,  1.46s/it] 48%|     | 9627/20000 [3:48:22<4:10:06,  1.45s/it] 48%|     | 9640/20000 [3:48:40<4:09:47,  1.45s/it] 48%|     | 9693/20000 [3:50:02<4:12:02,  1.47s/it] 49%|     | 9705/20000 [3:50:20<4:11:44,  1.47s/it] 49%|     | 9764/20000 [3:51:42<4:07:16,  1.45s/it] 49%|     | 9778/20000 [3:52:00<4:06:56,  1.45s/it] 49%|     | 9835/20000 [3:53:23<4:04:04,  1.44s/it] 49%|     | 9845/20000 [3:53:40<4:03:50,  1.44s/it] 50%|     | 9902/20000 [3:55:04<4:05:57,  1.46s/it] 50%|     | 9912/20000 [3:55:20<4:05:42,  1.46s/it] 50%|     | 9968/20000 [3:56:45<4:07:43,  1.48s/it] 50%|     | 9978/20000 [3:57:00<4:07:28,  1.48s/it] 50%|     | 10045/20000 [3:58:26<3:56:42,  1.43s/it] 50%|     | 10054/20000 [3:58:40<3:56:29,  1.43s/it] 51%|     | 10116/20000 [4:00:07<3:54:46,  1.43s/it] 51%|     | 10123/20000 [4:00:20<3:54:36,  1.43s/it] 51%|     | 10180/20000 [4:01:48<4:00:18,  1.47s/it] 51%|     | 10186/20000 [4:02:00<4:00:09,  1.47s/it] 51%|    | 10250/20000 [4:03:29<3:56:43,  1.46s/it] 51%|    | 10257/20000 [4:03:40<3:56:33,  1.46s/it] 52%|    | 10321/20000 [4:05:09<3:52:57,  1.44s/it] 52%|    | 10328/20000 [4:05:20<3:52:47,  1.44s/it] 52%|    | 10400/20000 [4:06:50<3:42:26,  1.39s/it] 52%|    | 10416/20000 [4:07:10<3:42:04,  1.39s/it] 52%|    | 10478/20000 [4:08:30<3:35:26,  1.36s/it] 52%|    | 10491/20000 [4:08:50<3:35:09,  1.36s/it] 53%|    | 10551/20000 [4:10:11<3:34:44,  1.36s/it] 53%|    | 10565/20000 [4:10:30<3:34:25,  1.36s/it] 53%|    | 10622/20000 [4:11:52<3:36:05,  1.38s/it] 53%|    | 10634/20000 [4:12:10<3:35:48,  1.38s/it] 53%|    | 10693/20000 [4:13:33<3:35:59,  1.39s/it] 54%|    | 10703/20000 [4:13:50<3:35:45,  1.39s/it] 54%|    | 10758/20000 [4:15:15<3:41:45,  1.44s/it] 54%|    | 10767/20000 [4:15:30<3:41:32,  1.44s/it] 54%|    | 10824/20000 [4:16:55<3:43:52,  1.46s/it] 54%|    | 10833/20000 [4:17:10<3:43:39,  1.46s/it] 54%|    | 10892/20000 [4:18:37<3:43:24,  1.47s/it] 55%|    | 10903/20000 [4:18:50<3:43:08,  1.47s/it] 55%|    | 10960/20000 [4:20:17<3:42:04,  1.47s/it] 55%|    | 10967/20000 [4:20:30<3:41:54,  1.47s/it] 55%|    | 11027/20000 [4:21:59<3:42:14,  1.49s/it] 55%|    | 11034/20000 [4:22:10<3:42:04,  1.49s/it] 55%|    | 11098/20000 [4:23:39<3:37:08,  1.46s/it] 56%|    | 11106/20000 [4:23:50<3:36:57,  1.46s/it] 56%|    | 11171/20000 [4:25:20<3:31:33,  1.44s/it] 56%|    | 11179/20000 [4:25:30<3:31:21,  1.44s/it] 56%|    | 11239/20000 [4:27:00<3:31:23,  1.45s/it] 56%|    | 11245/20000 [4:27:10<3:31:14,  1.45s/it] 57%|    | 11311/20000 [4:28:41<3:27:43,  1.43s/it] 57%|    | 11324/20000 [4:29:00<3:27:24,  1.43s/it] 57%|    | 11384/20000 [4:30:22<3:23:29,  1.42s/it] 57%|    | 11397/20000 [4:30:40<3:23:10,  1.42s/it] 57%|    | 11453/20000 [4:32:02<3:23:23,  1.43s/it] 57%|    | 11465/20000 [4:32:20<3:23:06,  1.43s/it] 58%|    | 11522/20000 [4:33:43<3:23:03,  1.44s/it] 58%|    | 11534/20000 [4:34:00<3:22:46,  1.44s/it] 58%|    | 11591/20000 [4:35:23<3:21:59,  1.44s/it] 58%|    | 11601/20000 [4:35:40<3:21:44,  1.44s/it] 58%|    | 11660/20000 [4:37:03<3:20:56,  1.45s/it] 58%|    | 11673/20000 [4:37:20<3:20:37,  1.45s/it] 59%|    | 11728/20000 [4:38:44<3:20:35,  1.45s/it] 59%|    | 11740/20000 [4:39:00<3:20:17,  1.45s/it] 59%|    | 11795/20000 [4:40:24<3:20:49,  1.47s/it] 59%|    | 11805/20000 [4:40:40<3:20:35,  1.47s/it] 59%|    | 11867/20000 [4:42:05<3:16:27,  1.45s/it] 59%|    | 11877/20000 [4:42:20<3:16:12,  1.45s/it] 60%|    | 11931/20000 [4:43:46<3:19:24,  1.48s/it] 60%|    | 11939/20000 [4:44:00<3:19:12,  1.48s/it] 60%|    | 12001/20000 [4:45:27<3:16:23,  1.47s/it] 60%|    | 12009/20000 [4:45:40<3:16:11,  1.47s/it] 60%|    | 12078/20000 [4:47:07<3:07:05,  1.42s/it] 60%|    | 12087/20000 [4:47:20<3:06:52,  1.42s/it] 61%|    | 12147/20000 [4:48:48<3:07:15,  1.43s/it] 61%|    | 12153/20000 [4:49:00<3:07:06,  1.43s/it] 61%|    | 12219/20000 [4:50:30<3:04:29,  1.42s/it] 61%|    | 12226/20000 [4:50:40<3:04:19,  1.42s/it] 61%|   | 12285/20000 [4:52:11<3:06:52,  1.45s/it] 61%|   | 12297/20000 [4:52:30<3:06:35,  1.45s/it] 62%|   | 12351/20000 [4:53:51<3:07:47,  1.47s/it] 62%|   | 12364/20000 [4:54:10<3:07:28,  1.47s/it] 62%|   | 12419/20000 [4:55:31<3:06:07,  1.47s/it] 62%|   | 12433/20000 [4:55:50<3:05:46,  1.47s/it] 62%|   | 12486/20000 [4:57:11<3:05:21,  1.48s/it] 62%|   | 12496/20000 [4:57:30<3:05:06,  1.48s/it] 63%|   | 12548/20000 [4:58:53<3:09:15,  1.52s/it] 63%|   | 12559/20000 [4:59:10<3:08:58,  1.52s/it] 63%|   | 12617/20000 [5:00:34<3:05:11,  1.50s/it] 63%|   | 12627/20000 [5:00:50<3:04:56,  1.50s/it] 63%|   | 12680/20000 [5:02:15<3:07:21,  1.54s/it] 63%|   | 12690/20000 [5:02:30<3:07:06,  1.54s/it] 64%|   | 12749/20000 [5:03:56<3:02:35,  1.51s/it] 64%|   | 12759/20000 [5:04:10<3:02:19,  1.51s/it] 64%|   | 12816/20000 [5:05:37<3:00:51,  1.51s/it] 64%|   | 12825/20000 [5:05:50<3:00:37,  1.51s/it] 64%|   | 12887/20000 [5:07:17<2:55:17,  1.48s/it] 64%|   | 12896/20000 [5:07:30<2:55:03,  1.48s/it] 65%|   | 12953/20000 [5:08:57<2:54:55,  1.49s/it] 65%|   | 12961/20000 [5:09:10<2:54:43,  1.49s/it] 65%|   | 13019/20000 [5:10:37<2:54:18,  1.50s/it] 65%|   | 13027/20000 [5:10:50<2:54:06,  1.50s/it] 65%|   | 13091/20000 [5:12:18<2:48:57,  1.47s/it] 66%|   | 13100/20000 [5:12:30<2:48:43,  1.47s/it] 66%|   | 13160/20000 [5:13:58<2:46:43,  1.46s/it] 66%|   | 13167/20000 [5:14:10<2:46:33,  1.46s/it] 66%|   | 13233/20000 [5:15:40<2:42:21,  1.44s/it] 66%|   | 13240/20000 [5:15:50<2:42:11,  1.44s/it] 67%|   | 13310/20000 [5:17:20<2:35:52,  1.40s/it] 67%|   | 13324/20000 [5:17:40<2:35:33,  1.40s/it] 67%|   | 13382/20000 [5:19:01<2:34:01,  1.40s/it] 67%|   | 13395/20000 [5:19:20<2:33:43,  1.40s/it] 67%|   | 13449/20000 [5:20:42<2:35:49,  1.43s/it] 67%|   | 13464/20000 [5:21:00<2:35:28,  1.43s/it] 68%|   | 13526/20000 [5:22:22<2:29:54,  1.39s/it] 68%|   | 13538/20000 [5:22:40<2:29:37,  1.39s/it] 68%|   | 13595/20000 [5:24:03<2:30:16,  1.41s/it] 68%|   | 13608/20000 [5:24:20<2:29:58,  1.41s/it] 68%|   | 13662/20000 [5:25:43<2:31:29,  1.43s/it] 68%|   | 13672/20000 [5:26:00<2:31:15,  1.43s/it] 69%|   | 13729/20000 [5:27:23<2:31:39,  1.45s/it] 69%|   | 13740/20000 [5:27:40<2:31:23,  1.45s/it] 69%|   | 13800/20000 [5:29:03<2:28:42,  1.44s/it] 69%|   | 13811/20000 [5:29:20<2:28:26,  1.44s/it] 69%|   | 13871/20000 [5:30:44<2:26:31,  1.43s/it] 69%|   | 13880/20000 [5:31:00<2:26:18,  1.43s/it] 70%|   | 13936/20000 [5:32:25<2:28:03,  1.47s/it] 70%|   | 13946/20000 [5:32:40<2:27:49,  1.47s/it] 70%|   | 14002/20000 [5:34:05<2:28:13,  1.48s/it] 70%|   | 14012/20000 [5:34:20<2:27:58,  1.48s/it] 70%|   | 14071/20000 [5:35:46<2:25:56,  1.48s/it] 70%|   | 14079/20000 [5:36:00<2:25:44,  1.48s/it] 71%|   | 14132/20000 [5:37:26<2:28:52,  1.52s/it] 71%|   | 14141/20000 [5:37:40<2:28:38,  1.52s/it] 71%|   | 14199/20000 [5:39:07<2:26:36,  1.52s/it] 71%|   | 14207/20000 [5:39:20<2:26:24,  1.52s/it] 71%|  | 14268/20000 [5:40:48<2:23:16,  1.50s/it] 71%|  | 14276/20000 [5:41:00<2:23:04,  1.50s/it] 72%|  | 14338/20000 [5:42:29<2:19:42,  1.48s/it] 72%|  | 14346/20000 [5:42:40<2:19:31,  1.48s/it] 72%|  | 14410/20000 [5:44:09<2:15:30,  1.45s/it] 72%|  | 14417/20000 [5:44:20<2:15:20,  1.45s/it] 72%|  | 14481/20000 [5:45:50<2:12:54,  1.44s/it] 72%|  | 14495/20000 [5:46:10<2:12:33,  1.44s/it] 73%|  | 14550/20000 [5:47:30<2:11:28,  1.45s/it] 73%|  | 14563/20000 [5:47:50<2:11:09,  1.45s/it] 73%|  | 14618/20000 [5:49:11<2:10:42,  1.46s/it] 73%|  | 14631/20000 [5:49:30<2:10:23,  1.46s/it] 73%|  | 14688/20000 [5:50:53<2:08:47,  1.45s/it] 74%|  | 14700/20000 [5:51:10<2:08:29,  1.45s/it] 74%|  | 14760/20000 [5:52:34<2:05:44,  1.44s/it] 74%|  | 14770/20000 [5:52:50<2:05:30,  1.44s/it] 74%|  | 14829/20000 [5:54:15<2:04:43,  1.45s/it] 74%|  | 14839/20000 [5:54:30<2:04:28,  1.45s/it] 75%|  | 14901/20000 [5:55:56<2:01:55,  1.43s/it] 75%|  | 14911/20000 [5:56:10<2:01:40,  1.43s/it] 75%|  | 14972/20000 [5:57:37<2:00:01,  1.43s/it] 75%|  | 14981/20000 [5:57:50<1:59:48,  1.43s/it] 75%|  | 15043/20000 [5:59:19<1:58:18,  1.43s/it] 75%|  | 15050/20000 [5:59:30<1:58:08,  1.43s/it] 76%|  | 15113/20000 [6:01:00<1:56:58,  1.44s/it] 76%|  | 15127/20000 [6:01:20<1:56:37,  1.44s/it] 76%|  | 15189/20000 [6:02:42<1:52:34,  1.40s/it] 76%|  | 15202/20000 [6:03:00<1:52:15,  1.40s/it] 76%|  | 15258/20000 [6:04:22<1:52:02,  1.42s/it] 76%|  | 15270/20000 [6:04:40<1:51:45,  1.42s/it] 77%|  | 15328/20000 [6:06:03<1:51:01,  1.43s/it] 77%|  | 15339/20000 [6:06:20<1:50:45,  1.43s/it] 77%|  | 15395/20000 [6:07:43<1:50:58,  1.45s/it] 77%|  | 15406/20000 [6:08:00<1:50:42,  1.45s/it] 77%|  | 15464/20000 [6:09:24<1:49:35,  1.45s/it] 77%|  | 15475/20000 [6:09:40<1:49:19,  1.45s/it] 78%|  | 15537/20000 [6:11:04<1:46:11,  1.43s/it] 78%|  | 15547/20000 [6:11:20<1:45:57,  1.43s/it] 78%|  | 15609/20000 [6:12:46<1:44:01,  1.42s/it] 78%|  | 15619/20000 [6:13:00<1:43:47,  1.42s/it] 78%|  | 15682/20000 [6:14:27<1:41:28,  1.41s/it] 78%|  | 15693/20000 [6:14:40<1:41:12,  1.41s/it] 79%|  | 15757/20000 [6:16:08<1:38:24,  1.39s/it] 79%|  | 15765/20000 [6:16:20<1:38:12,  1.39s/it] 79%|  | 15829/20000 [6:17:49<1:37:00,  1.40s/it] 79%|  | 15836/20000 [6:18:00<1:36:50,  1.40s/it] 80%|  | 15902/20000 [6:19:30<1:35:06,  1.39s/it] 80%|  | 15916/20000 [6:19:50<1:34:46,  1.39s/it] 80%|  | 15970/20000 [6:21:11<1:35:10,  1.42s/it] 80%|  | 15982/20000 [6:21:30<1:34:53,  1.42s/it] 80%|  | 16039/20000 [6:22:52<1:34:21,  1.43s/it] 80%|  | 16052/20000 [6:23:10<1:34:03,  1.43s/it] 81%|  | 16112/20000 [6:24:32<1:31:40,  1.41s/it] 81%|  | 16124/20000 [6:24:50<1:31:23,  1.41s/it] 81%|  | 16177/20000 [6:26:13<1:32:28,  1.45s/it] 81%|  | 16188/20000 [6:26:30<1:32:12,  1.45s/it] 81%|  | 16243/20000 [6:27:53<1:32:03,  1.47s/it] 81%| | 16255/20000 [6:28:10<1:31:45,  1.47s/it] 82%| | 16317/20000 [6:29:34<1:28:12,  1.44s/it] 82%| | 16328/20000 [6:29:50<1:27:56,  1.44s/it] 82%| | 16385/20000 [6:31:15<1:27:24,  1.45s/it] 82%| | 16395/20000 [6:31:30<1:27:10,  1.45s/it] 82%| | 16458/20000 [6:32:56<1:24:22,  1.43s/it] 82%| | 16468/20000 [6:33:10<1:24:08,  1.43s/it] 83%| | 16528/20000 [6:34:36<1:22:44,  1.43s/it] 83%| | 16537/20000 [6:34:50<1:22:31,  1.43s/it] 83%| | 16601/20000 [6:36:17<1:20:14,  1.42s/it] 83%| | 16609/20000 [6:36:30<1:20:03,  1.42s/it] 83%| | 16674/20000 [6:37:57<1:17:47,  1.40s/it] 83%| | 16684/20000 [6:38:10<1:17:33,  1.40s/it] 84%| | 16744/20000 [6:39:38<1:16:37,  1.41s/it] 84%| | 16753/20000 [6:39:50<1:16:25,  1.41s/it] 84%| | 16817/20000 [6:41:19<1:14:26,  1.40s/it] 84%| | 16824/20000 [6:41:30<1:14:16,  1.40s/it] 84%| | 16889/20000 [6:42:59<1:12:42,  1.40s/it] 84%| | 16896/20000 [6:43:10<1:12:32,  1.40s/it] 85%| | 16960/20000 [6:44:40<1:11:21,  1.41s/it] 85%| | 16973/20000 [6:45:00<1:11:03,  1.41s/it] 85%| | 17026/20000 [6:46:20<1:11:19,  1.44s/it] 85%| | 17038/20000 [6:46:40<1:11:01,  1.44s/it] 85%| | 17096/20000 [6:48:01<1:09:35,  1.44s/it] 86%| | 17108/20000 [6:48:20<1:09:18,  1.44s/it] 86%| | 17162/20000 [6:49:42<1:09:17,  1.46s/it] 86%| | 17175/20000 [6:50:00<1:08:58,  1.46s/it] 86%| | 17229/20000 [6:51:22<1:08:03,  1.47s/it] 86%| | 17240/20000 [6:51:40<1:07:47,  1.47s/it] 86%| | 17293/20000 [6:53:03<1:07:51,  1.50s/it] 87%| | 17303/20000 [6:53:20<1:07:36,  1.50s/it] 87%| | 17353/20000 [6:54:43<1:08:21,  1.55s/it] 87%| | 17363/20000 [6:55:00<1:08:05,  1.55s/it] 87%| | 17417/20000 [6:56:24<1:07:05,  1.56s/it] 87%| | 17427/20000 [6:56:40<1:06:49,  1.56s/it] 87%| | 17481/20000 [6:58:05<1:05:34,  1.56s/it] 87%| | 17490/20000 [6:58:20<1:05:20,  1.56s/it] 88%| | 17547/20000 [6:59:45<1:03:19,  1.55s/it] 88%| | 17556/20000 [7:00:00<1:03:05,  1.55s/it] 88%| | 17608/20000 [7:01:26<1:02:52,  1.58s/it] 88%| | 17617/20000 [7:01:40<1:02:38,  1.58s/it] 88%| | 17672/20000 [7:03:07<1:01:10,  1.58s/it] 88%| | 17680/20000 [7:03:20<1:00:57,  1.58s/it] 89%| | 17740/20000 [7:04:47<58:10,  1.54s/it]   89%| | 17749/20000 [7:05:00<57:56,  1.54s/it] 89%| | 17812/20000 [7:06:27<54:36,  1.50s/it] 89%| | 17820/20000 [7:06:40<54:24,  1.50s/it] 89%| | 17882/20000 [7:08:08<52:16,  1.48s/it] 89%| | 17891/20000 [7:08:20<52:02,  1.48s/it] 90%| | 17960/20000 [7:09:49<48:14,  1.42s/it] 90%| | 17968/20000 [7:10:00<48:03,  1.42s/it] 90%| | 18034/20000 [7:11:29<45:49,  1.40s/it] 90%| | 18042/20000 [7:11:40<45:38,  1.40s/it] 91%| | 18112/20000 [7:13:10<42:54,  1.36s/it] 91%| | 18119/20000 [7:13:20<42:44,  1.36s/it] 91%| | 18185/20000 [7:14:50<41:21,  1.37s/it] 91%| | 18202/20000 [7:15:10<40:57,  1.37s/it] 91%|| 18262/20000 [7:16:30<38:59,  1.35s/it] 91%|| 18277/20000 [7:16:50<38:39,  1.35s/it] 92%|| 18338/20000 [7:18:11<37:04,  1.34s/it] 92%|| 18351/20000 [7:18:30<36:47,  1.34s/it] 92%|| 18412/20000 [7:19:51<35:34,  1.34s/it] 92%|| 18427/20000 [7:20:10<35:14,  1.34s/it] 92%|| 18494/20000 [7:21:32<32:46,  1.31s/it] 93%|| 18509/20000 [7:21:50<32:27,  1.31s/it] 93%|| 18572/20000 [7:23:12<30:57,  1.30s/it] 93%|| 18587/20000 [7:23:30<30:38,  1.30s/it] 93%|| 18651/20000 [7:24:52<29:00,  1.29s/it] 93%|| 18664/20000 [7:25:10<28:44,  1.29s/it] 94%|| 18729/20000 [7:26:33<27:20,  1.29s/it] 94%|| 18741/20000 [7:26:50<27:04,  1.29s/it] 94%|| 18804/20000 [7:28:13<26:00,  1.30s/it] 94%|| 18815/20000 [7:28:30<25:46,  1.30s/it] 94%|| 18872/20000 [7:29:54<25:26,  1.35s/it] 94%|| 18881/20000 [7:30:10<25:14,  1.35s/it] 95%|| 18940/20000 [7:31:34<24:29,  1.39s/it] 95%|| 18952/20000 [7:31:50<24:13,  1.39s/it] 95%|| 19012/20000 [7:33:15<22:52,  1.39s/it] 95%|| 19022/20000 [7:33:30<22:39,  1.39s/it] 95%|| 19082/20000 [7:34:55<21:27,  1.40s/it] 95%|| 19093/20000 [7:35:10<21:11,  1.40s/it] 96%|| 19161/20000 [7:36:36<19:02,  1.36s/it] 96%|| 19172/20000 [7:36:50<18:47,  1.36s/it] 96%|| 19234/20000 [7:38:17<17:27,  1.37s/it] 96%|| 19242/20000 [7:38:30<17:16,  1.37s/it] 97%|| 19304/20000 [7:39:58<16:07,  1.39s/it] 97%|| 19312/20000 [7:40:10<15:55,  1.39s/it] 97%|| 19374/20000 [7:41:39<14:40,  1.41s/it] 97%|| 19382/20000 [7:41:50<14:29,  1.41s/it] 97%|| 19452/20000 [7:43:20<12:30,  1.37s/it] 97%|| 19458/20000 [7:43:30<12:22,  1.37s/it] 98%|| 19522/20000 [7:45:00<11:02,  1.39s/it] 98%|| 19529/20000 [7:45:10<10:53,  1.39s/it] 98%|| 19597/20000 [7:46:41<09:13,  1.37s/it] 98%|| 19616/20000 [7:47:00<08:47,  1.37s/it] 98%|| 19682/20000 [7:48:21<06:56,  1.31s/it] 98%|| 19694/20000 [7:48:40<06:40,  1.31s/it] 99%|| 19752/20000 [7:50:01<05:33,  1.34s/it] 99%|| 19765/20000 [7:50:20<05:15,  1.34s/it] 99%|| 19822/20000 [7:51:42<04:04,  1.37s/it] 99%|| 19836/20000 [7:52:00<03:44,  1.37s/it] 99%|| 19897/20000 [7:53:22<02:20,  1.36s/it]100%|| 19908/20000 [7:53:40<02:05,  1.36s/it]100%|| 19965/20000 [7:55:04<00:48,  1.40s/it]100%|| 19976/20000 [7:55:20<00:33,  1.40s/it]100%|| 20000/20000 [7:55:55<00:00,  1.43s/it]

Analysis complete. Found 1 cluster(s) meeting the MCMC criterion.
Accepted cluster indices: [0]

--- Processing Final Results for Cluster 0 ---
--- MCMC Parameter Constraints for Cluster 0 ---
  x_src = 80.835 +0.064 / -0.055
  y_src = 80.434 +0.076 / -0.224
    z_s = 3.289 +0.113 / -0.084
Saving localization results for Cluster 0...
Processing results for Cluster 0...
-> Saved 340000 samples to /users/hiu-yeung.cheng/clusterlensing/out/row3/test_tidy_row3/cluster_0_posterior.npz
Updated CSV row 3 with result for cluster 0.
Loading data from /users/hiu-yeung.cheng/clusterlensing/out/row3/test_tidy_row3/cluster_0_posterior.npz...

Generating corner plot...
-> Corner plot saved to /users/hiu-yeung.cheng/clusterlensing/out/row3/test_tidy_row3/cluster_0_corner_from_saved.png

Generating trace plot...
-> Trace plot saved to /users/hiu-yeung.cheng/clusterlensing/out/row3/test_tidy_row3/cluster_0_trace.png
