Row=4 OUT_DIR=/users/hiu-yeung.cheng/clusterlensing/out/row4 DE_PROCS=16 MCMC_PROCS=16
DEBUG: Initializing ClusterLensing with z_s_ref = 3.98536527771484
Setup complete. Lensing system initialized.
True time delays: [    0.          8597.04802091 13412.51054858 15322.1084326
 15335.99662582]
True luminosity distances: 35696.230575883754
Lensed luminosity distances: [ 13068.78586846   6768.28799729   6759.67821848  12891.42493008
 400256.96537388]

Running the full analysis pipeline...
--- Running DE for Cluster 0 ---
[DE] Process Pool with 16 procs (init=latinhypercube, popsize=50)
differential_evolution step 1: f(x)= 4242.640687119286
differential_evolution step 2: f(x)= 1449.7630771619586
differential_evolution step 3: f(x)= 1449.7630771619586
differential_evolution step 4: f(x)= 118.40196050327168
differential_evolution step 5: f(x)= 118.40196050327168
differential_evolution step 6: f(x)= 118.40196050327168
differential_evolution step 7: f(x)= 118.40196050327168
differential_evolution step 8: f(x)= 118.40196050327168
differential_evolution step 9: f(x)= 118.40196050327168
differential_evolution step 10: f(x)= 118.40196050327168
differential_evolution step 11: f(x)= 118.40196050327168
differential_evolution step 12: f(x)= 118.40196050327168
differential_evolution step 13: f(x)= 118.40196050327168
differential_evolution step 14: f(x)= 118.40196050327168
differential_evolution step 15: f(x)= 118.40196050327168
differential_evolution step 16: f(x)= 118.40196050327168
differential_evolution step 17: f(x)= 118.40196050327168
differential_evolution step 18: f(x)= 74.22021019330033
differential_evolution step 19: f(x)= 74.22021019330033
differential_evolution step 20: f(x)= 74.22021019330033
differential_evolution step 21: f(x)= 74.22021019330033
differential_evolution step 22: f(x)= 74.22021019330033
differential_evolution step 23: f(x)= 74.22021019330033
differential_evolution step 24: f(x)= 74.22021019330033
differential_evolution step 25: f(x)= 74.22021019330033
differential_evolution step 26: f(x)= 74.22021019330033
differential_evolution step 27: f(x)= 10.022457638790168
differential_evolution step 28: f(x)= 10.022457638790168
differential_evolution step 29: f(x)= 10.022457638790168
differential_evolution step 30: f(x)= 10.022457638790168
differential_evolution step 31: f(x)= 10.022457638790168
differential_evolution step 32: f(x)= 10.022457638790168
differential_evolution step 33: f(x)= 10.022457638790168
differential_evolution step 34: f(x)= 10.022457638790168
differential_evolution step 35: f(x)= 10.022457638790168
differential_evolution step 36: f(x)= 10.022457638790168
differential_evolution step 37: f(x)= 10.022457638790168
differential_evolution step 38: f(x)= 10.022457638790168
differential_evolution step 39: f(x)= 10.022457638790168
differential_evolution step 40: f(x)= 10.022457638790168
differential_evolution step 41: f(x)= 10.022457638790168
differential_evolution step 42: f(x)= 10.022457638790168
differential_evolution step 43: f(x)= 10.022457638790168
differential_evolution step 44: f(x)= 10.022457638790168
differential_evolution step 45: f(x)= 8.910815275400536
differential_evolution step 46: f(x)= 8.910815275400536
differential_evolution step 47: f(x)= 8.910815275400536
differential_evolution step 48: f(x)= 8.910815275400536
differential_evolution step 49: f(x)= 8.910815275400536
differential_evolution step 50: f(x)= 8.910815275400536
differential_evolution step 51: f(x)= 8.910815275400536
differential_evolution step 52: f(x)= 8.910815275400536
differential_evolution step 53: f(x)= 8.910815275400536
differential_evolution step 54: f(x)= 8.910815275400536
differential_evolution step 55: f(x)= 8.910815275400536
differential_evolution step 56: f(x)= 8.910815275400536
differential_evolution step 57: f(x)= 8.910815275400536
differential_evolution step 58: f(x)= 8.910815275400536
differential_evolution step 59: f(x)= 8.910815275400536
differential_evolution step 60: f(x)= 3.2885128447849876
differential_evolution step 61: f(x)= 3.2885128447849876
differential_evolution step 62: f(x)= 3.2885128447849876
differential_evolution step 63: f(x)= 3.2885128447849876
differential_evolution step 64: f(x)= 3.2885128447849876
differential_evolution step 65: f(x)= 3.2885128447849876
differential_evolution step 66: f(x)= 3.2885128447849876
differential_evolution step 67: f(x)= 3.2885128447849876
differential_evolution step 68: f(x)= 3.2885128447849876
differential_evolution step 69: f(x)= 3.2885128447849876
differential_evolution step 70: f(x)= 3.2885128447849876
differential_evolution step 71: f(x)= 3.2885128447849876
differential_evolution step 72: f(x)= 3.2885128447849876
differential_evolution step 73: f(x)= 3.2885128447849876
differential_evolution step 74: f(x)= 3.2885128447849876
differential_evolution step 75: f(x)= 3.2885128447849876
differential_evolution step 76: f(x)= 3.2885128447849876
differential_evolution step 77: f(x)= 0.6550559296041829
differential_evolution step 78: f(x)= 0.6550559296041829
differential_evolution step 79: f(x)= 0.6550559296041829
differential_evolution step 80: f(x)= 0.6550559296041829
differential_evolution step 81: f(x)= 0.6550559296041829
differential_evolution step 82: f(x)= 0.6550559296041829
differential_evolution step 83: f(x)= 0.6550559296041829
differential_evolution step 84: f(x)= 0.6550559296041829
differential_evolution step 85: f(x)= 0.6550559296041829
differential_evolution step 86: f(x)= 0.6550559296041829
differential_evolution step 87: f(x)= 0.35092767802844876
differential_evolution step 88: f(x)= 0.26519101706233206
differential_evolution step 89: f(x)= 0.26519101706233206
differential_evolution step 90: f(x)= 0.26519101706233206
differential_evolution step 91: f(x)= 0.26519101706233206
differential_evolution step 92: f(x)= 0.04772401679045973
differential_evolution step 93: f(x)= 0.04772401679045973
differential_evolution step 94: f(x)= 0.019433088466003202
Cluster 0 DE best chi^2: 0.019 with params {'x_src': np.float64(79.38265720072903), 'y_src': np.float64(78.53917329104777), 'z_s': np.float64(3.9721684808115074)}
--- Running DE for Cluster 1 ---
[DE] Process Pool with 16 procs (init=latinhypercube, popsize=50)
differential_evolution step 1: f(x)= 3000.0
differential_evolution step 2: f(x)= 3000.0
differential_evolution step 3: f(x)= 3000.0
differential_evolution step 4: f(x)= 3000.0
differential_evolution step 5: f(x)= 3000.0
differential_evolution step 6: f(x)= 3000.0
differential_evolution step 7: f(x)= 3000.0
differential_evolution step 8: f(x)= 3000.0
differential_evolution step 9: f(x)= 3000.0
differential_evolution step 10: f(x)= 3000.0
differential_evolution step 11: f(x)= 3000.0
differential_evolution step 12: f(x)= 3000.0
differential_evolution step 13: f(x)= 3000.0
differential_evolution step 14: f(x)= 3000.0
differential_evolution step 15: f(x)= 3000.0
differential_evolution step 16: f(x)= 3000.0
differential_evolution step 17: f(x)= 3000.0
differential_evolution step 18: f(x)= 3000.0
differential_evolution step 19: f(x)= 3000.0
differential_evolution step 20: f(x)= 3000.0
differential_evolution step 21: f(x)= 3000.0
differential_evolution step 22: f(x)= 3000.0
differential_evolution step 23: f(x)= 3000.0
differential_evolution step 24: f(x)= 3000.0
differential_evolution step 25: f(x)= 3000.0
differential_evolution step 26: f(x)= 3000.0
differential_evolution step 27: f(x)= 3000.0
differential_evolution step 28: f(x)= 3000.0
differential_evolution step 29: f(x)= 3000.0
differential_evolution step 30: f(x)= 3000.0
Cluster 1 DE best chi^2: 3000.000 with params {'x_src': np.float64(207.47454241810058), 'y_src': np.float64(200.02601327448986), 'z_s': np.float64(1.6486379399128506)}
--- Running DE for Cluster 2 ---
[DE] Process Pool with 16 procs (init=latinhypercube, popsize=50)
differential_evolution step 1: f(x)= 283.9092776552488
differential_evolution step 2: f(x)= 283.9092776552488
differential_evolution step 3: f(x)= 283.9092776552488
differential_evolution step 4: f(x)= 283.9092776552488
differential_evolution step 5: f(x)= 283.9092776552488
differential_evolution step 6: f(x)= 105.71011911102586
differential_evolution step 7: f(x)= 97.63869088331558
differential_evolution step 8: f(x)= 97.63869088331558
differential_evolution step 9: f(x)= 97.63869088331558
differential_evolution step 10: f(x)= 97.63869088331558
differential_evolution step 11: f(x)= 97.63869088331558
differential_evolution step 12: f(x)= 97.63869088331558
differential_evolution step 13: f(x)= 97.63869088331558
differential_evolution step 14: f(x)= 97.63869088331558
differential_evolution step 15: f(x)= 97.63869088331558
differential_evolution step 16: f(x)= 97.63869088331558
differential_evolution step 17: f(x)= 97.63869088331558
differential_evolution step 18: f(x)= 97.63869088331558
differential_evolution step 19: f(x)= 73.73092014456333
differential_evolution step 20: f(x)= 72.17513719559955
differential_evolution step 21: f(x)= 60.36629777657473
differential_evolution step 22: f(x)= 60.36629777657473
differential_evolution step 23: f(x)= 60.36629777657473
differential_evolution step 24: f(x)= 58.72073863820229
differential_evolution step 25: f(x)= 55.818245238091734
differential_evolution step 26: f(x)= 55.818245238091734
differential_evolution step 27: f(x)= 55.818245238091734
differential_evolution step 28: f(x)= 55.818245238091734
differential_evolution step 29: f(x)= 55.818245238091734
differential_evolution step 30: f(x)= 55.818245238091734
differential_evolution step 31: f(x)= 55.818245238091734
differential_evolution step 32: f(x)= 55.818245238091734
differential_evolution step 33: f(x)= 55.818245238091734
differential_evolution step 34: f(x)= 55.818245238091734
differential_evolution step 35: f(x)= 55.818245238091734
differential_evolution step 36: f(x)= 55.818245238091734
differential_evolution step 37: f(x)= 55.818245238091734
differential_evolution step 38: f(x)= 55.818245238091734
differential_evolution step 39: f(x)= 55.818245238091734
differential_evolution step 40: f(x)= 55.818245238091734
differential_evolution step 41: f(x)= 54.580473936662955
differential_evolution step 42: f(x)= 51.13266579188091
differential_evolution step 43: f(x)= 50.93658441827618
differential_evolution step 44: f(x)= 50.93658441827618
differential_evolution step 45: f(x)= 50.93658441827618
differential_evolution step 46: f(x)= 50.93658441827618
differential_evolution step 47: f(x)= 50.93658441827618
differential_evolution step 48: f(x)= 50.93658441827618
differential_evolution step 49: f(x)= 50.93658441827618
differential_evolution step 50: f(x)= 50.93658441827618
differential_evolution step 51: f(x)= 47.80237167697883
differential_evolution step 52: f(x)= 47.061059760723786
differential_evolution step 53: f(x)= 47.061059760723786
differential_evolution step 54: f(x)= 47.061059760723786
differential_evolution step 55: f(x)= 47.061059760723786
differential_evolution step 56: f(x)= 47.061059760723786
differential_evolution step 57: f(x)= 47.061059760723786
differential_evolution step 58: f(x)= 47.061059760723786
differential_evolution step 59: f(x)= 47.061059760723786
differential_evolution step 60: f(x)= 47.061059760723786
differential_evolution step 61: f(x)= 47.061059760723786
differential_evolution step 62: f(x)= 46.87645949581522
differential_evolution step 63: f(x)= 46.87645949581522
differential_evolution step 64: f(x)= 46.87645949581522
differential_evolution step 65: f(x)= 46.87645949581522
differential_evolution step 66: f(x)= 46.87645949581522
differential_evolution step 67: f(x)= 46.87645949581522
differential_evolution step 68: f(x)= 46.87645949581522
differential_evolution step 69: f(x)= 45.7554294276966
differential_evolution step 70: f(x)= 45.7554294276966
differential_evolution step 71: f(x)= 45.7554294276966
differential_evolution step 72: f(x)= 45.7554294276966
differential_evolution step 73: f(x)= 45.7554294276966
differential_evolution step 74: f(x)= 45.7554294276966
differential_evolution step 75: f(x)= 45.7554294276966
differential_evolution step 76: f(x)= 45.7554294276966
differential_evolution step 77: f(x)= 45.7554294276966
differential_evolution step 78: f(x)= 45.7554294276966
differential_evolution step 79: f(x)= 45.7554294276966
differential_evolution step 80: f(x)= 45.7554294276966
differential_evolution step 81: f(x)= 45.7554294276966
differential_evolution step 82: f(x)= 45.7554294276966
differential_evolution step 83: f(x)= 45.7554294276966
differential_evolution step 84: f(x)= 45.7554294276966
differential_evolution step 85: f(x)= 45.7554294276966
differential_evolution step 86: f(x)= 45.7554294276966
differential_evolution step 87: f(x)= 45.7554294276966
differential_evolution step 88: f(x)= 45.25941184203301
differential_evolution step 89: f(x)= 45.25941184203301
differential_evolution step 90: f(x)= 45.25941184203301
differential_evolution step 91: f(x)= 45.25941184203301
differential_evolution step 92: f(x)= 45.25941184203301
differential_evolution step 93: f(x)= 44.61487466882941
differential_evolution step 94: f(x)= 44.61487466882941
differential_evolution step 95: f(x)= 44.61487466882941
differential_evolution step 96: f(x)= 44.61487466882941
differential_evolution step 97: f(x)= 44.61487466882941
differential_evolution step 98: f(x)= 44.61487466882941
differential_evolution step 99: f(x)= 44.61487466882941
differential_evolution step 100: f(x)= 44.61487466882941
differential_evolution step 101: f(x)= 44.61487466882941
differential_evolution step 102: f(x)= 44.61487466882941
differential_evolution step 103: f(x)= 44.61487466882941
differential_evolution step 104: f(x)= 44.61487466882941
differential_evolution step 105: f(x)= 44.56131903507512
differential_evolution step 106: f(x)= 44.56131903507512
differential_evolution step 107: f(x)= 44.56131903507512
differential_evolution step 108: f(x)= 44.56131903507512
differential_evolution step 109: f(x)= 44.56131903507512
differential_evolution step 110: f(x)= 44.56131903507512
differential_evolution step 111: f(x)= 44.56131903507512
differential_evolution step 112: f(x)= 44.56131903507512
differential_evolution step 113: f(x)= 44.56131903507512
differential_evolution step 114: f(x)= 44.56131903507512
differential_evolution step 115: f(x)= 44.56131903507512
differential_evolution step 116: f(x)= 44.56131903507512
differential_evolution step 117: f(x)= 44.56131903507512
differential_evolution step 118: f(x)= 44.56131903507512
differential_evolution step 119: f(x)= 44.56131903507512
differential_evolution step 120: f(x)= 44.56131903507512
differential_evolution step 121: f(x)= 44.56131903507512
differential_evolution step 122: f(x)= 44.56131903507512
differential_evolution step 123: f(x)= 44.56131903507512
differential_evolution step 124: f(x)= 44.56131903507512
differential_evolution step 125: f(x)= 44.56131903507512
differential_evolution step 126: f(x)= 44.56131903507512
differential_evolution step 127: f(x)= 44.56131903507512
differential_evolution step 128: f(x)= 44.56131903507512
differential_evolution step 129: f(x)= 44.56131903507512
differential_evolution step 130: f(x)= 44.54298241635256
differential_evolution step 131: f(x)= 44.54298241635256
differential_evolution step 132: f(x)= 44.54298241635256
differential_evolution step 133: f(x)= 44.54298241635256
differential_evolution step 134: f(x)= 44.54298241635256
differential_evolution step 135: f(x)= 44.54298241635256
differential_evolution step 136: f(x)= 44.53518103531668
differential_evolution step 137: f(x)= 44.53518103531668
differential_evolution step 138: f(x)= 44.53518103531668
differential_evolution step 139: f(x)= 44.53518103531668
differential_evolution step 140: f(x)= 44.53518103531668
differential_evolution step 141: f(x)= 44.53518103531668
differential_evolution step 142: f(x)= 44.53518103531668
differential_evolution step 143: f(x)= 44.528397867827046
differential_evolution step 144: f(x)= 44.528397867827046
differential_evolution step 145: f(x)= 44.528397867827046
differential_evolution step 146: f(x)= 44.528397867827046
differential_evolution step 147: f(x)= 44.528397867827046
differential_evolution step 148: f(x)= 44.528397867827046
differential_evolution step 149: f(x)= 44.528397867827046
differential_evolution step 150: f(x)= 44.528397867827046
differential_evolution step 151: f(x)= 39.367684465310234
differential_evolution step 152: f(x)= 39.367684465310234
differential_evolution step 153: f(x)= 39.367684465310234
differential_evolution step 154: f(x)= 39.367684465310234
differential_evolution step 155: f(x)= 39.367684465310234
differential_evolution step 156: f(x)= 39.367684465310234
differential_evolution step 157: f(x)= 39.367684465310234
differential_evolution step 158: f(x)= 39.367684465310234
differential_evolution step 159: f(x)= 38.65704805208601
differential_evolution step 160: f(x)= 38.65704805208601
differential_evolution step 161: f(x)= 38.65704805208601
differential_evolution step 162: f(x)= 38.65704805208601
differential_evolution step 163: f(x)= 38.65704805208601
differential_evolution step 164: f(x)= 38.65704805208601
differential_evolution step 165: f(x)= 38.65704805208601
differential_evolution step 166: f(x)= 37.56021004711694
differential_evolution step 167: f(x)= 37.56021004711694
differential_evolution step 168: f(x)= 37.56021004711694
differential_evolution step 169: f(x)= 37.56021004711694
differential_evolution step 170: f(x)= 37.56021004711694
differential_evolution step 171: f(x)= 37.56021004711694
differential_evolution step 172: f(x)= 37.56021004711694
differential_evolution step 173: f(x)= 37.56021004711694
differential_evolution step 174: f(x)= 37.56021004711694
differential_evolution step 175: f(x)= 37.56021004711694
differential_evolution step 176: f(x)= 37.56021004711694
differential_evolution step 177: f(x)= 37.56021004711694
differential_evolution step 178: f(x)= 37.56021004711694
differential_evolution step 179: f(x)= 37.56021004711694
differential_evolution step 180: f(x)= 37.56021004711694
differential_evolution step 181: f(x)= 37.56021004711694
differential_evolution step 182: f(x)= 37.56021004711694
differential_evolution step 183: f(x)= 37.56021004711694
differential_evolution step 184: f(x)= 37.56021004711694
differential_evolution step 185: f(x)= 37.56021004711694
differential_evolution step 186: f(x)= 37.56021004711694
differential_evolution step 187: f(x)= 37.56021004711694
differential_evolution step 188: f(x)= 37.56021004711694
differential_evolution step 189: f(x)= 37.56021004711694
differential_evolution step 190: f(x)= 37.56021004711694
differential_evolution step 191: f(x)= 37.56021004711694
differential_evolution step 192: f(x)= 37.56021004711694
differential_evolution step 193: f(x)= 37.56021004711694
differential_evolution step 194: f(x)= 37.56021004711694
differential_evolution step 195: f(x)= 37.56021004711694
differential_evolution step 196: f(x)= 37.56021004711694
differential_evolution step 197: f(x)= 37.56021004711694
differential_evolution step 198: f(x)= 37.56021004711694
differential_evolution step 199: f(x)= 37.56021004711694
differential_evolution step 200: f(x)= 37.56021004711694
Cluster 2 DE best chi^2: 37.560 with params {'x_src': np.float64(99.35424781908071), 'y_src': np.float64(103.60279034198055), 'z_s': np.float64(2.6994593569902143)}
--- Running DE for Cluster 3 ---
[DE] Process Pool with 16 procs (init=latinhypercube, popsize=50)
differential_evolution step 1: f(x)= 2825.573610784725
differential_evolution step 2: f(x)= 2825.573610784725
differential_evolution step 3: f(x)= 2825.573610784725
differential_evolution step 4: f(x)= 2825.573610784725
differential_evolution step 5: f(x)= 2825.573610784725
differential_evolution step 6: f(x)= 2825.573610784725
differential_evolution step 7: f(x)= 2825.573610784725
differential_evolution step 8: f(x)= 2825.573610784725
differential_evolution step 9: f(x)= 2825.573610784725
differential_evolution step 10: f(x)= 2825.573610784725
differential_evolution step 11: f(x)= 2825.573610784725
differential_evolution step 12: f(x)= 2825.573610784725
differential_evolution step 13: f(x)= 2825.573610784725
differential_evolution step 14: f(x)= 2825.573610784725
differential_evolution step 15: f(x)= 2825.573610784725
differential_evolution step 16: f(x)= 2825.573610784725
differential_evolution step 17: f(x)= 2825.573610784725
differential_evolution step 18: f(x)= 2825.573610784725
differential_evolution step 19: f(x)= 2825.573610784725
differential_evolution step 20: f(x)= 2825.573610784725
differential_evolution step 21: f(x)= 2825.573610784725
differential_evolution step 22: f(x)= 2825.573610784725
differential_evolution step 23: f(x)= 2825.573610784725
differential_evolution step 24: f(x)= 2825.573610784725
differential_evolution step 25: f(x)= 2825.573610784725
differential_evolution step 26: f(x)= 2825.573610784725
differential_evolution step 27: f(x)= 2825.573610784725
differential_evolution step 28: f(x)= 2825.573610784725
differential_evolution step 29: f(x)= 2825.573610784725
differential_evolution step 30: f(x)= 2825.573610784725
differential_evolution step 31: f(x)= 2825.573610784725
differential_evolution step 32: f(x)= 2825.573610784725
differential_evolution step 33: f(x)= 2825.573610784725
differential_evolution step 34: f(x)= 2825.573610784725
differential_evolution step 35: f(x)= 2825.573610784725
differential_evolution step 36: f(x)= 2825.573610784725
differential_evolution step 37: f(x)= 2825.573610784725
differential_evolution step 38: f(x)= 2825.573610784725
differential_evolution step 39: f(x)= 2825.573610784725
differential_evolution step 40: f(x)= 2825.573610784725
differential_evolution step 41: f(x)= 2825.573610784725
differential_evolution step 42: f(x)= 2825.573610784725
differential_evolution step 43: f(x)= 2825.573610784725
differential_evolution step 44: f(x)= 2825.573610784725
differential_evolution step 45: f(x)= 2825.573610784725
differential_evolution step 46: f(x)= 2825.573610784725
differential_evolution step 47: f(x)= 2825.573610784725
differential_evolution step 48: f(x)= 2825.573610784725
differential_evolution step 49: f(x)= 2825.573610784725
differential_evolution step 50: f(x)= 2825.573610784725
differential_evolution step 51: f(x)= 2825.573610784725
differential_evolution step 52: f(x)= 2825.573610784725
differential_evolution step 53: f(x)= 2825.573610784725
differential_evolution step 54: f(x)= 2825.573610784725
differential_evolution step 55: f(x)= 2825.573610784725
differential_evolution step 56: f(x)= 2825.573610784725
differential_evolution step 57: f(x)= 2825.573610784725
differential_evolution step 58: f(x)= 2825.573610784725
differential_evolution step 59: f(x)= 2825.573610784725
differential_evolution step 60: f(x)= 2825.573610784725
differential_evolution step 61: f(x)= 2825.573610784725
differential_evolution step 62: f(x)= 2825.573610784725
differential_evolution step 63: f(x)= 2825.573610784725
differential_evolution step 64: f(x)= 2825.573610784725
differential_evolution step 65: f(x)= 2825.573610784725
differential_evolution step 66: f(x)= 2825.573610784725
differential_evolution step 67: f(x)= 2825.573610784725
differential_evolution step 68: f(x)= 2825.573610784725
differential_evolution step 69: f(x)= 2825.573610784725
differential_evolution step 70: f(x)= 2825.573610784725
differential_evolution step 71: f(x)= 2825.573610784725
differential_evolution step 72: f(x)= 2825.573610784725
differential_evolution step 73: f(x)= 2825.573610784725
differential_evolution step 74: f(x)= 2825.573610784725
differential_evolution step 75: f(x)= 2825.573610784725
differential_evolution step 76: f(x)= 2825.573610784725
differential_evolution step 77: f(x)= 2825.573610784725
differential_evolution step 78: f(x)= 2825.573610784725
differential_evolution step 79: f(x)= 2825.573610784725
differential_evolution step 80: f(x)= 2825.573610784725
differential_evolution step 81: f(x)= 2825.573610784725
differential_evolution step 82: f(x)= 2825.573610784725
differential_evolution step 83: f(x)= 2825.573610784725
differential_evolution step 84: f(x)= 2825.573610784725
differential_evolution step 85: f(x)= 2825.573610784725
differential_evolution step 86: f(x)= 2825.573610784725
differential_evolution step 87: f(x)= 2825.573610784725
differential_evolution step 88: f(x)= 2751.3129835736586
differential_evolution step 89: f(x)= 2751.3129835736586
differential_evolution step 90: f(x)= 2751.3129835736586
differential_evolution step 91: f(x)= 2751.3129835736586
differential_evolution step 92: f(x)= 2751.3129835736586
differential_evolution step 93: f(x)= 2751.3129835736586
differential_evolution step 94: f(x)= 2684.0877451938222
differential_evolution step 95: f(x)= 2684.0877451938222
differential_evolution step 96: f(x)= 2684.0877451938222
differential_evolution step 97: f(x)= 2684.0877451938222
differential_evolution step 98: f(x)= 2684.0877451938222
differential_evolution step 99: f(x)= 2684.0877451938222
differential_evolution step 100: f(x)= 2684.0877451938222
differential_evolution step 101: f(x)= 2684.0877451938222
differential_evolution step 102: f(x)= 2684.0877451938222
differential_evolution step 103: f(x)= 2684.0877451938222
differential_evolution step 104: f(x)= 2684.0877451938222
differential_evolution step 105: f(x)= 2684.0877451938222
differential_evolution step 106: f(x)= 2684.0877451938222
differential_evolution step 107: f(x)= 2684.0877451938222
differential_evolution step 108: f(x)= 2684.0877451938222
differential_evolution step 109: f(x)= 2684.0877451938222
differential_evolution step 110: f(x)= 2684.0877451938222
differential_evolution step 111: f(x)= 2684.0877451938222
differential_evolution step 112: f(x)= 2684.0877451938222
differential_evolution step 113: f(x)= 2684.0877451938222
differential_evolution step 114: f(x)= 2684.0877451938222
differential_evolution step 115: f(x)= 2684.0877451938222
differential_evolution step 116: f(x)= 2684.0877451938222
differential_evolution step 117: f(x)= 2684.0877451938222
differential_evolution step 118: f(x)= 2684.0877451938222
differential_evolution step 119: f(x)= 2684.0877451938222
differential_evolution step 120: f(x)= 2684.0877451938222
differential_evolution step 121: f(x)= 2684.0877451938222
differential_evolution step 122: f(x)= 2684.0877451938222
differential_evolution step 123: f(x)= 2684.0877451938222
differential_evolution step 124: f(x)= 2684.0877451938222
differential_evolution step 125: f(x)= 2684.0877451938222
differential_evolution step 126: f(x)= 2684.0877451938222
differential_evolution step 127: f(x)= 2684.0877451938222
differential_evolution step 128: f(x)= 2684.0877451938222
differential_evolution step 129: f(x)= 2684.0877451938222
differential_evolution step 130: f(x)= 2684.0877451938222
differential_evolution step 131: f(x)= 2684.0877451938222
differential_evolution step 132: f(x)= 2684.0877451938222
differential_evolution step 133: f(x)= 2684.0877451938222
differential_evolution step 134: f(x)= 2684.0877451938222
differential_evolution step 135: f(x)= 2684.0877451938222
differential_evolution step 136: f(x)= 2684.0877451938222
differential_evolution step 137: f(x)= 2684.0877451938222
differential_evolution step 138: f(x)= 2684.0877451938222
differential_evolution step 139: f(x)= 2684.0877451938222
differential_evolution step 140: f(x)= 2684.0877451938222
differential_evolution step 141: f(x)= 2684.0877451938222
differential_evolution step 142: f(x)= 2684.0877451938222
differential_evolution step 143: f(x)= 2684.0877451938222
differential_evolution step 144: f(x)= 2684.0877451938222
differential_evolution step 145: f(x)= 2684.0877451938222
differential_evolution step 146: f(x)= 2684.0877451938222
differential_evolution step 147: f(x)= 2684.0877451938222
differential_evolution step 148: f(x)= 2684.0877451938222
differential_evolution step 149: f(x)= 2684.0877451938222
differential_evolution step 150: f(x)= 2684.0877451938222
differential_evolution step 151: f(x)= 2684.0877451938222
differential_evolution step 152: f(x)= 2684.0877451938222
differential_evolution step 153: f(x)= 2684.0877451938222
differential_evolution step 154: f(x)= 2684.0877451938222
differential_evolution step 155: f(x)= 2684.0877451938222
differential_evolution step 156: f(x)= 2684.0877451938222
differential_evolution step 157: f(x)= 2684.0877451938222
differential_evolution step 158: f(x)= 2684.0877451938222
differential_evolution step 159: f(x)= 2684.0877451938222
differential_evolution step 160: f(x)= 2684.0877451938222
differential_evolution step 161: f(x)= 2684.0877451938222
differential_evolution step 162: f(x)= 2684.0877451938222
differential_evolution step 163: f(x)= 2684.0877451938222
differential_evolution step 164: f(x)= 2684.0877451938222
differential_evolution step 165: f(x)= 2684.0877451938222
differential_evolution step 166: f(x)= 2684.0877451938222
differential_evolution step 167: f(x)= 2684.0877451938222
differential_evolution step 168: f(x)= 2684.0877451938222
differential_evolution step 169: f(x)= 2684.0877451938222
differential_evolution step 170: f(x)= 2684.0877451938222
differential_evolution step 171: f(x)= 2684.0877451938222
differential_evolution step 172: f(x)= 2684.0877451938222
differential_evolution step 173: f(x)= 2684.0877451938222
differential_evolution step 174: f(x)= 2684.0877451938222
differential_evolution step 175: f(x)= 2684.0877451938222
differential_evolution step 176: f(x)= 2684.0877451938222
differential_evolution step 177: f(x)= 2684.0877451938222
differential_evolution step 178: f(x)= 2684.0877451938222
differential_evolution step 179: f(x)= 2684.0877451938222
differential_evolution step 180: f(x)= 2684.0877451938222
differential_evolution step 181: f(x)= 2684.0877451938222
differential_evolution step 182: f(x)= 2684.0877451938222
differential_evolution step 183: f(x)= 2684.0877451938222
differential_evolution step 184: f(x)= 2684.0877451938222
differential_evolution step 185: f(x)= 2684.0877451938222
differential_evolution step 186: f(x)= 2684.0877451938222
differential_evolution step 187: f(x)= 2684.0877451938222
differential_evolution step 188: f(x)= 2684.0877451938222
differential_evolution step 189: f(x)= 2684.0877451938222
differential_evolution step 190: f(x)= 2684.0877451938222
differential_evolution step 191: f(x)= 2684.0877451938222
differential_evolution step 192: f(x)= 2684.0877451938222
differential_evolution step 193: f(x)= 2684.0877451938222
differential_evolution step 194: f(x)= 2684.0877451938222
differential_evolution step 195: f(x)= 2684.0877451938222
differential_evolution step 196: f(x)= 2684.0877451938222
differential_evolution step 197: f(x)= 2684.0877451938222
differential_evolution step 198: f(x)= 2684.0877451938222
differential_evolution step 199: f(x)= 2663.496283406387
differential_evolution step 200: f(x)= 2663.496283406387
Cluster 3 DE best chi^2: 2663.496 with params {'x_src': np.float64(130.2442520789626), 'y_src': np.float64(112.31469019094182), 'z_s': np.float64(4.4671025401297815)}
--- Running DE for Cluster 4 ---
[DE] Process Pool with 16 procs (init=latinhypercube, popsize=50)
differential_evolution step 1: f(x)= 1484.0983549717796
differential_evolution step 2: f(x)= 604.0374506593538
differential_evolution step 3: f(x)= 604.0374506593538
differential_evolution step 4: f(x)= 604.0374506593538
differential_evolution step 5: f(x)= 604.0374506593538
differential_evolution step 6: f(x)= 568.7035401460032
differential_evolution step 7: f(x)= 568.7035401460032
differential_evolution step 8: f(x)= 568.7035401460032
differential_evolution step 9: f(x)= 522.0025998963896
differential_evolution step 10: f(x)= 522.0025998963896
differential_evolution step 11: f(x)= 522.0025998963896
differential_evolution step 12: f(x)= 522.0025998963896
differential_evolution step 13: f(x)= 522.0025998963896
differential_evolution step 14: f(x)= 522.0025998963896
differential_evolution step 15: f(x)= 522.0025998963896
differential_evolution step 16: f(x)= 522.0025998963896
differential_evolution step 17: f(x)= 522.0025998963896
differential_evolution step 18: f(x)= 247.1317545422065
differential_evolution step 19: f(x)= 247.1317545422065
differential_evolution step 20: f(x)= 247.1317545422065
differential_evolution step 21: f(x)= 247.1317545422065
differential_evolution step 22: f(x)= 247.1317545422065
differential_evolution step 23: f(x)= 247.1317545422065
differential_evolution step 24: f(x)= 192.92976141921787
differential_evolution step 25: f(x)= 192.92976141921787
differential_evolution step 26: f(x)= 192.92976141921787
differential_evolution step 27: f(x)= 192.92976141921787
differential_evolution step 28: f(x)= 192.92976141921787
differential_evolution step 29: f(x)= 192.92976141921787
differential_evolution step 30: f(x)= 192.92976141921787
differential_evolution step 31: f(x)= 192.92976141921787
differential_evolution step 32: f(x)= 163.09591243593593
differential_evolution step 33: f(x)= 163.09591243593593
differential_evolution step 34: f(x)= 163.09591243593593
differential_evolution step 35: f(x)= 163.09591243593593
differential_evolution step 36: f(x)= 163.09591243593593
differential_evolution step 37: f(x)= 163.09591243593593
differential_evolution step 38: f(x)= 163.09591243593593
differential_evolution step 39: f(x)= 163.09591243593593
differential_evolution step 40: f(x)= 163.09591243593593
differential_evolution step 41: f(x)= 163.09591243593593
differential_evolution step 42: f(x)= 163.09591243593593
differential_evolution step 43: f(x)= 163.09591243593593
differential_evolution step 44: f(x)= 163.09591243593593
differential_evolution step 45: f(x)= 163.09591243593593
differential_evolution step 46: f(x)= 163.09591243593593
differential_evolution step 47: f(x)= 163.09591243593593
differential_evolution step 48: f(x)= 163.09591243593593
differential_evolution step 49: f(x)= 163.09591243593593
differential_evolution step 50: f(x)= 163.09591243593593
differential_evolution step 51: f(x)= 163.09591243593593
differential_evolution step 52: f(x)= 163.09591243593593
differential_evolution step 53: f(x)= 163.09591243593593
differential_evolution step 54: f(x)= 163.09591243593593
differential_evolution step 55: f(x)= 163.09591243593593
differential_evolution step 56: f(x)= 79.4697877601095
differential_evolution step 57: f(x)= 79.4697877601095
differential_evolution step 58: f(x)= 79.4697877601095
differential_evolution step 59: f(x)= 79.4697877601095
differential_evolution step 60: f(x)= 79.4697877601095
differential_evolution step 61: f(x)= 79.4697877601095
differential_evolution step 62: f(x)= 79.4697877601095
differential_evolution step 63: f(x)= 79.4697877601095
differential_evolution step 64: f(x)= 79.4697877601095
differential_evolution step 65: f(x)= 79.4697877601095
differential_evolution step 66: f(x)= 79.4697877601095
differential_evolution step 67: f(x)= 79.4697877601095
differential_evolution step 68: f(x)= 79.4697877601095
differential_evolution step 69: f(x)= 79.4697877601095
differential_evolution step 70: f(x)= 79.4697877601095
differential_evolution step 71: f(x)= 79.4697877601095
differential_evolution step 72: f(x)= 79.4697877601095
differential_evolution step 73: f(x)= 79.4697877601095
differential_evolution step 74: f(x)= 79.4697877601095
differential_evolution step 75: f(x)= 79.4697877601095
differential_evolution step 76: f(x)= 79.4697877601095
differential_evolution step 77: f(x)= 79.4697877601095
differential_evolution step 78: f(x)= 79.4697877601095
differential_evolution step 79: f(x)= 79.4697877601095
differential_evolution step 80: f(x)= 79.4697877601095
differential_evolution step 81: f(x)= 79.4697877601095
differential_evolution step 82: f(x)= 79.4697877601095
differential_evolution step 83: f(x)= 79.4697877601095
differential_evolution step 84: f(x)= 79.4697877601095
differential_evolution step 85: f(x)= 79.4697877601095
differential_evolution step 86: f(x)= 79.4697877601095
differential_evolution step 87: f(x)= 79.4697877601095
differential_evolution step 88: f(x)= 79.4697877601095
differential_evolution step 89: f(x)= 79.4697877601095
differential_evolution step 90: f(x)= 79.4697877601095
differential_evolution step 91: f(x)= 79.4697877601095
differential_evolution step 92: f(x)= 79.4697877601095
differential_evolution step 93: f(x)= 79.4697877601095
differential_evolution step 94: f(x)= 79.4697877601095
differential_evolution step 95: f(x)= 79.4697877601095
differential_evolution step 96: f(x)= 79.4697877601095
differential_evolution step 97: f(x)= 79.4697877601095
differential_evolution step 98: f(x)= 79.4697877601095
differential_evolution step 99: f(x)= 79.4697877601095
differential_evolution step 100: f(x)= 79.4697877601095
differential_evolution step 101: f(x)= 77.89595255665404
differential_evolution step 102: f(x)= 77.89595255665404
differential_evolution step 103: f(x)= 77.89595255665404
differential_evolution step 104: f(x)= 77.89595255665404
differential_evolution step 105: f(x)= 77.89595255665404
differential_evolution step 106: f(x)= 77.89595255665404
differential_evolution step 107: f(x)= 77.89595255665404
differential_evolution step 108: f(x)= 77.89595255665404
differential_evolution step 109: f(x)= 77.89595255665404
differential_evolution step 110: f(x)= 77.89595255665404
differential_evolution step 111: f(x)= 77.89595255665404
differential_evolution step 112: f(x)= 77.89595255665404
differential_evolution step 113: f(x)= 77.89595255665404
differential_evolution step 114: f(x)= 77.89595255665404
differential_evolution step 115: f(x)= 77.89595255665404
differential_evolution step 116: f(x)= 77.89595255665404
differential_evolution step 117: f(x)= 77.89595255665404
differential_evolution step 118: f(x)= 77.89595255665404
differential_evolution step 119: f(x)= 77.89595255665404
differential_evolution step 120: f(x)= 77.89595255665404
differential_evolution step 121: f(x)= 77.89595255665404
differential_evolution step 122: f(x)= 77.89595255665404
differential_evolution step 123: f(x)= 77.89595255665404
differential_evolution step 124: f(x)= 77.89595255665404
differential_evolution step 125: f(x)= 77.89595255665404
differential_evolution step 126: f(x)= 77.89595255665404
differential_evolution step 127: f(x)= 77.89595255665404
differential_evolution step 128: f(x)= 77.89595255665404
differential_evolution step 129: f(x)= 77.89595255665404
differential_evolution step 130: f(x)= 77.89595255665404
differential_evolution step 131: f(x)= 77.89595255665404
differential_evolution step 132: f(x)= 77.89595255665404
differential_evolution step 133: f(x)= 77.89595255665404
differential_evolution step 134: f(x)= 77.89595255665404
differential_evolution step 135: f(x)= 77.89595255665404
differential_evolution step 136: f(x)= 77.89595255665404
differential_evolution step 137: f(x)= 77.89595255665404
differential_evolution step 138: f(x)= 77.89595255665404
differential_evolution step 139: f(x)= 77.89595255665404
differential_evolution step 140: f(x)= 77.89595255665404
differential_evolution step 141: f(x)= 77.89595255665404
differential_evolution step 142: f(x)= 77.89595255665404
differential_evolution step 143: f(x)= 77.89595255665404
differential_evolution step 144: f(x)= 77.89595255665404
differential_evolution step 145: f(x)= 77.89595255665404
differential_evolution step 146: f(x)= 77.89595255665404
differential_evolution step 147: f(x)= 77.89595255665404
differential_evolution step 148: f(x)= 77.89595255665404
differential_evolution step 149: f(x)= 77.89595255665404
differential_evolution step 150: f(x)= 77.89595255665404
differential_evolution step 151: f(x)= 77.89595255665404
differential_evolution step 152: f(x)= 77.89595255665404
differential_evolution step 153: f(x)= 77.89595255665404
differential_evolution step 154: f(x)= 77.89595255665404
differential_evolution step 155: f(x)= 77.89595255665404
differential_evolution step 156: f(x)= 77.89595255665404
differential_evolution step 157: f(x)= 77.89595255665404
differential_evolution step 158: f(x)= 77.89595255665404
differential_evolution step 159: f(x)= 77.89595255665404
differential_evolution step 160: f(x)= 77.89595255665404
differential_evolution step 161: f(x)= 77.89595255665404
differential_evolution step 162: f(x)= 77.89595255665404
differential_evolution step 163: f(x)= 77.89595255665404
differential_evolution step 164: f(x)= 77.89595255665404
differential_evolution step 165: f(x)= 77.89595255665404
differential_evolution step 166: f(x)= 77.89595255665404
differential_evolution step 167: f(x)= 77.89595255665404
differential_evolution step 168: f(x)= 77.89595255665404
differential_evolution step 169: f(x)= 77.89595255665404
differential_evolution step 170: f(x)= 77.89595255665404
differential_evolution step 171: f(x)= 77.89595255665404
differential_evolution step 172: f(x)= 77.89595255665404
differential_evolution step 173: f(x)= 77.89595255665404
differential_evolution step 174: f(x)= 77.89595255665404
differential_evolution step 175: f(x)= 77.89595255665404
differential_evolution step 176: f(x)= 77.89595255665404
differential_evolution step 177: f(x)= 77.89595255665404
differential_evolution step 178: f(x)= 77.89595255665404
differential_evolution step 179: f(x)= 77.89595255665404
differential_evolution step 180: f(x)= 77.89595255665404
differential_evolution step 181: f(x)= 77.89595255665404
differential_evolution step 182: f(x)= 77.89595255665404
differential_evolution step 183: f(x)= 77.89595255665404
differential_evolution step 184: f(x)= 77.89595255665404
differential_evolution step 185: f(x)= 77.89595255665404
differential_evolution step 186: f(x)= 77.89595255665404
differential_evolution step 187: f(x)= 70.55571734034578
differential_evolution step 188: f(x)= 70.55571734034578
differential_evolution step 189: f(x)= 60.745560196638415
differential_evolution step 190: f(x)= 60.745560196638415
differential_evolution step 191: f(x)= 60.745560196638415
differential_evolution step 192: f(x)= 60.745560196638415
differential_evolution step 193: f(x)= 60.745560196638415
differential_evolution step 194: f(x)= 60.745560196638415
differential_evolution step 195: f(x)= 60.745560196638415
differential_evolution step 196: f(x)= 60.745560196638415
differential_evolution step 197: f(x)= 60.745560196638415
differential_evolution step 198: f(x)= 60.745560196638415
differential_evolution step 199: f(x)= 60.745560196638415
differential_evolution step 200: f(x)= 60.745560196638415
Cluster 4 DE best chi^2: 60.746 with params {'x_src': np.float64(260.97121222214406), 'y_src': np.float64(250.52971662759126), 'z_s': np.float64(3.151542768036864)}
--- Running DE for Cluster 5 ---
[DE] Process Pool with 16 procs (init=latinhypercube, popsize=50)
differential_evolution step 1: f(x)= 4242.640687119286
differential_evolution step 2: f(x)= 3000.0
differential_evolution step 3: f(x)= 3000.0
differential_evolution step 4: f(x)= 3000.0
differential_evolution step 5: f(x)= 3000.0
differential_evolution step 6: f(x)= 3000.0
differential_evolution step 7: f(x)= 3000.0
differential_evolution step 8: f(x)= 3000.0
differential_evolution step 9: f(x)= 3000.0
differential_evolution step 10: f(x)= 3000.0
differential_evolution step 11: f(x)= 3000.0
differential_evolution step 12: f(x)= 3000.0
differential_evolution step 13: f(x)= 3000.0
differential_evolution step 14: f(x)= 2743.8833588345783
differential_evolution step 15: f(x)= 2743.8833588345783
differential_evolution step 16: f(x)= 2743.8833588345783
differential_evolution step 17: f(x)= 2743.8833588345783
differential_evolution step 18: f(x)= 2743.8833588345783
differential_evolution step 19: f(x)= 2743.8833588345783
differential_evolution step 20: f(x)= 1019.962620461235
differential_evolution step 21: f(x)= 1019.962620461235
differential_evolution step 22: f(x)= 470.38928786906087
differential_evolution step 23: f(x)= 396.1260874352274
differential_evolution step 24: f(x)= 396.1260874352274
differential_evolution step 25: f(x)= 396.1260874352274
differential_evolution step 26: f(x)= 229.31603921640883
differential_evolution step 27: f(x)= 229.31603921640883
differential_evolution step 28: f(x)= 229.31603921640883
differential_evolution step 29: f(x)= 229.31603921640883
differential_evolution step 30: f(x)= 229.31603921640883
differential_evolution step 31: f(x)= 229.31603921640883
differential_evolution step 32: f(x)= 229.31603921640883
differential_evolution step 33: f(x)= 229.31603921640883
differential_evolution step 34: f(x)= 229.31603921640883
differential_evolution step 35: f(x)= 229.31603921640883
differential_evolution step 36: f(x)= 222.5883875577909
differential_evolution step 37: f(x)= 222.5883875577909
differential_evolution step 38: f(x)= 222.5883875577909
differential_evolution step 39: f(x)= 222.5883875577909
differential_evolution step 40: f(x)= 87.68986926224694
differential_evolution step 41: f(x)= 87.68986926224694
differential_evolution step 42: f(x)= 87.68986926224694
differential_evolution step 43: f(x)= 87.68986926224694
differential_evolution step 44: f(x)= 87.68986926224694
differential_evolution step 45: f(x)= 87.68986926224694
differential_evolution step 46: f(x)= 87.68986926224694
differential_evolution step 47: f(x)= 87.68986926224694
differential_evolution step 48: f(x)= 87.68986926224694
differential_evolution step 49: f(x)= 87.68986926224694
differential_evolution step 50: f(x)= 87.68986926224694
differential_evolution step 51: f(x)= 87.68986926224694
differential_evolution step 52: f(x)= 81.01942115901011
differential_evolution step 53: f(x)= 81.01942115901011
differential_evolution step 54: f(x)= 81.01942115901011
differential_evolution step 55: f(x)= 81.01942115901011
differential_evolution step 56: f(x)= 81.01942115901011
differential_evolution step 57: f(x)= 81.01942115901011
differential_evolution step 58: f(x)= 81.01942115901011
differential_evolution step 59: f(x)= 81.01942115901011
differential_evolution step 60: f(x)= 80.69600245334499
differential_evolution step 61: f(x)= 74.86262564497224
differential_evolution step 62: f(x)= 74.86262564497224
differential_evolution step 63: f(x)= 74.86262564497224
differential_evolution step 64: f(x)= 74.86262564497224
differential_evolution step 65: f(x)= 74.86262564497224
differential_evolution step 66: f(x)= 74.86262564497224
differential_evolution step 67: f(x)= 74.86262564497224
differential_evolution step 68: f(x)= 74.8142178380418
differential_evolution step 69: f(x)= 74.8142178380418
differential_evolution step 70: f(x)= 74.8142178380418
differential_evolution step 71: f(x)= 74.8142178380418
differential_evolution step 72: f(x)= 73.14069234093094
differential_evolution step 73: f(x)= 73.14069234093094
differential_evolution step 74: f(x)= 73.14069234093094
differential_evolution step 75: f(x)= 73.14069234093094
differential_evolution step 76: f(x)= 72.26910327490174
differential_evolution step 77: f(x)= 72.26910327490174
differential_evolution step 78: f(x)= 72.26910327490174
differential_evolution step 79: f(x)= 72.26910327490174
differential_evolution step 80: f(x)= 72.26910327490174
differential_evolution step 81: f(x)= 72.26910327490174
differential_evolution step 82: f(x)= 72.26910327490174
differential_evolution step 83: f(x)= 71.42121188857067
differential_evolution step 84: f(x)= 71.42121188857067
differential_evolution step 85: f(x)= 71.42121188857067
differential_evolution step 86: f(x)= 70.64550238464793
differential_evolution step 87: f(x)= 70.64550238464793
differential_evolution step 88: f(x)= 70.64550238464793
differential_evolution step 89: f(x)= 70.64550238464793
differential_evolution step 90: f(x)= 70.64550238464793
differential_evolution step 91: f(x)= 70.64550238464793
differential_evolution step 92: f(x)= 70.61300210494556
differential_evolution step 93: f(x)= 70.61300210494556
differential_evolution step 94: f(x)= 70.61300210494556
differential_evolution step 95: f(x)= 70.61300210494556
differential_evolution step 96: f(x)= 70.61300210494556
differential_evolution step 97: f(x)= 70.61300210494556
differential_evolution step 98: f(x)= 70.61300210494556
differential_evolution step 99: f(x)= 70.5936834045139
differential_evolution step 100: f(x)= 70.5936834045139
differential_evolution step 101: f(x)= 70.5936834045139
differential_evolution step 102: f(x)= 70.5936834045139
differential_evolution step 103: f(x)= 70.18663359337845
differential_evolution step 104: f(x)= 70.18663359337845
differential_evolution step 105: f(x)= 70.18663359337845
differential_evolution step 106: f(x)= 70.18663359337845
differential_evolution step 107: f(x)= 70.18663359337845
differential_evolution step 108: f(x)= 70.18663359337845
differential_evolution step 109: f(x)= 70.18663359337845
differential_evolution step 110: f(x)= 70.18663359337845
differential_evolution step 111: f(x)= 70.18663359337845
differential_evolution step 112: f(x)= 70.1130885833845
differential_evolution step 113: f(x)= 70.1130885833845
differential_evolution step 114: f(x)= 70.03572562483708
differential_evolution step 115: f(x)= 69.98389417014985
differential_evolution step 116: f(x)= 69.98389417014985
differential_evolution step 117: f(x)= 69.98389417014985
differential_evolution step 118: f(x)= 69.98389417014985
differential_evolution step 119: f(x)= 69.98389417014985
differential_evolution step 120: f(x)= 69.98389417014985
differential_evolution step 121: f(x)= 69.98389417014985
differential_evolution step 122: f(x)= 69.87331188144753
differential_evolution step 123: f(x)= 69.87331188144753
differential_evolution step 124: f(x)= 69.87331188144753
differential_evolution step 125: f(x)= 69.87331188144753
differential_evolution step 126: f(x)= 69.87331188144753
differential_evolution step 127: f(x)= 69.87331188144753
differential_evolution step 128: f(x)= 69.87331188144753
differential_evolution step 129: f(x)= 69.87331188144753
differential_evolution step 130: f(x)= 69.87331188144753
differential_evolution step 131: f(x)= 69.87331188144753
differential_evolution step 132: f(x)= 69.87331188144753
differential_evolution step 133: f(x)= 69.87331188144753
differential_evolution step 134: f(x)= 69.87331188144753
differential_evolution step 135: f(x)= 69.87331188144753
differential_evolution step 136: f(x)= 69.87331188144753
differential_evolution step 137: f(x)= 69.87331188144753
differential_evolution step 138: f(x)= 69.87331188144753
differential_evolution step 139: f(x)= 69.87331188144753
differential_evolution step 140: f(x)= 69.87331188144753
differential_evolution step 141: f(x)= 69.87331188144753
differential_evolution step 142: f(x)= 69.87331188144753
differential_evolution step 143: f(x)= 69.87331188144753
differential_evolution step 144: f(x)= 69.87331188144753
differential_evolution step 145: f(x)= 69.87331188144753
differential_evolution step 146: f(x)= 69.87331188144753
differential_evolution step 147: f(x)= 69.87331188144753
differential_evolution step 148: f(x)= 69.87331188144753
differential_evolution step 149: f(x)= 69.86753106867624
differential_evolution step 150: f(x)= 69.86753106867624
differential_evolution step 151: f(x)= 69.86753106867624
differential_evolution step 152: f(x)= 69.86602562119546
differential_evolution step 153: f(x)= 69.86602562119546
differential_evolution step 154: f(x)= 69.86602562119546
differential_evolution step 155: f(x)= 69.86478358049413
differential_evolution step 156: f(x)= 69.86478358049413
differential_evolution step 157: f(x)= 69.86478358049413
differential_evolution step 158: f(x)= 69.86478358049413
differential_evolution step 159: f(x)= 69.86478358049413
differential_evolution step 160: f(x)= 69.86478358049413
differential_evolution step 161: f(x)= 69.86478358049413
differential_evolution step 162: f(x)= 69.86171340610798
differential_evolution step 163: f(x)= 69.86171340610798
differential_evolution step 164: f(x)= 69.86171340610798
differential_evolution step 165: f(x)= 69.86171340610798
differential_evolution step 166: f(x)= 69.86171340610798
differential_evolution step 167: f(x)= 69.86171340610798
differential_evolution step 168: f(x)= 69.86171340610798
differential_evolution step 169: f(x)= 69.86171340610798
differential_evolution step 170: f(x)= 69.86171340610798
differential_evolution step 171: f(x)= 69.86171340610798
differential_evolution step 172: f(x)= 69.86171340610798
differential_evolution step 173: f(x)= 69.86171340610798
differential_evolution step 174: f(x)= 69.8522724684943
differential_evolution step 175: f(x)= 69.8522724684943
differential_evolution step 176: f(x)= 69.8522724684943
differential_evolution step 177: f(x)= 69.8522724684943
differential_evolution step 178: f(x)= 69.8522724684943
differential_evolution step 179: f(x)= 69.8522724684943
differential_evolution step 180: f(x)= 69.8522724684943
differential_evolution step 181: f(x)= 69.8522724684943
differential_evolution step 182: f(x)= 69.8522724684943
differential_evolution step 183: f(x)= 69.8522724684943
differential_evolution step 184: f(x)= 69.8522724684943
differential_evolution step 185: f(x)= 69.8522724684943
differential_evolution step 186: f(x)= 69.8522724684943
differential_evolution step 187: f(x)= 69.8522724684943
differential_evolution step 188: f(x)= 69.8522724684943
differential_evolution step 189: f(x)= 69.8522724684943
differential_evolution step 190: f(x)= 69.8522724684943
differential_evolution step 191: f(x)= 69.8522724684943
differential_evolution step 192: f(x)= 69.8522724684943
differential_evolution step 193: f(x)= 69.8522724684943
differential_evolution step 194: f(x)= 69.8522724684943
differential_evolution step 195: f(x)= 69.8522724684943
differential_evolution step 196: f(x)= 69.8522724684943
differential_evolution step 197: f(x)= 69.8522724684943
differential_evolution step 198: f(x)= 69.8522724684943
differential_evolution step 199: f(x)= 69.8522724684943
differential_evolution step 200: f(x)= 69.8522724684943
Cluster 5 DE best chi^2: 69.852 with params {'x_src': np.float64(148.43361036424582), 'y_src': np.float64(147.00152026565212), 'z_s': np.float64(3.8524951762585085)}

--- DE Optimization Summary ---
Best fit found for Cluster 0 with chi^2 = 0.019
Best-fit parameters: {'x_src': np.float64(79.38265720072903), 'y_src': np.float64(78.53917329104777), 'z_s': np.float64(3.9721684808115074)}

--- Running MCMC for Cluster 0 (chi_sq=0.019) ---
[MCMC] Process Pool with 16 procs
  0%|          | 0/20000 [00:00<?, ?it/s]  0%|          | 68/20000 [01:41<8:14:52,  1.49s/it]  0%|          | 80/20000 [02:00<8:14:34,  1.49s/it]  1%|          | 137/20000 [03:21<8:05:35,  1.47s/it]  1%|          | 149/20000 [03:40<8:05:17,  1.47s/it]  1%|          | 208/20000 [05:02<7:56:39,  1.45s/it]  1%|          | 219/20000 [05:20<7:56:23,  1.45s/it]  1%|         | 278/20000 [06:42<7:53:17,  1.44s/it]  1%|         | 290/20000 [07:00<7:52:59,  1.44s/it]  2%|         | 352/20000 [08:22<7:40:42,  1.41s/it]  2%|         | 364/20000 [08:40<7:40:25,  1.41s/it]  2%|         | 424/20000 [10:02<7:37:21,  1.40s/it]  2%|         | 436/20000 [10:20<7:37:04,  1.40s/it]  2%|         | 494/20000 [11:43<7:39:45,  1.41s/it]  3%|         | 505/20000 [12:00<7:39:29,  1.41s/it]  3%|         | 565/20000 [13:24<7:38:32,  1.42s/it]  3%|         | 577/20000 [13:40<7:38:15,  1.42s/it]  3%|         | 642/20000 [15:05<7:26:19,  1.38s/it]  3%|         | 652/20000 [15:20<7:26:05,  1.38s/it]  4%|         | 723/20000 [16:46<7:09:40,  1.34s/it]  4%|         | 732/20000 [17:00<7:09:28,  1.34s/it]  4%|         | 800/20000 [18:26<7:04:13,  1.33s/it]  4%|         | 811/20000 [18:40<7:03:59,  1.33s/it]  4%|         | 879/20000 [20:07<6:57:06,  1.31s/it]  4%|         | 890/20000 [20:20<6:56:52,  1.31s/it]  5%|         | 959/20000 [21:48<6:50:38,  1.29s/it]  5%|         | 967/20000 [22:00<6:50:27,  1.29s/it]  5%|         | 1036/20000 [23:28<6:50:05,  1.30s/it]  5%|         | 1044/20000 [23:40<6:49:54,  1.30s/it]  6%|         | 1111/20000 [25:08<6:51:50,  1.31s/it]  6%|         | 1120/20000 [25:20<6:51:38,  1.31s/it]  6%|         | 1191/20000 [26:49<6:45:33,  1.29s/it]  6%|         | 1199/20000 [27:00<6:45:23,  1.29s/it]  6%|         | 1267/20000 [28:30<6:47:34,  1.31s/it]  6%|         | 1282/20000 [28:50<6:47:15,  1.31s/it]  7%|         | 1344/20000 [30:10<6:45:25,  1.30s/it]  7%|         | 1358/20000 [30:30<6:45:06,  1.30s/it]  7%|         | 1421/20000 [31:51<6:44:27,  1.31s/it]  7%|         | 1434/20000 [32:10<6:44:10,  1.31s/it]  7%|         | 1498/20000 [33:32<6:42:45,  1.31s/it]  8%|         | 1510/20000 [33:50<6:42:29,  1.31s/it]  8%|         | 1572/20000 [35:12<6:45:19,  1.32s/it]  8%|         | 1585/20000 [35:30<6:45:02,  1.32s/it]  8%|         | 1649/20000 [36:53<6:42:47,  1.32s/it]  8%|         | 1661/20000 [37:10<6:42:31,  1.32s/it]  9%|         | 1728/20000 [38:34<6:37:30,  1.31s/it]  9%|         | 1739/20000 [38:50<6:37:16,  1.31s/it]  9%|         | 1803/20000 [40:14<6:38:27,  1.31s/it]  9%|         | 1815/20000 [40:30<6:38:12,  1.31s/it]  9%|         | 1877/20000 [41:55<6:41:42,  1.33s/it]  9%|         | 1887/20000 [42:10<6:41:29,  1.33s/it] 10%|         | 1953/20000 [43:36<6:39:39,  1.33s/it] 10%|         | 1961/20000 [43:50<6:39:28,  1.33s/it] 10%|         | 2028/20000 [45:17<6:39:16,  1.33s/it] 10%|         | 2037/20000 [45:30<6:39:04,  1.33s/it] 10%|         | 2100/20000 [46:58<6:43:29,  1.35s/it] 11%|         | 2108/20000 [47:10<6:43:18,  1.35s/it] 11%|         | 2176/20000 [48:39<6:39:22,  1.34s/it] 11%|         | 2184/20000 [48:50<6:39:11,  1.34s/it] 11%|        | 2258/20000 [50:19<6:26:28,  1.31s/it] 11%|        | 2265/20000 [50:30<6:26:19,  1.31s/it] 12%|        | 2336/20000 [52:00<6:23:00,  1.30s/it] 12%|        | 2343/20000 [52:10<6:22:51,  1.30s/it] 12%|        | 2411/20000 [53:40<6:25:00,  1.31s/it] 12%|        | 2425/20000 [54:00<6:24:42,  1.31s/it] 12%|        | 2492/20000 [55:21<6:16:30,  1.29s/it] 13%|        | 2506/20000 [55:40<6:16:12,  1.29s/it] 13%|        | 2566/20000 [57:01<6:20:03,  1.31s/it] 13%|        | 2580/20000 [57:20<6:19:45,  1.31s/it] 13%|        | 2642/20000 [58:41<6:19:52,  1.31s/it] 13%|        | 2657/20000 [59:00<6:19:32,  1.31s/it] 14%|        | 2722/20000 [1:00:22<6:13:17,  1.30s/it] 14%|        | 2735/20000 [1:00:40<6:13:00,  1.30s/it] 14%|        | 2802/20000 [1:02:03<6:08:56,  1.29s/it] 14%|        | 2814/20000 [1:02:20<6:08:41,  1.29s/it] 14%|        | 2881/20000 [1:03:44<6:06:14,  1.28s/it] 14%|        | 2893/20000 [1:04:00<6:05:59,  1.28s/it] 15%|        | 2961/20000 [1:05:26<6:03:09,  1.28s/it] 15%|        | 2971/20000 [1:05:40<6:02:57,  1.28s/it] 15%|        | 3037/20000 [1:07:07<6:05:40,  1.29s/it] 15%|        | 3047/20000 [1:07:20<6:05:27,  1.29s/it] 16%|        | 3115/20000 [1:08:48<6:04:06,  1.29s/it] 16%|        | 3122/20000 [1:09:00<6:03:57,  1.29s/it] 16%|        | 3195/20000 [1:10:28<5:59:32,  1.28s/it] 16%|        | 3203/20000 [1:10:40<5:59:22,  1.28s/it] 16%|        | 3273/20000 [1:12:10<5:59:04,  1.29s/it] 16%|        | 3289/20000 [1:12:30<5:58:43,  1.29s/it] 17%|        | 3351/20000 [1:13:50<5:56:54,  1.29s/it] 17%|        | 3366/20000 [1:14:10<5:56:35,  1.29s/it] 17%|        | 3424/20000 [1:15:30<6:02:46,  1.31s/it] 17%|        | 3437/20000 [1:15:50<6:02:29,  1.31s/it] 17%|        | 3496/20000 [1:17:11<6:07:19,  1.34s/it] 18%|        | 3510/20000 [1:17:30<6:07:00,  1.34s/it] 18%|        | 3572/20000 [1:18:51<6:04:11,  1.33s/it] 18%|        | 3585/20000 [1:19:10<6:03:54,  1.33s/it] 18%|        | 3651/20000 [1:20:32<5:58:21,  1.32s/it] 18%|        | 3664/20000 [1:20:50<5:58:04,  1.32s/it] 19%|        | 3722/20000 [1:22:13<6:05:20,  1.35s/it] 19%|        | 3735/20000 [1:22:30<6:05:02,  1.35s/it] 19%|        | 3803/20000 [1:23:54<5:54:27,  1.31s/it] 19%|        | 3814/20000 [1:24:10<5:54:12,  1.31s/it] 19%|        | 3879/20000 [1:25:35<5:54:15,  1.32s/it] 19%|        | 3889/20000 [1:25:50<5:54:02,  1.32s/it] 20%|        | 3956/20000 [1:27:15<5:51:16,  1.31s/it] 20%|        | 3966/20000 [1:27:30<5:51:03,  1.31s/it] 20%|        | 4030/20000 [1:28:57<5:53:59,  1.33s/it] 20%|        | 4040/20000 [1:29:10<5:53:45,  1.33s/it] 21%|        | 4106/20000 [1:30:37<5:51:22,  1.33s/it] 21%|        | 4115/20000 [1:30:50<5:51:10,  1.33s/it] 21%|        | 4179/20000 [1:32:17<5:53:15,  1.34s/it] 21%|        | 4188/20000 [1:32:30<5:53:03,  1.34s/it] 21%|       | 4257/20000 [1:33:58<5:47:58,  1.33s/it] 21%|       | 4266/20000 [1:34:10<5:47:46,  1.33s/it] 22%|       | 4335/20000 [1:35:39<5:44:07,  1.32s/it] 22%|       | 4342/20000 [1:35:50<5:43:57,  1.32s/it] 22%|       | 4410/20000 [1:37:20<5:44:23,  1.33s/it] 22%|       | 4425/20000 [1:37:40<5:44:04,  1.33s/it] 22%|       | 4485/20000 [1:39:01<5:44:29,  1.33s/it] 22%|       | 4499/20000 [1:39:20<5:44:10,  1.33s/it] 23%|       | 4562/20000 [1:40:42<5:41:30,  1.33s/it] 23%|       | 4573/20000 [1:41:00<5:41:15,  1.33s/it] 23%|       | 4639/20000 [1:42:23<5:37:45,  1.32s/it] 23%|       | 4653/20000 [1:42:40<5:37:26,  1.32s/it] 24%|       | 4717/20000 [1:44:03<5:33:53,  1.31s/it] 24%|       | 4728/20000 [1:44:20<5:33:39,  1.31s/it] 24%|       | 4795/20000 [1:45:44<5:30:18,  1.30s/it] 24%|       | 4807/20000 [1:46:00<5:30:02,  1.30s/it] 24%|       | 4876/20000 [1:47:24<5:23:48,  1.28s/it] 24%|       | 4888/20000 [1:47:40<5:23:32,  1.28s/it] 25%|       | 4951/20000 [1:49:05<5:26:09,  1.30s/it] 25%|       | 4962/20000 [1:49:20<5:25:55,  1.30s/it] 25%|       | 5029/20000 [1:50:46<5:24:01,  1.30s/it] 25%|       | 5038/20000 [1:51:00<5:23:50,  1.30s/it] 26%|       | 5106/20000 [1:52:26<5:22:40,  1.30s/it] 26%|       | 5117/20000 [1:52:40<5:22:25,  1.30s/it] 26%|       | 5184/20000 [1:54:06<5:20:01,  1.30s/it] 26%|       | 5194/20000 [1:54:20<5:19:48,  1.30s/it] 26%|       | 5261/20000 [1:55:47<5:18:44,  1.30s/it] 26%|       | 5270/20000 [1:56:00<5:18:32,  1.30s/it] 27%|       | 5335/20000 [1:57:28<5:21:55,  1.32s/it] 27%|       | 5344/20000 [1:57:40<5:21:43,  1.32s/it] 27%|       | 5410/20000 [1:59:09<5:22:50,  1.33s/it] 27%|       | 5417/20000 [1:59:20<5:22:41,  1.33s/it] 27%|       | 5485/20000 [2:00:50<5:22:06,  1.33s/it] 27%|       | 5498/20000 [2:01:10<5:21:49,  1.33s/it] 28%|       | 5560/20000 [2:02:30<5:21:15,  1.33s/it] 28%|       | 5573/20000 [2:02:50<5:20:58,  1.33s/it] 28%|       | 5634/20000 [2:04:11<5:20:57,  1.34s/it] 28%|       | 5649/20000 [2:04:30<5:20:37,  1.34s/it] 29%|       | 5712/20000 [2:05:51<5:15:40,  1.33s/it] 29%|       | 5725/20000 [2:06:10<5:15:23,  1.33s/it] 29%|       | 5790/20000 [2:07:32<5:11:04,  1.31s/it] 29%|       | 5801/20000 [2:07:50<5:10:49,  1.31s/it] 29%|       | 5865/20000 [2:09:12<5:11:06,  1.32s/it] 29%|       | 5879/20000 [2:09:30<5:10:47,  1.32s/it] 30%|       | 5945/20000 [2:10:53<5:05:33,  1.30s/it] 30%|       | 5955/20000 [2:11:10<5:05:20,  1.30s/it] 30%|       | 6019/20000 [2:12:35<5:08:13,  1.32s/it] 30%|       | 6031/20000 [2:12:50<5:07:57,  1.32s/it] 30%|       | 6094/20000 [2:14:16<5:08:40,  1.33s/it] 31%|       | 6105/20000 [2:14:30<5:08:25,  1.33s/it] 31%|       | 6177/20000 [2:15:57<4:57:57,  1.29s/it] 31%|       | 6187/20000 [2:16:10<4:57:44,  1.29s/it] 31%|      | 6256/20000 [2:17:37<4:54:49,  1.29s/it] 31%|      | 6264/20000 [2:17:50<4:54:38,  1.29s/it] 32%|      | 6329/20000 [2:19:17<4:58:42,  1.31s/it] 32%|      | 6337/20000 [2:19:30<4:58:32,  1.31s/it] 32%|      | 6403/20000 [2:20:58<5:00:15,  1.32s/it] 32%|      | 6411/20000 [2:21:10<5:00:05,  1.32s/it] 32%|      | 6482/20000 [2:22:39<4:55:26,  1.31s/it] 32%|      | 6489/20000 [2:22:50<4:55:17,  1.31s/it] 33%|      | 6557/20000 [2:24:20<4:56:11,  1.32s/it] 33%|      | 6571/20000 [2:24:40<4:55:52,  1.32s/it] 33%|      | 6637/20000 [2:26:01<4:50:05,  1.30s/it] 33%|      | 6651/20000 [2:26:20<4:49:47,  1.30s/it] 34%|      | 6716/20000 [2:27:42<4:46:36,  1.29s/it] 34%|      | 6728/20000 [2:28:00<4:46:21,  1.29s/it] 34%|      | 6790/20000 [2:29:22<4:49:08,  1.31s/it] 34%|      | 6801/20000 [2:29:40<4:48:54,  1.31s/it] 34%|      | 6861/20000 [2:31:03<4:54:22,  1.34s/it] 34%|      | 6871/20000 [2:31:20<4:54:08,  1.34s/it] 35%|      | 6933/20000 [2:32:44<4:56:00,  1.36s/it] 35%|      | 6945/20000 [2:33:00<4:55:44,  1.36s/it] 35%|      | 7010/20000 [2:34:25<4:50:59,  1.34s/it] 35%|      | 7022/20000 [2:34:40<4:50:43,  1.34s/it] 35%|      | 7088/20000 [2:36:05<4:45:07,  1.32s/it] 35%|      | 7097/20000 [2:36:20<4:44:56,  1.32s/it] 36%|      | 7156/20000 [2:37:46<4:53:12,  1.37s/it] 36%|      | 7164/20000 [2:38:00<4:53:01,  1.37s/it] 36%|      | 7230/20000 [2:39:27<4:51:08,  1.37s/it] 36%|      | 7241/20000 [2:39:40<4:50:53,  1.37s/it] 37%|      | 7309/20000 [2:41:07<4:42:46,  1.34s/it] 37%|      | 7320/20000 [2:41:20<4:42:31,  1.34s/it] 37%|      | 7383/20000 [2:42:47<4:42:32,  1.34s/it] 37%|      | 7390/20000 [2:43:00<4:42:22,  1.34s/it] 37%|      | 7450/20000 [2:44:28<4:49:58,  1.39s/it] 37%|      | 7459/20000 [2:44:40<4:49:46,  1.39s/it] 38%|      | 7521/20000 [2:46:09<4:50:34,  1.40s/it] 38%|      | 7528/20000 [2:46:20<4:50:25,  1.40s/it] 38%|      | 7593/20000 [2:47:50<4:49:27,  1.40s/it] 38%|      | 7609/20000 [2:48:10<4:49:04,  1.40s/it] 38%|      | 7671/20000 [2:49:31<4:40:24,  1.36s/it] 38%|      | 7684/20000 [2:49:50<4:40:06,  1.36s/it] 39%|      | 7747/20000 [2:51:11<4:35:45,  1.35s/it] 39%|      | 7761/20000 [2:51:30<4:35:26,  1.35s/it] 39%|      | 7824/20000 [2:52:52<4:31:44,  1.34s/it] 39%|      | 7836/20000 [2:53:10<4:31:28,  1.34s/it] 39%|      | 7894/20000 [2:54:33<4:36:01,  1.37s/it] 40%|      | 7907/20000 [2:54:50<4:35:43,  1.37s/it] 40%|      | 7969/20000 [2:56:14<4:32:55,  1.36s/it] 40%|      | 7980/20000 [2:56:30<4:32:40,  1.36s/it] 40%|      | 8041/20000 [2:57:55<4:34:03,  1.37s/it] 40%|      | 8051/20000 [2:58:10<4:33:49,  1.37s/it] 41%|      | 8109/20000 [2:59:35<4:38:14,  1.40s/it] 41%|      | 8118/20000 [2:59:50<4:38:01,  1.40s/it] 41%|      | 8180/20000 [3:01:16<4:37:03,  1.41s/it] 41%|      | 8190/20000 [3:01:30<4:36:49,  1.41s/it] 41%|     | 8256/20000 [3:02:56<4:29:46,  1.38s/it] 41%|     | 8265/20000 [3:03:10<4:29:34,  1.38s/it] 42%|     | 8325/20000 [3:04:37<4:33:02,  1.40s/it] 42%|     | 8333/20000 [3:04:50<4:32:50,  1.40s/it] 42%|     | 8396/20000 [3:06:18<4:32:29,  1.41s/it] 42%|     | 8404/20000 [3:06:30<4:32:17,  1.41s/it] 42%|     | 8468/20000 [3:07:59<4:30:33,  1.41s/it] 42%|     | 8475/20000 [3:08:10<4:30:23,  1.41s/it] 43%|     | 8542/20000 [3:09:40<4:25:55,  1.39s/it] 43%|     | 8549/20000 [3:09:50<4:25:45,  1.39s/it] 43%|     | 8614/20000 [3:11:20<4:24:04,  1.39s/it] 43%|     | 8620/20000 [3:11:30<4:23:56,  1.39s/it] 43%|     | 8687/20000 [3:13:00<4:21:32,  1.39s/it] 44%|     | 8701/20000 [3:13:20<4:21:13,  1.39s/it] 44%|     | 8758/20000 [3:14:41<4:21:41,  1.40s/it] 44%|     | 8773/20000 [3:15:00<4:21:20,  1.40s/it] 44%|     | 8831/20000 [3:16:21<4:18:46,  1.39s/it] 44%|     | 8844/20000 [3:16:40<4:18:28,  1.39s/it] 45%|     | 8908/20000 [3:18:01<4:11:43,  1.36s/it] 45%|     | 8920/20000 [3:18:20<4:11:27,  1.36s/it] 45%|     | 8975/20000 [3:19:42<4:17:10,  1.40s/it] 45%|     | 8987/20000 [3:20:00<4:16:53,  1.40s/it] 45%|     | 9043/20000 [3:21:22<4:19:50,  1.42s/it] 45%|     | 9054/20000 [3:21:40<4:19:34,  1.42s/it] 46%|     | 9112/20000 [3:23:03<4:20:01,  1.43s/it] 46%|     | 9123/20000 [3:23:20<4:19:45,  1.43s/it] 46%|     | 9183/20000 [3:24:43<4:17:34,  1.43s/it] 46%|     | 9196/20000 [3:25:00<4:17:16,  1.43s/it] 46%|     | 9264/20000 [3:26:25<4:04:59,  1.37s/it] 46%|     | 9276/20000 [3:26:40<4:04:42,  1.37s/it] 47%|     | 9341/20000 [3:28:05<3:59:26,  1.35s/it] 47%|     | 9352/20000 [3:28:20<3:59:11,  1.35s/it] 47%|     | 9420/20000 [3:29:46<3:53:43,  1.33s/it] 47%|     | 9432/20000 [3:30:00<3:53:27,  1.33s/it] 48%|     | 9500/20000 [3:31:26<3:47:51,  1.30s/it] 48%|     | 9511/20000 [3:31:40<3:47:37,  1.30s/it] 48%|     | 9578/20000 [3:33:06<3:45:37,  1.30s/it] 48%|     | 9589/20000 [3:33:20<3:45:22,  1.30s/it] 48%|     | 9657/20000 [3:34:47<3:42:39,  1.29s/it] 48%|     | 9666/20000 [3:35:00<3:42:28,  1.29s/it] 49%|     | 9734/20000 [3:36:28<3:42:04,  1.30s/it] 49%|     | 9744/20000 [3:36:40<3:41:51,  1.30s/it] 49%|     | 9818/20000 [3:38:08<3:34:36,  1.26s/it] 49%|     | 9825/20000 [3:38:20<3:34:27,  1.26s/it] 49%|     | 9884/20000 [3:39:50<3:45:13,  1.34s/it] 49%|     | 9890/20000 [3:40:00<3:45:05,  1.34s/it] 50%|     | 9950/20000 [3:41:31<3:52:35,  1.39s/it] 50%|     | 9962/20000 [3:41:50<3:52:18,  1.39s/it] 50%|     | 10027/20000 [3:43:11<3:46:32,  1.36s/it] 50%|     | 10040/20000 [3:43:30<3:46:14,  1.36s/it] 50%|     | 10094/20000 [3:44:51<3:51:06,  1.40s/it] 51%|     | 10106/20000 [3:45:10<3:50:49,  1.40s/it] 51%|     | 10164/20000 [3:46:33<3:51:39,  1.41s/it] 51%|     | 10175/20000 [3:46:50<3:51:24,  1.41s/it] 51%|     | 10240/20000 [3:48:13<3:45:27,  1.39s/it] 51%|    | 10252/20000 [3:48:30<3:45:10,  1.39s/it] 52%|    | 10317/20000 [3:49:53<3:39:17,  1.36s/it] 52%|    | 10327/20000 [3:50:10<3:39:04,  1.36s/it] 52%|    | 10386/20000 [3:51:34<3:42:17,  1.39s/it] 52%|    | 10399/20000 [3:51:50<3:41:59,  1.39s/it] 52%|    | 10460/20000 [3:53:15<3:39:27,  1.38s/it] 52%|    | 10471/20000 [3:53:30<3:39:12,  1.38s/it] 53%|    | 10536/20000 [3:54:55<3:34:54,  1.36s/it] 53%|    | 10547/20000 [3:55:10<3:34:39,  1.36s/it] 53%|    | 10614/20000 [3:56:36<3:29:25,  1.34s/it] 53%|    | 10624/20000 [3:56:50<3:29:11,  1.34s/it] 53%|    | 10685/20000 [3:58:17<3:31:46,  1.36s/it] 53%|    | 10693/20000 [3:58:30<3:31:35,  1.36s/it] 54%|    | 10761/20000 [3:59:57<3:27:49,  1.35s/it] 54%|    | 10770/20000 [4:00:10<3:27:37,  1.35s/it] 54%|    | 10834/20000 [4:01:37<3:27:12,  1.36s/it] 54%|    | 10842/20000 [4:01:50<3:27:01,  1.36s/it] 55%|    | 10907/20000 [4:03:18<3:26:46,  1.36s/it] 55%|    | 10914/20000 [4:03:30<3:26:36,  1.36s/it] 55%|    | 10981/20000 [4:04:59<3:25:11,  1.37s/it] 55%|    | 10989/20000 [4:05:10<3:25:00,  1.37s/it] 55%|    | 11061/20000 [4:06:40<3:18:13,  1.33s/it] 55%|    | 11075/20000 [4:07:00<3:17:54,  1.33s/it] 56%|    | 11131/20000 [4:08:20<3:20:54,  1.36s/it] 56%|    | 11145/20000 [4:08:40<3:20:35,  1.36s/it] 56%|    | 11205/20000 [4:10:01<3:19:31,  1.36s/it] 56%|    | 11219/20000 [4:10:20<3:19:12,  1.36s/it] 56%|    | 11281/20000 [4:11:41<3:15:50,  1.35s/it] 56%|    | 11294/20000 [4:12:00<3:15:32,  1.35s/it] 57%|    | 11358/20000 [4:13:22<3:12:03,  1.33s/it] 57%|    | 11372/20000 [4:13:40<3:11:44,  1.33s/it] 57%|    | 11440/20000 [4:15:03<3:05:36,  1.30s/it] 57%|    | 11454/20000 [4:15:20<3:05:17,  1.30s/it] 58%|    | 11521/20000 [4:16:43<3:01:13,  1.28s/it] 58%|    | 11534/20000 [4:17:00<3:00:56,  1.28s/it] 58%|    | 11602/20000 [4:18:23<2:57:28,  1.27s/it] 58%|    | 11615/20000 [4:18:40<2:57:12,  1.27s/it] 58%|    | 11679/20000 [4:20:04<2:57:36,  1.28s/it] 58%|    | 11691/20000 [4:20:20<2:57:21,  1.28s/it] 59%|    | 11756/20000 [4:21:45<2:57:11,  1.29s/it] 59%|    | 11767/20000 [4:22:00<2:56:57,  1.29s/it] 59%|    | 11827/20000 [4:23:26<3:00:34,  1.33s/it] 59%|    | 11836/20000 [4:23:40<3:00:22,  1.33s/it] 60%|    | 11902/20000 [4:25:07<2:59:43,  1.33s/it] 60%|    | 11912/20000 [4:25:20<2:59:29,  1.33s/it] 60%|    | 11978/20000 [4:26:48<2:58:03,  1.33s/it] 60%|    | 11986/20000 [4:27:00<2:57:53,  1.33s/it] 60%|    | 12045/20000 [4:28:28<3:02:45,  1.38s/it] 60%|    | 12052/20000 [4:28:40<3:02:35,  1.38s/it] 61%|    | 12118/20000 [4:30:08<3:00:44,  1.38s/it] 61%|    | 12128/20000 [4:30:20<3:00:30,  1.38s/it] 61%|    | 12196/20000 [4:31:49<2:55:26,  1.35s/it] 61%|    | 12204/20000 [4:32:00<2:55:15,  1.35s/it] 61%|   | 12275/20000 [4:33:29<2:50:30,  1.32s/it] 61%|   | 12283/20000 [4:33:40<2:50:19,  1.32s/it] 62%|   | 12350/20000 [4:35:10<2:49:29,  1.33s/it] 62%|   | 12364/20000 [4:35:30<2:49:11,  1.33s/it] 62%|   | 12427/20000 [4:36:50<2:46:45,  1.32s/it] 62%|   | 12441/20000 [4:37:10<2:46:27,  1.32s/it] 63%|   | 12505/20000 [4:38:31<2:44:04,  1.31s/it] 63%|   | 12519/20000 [4:38:50<2:43:45,  1.31s/it] 63%|   | 12579/20000 [4:40:12<2:44:13,  1.33s/it] 63%|   | 12593/20000 [4:40:30<2:43:55,  1.33s/it] 63%|   | 12656/20000 [4:41:53<2:42:01,  1.32s/it] 63%|   | 12669/20000 [4:42:10<2:41:43,  1.32s/it] 64%|   | 12728/20000 [4:43:34<2:43:11,  1.35s/it] 64%|   | 12737/20000 [4:43:50<2:42:59,  1.35s/it] 64%|   | 12806/20000 [4:45:15<2:39:27,  1.33s/it] 64%|   | 12816/20000 [4:45:30<2:39:14,  1.33s/it] 64%|   | 12874/20000 [4:46:55<2:42:35,  1.37s/it] 64%|   | 12885/20000 [4:47:10<2:42:20,  1.37s/it] 65%|   | 12945/20000 [4:48:35<2:42:22,  1.38s/it] 65%|   | 12956/20000 [4:48:50<2:42:07,  1.38s/it] 65%|   | 13025/20000 [4:50:16<2:35:46,  1.34s/it] 65%|   | 13035/20000 [4:50:30<2:35:32,  1.34s/it] 65%|   | 13094/20000 [4:51:57<2:38:31,  1.38s/it] 66%|   | 13102/20000 [4:52:10<2:38:20,  1.38s/it] 66%|   | 13172/20000 [4:53:38<2:33:31,  1.35s/it] 66%|   | 13182/20000 [4:53:50<2:33:18,  1.35s/it] 66%|   | 13254/20000 [4:55:18<2:27:14,  1.31s/it] 66%|   | 13262/20000 [4:55:30<2:27:03,  1.31s/it] 67%|   | 13326/20000 [4:56:59<2:28:37,  1.34s/it] 67%|   | 13334/20000 [4:57:10<2:28:26,  1.34s/it] 67%|   | 13399/20000 [4:58:40<2:28:43,  1.35s/it] 67%|   | 13414/20000 [4:59:00<2:28:23,  1.35s/it] 67%|   | 13468/20000 [5:00:21<2:30:19,  1.38s/it] 67%|   | 13480/20000 [5:00:40<2:30:02,  1.38s/it] 68%|   | 13542/20000 [5:02:02<2:28:03,  1.38s/it] 68%|   | 13556/20000 [5:02:20<2:27:43,  1.38s/it] 68%|   | 13621/20000 [5:03:42<2:22:34,  1.34s/it] 68%|   | 13635/20000 [5:04:00<2:22:16,  1.34s/it] 68%|   | 13692/20000 [5:05:23<2:23:21,  1.36s/it] 69%|   | 13703/20000 [5:05:40<2:23:06,  1.36s/it] 69%|   | 13761/20000 [5:07:04<2:24:54,  1.39s/it] 69%|   | 13773/20000 [5:07:20<2:24:38,  1.39s/it] 69%|   | 13837/20000 [5:08:45<2:21:04,  1.37s/it] 69%|   | 13846/20000 [5:09:00<2:20:51,  1.37s/it] 70%|   | 13904/20000 [5:10:25<2:23:09,  1.41s/it] 70%|   | 13914/20000 [5:10:40<2:22:55,  1.41s/it] 70%|   | 13977/20000 [5:12:06<2:20:27,  1.40s/it] 70%|   | 13986/20000 [5:12:20<2:20:14,  1.40s/it] 70%|   | 14046/20000 [5:13:46<2:20:18,  1.41s/it] 70%|   | 14055/20000 [5:14:00<2:20:06,  1.41s/it] 71%|   | 14120/20000 [5:15:27<2:17:11,  1.40s/it] 71%|   | 14128/20000 [5:15:40<2:17:00,  1.40s/it] 71%|   | 14188/20000 [5:17:07<2:17:39,  1.42s/it] 71%|   | 14195/20000 [5:17:20<2:17:29,  1.42s/it] 71%|  | 14258/20000 [5:18:48<2:16:27,  1.43s/it] 71%|  | 14265/20000 [5:19:00<2:16:17,  1.43s/it] 72%|  | 14337/20000 [5:20:29<2:09:56,  1.38s/it] 72%|  | 14345/20000 [5:20:40<2:09:45,  1.38s/it] 72%|  | 14409/20000 [5:22:10<2:09:02,  1.38s/it] 72%|  | 14416/20000 [5:22:20<2:08:52,  1.38s/it] 72%|  | 14488/20000 [5:23:51<2:04:07,  1.35s/it] 73%|  | 14503/20000 [5:24:10<2:03:47,  1.35s/it] 73%|  | 14566/20000 [5:25:31<2:00:30,  1.33s/it] 73%|  | 14580/20000 [5:25:50<2:00:11,  1.33s/it] 73%|  | 14642/20000 [5:27:11<1:58:35,  1.33s/it] 73%|  | 14654/20000 [5:27:30<1:58:19,  1.33s/it] 74%|  | 14714/20000 [5:28:52<1:58:48,  1.35s/it] 74%|  | 14726/20000 [5:29:10<1:58:32,  1.35s/it] 74%|  | 14791/20000 [5:30:33<1:55:58,  1.34s/it] 74%|  | 14803/20000 [5:30:50<1:55:42,  1.34s/it] 74%|  | 14863/20000 [5:32:13<1:55:44,  1.35s/it] 74%|  | 14877/20000 [5:32:30<1:55:25,  1.35s/it] 75%|  | 14937/20000 [5:33:54<1:54:17,  1.35s/it] 75%|  | 14949/20000 [5:34:10<1:54:01,  1.35s/it] 75%|  | 15012/20000 [5:35:34<1:52:08,  1.35s/it] 75%|  | 15023/20000 [5:35:50<1:51:53,  1.35s/it] 75%|  | 15090/20000 [5:37:14<1:48:46,  1.33s/it] 76%|  | 15101/20000 [5:37:30<1:48:31,  1.33s/it] 76%|  | 15168/20000 [5:38:55<1:46:12,  1.32s/it] 76%|  | 15177/20000 [5:39:10<1:46:00,  1.32s/it] 76%|  | 15235/20000 [5:40:36<1:48:54,  1.37s/it] 76%|  | 15243/20000 [5:40:50<1:48:43,  1.37s/it] 77%|  | 15304/20000 [5:42:18<1:49:30,  1.40s/it] 77%|  | 15312/20000 [5:42:30<1:49:19,  1.40s/it] 77%|  | 15376/20000 [5:43:58<1:47:48,  1.40s/it] 77%|  | 15383/20000 [5:44:10<1:47:38,  1.40s/it] 77%|  | 15443/20000 [5:45:38<1:48:19,  1.43s/it] 77%|  | 15451/20000 [5:45:50<1:48:08,  1.43s/it] 78%|  | 15516/20000 [5:47:19<1:45:20,  1.41s/it] 78%|  | 15525/20000 [5:47:30<1:45:07,  1.41s/it] 78%|  | 15590/20000 [5:48:59<1:42:32,  1.40s/it] 78%|  | 15597/20000 [5:49:10<1:42:22,  1.40s/it] 78%|  | 15666/20000 [5:50:40<1:39:13,  1.37s/it] 78%|  | 15682/20000 [5:51:00<1:38:51,  1.37s/it] 79%|  | 15743/20000 [5:52:21<1:36:02,  1.35s/it] 79%|  | 15758/20000 [5:52:40<1:35:41,  1.35s/it] 79%|  | 15818/20000 [5:54:02<1:34:15,  1.35s/it] 79%|  | 15832/20000 [5:54:20<1:33:56,  1.35s/it] 79%|  | 15893/20000 [5:55:43<1:32:24,  1.35s/it] 80%|  | 15906/20000 [5:56:00<1:32:06,  1.35s/it] 80%|  | 15966/20000 [5:57:24<1:31:17,  1.36s/it] 80%|  | 15978/20000 [5:57:40<1:31:01,  1.36s/it] 80%|  | 16038/20000 [5:59:04<1:30:16,  1.37s/it] 80%|  | 16049/20000 [5:59:20<1:30:01,  1.37s/it] 81%|  | 16117/20000 [6:00:45<1:26:40,  1.34s/it] 81%|  | 16127/20000 [6:01:00<1:26:26,  1.34s/it] 81%|  | 16194/20000 [6:02:25<1:24:16,  1.33s/it] 81%|  | 16204/20000 [6:02:40<1:24:03,  1.33s/it] 81%| | 16268/20000 [6:04:07<1:23:25,  1.34s/it] 81%| | 16278/20000 [6:04:20<1:23:11,  1.34s/it] 82%| | 16342/20000 [6:05:47<1:22:00,  1.35s/it] 82%| | 16352/20000 [6:06:00<1:21:46,  1.35s/it] 82%| | 16419/20000 [6:07:27<1:19:31,  1.33s/it] 82%| | 16428/20000 [6:07:40<1:19:19,  1.33s/it] 82%| | 16497/20000 [6:09:08<1:16:59,  1.32s/it] 83%| | 16507/20000 [6:09:20<1:16:46,  1.32s/it] 83%| | 16579/20000 [6:10:48<1:13:29,  1.29s/it] 83%| | 16589/20000 [6:11:00<1:13:16,  1.29s/it] 83%| | 16661/20000 [6:12:29<1:10:48,  1.27s/it] 83%| | 16668/20000 [6:12:40<1:10:39,  1.27s/it] 84%| | 16735/20000 [6:14:10<1:10:36,  1.30s/it] 84%| | 16742/20000 [6:14:20<1:10:27,  1.30s/it] 84%| | 16812/20000 [6:15:51<1:09:05,  1.30s/it] 84%| | 16827/20000 [6:16:10<1:08:45,  1.30s/it] 84%| | 16888/20000 [6:17:32<1:07:53,  1.31s/it] 85%| | 16901/20000 [6:17:50<1:07:36,  1.31s/it] 85%| | 16960/20000 [6:19:12<1:07:30,  1.33s/it] 85%| | 16973/20000 [6:19:30<1:07:13,  1.33s/it] 85%| | 17035/20000 [6:20:53<1:06:00,  1.34s/it] 85%| | 17049/20000 [6:21:10<1:05:41,  1.34s/it] 86%| | 17111/20000 [6:22:34<1:04:19,  1.34s/it] 86%| | 17122/20000 [6:22:50<1:04:04,  1.34s/it] 86%| | 17187/20000 [6:24:15<1:02:28,  1.33s/it] 86%| | 17198/20000 [6:24:30<1:02:14,  1.33s/it] 86%| | 17264/20000 [6:25:55<1:00:18,  1.32s/it] 86%| | 17275/20000 [6:26:10<1:00:03,  1.32s/it] 87%| | 17343/20000 [6:27:36<58:03,  1.31s/it]   87%| | 17353/20000 [6:27:50<57:50,  1.31s/it] 87%| | 17414/20000 [6:29:18<57:55,  1.34s/it] 87%| | 17422/20000 [6:29:30<57:45,  1.34s/it] 87%| | 17491/20000 [6:30:58<55:43,  1.33s/it] 87%| | 17499/20000 [6:31:10<55:32,  1.33s/it] 88%| | 17569/20000 [6:32:38<53:22,  1.32s/it] 88%| | 17576/20000 [6:32:50<53:12,  1.32s/it] 88%| | 17640/20000 [6:34:20<53:01,  1.35s/it] 88%| | 17647/20000 [6:34:30<52:51,  1.35s/it] 89%| | 17714/20000 [6:36:00<51:28,  1.35s/it] 89%| | 17729/20000 [6:36:20<51:08,  1.35s/it] 89%| | 17791/20000 [6:37:41<49:12,  1.34s/it] 89%| | 17805/20000 [6:38:00<48:53,  1.34s/it] 89%| | 17864/20000 [6:39:22<48:05,  1.35s/it] 89%| | 17877/20000 [6:39:40<47:47,  1.35s/it] 90%| | 17940/20000 [6:41:02<46:01,  1.34s/it] 90%| | 17953/20000 [6:41:20<45:43,  1.34s/it] 90%| | 18016/20000 [6:42:43<44:11,  1.34s/it] 90%| | 18030/20000 [6:43:00<43:52,  1.34s/it] 90%| | 18093/20000 [6:44:23<42:08,  1.33s/it] 91%| | 18106/20000 [6:44:40<41:50,  1.33s/it] 91%| | 18169/20000 [6:46:03<40:23,  1.32s/it] 91%| | 18181/20000 [6:46:20<40:07,  1.32s/it] 91%| | 18243/20000 [6:47:43<39:02,  1.33s/it] 91%|| 18256/20000 [6:48:00<38:44,  1.33s/it] 92%|| 18319/20000 [6:49:24<37:20,  1.33s/it] 92%|| 18330/20000 [6:49:40<37:05,  1.33s/it] 92%|| 18393/20000 [6:51:05<35:51,  1.34s/it] 92%|| 18405/20000 [6:51:20<35:34,  1.34s/it] 92%|| 18471/20000 [6:52:45<33:41,  1.32s/it] 92%|| 18482/20000 [6:53:00<33:26,  1.32s/it] 93%|| 18540/20000 [6:54:26<33:09,  1.36s/it] 93%|| 18550/20000 [6:54:40<32:55,  1.36s/it] 93%|| 18612/20000 [6:56:06<31:42,  1.37s/it] 93%|| 18621/20000 [6:56:20<31:29,  1.37s/it] 93%|| 18684/20000 [6:57:47<30:17,  1.38s/it] 93%|| 18693/20000 [6:58:00<30:05,  1.38s/it] 94%|| 18754/20000 [6:59:28<29:04,  1.40s/it] 94%|| 18761/20000 [6:59:40<28:54,  1.40s/it] 94%|| 18824/20000 [7:01:10<27:43,  1.41s/it] 94%|| 18830/20000 [7:01:20<27:35,  1.41s/it] 94%|| 18889/20000 [7:02:51<26:53,  1.45s/it] 95%|| 18902/20000 [7:03:10<26:34,  1.45s/it] 95%|| 18962/20000 [7:04:32<24:45,  1.43s/it] 95%|| 18974/20000 [7:04:50<24:28,  1.43s/it] 95%|| 19033/20000 [7:06:13<23:02,  1.43s/it] 95%|| 19044/20000 [7:06:30<22:46,  1.43s/it] 96%|| 19102/20000 [7:07:54<21:33,  1.44s/it] 96%|| 19112/20000 [7:08:10<21:18,  1.44s/it] 96%|| 19169/20000 [7:09:34<20:10,  1.46s/it] 96%|| 19180/20000 [7:09:50<19:54,  1.46s/it] 96%|| 19239/20000 [7:11:15<18:22,  1.45s/it] 96%|| 19249/20000 [7:11:30<18:08,  1.45s/it] 97%|| 19314/20000 [7:12:55<16:11,  1.42s/it] 97%|| 19326/20000 [7:13:10<15:54,  1.42s/it] 97%|| 19391/20000 [7:14:36<14:02,  1.38s/it] 97%|| 19401/20000 [7:14:50<13:48,  1.38s/it] 97%|| 19470/20000 [7:16:17<11:54,  1.35s/it] 97%|| 19480/20000 [7:16:30<11:40,  1.35s/it] 98%|| 19551/20000 [7:17:58<09:50,  1.32s/it] 98%|| 19560/20000 [7:18:10<09:39,  1.32s/it] 98%|| 19631/20000 [7:19:38<07:58,  1.30s/it] 98%|| 19640/20000 [7:19:50<07:46,  1.30s/it] 99%|| 19710/20000 [7:21:19<06:14,  1.29s/it] 99%|| 19719/20000 [7:21:30<06:02,  1.29s/it] 99%|| 19787/20000 [7:22:59<04:35,  1.29s/it] 99%|| 19796/20000 [7:23:10<04:24,  1.29s/it] 99%|| 19868/20000 [7:24:40<02:48,  1.28s/it] 99%|| 19875/20000 [7:24:50<02:39,  1.28s/it]100%|| 19946/20000 [7:26:20<01:09,  1.28s/it]100%|| 19963/20000 [7:26:40<00:47,  1.28s/it]100%|| 20000/20000 [7:27:21<00:00,  1.34s/it]

Analysis complete. Found 1 cluster(s) meeting the MCMC criterion.
Accepted cluster indices: [0]

--- Processing Final Results for Cluster 0 ---
--- MCMC Parameter Constraints for Cluster 0 ---
  x_src = 79.374 +0.046 / -0.042
  y_src = 78.521 +0.122 / -0.226
    z_s = 4.012 +0.187 / -0.133
Saving localization results for Cluster 0...
Processing results for Cluster 0...
-> Saved 340000 samples to /users/hiu-yeung.cheng/clusterlensing/out/row4/test_tidy_row4/cluster_0_posterior.npz
Updated CSV row 4 with result for cluster 0.
Loading data from /users/hiu-yeung.cheng/clusterlensing/out/row4/test_tidy_row4/cluster_0_posterior.npz...

Generating corner plot...
-> Corner plot saved to /users/hiu-yeung.cheng/clusterlensing/out/row4/test_tidy_row4/cluster_0_corner_from_saved.png

Generating trace plot...
-> Trace plot saved to /users/hiu-yeung.cheng/clusterlensing/out/row4/test_tidy_row4/cluster_0_trace.png
