Row=42 OUT_DIR=/users/hiu-yeung.cheng/clusterlensing/out/row42 DE_PROCS=16 MCMC_PROCS=16
Setup complete. Lensing system initialized.
True time delays: [    0.         14034.73174856 15152.43493891 15526.18878249
 15798.17251372]
True luminosity distances: 20959.765256033894
Lensed luminosity distances: [  6665.34478366   3946.21586438  11371.63274822  21927.10302536
 456930.9074379 ]

Running the full analysis pipeline...
--- Running DE for Cluster 0 ---
[DE] Process Pool with 16 procs (init=latinhypercube, popsize=50)
differential_evolution step 1: f(x)= 4242.640687119286
differential_evolution step 2: f(x)= 4242.640687119286
differential_evolution step 3: f(x)= 3000.0
differential_evolution step 4: f(x)= 1689.631013248796
differential_evolution step 5: f(x)= 1689.631013248796
differential_evolution step 6: f(x)= 1689.631013248796
differential_evolution step 7: f(x)= 1466.0092691691607
differential_evolution step 8: f(x)= 1466.0092691691607
differential_evolution step 9: f(x)= 1466.0092691691607
differential_evolution step 10: f(x)= 263.7278236145857
differential_evolution step 11: f(x)= 263.7278236145857
differential_evolution step 12: f(x)= 263.7278236145857
differential_evolution step 13: f(x)= 263.7278236145857
differential_evolution step 14: f(x)= 234.63506780892118
differential_evolution step 15: f(x)= 188.86532938967667
differential_evolution step 16: f(x)= 188.86532938967667
differential_evolution step 17: f(x)= 188.86532938967667
differential_evolution step 18: f(x)= 188.86532938967667
differential_evolution step 19: f(x)= 188.86532938967667
differential_evolution step 20: f(x)= 188.86532938967667
differential_evolution step 21: f(x)= 161.08351481388894
differential_evolution step 22: f(x)= 161.08351481388894
differential_evolution step 23: f(x)= 161.08351481388894
differential_evolution step 24: f(x)= 161.08351481388894
differential_evolution step 25: f(x)= 161.08351481388894
differential_evolution step 26: f(x)= 161.08351481388894
differential_evolution step 27: f(x)= 161.08351481388894
differential_evolution step 28: f(x)= 161.08351481388894
differential_evolution step 29: f(x)= 161.08351481388894
differential_evolution step 30: f(x)= 161.08351481388894
differential_evolution step 31: f(x)= 161.08351481388894
differential_evolution step 32: f(x)= 161.08351481388894
differential_evolution step 33: f(x)= 156.03049128409063
differential_evolution step 34: f(x)= 156.03049128409063
differential_evolution step 35: f(x)= 92.7317209409486
differential_evolution step 36: f(x)= 92.7317209409486
differential_evolution step 37: f(x)= 92.7317209409486
differential_evolution step 38: f(x)= 92.7317209409486
differential_evolution step 39: f(x)= 92.7317209409486
differential_evolution step 40: f(x)= 74.85279767533308
differential_evolution step 41: f(x)= 74.85279767533308
differential_evolution step 42: f(x)= 74.85279767533308
differential_evolution step 43: f(x)= 74.85279767533308
differential_evolution step 44: f(x)= 74.85279767533308
differential_evolution step 45: f(x)= 74.85279767533308
differential_evolution step 46: f(x)= 74.85279767533308
differential_evolution step 47: f(x)= 74.85279767533308
differential_evolution step 48: f(x)= 74.85279767533308
differential_evolution step 49: f(x)= 74.85279767533308
differential_evolution step 50: f(x)= 74.85279767533308
differential_evolution step 51: f(x)= 74.85279767533308
differential_evolution step 52: f(x)= 74.85279767533308
differential_evolution step 53: f(x)= 74.85279767533308
differential_evolution step 54: f(x)= 74.85279767533308
differential_evolution step 55: f(x)= 74.85279767533308
differential_evolution step 56: f(x)= 74.85279767533308
differential_evolution step 57: f(x)= 74.85279767533308
differential_evolution step 58: f(x)= 74.85279767533308
differential_evolution step 59: f(x)= 74.85279767533308
differential_evolution step 60: f(x)= 74.85279767533308
differential_evolution step 61: f(x)= 74.85279767533308
differential_evolution step 62: f(x)= 45.80855515438097
differential_evolution step 63: f(x)= 45.80855515438097
differential_evolution step 64: f(x)= 45.80855515438097
differential_evolution step 65: f(x)= 45.80855515438097
differential_evolution step 66: f(x)= 45.80855515438097
differential_evolution step 67: f(x)= 45.80855515438097
differential_evolution step 68: f(x)= 45.80855515438097
differential_evolution step 69: f(x)= 42.96446073884949
differential_evolution step 70: f(x)= 42.96446073884949
differential_evolution step 71: f(x)= 39.25532654858945
differential_evolution step 72: f(x)= 39.25532654858945
differential_evolution step 73: f(x)= 39.25532654858945
differential_evolution step 74: f(x)= 39.25532654858945
differential_evolution step 75: f(x)= 39.25532654858945
differential_evolution step 76: f(x)= 39.25532654858945
differential_evolution step 77: f(x)= 39.25532654858945
differential_evolution step 78: f(x)= 39.25532654858945
differential_evolution step 79: f(x)= 39.25532654858945
differential_evolution step 80: f(x)= 39.25532654858945
differential_evolution step 81: f(x)= 39.25532654858945
differential_evolution step 82: f(x)= 39.25532654858945
differential_evolution step 83: f(x)= 39.25532654858945
differential_evolution step 84: f(x)= 39.25532654858945
differential_evolution step 85: f(x)= 39.25532654858945
differential_evolution step 86: f(x)= 39.25532654858945
differential_evolution step 87: f(x)= 39.25532654858945
differential_evolution step 88: f(x)= 39.25532654858945
differential_evolution step 89: f(x)= 39.25532654858945
differential_evolution step 90: f(x)= 39.25532654858945
differential_evolution step 91: f(x)= 39.25532654858945
differential_evolution step 92: f(x)= 39.25532654858945
differential_evolution step 93: f(x)= 39.25532654858945
differential_evolution step 94: f(x)= 39.25532654858945
differential_evolution step 95: f(x)= 39.25532654858945
differential_evolution step 96: f(x)= 39.25532654858945
differential_evolution step 97: f(x)= 39.25532654858945
differential_evolution step 98: f(x)= 39.25532654858945
differential_evolution step 99: f(x)= 39.25532654858945
differential_evolution step 100: f(x)= 37.864809748488966
differential_evolution step 101: f(x)= 37.864809748488966
differential_evolution step 102: f(x)= 37.57730982392033
differential_evolution step 103: f(x)= 37.57730982392033
differential_evolution step 104: f(x)= 36.0973699272044
differential_evolution step 105: f(x)= 36.0973699272044
differential_evolution step 106: f(x)= 35.88617096305061
differential_evolution step 107: f(x)= 35.45742731059372
differential_evolution step 108: f(x)= 35.45742731059372
differential_evolution step 109: f(x)= 35.45742731059372
differential_evolution step 110: f(x)= 35.45742731059372
differential_evolution step 111: f(x)= 35.45742731059372
differential_evolution step 112: f(x)= 35.45742731059372
differential_evolution step 113: f(x)= 35.45742731059372
differential_evolution step 114: f(x)= 35.2249157460335
differential_evolution step 115: f(x)= 35.2249157460335
differential_evolution step 116: f(x)= 35.2249157460335
differential_evolution step 117: f(x)= 35.2249157460335
differential_evolution step 118: f(x)= 35.2249157460335
differential_evolution step 119: f(x)= 35.12463468842202
differential_evolution step 120: f(x)= 35.12463468842202
differential_evolution step 121: f(x)= 35.12463468842202
differential_evolution step 122: f(x)= 35.12463468842202
differential_evolution step 123: f(x)= 35.12463468842202
differential_evolution step 124: f(x)= 35.11484917185721
differential_evolution step 125: f(x)= 35.11484917185721
differential_evolution step 126: f(x)= 35.11484917185721
differential_evolution step 127: f(x)= 35.11484917185721
differential_evolution step 128: f(x)= 35.11484917185721
differential_evolution step 129: f(x)= 35.11484917185721
differential_evolution step 130: f(x)= 35.11484917185721
differential_evolution step 131: f(x)= 35.11484917185721
differential_evolution step 132: f(x)= 35.11484917185721
differential_evolution step 133: f(x)= 35.061229704837324
differential_evolution step 134: f(x)= 35.061229704837324
differential_evolution step 135: f(x)= 35.061229704837324
differential_evolution step 136: f(x)= 35.05482000995788
differential_evolution step 137: f(x)= 35.05482000995788
differential_evolution step 138: f(x)= 35.05482000995788
differential_evolution step 139: f(x)= 35.05482000995788
differential_evolution step 140: f(x)= 35.05482000995788
differential_evolution step 141: f(x)= 35.05482000995788
differential_evolution step 142: f(x)= 35.05482000995788
differential_evolution step 143: f(x)= 35.05482000995788
differential_evolution step 144: f(x)= 35.05482000995788
differential_evolution step 145: f(x)= 35.05482000995788
differential_evolution step 146: f(x)= 35.05482000995788
differential_evolution step 147: f(x)= 35.05482000995788
differential_evolution step 148: f(x)= 35.05482000995788
differential_evolution step 149: f(x)= 35.05482000995788
differential_evolution step 150: f(x)= 35.05482000995788
differential_evolution step 151: f(x)= 35.044058584106786
differential_evolution step 152: f(x)= 35.044058584106786
differential_evolution step 153: f(x)= 35.044058584106786
differential_evolution step 154: f(x)= 35.028204367205475
differential_evolution step 155: f(x)= 35.006516974959695
differential_evolution step 156: f(x)= 35.006516974959695
differential_evolution step 157: f(x)= 35.006516974959695
differential_evolution step 158: f(x)= 35.006516974959695
differential_evolution step 159: f(x)= 35.006516974959695
differential_evolution step 160: f(x)= 35.006516974959695
differential_evolution step 161: f(x)= 35.006516974959695
differential_evolution step 162: f(x)= 35.006516974959695
differential_evolution step 163: f(x)= 35.006516974959695
differential_evolution step 164: f(x)= 35.006516974959695
differential_evolution step 165: f(x)= 35.006516974959695
differential_evolution step 166: f(x)= 35.006516974959695
differential_evolution step 167: f(x)= 35.006516974959695
differential_evolution step 168: f(x)= 35.006516974959695
differential_evolution step 169: f(x)= 35.00596854184082
differential_evolution step 170: f(x)= 35.00596854184082
differential_evolution step 171: f(x)= 35.00596854184082
differential_evolution step 172: f(x)= 35.00596854184082
differential_evolution step 173: f(x)= 35.00596854184082
differential_evolution step 174: f(x)= 35.00596854184082
differential_evolution step 175: f(x)= 35.00385818015151
differential_evolution step 176: f(x)= 35.00385818015151
differential_evolution step 177: f(x)= 35.00385818015151
differential_evolution step 178: f(x)= 35.00385818015151
differential_evolution step 179: f(x)= 35.000228612061946
differential_evolution step 180: f(x)= 35.000228612061946
differential_evolution step 181: f(x)= 35.000228612061946
differential_evolution step 182: f(x)= 35.000228612061946
differential_evolution step 183: f(x)= 35.000228612061946
differential_evolution step 184: f(x)= 35.000228612061946
differential_evolution step 185: f(x)= 35.000228612061946
differential_evolution step 186: f(x)= 34.99668653280453
differential_evolution step 187: f(x)= 34.99668653280453
differential_evolution step 188: f(x)= 34.99668653280453
differential_evolution step 189: f(x)= 34.99668653280453
differential_evolution step 190: f(x)= 34.99668653280453
differential_evolution step 191: f(x)= 34.99668653280453
differential_evolution step 192: f(x)= 34.99668653280453
differential_evolution step 193: f(x)= 34.99668653280453
differential_evolution step 194: f(x)= 34.99668653280453
differential_evolution step 195: f(x)= 34.99668653280453
differential_evolution step 196: f(x)= 34.99668653280453
differential_evolution step 197: f(x)= 34.99668653280453
differential_evolution step 198: f(x)= 34.99370662657465
differential_evolution step 199: f(x)= 34.99370662657465
differential_evolution step 200: f(x)= 34.99370662657465
Cluster 0 DE best chi^2: 34.994 with params {'x_src': np.float64(73.28374285949364), 'y_src': np.float64(78.41240489540442), 'z_s': np.float64(2.5354798219331736)}
--- Running DE for Cluster 1 ---
[DE] Process Pool with 16 procs (init=latinhypercube, popsize=50)
differential_evolution step 1: f(x)= 3000.0
differential_evolution step 2: f(x)= 3000.0
differential_evolution step 3: f(x)= 3000.0
differential_evolution step 4: f(x)= 3000.0
differential_evolution step 5: f(x)= 3000.0
differential_evolution step 6: f(x)= 3000.0
differential_evolution step 7: f(x)= 3000.0
differential_evolution step 8: f(x)= 3000.0
differential_evolution step 9: f(x)= 3000.0
differential_evolution step 10: f(x)= 3000.0
differential_evolution step 11: f(x)= 3000.0
differential_evolution step 12: f(x)= 3000.0
differential_evolution step 13: f(x)= 3000.0
differential_evolution step 14: f(x)= 3000.0
differential_evolution step 15: f(x)= 3000.0
differential_evolution step 16: f(x)= 3000.0
differential_evolution step 17: f(x)= 3000.0
differential_evolution step 18: f(x)= 3000.0
differential_evolution step 19: f(x)= 3000.0
differential_evolution step 20: f(x)= 3000.0
differential_evolution step 21: f(x)= 3000.0
differential_evolution step 22: f(x)= 3000.0
differential_evolution step 23: f(x)= 3000.0
differential_evolution step 24: f(x)= 3000.0
differential_evolution step 25: f(x)= 3000.0
differential_evolution step 26: f(x)= 3000.0
differential_evolution step 27: f(x)= 3000.0
differential_evolution step 28: f(x)= 3000.0
differential_evolution step 29: f(x)= 3000.0
differential_evolution step 30: f(x)= 3000.0
Cluster 1 DE best chi^2: 3000.000 with params {'x_src': np.float64(206.24056243933657), 'y_src': np.float64(191.28374918288708), 'z_s': np.float64(3.193752114056943)}
--- Running DE for Cluster 2 ---
[DE] Process Pool with 16 procs (init=latinhypercube, popsize=50)
differential_evolution step 1: f(x)= 700.3786172625391
differential_evolution step 2: f(x)= 700.3786172625391
differential_evolution step 3: f(x)= 700.3786172625391
differential_evolution step 4: f(x)= 700.3786172625391
differential_evolution step 5: f(x)= 477.67020340416366
differential_evolution step 6: f(x)= 477.67020340416366
differential_evolution step 7: f(x)= 477.67020340416366
differential_evolution step 8: f(x)= 334.1655305971849
differential_evolution step 9: f(x)= 334.1655305971849
differential_evolution step 10: f(x)= 309.59001247917536
differential_evolution step 11: f(x)= 309.59001247917536
differential_evolution step 12: f(x)= 268.51756454230144
differential_evolution step 13: f(x)= 268.51756454230144
differential_evolution step 14: f(x)= 253.22417166983644
differential_evolution step 15: f(x)= 253.22417166983644
differential_evolution step 16: f(x)= 253.22417166983644
differential_evolution step 17: f(x)= 219.3336754930222
differential_evolution step 18: f(x)= 219.3336754930222
differential_evolution step 19: f(x)= 219.3336754930222
differential_evolution step 20: f(x)= 219.3336754930222
differential_evolution step 21: f(x)= 219.3336754930222
differential_evolution step 22: f(x)= 219.3336754930222
differential_evolution step 23: f(x)= 219.3336754930222
differential_evolution step 24: f(x)= 219.3336754930222
differential_evolution step 25: f(x)= 219.3336754930222
differential_evolution step 26: f(x)= 219.3336754930222
differential_evolution step 27: f(x)= 219.3336754930222
differential_evolution step 28: f(x)= 219.3336754930222
differential_evolution step 29: f(x)= 219.3336754930222
differential_evolution step 30: f(x)= 219.3336754930222
differential_evolution step 31: f(x)= 219.3336754930222
differential_evolution step 32: f(x)= 219.3336754930222
differential_evolution step 33: f(x)= 219.3336754930222
differential_evolution step 34: f(x)= 217.37300701405383
differential_evolution step 35: f(x)= 217.37300701405383
differential_evolution step 36: f(x)= 217.37300701405383
differential_evolution step 37: f(x)= 217.37300701405383
differential_evolution step 38: f(x)= 206.27943791365374
differential_evolution step 39: f(x)= 206.27943791365374
differential_evolution step 40: f(x)= 206.27943791365374
differential_evolution step 41: f(x)= 205.34381774594738
differential_evolution step 42: f(x)= 205.34381774594738
differential_evolution step 43: f(x)= 205.34381774594738
differential_evolution step 44: f(x)= 205.34381774594738
differential_evolution step 45: f(x)= 205.34381774594738
differential_evolution step 46: f(x)= 205.34381774594738
differential_evolution step 47: f(x)= 205.34381774594738
differential_evolution step 48: f(x)= 205.34381774594738
differential_evolution step 49: f(x)= 205.34381774594738
differential_evolution step 50: f(x)= 205.34381774594738
differential_evolution step 51: f(x)= 205.34381774594738
differential_evolution step 52: f(x)= 202.94021876273405
differential_evolution step 53: f(x)= 202.94021876273405
differential_evolution step 54: f(x)= 202.94021876273405
differential_evolution step 55: f(x)= 202.94021876273405
differential_evolution step 56: f(x)= 202.94021876273405
differential_evolution step 57: f(x)= 202.94021876273405
differential_evolution step 58: f(x)= 202.0177072265401
differential_evolution step 59: f(x)= 201.8264051040091
differential_evolution step 60: f(x)= 201.8264051040091
differential_evolution step 61: f(x)= 201.8264051040091
differential_evolution step 62: f(x)= 201.8264051040091
differential_evolution step 63: f(x)= 201.8264051040091
differential_evolution step 64: f(x)= 200.84871301494107
differential_evolution step 65: f(x)= 200.84871301494107
differential_evolution step 66: f(x)= 200.84871301494107
differential_evolution step 67: f(x)= 200.46427721822417
differential_evolution step 68: f(x)= 200.46427721822417
differential_evolution step 69: f(x)= 200.46427721822417
differential_evolution step 70: f(x)= 200.46427721822417
differential_evolution step 71: f(x)= 200.46427721822417
differential_evolution step 72: f(x)= 200.46427721822417
differential_evolution step 73: f(x)= 200.37638906695128
differential_evolution step 74: f(x)= 200.22871882037475
differential_evolution step 75: f(x)= 200.22871882037475
differential_evolution step 76: f(x)= 200.22871882037475
differential_evolution step 77: f(x)= 200.22871882037475
differential_evolution step 78: f(x)= 200.22871882037475
differential_evolution step 79: f(x)= 200.22871882037475
differential_evolution step 80: f(x)= 200.22871882037475
differential_evolution step 81: f(x)= 200.22871882037475
differential_evolution step 82: f(x)= 200.16083364524727
differential_evolution step 83: f(x)= 200.0426152574958
differential_evolution step 84: f(x)= 200.0426152574958
differential_evolution step 85: f(x)= 200.0426152574958
differential_evolution step 86: f(x)= 200.0426152574958
differential_evolution step 87: f(x)= 200.0426152574958
differential_evolution step 88: f(x)= 200.0426152574958
differential_evolution step 89: f(x)= 199.97233384268674
differential_evolution step 90: f(x)= 199.97233384268674
differential_evolution step 91: f(x)= 199.97233384268674
differential_evolution step 92: f(x)= 199.97233384268674
differential_evolution step 93: f(x)= 199.97233384268674
differential_evolution step 94: f(x)= 199.97233384268674
differential_evolution step 95: f(x)= 199.97233384268674
differential_evolution step 96: f(x)= 199.97233384268674
differential_evolution step 97: f(x)= 199.97233384268674
differential_evolution step 98: f(x)= 199.97233384268674
differential_evolution step 99: f(x)= 199.8960394201427
differential_evolution step 100: f(x)= 199.8960394201427
differential_evolution step 101: f(x)= 199.8960394201427
differential_evolution step 102: f(x)= 199.8960394201427
differential_evolution step 103: f(x)= 199.8960394201427
differential_evolution step 104: f(x)= 199.89021788773886
differential_evolution step 105: f(x)= 199.89021788773886
differential_evolution step 106: f(x)= 199.89021788773886
differential_evolution step 107: f(x)= 199.89021788773886
differential_evolution step 108: f(x)= 199.89021788773886
differential_evolution step 109: f(x)= 199.89021788773886
differential_evolution step 110: f(x)= 199.86235254996052
differential_evolution step 111: f(x)= 199.86235254996052
differential_evolution step 112: f(x)= 199.86235254996052
differential_evolution step 113: f(x)= 199.85024512215045
differential_evolution step 114: f(x)= 199.85024512215045
differential_evolution step 115: f(x)= 199.8427909486125
differential_evolution step 116: f(x)= 199.8427909486125
differential_evolution step 117: f(x)= 199.8427909486125
differential_evolution step 118: f(x)= 199.8159918598997
differential_evolution step 119: f(x)= 199.8159918598997
differential_evolution step 120: f(x)= 199.8159918598997
differential_evolution step 121: f(x)= 199.8159918598997
differential_evolution step 122: f(x)= 199.8159918598997
differential_evolution step 123: f(x)= 199.8159918598997
differential_evolution step 124: f(x)= 199.8006278252338
differential_evolution step 125: f(x)= 199.8006278252338
differential_evolution step 126: f(x)= 199.8006278252338
differential_evolution step 127: f(x)= 199.743670934242
differential_evolution step 128: f(x)= 199.743670934242
differential_evolution step 129: f(x)= 199.743670934242
differential_evolution step 130: f(x)= 199.743670934242
differential_evolution step 131: f(x)= 199.743670934242
differential_evolution step 132: f(x)= 199.743670934242
differential_evolution step 133: f(x)= 199.743670934242
differential_evolution step 134: f(x)= 199.73815545396732
differential_evolution step 135: f(x)= 199.73815545396732
differential_evolution step 136: f(x)= 199.73815545396732
differential_evolution step 137: f(x)= 199.70730248295828
differential_evolution step 138: f(x)= 199.70730248295828
differential_evolution step 139: f(x)= 199.70730248295828
differential_evolution step 140: f(x)= 199.70730248295828
differential_evolution step 141: f(x)= 199.69206956546003
differential_evolution step 142: f(x)= 199.69206956546003
differential_evolution step 143: f(x)= 199.69206956546003
differential_evolution step 144: f(x)= 199.6805522281279
differential_evolution step 145: f(x)= 199.6805522281279
differential_evolution step 146: f(x)= 199.6805522281279
differential_evolution step 147: f(x)= 199.6805522281279
differential_evolution step 148: f(x)= 199.6805522281279
differential_evolution step 149: f(x)= 199.6805522281279
differential_evolution step 150: f(x)= 199.6805522281279
differential_evolution step 151: f(x)= 199.6805522281279
differential_evolution step 152: f(x)= 199.6805522281279
differential_evolution step 153: f(x)= 199.6805522281279
differential_evolution step 154: f(x)= 199.6805522281279
differential_evolution step 155: f(x)= 199.6805522281279
differential_evolution step 156: f(x)= 199.6805522281279
differential_evolution step 157: f(x)= 199.6805522281279
differential_evolution step 158: f(x)= 199.67468898435857
differential_evolution step 159: f(x)= 199.67468898435857
differential_evolution step 160: f(x)= 199.67468898435857
differential_evolution step 161: f(x)= 199.67132603056152
differential_evolution step 162: f(x)= 199.67132603056152
differential_evolution step 163: f(x)= 199.6607282029486
differential_evolution step 164: f(x)= 199.6607282029486
differential_evolution step 165: f(x)= 199.6607282029486
differential_evolution step 166: f(x)= 199.6607282029486
differential_evolution step 167: f(x)= 199.6607282029486
differential_evolution step 168: f(x)= 199.6607282029486
differential_evolution step 169: f(x)= 199.64637683488547
differential_evolution step 170: f(x)= 199.64637683488547
differential_evolution step 171: f(x)= 199.64637683488547
differential_evolution step 172: f(x)= 199.64637683488547
differential_evolution step 173: f(x)= 199.64637683488547
differential_evolution step 174: f(x)= 199.64637683488547
differential_evolution step 175: f(x)= 199.64637683488547
differential_evolution step 176: f(x)= 199.64383019806343
differential_evolution step 177: f(x)= 199.64383019806343
differential_evolution step 178: f(x)= 199.64383019806343
differential_evolution step 179: f(x)= 199.64383019806343
differential_evolution step 180: f(x)= 199.64383019806343
differential_evolution step 181: f(x)= 199.63056728939537
differential_evolution step 182: f(x)= 199.63056728939537
differential_evolution step 183: f(x)= 199.63056728939537
differential_evolution step 184: f(x)= 199.63056728939537
differential_evolution step 185: f(x)= 199.63056728939537
differential_evolution step 186: f(x)= 199.63056728939537
differential_evolution step 187: f(x)= 199.63056728939537
differential_evolution step 188: f(x)= 199.63056728939537
differential_evolution step 189: f(x)= 199.63056728939537
differential_evolution step 190: f(x)= 199.63056728939537
differential_evolution step 191: f(x)= 199.63056728939537
differential_evolution step 192: f(x)= 199.63056728939537
differential_evolution step 193: f(x)= 199.63056728939537
differential_evolution step 194: f(x)= 199.63056728939537
differential_evolution step 195: f(x)= 199.63056728939537
differential_evolution step 196: f(x)= 199.63056728939537
differential_evolution step 197: f(x)= 199.63056728939537
differential_evolution step 198: f(x)= 199.62655944603242
differential_evolution step 199: f(x)= 199.62655944603242
differential_evolution step 200: f(x)= 199.62655944603242
Cluster 2 DE best chi^2: 199.627 with params {'x_src': np.float64(96.85779433243992), 'y_src': np.float64(98.20479015591185), 'z_s': np.float64(2.149471102923491)}
--- Running DE for Cluster 3 ---
[DE] Process Pool with 16 procs (init=latinhypercube, popsize=50)
differential_evolution step 1: f(x)= 3000.0
differential_evolution step 2: f(x)= 3000.0
differential_evolution step 3: f(x)= 3000.0
differential_evolution step 4: f(x)= 3000.0
differential_evolution step 5: f(x)= 3000.0
differential_evolution step 6: f(x)= 3000.0
differential_evolution step 7: f(x)= 3000.0
differential_evolution step 8: f(x)= 3000.0
differential_evolution step 9: f(x)= 3000.0
differential_evolution step 10: f(x)= 3000.0
differential_evolution step 11: f(x)= 3000.0
differential_evolution step 12: f(x)= 3000.0
differential_evolution step 13: f(x)= 3000.0
differential_evolution step 14: f(x)= 3000.0
differential_evolution step 15: f(x)= 3000.0
differential_evolution step 16: f(x)= 3000.0
differential_evolution step 17: f(x)= 452.2474977764406
differential_evolution step 18: f(x)= 394.22705545416306
differential_evolution step 19: f(x)= 394.22705545416306
differential_evolution step 20: f(x)= 394.22705545416306
differential_evolution step 21: f(x)= 394.22705545416306
differential_evolution step 22: f(x)= 394.22705545416306
differential_evolution step 23: f(x)= 394.22705545416306
differential_evolution step 24: f(x)= 394.22705545416306
differential_evolution step 25: f(x)= 394.22705545416306
differential_evolution step 26: f(x)= 394.22705545416306
differential_evolution step 27: f(x)= 394.22705545416306
differential_evolution step 28: f(x)= 394.22705545416306
differential_evolution step 29: f(x)= 394.22705545416306
differential_evolution step 30: f(x)= 394.22705545416306
differential_evolution step 31: f(x)= 394.22705545416306
differential_evolution step 32: f(x)= 394.22705545416306
differential_evolution step 33: f(x)= 394.22705545416306
differential_evolution step 34: f(x)= 394.22705545416306
differential_evolution step 35: f(x)= 394.22705545416306
differential_evolution step 36: f(x)= 394.22705545416306
differential_evolution step 37: f(x)= 394.22705545416306
differential_evolution step 38: f(x)= 394.22705545416306
differential_evolution step 39: f(x)= 394.22705545416306
differential_evolution step 40: f(x)= 394.22705545416306
differential_evolution step 41: f(x)= 394.22705545416306
differential_evolution step 42: f(x)= 394.22705545416306
differential_evolution step 43: f(x)= 394.22705545416306
differential_evolution step 44: f(x)= 394.22705545416306
differential_evolution step 45: f(x)= 394.22705545416306
differential_evolution step 46: f(x)= 394.22705545416306
differential_evolution step 47: f(x)= 394.22705545416306
differential_evolution step 48: f(x)= 394.22705545416306
differential_evolution step 49: f(x)= 394.22705545416306
differential_evolution step 50: f(x)= 394.22705545416306
differential_evolution step 51: f(x)= 394.22705545416306
differential_evolution step 52: f(x)= 294.1709833974112
differential_evolution step 53: f(x)= 294.1709833974112
differential_evolution step 54: f(x)= 294.1709833974112
differential_evolution step 55: f(x)= 294.1709833974112
differential_evolution step 56: f(x)= 294.1709833974112
differential_evolution step 57: f(x)= 294.1709833974112
differential_evolution step 58: f(x)= 294.1709833974112
differential_evolution step 59: f(x)= 294.1709833974112
differential_evolution step 60: f(x)= 294.1709833974112
differential_evolution step 61: f(x)= 294.1709833974112
differential_evolution step 62: f(x)= 294.1709833974112
differential_evolution step 63: f(x)= 294.1709833974112
differential_evolution step 64: f(x)= 294.1709833974112
differential_evolution step 65: f(x)= 294.1709833974112
differential_evolution step 66: f(x)= 294.1709833974112
differential_evolution step 67: f(x)= 294.1709833974112
differential_evolution step 68: f(x)= 294.1709833974112
differential_evolution step 69: f(x)= 294.1709833974112
differential_evolution step 70: f(x)= 294.1709833974112
differential_evolution step 71: f(x)= 294.1709833974112
differential_evolution step 72: f(x)= 294.1709833974112
differential_evolution step 73: f(x)= 294.1709833974112
differential_evolution step 74: f(x)= 294.1709833974112
differential_evolution step 75: f(x)= 294.1709833974112
differential_evolution step 76: f(x)= 294.1709833974112
differential_evolution step 77: f(x)= 294.1709833974112
differential_evolution step 78: f(x)= 294.1709833974112
differential_evolution step 79: f(x)= 294.1709833974112
differential_evolution step 80: f(x)= 294.1709833974112
differential_evolution step 81: f(x)= 294.1709833974112
differential_evolution step 82: f(x)= 294.1709833974112
differential_evolution step 83: f(x)= 294.1709833974112
differential_evolution step 84: f(x)= 294.1709833974112
differential_evolution step 85: f(x)= 294.1709833974112
differential_evolution step 86: f(x)= 294.1709833974112
differential_evolution step 87: f(x)= 294.1709833974112
differential_evolution step 88: f(x)= 294.1709833974112
differential_evolution step 89: f(x)= 294.1709833974112
differential_evolution step 90: f(x)= 294.1709833974112
differential_evolution step 91: f(x)= 294.1709833974112
differential_evolution step 92: f(x)= 294.1709833974112
differential_evolution step 93: f(x)= 294.1709833974112
differential_evolution step 94: f(x)= 294.1709833974112
differential_evolution step 95: f(x)= 294.1709833974112
differential_evolution step 96: f(x)= 294.1709833974112
differential_evolution step 97: f(x)= 294.1709833974112
differential_evolution step 98: f(x)= 294.1709833974112
differential_evolution step 99: f(x)= 271.21937995084284
differential_evolution step 100: f(x)= 271.21937995084284
differential_evolution step 101: f(x)= 271.21937995084284
differential_evolution step 102: f(x)= 271.21937995084284
differential_evolution step 103: f(x)= 271.21937995084284
differential_evolution step 104: f(x)= 271.21937995084284
differential_evolution step 105: f(x)= 271.21937995084284
differential_evolution step 106: f(x)= 271.21937995084284
differential_evolution step 107: f(x)= 271.21937995084284
differential_evolution step 108: f(x)= 270.3531835756753
differential_evolution step 109: f(x)= 266.5491726781986
differential_evolution step 110: f(x)= 266.5491726781986
differential_evolution step 111: f(x)= 258.7935357212567
differential_evolution step 112: f(x)= 258.7935357212567
differential_evolution step 113: f(x)= 258.7935357212567
differential_evolution step 114: f(x)= 256.0790283602878
differential_evolution step 115: f(x)= 255.62928831448426
differential_evolution step 116: f(x)= 255.62928831448426
differential_evolution step 117: f(x)= 255.62928831448426
differential_evolution step 118: f(x)= 251.50180303152925
differential_evolution step 119: f(x)= 251.50180303152925
differential_evolution step 120: f(x)= 251.50180303152925
differential_evolution step 121: f(x)= 251.50180303152925
differential_evolution step 122: f(x)= 251.50180303152925
differential_evolution step 123: f(x)= 251.50180303152925
differential_evolution step 124: f(x)= 251.50180303152925
differential_evolution step 125: f(x)= 251.50180303152925
differential_evolution step 126: f(x)= 251.04361166318247
differential_evolution step 127: f(x)= 247.85150402677345
differential_evolution step 128: f(x)= 247.85150402677345
differential_evolution step 129: f(x)= 247.85150402677345
differential_evolution step 130: f(x)= 247.85150402677345
differential_evolution step 131: f(x)= 247.85150402677345
differential_evolution step 132: f(x)= 247.85150402677345
differential_evolution step 133: f(x)= 247.85150402677345
differential_evolution step 134: f(x)= 247.85150402677345
differential_evolution step 135: f(x)= 247.85150402677345
differential_evolution step 136: f(x)= 247.85150402677345
differential_evolution step 137: f(x)= 247.85150402677345
differential_evolution step 138: f(x)= 247.85150402677345
differential_evolution step 139: f(x)= 247.85150402677345
differential_evolution step 140: f(x)= 247.85150402677345
differential_evolution step 141: f(x)= 247.85150402677345
differential_evolution step 142: f(x)= 247.85150402677345
differential_evolution step 143: f(x)= 247.85150402677345
differential_evolution step 144: f(x)= 247.85150402677345
differential_evolution step 145: f(x)= 247.85150402677345
differential_evolution step 146: f(x)= 247.85150402677345
differential_evolution step 147: f(x)= 247.85150402677345
differential_evolution step 148: f(x)= 247.85150402677345
differential_evolution step 149: f(x)= 247.85150402677345
differential_evolution step 150: f(x)= 247.85150402677345
differential_evolution step 151: f(x)= 247.85150402677345
differential_evolution step 152: f(x)= 247.85150402677345
differential_evolution step 153: f(x)= 247.85150402677345
differential_evolution step 154: f(x)= 247.85150402677345
differential_evolution step 155: f(x)= 247.85150402677345
differential_evolution step 156: f(x)= 247.85150402677345
differential_evolution step 157: f(x)= 247.85150402677345
differential_evolution step 158: f(x)= 247.85150402677345
differential_evolution step 159: f(x)= 247.75179179698495
differential_evolution step 160: f(x)= 247.75179179698495
differential_evolution step 161: f(x)= 247.75179179698495
differential_evolution step 162: f(x)= 247.75179179698495
differential_evolution step 163: f(x)= 247.75179179698495
differential_evolution step 164: f(x)= 247.75179179698495
differential_evolution step 165: f(x)= 247.75179179698495
differential_evolution step 166: f(x)= 247.75179179698495
differential_evolution step 167: f(x)= 247.75179179698495
differential_evolution step 168: f(x)= 247.75179179698495
differential_evolution step 169: f(x)= 247.75179179698495
differential_evolution step 170: f(x)= 247.75179179698495
differential_evolution step 171: f(x)= 247.75179179698495
differential_evolution step 172: f(x)= 247.75179179698495
differential_evolution step 173: f(x)= 247.75179179698495
differential_evolution step 174: f(x)= 247.75179179698495
differential_evolution step 175: f(x)= 247.75179179698495
differential_evolution step 176: f(x)= 247.73091610123032
differential_evolution step 177: f(x)= 247.73091610123032
differential_evolution step 178: f(x)= 247.73091610123032
differential_evolution step 179: f(x)= 247.73091610123032
differential_evolution step 180: f(x)= 247.65420443347773
differential_evolution step 181: f(x)= 247.65420443347773
differential_evolution step 182: f(x)= 247.65420443347773
differential_evolution step 183: f(x)= 247.65420443347773
differential_evolution step 184: f(x)= 247.64497600607604
differential_evolution step 185: f(x)= 247.64497600607604
differential_evolution step 186: f(x)= 247.609967813657
differential_evolution step 187: f(x)= 247.609967813657
differential_evolution step 188: f(x)= 247.609967813657
differential_evolution step 189: f(x)= 247.609967813657
differential_evolution step 190: f(x)= 247.609967813657
differential_evolution step 191: f(x)= 247.609967813657
differential_evolution step 192: f(x)= 247.609967813657
differential_evolution step 193: f(x)= 247.609967813657
differential_evolution step 194: f(x)= 247.60024928762502
differential_evolution step 195: f(x)= 247.60024928762502
differential_evolution step 196: f(x)= 247.60024928762502
differential_evolution step 197: f(x)= 247.60024928762502
differential_evolution step 198: f(x)= 247.58467621836806
differential_evolution step 199: f(x)= 247.58467621836806
differential_evolution step 200: f(x)= 247.58467621836806
Cluster 3 DE best chi^2: 247.585 with params {'x_src': np.float64(110.57981747754162), 'y_src': np.float64(123.2721284549833), 'z_s': np.float64(3.3648100910466234)}
--- Running DE for Cluster 4 ---
[DE] Process Pool with 16 procs (init=latinhypercube, popsize=50)
differential_evolution step 1: f(x)= 310.5329664202691
differential_evolution step 2: f(x)= 310.5329664202691
differential_evolution step 3: f(x)= 310.5329664202691
differential_evolution step 4: f(x)= 310.5329664202691
differential_evolution step 5: f(x)= 310.5329664202691
differential_evolution step 6: f(x)= 310.5329664202691
differential_evolution step 7: f(x)= 310.5329664202691
differential_evolution step 8: f(x)= 310.5329664202691
differential_evolution step 9: f(x)= 310.5329664202691
differential_evolution step 10: f(x)= 310.5329664202691
differential_evolution step 11: f(x)= 310.5329664202691
differential_evolution step 12: f(x)= 310.5329664202691
differential_evolution step 13: f(x)= 310.5329664202691
differential_evolution step 14: f(x)= 310.5329664202691
differential_evolution step 15: f(x)= 310.5329664202691
differential_evolution step 16: f(x)= 310.5329664202691
differential_evolution step 17: f(x)= 310.5329664202691
differential_evolution step 18: f(x)= 310.5329664202691
differential_evolution step 19: f(x)= 310.5329664202691
differential_evolution step 20: f(x)= 310.5329664202691
differential_evolution step 21: f(x)= 251.61500316011822
differential_evolution step 22: f(x)= 251.61500316011822
differential_evolution step 23: f(x)= 251.61500316011822
differential_evolution step 24: f(x)= 148.76307985564145
differential_evolution step 25: f(x)= 148.76307985564145
differential_evolution step 26: f(x)= 148.76307985564145
differential_evolution step 27: f(x)= 148.76307985564145
differential_evolution step 28: f(x)= 148.76307985564145
differential_evolution step 29: f(x)= 148.76307985564145
differential_evolution step 30: f(x)= 148.76307985564145
differential_evolution step 31: f(x)= 148.76307985564145
differential_evolution step 32: f(x)= 148.76307985564145
differential_evolution step 33: f(x)= 148.76307985564145
differential_evolution step 34: f(x)= 148.76307985564145
differential_evolution step 35: f(x)= 148.76307985564145
differential_evolution step 36: f(x)= 148.76307985564145
differential_evolution step 37: f(x)= 148.76307985564145
differential_evolution step 38: f(x)= 148.76307985564145
differential_evolution step 39: f(x)= 148.76307985564145
differential_evolution step 40: f(x)= 148.76307985564145
differential_evolution step 41: f(x)= 148.76307985564145
differential_evolution step 42: f(x)= 148.76307985564145
differential_evolution step 43: f(x)= 148.76307985564145
differential_evolution step 44: f(x)= 148.76307985564145
differential_evolution step 45: f(x)= 148.76307985564145
differential_evolution step 46: f(x)= 28.11135455878596
differential_evolution step 47: f(x)= 28.11135455878596
differential_evolution step 48: f(x)= 28.11135455878596
differential_evolution step 49: f(x)= 28.11135455878596
differential_evolution step 50: f(x)= 28.11135455878596
differential_evolution step 51: f(x)= 28.11135455878596
differential_evolution step 52: f(x)= 28.11135455878596
differential_evolution step 53: f(x)= 28.11135455878596
differential_evolution step 54: f(x)= 28.11135455878596
differential_evolution step 55: f(x)= 28.11135455878596
differential_evolution step 56: f(x)= 28.11135455878596
differential_evolution step 57: f(x)= 28.11135455878596
differential_evolution step 58: f(x)= 28.11135455878596
differential_evolution step 59: f(x)= 28.11135455878596
differential_evolution step 60: f(x)= 28.11135455878596
differential_evolution step 61: f(x)= 28.11135455878596
differential_evolution step 62: f(x)= 28.11135455878596
differential_evolution step 63: f(x)= 28.11135455878596
differential_evolution step 64: f(x)= 28.11135455878596
differential_evolution step 65: f(x)= 28.11135455878596
differential_evolution step 66: f(x)= 28.11135455878596
differential_evolution step 67: f(x)= 28.11135455878596
differential_evolution step 68: f(x)= 28.11135455878596
differential_evolution step 69: f(x)= 28.11135455878596
differential_evolution step 70: f(x)= 28.11135455878596
differential_evolution step 71: f(x)= 28.11135455878596
differential_evolution step 72: f(x)= 28.11135455878596
differential_evolution step 73: f(x)= 28.11135455878596
differential_evolution step 74: f(x)= 28.11135455878596
differential_evolution step 75: f(x)= 28.11135455878596
differential_evolution step 76: f(x)= 28.11135455878596
differential_evolution step 77: f(x)= 28.11135455878596
differential_evolution step 78: f(x)= 28.11135455878596
differential_evolution step 79: f(x)= 28.11135455878596
differential_evolution step 80: f(x)= 28.11135455878596
differential_evolution step 81: f(x)= 28.11135455878596
differential_evolution step 82: f(x)= 28.11135455878596
differential_evolution step 83: f(x)= 28.11135455878596
differential_evolution step 84: f(x)= 28.11135455878596
differential_evolution step 85: f(x)= 28.11135455878596
differential_evolution step 86: f(x)= 28.11135455878596
differential_evolution step 87: f(x)= 28.11135455878596
differential_evolution step 88: f(x)= 28.11135455878596
differential_evolution step 89: f(x)= 28.11135455878596
differential_evolution step 90: f(x)= 28.11135455878596
differential_evolution step 91: f(x)= 28.11135455878596
differential_evolution step 92: f(x)= 28.11135455878596
differential_evolution step 93: f(x)= 28.11135455878596
differential_evolution step 94: f(x)= 28.11135455878596
differential_evolution step 95: f(x)= 28.11135455878596
differential_evolution step 96: f(x)= 28.11135455878596
differential_evolution step 97: f(x)= 28.11135455878596
differential_evolution step 98: f(x)= 28.11135455878596
differential_evolution step 99: f(x)= 28.11135455878596
differential_evolution step 100: f(x)= 28.11135455878596
differential_evolution step 101: f(x)= 28.11135455878596
differential_evolution step 102: f(x)= 28.11135455878596
differential_evolution step 103: f(x)= 28.11135455878596
differential_evolution step 104: f(x)= 28.11135455878596
differential_evolution step 105: f(x)= 28.11135455878596
differential_evolution step 106: f(x)= 28.11135455878596
differential_evolution step 107: f(x)= 28.11135455878596
differential_evolution step 108: f(x)= 28.11135455878596
differential_evolution step 109: f(x)= 28.11135455878596
differential_evolution step 110: f(x)= 28.11135455878596
differential_evolution step 111: f(x)= 28.11135455878596
differential_evolution step 112: f(x)= 28.11135455878596
differential_evolution step 113: f(x)= 28.11135455878596
differential_evolution step 114: f(x)= 28.11135455878596
differential_evolution step 115: f(x)= 28.11135455878596
differential_evolution step 116: f(x)= 28.11135455878596
differential_evolution step 117: f(x)= 28.11135455878596
differential_evolution step 118: f(x)= 28.11135455878596
differential_evolution step 119: f(x)= 28.11135455878596
differential_evolution step 120: f(x)= 28.11135455878596
differential_evolution step 121: f(x)= 28.11135455878596
differential_evolution step 122: f(x)= 28.11135455878596
differential_evolution step 123: f(x)= 28.11135455878596
differential_evolution step 124: f(x)= 28.11135455878596
differential_evolution step 125: f(x)= 28.11135455878596
differential_evolution step 126: f(x)= 28.11135455878596
differential_evolution step 127: f(x)= 28.11135455878596
differential_evolution step 128: f(x)= 28.11135455878596
differential_evolution step 129: f(x)= 28.11135455878596
differential_evolution step 130: f(x)= 28.11135455878596
differential_evolution step 131: f(x)= 28.11135455878596
differential_evolution step 132: f(x)= 28.11135455878596
differential_evolution step 133: f(x)= 28.11135455878596
differential_evolution step 134: f(x)= 28.11135455878596
differential_evolution step 135: f(x)= 28.11135455878596
differential_evolution step 136: f(x)= 28.11135455878596
differential_evolution step 137: f(x)= 28.11135455878596
differential_evolution step 138: f(x)= 28.11135455878596
differential_evolution step 139: f(x)= 28.11135455878596
differential_evolution step 140: f(x)= 28.11135455878596
differential_evolution step 141: f(x)= 28.11135455878596
differential_evolution step 142: f(x)= 28.11135455878596
differential_evolution step 143: f(x)= 28.11135455878596
differential_evolution step 144: f(x)= 28.11135455878596
differential_evolution step 145: f(x)= 28.11135455878596
differential_evolution step 146: f(x)= 28.11135455878596
differential_evolution step 147: f(x)= 28.11135455878596
differential_evolution step 148: f(x)= 28.11135455878596
differential_evolution step 149: f(x)= 28.11135455878596
differential_evolution step 150: f(x)= 28.11135455878596
differential_evolution step 151: f(x)= 28.11135455878596
differential_evolution step 152: f(x)= 28.11135455878596
differential_evolution step 153: f(x)= 28.11135455878596
differential_evolution step 154: f(x)= 28.11135455878596
differential_evolution step 155: f(x)= 28.11135455878596
differential_evolution step 156: f(x)= 28.11135455878596
differential_evolution step 157: f(x)= 28.11135455878596
differential_evolution step 158: f(x)= 28.11135455878596
differential_evolution step 159: f(x)= 28.11135455878596
differential_evolution step 160: f(x)= 28.11135455878596
differential_evolution step 161: f(x)= 28.11135455878596
differential_evolution step 162: f(x)= 28.11135455878596
differential_evolution step 163: f(x)= 28.11135455878596
differential_evolution step 164: f(x)= 28.11135455878596
differential_evolution step 165: f(x)= 28.11135455878596
differential_evolution step 166: f(x)= 28.11135455878596
differential_evolution step 167: f(x)= 28.11135455878596
differential_evolution step 168: f(x)= 28.11135455878596
differential_evolution step 169: f(x)= 28.11135455878596
differential_evolution step 170: f(x)= 28.11135455878596
differential_evolution step 171: f(x)= 28.11135455878596
differential_evolution step 172: f(x)= 15.806718919685089
differential_evolution step 173: f(x)= 15.806718919685089
differential_evolution step 174: f(x)= 15.806718919685089
differential_evolution step 175: f(x)= 15.806718919685089
differential_evolution step 176: f(x)= 15.806718919685089
differential_evolution step 177: f(x)= 15.806718919685089
differential_evolution step 178: f(x)= 15.806718919685089
differential_evolution step 179: f(x)= 15.806718919685089
differential_evolution step 180: f(x)= 15.806718919685089
differential_evolution step 181: f(x)= 15.806718919685089
differential_evolution step 182: f(x)= 15.806718919685089
differential_evolution step 183: f(x)= 15.806718919685089
differential_evolution step 184: f(x)= 15.806718919685089
differential_evolution step 185: f(x)= 15.806718919685089
differential_evolution step 186: f(x)= 15.806718919685089
differential_evolution step 187: f(x)= 15.806718919685089
differential_evolution step 188: f(x)= 15.806718919685089
differential_evolution step 189: f(x)= 15.806718919685089
differential_evolution step 190: f(x)= 15.806718919685089
differential_evolution step 191: f(x)= 15.806718919685089
differential_evolution step 192: f(x)= 15.806718919685089
differential_evolution step 193: f(x)= 15.806718919685089
differential_evolution step 194: f(x)= 15.806718919685089
differential_evolution step 195: f(x)= 15.806718919685089
differential_evolution step 196: f(x)= 15.806718919685089
differential_evolution step 197: f(x)= 12.899032889316583
differential_evolution step 198: f(x)= 12.899032889316583
differential_evolution step 199: f(x)= 12.899032889316583
differential_evolution step 200: f(x)= 12.899032889316583
Cluster 4 DE best chi^2: 12.899 with params {'x_src': np.float64(284.86136717698736), 'y_src': np.float64(257.9218513576032), 'z_s': np.float64(2.437476521151477)}
--- Running DE for Cluster 5 ---
[DE] Process Pool with 16 procs (init=latinhypercube, popsize=50)
differential_evolution step 1: f(x)= 4242.640687119286
differential_evolution step 2: f(x)= 4242.640687119286
differential_evolution step 3: f(x)= 3000.0
differential_evolution step 4: f(x)= 3000.0
differential_evolution step 5: f(x)= 3000.0
differential_evolution step 6: f(x)= 3000.0
differential_evolution step 7: f(x)= 444.9902885077438
differential_evolution step 8: f(x)= 444.9902885077438
differential_evolution step 9: f(x)= 444.9902885077438
differential_evolution step 10: f(x)= 444.9902885077438
differential_evolution step 11: f(x)= 444.9902885077438
differential_evolution step 12: f(x)= 444.9902885077438
differential_evolution step 13: f(x)= 444.9902885077438
differential_evolution step 14: f(x)= 444.9902885077438
differential_evolution step 15: f(x)= 444.9902885077438
differential_evolution step 16: f(x)= 444.9902885077438
differential_evolution step 17: f(x)= 444.9902885077438
differential_evolution step 18: f(x)= 444.9902885077438
differential_evolution step 19: f(x)= 444.9902885077438
differential_evolution step 20: f(x)= 444.9902885077438
differential_evolution step 21: f(x)= 444.9902885077438
differential_evolution step 22: f(x)= 444.9902885077438
differential_evolution step 23: f(x)= 444.9902885077438
differential_evolution step 24: f(x)= 444.9902885077438
differential_evolution step 25: f(x)= 182.2853761498536
differential_evolution step 26: f(x)= 182.2853761498536
differential_evolution step 27: f(x)= 182.2853761498536
differential_evolution step 28: f(x)= 173.87334052943368
differential_evolution step 29: f(x)= 173.87334052943368
differential_evolution step 30: f(x)= 173.87334052943368
differential_evolution step 31: f(x)= 173.87334052943368
differential_evolution step 32: f(x)= 173.87334052943368
differential_evolution step 33: f(x)= 173.87334052943368
differential_evolution step 34: f(x)= 173.87334052943368
differential_evolution step 35: f(x)= 173.87334052943368
differential_evolution step 36: f(x)= 173.87334052943368
differential_evolution step 37: f(x)= 173.87334052943368
differential_evolution step 38: f(x)= 173.87334052943368
differential_evolution step 39: f(x)= 173.87334052943368
differential_evolution step 40: f(x)= 173.87334052943368
differential_evolution step 41: f(x)= 173.87334052943368
differential_evolution step 42: f(x)= 173.87334052943368
differential_evolution step 43: f(x)= 173.87334052943368
differential_evolution step 44: f(x)= 173.87334052943368
differential_evolution step 45: f(x)= 173.87334052943368
differential_evolution step 46: f(x)= 173.87334052943368
differential_evolution step 47: f(x)= 173.87334052943368
differential_evolution step 48: f(x)= 173.87334052943368
differential_evolution step 49: f(x)= 173.87334052943368
differential_evolution step 50: f(x)= 154.07290489952996
differential_evolution step 51: f(x)= 154.07290489952996
differential_evolution step 52: f(x)= 154.07290489952996
differential_evolution step 53: f(x)= 154.07290489952996
differential_evolution step 54: f(x)= 154.07290489952996
differential_evolution step 55: f(x)= 154.07290489952996
differential_evolution step 56: f(x)= 154.07290489952996
differential_evolution step 57: f(x)= 154.07290489952996
differential_evolution step 58: f(x)= 149.40400427726547
differential_evolution step 59: f(x)= 149.40400427726547
differential_evolution step 60: f(x)= 149.40400427726547
differential_evolution step 61: f(x)= 149.40400427726547
differential_evolution step 62: f(x)= 149.40400427726547
differential_evolution step 63: f(x)= 149.40400427726547
differential_evolution step 64: f(x)= 149.40400427726547
differential_evolution step 65: f(x)= 149.40400427726547
differential_evolution step 66: f(x)= 149.40400427726547
differential_evolution step 67: f(x)= 146.6517372182142
differential_evolution step 68: f(x)= 146.6517372182142
differential_evolution step 69: f(x)= 146.6517372182142
differential_evolution step 70: f(x)= 146.6517372182142
differential_evolution step 71: f(x)= 143.62128347489653
differential_evolution step 72: f(x)= 143.62128347489653
differential_evolution step 73: f(x)= 143.62128347489653
differential_evolution step 74: f(x)= 143.62128347489653
differential_evolution step 75: f(x)= 143.14817094854064
differential_evolution step 76: f(x)= 143.14817094854064
differential_evolution step 77: f(x)= 143.14817094854064
differential_evolution step 78: f(x)= 143.14817094854064
differential_evolution step 79: f(x)= 142.78579800767807
differential_evolution step 80: f(x)= 142.6415389636317
differential_evolution step 81: f(x)= 142.6415389636317
differential_evolution step 82: f(x)= 142.6067328822393
differential_evolution step 83: f(x)= 142.6067328822393
differential_evolution step 84: f(x)= 142.57842872846257
differential_evolution step 85: f(x)= 141.66156689134837
differential_evolution step 86: f(x)= 141.4945673639001
differential_evolution step 87: f(x)= 141.4945673639001
differential_evolution step 88: f(x)= 141.4945673639001
differential_evolution step 89: f(x)= 141.24440151395618
differential_evolution step 90: f(x)= 141.24440151395618
differential_evolution step 91: f(x)= 141.24440151395618
differential_evolution step 92: f(x)= 141.24440151395618
differential_evolution step 93: f(x)= 141.24440151395618
differential_evolution step 94: f(x)= 140.0909937516331
differential_evolution step 95: f(x)= 140.0909937516331
differential_evolution step 96: f(x)= 140.0909937516331
differential_evolution step 97: f(x)= 140.0909937516331
differential_evolution step 98: f(x)= 140.0909937516331
differential_evolution step 99: f(x)= 140.0909937516331
differential_evolution step 100: f(x)= 139.71840199038402
differential_evolution step 101: f(x)= 139.71840199038402
differential_evolution step 102: f(x)= 139.71840199038402
differential_evolution step 103: f(x)= 139.71840199038402
differential_evolution step 104: f(x)= 139.71840199038402
differential_evolution step 105: f(x)= 139.71840199038402
differential_evolution step 106: f(x)= 139.71840199038402
differential_evolution step 107: f(x)= 139.71840199038402
differential_evolution step 108: f(x)= 139.71840199038402
differential_evolution step 109: f(x)= 139.71840199038402
differential_evolution step 110: f(x)= 139.71840199038402
differential_evolution step 111: f(x)= 139.71840199038402
differential_evolution step 112: f(x)= 139.71840199038402
differential_evolution step 113: f(x)= 139.71840199038402
differential_evolution step 114: f(x)= 139.71840199038402
differential_evolution step 115: f(x)= 139.71840199038402
differential_evolution step 116: f(x)= 139.71840199038402
differential_evolution step 117: f(x)= 139.59199167240428
differential_evolution step 118: f(x)= 139.59199167240428
differential_evolution step 119: f(x)= 139.59199167240428
differential_evolution step 120: f(x)= 139.59199167240428
differential_evolution step 121: f(x)= 139.59199167240428
differential_evolution step 122: f(x)= 139.59199167240428
differential_evolution step 123: f(x)= 139.59199167240428
differential_evolution step 124: f(x)= 139.59199167240428
differential_evolution step 125: f(x)= 139.59199167240428
differential_evolution step 126: f(x)= 139.59199167240428
differential_evolution step 127: f(x)= 139.59199167240428
differential_evolution step 128: f(x)= 139.59199167240428
differential_evolution step 129: f(x)= 139.59199167240428
differential_evolution step 130: f(x)= 139.59199167240428
differential_evolution step 131: f(x)= 139.59199167240428
differential_evolution step 132: f(x)= 139.59199167240428
differential_evolution step 133: f(x)= 139.59199167240428
differential_evolution step 134: f(x)= 139.59199167240428
differential_evolution step 135: f(x)= 139.59199167240428
differential_evolution step 136: f(x)= 139.59199167240428
differential_evolution step 137: f(x)= 139.53068252091904
differential_evolution step 138: f(x)= 139.53068252091904
differential_evolution step 139: f(x)= 139.53068252091904
differential_evolution step 140: f(x)= 139.53068252091904
differential_evolution step 141: f(x)= 139.53068252091904
differential_evolution step 142: f(x)= 139.53068252091904
differential_evolution step 143: f(x)= 139.53068252091904
differential_evolution step 144: f(x)= 139.53068252091904
differential_evolution step 145: f(x)= 139.53068252091904
differential_evolution step 146: f(x)= 139.53068252091904
differential_evolution step 147: f(x)= 139.53068252091904
differential_evolution step 148: f(x)= 139.53068252091904
differential_evolution step 149: f(x)= 139.53068252091904
differential_evolution step 150: f(x)= 139.53068252091904
differential_evolution step 151: f(x)= 139.53068252091904
differential_evolution step 152: f(x)= 139.4993749070722
differential_evolution step 153: f(x)= 139.4993749070722
differential_evolution step 154: f(x)= 139.4993749070722
differential_evolution step 155: f(x)= 139.4993749070722
differential_evolution step 156: f(x)= 139.4993749070722
differential_evolution step 157: f(x)= 139.4993749070722
differential_evolution step 158: f(x)= 139.4985386809902
differential_evolution step 159: f(x)= 139.4985386809902
differential_evolution step 160: f(x)= 139.4985386809902
differential_evolution step 161: f(x)= 139.4985386809902
differential_evolution step 162: f(x)= 139.4985386809902
differential_evolution step 163: f(x)= 139.48170838778427
differential_evolution step 164: f(x)= 139.48170838778427
differential_evolution step 165: f(x)= 139.48170838778427
differential_evolution step 166: f(x)= 139.48170838778427
differential_evolution step 167: f(x)= 139.48170838778427
differential_evolution step 168: f(x)= 139.48170838778427
differential_evolution step 169: f(x)= 139.4732157001791
differential_evolution step 170: f(x)= 139.45807956796233
differential_evolution step 171: f(x)= 139.45807956796233
differential_evolution step 172: f(x)= 139.45481329094923
differential_evolution step 173: f(x)= 139.45481329094923
differential_evolution step 174: f(x)= 139.45481329094923
differential_evolution step 175: f(x)= 139.45481329094923
differential_evolution step 176: f(x)= 139.4476633959625
differential_evolution step 177: f(x)= 139.4476633959625
differential_evolution step 178: f(x)= 139.4476633959625
differential_evolution step 179: f(x)= 139.4476633959625
differential_evolution step 180: f(x)= 139.4476633959625
differential_evolution step 181: f(x)= 139.43484375653884
differential_evolution step 182: f(x)= 139.43484375653884
differential_evolution step 183: f(x)= 139.43484375653884
differential_evolution step 184: f(x)= 139.43484375653884
differential_evolution step 185: f(x)= 139.43484375653884
differential_evolution step 186: f(x)= 139.43484375653884
differential_evolution step 187: f(x)= 139.43484375653884
differential_evolution step 188: f(x)= 139.43484375653884
differential_evolution step 189: f(x)= 139.43484375653884
differential_evolution step 190: f(x)= 139.43484375653884
differential_evolution step 191: f(x)= 139.43484375653884
differential_evolution step 192: f(x)= 139.43340408192927
differential_evolution step 193: f(x)= 139.43340408192927
differential_evolution step 194: f(x)= 139.43340408192927
differential_evolution step 195: f(x)= 139.43340408192927
differential_evolution step 196: f(x)= 139.43340408192927
differential_evolution step 197: f(x)= 139.43340408192927
differential_evolution step 198: f(x)= 139.43340408192927
differential_evolution step 199: f(x)= 139.43340408192927
differential_evolution step 200: f(x)= 139.43340408192927
Cluster 5 DE best chi^2: 139.433 with params {'x_src': np.float64(147.5258999232539), 'y_src': np.float64(147.52350749934502), 'z_s': np.float64(2.881191818362299)}

--- DE Optimization Summary ---
Best fit found for Cluster 4 with chi^2 = 12.899
Best-fit parameters: {'x_src': np.float64(284.86136717698736), 'y_src': np.float64(257.9218513576032), 'z_s': np.float64(2.437476521151477)}

--- Running MCMC for Cluster 4 (chi_sq=12.899) ---
[MCMC] Process Pool with 16 procs
  0%|          | 0/20000 [00:00<?, ?it/s]  1%|          | 241/20000 [01:40<2:16:40,  2.41it/s]  1%|         | 290/20000 [02:00<2:16:20,  2.41it/s]  2%|         | 480/20000 [03:20<2:15:53,  2.39it/s]  3%|         | 526/20000 [03:40<2:15:34,  2.39it/s]  4%|         | 718/20000 [05:00<2:14:39,  2.39it/s]  4%|         | 762/20000 [05:20<2:14:21,  2.39it/s]  5%|         | 952/20000 [06:40<2:14:11,  2.37it/s]  5%|         | 997/20000 [07:00<2:13:52,  2.37it/s]  6%|         | 1183/20000 [08:21<2:13:54,  2.34it/s]  6%|         | 1226/20000 [08:40<2:13:35,  2.34it/s]  7%|         | 1413/20000 [10:01<2:13:04,  2.33it/s]  7%|         | 1455/20000 [10:20<2:12:46,  2.33it/s]  8%|         | 1641/20000 [11:41<2:12:24,  2.31it/s]  8%|         | 1684/20000 [12:00<2:12:05,  2.31it/s]  9%|         | 1872/20000 [13:21<2:10:49,  2.31it/s] 10%|         | 1913/20000 [13:40<2:10:31,  2.31it/s] 11%|         | 2103/20000 [15:01<2:09:10,  2.31it/s] 11%|         | 2145/20000 [15:20<2:08:51,  2.31it/s] 12%|        | 2334/20000 [16:41<2:07:37,  2.31it/s] 12%|        | 2376/20000 [17:00<2:07:19,  2.31it/s] 13%|        | 2563/20000 [18:21<2:06:16,  2.30it/s] 13%|        | 2604/20000 [18:40<2:05:58,  2.30it/s] 14%|        | 2792/20000 [20:01<2:04:49,  2.30it/s] 14%|        | 2832/20000 [20:20<2:04:32,  2.30it/s] 15%|        | 3019/20000 [21:42<2:03:44,  2.29it/s] 15%|        | 3060/20000 [22:00<2:03:26,  2.29it/s] 16%|        | 3250/20000 [23:22<2:01:43,  2.29it/s] 16%|        | 3290/20000 [23:40<2:01:26,  2.29it/s] 17%|        | 3478/20000 [25:02<2:00:22,  2.29it/s] 18%|        | 3518/20000 [25:20<2:00:04,  2.29it/s] 19%|        | 3705/20000 [26:42<1:59:00,  2.28it/s] 19%|        | 3744/20000 [27:00<1:58:43,  2.28it/s] 20%|        | 3934/20000 [28:22<1:57:18,  2.28it/s] 20%|        | 3973/20000 [28:40<1:57:01,  2.28it/s] 21%|        | 4161/20000 [30:03<1:55:56,  2.28it/s] 21%|        | 4198/20000 [30:20<1:55:40,  2.28it/s] 22%|       | 4387/20000 [31:43<1:54:37,  2.27it/s] 22%|       | 4425/20000 [32:00<1:54:20,  2.27it/s] 23%|       | 4618/20000 [33:23<1:52:26,  2.28it/s] 23%|       | 4654/20000 [33:40<1:52:10,  2.28it/s] 24%|       | 4852/20000 [35:04<1:49:58,  2.30it/s] 24%|       | 4889/20000 [35:20<1:49:42,  2.30it/s] 25%|       | 5087/20000 [36:44<1:47:35,  2.31it/s] 26%|       | 5123/20000 [37:00<1:47:20,  2.31it/s] 27%|       | 5320/20000 [38:24<1:45:39,  2.32it/s] 27%|       | 5355/20000 [38:40<1:45:24,  2.32it/s] 28%|       | 5552/20000 [40:04<1:44:01,  2.32it/s] 28%|       | 5587/20000 [40:20<1:43:45,  2.32it/s] 29%|       | 5785/20000 [41:44<1:42:08,  2.32it/s] 29%|       | 5820/20000 [42:00<1:41:53,  2.32it/s] 30%|       | 6012/20000 [43:24<1:41:09,  2.30it/s] 30%|       | 6046/20000 [43:40<1:40:55,  2.30it/s] 31%|       | 6242/20000 [45:04<1:39:38,  2.30it/s] 31%|      | 6277/20000 [45:20<1:39:23,  2.30it/s] 32%|      | 6471/20000 [46:45<1:38:08,  2.30it/s] 33%|      | 6504/20000 [47:00<1:37:54,  2.30it/s] 33%|      | 6699/20000 [48:25<1:36:48,  2.29it/s] 34%|      | 6732/20000 [48:40<1:36:34,  2.29it/s] 35%|      | 6932/20000 [50:05<1:34:43,  2.30it/s] 35%|      | 6965/20000 [50:20<1:34:29,  2.30it/s] 36%|      | 7165/20000 [51:46<1:32:45,  2.31it/s] 36%|      | 7196/20000 [52:00<1:32:32,  2.31it/s] 37%|      | 7394/20000 [53:26<1:31:23,  2.30it/s] 37%|      | 7425/20000 [53:40<1:31:09,  2.30it/s] 38%|      | 7628/20000 [55:06<1:29:14,  2.31it/s] 38%|      | 7660/20000 [55:20<1:29:00,  2.31it/s] 39%|      | 7859/20000 [56:46<1:27:38,  2.31it/s] 39%|      | 7890/20000 [57:00<1:27:25,  2.31it/s] 40%|      | 8092/20000 [58:27<1:25:48,  2.31it/s] 41%|      | 8123/20000 [58:40<1:25:35,  2.31it/s] 42%|     | 8323/20000 [1:00:07<1:24:11,  2.31it/s] 42%|     | 8353/20000 [1:00:20<1:23:58,  2.31it/s] 43%|     | 8554/20000 [1:01:47<1:22:37,  2.31it/s] 43%|     | 8583/20000 [1:02:00<1:22:25,  2.31it/s] 44%|     | 8783/20000 [1:03:27<1:21:15,  2.30it/s] 44%|     | 8812/20000 [1:03:40<1:21:02,  2.30it/s] 45%|     | 9011/20000 [1:05:08<1:19:52,  2.29it/s] 45%|     | 9037/20000 [1:05:20<1:19:41,  2.29it/s] 46%|     | 9242/20000 [1:06:48<1:18:05,  2.30it/s] 46%|     | 9269/20000 [1:07:00<1:17:54,  2.30it/s] 47%|     | 9471/20000 [1:08:28<1:16:31,  2.29it/s] 47%|     | 9497/20000 [1:08:40<1:16:20,  2.29it/s] 48%|     | 9698/20000 [1:10:08<1:15:10,  2.28it/s] 49%|     | 9722/20000 [1:10:20<1:15:00,  2.28it/s] 50%|     | 9925/20000 [1:11:48<1:13:40,  2.28it/s] 50%|     | 9949/20000 [1:12:00<1:13:30,  2.28it/s] 51%|     | 10151/20000 [1:13:29<1:12:13,  2.27it/s] 51%|     | 10175/20000 [1:13:40<1:12:02,  2.27it/s] 52%|    | 10378/20000 [1:15:09<1:10:36,  2.27it/s] 52%|    | 10402/20000 [1:15:20<1:10:26,  2.27it/s] 53%|    | 10605/20000 [1:16:49<1:09:00,  2.27it/s] 53%|    | 10629/20000 [1:17:00<1:08:50,  2.27it/s] 54%|    | 10837/20000 [1:18:29<1:06:53,  2.28it/s] 54%|    | 10861/20000 [1:18:40<1:06:43,  2.28it/s] 55%|    | 11066/20000 [1:20:10<1:05:13,  2.28it/s] 55%|    | 11090/20000 [1:20:20<1:05:03,  2.28it/s] 56%|    | 11296/20000 [1:21:50<1:03:29,  2.28it/s] 57%|    | 11341/20000 [1:22:10<1:03:09,  2.28it/s] 58%|    | 11526/20000 [1:23:30<1:01:43,  2.29it/s] 58%|    | 11570/20000 [1:23:50<1:01:24,  2.29it/s] 59%|    | 11756/20000 [1:25:10<1:00:01,  2.29it/s] 59%|    | 11799/20000 [1:25:30<59:42,  2.29it/s]   60%|    | 11985/20000 [1:26:51<58:21,  2.29it/s] 60%|    | 12028/20000 [1:27:10<58:02,  2.29it/s] 61%|    | 12213/20000 [1:28:31<56:47,  2.29it/s] 61%|   | 12256/20000 [1:28:50<56:28,  2.29it/s] 62%|   | 12447/20000 [1:30:11<54:42,  2.30it/s] 62%|   | 12489/20000 [1:30:30<54:24,  2.30it/s] 63%|   | 12674/20000 [1:31:51<53:19,  2.29it/s] 64%|   | 12715/20000 [1:32:10<53:01,  2.29it/s] 64%|   | 12897/20000 [1:33:31<52:07,  2.27it/s] 65%|   | 12938/20000 [1:33:50<51:49,  2.27it/s] 66%|   | 13120/20000 [1:35:11<50:47,  2.26it/s] 66%|   | 13161/20000 [1:35:30<50:28,  2.26it/s] 67%|   | 13343/20000 [1:36:51<49:19,  2.25it/s] 67%|   | 13383/20000 [1:37:10<49:02,  2.25it/s] 68%|   | 13568/20000 [1:38:31<47:40,  2.25it/s] 68%|   | 13609/20000 [1:38:50<47:21,  2.25it/s] 69%|   | 13797/20000 [1:40:12<45:46,  2.26it/s] 69%|   | 13836/20000 [1:40:30<45:29,  2.26it/s] 70%|   | 14024/20000 [1:41:52<44:04,  2.26it/s] 70%|   | 14063/20000 [1:42:10<43:47,  2.26it/s] 71%|  | 14253/20000 [1:43:33<42:16,  2.27it/s] 71%|  | 14291/20000 [1:43:50<41:59,  2.27it/s] 72%|  | 14480/20000 [1:45:13<40:35,  2.27it/s] 73%|  | 14519/20000 [1:45:30<40:18,  2.27it/s] 74%|  | 14708/20000 [1:46:53<38:51,  2.27it/s] 74%|  | 14745/20000 [1:47:10<38:35,  2.27it/s] 75%|  | 14932/20000 [1:48:33<37:21,  2.26it/s] 75%|  | 14969/20000 [1:48:50<37:05,  2.26it/s] 76%|  | 15160/20000 [1:50:13<35:36,  2.27it/s] 76%|  | 15197/20000 [1:50:30<35:20,  2.27it/s] 77%|  | 15385/20000 [1:51:53<34:03,  2.26it/s] 77%|  | 15421/20000 [1:52:10<33:47,  2.26it/s] 78%|  | 15612/20000 [1:53:34<32:20,  2.26it/s] 78%|  | 15648/20000 [1:53:50<32:04,  2.26it/s] 79%|  | 15839/20000 [1:55:14<30:40,  2.26it/s] 79%|  | 15874/20000 [1:55:30<30:24,  2.26it/s] 80%|  | 16064/20000 [1:56:54<29:04,  2.26it/s] 80%|  | 16099/20000 [1:57:10<28:48,  2.26it/s] 81%| | 16289/20000 [1:58:35<27:28,  2.25it/s] 82%| | 16323/20000 [1:58:50<27:13,  2.25it/s] 83%| | 16520/20000 [2:00:15<25:34,  2.27it/s] 83%| | 16556/20000 [2:00:30<25:18,  2.27it/s] 84%| | 16749/20000 [2:01:55<23:49,  2.27it/s] 84%| | 16783/20000 [2:02:10<23:34,  2.27it/s] 85%| | 16980/20000 [2:03:35<22:03,  2.28it/s] 85%| | 17011/20000 [2:03:50<21:49,  2.28it/s] 86%| | 17206/20000 [2:05:16<20:29,  2.27it/s] 86%| | 17237/20000 [2:05:30<20:15,  2.27it/s] 87%| | 17435/20000 [2:06:56<18:47,  2.28it/s] 87%| | 17465/20000 [2:07:10<18:33,  2.28it/s] 88%| | 17657/20000 [2:08:36<17:18,  2.26it/s] 88%| | 17688/20000 [2:08:50<17:04,  2.26it/s] 89%| | 17888/20000 [2:10:17<15:30,  2.27it/s] 90%| | 17918/20000 [2:10:30<15:17,  2.27it/s] 91%| | 18117/20000 [2:11:57<13:47,  2.27it/s] 91%| | 18146/20000 [2:12:10<13:35,  2.27it/s] 92%|| 18343/20000 [2:13:37<12:10,  2.27it/s] 92%|| 18372/20000 [2:13:50<11:57,  2.27it/s] 93%|| 18571/20000 [2:15:17<10:29,  2.27it/s] 93%|| 18599/20000 [2:15:30<10:17,  2.27it/s] 94%|| 18802/20000 [2:16:58<08:45,  2.28it/s] 94%|| 18828/20000 [2:17:10<08:34,  2.28it/s] 95%|| 19032/20000 [2:18:38<07:03,  2.28it/s] 95%|| 19059/20000 [2:18:50<06:52,  2.28it/s] 96%|| 19261/20000 [2:20:18<05:23,  2.28it/s] 96%|| 19286/20000 [2:20:30<05:12,  2.28it/s] 97%|| 19492/20000 [2:21:59<03:41,  2.29it/s] 98%|| 19517/20000 [2:22:10<03:30,  2.29it/s] 99%|| 19721/20000 [2:23:39<02:01,  2.29it/s] 99%|| 19745/20000 [2:23:50<01:51,  2.29it/s]100%|| 19948/20000 [2:25:19<00:22,  2.28it/s]100%|| 19971/20000 [2:25:30<00:12,  2.28it/s]100%|| 20000/20000 [2:25:43<00:00,  2.29it/s]

Analysis complete. Found 1 cluster(s) meeting the MCMC criterion.
Accepted cluster indices: [4]

--- Processing Final Results for Cluster 4 ---
--- MCMC Parameter Constraints for Cluster 4 ---
  x_src = 284.097 +0.472 / -0.395
  y_src = 257.470 +0.220 / -0.184
    z_s = 2.522 +0.058 / -0.059
Saving localization results for Cluster 4...
Processing results for Cluster 4...
-> Saved 340000 samples to /users/hiu-yeung.cheng/clusterlensing/out/row42/test_tidy_row42/cluster_4_posterior.npz
Updated CSV row 42 with result for cluster 4.
Loading data from /users/hiu-yeung.cheng/clusterlensing/out/row42/test_tidy_row42/cluster_4_posterior.npz...

Generating corner plot...
-> Corner plot saved to /users/hiu-yeung.cheng/clusterlensing/out/row42/test_tidy_row42/cluster_4_corner_from_saved.png

Generating trace plot...
-> Trace plot saved to /users/hiu-yeung.cheng/clusterlensing/out/row42/test_tidy_row42/cluster_4_trace.png
