Row=40 OUT_DIR=/users/hiu-yeung.cheng/clusterlensing/out/row40 DE_PROCS=16 MCMC_PROCS=16
Setup complete. Lensing system initialized.
True time delays: [    0.          5388.5955725   9045.36007612  9703.98871205
 10090.96519443]
True luminosity distances: 21497.34091626264
Lensed luminosity distances: [  6997.66979011   4605.58791388  11877.56404592  10396.41428363
 421009.2223908 ]

Running the full analysis pipeline...
--- Running DE for Cluster 0 ---
[DE] Process Pool with 16 procs (init=latinhypercube, popsize=50)
differential_evolution step 1: f(x)= 3000.0
differential_evolution step 2: f(x)= 3000.0
differential_evolution step 3: f(x)= 3000.0
differential_evolution step 4: f(x)= 2086.049157972459
differential_evolution step 5: f(x)= 2086.049157972459
differential_evolution step 6: f(x)= 2086.049157972459
differential_evolution step 7: f(x)= 2086.049157972459
differential_evolution step 8: f(x)= 2086.049157972459
differential_evolution step 9: f(x)= 1473.9814519653864
differential_evolution step 10: f(x)= 903.2071542619171
differential_evolution step 11: f(x)= 903.2071542619171
differential_evolution step 12: f(x)= 903.2071542619171
differential_evolution step 13: f(x)= 903.2071542619171
differential_evolution step 14: f(x)= 903.2071542619171
differential_evolution step 15: f(x)= 903.2071542619171
differential_evolution step 16: f(x)= 903.2071542619171
differential_evolution step 17: f(x)= 156.4473626491675
differential_evolution step 18: f(x)= 156.4473626491675
differential_evolution step 19: f(x)= 156.4473626491675
differential_evolution step 20: f(x)= 156.4473626491675
differential_evolution step 21: f(x)= 156.4473626491675
differential_evolution step 22: f(x)= 156.4473626491675
differential_evolution step 23: f(x)= 156.4473626491675
differential_evolution step 24: f(x)= 156.4473626491675
differential_evolution step 25: f(x)= 156.4473626491675
differential_evolution step 26: f(x)= 156.4473626491675
differential_evolution step 27: f(x)= 156.4473626491675
differential_evolution step 28: f(x)= 156.4473626491675
differential_evolution step 29: f(x)= 156.4473626491675
differential_evolution step 30: f(x)= 156.4473626491675
differential_evolution step 31: f(x)= 156.4473626491675
differential_evolution step 32: f(x)= 156.4473626491675
differential_evolution step 33: f(x)= 156.4473626491675
differential_evolution step 34: f(x)= 156.4473626491675
differential_evolution step 35: f(x)= 156.4473626491675
differential_evolution step 36: f(x)= 156.4473626491675
differential_evolution step 37: f(x)= 156.4473626491675
differential_evolution step 38: f(x)= 156.4473626491675
differential_evolution step 39: f(x)= 156.4473626491675
differential_evolution step 40: f(x)= 153.9582482515617
differential_evolution step 41: f(x)= 153.9582482515617
differential_evolution step 42: f(x)= 153.9582482515617
differential_evolution step 43: f(x)= 153.9582482515617
differential_evolution step 44: f(x)= 153.9582482515617
differential_evolution step 45: f(x)= 153.9582482515617
differential_evolution step 46: f(x)= 151.2552467401899
differential_evolution step 47: f(x)= 151.2552467401899
differential_evolution step 48: f(x)= 129.86631472516532
differential_evolution step 49: f(x)= 129.86631472516532
differential_evolution step 50: f(x)= 129.86631472516532
differential_evolution step 51: f(x)= 129.86631472516532
differential_evolution step 52: f(x)= 129.86631472516532
differential_evolution step 53: f(x)= 129.86631472516532
differential_evolution step 54: f(x)= 108.46211708404829
differential_evolution step 55: f(x)= 108.46211708404829
differential_evolution step 56: f(x)= 108.46211708404829
differential_evolution step 57: f(x)= 108.46211708404829
differential_evolution step 58: f(x)= 108.46211708404829
differential_evolution step 59: f(x)= 108.46211708404829
differential_evolution step 60: f(x)= 108.46211708404829
differential_evolution step 61: f(x)= 108.46211708404829
differential_evolution step 62: f(x)= 108.46211708404829
differential_evolution step 63: f(x)= 108.46211708404829
differential_evolution step 64: f(x)= 108.46211708404829
differential_evolution step 65: f(x)= 108.46211708404829
differential_evolution step 66: f(x)= 108.46211708404829
differential_evolution step 67: f(x)= 108.46211708404829
differential_evolution step 68: f(x)= 108.46211708404829
differential_evolution step 69: f(x)= 108.46211708404829
differential_evolution step 70: f(x)= 108.46211708404829
differential_evolution step 71: f(x)= 108.46211708404829
differential_evolution step 72: f(x)= 108.46211708404829
differential_evolution step 73: f(x)= 108.46211708404829
differential_evolution step 74: f(x)= 108.46211708404829
differential_evolution step 75: f(x)= 108.46211708404829
differential_evolution step 76: f(x)= 108.46211708404829
differential_evolution step 77: f(x)= 108.46211708404829
differential_evolution step 78: f(x)= 108.46211708404829
differential_evolution step 79: f(x)= 108.46211708404829
differential_evolution step 80: f(x)= 108.46211708404829
differential_evolution step 81: f(x)= 108.46211708404829
differential_evolution step 82: f(x)= 108.46211708404829
differential_evolution step 83: f(x)= 108.46211708404829
differential_evolution step 84: f(x)= 108.46211708404829
differential_evolution step 85: f(x)= 108.46211708404829
differential_evolution step 86: f(x)= 108.46211708404829
differential_evolution step 87: f(x)= 108.46211708404829
differential_evolution step 88: f(x)= 108.46211708404829
differential_evolution step 89: f(x)= 108.46211708404829
differential_evolution step 90: f(x)= 108.46211708404829
differential_evolution step 91: f(x)= 108.46211708404829
differential_evolution step 92: f(x)= 108.46211708404829
differential_evolution step 93: f(x)= 108.46211708404829
differential_evolution step 94: f(x)= 108.46211708404829
differential_evolution step 95: f(x)= 108.46211708404829
differential_evolution step 96: f(x)= 108.46211708404829
differential_evolution step 97: f(x)= 108.46211708404829
differential_evolution step 98: f(x)= 108.46211708404829
differential_evolution step 99: f(x)= 108.46211708404829
differential_evolution step 100: f(x)= 108.46211708404829
differential_evolution step 101: f(x)= 108.46211708404829
differential_evolution step 102: f(x)= 108.46211708404829
differential_evolution step 103: f(x)= 108.46211708404829
differential_evolution step 104: f(x)= 108.46211708404829
differential_evolution step 105: f(x)= 108.46211708404829
differential_evolution step 106: f(x)= 108.46211708404829
differential_evolution step 107: f(x)= 108.46211708404829
differential_evolution step 108: f(x)= 108.46211708404829
differential_evolution step 109: f(x)= 108.46211708404829
differential_evolution step 110: f(x)= 108.46211708404829
differential_evolution step 111: f(x)= 108.46211708404829
differential_evolution step 112: f(x)= 108.46211708404829
differential_evolution step 113: f(x)= 108.46211708404829
differential_evolution step 114: f(x)= 108.46211708404829
differential_evolution step 115: f(x)= 108.46211708404829
differential_evolution step 116: f(x)= 108.46211708404829
differential_evolution step 117: f(x)= 108.46211708404829
differential_evolution step 118: f(x)= 108.46211708404829
differential_evolution step 119: f(x)= 108.46211708404829
differential_evolution step 120: f(x)= 108.46211708404829
differential_evolution step 121: f(x)= 108.46211708404829
differential_evolution step 122: f(x)= 108.46211708404829
differential_evolution step 123: f(x)= 108.46211708404829
differential_evolution step 124: f(x)= 108.46211708404829
differential_evolution step 125: f(x)= 108.46211708404829
differential_evolution step 126: f(x)= 108.00915982882458
differential_evolution step 127: f(x)= 108.00915982882458
differential_evolution step 128: f(x)= 108.00915982882458
differential_evolution step 129: f(x)= 108.00915982882458
differential_evolution step 130: f(x)= 106.97723167571525
differential_evolution step 131: f(x)= 106.97723167571525
differential_evolution step 132: f(x)= 106.97723167571525
differential_evolution step 133: f(x)= 106.97723167571525
differential_evolution step 134: f(x)= 106.97723167571525
differential_evolution step 135: f(x)= 106.97723167571525
differential_evolution step 136: f(x)= 106.97723167571525
differential_evolution step 137: f(x)= 106.97723167571525
differential_evolution step 138: f(x)= 106.97723167571525
differential_evolution step 139: f(x)= 105.66326794698784
differential_evolution step 140: f(x)= 105.66326794698784
differential_evolution step 141: f(x)= 105.66326794698784
differential_evolution step 142: f(x)= 105.66326794698784
differential_evolution step 143: f(x)= 105.66326794698784
differential_evolution step 144: f(x)= 105.57084814164604
differential_evolution step 145: f(x)= 104.34921270098316
differential_evolution step 146: f(x)= 104.34921270098316
differential_evolution step 147: f(x)= 104.34921270098316
differential_evolution step 148: f(x)= 104.34921270098316
differential_evolution step 149: f(x)= 104.34921270098316
differential_evolution step 150: f(x)= 104.34921270098316
differential_evolution step 151: f(x)= 104.34921270098316
differential_evolution step 152: f(x)= 104.34921270098316
differential_evolution step 153: f(x)= 104.34921270098316
differential_evolution step 154: f(x)= 104.34921270098316
differential_evolution step 155: f(x)= 104.34921270098316
differential_evolution step 156: f(x)= 104.34921270098316
differential_evolution step 157: f(x)= 104.34921270098316
differential_evolution step 158: f(x)= 104.34921270098316
differential_evolution step 159: f(x)= 104.34921270098316
differential_evolution step 160: f(x)= 104.34921270098316
differential_evolution step 161: f(x)= 104.34921270098316
differential_evolution step 162: f(x)= 104.34921270098316
differential_evolution step 163: f(x)= 104.2366052768623
differential_evolution step 164: f(x)= 104.2366052768623
differential_evolution step 165: f(x)= 104.2366052768623
differential_evolution step 166: f(x)= 104.03559911891355
differential_evolution step 167: f(x)= 104.03559911891355
differential_evolution step 168: f(x)= 103.91132621545947
differential_evolution step 169: f(x)= 103.91132621545947
differential_evolution step 170: f(x)= 103.91132621545947
differential_evolution step 171: f(x)= 103.91132621545947
differential_evolution step 172: f(x)= 103.91132621545947
differential_evolution step 173: f(x)= 103.91132621545947
differential_evolution step 174: f(x)= 103.91132621545947
differential_evolution step 175: f(x)= 103.91132621545947
differential_evolution step 176: f(x)= 103.90419066633211
differential_evolution step 177: f(x)= 103.90419066633211
differential_evolution step 178: f(x)= 103.90419066633211
differential_evolution step 179: f(x)= 103.90419066633211
differential_evolution step 180: f(x)= 103.90419066633211
differential_evolution step 181: f(x)= 103.90419066633211
differential_evolution step 182: f(x)= 103.90419066633211
differential_evolution step 183: f(x)= 103.90419066633211
differential_evolution step 184: f(x)= 103.90419066633211
differential_evolution step 185: f(x)= 103.90419066633211
differential_evolution step 186: f(x)= 103.90419066633211
differential_evolution step 187: f(x)= 103.90419066633211
differential_evolution step 188: f(x)= 103.90419066633211
differential_evolution step 189: f(x)= 103.90419066633211
differential_evolution step 190: f(x)= 103.90419066633211
differential_evolution step 191: f(x)= 103.90419066633211
differential_evolution step 192: f(x)= 103.90419066633211
differential_evolution step 193: f(x)= 103.90419066633211
differential_evolution step 194: f(x)= 103.90419066633211
differential_evolution step 195: f(x)= 103.90419066633211
differential_evolution step 196: f(x)= 103.90419066633211
differential_evolution step 197: f(x)= 103.90419066633211
differential_evolution step 198: f(x)= 103.90419066633211
differential_evolution step 199: f(x)= 103.90419066633211
differential_evolution step 200: f(x)= 103.90419066633211
Cluster 0 DE best chi^2: 103.904 with params {'x_src': np.float64(79.16791376139042), 'y_src': np.float64(80.7252091956032), 'z_s': np.float64(2.157187430551546)}
--- Running DE for Cluster 1 ---
[DE] Process Pool with 16 procs (init=latinhypercube, popsize=50)
differential_evolution step 1: f(x)= 3000.0
differential_evolution step 2: f(x)= 3000.0
differential_evolution step 3: f(x)= 3000.0
differential_evolution step 4: f(x)= 3000.0
differential_evolution step 5: f(x)= 3000.0
differential_evolution step 6: f(x)= 3000.0
differential_evolution step 7: f(x)= 3000.0
differential_evolution step 8: f(x)= 3000.0
differential_evolution step 9: f(x)= 3000.0
differential_evolution step 10: f(x)= 3000.0
differential_evolution step 11: f(x)= 3000.0
differential_evolution step 12: f(x)= 3000.0
differential_evolution step 13: f(x)= 3000.0
differential_evolution step 14: f(x)= 3000.0
differential_evolution step 15: f(x)= 3000.0
differential_evolution step 16: f(x)= 3000.0
differential_evolution step 17: f(x)= 3000.0
differential_evolution step 18: f(x)= 3000.0
differential_evolution step 19: f(x)= 3000.0
differential_evolution step 20: f(x)= 3000.0
differential_evolution step 21: f(x)= 3000.0
differential_evolution step 22: f(x)= 3000.0
differential_evolution step 23: f(x)= 3000.0
differential_evolution step 24: f(x)= 3000.0
differential_evolution step 25: f(x)= 3000.0
differential_evolution step 26: f(x)= 3000.0
differential_evolution step 27: f(x)= 3000.0
differential_evolution step 28: f(x)= 3000.0
differential_evolution step 29: f(x)= 3000.0
differential_evolution step 30: f(x)= 3000.0
differential_evolution step 31: f(x)= 3000.0
differential_evolution step 32: f(x)= 3000.0
Cluster 1 DE best chi^2: 3000.000 with params {'x_src': np.float64(209.89382095625814), 'y_src': np.float64(188.36570115797227), 'z_s': np.float64(4.162456057923645)}
--- Running DE for Cluster 2 ---
[DE] Process Pool with 16 procs (init=latinhypercube, popsize=50)
differential_evolution step 1: f(x)= 294.30717492649177
differential_evolution step 2: f(x)= 294.30717492649177
differential_evolution step 3: f(x)= 294.30717492649177
differential_evolution step 4: f(x)= 294.30717492649177
differential_evolution step 5: f(x)= 294.30717492649177
differential_evolution step 6: f(x)= 294.30717492649177
differential_evolution step 7: f(x)= 294.30717492649177
differential_evolution step 8: f(x)= 294.30717492649177
differential_evolution step 9: f(x)= 294.30717492649177
differential_evolution step 10: f(x)= 294.30717492649177
differential_evolution step 11: f(x)= 294.30717492649177
differential_evolution step 12: f(x)= 251.6910022101489
differential_evolution step 13: f(x)= 220.66463349485178
differential_evolution step 14: f(x)= 220.66463349485178
differential_evolution step 15: f(x)= 220.66463349485178
differential_evolution step 16: f(x)= 220.66463349485178
differential_evolution step 17: f(x)= 220.66463349485178
differential_evolution step 18: f(x)= 220.66463349485178
differential_evolution step 19: f(x)= 220.66463349485178
differential_evolution step 20: f(x)= 220.66463349485178
differential_evolution step 21: f(x)= 210.83232636355464
differential_evolution step 22: f(x)= 210.83232636355464
differential_evolution step 23: f(x)= 210.83232636355464
differential_evolution step 24: f(x)= 210.83232636355464
differential_evolution step 25: f(x)= 179.2251696801972
differential_evolution step 26: f(x)= 176.86340324609583
differential_evolution step 27: f(x)= 176.86340324609583
differential_evolution step 28: f(x)= 176.86340324609583
differential_evolution step 29: f(x)= 176.86340324609583
differential_evolution step 30: f(x)= 176.86340324609583
differential_evolution step 31: f(x)= 176.86340324609583
differential_evolution step 32: f(x)= 163.2777558120436
differential_evolution step 33: f(x)= 163.2777558120436
differential_evolution step 34: f(x)= 163.2777558120436
differential_evolution step 35: f(x)= 163.2777558120436
differential_evolution step 36: f(x)= 163.2777558120436
differential_evolution step 37: f(x)= 163.2777558120436
differential_evolution step 38: f(x)= 163.2777558120436
differential_evolution step 39: f(x)= 163.2777558120436
differential_evolution step 40: f(x)= 163.2777558120436
differential_evolution step 41: f(x)= 163.2777558120436
differential_evolution step 42: f(x)= 163.2777558120436
differential_evolution step 43: f(x)= 163.2777558120436
differential_evolution step 44: f(x)= 163.2777558120436
differential_evolution step 45: f(x)= 163.2777558120436
differential_evolution step 46: f(x)= 160.24376238107604
differential_evolution step 47: f(x)= 160.24376238107604
differential_evolution step 48: f(x)= 159.21140847057
differential_evolution step 49: f(x)= 159.21140847057
differential_evolution step 50: f(x)= 159.21140847057
differential_evolution step 51: f(x)= 159.21140847057
differential_evolution step 52: f(x)= 159.21140847057
differential_evolution step 53: f(x)= 159.21140847057
differential_evolution step 54: f(x)= 159.21140847057
differential_evolution step 55: f(x)= 159.21140847057
differential_evolution step 56: f(x)= 159.21140847057
differential_evolution step 57: f(x)= 159.21140847057
differential_evolution step 58: f(x)= 159.21140847057
differential_evolution step 59: f(x)= 159.21140847057
differential_evolution step 60: f(x)= 157.53300704566286
differential_evolution step 61: f(x)= 157.3586048567488
differential_evolution step 62: f(x)= 157.3586048567488
differential_evolution step 63: f(x)= 157.3586048567488
differential_evolution step 64: f(x)= 157.3586048567488
differential_evolution step 65: f(x)= 157.3586048567488
differential_evolution step 66: f(x)= 157.3586048567488
differential_evolution step 67: f(x)= 155.922692484008
differential_evolution step 68: f(x)= 155.922692484008
differential_evolution step 69: f(x)= 155.922692484008
differential_evolution step 70: f(x)= 155.922692484008
differential_evolution step 71: f(x)= 155.922692484008
differential_evolution step 72: f(x)= 155.922692484008
differential_evolution step 73: f(x)= 155.922692484008
differential_evolution step 74: f(x)= 155.922692484008
differential_evolution step 75: f(x)= 155.922692484008
differential_evolution step 76: f(x)= 155.922692484008
differential_evolution step 77: f(x)= 155.922692484008
differential_evolution step 78: f(x)= 155.922692484008
differential_evolution step 79: f(x)= 155.922692484008
differential_evolution step 80: f(x)= 155.922692484008
differential_evolution step 81: f(x)= 155.922692484008
differential_evolution step 82: f(x)= 155.922692484008
differential_evolution step 83: f(x)= 155.922692484008
differential_evolution step 84: f(x)= 155.922692484008
differential_evolution step 85: f(x)= 155.922692484008
differential_evolution step 86: f(x)= 155.922692484008
differential_evolution step 87: f(x)= 155.922692484008
differential_evolution step 88: f(x)= 155.922692484008
differential_evolution step 89: f(x)= 155.79707652016742
differential_evolution step 90: f(x)= 155.79707652016742
differential_evolution step 91: f(x)= 155.79707652016742
differential_evolution step 92: f(x)= 155.79707652016742
differential_evolution step 93: f(x)= 155.79707652016742
differential_evolution step 94: f(x)= 155.79707652016742
differential_evolution step 95: f(x)= 155.53315366290963
differential_evolution step 96: f(x)= 155.53315366290963
differential_evolution step 97: f(x)= 155.53315366290963
differential_evolution step 98: f(x)= 155.53315366290963
differential_evolution step 99: f(x)= 155.53315366290963
differential_evolution step 100: f(x)= 155.08299523422914
differential_evolution step 101: f(x)= 154.95763199528128
differential_evolution step 102: f(x)= 154.95763199528128
differential_evolution step 103: f(x)= 154.95763199528128
differential_evolution step 104: f(x)= 154.95763199528128
differential_evolution step 105: f(x)= 154.70315045959035
differential_evolution step 106: f(x)= 154.70315045959035
differential_evolution step 107: f(x)= 154.70315045959035
differential_evolution step 108: f(x)= 154.70315045959035
differential_evolution step 109: f(x)= 154.70315045959035
differential_evolution step 110: f(x)= 154.70315045959035
differential_evolution step 111: f(x)= 154.70315045959035
differential_evolution step 112: f(x)= 154.70315045959035
differential_evolution step 113: f(x)= 154.70315045959035
differential_evolution step 114: f(x)= 154.70315045959035
differential_evolution step 115: f(x)= 154.60842777409422
differential_evolution step 116: f(x)= 154.60842777409422
differential_evolution step 117: f(x)= 154.58774917116318
differential_evolution step 118: f(x)= 154.58774917116318
differential_evolution step 119: f(x)= 154.58774917116318
differential_evolution step 120: f(x)= 154.58774917116318
differential_evolution step 121: f(x)= 154.57132310148006
differential_evolution step 122: f(x)= 154.53594244991498
differential_evolution step 123: f(x)= 154.53594244991498
differential_evolution step 124: f(x)= 154.53594244991498
differential_evolution step 125: f(x)= 154.53594244991498
differential_evolution step 126: f(x)= 154.46689412407096
differential_evolution step 127: f(x)= 154.46689412407096
differential_evolution step 128: f(x)= 154.46689412407096
differential_evolution step 129: f(x)= 154.46689412407096
differential_evolution step 130: f(x)= 154.39832304561608
differential_evolution step 131: f(x)= 154.39832304561608
differential_evolution step 132: f(x)= 154.39832304561608
differential_evolution step 133: f(x)= 154.39832304561608
differential_evolution step 134: f(x)= 154.39832304561608
differential_evolution step 135: f(x)= 154.39832304561608
differential_evolution step 136: f(x)= 154.39832304561608
differential_evolution step 137: f(x)= 154.39832304561608
differential_evolution step 138: f(x)= 154.39832304561608
differential_evolution step 139: f(x)= 154.37723600318554
differential_evolution step 140: f(x)= 154.37723600318554
differential_evolution step 141: f(x)= 154.37723600318554
differential_evolution step 142: f(x)= 154.37723600318554
differential_evolution step 143: f(x)= 154.37723600318554
differential_evolution step 144: f(x)= 154.37723600318554
differential_evolution step 145: f(x)= 154.37723600318554
differential_evolution step 146: f(x)= 154.37723600318554
differential_evolution step 147: f(x)= 154.37723600318554
differential_evolution step 148: f(x)= 154.37723600318554
differential_evolution step 149: f(x)= 154.37723600318554
differential_evolution step 150: f(x)= 154.37723600318554
differential_evolution step 151: f(x)= 154.37723600318554
differential_evolution step 152: f(x)= 154.37723600318554
differential_evolution step 153: f(x)= 154.37723600318554
differential_evolution step 154: f(x)= 154.37723600318554
differential_evolution step 155: f(x)= 154.37723600318554
differential_evolution step 156: f(x)= 154.37723600318554
differential_evolution step 157: f(x)= 154.37723600318554
differential_evolution step 158: f(x)= 154.37723600318554
differential_evolution step 159: f(x)= 154.37723600318554
differential_evolution step 160: f(x)= 154.37723600318554
differential_evolution step 161: f(x)= 154.37723600318554
differential_evolution step 162: f(x)= 154.37723600318554
differential_evolution step 163: f(x)= 154.37723600318554
differential_evolution step 164: f(x)= 154.37723600318554
differential_evolution step 165: f(x)= 154.37723600318554
differential_evolution step 166: f(x)= 154.37723600318554
differential_evolution step 167: f(x)= 154.37723600318554
differential_evolution step 168: f(x)= 154.37723600318554
differential_evolution step 169: f(x)= 154.37723600318554
differential_evolution step 170: f(x)= 154.34543798748632
differential_evolution step 171: f(x)= 154.34543798748632
differential_evolution step 172: f(x)= 154.34543798748632
differential_evolution step 173: f(x)= 154.34543798748632
differential_evolution step 174: f(x)= 154.34543798748632
differential_evolution step 175: f(x)= 154.34543798748632
differential_evolution step 176: f(x)= 154.34543798748632
differential_evolution step 177: f(x)= 154.34543798748632
differential_evolution step 178: f(x)= 154.34543798748632
differential_evolution step 179: f(x)= 154.34543798748632
differential_evolution step 180: f(x)= 154.34543798748632
differential_evolution step 181: f(x)= 154.34543798748632
differential_evolution step 182: f(x)= 154.34543798748632
differential_evolution step 183: f(x)= 154.34543798748632
differential_evolution step 184: f(x)= 154.34543798748632
differential_evolution step 185: f(x)= 154.34543798748632
differential_evolution step 186: f(x)= 154.34543798748632
differential_evolution step 187: f(x)= 154.34543798748632
differential_evolution step 188: f(x)= 154.34543798748632
differential_evolution step 189: f(x)= 154.34543798748632
differential_evolution step 190: f(x)= 154.34543798748632
differential_evolution step 191: f(x)= 154.33708257101262
differential_evolution step 192: f(x)= 154.33708257101262
differential_evolution step 193: f(x)= 154.33708257101262
differential_evolution step 194: f(x)= 154.33708257101262
differential_evolution step 195: f(x)= 154.33708257101262
differential_evolution step 196: f(x)= 154.33708257101262
differential_evolution step 197: f(x)= 154.33708257101262
differential_evolution step 198: f(x)= 154.33708257101262
differential_evolution step 199: f(x)= 154.33708257101262
differential_evolution step 200: f(x)= 154.33708257101262
Cluster 2 DE best chi^2: 154.337 with params {'x_src': np.float64(98.30312305455439), 'y_src': np.float64(99.57412813544273), 'z_s': np.float64(1.4852866185276696)}
--- Running DE for Cluster 3 ---
[DE] Process Pool with 16 procs (init=latinhypercube, popsize=50)
differential_evolution step 1: f(x)= 4242.640687119286
differential_evolution step 2: f(x)= 3000.0
differential_evolution step 3: f(x)= 3000.0
differential_evolution step 4: f(x)= 3000.0
differential_evolution step 5: f(x)= 3000.0
differential_evolution step 6: f(x)= 1315.0927209005608
differential_evolution step 7: f(x)= 1315.0927209005608
differential_evolution step 8: f(x)= 1315.0927209005608
differential_evolution step 9: f(x)= 1315.0927209005608
differential_evolution step 10: f(x)= 1315.0927209005608
differential_evolution step 11: f(x)= 1315.0927209005608
differential_evolution step 12: f(x)= 1315.0927209005608
differential_evolution step 13: f(x)= 1315.0927209005608
differential_evolution step 14: f(x)= 1315.0927209005608
differential_evolution step 15: f(x)= 1315.0927209005608
differential_evolution step 16: f(x)= 1315.0927209005608
differential_evolution step 17: f(x)= 1315.0927209005608
differential_evolution step 18: f(x)= 1315.0927209005608
differential_evolution step 19: f(x)= 1315.0927209005608
differential_evolution step 20: f(x)= 1315.0927209005608
differential_evolution step 21: f(x)= 1315.0927209005608
differential_evolution step 22: f(x)= 1315.0927209005608
differential_evolution step 23: f(x)= 1315.0927209005608
differential_evolution step 24: f(x)= 1070.6599743376837
differential_evolution step 25: f(x)= 798.8712351357556
differential_evolution step 26: f(x)= 798.8712351357556
differential_evolution step 27: f(x)= 798.8712351357556
differential_evolution step 28: f(x)= 798.8712351357556
differential_evolution step 29: f(x)= 798.8712351357556
differential_evolution step 30: f(x)= 798.8712351357556
differential_evolution step 31: f(x)= 798.8712351357556
differential_evolution step 32: f(x)= 798.8712351357556
differential_evolution step 33: f(x)= 798.8712351357556
differential_evolution step 34: f(x)= 798.8712351357556
differential_evolution step 35: f(x)= 798.8712351357556
differential_evolution step 36: f(x)= 798.8712351357556
differential_evolution step 37: f(x)= 798.8712351357556
differential_evolution step 38: f(x)= 798.8712351357556
differential_evolution step 39: f(x)= 798.8712351357556
differential_evolution step 40: f(x)= 798.8712351357556
differential_evolution step 41: f(x)= 798.8712351357556
differential_evolution step 42: f(x)= 798.8712351357556
differential_evolution step 43: f(x)= 798.8712351357556
differential_evolution step 44: f(x)= 798.8712351357556
differential_evolution step 45: f(x)= 798.8712351357556
differential_evolution step 46: f(x)= 798.8712351357556
differential_evolution step 47: f(x)= 798.8712351357556
differential_evolution step 48: f(x)= 798.8712351357556
differential_evolution step 49: f(x)= 798.8712351357556
differential_evolution step 50: f(x)= 798.8712351357556
differential_evolution step 51: f(x)= 798.8712351357556
differential_evolution step 52: f(x)= 798.8712351357556
differential_evolution step 53: f(x)= 798.8712351357556
differential_evolution step 54: f(x)= 798.8712351357556
differential_evolution step 55: f(x)= 798.8712351357556
differential_evolution step 56: f(x)= 798.8712351357556
differential_evolution step 57: f(x)= 798.8712351357556
differential_evolution step 58: f(x)= 798.8712351357556
differential_evolution step 59: f(x)= 798.8712351357556
differential_evolution step 60: f(x)= 798.8712351357556
differential_evolution step 61: f(x)= 798.8712351357556
differential_evolution step 62: f(x)= 798.8712351357556
differential_evolution step 63: f(x)= 798.8712351357556
differential_evolution step 64: f(x)= 798.8712351357556
differential_evolution step 65: f(x)= 798.8712351357556
differential_evolution step 66: f(x)= 798.8712351357556
differential_evolution step 67: f(x)= 798.8712351357556
differential_evolution step 68: f(x)= 798.8712351357556
differential_evolution step 69: f(x)= 798.8712351357556
differential_evolution step 70: f(x)= 798.8712351357556
differential_evolution step 71: f(x)= 798.8712351357556
differential_evolution step 72: f(x)= 798.8712351357556
differential_evolution step 73: f(x)= 798.8712351357556
differential_evolution step 74: f(x)= 798.8712351357556
differential_evolution step 75: f(x)= 798.8712351357556
differential_evolution step 76: f(x)= 798.8712351357556
differential_evolution step 77: f(x)= 798.8712351357556
differential_evolution step 78: f(x)= 798.8712351357556
differential_evolution step 79: f(x)= 798.8712351357556
differential_evolution step 80: f(x)= 798.8712351357556
differential_evolution step 81: f(x)= 798.8712351357556
differential_evolution step 82: f(x)= 798.8712351357556
differential_evolution step 83: f(x)= 798.8712351357556
differential_evolution step 84: f(x)= 798.8712351357556
differential_evolution step 85: f(x)= 798.8712351357556
differential_evolution step 86: f(x)= 798.8712351357556
differential_evolution step 87: f(x)= 798.8712351357556
differential_evolution step 88: f(x)= 798.8712351357556
differential_evolution step 89: f(x)= 798.8712351357556
differential_evolution step 90: f(x)= 798.8712351357556
differential_evolution step 91: f(x)= 777.8489211578246
differential_evolution step 92: f(x)= 777.8489211578246
differential_evolution step 93: f(x)= 777.8489211578246
differential_evolution step 94: f(x)= 774.2281313169988
differential_evolution step 95: f(x)= 774.2281313169988
differential_evolution step 96: f(x)= 774.2281313169988
differential_evolution step 97: f(x)= 774.2281313169988
differential_evolution step 98: f(x)= 774.2281313169988
differential_evolution step 99: f(x)= 774.2281313169988
differential_evolution step 100: f(x)= 774.2281313169988
differential_evolution step 101: f(x)= 774.2281313169988
differential_evolution step 102: f(x)= 774.2281313169988
differential_evolution step 103: f(x)= 774.2281313169988
differential_evolution step 104: f(x)= 774.2281313169988
differential_evolution step 105: f(x)= 774.2281313169988
differential_evolution step 106: f(x)= 774.2281313169988
differential_evolution step 107: f(x)= 774.2281313169988
differential_evolution step 108: f(x)= 774.2281313169988
differential_evolution step 109: f(x)= 774.2281313169988
differential_evolution step 110: f(x)= 774.2281313169988
differential_evolution step 111: f(x)= 774.2281313169988
differential_evolution step 112: f(x)= 774.2281313169988
differential_evolution step 113: f(x)= 774.2281313169988
differential_evolution step 114: f(x)= 773.402294235256
differential_evolution step 115: f(x)= 773.402294235256
differential_evolution step 116: f(x)= 773.402294235256
differential_evolution step 117: f(x)= 773.402294235256
differential_evolution step 118: f(x)= 773.402294235256
differential_evolution step 119: f(x)= 773.402294235256
differential_evolution step 120: f(x)= 773.402294235256
differential_evolution step 121: f(x)= 773.402294235256
differential_evolution step 122: f(x)= 773.402294235256
differential_evolution step 123: f(x)= 716.9969570284538
differential_evolution step 124: f(x)= 716.9969570284538
differential_evolution step 125: f(x)= 710.6464885676371
differential_evolution step 126: f(x)= 710.6464885676371
differential_evolution step 127: f(x)= 710.6464885676371
differential_evolution step 128: f(x)= 658.4082243504074
differential_evolution step 129: f(x)= 658.4082243504074
differential_evolution step 130: f(x)= 658.4082243504074
differential_evolution step 131: f(x)= 658.4082243504074
differential_evolution step 132: f(x)= 658.4082243504074
differential_evolution step 133: f(x)= 658.4082243504074
differential_evolution step 134: f(x)= 658.4082243504074
differential_evolution step 135: f(x)= 658.4082243504074
differential_evolution step 136: f(x)= 658.4082243504074
differential_evolution step 137: f(x)= 658.4082243504074
differential_evolution step 138: f(x)= 658.4082243504074
differential_evolution step 139: f(x)= 658.4082243504074
differential_evolution step 140: f(x)= 658.4082243504074
differential_evolution step 141: f(x)= 658.4082243504074
differential_evolution step 142: f(x)= 658.4082243504074
differential_evolution step 143: f(x)= 658.4082243504074
differential_evolution step 144: f(x)= 658.4082243504074
differential_evolution step 145: f(x)= 658.4082243504074
differential_evolution step 146: f(x)= 630.8313147434287
differential_evolution step 147: f(x)= 630.8313147434287
differential_evolution step 148: f(x)= 630.8313147434287
differential_evolution step 149: f(x)= 630.8313147434287
differential_evolution step 150: f(x)= 630.8313147434287
differential_evolution step 151: f(x)= 630.8313147434287
differential_evolution step 152: f(x)= 630.8313147434287
differential_evolution step 153: f(x)= 630.8313147434287
differential_evolution step 154: f(x)= 630.8313147434287
differential_evolution step 155: f(x)= 630.8313147434287
differential_evolution step 156: f(x)= 630.8313147434287
differential_evolution step 157: f(x)= 630.8313147434287
differential_evolution step 158: f(x)= 630.8313147434287
differential_evolution step 159: f(x)= 630.8313147434287
differential_evolution step 160: f(x)= 630.8313147434287
differential_evolution step 161: f(x)= 630.8313147434287
differential_evolution step 162: f(x)= 630.8313147434287
differential_evolution step 163: f(x)= 630.8313147434287
differential_evolution step 164: f(x)= 630.8313147434287
differential_evolution step 165: f(x)= 630.8313147434287
differential_evolution step 166: f(x)= 630.8313147434287
differential_evolution step 167: f(x)= 630.8313147434287
differential_evolution step 168: f(x)= 630.8313147434287
differential_evolution step 169: f(x)= 630.8313147434287
differential_evolution step 170: f(x)= 630.8313147434287
differential_evolution step 171: f(x)= 630.8313147434287
differential_evolution step 172: f(x)= 630.8313147434287
differential_evolution step 173: f(x)= 630.8313147434287
differential_evolution step 174: f(x)= 630.8313147434287
differential_evolution step 175: f(x)= 624.269839415881
differential_evolution step 176: f(x)= 624.269839415881
differential_evolution step 177: f(x)= 624.269839415881
differential_evolution step 178: f(x)= 597.3849920423017
differential_evolution step 179: f(x)= 597.3849920423017
differential_evolution step 180: f(x)= 597.3849920423017
differential_evolution step 181: f(x)= 597.3849920423017
differential_evolution step 182: f(x)= 591.3675843434204
differential_evolution step 183: f(x)= 591.3675843434204
differential_evolution step 184: f(x)= 591.3675843434204
differential_evolution step 185: f(x)= 591.3675843434204
differential_evolution step 186: f(x)= 591.3675843434204
differential_evolution step 187: f(x)= 591.3675843434204
differential_evolution step 188: f(x)= 591.3675843434204
differential_evolution step 189: f(x)= 591.3675843434204
differential_evolution step 190: f(x)= 591.3675843434204
differential_evolution step 191: f(x)= 591.3675843434204
differential_evolution step 192: f(x)= 591.3675843434204
differential_evolution step 193: f(x)= 591.3675843434204
differential_evolution step 194: f(x)= 591.3675843434204
differential_evolution step 195: f(x)= 591.3675843434204
differential_evolution step 196: f(x)= 591.3675843434204
differential_evolution step 197: f(x)= 591.3675843434204
differential_evolution step 198: f(x)= 591.3675843434204
differential_evolution step 199: f(x)= 591.3675843434204
differential_evolution step 200: f(x)= 591.3675843434204
Cluster 3 DE best chi^2: 591.368 with params {'x_src': np.float64(129.4883820717751), 'y_src': np.float64(110.99777184263934), 'z_s': np.float64(4.064631079327131)}
--- Running DE for Cluster 4 ---
[DE] Process Pool with 16 procs (init=latinhypercube, popsize=50)
differential_evolution step 1: f(x)= 3000.0
differential_evolution step 2: f(x)= 3000.0
differential_evolution step 3: f(x)= 3000.0
differential_evolution step 4: f(x)= 3000.0
differential_evolution step 5: f(x)= 3000.0
differential_evolution step 6: f(x)= 3000.0
differential_evolution step 7: f(x)= 3000.0
differential_evolution step 8: f(x)= 515.9423585733246
differential_evolution step 9: f(x)= 515.9423585733246
differential_evolution step 10: f(x)= 515.9423585733246
differential_evolution step 11: f(x)= 515.9423585733246
differential_evolution step 12: f(x)= 515.9423585733246
differential_evolution step 13: f(x)= 515.9423585733246
differential_evolution step 14: f(x)= 515.9423585733246
differential_evolution step 15: f(x)= 515.9423585733246
differential_evolution step 16: f(x)= 175.75472298981708
differential_evolution step 17: f(x)= 175.75472298981708
differential_evolution step 18: f(x)= 175.75472298981708
differential_evolution step 19: f(x)= 175.75472298981708
differential_evolution step 20: f(x)= 175.75472298981708
differential_evolution step 21: f(x)= 175.75472298981708
differential_evolution step 22: f(x)= 175.75472298981708
differential_evolution step 23: f(x)= 175.75472298981708
differential_evolution step 24: f(x)= 175.75472298981708
differential_evolution step 25: f(x)= 175.75472298981708
differential_evolution step 26: f(x)= 175.75472298981708
differential_evolution step 27: f(x)= 175.75472298981708
differential_evolution step 28: f(x)= 175.75472298981708
differential_evolution step 29: f(x)= 128.55337594547993
differential_evolution step 30: f(x)= 128.55337594547993
differential_evolution step 31: f(x)= 128.55337594547993
differential_evolution step 32: f(x)= 128.55337594547993
differential_evolution step 33: f(x)= 128.55337594547993
differential_evolution step 34: f(x)= 128.55337594547993
differential_evolution step 35: f(x)= 128.55337594547993
differential_evolution step 36: f(x)= 128.55337594547993
differential_evolution step 37: f(x)= 128.55337594547993
differential_evolution step 38: f(x)= 128.55337594547993
differential_evolution step 39: f(x)= 128.55337594547993
differential_evolution step 40: f(x)= 128.55337594547993
differential_evolution step 41: f(x)= 128.55337594547993
differential_evolution step 42: f(x)= 128.55337594547993
differential_evolution step 43: f(x)= 128.55337594547993
differential_evolution step 44: f(x)= 128.55337594547993
differential_evolution step 45: f(x)= 128.55337594547993
differential_evolution step 46: f(x)= 128.55337594547993
differential_evolution step 47: f(x)= 128.55337594547993
differential_evolution step 48: f(x)= 128.55337594547993
differential_evolution step 49: f(x)= 128.55337594547993
differential_evolution step 50: f(x)= 128.55337594547993
differential_evolution step 51: f(x)= 128.55337594547993
differential_evolution step 52: f(x)= 128.55337594547993
differential_evolution step 53: f(x)= 128.55337594547993
differential_evolution step 54: f(x)= 128.55337594547993
differential_evolution step 55: f(x)= 128.55337594547993
differential_evolution step 56: f(x)= 128.55337594547993
differential_evolution step 57: f(x)= 128.55337594547993
differential_evolution step 58: f(x)= 128.55337594547993
differential_evolution step 59: f(x)= 128.55337594547993
differential_evolution step 60: f(x)= 128.55337594547993
differential_evolution step 61: f(x)= 128.55337594547993
differential_evolution step 62: f(x)= 128.55337594547993
differential_evolution step 63: f(x)= 128.55337594547993
differential_evolution step 64: f(x)= 128.55337594547993
differential_evolution step 65: f(x)= 128.55337594547993
differential_evolution step 66: f(x)= 128.55337594547993
differential_evolution step 67: f(x)= 128.55337594547993
differential_evolution step 68: f(x)= 128.55337594547993
differential_evolution step 69: f(x)= 128.55337594547993
differential_evolution step 70: f(x)= 128.55337594547993
differential_evolution step 71: f(x)= 128.55337594547993
differential_evolution step 72: f(x)= 128.55337594547993
differential_evolution step 73: f(x)= 128.55337594547993
differential_evolution step 74: f(x)= 128.55337594547993
differential_evolution step 75: f(x)= 128.55337594547993
differential_evolution step 76: f(x)= 128.55337594547993
differential_evolution step 77: f(x)= 128.55337594547993
differential_evolution step 78: f(x)= 128.55337594547993
differential_evolution step 79: f(x)= 128.55337594547993
differential_evolution step 80: f(x)= 128.55337594547993
differential_evolution step 81: f(x)= 128.55337594547993
differential_evolution step 82: f(x)= 128.55337594547993
differential_evolution step 83: f(x)= 128.55337594547993
differential_evolution step 84: f(x)= 128.55337594547993
differential_evolution step 85: f(x)= 128.55337594547993
differential_evolution step 86: f(x)= 128.55337594547993
differential_evolution step 87: f(x)= 128.55337594547993
differential_evolution step 88: f(x)= 128.55337594547993
differential_evolution step 89: f(x)= 128.55337594547993
differential_evolution step 90: f(x)= 128.55337594547993
differential_evolution step 91: f(x)= 128.55337594547993
differential_evolution step 92: f(x)= 128.55337594547993
differential_evolution step 93: f(x)= 128.55337594547993
differential_evolution step 94: f(x)= 128.55337594547993
differential_evolution step 95: f(x)= 128.55337594547993
differential_evolution step 96: f(x)= 128.55337594547993
differential_evolution step 97: f(x)= 128.55337594547993
differential_evolution step 98: f(x)= 128.55337594547993
differential_evolution step 99: f(x)= 128.55337594547993
differential_evolution step 100: f(x)= 128.55337594547993
differential_evolution step 101: f(x)= 128.55337594547993
differential_evolution step 102: f(x)= 128.55337594547993
differential_evolution step 103: f(x)= 128.55337594547993
differential_evolution step 104: f(x)= 128.55337594547993
differential_evolution step 105: f(x)= 128.55337594547993
differential_evolution step 106: f(x)= 128.55337594547993
differential_evolution step 107: f(x)= 128.55337594547993
differential_evolution step 108: f(x)= 128.55337594547993
differential_evolution step 109: f(x)= 128.55337594547993
differential_evolution step 110: f(x)= 128.55337594547993
differential_evolution step 111: f(x)= 128.55337594547993
differential_evolution step 112: f(x)= 128.55337594547993
differential_evolution step 113: f(x)= 128.55337594547993
differential_evolution step 114: f(x)= 128.55337594547993
differential_evolution step 115: f(x)= 128.55337594547993
differential_evolution step 116: f(x)= 128.55337594547993
differential_evolution step 117: f(x)= 128.55337594547993
differential_evolution step 118: f(x)= 128.55337594547993
differential_evolution step 119: f(x)= 128.55337594547993
differential_evolution step 120: f(x)= 128.55337594547993
differential_evolution step 121: f(x)= 128.55337594547993
differential_evolution step 122: f(x)= 128.55337594547993
differential_evolution step 123: f(x)= 128.55337594547993
differential_evolution step 124: f(x)= 128.55337594547993
differential_evolution step 125: f(x)= 128.55337594547993
differential_evolution step 126: f(x)= 128.55337594547993
differential_evolution step 127: f(x)= 128.55337594547993
differential_evolution step 128: f(x)= 128.55337594547993
differential_evolution step 129: f(x)= 128.55337594547993
differential_evolution step 130: f(x)= 128.55337594547993
differential_evolution step 131: f(x)= 128.55337594547993
differential_evolution step 132: f(x)= 128.55337594547993
differential_evolution step 133: f(x)= 128.55337594547993
differential_evolution step 134: f(x)= 128.55337594547993
differential_evolution step 135: f(x)= 128.55337594547993
differential_evolution step 136: f(x)= 128.55337594547993
differential_evolution step 137: f(x)= 44.98816352692138
differential_evolution step 138: f(x)= 44.98816352692138
differential_evolution step 139: f(x)= 44.98816352692138
differential_evolution step 140: f(x)= 44.98816352692138
differential_evolution step 141: f(x)= 44.98816352692138
differential_evolution step 142: f(x)= 44.98816352692138
differential_evolution step 143: f(x)= 44.98816352692138
differential_evolution step 144: f(x)= 44.98816352692138
differential_evolution step 145: f(x)= 44.98816352692138
differential_evolution step 146: f(x)= 44.98816352692138
differential_evolution step 147: f(x)= 44.98816352692138
differential_evolution step 148: f(x)= 44.98816352692138
differential_evolution step 149: f(x)= 44.98816352692138
differential_evolution step 150: f(x)= 44.98816352692138
differential_evolution step 151: f(x)= 44.98816352692138
differential_evolution step 152: f(x)= 44.98816352692138
differential_evolution step 153: f(x)= 44.98816352692138
differential_evolution step 154: f(x)= 44.98816352692138
differential_evolution step 155: f(x)= 44.98816352692138
differential_evolution step 156: f(x)= 44.98816352692138
differential_evolution step 157: f(x)= 44.98816352692138
differential_evolution step 158: f(x)= 44.98816352692138
differential_evolution step 159: f(x)= 44.98816352692138
differential_evolution step 160: f(x)= 44.98816352692138
differential_evolution step 161: f(x)= 44.98816352692138
differential_evolution step 162: f(x)= 44.98816352692138
differential_evolution step 163: f(x)= 44.98816352692138
differential_evolution step 164: f(x)= 44.98816352692138
differential_evolution step 165: f(x)= 44.98816352692138
differential_evolution step 166: f(x)= 44.98816352692138
differential_evolution step 167: f(x)= 44.98816352692138
differential_evolution step 168: f(x)= 44.98816352692138
differential_evolution step 169: f(x)= 44.98816352692138
differential_evolution step 170: f(x)= 44.98816352692138
differential_evolution step 171: f(x)= 44.98816352692138
differential_evolution step 172: f(x)= 44.98816352692138
differential_evolution step 173: f(x)= 44.98816352692138
differential_evolution step 174: f(x)= 44.98816352692138
differential_evolution step 175: f(x)= 44.98816352692138
differential_evolution step 176: f(x)= 44.98816352692138
differential_evolution step 177: f(x)= 44.98816352692138
differential_evolution step 178: f(x)= 44.98816352692138
differential_evolution step 179: f(x)= 44.98816352692138
differential_evolution step 180: f(x)= 44.98816352692138
differential_evolution step 181: f(x)= 44.98816352692138
differential_evolution step 182: f(x)= 44.98816352692138
differential_evolution step 183: f(x)= 44.98816352692138
differential_evolution step 184: f(x)= 44.98816352692138
differential_evolution step 185: f(x)= 44.98816352692138
differential_evolution step 186: f(x)= 44.98816352692138
differential_evolution step 187: f(x)= 44.98816352692138
differential_evolution step 188: f(x)= 44.98816352692138
differential_evolution step 189: f(x)= 9.623452120739058
differential_evolution step 190: f(x)= 9.623452120739058
differential_evolution step 191: f(x)= 9.623452120739058
differential_evolution step 192: f(x)= 9.623452120739058
differential_evolution step 193: f(x)= 9.623452120739058
differential_evolution step 194: f(x)= 9.623452120739058
differential_evolution step 195: f(x)= 9.623452120739058
differential_evolution step 196: f(x)= 9.623452120739058
differential_evolution step 197: f(x)= 9.623452120739058
differential_evolution step 198: f(x)= 9.623452120739058
differential_evolution step 199: f(x)= 9.623452120739058
differential_evolution step 200: f(x)= 9.623452120739058
Cluster 4 DE best chi^2: 9.623 with params {'x_src': np.float64(280.5764948202965), 'y_src': np.float64(260.48581123315176), 'z_s': np.float64(2.6788430414095084)}
--- Running DE for Cluster 5 ---
[DE] Process Pool with 16 procs (init=latinhypercube, popsize=50)
differential_evolution step 1: f(x)= 4242.640687119286
differential_evolution step 2: f(x)= 2663.0326508521325
differential_evolution step 3: f(x)= 2663.0326508521325
differential_evolution step 4: f(x)= 2663.0326508521325
differential_evolution step 5: f(x)= 2663.0326508521325
differential_evolution step 6: f(x)= 2663.0326508521325
differential_evolution step 7: f(x)= 2046.3641781893066
differential_evolution step 8: f(x)= 2046.3641781893066
differential_evolution step 9: f(x)= 2046.3641781893066
differential_evolution step 10: f(x)= 2046.3641781893066
differential_evolution step 11: f(x)= 2046.3641781893066
differential_evolution step 12: f(x)= 1531.831587671221
differential_evolution step 13: f(x)= 1531.831587671221
differential_evolution step 14: f(x)= 1531.831587671221
differential_evolution step 15: f(x)= 1531.831587671221
differential_evolution step 16: f(x)= 1531.831587671221
differential_evolution step 17: f(x)= 1531.831587671221
differential_evolution step 18: f(x)= 1531.831587671221
differential_evolution step 19: f(x)= 1531.831587671221
differential_evolution step 20: f(x)= 542.3993771832517
differential_evolution step 21: f(x)= 542.3993771832517
differential_evolution step 22: f(x)= 542.3993771832517
differential_evolution step 23: f(x)= 542.3993771832517
differential_evolution step 24: f(x)= 542.3993771832517
differential_evolution step 25: f(x)= 542.3993771832517
differential_evolution step 26: f(x)= 542.3993771832517
differential_evolution step 27: f(x)= 542.3993771832517
differential_evolution step 28: f(x)= 542.3993771832517
differential_evolution step 29: f(x)= 542.3993771832517
differential_evolution step 30: f(x)= 542.3993771832517
differential_evolution step 31: f(x)= 404.7166227415652
differential_evolution step 32: f(x)= 404.7166227415652
differential_evolution step 33: f(x)= 404.7166227415652
differential_evolution step 34: f(x)= 404.7166227415652
differential_evolution step 35: f(x)= 404.7166227415652
differential_evolution step 36: f(x)= 404.7166227415652
differential_evolution step 37: f(x)= 404.7166227415652
differential_evolution step 38: f(x)= 315.4642377236834
differential_evolution step 39: f(x)= 239.03254651390262
differential_evolution step 40: f(x)= 239.03254651390262
differential_evolution step 41: f(x)= 239.03254651390262
differential_evolution step 42: f(x)= 239.03254651390262
differential_evolution step 43: f(x)= 239.03254651390262
differential_evolution step 44: f(x)= 239.03254651390262
differential_evolution step 45: f(x)= 239.03254651390262
differential_evolution step 46: f(x)= 239.03254651390262
differential_evolution step 47: f(x)= 239.03254651390262
differential_evolution step 48: f(x)= 202.02654771275465
differential_evolution step 49: f(x)= 202.02654771275465
differential_evolution step 50: f(x)= 202.02654771275465
differential_evolution step 51: f(x)= 202.02654771275465
differential_evolution step 52: f(x)= 181.53707838484289
differential_evolution step 53: f(x)= 167.53146182326307
differential_evolution step 54: f(x)= 167.53146182326307
differential_evolution step 55: f(x)= 167.53146182326307
differential_evolution step 56: f(x)= 114.23113113321487
differential_evolution step 57: f(x)= 114.23113113321487
differential_evolution step 58: f(x)= 114.23113113321487
differential_evolution step 59: f(x)= 114.23113113321487
differential_evolution step 60: f(x)= 114.23113113321487
differential_evolution step 61: f(x)= 114.23113113321487
differential_evolution step 62: f(x)= 114.23113113321487
differential_evolution step 63: f(x)= 114.23113113321487
differential_evolution step 64: f(x)= 114.23113113321487
differential_evolution step 65: f(x)= 114.23113113321487
differential_evolution step 66: f(x)= 114.23113113321487
differential_evolution step 67: f(x)= 114.23113113321487
differential_evolution step 68: f(x)= 114.23113113321487
differential_evolution step 69: f(x)= 114.23113113321487
differential_evolution step 70: f(x)= 111.24820486269068
differential_evolution step 71: f(x)= 111.24820486269068
differential_evolution step 72: f(x)= 111.24820486269068
differential_evolution step 73: f(x)= 111.24820486269068
differential_evolution step 74: f(x)= 111.24820486269068
differential_evolution step 75: f(x)= 111.24820486269068
differential_evolution step 76: f(x)= 110.32927560208353
differential_evolution step 77: f(x)= 110.32927560208353
differential_evolution step 78: f(x)= 110.32927560208353
differential_evolution step 79: f(x)= 110.32927560208353
differential_evolution step 80: f(x)= 110.32927560208353
differential_evolution step 81: f(x)= 110.32927560208353
differential_evolution step 82: f(x)= 105.88430529342823
differential_evolution step 83: f(x)= 105.88430529342823
differential_evolution step 84: f(x)= 105.88430529342823
differential_evolution step 85: f(x)= 105.88430529342823
differential_evolution step 86: f(x)= 105.88430529342823
differential_evolution step 87: f(x)= 105.88430529342823
differential_evolution step 88: f(x)= 105.88430529342823
differential_evolution step 89: f(x)= 105.88430529342823
differential_evolution step 90: f(x)= 105.88430529342823
differential_evolution step 91: f(x)= 105.88430529342823
differential_evolution step 92: f(x)= 105.88430529342823
differential_evolution step 93: f(x)= 105.88430529342823
differential_evolution step 94: f(x)= 105.88430529342823
differential_evolution step 95: f(x)= 105.88430529342823
differential_evolution step 96: f(x)= 105.88430529342823
differential_evolution step 97: f(x)= 105.88430529342823
differential_evolution step 98: f(x)= 105.88430529342823
differential_evolution step 99: f(x)= 105.88430529342823
differential_evolution step 100: f(x)= 105.88430529342823
differential_evolution step 101: f(x)= 105.88430529342823
differential_evolution step 102: f(x)= 105.88430529342823
differential_evolution step 103: f(x)= 105.88430529342823
differential_evolution step 104: f(x)= 105.88430529342823
differential_evolution step 105: f(x)= 105.88430529342823
differential_evolution step 106: f(x)= 105.88430529342823
differential_evolution step 107: f(x)= 105.88430529342823
differential_evolution step 108: f(x)= 104.98606898649903
differential_evolution step 109: f(x)= 104.98606898649903
differential_evolution step 110: f(x)= 104.98606898649903
differential_evolution step 111: f(x)= 104.98606898649903
differential_evolution step 112: f(x)= 104.98606898649903
differential_evolution step 113: f(x)= 104.98606898649903
differential_evolution step 114: f(x)= 104.98606898649903
differential_evolution step 115: f(x)= 104.98606898649903
differential_evolution step 116: f(x)= 104.98606898649903
differential_evolution step 117: f(x)= 104.03472238638864
differential_evolution step 118: f(x)= 104.03472238638864
differential_evolution step 119: f(x)= 104.03472238638864
differential_evolution step 120: f(x)= 104.03472238638864
differential_evolution step 121: f(x)= 104.03472238638864
differential_evolution step 122: f(x)= 104.03472238638864
differential_evolution step 123: f(x)= 104.03472238638864
differential_evolution step 124: f(x)= 104.03472238638864
differential_evolution step 125: f(x)= 104.03472238638864
differential_evolution step 126: f(x)= 103.83289877386703
differential_evolution step 127: f(x)= 103.83289877386703
differential_evolution step 128: f(x)= 103.83289877386703
differential_evolution step 129: f(x)= 103.7860811574929
differential_evolution step 130: f(x)= 103.7860811574929
differential_evolution step 131: f(x)= 103.71746855521671
differential_evolution step 132: f(x)= 103.71746855521671
differential_evolution step 133: f(x)= 103.71746855521671
differential_evolution step 134: f(x)= 103.71746855521671
differential_evolution step 135: f(x)= 103.71746855521671
differential_evolution step 136: f(x)= 103.71746855521671
differential_evolution step 137: f(x)= 103.71746855521671
differential_evolution step 138: f(x)= 103.66287010095421
differential_evolution step 139: f(x)= 103.66287010095421
differential_evolution step 140: f(x)= 103.66287010095421
differential_evolution step 141: f(x)= 103.66287010095421
differential_evolution step 142: f(x)= 103.66287010095421
differential_evolution step 143: f(x)= 103.66287010095421
differential_evolution step 144: f(x)= 103.66287010095421
differential_evolution step 145: f(x)= 103.66287010095421
differential_evolution step 146: f(x)= 103.66287010095421
differential_evolution step 147: f(x)= 103.66287010095421
differential_evolution step 148: f(x)= 103.66287010095421
differential_evolution step 149: f(x)= 103.66287010095421
differential_evolution step 150: f(x)= 103.66287010095421
differential_evolution step 151: f(x)= 103.66287010095421
differential_evolution step 152: f(x)= 103.61852247573448
differential_evolution step 153: f(x)= 103.61852247573448
differential_evolution step 154: f(x)= 103.61852247573448
differential_evolution step 155: f(x)= 103.59140726863676
differential_evolution step 156: f(x)= 103.59140726863676
differential_evolution step 157: f(x)= 103.59140726863676
differential_evolution step 158: f(x)= 103.59140726863676
differential_evolution step 159: f(x)= 103.59140726863676
differential_evolution step 160: f(x)= 103.59140726863676
differential_evolution step 161: f(x)= 103.59140726863676
differential_evolution step 162: f(x)= 103.59140726863676
differential_evolution step 163: f(x)= 103.59140726863676
differential_evolution step 164: f(x)= 103.59140726863676
differential_evolution step 165: f(x)= 103.59140726863676
differential_evolution step 166: f(x)= 103.59140726863676
differential_evolution step 167: f(x)= 103.59140726863676
differential_evolution step 168: f(x)= 103.59140726863676
differential_evolution step 169: f(x)= 103.59140726863676
differential_evolution step 170: f(x)= 103.59140726863676
differential_evolution step 171: f(x)= 103.59140726863676
differential_evolution step 172: f(x)= 103.59140726863676
differential_evolution step 173: f(x)= 103.59140726863676
differential_evolution step 174: f(x)= 103.59140726863676
differential_evolution step 175: f(x)= 103.59140726863676
differential_evolution step 176: f(x)= 103.59140726863676
differential_evolution step 177: f(x)= 103.59140726863676
differential_evolution step 178: f(x)= 103.59140726863676
differential_evolution step 179: f(x)= 103.59140726863676
differential_evolution step 180: f(x)= 103.56827305313219
differential_evolution step 181: f(x)= 103.56827305313219
differential_evolution step 182: f(x)= 103.56827305313219
differential_evolution step 183: f(x)= 103.56827305313219
differential_evolution step 184: f(x)= 103.56827305313219
differential_evolution step 185: f(x)= 103.56827305313219
differential_evolution step 186: f(x)= 103.56827305313219
differential_evolution step 187: f(x)= 103.56827305313219
differential_evolution step 188: f(x)= 103.56827305313219
differential_evolution step 189: f(x)= 103.56827305313219
differential_evolution step 190: f(x)= 103.56827305313219
differential_evolution step 191: f(x)= 103.56827305313219
differential_evolution step 192: f(x)= 103.56816869328262
differential_evolution step 193: f(x)= 103.56816869328262
differential_evolution step 194: f(x)= 103.56816869328262
differential_evolution step 195: f(x)= 103.56816869328262
differential_evolution step 196: f(x)= 103.56816869328262
differential_evolution step 197: f(x)= 103.56816869328262
differential_evolution step 198: f(x)= 103.56816869328262
differential_evolution step 199: f(x)= 103.56816869328262
differential_evolution step 200: f(x)= 103.56816869328262
Cluster 5 DE best chi^2: 103.568 with params {'x_src': np.float64(148.5226068221911), 'y_src': np.float64(145.8788864114712), 'z_s': np.float64(2.382997319512263)}

--- DE Optimization Summary ---
Best fit found for Cluster 4 with chi^2 = 9.623
Best-fit parameters: {'x_src': np.float64(280.5764948202965), 'y_src': np.float64(260.48581123315176), 'z_s': np.float64(2.6788430414095084)}

--- Running MCMC for Cluster 4 (chi_sq=9.623) ---
[MCMC] Process Pool with 16 procs
  0%|          | 0/20000 [00:00<?, ?it/s]  1%|         | 259/20000 [01:40<2:07:22,  2.58it/s]  2%|         | 310/20000 [02:00<2:07:02,  2.58it/s]  3%|         | 516/20000 [03:20<2:06:16,  2.57it/s]  3%|         | 568/20000 [03:40<2:05:56,  2.57it/s]  4%|         | 773/20000 [05:00<2:04:40,  2.57it/s]  4%|         | 823/20000 [05:20<2:04:21,  2.57it/s]  5%|         | 1026/20000 [06:40<2:03:59,  2.55it/s]  5%|         | 1073/20000 [07:00<2:03:40,  2.55it/s]  6%|         | 1279/20000 [08:21<2:02:49,  2.54it/s]  7%|         | 1326/20000 [08:40<2:02:31,  2.54it/s]  8%|         | 1534/20000 [10:01<2:01:07,  2.54it/s]  8%|         | 1580/20000 [10:20<2:00:49,  2.54it/s]  9%|         | 1785/20000 [11:41<1:59:58,  2.53it/s]  9%|         | 1831/20000 [12:00<1:59:40,  2.53it/s] 10%|         | 2039/20000 [13:21<1:58:14,  2.53it/s] 10%|         | 2085/20000 [13:40<1:57:55,  2.53it/s] 11%|        | 2292/20000 [15:01<1:56:37,  2.53it/s] 12%|        | 2337/20000 [15:20<1:56:19,  2.53it/s] 13%|        | 2547/20000 [16:42<1:54:46,  2.53it/s] 13%|        | 2593/20000 [17:00<1:54:28,  2.53it/s] 14%|        | 2801/20000 [18:22<1:53:04,  2.54it/s] 14%|        | 2846/20000 [18:40<1:52:46,  2.54it/s] 15%|        | 3055/20000 [20:02<1:51:22,  2.54it/s] 16%|        | 3100/20000 [20:20<1:51:04,  2.54it/s] 17%|        | 3310/20000 [21:42<1:49:32,  2.54it/s] 17%|        | 3353/20000 [22:00<1:49:15,  2.54it/s] 18%|        | 3568/20000 [23:22<1:47:20,  2.55it/s] 18%|        | 3612/20000 [23:40<1:47:03,  2.55it/s] 19%|        | 3820/20000 [25:02<1:46:07,  2.54it/s] 19%|        | 3863/20000 [25:20<1:45:50,  2.54it/s] 20%|        | 4075/20000 [26:42<1:44:25,  2.54it/s] 21%|        | 4117/20000 [27:00<1:44:08,  2.54it/s] 22%|       | 4330/20000 [28:23<1:42:45,  2.54it/s] 22%|       | 4371/20000 [28:40<1:42:29,  2.54it/s] 23%|       | 4581/20000 [30:03<1:41:34,  2.53it/s] 23%|       | 4624/20000 [30:20<1:41:17,  2.53it/s] 24%|       | 4839/20000 [31:43<1:39:20,  2.54it/s] 24%|       | 4879/20000 [32:00<1:39:04,  2.54it/s] 25%|       | 5093/20000 [33:23<1:37:43,  2.54it/s] 26%|       | 5135/20000 [33:40<1:37:26,  2.54it/s] 27%|       | 5354/20000 [35:04<1:35:21,  2.56it/s] 27%|       | 5393/20000 [35:20<1:35:06,  2.56it/s] 28%|       | 5610/20000 [36:44<1:33:46,  2.56it/s] 28%|       | 5649/20000 [37:00<1:33:31,  2.56it/s] 29%|       | 5866/20000 [38:24<1:32:05,  2.56it/s] 30%|       | 5905/20000 [38:40<1:31:50,  2.56it/s] 31%|       | 6122/20000 [40:04<1:30:26,  2.56it/s] 31%|       | 6160/20000 [40:20<1:30:11,  2.56it/s] 32%|      | 6376/20000 [41:44<1:29:00,  2.55it/s] 32%|      | 6414/20000 [42:00<1:28:45,  2.55it/s] 33%|      | 6627/20000 [43:24<1:27:48,  2.54it/s] 33%|      | 6664/20000 [43:40<1:27:34,  2.54it/s] 34%|      | 6883/20000 [45:05<1:25:59,  2.54it/s] 35%|      | 6920/20000 [45:20<1:25:44,  2.54it/s] 36%|      | 7132/20000 [46:45<1:24:53,  2.53it/s] 36%|      | 7169/20000 [47:00<1:24:38,  2.53it/s] 37%|      | 7393/20000 [48:25<1:22:22,  2.55it/s] 37%|      | 7431/20000 [48:40<1:22:07,  2.55it/s] 38%|      | 7654/20000 [50:05<1:20:10,  2.57it/s] 38%|      | 7691/20000 [50:20<1:19:55,  2.57it/s] 40%|      | 7913/20000 [51:45<1:18:21,  2.57it/s] 40%|      | 7949/20000 [52:00<1:18:07,  2.57it/s] 41%|      | 8171/20000 [53:26<1:16:38,  2.57it/s] 41%|      | 8205/20000 [53:40<1:16:25,  2.57it/s] 42%|     | 8428/20000 [55:06<1:15:00,  2.57it/s] 42%|     | 8465/20000 [55:20<1:14:46,  2.57it/s] 43%|     | 8688/20000 [56:46<1:13:08,  2.58it/s] 44%|     | 8726/20000 [57:00<1:12:53,  2.58it/s] 45%|     | 8949/20000 [58:26<1:11:12,  2.59it/s] 45%|     | 8983/20000 [58:40<1:10:59,  2.59it/s] 46%|     | 9201/20000 [1:00:06<1:10:10,  2.56it/s] 46%|     | 9236/20000 [1:00:20<1:09:57,  2.56it/s] 47%|     | 9463/20000 [1:01:47<1:08:06,  2.58it/s] 47%|     | 9495/20000 [1:02:00<1:07:54,  2.58it/s] 49%|     | 9714/20000 [1:03:27<1:07:01,  2.56it/s] 49%|     | 9746/20000 [1:03:40<1:06:49,  2.56it/s] 50%|     | 9972/20000 [1:05:07<1:05:12,  2.56it/s] 50%|     | 10005/20000 [1:05:20<1:04:59,  2.56it/s] 51%|     | 10234/20000 [1:06:47<1:03:07,  2.58it/s] 51%|    | 10266/20000 [1:07:00<1:02:55,  2.58it/s] 52%|    | 10491/20000 [1:08:27<1:01:31,  2.58it/s] 53%|    | 10523/20000 [1:08:40<1:01:19,  2.58it/s] 54%|    | 10746/20000 [1:10:07<1:00:04,  2.57it/s] 54%|    | 10780/20000 [1:10:20<59:50,  2.57it/s]   55%|    | 11005/20000 [1:11:47<58:14,  2.57it/s] 55%|    | 11035/20000 [1:12:00<58:02,  2.57it/s] 56%|    | 11262/20000 [1:13:28<56:39,  2.57it/s] 56%|    | 11292/20000 [1:13:40<56:28,  2.57it/s] 58%|    | 11520/20000 [1:15:08<54:58,  2.57it/s] 58%|    | 11550/20000 [1:15:20<54:47,  2.57it/s] 59%|    | 11777/20000 [1:16:48<53:21,  2.57it/s] 59%|    | 11807/20000 [1:17:00<53:09,  2.57it/s] 60%|    | 12043/20000 [1:18:28<51:07,  2.59it/s] 60%|    | 12073/20000 [1:18:40<50:55,  2.59it/s] 62%|   | 12306/20000 [1:20:09<49:15,  2.60it/s] 62%|   | 12333/20000 [1:20:20<49:05,  2.60it/s] 63%|   | 12565/20000 [1:21:49<47:43,  2.60it/s] 63%|   | 12591/20000 [1:22:00<47:33,  2.60it/s] 64%|   | 12816/20000 [1:23:29<46:37,  2.57it/s] 64%|   | 12841/20000 [1:23:40<46:27,  2.57it/s] 65%|   | 13073/20000 [1:25:10<44:59,  2.57it/s] 65%|   | 13098/20000 [1:25:20<44:49,  2.57it/s] 67%|   | 13329/20000 [1:26:50<43:24,  2.56it/s] 67%|   | 13377/20000 [1:27:10<43:05,  2.56it/s] 68%|   | 13587/20000 [1:28:30<41:40,  2.56it/s] 68%|   | 13636/20000 [1:28:50<41:21,  2.56it/s] 69%|   | 13840/20000 [1:30:11<40:14,  2.55it/s] 69%|   | 13888/20000 [1:30:30<39:55,  2.55it/s] 70%|   | 14092/20000 [1:31:51<38:44,  2.54it/s] 71%|   | 14140/20000 [1:32:10<38:25,  2.54it/s] 72%|  | 14343/20000 [1:33:31<37:14,  2.53it/s] 72%|  | 14390/20000 [1:33:50<36:55,  2.53it/s] 73%|  | 14594/20000 [1:35:11<35:41,  2.52it/s] 73%|  | 14640/20000 [1:35:30<35:23,  2.52it/s] 74%|  | 14845/20000 [1:36:51<34:05,  2.52it/s] 74%|  | 14892/20000 [1:37:10<33:47,  2.52it/s] 75%|  | 15098/20000 [1:38:31<32:23,  2.52it/s] 76%|  | 15145/20000 [1:38:50<32:04,  2.52it/s] 77%|  | 15351/20000 [1:40:11<30:42,  2.52it/s] 77%|  | 15397/20000 [1:40:30<30:24,  2.52it/s] 78%|  | 15606/20000 [1:41:51<28:57,  2.53it/s] 78%|  | 15652/20000 [1:42:10<28:39,  2.53it/s] 79%|  | 15866/20000 [1:43:31<27:00,  2.55it/s] 80%|  | 15911/20000 [1:43:50<26:43,  2.55it/s] 81%|  | 16125/20000 [1:45:11<25:12,  2.56it/s] 81%|  | 16171/20000 [1:45:30<24:54,  2.56it/s] 82%| | 16381/20000 [1:46:52<23:34,  2.56it/s] 82%| | 16425/20000 [1:47:10<23:16,  2.56it/s] 83%| | 16636/20000 [1:48:32<21:56,  2.55it/s] 83%| | 16680/20000 [1:48:50<21:39,  2.55it/s] 84%| | 16888/20000 [1:50:12<20:23,  2.54it/s] 85%| | 16932/20000 [1:50:30<20:05,  2.54it/s] 86%| | 17142/20000 [1:51:52<18:44,  2.54it/s] 86%| | 17186/20000 [1:52:10<18:27,  2.54it/s] 87%| | 17396/20000 [1:53:32<17:05,  2.54it/s] 87%| | 17439/20000 [1:53:50<16:48,  2.54it/s] 88%| | 17651/20000 [1:55:13<15:24,  2.54it/s] 88%| | 17695/20000 [1:55:30<15:07,  2.54it/s] 90%| | 17905/20000 [1:56:53<13:44,  2.54it/s] 90%| | 17948/20000 [1:57:10<13:27,  2.54it/s] 91%| | 18160/20000 [1:58:33<12:04,  2.54it/s] 91%| | 18203/20000 [1:58:50<11:47,  2.54it/s] 92%|| 18416/20000 [2:00:13<10:22,  2.55it/s] 92%|| 18459/20000 [2:00:30<10:05,  2.55it/s] 93%|| 18671/20000 [2:01:53<08:41,  2.55it/s] 94%|| 18712/20000 [2:02:10<08:25,  2.55it/s] 95%|| 18923/20000 [2:03:33<07:04,  2.54it/s] 95%|| 18964/20000 [2:03:50<06:48,  2.54it/s] 96%|| 19182/20000 [2:05:13<05:20,  2.55it/s] 96%|| 19223/20000 [2:05:30<05:04,  2.55it/s] 97%|| 19438/20000 [2:06:53<03:40,  2.55it/s] 97%|| 19478/20000 [2:07:10<03:24,  2.55it/s] 98%|| 19692/20000 [2:08:34<02:00,  2.55it/s] 99%|| 19733/20000 [2:08:50<01:44,  2.55it/s]100%|| 19953/20000 [2:10:14<00:18,  2.57it/s]100%|| 19998/20000 [2:10:30<00:00,  2.57it/s]100%|| 20000/20000 [2:10:30<00:00,  2.55it/s]

Analysis complete. Found 1 cluster(s) meeting the MCMC criterion.
Accepted cluster indices: [4]

--- Processing Final Results for Cluster 4 ---
--- MCMC Parameter Constraints for Cluster 4 ---
  x_src = 281.015 +0.271 / -0.203
  y_src = 260.748 +0.186 / -0.141
    z_s = 2.608 +0.071 / -0.058
Saving localization results for Cluster 4...
Processing results for Cluster 4...
-> Saved 340000 samples to /users/hiu-yeung.cheng/clusterlensing/out/row40/test_tidy_row40/cluster_4_posterior.npz
Updated CSV row 40 with result for cluster 4.
Loading data from /users/hiu-yeung.cheng/clusterlensing/out/row40/test_tidy_row40/cluster_4_posterior.npz...

Generating corner plot...
-> Corner plot saved to /users/hiu-yeung.cheng/clusterlensing/out/row40/test_tidy_row40/cluster_4_corner_from_saved.png

Generating trace plot...
-> Trace plot saved to /users/hiu-yeung.cheng/clusterlensing/out/row40/test_tidy_row40/cluster_4_trace.png
