Row=47 OUT_DIR=/users/hiu-yeung.cheng/clusterlensing/out/row47 DE_PROCS=16 MCMC_PROCS=16
Setup complete. Lensing system initialized.
True time delays: [    0.         14750.46351637 26037.61763052 26071.33632339
 26120.04292   ]
True luminosity distances: 31617.190499667715
Lensed luminosity distances: [ 10108.45177708  10167.45210421  41521.40434993  35753.06442596
 101387.15001259]

Running the full analysis pipeline...
--- Running DE for Cluster 0 ---
[DE] Process Pool with 16 procs (init=latinhypercube, popsize=50)
differential_evolution step 1: f(x)= 3000.0
differential_evolution step 2: f(x)= 3000.0
differential_evolution step 3: f(x)= 3000.0
differential_evolution step 4: f(x)= 3000.0
differential_evolution step 5: f(x)= 2373.746353244863
differential_evolution step 6: f(x)= 2009.5434813302516
differential_evolution step 7: f(x)= 2009.5434813302516
differential_evolution step 8: f(x)= 2009.5434813302516
differential_evolution step 9: f(x)= 2009.5434813302516
differential_evolution step 10: f(x)= 2009.5434813302516
differential_evolution step 11: f(x)= 2009.5434813302516
differential_evolution step 12: f(x)= 2009.5434813302516
differential_evolution step 13: f(x)= 2009.5434813302516
differential_evolution step 14: f(x)= 2009.5434813302516
differential_evolution step 15: f(x)= 2009.5434813302516
differential_evolution step 16: f(x)= 1812.942952021607
differential_evolution step 17: f(x)= 1812.942952021607
differential_evolution step 18: f(x)= 1812.942952021607
differential_evolution step 19: f(x)= 1284.1067796800667
differential_evolution step 20: f(x)= 1284.1067796800667
differential_evolution step 21: f(x)= 1284.1067796800667
differential_evolution step 22: f(x)= 1284.1067796800667
differential_evolution step 23: f(x)= 1284.1067796800667
differential_evolution step 24: f(x)= 1284.1067796800667
differential_evolution step 25: f(x)= 1284.1067796800667
differential_evolution step 26: f(x)= 1284.1067796800667
differential_evolution step 27: f(x)= 1284.1067796800667
differential_evolution step 28: f(x)= 1284.1067796800667
differential_evolution step 29: f(x)= 1284.1067796800667
differential_evolution step 30: f(x)= 1284.1067796800667
differential_evolution step 31: f(x)= 1284.1067796800667
differential_evolution step 32: f(x)= 1284.1067796800667
differential_evolution step 33: f(x)= 1284.1067796800667
differential_evolution step 34: f(x)= 1284.1067796800667
differential_evolution step 35: f(x)= 1284.1067796800667
differential_evolution step 36: f(x)= 1284.1067796800667
differential_evolution step 37: f(x)= 1284.1067796800667
differential_evolution step 38: f(x)= 1284.1067796800667
differential_evolution step 39: f(x)= 1284.1067796800667
differential_evolution step 40: f(x)= 1284.1067796800667
differential_evolution step 41: f(x)= 1284.1067796800667
differential_evolution step 42: f(x)= 1284.1067796800667
differential_evolution step 43: f(x)= 1284.1067796800667
differential_evolution step 44: f(x)= 1284.1067796800667
differential_evolution step 45: f(x)= 1284.1067796800667
differential_evolution step 46: f(x)= 1284.1067796800667
differential_evolution step 47: f(x)= 1284.1067796800667
differential_evolution step 48: f(x)= 1284.1067796800667
differential_evolution step 49: f(x)= 1284.1067796800667
differential_evolution step 50: f(x)= 1284.1067796800667
differential_evolution step 51: f(x)= 1284.1067796800667
differential_evolution step 52: f(x)= 1284.1067796800667
differential_evolution step 53: f(x)= 1284.1067796800667
differential_evolution step 54: f(x)= 1284.1067796800667
differential_evolution step 55: f(x)= 1284.1067796800667
differential_evolution step 56: f(x)= 1284.1067796800667
differential_evolution step 57: f(x)= 1284.1067796800667
differential_evolution step 58: f(x)= 1284.1067796800667
differential_evolution step 59: f(x)= 1284.1067796800667
differential_evolution step 60: f(x)= 1279.9430399730477
differential_evolution step 61: f(x)= 1279.9430399730477
differential_evolution step 62: f(x)= 1189.234787731274
differential_evolution step 63: f(x)= 1189.234787731274
differential_evolution step 64: f(x)= 1189.234787731274
differential_evolution step 65: f(x)= 1189.234787731274
differential_evolution step 66: f(x)= 1189.234787731274
differential_evolution step 67: f(x)= 1189.234787731274
differential_evolution step 68: f(x)= 1189.234787731274
differential_evolution step 69: f(x)= 1189.234787731274
differential_evolution step 70: f(x)= 1189.234787731274
differential_evolution step 71: f(x)= 1189.234787731274
differential_evolution step 72: f(x)= 1189.234787731274
differential_evolution step 73: f(x)= 1189.234787731274
differential_evolution step 74: f(x)= 1189.234787731274
differential_evolution step 75: f(x)= 1189.234787731274
differential_evolution step 76: f(x)= 1189.234787731274
differential_evolution step 77: f(x)= 1189.234787731274
differential_evolution step 78: f(x)= 1189.234787731274
differential_evolution step 79: f(x)= 1189.234787731274
differential_evolution step 80: f(x)= 1189.234787731274
differential_evolution step 81: f(x)= 1189.234787731274
differential_evolution step 82: f(x)= 1189.234787731274
differential_evolution step 83: f(x)= 1189.234787731274
differential_evolution step 84: f(x)= 1189.234787731274
differential_evolution step 85: f(x)= 1189.234787731274
differential_evolution step 86: f(x)= 1189.234787731274
differential_evolution step 87: f(x)= 1189.234787731274
differential_evolution step 88: f(x)= 1189.234787731274
differential_evolution step 89: f(x)= 1113.0647704941107
differential_evolution step 90: f(x)= 1113.0647704941107
differential_evolution step 91: f(x)= 1113.0647704941107
differential_evolution step 92: f(x)= 1113.0647704941107
differential_evolution step 93: f(x)= 1113.0647704941107
differential_evolution step 94: f(x)= 1113.0647704941107
differential_evolution step 95: f(x)= 1113.0647704941107
differential_evolution step 96: f(x)= 1113.0647704941107
differential_evolution step 97: f(x)= 1016.3218570266615
differential_evolution step 98: f(x)= 1016.3218570266615
differential_evolution step 99: f(x)= 1016.3218570266615
differential_evolution step 100: f(x)= 1016.3218570266615
differential_evolution step 101: f(x)= 1016.3218570266615
differential_evolution step 102: f(x)= 1016.3218570266615
differential_evolution step 103: f(x)= 1016.3218570266615
differential_evolution step 104: f(x)= 1016.3218570266615
differential_evolution step 105: f(x)= 1016.3218570266615
differential_evolution step 106: f(x)= 1016.3218570266615
differential_evolution step 107: f(x)= 1016.3218570266615
differential_evolution step 108: f(x)= 1016.3218570266615
differential_evolution step 109: f(x)= 1016.3218570266615
differential_evolution step 110: f(x)= 1016.3218570266615
differential_evolution step 111: f(x)= 1016.3218570266615
differential_evolution step 112: f(x)= 1016.3218570266615
differential_evolution step 113: f(x)= 1016.3218570266615
differential_evolution step 114: f(x)= 1016.3218570266615
differential_evolution step 115: f(x)= 1016.3218570266615
differential_evolution step 116: f(x)= 1016.3218570266615
differential_evolution step 117: f(x)= 1016.3218570266615
differential_evolution step 118: f(x)= 1016.3218570266615
differential_evolution step 119: f(x)= 1016.3218570266615
differential_evolution step 120: f(x)= 1016.3218570266615
differential_evolution step 121: f(x)= 1016.3218570266615
differential_evolution step 122: f(x)= 1016.3218570266615
differential_evolution step 123: f(x)= 1016.3218570266615
differential_evolution step 124: f(x)= 1008.9894745109793
differential_evolution step 125: f(x)= 1008.9894745109793
differential_evolution step 126: f(x)= 1008.9894745109793
differential_evolution step 127: f(x)= 1006.5178418518384
differential_evolution step 128: f(x)= 1006.5178418518384
differential_evolution step 129: f(x)= 1006.5178418518384
differential_evolution step 130: f(x)= 991.0146105473159
differential_evolution step 131: f(x)= 991.0146105473159
differential_evolution step 132: f(x)= 991.0146105473159
differential_evolution step 133: f(x)= 991.0146105473159
differential_evolution step 134: f(x)= 991.0146105473159
differential_evolution step 135: f(x)= 991.0146105473159
differential_evolution step 136: f(x)= 991.0146105473159
differential_evolution step 137: f(x)= 991.0146105473159
differential_evolution step 138: f(x)= 991.0146105473159
differential_evolution step 139: f(x)= 991.0146105473159
differential_evolution step 140: f(x)= 991.0146105473159
differential_evolution step 141: f(x)= 991.0146105473159
differential_evolution step 142: f(x)= 991.0146105473159
differential_evolution step 143: f(x)= 991.0146105473159
differential_evolution step 144: f(x)= 991.0146105473159
differential_evolution step 145: f(x)= 991.0146105473159
differential_evolution step 146: f(x)= 991.0146105473159
differential_evolution step 147: f(x)= 991.0146105473159
differential_evolution step 148: f(x)= 991.0146105473159
differential_evolution step 149: f(x)= 991.0146105473159
differential_evolution step 150: f(x)= 991.0146105473159
differential_evolution step 151: f(x)= 991.0146105473159
differential_evolution step 152: f(x)= 983.5989120870317
differential_evolution step 153: f(x)= 983.5989120870317
differential_evolution step 154: f(x)= 983.5989120870317
differential_evolution step 155: f(x)= 983.5989120870317
differential_evolution step 156: f(x)= 983.5989120870317
differential_evolution step 157: f(x)= 983.5989120870317
differential_evolution step 158: f(x)= 983.5989120870317
differential_evolution step 159: f(x)= 983.5989120870317
differential_evolution step 160: f(x)= 983.5989120870317
differential_evolution step 161: f(x)= 983.5989120870317
differential_evolution step 162: f(x)= 983.5989120870317
differential_evolution step 163: f(x)= 983.5989120870317
differential_evolution step 164: f(x)= 976.2578248181007
differential_evolution step 165: f(x)= 976.2578248181007
differential_evolution step 166: f(x)= 956.4583731815725
differential_evolution step 167: f(x)= 956.4583731815725
differential_evolution step 168: f(x)= 956.4583731815725
differential_evolution step 169: f(x)= 956.4583731815725
differential_evolution step 170: f(x)= 956.4583731815725
differential_evolution step 171: f(x)= 956.4583731815725
differential_evolution step 172: f(x)= 950.5537377304199
differential_evolution step 173: f(x)= 872.3510650266144
differential_evolution step 174: f(x)= 872.3510650266144
differential_evolution step 175: f(x)= 872.3510650266144
differential_evolution step 176: f(x)= 872.3510650266144
differential_evolution step 177: f(x)= 872.3510650266144
differential_evolution step 178: f(x)= 872.3510650266144
differential_evolution step 179: f(x)= 872.3510650266144
differential_evolution step 180: f(x)= 872.3510650266144
differential_evolution step 181: f(x)= 872.3510650266144
differential_evolution step 182: f(x)= 872.3510650266144
differential_evolution step 183: f(x)= 872.3510650266144
differential_evolution step 184: f(x)= 872.3510650266144
differential_evolution step 185: f(x)= 872.3510650266144
differential_evolution step 186: f(x)= 872.3510650266144
differential_evolution step 187: f(x)= 872.3510650266144
differential_evolution step 188: f(x)= 872.3510650266144
differential_evolution step 189: f(x)= 872.3510650266144
differential_evolution step 190: f(x)= 872.3510650266144
differential_evolution step 191: f(x)= 872.3510650266144
differential_evolution step 192: f(x)= 872.3510650266144
differential_evolution step 193: f(x)= 872.3510650266144
differential_evolution step 194: f(x)= 872.3510650266144
differential_evolution step 195: f(x)= 872.3510650266144
differential_evolution step 196: f(x)= 872.3510650266144
differential_evolution step 197: f(x)= 872.3510650266144
differential_evolution step 198: f(x)= 872.3510650266144
differential_evolution step 199: f(x)= 872.3510650266144
differential_evolution step 200: f(x)= 872.3510650266144
Cluster 0 DE best chi^2: 872.351 with params {'x_src': np.float64(72.27327893144343), 'y_src': np.float64(79.17008719606892), 'z_s': np.float64(4.99566401118941)}
--- Running DE for Cluster 1 ---
[DE] Process Pool with 16 procs (init=latinhypercube, popsize=50)
differential_evolution step 1: f(x)= 3000.0
differential_evolution step 2: f(x)= 3000.0
differential_evolution step 3: f(x)= 3000.0
differential_evolution step 4: f(x)= 3000.0
differential_evolution step 5: f(x)= 3000.0
differential_evolution step 6: f(x)= 3000.0
differential_evolution step 7: f(x)= 3000.0
differential_evolution step 8: f(x)= 3000.0
differential_evolution step 9: f(x)= 3000.0
differential_evolution step 10: f(x)= 3000.0
differential_evolution step 11: f(x)= 3000.0
differential_evolution step 12: f(x)= 3000.0
differential_evolution step 13: f(x)= 3000.0
differential_evolution step 14: f(x)= 3000.0
differential_evolution step 15: f(x)= 3000.0
differential_evolution step 16: f(x)= 3000.0
differential_evolution step 17: f(x)= 3000.0
differential_evolution step 18: f(x)= 3000.0
differential_evolution step 19: f(x)= 3000.0
differential_evolution step 20: f(x)= 3000.0
differential_evolution step 21: f(x)= 3000.0
differential_evolution step 22: f(x)= 3000.0
differential_evolution step 23: f(x)= 3000.0
differential_evolution step 24: f(x)= 3000.0
differential_evolution step 25: f(x)= 3000.0
differential_evolution step 26: f(x)= 3000.0
differential_evolution step 27: f(x)= 3000.0
differential_evolution step 28: f(x)= 3000.0
differential_evolution step 29: f(x)= 3000.0
differential_evolution step 30: f(x)= 3000.0
differential_evolution step 31: f(x)= 3000.0
differential_evolution step 32: f(x)= 3000.0
differential_evolution step 33: f(x)= 3000.0
differential_evolution step 34: f(x)= 3000.0
differential_evolution step 35: f(x)= 3000.0
differential_evolution step 36: f(x)= 3000.0
differential_evolution step 37: f(x)= 3000.0
differential_evolution step 38: f(x)= 3000.0
Cluster 1 DE best chi^2: 3000.000 with params {'x_src': np.float64(203.59085156066155), 'y_src': np.float64(195.89153563521657), 'z_s': np.float64(4.293387962159147)}
--- Running DE for Cluster 2 ---
[DE] Process Pool with 16 procs (init=latinhypercube, popsize=50)
differential_evolution step 1: f(x)= 3982.9184427045925
differential_evolution step 2: f(x)= 3982.9184427045925
differential_evolution step 3: f(x)= 2897.6858912135326
differential_evolution step 4: f(x)= 2897.6858912135326
differential_evolution step 5: f(x)= 448.62349913647336
differential_evolution step 6: f(x)= 354.34530555707215
differential_evolution step 7: f(x)= 354.34530555707215
differential_evolution step 8: f(x)= 354.34530555707215
differential_evolution step 9: f(x)= 354.34530555707215
differential_evolution step 10: f(x)= 354.34530555707215
differential_evolution step 11: f(x)= 354.34530555707215
differential_evolution step 12: f(x)= 354.34530555707215
differential_evolution step 13: f(x)= 354.34530555707215
differential_evolution step 14: f(x)= 354.34530555707215
differential_evolution step 15: f(x)= 316.5177633262769
differential_evolution step 16: f(x)= 316.5177633262769
differential_evolution step 17: f(x)= 316.5177633262769
differential_evolution step 18: f(x)= 316.5177633262769
differential_evolution step 19: f(x)= 316.5177633262769
differential_evolution step 20: f(x)= 316.5177633262769
differential_evolution step 21: f(x)= 316.5177633262769
differential_evolution step 22: f(x)= 316.5177633262769
differential_evolution step 23: f(x)= 315.9871415595308
differential_evolution step 24: f(x)= 315.9871415595308
differential_evolution step 25: f(x)= 315.9871415595308
differential_evolution step 26: f(x)= 312.1932544446866
differential_evolution step 27: f(x)= 310.0231521278722
differential_evolution step 28: f(x)= 310.0231521278722
differential_evolution step 29: f(x)= 310.0231521278722
differential_evolution step 30: f(x)= 310.0231521278722
differential_evolution step 31: f(x)= 303.82997969823214
differential_evolution step 32: f(x)= 303.82997969823214
differential_evolution step 33: f(x)= 303.82997969823214
differential_evolution step 34: f(x)= 303.82997969823214
differential_evolution step 35: f(x)= 303.82997969823214
differential_evolution step 36: f(x)= 303.82997969823214
differential_evolution step 37: f(x)= 303.82997969823214
differential_evolution step 38: f(x)= 303.82997969823214
differential_evolution step 39: f(x)= 303.82997969823214
differential_evolution step 40: f(x)= 303.82997969823214
differential_evolution step 41: f(x)= 303.82997969823214
differential_evolution step 42: f(x)= 302.86024425931373
differential_evolution step 43: f(x)= 299.6811810157497
differential_evolution step 44: f(x)= 299.6811810157497
differential_evolution step 45: f(x)= 299.6811810157497
differential_evolution step 46: f(x)= 299.6811810157497
differential_evolution step 47: f(x)= 299.6811810157497
differential_evolution step 48: f(x)= 299.6811810157497
differential_evolution step 49: f(x)= 299.6811810157497
differential_evolution step 50: f(x)= 299.6811810157497
differential_evolution step 51: f(x)= 299.6811810157497
differential_evolution step 52: f(x)= 299.6811810157497
differential_evolution step 53: f(x)= 299.6811810157497
differential_evolution step 54: f(x)= 299.6811810157497
differential_evolution step 55: f(x)= 299.6811810157497
differential_evolution step 56: f(x)= 299.6811810157497
differential_evolution step 57: f(x)= 299.6811810157497
differential_evolution step 58: f(x)= 299.6811810157497
differential_evolution step 59: f(x)= 299.6811810157497
differential_evolution step 60: f(x)= 299.6811810157497
differential_evolution step 61: f(x)= 299.6811810157497
differential_evolution step 62: f(x)= 299.6811810157497
differential_evolution step 63: f(x)= 299.6811810157497
differential_evolution step 64: f(x)= 299.6811810157497
differential_evolution step 65: f(x)= 299.6811810157497
differential_evolution step 66: f(x)= 299.6811810157497
differential_evolution step 67: f(x)= 299.57850678334546
differential_evolution step 68: f(x)= 299.57850678334546
differential_evolution step 69: f(x)= 299.57850678334546
differential_evolution step 70: f(x)= 299.57850678334546
differential_evolution step 71: f(x)= 299.2520275614413
differential_evolution step 72: f(x)= 299.09434750335856
differential_evolution step 73: f(x)= 299.09434750335856
differential_evolution step 74: f(x)= 299.09434750335856
differential_evolution step 75: f(x)= 299.09434750335856
differential_evolution step 76: f(x)= 298.91837808737046
differential_evolution step 77: f(x)= 298.7874749016268
differential_evolution step 78: f(x)= 298.7874749016268
differential_evolution step 79: f(x)= 298.7874749016268
differential_evolution step 80: f(x)= 298.7874749016268
differential_evolution step 81: f(x)= 298.7874749016268
differential_evolution step 82: f(x)= 298.7874749016268
differential_evolution step 83: f(x)= 298.7874749016268
differential_evolution step 84: f(x)= 298.776062310636
differential_evolution step 85: f(x)= 298.776062310636
differential_evolution step 86: f(x)= 298.776062310636
differential_evolution step 87: f(x)= 298.776062310636
differential_evolution step 88: f(x)= 298.776062310636
differential_evolution step 89: f(x)= 298.776062310636
differential_evolution step 90: f(x)= 298.776062310636
differential_evolution step 91: f(x)= 298.776062310636
differential_evolution step 92: f(x)= 298.776062310636
differential_evolution step 93: f(x)= 298.776062310636
differential_evolution step 94: f(x)= 298.776062310636
differential_evolution step 95: f(x)= 298.776062310636
differential_evolution step 96: f(x)= 298.776062310636
differential_evolution step 97: f(x)= 298.776062310636
differential_evolution step 98: f(x)= 298.776062310636
differential_evolution step 99: f(x)= 298.776062310636
differential_evolution step 100: f(x)= 298.776062310636
differential_evolution step 101: f(x)= 298.768899417375
differential_evolution step 102: f(x)= 298.768899417375
differential_evolution step 103: f(x)= 298.74932539008324
differential_evolution step 104: f(x)= 298.7354127302722
differential_evolution step 105: f(x)= 298.7354127302722
differential_evolution step 106: f(x)= 298.7354127302722
differential_evolution step 107: f(x)= 298.7296746613256
differential_evolution step 108: f(x)= 298.7296746613256
differential_evolution step 109: f(x)= 298.7296746613256
differential_evolution step 110: f(x)= 298.7296746613256
differential_evolution step 111: f(x)= 298.7296746613256
differential_evolution step 112: f(x)= 298.7296746613256
differential_evolution step 113: f(x)= 298.7002002482999
differential_evolution step 114: f(x)= 298.6856778989878
differential_evolution step 115: f(x)= 298.6770686525399
differential_evolution step 116: f(x)= 298.6770686525399
differential_evolution step 117: f(x)= 298.6770686525399
differential_evolution step 118: f(x)= 298.6770686525399
differential_evolution step 119: f(x)= 298.6770686525399
differential_evolution step 120: f(x)= 298.6770686525399
differential_evolution step 121: f(x)= 298.6770686525399
differential_evolution step 122: f(x)= 298.6770686525399
differential_evolution step 123: f(x)= 298.6770686525399
differential_evolution step 124: f(x)= 298.6770686525399
differential_evolution step 125: f(x)= 298.6770686525399
differential_evolution step 126: f(x)= 298.6770686525399
differential_evolution step 127: f(x)= 298.6770686525399
differential_evolution step 128: f(x)= 298.6770686525399
differential_evolution step 129: f(x)= 298.6770686525399
differential_evolution step 130: f(x)= 298.6770686525399
differential_evolution step 131: f(x)= 298.6770686525399
differential_evolution step 132: f(x)= 298.6770686525399
differential_evolution step 133: f(x)= 298.6770686525399
differential_evolution step 134: f(x)= 298.6770686525399
differential_evolution step 135: f(x)= 298.6770686525399
differential_evolution step 136: f(x)= 298.6770686525399
differential_evolution step 137: f(x)= 298.6770686525399
differential_evolution step 138: f(x)= 298.6770686525399
differential_evolution step 139: f(x)= 298.6770686525399
differential_evolution step 140: f(x)= 298.6770686525399
differential_evolution step 141: f(x)= 298.6770686525399
differential_evolution step 142: f(x)= 298.6770686525399
differential_evolution step 143: f(x)= 298.6770686525399
differential_evolution step 144: f(x)= 298.6770686525399
differential_evolution step 145: f(x)= 298.6770686525399
differential_evolution step 146: f(x)= 298.6770686525399
differential_evolution step 147: f(x)= 298.6770686525399
differential_evolution step 148: f(x)= 298.6770686525399
differential_evolution step 149: f(x)= 298.6770686525399
differential_evolution step 150: f(x)= 298.6770686525399
differential_evolution step 151: f(x)= 298.6770686525399
differential_evolution step 152: f(x)= 298.6770686525399
differential_evolution step 153: f(x)= 298.6770686525399
differential_evolution step 154: f(x)= 298.6770686525399
differential_evolution step 155: f(x)= 298.6770686525399
differential_evolution step 156: f(x)= 298.6770686525399
differential_evolution step 157: f(x)= 298.6770686525399
differential_evolution step 158: f(x)= 298.6770686525399
differential_evolution step 159: f(x)= 298.6770686525399
differential_evolution step 160: f(x)= 298.6770686525399
differential_evolution step 161: f(x)= 298.6770686525399
differential_evolution step 162: f(x)= 298.6770686525399
differential_evolution step 163: f(x)= 298.6770686525399
differential_evolution step 164: f(x)= 298.6770686525399
differential_evolution step 165: f(x)= 298.6770686525399
differential_evolution step 166: f(x)= 298.6770686525399
differential_evolution step 167: f(x)= 298.6770686525399
differential_evolution step 168: f(x)= 298.6770686525399
differential_evolution step 169: f(x)= 298.6770686525399
differential_evolution step 170: f(x)= 298.6770686525399
differential_evolution step 171: f(x)= 298.6770686525399
differential_evolution step 172: f(x)= 298.6770686525399
differential_evolution step 173: f(x)= 298.6770686525399
differential_evolution step 174: f(x)= 298.6770686525399
differential_evolution step 175: f(x)= 298.6770686525399
differential_evolution step 176: f(x)= 298.6770686525399
differential_evolution step 177: f(x)= 298.6770686525399
differential_evolution step 178: f(x)= 298.6770686525399
differential_evolution step 179: f(x)= 298.6769508716918
differential_evolution step 180: f(x)= 298.6769508716918
differential_evolution step 181: f(x)= 298.6769508716918
differential_evolution step 182: f(x)= 298.6769508716918
differential_evolution step 183: f(x)= 298.6769508716918
differential_evolution step 184: f(x)= 298.6769508716918
differential_evolution step 185: f(x)= 298.6769508716918
differential_evolution step 186: f(x)= 298.6769508716918
differential_evolution step 187: f(x)= 298.6769508716918
differential_evolution step 188: f(x)= 298.6769508716918
differential_evolution step 189: f(x)= 298.6769508716918
differential_evolution step 190: f(x)= 298.6769508716918
differential_evolution step 191: f(x)= 298.6769508716918
differential_evolution step 192: f(x)= 298.6769508716918
differential_evolution step 193: f(x)= 298.6769508716918
differential_evolution step 194: f(x)= 298.6769508716918
differential_evolution step 195: f(x)= 298.6769508716918
differential_evolution step 196: f(x)= 298.6769508716918
differential_evolution step 197: f(x)= 298.6769508716918
differential_evolution step 198: f(x)= 298.6769508716918
differential_evolution step 199: f(x)= 298.6769508716918
differential_evolution step 200: f(x)= 298.6769508716918
Cluster 2 DE best chi^2: 298.677 with params {'x_src': np.float64(95.65236043852808), 'y_src': np.float64(97.66012524230366), 'z_s': np.float64(4.300516661637049)}
--- Running DE for Cluster 3 ---
[DE] Process Pool with 16 procs (init=latinhypercube, popsize=50)
differential_evolution step 1: f(x)= 3000.0
differential_evolution step 2: f(x)= 3000.0
differential_evolution step 3: f(x)= 3000.0
differential_evolution step 4: f(x)= 3000.0
differential_evolution step 5: f(x)= 3000.0
differential_evolution step 6: f(x)= 3000.0
differential_evolution step 7: f(x)= 3000.0
differential_evolution step 8: f(x)= 3000.0
differential_evolution step 9: f(x)= 3000.0
differential_evolution step 10: f(x)= 3000.0
differential_evolution step 11: f(x)= 3000.0
differential_evolution step 12: f(x)= 3000.0
differential_evolution step 13: f(x)= 3000.0
differential_evolution step 14: f(x)= 3000.0
differential_evolution step 15: f(x)= 3000.0
differential_evolution step 16: f(x)= 3000.0
differential_evolution step 17: f(x)= 3000.0
differential_evolution step 18: f(x)= 3000.0
differential_evolution step 19: f(x)= 3000.0
differential_evolution step 20: f(x)= 3000.0
differential_evolution step 21: f(x)= 3000.0
differential_evolution step 22: f(x)= 3000.0
differential_evolution step 23: f(x)= 3000.0
differential_evolution step 24: f(x)= 3000.0
differential_evolution step 25: f(x)= 3000.0
differential_evolution step 26: f(x)= 3000.0
differential_evolution step 27: f(x)= 3000.0
differential_evolution step 28: f(x)= 3000.0
differential_evolution step 29: f(x)= 3000.0
differential_evolution step 30: f(x)= 3000.0
differential_evolution step 31: f(x)= 3000.0
differential_evolution step 32: f(x)= 3000.0
differential_evolution step 33: f(x)= 3000.0
differential_evolution step 34: f(x)= 3000.0
differential_evolution step 35: f(x)= 3000.0
differential_evolution step 36: f(x)= 3000.0
differential_evolution step 37: f(x)= 3000.0
differential_evolution step 38: f(x)= 3000.0
differential_evolution step 39: f(x)= 3000.0
differential_evolution step 40: f(x)= 3000.0
differential_evolution step 41: f(x)= 3000.0
differential_evolution step 42: f(x)= 3000.0
differential_evolution step 43: f(x)= 3000.0
differential_evolution step 44: f(x)= 3000.0
differential_evolution step 45: f(x)= 3000.0
differential_evolution step 46: f(x)= 3000.0
differential_evolution step 47: f(x)= 3000.0
differential_evolution step 48: f(x)= 3000.0
differential_evolution step 49: f(x)= 3000.0
differential_evolution step 50: f(x)= 3000.0
differential_evolution step 51: f(x)= 3000.0
differential_evolution step 52: f(x)= 3000.0
differential_evolution step 53: f(x)= 3000.0
differential_evolution step 54: f(x)= 3000.0
differential_evolution step 55: f(x)= 3000.0
differential_evolution step 56: f(x)= 3000.0
differential_evolution step 57: f(x)= 3000.0
differential_evolution step 58: f(x)= 3000.0
differential_evolution step 59: f(x)= 3000.0
differential_evolution step 60: f(x)= 3000.0
differential_evolution step 61: f(x)= 3000.0
differential_evolution step 62: f(x)= 3000.0
differential_evolution step 63: f(x)= 3000.0
differential_evolution step 64: f(x)= 3000.0
differential_evolution step 65: f(x)= 3000.0
differential_evolution step 66: f(x)= 3000.0
differential_evolution step 67: f(x)= 3000.0
differential_evolution step 68: f(x)= 3000.0
differential_evolution step 69: f(x)= 3000.0
differential_evolution step 70: f(x)= 3000.0
differential_evolution step 71: f(x)= 3000.0
differential_evolution step 72: f(x)= 3000.0
differential_evolution step 73: f(x)= 3000.0
differential_evolution step 74: f(x)= 3000.0
differential_evolution step 75: f(x)= 3000.0
differential_evolution step 76: f(x)= 3000.0
differential_evolution step 77: f(x)= 3000.0
differential_evolution step 78: f(x)= 3000.0
differential_evolution step 79: f(x)= 3000.0
differential_evolution step 80: f(x)= 3000.0
differential_evolution step 81: f(x)= 3000.0
differential_evolution step 82: f(x)= 3000.0
differential_evolution step 83: f(x)= 3000.0
differential_evolution step 84: f(x)= 3000.0
differential_evolution step 85: f(x)= 3000.0
differential_evolution step 86: f(x)= 3000.0
differential_evolution step 87: f(x)= 3000.0
differential_evolution step 88: f(x)= 3000.0
differential_evolution step 89: f(x)= 3000.0
differential_evolution step 90: f(x)= 3000.0
differential_evolution step 91: f(x)= 3000.0
differential_evolution step 92: f(x)= 3000.0
differential_evolution step 93: f(x)= 3000.0
differential_evolution step 94: f(x)= 3000.0
differential_evolution step 95: f(x)= 3000.0
differential_evolution step 96: f(x)= 3000.0
differential_evolution step 97: f(x)= 3000.0
differential_evolution step 98: f(x)= 3000.0
differential_evolution step 99: f(x)= 3000.0
differential_evolution step 100: f(x)= 3000.0
differential_evolution step 101: f(x)= 3000.0
differential_evolution step 102: f(x)= 3000.0
differential_evolution step 103: f(x)= 3000.0
differential_evolution step 104: f(x)= 3000.0
differential_evolution step 105: f(x)= 3000.0
differential_evolution step 106: f(x)= 3000.0
differential_evolution step 107: f(x)= 3000.0
differential_evolution step 108: f(x)= 3000.0
differential_evolution step 109: f(x)= 3000.0
differential_evolution step 110: f(x)= 3000.0
differential_evolution step 111: f(x)= 3000.0
differential_evolution step 112: f(x)= 3000.0
differential_evolution step 113: f(x)= 3000.0
differential_evolution step 114: f(x)= 3000.0
differential_evolution step 115: f(x)= 3000.0
differential_evolution step 116: f(x)= 3000.0
differential_evolution step 117: f(x)= 3000.0
differential_evolution step 118: f(x)= 3000.0
differential_evolution step 119: f(x)= 3000.0
differential_evolution step 120: f(x)= 3000.0
differential_evolution step 121: f(x)= 3000.0
differential_evolution step 122: f(x)= 3000.0
differential_evolution step 123: f(x)= 3000.0
differential_evolution step 124: f(x)= 3000.0
differential_evolution step 125: f(x)= 3000.0
differential_evolution step 126: f(x)= 3000.0
differential_evolution step 127: f(x)= 3000.0
differential_evolution step 128: f(x)= 3000.0
differential_evolution step 129: f(x)= 3000.0
differential_evolution step 130: f(x)= 3000.0
differential_evolution step 131: f(x)= 3000.0
differential_evolution step 132: f(x)= 3000.0
differential_evolution step 133: f(x)= 3000.0
differential_evolution step 134: f(x)= 3000.0
differential_evolution step 135: f(x)= 3000.0
differential_evolution step 136: f(x)= 3000.0
differential_evolution step 137: f(x)= 3000.0
differential_evolution step 138: f(x)= 3000.0
differential_evolution step 139: f(x)= 3000.0
differential_evolution step 140: f(x)= 3000.0
differential_evolution step 141: f(x)= 3000.0
differential_evolution step 142: f(x)= 3000.0
differential_evolution step 143: f(x)= 3000.0
differential_evolution step 144: f(x)= 3000.0
differential_evolution step 145: f(x)= 3000.0
differential_evolution step 146: f(x)= 3000.0
differential_evolution step 147: f(x)= 3000.0
differential_evolution step 148: f(x)= 3000.0
differential_evolution step 149: f(x)= 3000.0
differential_evolution step 150: f(x)= 3000.0
differential_evolution step 151: f(x)= 3000.0
differential_evolution step 152: f(x)= 3000.0
differential_evolution step 153: f(x)= 3000.0
differential_evolution step 154: f(x)= 3000.0
differential_evolution step 155: f(x)= 3000.0
differential_evolution step 156: f(x)= 3000.0
differential_evolution step 157: f(x)= 3000.0
differential_evolution step 158: f(x)= 3000.0
differential_evolution step 159: f(x)= 3000.0
differential_evolution step 160: f(x)= 3000.0
differential_evolution step 161: f(x)= 3000.0
differential_evolution step 162: f(x)= 3000.0
differential_evolution step 163: f(x)= 3000.0
differential_evolution step 164: f(x)= 3000.0
Cluster 3 DE best chi^2: 3000.000 with params {'x_src': np.float64(112.01137224190418), 'y_src': np.float64(126.71123325044246), 'z_s': np.float64(4.657055402666049)}
--- Running DE for Cluster 4 ---
[DE] Process Pool with 16 procs (init=latinhypercube, popsize=50)
differential_evolution step 1: f(x)= 3000.0
differential_evolution step 2: f(x)= 1266.4839261340796
differential_evolution step 3: f(x)= 458.43344615628564
differential_evolution step 4: f(x)= 458.43344615628564
differential_evolution step 5: f(x)= 458.43344615628564
differential_evolution step 6: f(x)= 458.43344615628564
differential_evolution step 7: f(x)= 299.9611151056432
differential_evolution step 8: f(x)= 299.9611151056432
differential_evolution step 9: f(x)= 299.9611151056432
differential_evolution step 10: f(x)= 299.9611151056432
differential_evolution step 11: f(x)= 299.9611151056432
differential_evolution step 12: f(x)= 299.9611151056432
differential_evolution step 13: f(x)= 299.9611151056432
differential_evolution step 14: f(x)= 109.83672408070743
differential_evolution step 15: f(x)= 109.83672408070743
differential_evolution step 16: f(x)= 109.83672408070743
differential_evolution step 17: f(x)= 109.83672408070743
differential_evolution step 18: f(x)= 109.83672408070743
differential_evolution step 19: f(x)= 109.83672408070743
differential_evolution step 20: f(x)= 109.83672408070743
differential_evolution step 21: f(x)= 109.83672408070743
differential_evolution step 22: f(x)= 109.83672408070743
differential_evolution step 23: f(x)= 109.83672408070743
differential_evolution step 24: f(x)= 109.83672408070743
differential_evolution step 25: f(x)= 60.01936647995869
differential_evolution step 26: f(x)= 60.01936647995869
differential_evolution step 27: f(x)= 60.01936647995869
differential_evolution step 28: f(x)= 60.01936647995869
differential_evolution step 29: f(x)= 60.01936647995869
differential_evolution step 30: f(x)= 17.994394757040872
differential_evolution step 31: f(x)= 17.994394757040872
differential_evolution step 32: f(x)= 17.994394757040872
differential_evolution step 33: f(x)= 17.994394757040872
differential_evolution step 34: f(x)= 17.994394757040872
differential_evolution step 35: f(x)= 17.994394757040872
differential_evolution step 36: f(x)= 17.994394757040872
differential_evolution step 37: f(x)= 17.994394757040872
differential_evolution step 38: f(x)= 17.994394757040872
differential_evolution step 39: f(x)= 17.994394757040872
differential_evolution step 40: f(x)= 17.994394757040872
differential_evolution step 41: f(x)= 17.994394757040872
differential_evolution step 42: f(x)= 17.994394757040872
differential_evolution step 43: f(x)= 17.994394757040872
differential_evolution step 44: f(x)= 17.994394757040872
differential_evolution step 45: f(x)= 17.994394757040872
differential_evolution step 46: f(x)= 17.994394757040872
differential_evolution step 47: f(x)= 17.994394757040872
differential_evolution step 48: f(x)= 17.994394757040872
differential_evolution step 49: f(x)= 17.994394757040872
differential_evolution step 50: f(x)= 17.994394757040872
differential_evolution step 51: f(x)= 17.994394757040872
differential_evolution step 52: f(x)= 17.994394757040872
differential_evolution step 53: f(x)= 17.994394757040872
differential_evolution step 54: f(x)= 17.994394757040872
differential_evolution step 55: f(x)= 17.994394757040872
differential_evolution step 56: f(x)= 17.994394757040872
differential_evolution step 57: f(x)= 17.754820533196046
differential_evolution step 58: f(x)= 17.754820533196046
differential_evolution step 59: f(x)= 17.754820533196046
differential_evolution step 60: f(x)= 17.754820533196046
differential_evolution step 61: f(x)= 17.754820533196046
differential_evolution step 62: f(x)= 17.754820533196046
differential_evolution step 63: f(x)= 17.754820533196046
differential_evolution step 64: f(x)= 17.754820533196046
differential_evolution step 65: f(x)= 17.754820533196046
differential_evolution step 66: f(x)= 17.754820533196046
differential_evolution step 67: f(x)= 17.754820533196046
differential_evolution step 68: f(x)= 17.754820533196046
differential_evolution step 69: f(x)= 17.754820533196046
differential_evolution step 70: f(x)= 17.754820533196046
differential_evolution step 71: f(x)= 17.754820533196046
differential_evolution step 72: f(x)= 17.754820533196046
differential_evolution step 73: f(x)= 17.754820533196046
differential_evolution step 74: f(x)= 17.754820533196046
differential_evolution step 75: f(x)= 17.754820533196046
differential_evolution step 76: f(x)= 5.361167437211381
differential_evolution step 77: f(x)= 5.361167437211381
differential_evolution step 78: f(x)= 5.361167437211381
differential_evolution step 79: f(x)= 5.361167437211381
differential_evolution step 80: f(x)= 5.361167437211381
differential_evolution step 81: f(x)= 5.361167437211381
differential_evolution step 82: f(x)= 5.361167437211381
differential_evolution step 83: f(x)= 4.483972471493422
differential_evolution step 84: f(x)= 4.483972471493422
differential_evolution step 85: f(x)= 4.483972471493422
differential_evolution step 86: f(x)= 3.161615221924979
differential_evolution step 87: f(x)= 3.161615221924979
differential_evolution step 88: f(x)= 3.161615221924979
differential_evolution step 89: f(x)= 1.3249084071117714
differential_evolution step 90: f(x)= 1.3249084071117714
differential_evolution step 91: f(x)= 1.0209712722586088
differential_evolution step 92: f(x)= 1.0209712722586088
differential_evolution step 93: f(x)= 0.16711567118767545
differential_evolution step 94: f(x)= 0.16711567118767545
differential_evolution step 95: f(x)= 0.16711567118767545
differential_evolution step 96: f(x)= 0.16711567118767545
differential_evolution step 97: f(x)= 0.16711567118767545
differential_evolution step 98: f(x)= 0.16711567118767545
differential_evolution step 99: f(x)= 0.11598697335510019
differential_evolution step 100: f(x)= 0.11598697335510019
differential_evolution step 101: f(x)= 0.11598697335510019
differential_evolution step 102: f(x)= 0.11598697335510019
differential_evolution step 103: f(x)= 0.03587541601317093
differential_evolution step 104: f(x)= 0.03587541601317093
differential_evolution step 105: f(x)= 0.03587541601317093
differential_evolution step 106: f(x)= 0.02282841467316632
Cluster 4 DE best chi^2: 0.023 with params {'x_src': np.float64(246.9966315366958), 'y_src': np.float64(244.328877566867), 'z_s': np.float64(3.596772474958214)}
--- Running DE for Cluster 5 ---
[DE] Process Pool with 16 procs (init=latinhypercube, popsize=50)
differential_evolution step 1: f(x)= 4242.640687119286
differential_evolution step 2: f(x)= 4242.640687119286
differential_evolution step 3: f(x)= 4242.640687119286
differential_evolution step 4: f(x)= 3000.0
differential_evolution step 5: f(x)= 3000.0
differential_evolution step 6: f(x)= 3000.0
differential_evolution step 7: f(x)= 3000.0
differential_evolution step 8: f(x)= 3000.0
differential_evolution step 9: f(x)= 3000.0
differential_evolution step 10: f(x)= 3000.0
differential_evolution step 11: f(x)= 1127.3081459735329
differential_evolution step 12: f(x)= 1127.3081459735329
differential_evolution step 13: f(x)= 1127.3081459735329
differential_evolution step 14: f(x)= 1026.6179480800201
differential_evolution step 15: f(x)= 1026.6179480800201
differential_evolution step 16: f(x)= 1026.6179480800201
differential_evolution step 17: f(x)= 1026.6179480800201
differential_evolution step 18: f(x)= 1026.6179480800201
differential_evolution step 19: f(x)= 1026.6179480800201
differential_evolution step 20: f(x)= 1026.6179480800201
differential_evolution step 21: f(x)= 1026.6179480800201
differential_evolution step 22: f(x)= 1026.6179480800201
differential_evolution step 23: f(x)= 1026.6179480800201
differential_evolution step 24: f(x)= 1026.6179480800201
differential_evolution step 25: f(x)= 1026.6179480800201
differential_evolution step 26: f(x)= 1026.6179480800201
differential_evolution step 27: f(x)= 1026.6179480800201
differential_evolution step 28: f(x)= 1026.6179480800201
differential_evolution step 29: f(x)= 1026.6179480800201
differential_evolution step 30: f(x)= 987.1793370272155
differential_evolution step 31: f(x)= 987.1793370272155
differential_evolution step 32: f(x)= 987.1793370272155
differential_evolution step 33: f(x)= 987.1793370272155
differential_evolution step 34: f(x)= 926.0809072290177
differential_evolution step 35: f(x)= 926.0809072290177
differential_evolution step 36: f(x)= 926.0809072290177
differential_evolution step 37: f(x)= 926.0809072290177
differential_evolution step 38: f(x)= 926.0809072290177
differential_evolution step 39: f(x)= 926.0809072290177
differential_evolution step 40: f(x)= 926.0809072290177
differential_evolution step 41: f(x)= 891.6678521576943
differential_evolution step 42: f(x)= 891.6678521576943
differential_evolution step 43: f(x)= 891.6678521576943
differential_evolution step 44: f(x)= 891.6678521576943
differential_evolution step 45: f(x)= 891.6678521576943
differential_evolution step 46: f(x)= 891.6678521576943
differential_evolution step 47: f(x)= 891.6678521576943
differential_evolution step 48: f(x)= 891.3133558589443
differential_evolution step 49: f(x)= 891.3133558589443
differential_evolution step 50: f(x)= 891.3133558589443
differential_evolution step 51: f(x)= 891.3133558589443
differential_evolution step 52: f(x)= 891.3133558589443
differential_evolution step 53: f(x)= 891.3133558589443
differential_evolution step 54: f(x)= 891.3133558589443
differential_evolution step 55: f(x)= 891.3133558589443
differential_evolution step 56: f(x)= 891.3133558589443
differential_evolution step 57: f(x)= 871.9603213256203
differential_evolution step 58: f(x)= 871.9603213256203
differential_evolution step 59: f(x)= 871.9603213256203
differential_evolution step 60: f(x)= 871.9603213256203
differential_evolution step 61: f(x)= 871.9603213256203
differential_evolution step 62: f(x)= 871.9603213256203
differential_evolution step 63: f(x)= 871.9603213256203
differential_evolution step 64: f(x)= 871.9603213256203
differential_evolution step 65: f(x)= 871.9603213256203
differential_evolution step 66: f(x)= 871.9603213256203
differential_evolution step 67: f(x)= 871.9603213256203
differential_evolution step 68: f(x)= 871.9603213256203
differential_evolution step 69: f(x)= 871.9603213256203
differential_evolution step 70: f(x)= 869.762502318705
differential_evolution step 71: f(x)= 869.762502318705
differential_evolution step 72: f(x)= 869.762502318705
differential_evolution step 73: f(x)= 869.762502318705
differential_evolution step 74: f(x)= 869.762502318705
differential_evolution step 75: f(x)= 869.762502318705
differential_evolution step 76: f(x)= 865.8804270299669
differential_evolution step 77: f(x)= 865.8804270299669
differential_evolution step 78: f(x)= 865.8804270299669
differential_evolution step 79: f(x)= 865.5223472669446
differential_evolution step 80: f(x)= 865.5223472669446
differential_evolution step 81: f(x)= 865.5223472669446
differential_evolution step 82: f(x)= 865.5223472669446
differential_evolution step 83: f(x)= 865.5223472669446
differential_evolution step 84: f(x)= 864.9652127789201
differential_evolution step 85: f(x)= 864.9652127789201
differential_evolution step 86: f(x)= 864.9652127789201
differential_evolution step 87: f(x)= 864.9652127789201
differential_evolution step 88: f(x)= 864.9652127789201
differential_evolution step 89: f(x)= 864.9652127789201
differential_evolution step 90: f(x)= 864.9652127789201
differential_evolution step 91: f(x)= 864.9652127789201
differential_evolution step 92: f(x)= 864.9652127789201
differential_evolution step 93: f(x)= 864.9652127789201
differential_evolution step 94: f(x)= 864.9652127789201
differential_evolution step 95: f(x)= 864.9652127789201
differential_evolution step 96: f(x)= 864.9652127789201
differential_evolution step 97: f(x)= 864.9652127789201
differential_evolution step 98: f(x)= 864.9652127789201
differential_evolution step 99: f(x)= 864.9652127789201
differential_evolution step 100: f(x)= 864.9652127789201
differential_evolution step 101: f(x)= 864.9652127789201
differential_evolution step 102: f(x)= 864.8736733668591
differential_evolution step 103: f(x)= 864.8736733668591
differential_evolution step 104: f(x)= 864.8736733668591
differential_evolution step 105: f(x)= 864.8736733668591
differential_evolution step 106: f(x)= 864.8736733668591
differential_evolution step 107: f(x)= 864.8736733668591
differential_evolution step 108: f(x)= 864.8736733668591
differential_evolution step 109: f(x)= 864.8736733668591
differential_evolution step 110: f(x)= 863.9641113258056
differential_evolution step 111: f(x)= 863.9641113258056
differential_evolution step 112: f(x)= 863.9641113258056
differential_evolution step 113: f(x)= 863.3058304775841
differential_evolution step 114: f(x)= 863.3058304775841
differential_evolution step 115: f(x)= 863.3058304775841
differential_evolution step 116: f(x)= 863.3058304775841
differential_evolution step 117: f(x)= 863.3058304775841
differential_evolution step 118: f(x)= 863.3058304775841
differential_evolution step 119: f(x)= 863.3058304775841
differential_evolution step 120: f(x)= 863.3058304775841
differential_evolution step 121: f(x)= 863.3058304775841
differential_evolution step 122: f(x)= 863.3058304775841
differential_evolution step 123: f(x)= 863.3058304775841
differential_evolution step 124: f(x)= 863.3058304775841
differential_evolution step 125: f(x)= 863.3058304775841
differential_evolution step 126: f(x)= 863.3019104264988
differential_evolution step 127: f(x)= 863.3019104264988
differential_evolution step 128: f(x)= 863.3019104264988
differential_evolution step 129: f(x)= 863.3019104264988
differential_evolution step 130: f(x)= 863.3019104264988
differential_evolution step 131: f(x)= 863.3019104264988
differential_evolution step 132: f(x)= 863.3019104264988
differential_evolution step 133: f(x)= 863.3019104264988
differential_evolution step 134: f(x)= 863.3019104264988
differential_evolution step 135: f(x)= 863.213518851781
differential_evolution step 136: f(x)= 863.213518851781
differential_evolution step 137: f(x)= 863.213518851781
differential_evolution step 138: f(x)= 863.2088557306575
differential_evolution step 139: f(x)= 863.2008788314747
differential_evolution step 140: f(x)= 863.2008788314747
differential_evolution step 141: f(x)= 863.2008788314747
differential_evolution step 142: f(x)= 863.2008788314747
differential_evolution step 143: f(x)= 863.2008788314747
differential_evolution step 144: f(x)= 863.1678265060065
differential_evolution step 145: f(x)= 863.1678265060065
differential_evolution step 146: f(x)= 863.1678265060065
differential_evolution step 147: f(x)= 863.1541613906945
differential_evolution step 148: f(x)= 863.1541613906945
differential_evolution step 149: f(x)= 863.1494327676799
differential_evolution step 150: f(x)= 863.1494327676799
differential_evolution step 151: f(x)= 863.1494327676799
differential_evolution step 152: f(x)= 863.1494327676799
differential_evolution step 153: f(x)= 863.1494327676799
differential_evolution step 154: f(x)= 863.1494327676799
differential_evolution step 155: f(x)= 863.1107687944835
differential_evolution step 156: f(x)= 863.1107687944835
differential_evolution step 157: f(x)= 863.1107687944835
differential_evolution step 158: f(x)= 863.1107687944835
differential_evolution step 159: f(x)= 863.0997111643776
differential_evolution step 160: f(x)= 863.0997111643776
differential_evolution step 161: f(x)= 863.0997111643776
differential_evolution step 162: f(x)= 863.0997111643776
differential_evolution step 163: f(x)= 863.0997111643776
differential_evolution step 164: f(x)= 863.0997111643776
differential_evolution step 165: f(x)= 863.0997111643776
differential_evolution step 166: f(x)= 863.0997111643776
differential_evolution step 167: f(x)= 863.0997111643776
differential_evolution step 168: f(x)= 863.0997111643776
differential_evolution step 169: f(x)= 863.0972616312064
differential_evolution step 170: f(x)= 863.0972616312064
differential_evolution step 171: f(x)= 863.0972616312064
differential_evolution step 172: f(x)= 863.0967521778986
differential_evolution step 173: f(x)= 863.0967521778986
differential_evolution step 174: f(x)= 863.0967521778986
differential_evolution step 175: f(x)= 863.0962306163004
differential_evolution step 176: f(x)= 863.0916531437562
differential_evolution step 177: f(x)= 863.064552431405
differential_evolution step 178: f(x)= 863.064552431405
differential_evolution step 179: f(x)= 863.064552431405
differential_evolution step 180: f(x)= 863.064552431405
differential_evolution step 181: f(x)= 863.064552431405
differential_evolution step 182: f(x)= 863.064552431405
differential_evolution step 183: f(x)= 863.064552431405
differential_evolution step 184: f(x)= 863.064552431405
differential_evolution step 185: f(x)= 863.064552431405
differential_evolution step 186: f(x)= 863.064552431405
differential_evolution step 187: f(x)= 863.064552431405
differential_evolution step 188: f(x)= 863.064552431405
differential_evolution step 189: f(x)= 863.064552431405
differential_evolution step 190: f(x)= 863.064552431405
differential_evolution step 191: f(x)= 863.064552431405
differential_evolution step 192: f(x)= 863.064552431405
differential_evolution step 193: f(x)= 863.064552431405
differential_evolution step 194: f(x)= 863.064552431405
differential_evolution step 195: f(x)= 863.064552431405
differential_evolution step 196: f(x)= 863.064552431405
differential_evolution step 197: f(x)= 863.064552431405
differential_evolution step 198: f(x)= 863.064552431405
differential_evolution step 199: f(x)= 863.064552431405
differential_evolution step 200: f(x)= 863.064552431405
Cluster 5 DE best chi^2: 863.065 with params {'x_src': np.float64(148.1391334573226), 'y_src': np.float64(149.38210804666411), 'z_s': np.float64(4.999590349788938)}

--- DE Optimization Summary ---
Best fit found for Cluster 4 with chi^2 = 0.023
Best-fit parameters: {'x_src': np.float64(246.9966315366958), 'y_src': np.float64(244.328877566867), 'z_s': np.float64(3.596772474958214)}

--- Running MCMC for Cluster 4 (chi_sq=0.023) ---
[MCMC] Process Pool with 16 procs
  0%|          | 0/20000 [00:00<?, ?it/s]  1%|          | 236/20000 [01:40<2:19:48,  2.36it/s]  1%|         | 282/20000 [02:00<2:19:29,  2.36it/s]  2%|         | 472/20000 [03:20<2:18:06,  2.36it/s]  3%|         | 521/20000 [03:40<2:17:45,  2.36it/s]  4%|         | 715/20000 [05:00<2:14:28,  2.39it/s]  4%|         | 763/20000 [05:20<2:14:08,  2.39it/s]  5%|         | 963/20000 [06:40<2:10:55,  2.42it/s]  5%|         | 1010/20000 [07:00<2:10:35,  2.42it/s]  6%|         | 1213/20000 [08:20<2:07:48,  2.45it/s]  6%|         | 1262/20000 [08:40<2:07:28,  2.45it/s]  7%|         | 1463/20000 [10:00<2:05:17,  2.47it/s]  8%|         | 1509/20000 [10:20<2:04:58,  2.47it/s]  9%|         | 1703/20000 [11:40<2:04:48,  2.44it/s]  9%|         | 1747/20000 [12:00<2:04:30,  2.44it/s] 10%|         | 1943/20000 [13:21<2:03:58,  2.43it/s] 10%|         | 1988/20000 [13:40<2:03:40,  2.43it/s] 11%|         | 2190/20000 [15:01<2:01:40,  2.44it/s] 11%|         | 2235/20000 [15:20<2:01:21,  2.44it/s] 12%|        | 2434/20000 [16:41<2:00:03,  2.44it/s] 12%|        | 2479/20000 [17:00<1:59:45,  2.44it/s] 13%|        | 2678/20000 [18:21<1:58:22,  2.44it/s] 14%|        | 2723/20000 [18:40<1:58:03,  2.44it/s] 15%|        | 2921/20000 [20:01<1:56:59,  2.43it/s] 15%|        | 2964/20000 [20:20<1:56:41,  2.43it/s] 16%|        | 3166/20000 [21:42<1:55:07,  2.44it/s] 16%|        | 3211/20000 [22:00<1:54:48,  2.44it/s] 17%|        | 3412/20000 [23:22<1:53:09,  2.44it/s] 17%|        | 3455/20000 [23:40<1:52:51,  2.44it/s] 18%|        | 3659/20000 [25:02<1:51:07,  2.45it/s] 19%|        | 3702/20000 [25:20<1:50:50,  2.45it/s] 20%|        | 3905/20000 [26:42<1:49:21,  2.45it/s] 20%|        | 3949/20000 [27:00<1:49:04,  2.45it/s] 21%|        | 4156/20000 [28:22<1:46:57,  2.47it/s] 21%|        | 4198/20000 [28:40<1:46:40,  2.47it/s] 22%|       | 4401/20000 [30:02<1:45:37,  2.46it/s] 22%|       | 4444/20000 [30:20<1:45:19,  2.46it/s] 23%|       | 4645/20000 [31:42<1:44:17,  2.45it/s] 23%|       | 4686/20000 [32:00<1:44:00,  2.45it/s] 24%|       | 4884/20000 [33:23<1:43:34,  2.43it/s] 25%|       | 4924/20000 [33:40<1:43:18,  2.43it/s] 26%|       | 5127/20000 [35:03<1:42:00,  2.43it/s] 26%|       | 5166/20000 [35:20<1:41:44,  2.43it/s] 27%|       | 5374/20000 [36:43<1:39:50,  2.44it/s] 27%|       | 5414/20000 [37:00<1:39:34,  2.44it/s] 28%|       | 5617/20000 [38:23<1:38:23,  2.44it/s] 28%|       | 5655/20000 [38:40<1:38:07,  2.44it/s] 29%|       | 5861/20000 [40:04<1:36:45,  2.44it/s] 29%|       | 5899/20000 [40:20<1:36:30,  2.44it/s] 31%|       | 6105/20000 [41:44<1:35:05,  2.44it/s] 31%|       | 6143/20000 [42:00<1:34:49,  2.44it/s] 32%|      | 6356/20000 [43:24<1:32:34,  2.46it/s] 32%|      | 6393/20000 [43:40<1:32:18,  2.46it/s] 33%|      | 6603/20000 [45:04<1:30:51,  2.46it/s] 33%|      | 6640/20000 [45:20<1:30:36,  2.46it/s] 34%|      | 6846/20000 [46:45<1:29:34,  2.45it/s] 34%|      | 6885/20000 [47:00<1:29:18,  2.45it/s] 35%|      | 7093/20000 [48:25<1:27:44,  2.45it/s] 36%|      | 7128/20000 [48:40<1:27:30,  2.45it/s] 37%|      | 7341/20000 [50:05<1:25:48,  2.46it/s] 37%|      | 7377/20000 [50:20<1:25:33,  2.46it/s] 38%|      | 7588/20000 [51:45<1:24:02,  2.46it/s] 38%|      | 7623/20000 [52:00<1:23:48,  2.46it/s] 39%|      | 7834/20000 [53:25<1:22:26,  2.46it/s] 39%|      | 7868/20000 [53:40<1:22:12,  2.46it/s] 40%|      | 8082/20000 [55:06<1:20:37,  2.46it/s] 41%|      | 8115/20000 [55:20<1:20:24,  2.46it/s] 42%|     | 8325/20000 [56:46<1:19:19,  2.45it/s] 42%|     | 8358/20000 [57:00<1:19:05,  2.45it/s] 43%|     | 8572/20000 [58:26<1:17:32,  2.46it/s] 43%|     | 8606/20000 [58:40<1:17:18,  2.46it/s] 44%|     | 8821/20000 [1:00:06<1:15:36,  2.46it/s] 44%|     | 8853/20000 [1:00:20<1:15:23,  2.46it/s] 45%|     | 9064/20000 [1:01:46<1:14:19,  2.45it/s] 45%|     | 9095/20000 [1:02:00<1:14:07,  2.45it/s] 47%|     | 9309/20000 [1:03:27<1:12:45,  2.45it/s] 47%|     | 9339/20000 [1:03:40<1:12:33,  2.45it/s] 48%|     | 9553/20000 [1:05:07<1:11:15,  2.44it/s] 48%|     | 9583/20000 [1:05:20<1:11:02,  2.44it/s] 49%|     | 9796/20000 [1:06:47<1:09:44,  2.44it/s] 49%|     | 9826/20000 [1:07:00<1:09:31,  2.44it/s] 50%|     | 10042/20000 [1:08:28<1:07:55,  2.44it/s] 50%|     | 10071/20000 [1:08:40<1:07:43,  2.44it/s] 51%|    | 10289/20000 [1:10:08<1:06:03,  2.45it/s] 52%|    | 10318/20000 [1:10:20<1:05:52,  2.45it/s] 53%|    | 10533/20000 [1:11:48<1:04:30,  2.45it/s] 53%|    | 10561/20000 [1:12:00<1:04:18,  2.45it/s] 54%|    | 10780/20000 [1:13:28<1:02:39,  2.45it/s] 54%|    | 10807/20000 [1:13:40<1:02:28,  2.45it/s] 55%|    | 11021/20000 [1:15:08<1:01:24,  2.44it/s] 55%|    | 11049/20000 [1:15:20<1:01:13,  2.44it/s] 56%|    | 11272/20000 [1:16:48<59:10,  2.46it/s]   56%|    | 11298/20000 [1:17:00<58:59,  2.46it/s] 58%|    | 11521/20000 [1:18:29<57:17,  2.47it/s] 58%|    | 11548/20000 [1:18:40<57:06,  2.47it/s] 59%|    | 11769/20000 [1:20:09<55:34,  2.47it/s] 59%|    | 11795/20000 [1:20:20<55:24,  2.47it/s] 60%|    | 12011/20000 [1:21:49<54:18,  2.45it/s] 60%|    | 12036/20000 [1:22:00<54:08,  2.45it/s] 61%|   | 12256/20000 [1:23:29<52:40,  2.45it/s] 61%|   | 12280/20000 [1:23:40<52:30,  2.45it/s] 62%|   | 12496/20000 [1:25:10<51:23,  2.43it/s] 63%|   | 12519/20000 [1:25:20<51:14,  2.43it/s] 64%|   | 12738/20000 [1:26:50<49:50,  2.43it/s] 64%|   | 12786/20000 [1:27:10<49:31,  2.43it/s] 65%|   | 12982/20000 [1:28:30<48:06,  2.43it/s] 65%|   | 13028/20000 [1:28:50<47:47,  2.43it/s] 66%|   | 13222/20000 [1:30:10<46:40,  2.42it/s] 66%|   | 13268/20000 [1:30:30<46:21,  2.42it/s] 67%|   | 13467/20000 [1:31:50<44:50,  2.43it/s] 68%|   | 13515/20000 [1:32:10<44:30,  2.43it/s] 69%|   | 13711/20000 [1:33:30<43:08,  2.43it/s] 69%|   | 13758/20000 [1:33:50<42:49,  2.43it/s] 70%|   | 13960/20000 [1:35:11<41:10,  2.44it/s] 70%|   | 14005/20000 [1:35:30<40:52,  2.44it/s] 71%|   | 14200/20000 [1:36:51<39:47,  2.43it/s] 71%|   | 14244/20000 [1:37:10<39:29,  2.43it/s] 72%|  | 14441/20000 [1:38:31<38:14,  2.42it/s] 72%|  | 14485/20000 [1:38:50<37:56,  2.42it/s] 73%|  | 14679/20000 [1:40:11<36:48,  2.41it/s] 74%|  | 14722/20000 [1:40:30<36:30,  2.41it/s] 75%|  | 14919/20000 [1:41:51<35:11,  2.41it/s] 75%|  | 14962/20000 [1:42:10<34:54,  2.41it/s] 76%|  | 15164/20000 [1:43:32<33:21,  2.42it/s] 76%|  | 15208/20000 [1:43:50<33:03,  2.42it/s] 77%|  | 15412/20000 [1:45:12<31:24,  2.44it/s] 77%|  | 15455/20000 [1:45:30<31:06,  2.44it/s] 78%|  | 15653/20000 [1:46:52<29:51,  2.43it/s] 78%|  | 15697/20000 [1:47:10<29:32,  2.43it/s] 80%|  | 15902/20000 [1:48:32<27:57,  2.44it/s] 80%|  | 15943/20000 [1:48:50<27:40,  2.44it/s] 81%|  | 16141/20000 [1:50:13<26:31,  2.43it/s] 81%|  | 16181/20000 [1:50:30<26:14,  2.43it/s] 82%| | 16379/20000 [1:51:53<25:02,  2.41it/s] 82%| | 16420/20000 [1:52:10<24:45,  2.41it/s] 83%| | 16622/20000 [1:53:33<23:18,  2.41it/s] 83%| | 16661/20000 [1:53:50<23:02,  2.41it/s] 84%| | 16862/20000 [1:55:13<21:42,  2.41it/s] 84%| | 16900/20000 [1:55:30<21:26,  2.41it/s] 86%| | 17102/20000 [1:56:53<20:04,  2.41it/s] 86%| | 17141/20000 [1:57:10<19:48,  2.41it/s] 87%| | 17343/20000 [1:58:34<18:24,  2.40it/s] 87%| | 17381/20000 [1:58:50<18:09,  2.40it/s] 88%| | 17582/20000 [2:00:14<16:48,  2.40it/s] 88%| | 17618/20000 [2:00:30<16:33,  2.40it/s] 89%| | 17818/20000 [2:01:54<15:15,  2.38it/s] 89%| | 17854/20000 [2:02:10<15:00,  2.38it/s] 90%| | 18061/20000 [2:03:34<13:28,  2.40it/s] 90%| | 18097/20000 [2:03:50<13:13,  2.40it/s] 91%|| 18299/20000 [2:05:15<11:52,  2.39it/s] 92%|| 18334/20000 [2:05:30<11:37,  2.39it/s] 93%|| 18539/20000 [2:06:55<10:10,  2.39it/s] 93%|| 18576/20000 [2:07:10<09:55,  2.39it/s] 94%|| 18781/20000 [2:08:35<08:27,  2.40it/s] 94%|| 18816/20000 [2:08:50<08:13,  2.40it/s] 95%|| 19021/20000 [2:10:15<06:48,  2.40it/s] 95%|| 19056/20000 [2:10:30<06:33,  2.40it/s] 96%|| 19266/20000 [2:11:55<05:04,  2.41it/s] 97%|| 19301/20000 [2:12:10<04:49,  2.41it/s] 98%|| 19513/20000 [2:13:35<03:20,  2.43it/s] 98%|| 19547/20000 [2:13:50<03:06,  2.43it/s] 99%|| 19760/20000 [2:15:15<01:38,  2.44it/s] 99%|| 19793/20000 [2:15:30<01:24,  2.44it/s]100%|| 20000/20000 [2:16:50<00:00,  2.44it/s]

Analysis complete. Found 1 cluster(s) meeting the MCMC criterion.
Accepted cluster indices: [4]

--- Processing Final Results for Cluster 4 ---
--- MCMC Parameter Constraints for Cluster 4 ---
  x_src = 246.935 +0.214 / -0.181
  y_src = 244.296 +0.155 / -0.139
    z_s = 3.604 +0.143 / -0.106
Saving localization results for Cluster 4...
Processing results for Cluster 4...
-> Saved 340000 samples to /users/hiu-yeung.cheng/clusterlensing/out/row47/test_tidy_row47/cluster_4_posterior.npz
Updated CSV row 47 with result for cluster 4.
Loading data from /users/hiu-yeung.cheng/clusterlensing/out/row47/test_tidy_row47/cluster_4_posterior.npz...

Generating corner plot...
-> Corner plot saved to /users/hiu-yeung.cheng/clusterlensing/out/row47/test_tidy_row47/cluster_4_corner_from_saved.png

Generating trace plot...
-> Trace plot saved to /users/hiu-yeung.cheng/clusterlensing/out/row47/test_tidy_row47/cluster_4_trace.png
