Row=52 OUT_DIR=/users/hiu-yeung.cheng/clusterlensing/out/row52 DE_PROCS=16 MCMC_PROCS=16
Setup complete. Lensing system initialized.
True time delays: [    0.         13337.06529881 16623.08415569 17344.52261264
 17589.54220102]
True luminosity distances: 34194.68866704775
Lensed luminosity distances: [  9815.68854232   5614.06932394  15652.77557162  10785.90711402
 151006.99205456]

Running the full analysis pipeline...
--- Running DE for Cluster 0 ---
[DE] Process Pool with 16 procs (init=latinhypercube, popsize=50)
differential_evolution step 1: f(x)= 3000.0
differential_evolution step 2: f(x)= 493.818153869707
differential_evolution step 3: f(x)= 493.818153869707
differential_evolution step 4: f(x)= 493.818153869707
differential_evolution step 5: f(x)= 493.818153869707
differential_evolution step 6: f(x)= 493.818153869707
differential_evolution step 7: f(x)= 493.818153869707
differential_evolution step 8: f(x)= 493.818153869707
differential_evolution step 9: f(x)= 493.818153869707
differential_evolution step 10: f(x)= 493.818153869707
differential_evolution step 11: f(x)= 493.818153869707
differential_evolution step 12: f(x)= 493.818153869707
differential_evolution step 13: f(x)= 173.36411005167818
differential_evolution step 14: f(x)= 173.36411005167818
differential_evolution step 15: f(x)= 173.36411005167818
differential_evolution step 16: f(x)= 173.36411005167818
differential_evolution step 17: f(x)= 151.96698414319576
differential_evolution step 18: f(x)= 151.96698414319576
differential_evolution step 19: f(x)= 151.96698414319576
differential_evolution step 20: f(x)= 151.96698414319576
differential_evolution step 21: f(x)= 151.96698414319576
differential_evolution step 22: f(x)= 151.96698414319576
differential_evolution step 23: f(x)= 151.96698414319576
differential_evolution step 24: f(x)= 125.14726118014818
differential_evolution step 25: f(x)= 125.14726118014818
differential_evolution step 26: f(x)= 125.14726118014818
differential_evolution step 27: f(x)= 125.14726118014818
differential_evolution step 28: f(x)= 125.14726118014818
differential_evolution step 29: f(x)= 125.14726118014818
differential_evolution step 30: f(x)= 125.14726118014818
differential_evolution step 31: f(x)= 125.14726118014818
differential_evolution step 32: f(x)= 125.14726118014818
differential_evolution step 33: f(x)= 125.14726118014818
differential_evolution step 34: f(x)= 125.14726118014818
differential_evolution step 35: f(x)= 125.14726118014818
differential_evolution step 36: f(x)= 98.84108006971206
differential_evolution step 37: f(x)= 98.84108006971206
differential_evolution step 38: f(x)= 98.84108006971206
differential_evolution step 39: f(x)= 98.84108006971206
differential_evolution step 40: f(x)= 98.84108006971206
differential_evolution step 41: f(x)= 98.84108006971206
differential_evolution step 42: f(x)= 98.84108006971206
differential_evolution step 43: f(x)= 98.84108006971206
differential_evolution step 44: f(x)= 98.84108006971206
differential_evolution step 45: f(x)= 98.84108006971206
differential_evolution step 46: f(x)= 98.84108006971206
differential_evolution step 47: f(x)= 98.84108006971206
differential_evolution step 48: f(x)= 98.84108006971206
differential_evolution step 49: f(x)= 98.84108006971206
differential_evolution step 50: f(x)= 98.84108006971206
differential_evolution step 51: f(x)= 98.84108006971206
differential_evolution step 52: f(x)= 98.84108006971206
differential_evolution step 53: f(x)= 98.84108006971206
differential_evolution step 54: f(x)= 98.84108006971206
differential_evolution step 55: f(x)= 98.84108006971206
differential_evolution step 56: f(x)= 98.84108006971206
differential_evolution step 57: f(x)= 98.84108006971206
differential_evolution step 58: f(x)= 98.84108006971206
differential_evolution step 59: f(x)= 98.84108006971206
differential_evolution step 60: f(x)= 98.84108006971206
differential_evolution step 61: f(x)= 98.84108006971206
differential_evolution step 62: f(x)= 77.9656308142392
differential_evolution step 63: f(x)= 77.9656308142392
differential_evolution step 64: f(x)= 77.9656308142392
differential_evolution step 65: f(x)= 77.9656308142392
differential_evolution step 66: f(x)= 77.9656308142392
differential_evolution step 67: f(x)= 77.9656308142392
differential_evolution step 68: f(x)= 77.9656308142392
differential_evolution step 69: f(x)= 77.9656308142392
differential_evolution step 70: f(x)= 77.9656308142392
differential_evolution step 71: f(x)= 77.9656308142392
differential_evolution step 72: f(x)= 77.9656308142392
differential_evolution step 73: f(x)= 77.9656308142392
differential_evolution step 74: f(x)= 77.9656308142392
differential_evolution step 75: f(x)= 77.9656308142392
differential_evolution step 76: f(x)= 77.9656308142392
differential_evolution step 77: f(x)= 77.9656308142392
differential_evolution step 78: f(x)= 77.9656308142392
differential_evolution step 79: f(x)= 77.9656308142392
differential_evolution step 80: f(x)= 77.9656308142392
differential_evolution step 81: f(x)= 77.9656308142392
differential_evolution step 82: f(x)= 77.9656308142392
differential_evolution step 83: f(x)= 77.9656308142392
differential_evolution step 84: f(x)= 77.9656308142392
differential_evolution step 85: f(x)= 77.9656308142392
differential_evolution step 86: f(x)= 77.9656308142392
differential_evolution step 87: f(x)= 77.9656308142392
differential_evolution step 88: f(x)= 77.9656308142392
differential_evolution step 89: f(x)= 77.80369807305655
differential_evolution step 90: f(x)= 77.80369807305655
differential_evolution step 91: f(x)= 77.80369807305655
differential_evolution step 92: f(x)= 77.80369807305655
differential_evolution step 93: f(x)= 77.80369807305655
differential_evolution step 94: f(x)= 77.80369807305655
differential_evolution step 95: f(x)= 77.80369807305655
differential_evolution step 96: f(x)= 77.80369807305655
differential_evolution step 97: f(x)= 77.80369807305655
differential_evolution step 98: f(x)= 77.80369807305655
differential_evolution step 99: f(x)= 77.80369807305655
differential_evolution step 100: f(x)= 77.80369807305655
differential_evolution step 101: f(x)= 77.80369807305655
differential_evolution step 102: f(x)= 57.3044951807361
differential_evolution step 103: f(x)= 57.3044951807361
differential_evolution step 104: f(x)= 57.3044951807361
differential_evolution step 105: f(x)= 57.3044951807361
differential_evolution step 106: f(x)= 57.3044951807361
differential_evolution step 107: f(x)= 57.3044951807361
differential_evolution step 108: f(x)= 57.3044951807361
differential_evolution step 109: f(x)= 57.3044951807361
differential_evolution step 110: f(x)= 57.3044951807361
differential_evolution step 111: f(x)= 57.3044951807361
differential_evolution step 112: f(x)= 57.3044951807361
differential_evolution step 113: f(x)= 57.3044951807361
differential_evolution step 114: f(x)= 57.3044951807361
differential_evolution step 115: f(x)= 57.3044951807361
differential_evolution step 116: f(x)= 57.3044951807361
differential_evolution step 117: f(x)= 57.3044951807361
differential_evolution step 118: f(x)= 54.14141758772897
differential_evolution step 119: f(x)= 54.14141758772897
differential_evolution step 120: f(x)= 54.14141758772897
differential_evolution step 121: f(x)= 54.14141758772897
differential_evolution step 122: f(x)= 54.14141758772897
differential_evolution step 123: f(x)= 54.14141758772897
differential_evolution step 124: f(x)= 54.14141758772897
differential_evolution step 125: f(x)= 54.14141758772897
differential_evolution step 126: f(x)= 54.14141758772897
differential_evolution step 127: f(x)= 54.14141758772897
differential_evolution step 128: f(x)= 54.14141758772897
differential_evolution step 129: f(x)= 54.14141758772897
differential_evolution step 130: f(x)= 54.14141758772897
differential_evolution step 131: f(x)= 54.14141758772897
differential_evolution step 132: f(x)= 54.14141758772897
differential_evolution step 133: f(x)= 54.14141758772897
differential_evolution step 134: f(x)= 54.14141758772897
differential_evolution step 135: f(x)= 53.72289722334591
differential_evolution step 136: f(x)= 53.09829386650318
differential_evolution step 137: f(x)= 53.09829386650318
differential_evolution step 138: f(x)= 52.63034201123017
differential_evolution step 139: f(x)= 52.63034201123017
differential_evolution step 140: f(x)= 52.63034201123017
differential_evolution step 141: f(x)= 52.63034201123017
differential_evolution step 142: f(x)= 51.839088844941216
differential_evolution step 143: f(x)= 51.839088844941216
differential_evolution step 144: f(x)= 50.91718384993291
differential_evolution step 145: f(x)= 50.91718384993291
differential_evolution step 146: f(x)= 50.91718384993291
differential_evolution step 147: f(x)= 50.91718384993291
differential_evolution step 148: f(x)= 50.91718384993291
differential_evolution step 149: f(x)= 50.91718384993291
differential_evolution step 150: f(x)= 50.91718384993291
differential_evolution step 151: f(x)= 50.91718384993291
differential_evolution step 152: f(x)= 50.91718384993291
differential_evolution step 153: f(x)= 50.91718384993291
differential_evolution step 154: f(x)= 50.855356326684166
differential_evolution step 155: f(x)= 50.855356326684166
differential_evolution step 156: f(x)= 50.855356326684166
differential_evolution step 157: f(x)= 50.855356326684166
differential_evolution step 158: f(x)= 50.855356326684166
differential_evolution step 159: f(x)= 50.855356326684166
differential_evolution step 160: f(x)= 50.855356326684166
differential_evolution step 161: f(x)= 50.855356326684166
differential_evolution step 162: f(x)= 50.855356326684166
differential_evolution step 163: f(x)= 50.855356326684166
differential_evolution step 164: f(x)= 50.855356326684166
differential_evolution step 165: f(x)= 50.855356326684166
differential_evolution step 166: f(x)= 50.855356326684166
differential_evolution step 167: f(x)= 50.855356326684166
differential_evolution step 168: f(x)= 50.855356326684166
differential_evolution step 169: f(x)= 50.750529325011705
differential_evolution step 170: f(x)= 50.750529325011705
differential_evolution step 171: f(x)= 50.750529325011705
differential_evolution step 172: f(x)= 50.74153121702564
differential_evolution step 173: f(x)= 50.74153121702564
differential_evolution step 174: f(x)= 50.74153121702564
differential_evolution step 175: f(x)= 50.74153121702564
differential_evolution step 176: f(x)= 50.74153121702564
differential_evolution step 177: f(x)= 50.74153121702564
differential_evolution step 178: f(x)= 50.74153121702564
differential_evolution step 179: f(x)= 50.74153121702564
differential_evolution step 180: f(x)= 50.74153121702564
differential_evolution step 181: f(x)= 50.70219966924328
differential_evolution step 182: f(x)= 50.70219966924328
differential_evolution step 183: f(x)= 50.70219966924328
differential_evolution step 184: f(x)= 50.70219966924328
differential_evolution step 185: f(x)= 50.70219966924328
differential_evolution step 186: f(x)= 50.70219966924328
differential_evolution step 187: f(x)= 50.70219966924328
differential_evolution step 188: f(x)= 50.70219966924328
differential_evolution step 189: f(x)= 50.70219966924328
differential_evolution step 190: f(x)= 50.70219966924328
differential_evolution step 191: f(x)= 50.70174239625254
differential_evolution step 192: f(x)= 50.70174239625254
differential_evolution step 193: f(x)= 50.69661823692776
differential_evolution step 194: f(x)= 50.66748558743852
differential_evolution step 195: f(x)= 50.65629051395206
differential_evolution step 196: f(x)= 50.65271711611937
differential_evolution step 197: f(x)= 50.63990035663693
differential_evolution step 198: f(x)= 50.63990035663693
differential_evolution step 199: f(x)= 50.63990035663693
differential_evolution step 200: f(x)= 50.63990035663693
Cluster 0 DE best chi^2: 50.640 with params {'x_src': np.float64(73.20309229205975), 'y_src': np.float64(78.37942654214719), 'z_s': np.float64(3.8018429764125075)}
--- Running DE for Cluster 1 ---
[DE] Process Pool with 16 procs (init=latinhypercube, popsize=50)
differential_evolution step 1: f(x)= 3000.0
differential_evolution step 2: f(x)= 3000.0
differential_evolution step 3: f(x)= 3000.0
differential_evolution step 4: f(x)= 3000.0
differential_evolution step 5: f(x)= 3000.0
differential_evolution step 6: f(x)= 3000.0
differential_evolution step 7: f(x)= 3000.0
differential_evolution step 8: f(x)= 3000.0
differential_evolution step 9: f(x)= 3000.0
differential_evolution step 10: f(x)= 3000.0
differential_evolution step 11: f(x)= 3000.0
differential_evolution step 12: f(x)= 3000.0
differential_evolution step 13: f(x)= 3000.0
differential_evolution step 14: f(x)= 3000.0
differential_evolution step 15: f(x)= 3000.0
differential_evolution step 16: f(x)= 3000.0
differential_evolution step 17: f(x)= 3000.0
differential_evolution step 18: f(x)= 3000.0
differential_evolution step 19: f(x)= 3000.0
differential_evolution step 20: f(x)= 3000.0
differential_evolution step 21: f(x)= 3000.0
differential_evolution step 22: f(x)= 3000.0
differential_evolution step 23: f(x)= 3000.0
differential_evolution step 24: f(x)= 3000.0
differential_evolution step 25: f(x)= 3000.0
differential_evolution step 26: f(x)= 3000.0
differential_evolution step 27: f(x)= 3000.0
differential_evolution step 28: f(x)= 3000.0
differential_evolution step 29: f(x)= 3000.0
differential_evolution step 30: f(x)= 3000.0
differential_evolution step 31: f(x)= 3000.0
differential_evolution step 32: f(x)= 3000.0
Cluster 1 DE best chi^2: 3000.000 with params {'x_src': np.float64(207.71804126199345), 'y_src': np.float64(194.973903695353), 'z_s': np.float64(1.3976232216456768)}
--- Running DE for Cluster 2 ---
[DE] Process Pool with 16 procs (init=latinhypercube, popsize=50)
differential_evolution step 1: f(x)= 703.2134461647443
differential_evolution step 2: f(x)= 703.2134461647443
differential_evolution step 3: f(x)= 463.43610937295296
differential_evolution step 4: f(x)= 463.43610937295296
differential_evolution step 5: f(x)= 215.3440830233382
differential_evolution step 6: f(x)= 215.3440830233382
differential_evolution step 7: f(x)= 202.05202371159902
differential_evolution step 8: f(x)= 122.20818349617808
differential_evolution step 9: f(x)= 122.20818349617808
differential_evolution step 10: f(x)= 122.20818349617808
differential_evolution step 11: f(x)= 122.20818349617808
differential_evolution step 12: f(x)= 122.20818349617808
differential_evolution step 13: f(x)= 122.20818349617808
differential_evolution step 14: f(x)= 122.20818349617808
differential_evolution step 15: f(x)= 122.20818349617808
differential_evolution step 16: f(x)= 122.20818349617808
differential_evolution step 17: f(x)= 108.2271553639882
differential_evolution step 18: f(x)= 108.2271553639882
differential_evolution step 19: f(x)= 108.2271553639882
differential_evolution step 20: f(x)= 71.66050320304664
differential_evolution step 21: f(x)= 71.66050320304664
differential_evolution step 22: f(x)= 71.66050320304664
differential_evolution step 23: f(x)= 67.52012359005805
differential_evolution step 24: f(x)= 66.89749805939435
differential_evolution step 25: f(x)= 66.89749805939435
differential_evolution step 26: f(x)= 66.89749805939435
differential_evolution step 27: f(x)= 66.89749805939435
differential_evolution step 28: f(x)= 64.46049890252493
differential_evolution step 29: f(x)= 64.46049890252493
differential_evolution step 30: f(x)= 64.46049890252493
differential_evolution step 31: f(x)= 64.46049890252493
differential_evolution step 32: f(x)= 64.46049890252493
differential_evolution step 33: f(x)= 64.46049890252493
differential_evolution step 34: f(x)= 64.46049890252493
differential_evolution step 35: f(x)= 64.46049890252493
differential_evolution step 36: f(x)= 64.46049890252493
differential_evolution step 37: f(x)= 64.46049890252493
differential_evolution step 38: f(x)= 64.46049890252493
differential_evolution step 39: f(x)= 64.46049890252493
differential_evolution step 40: f(x)= 64.46049890252493
differential_evolution step 41: f(x)= 63.483423124890166
differential_evolution step 42: f(x)= 55.14788937991112
differential_evolution step 43: f(x)= 55.14788937991112
differential_evolution step 44: f(x)= 55.14788937991112
differential_evolution step 45: f(x)= 55.14788937991112
differential_evolution step 46: f(x)= 55.14788937991112
differential_evolution step 47: f(x)= 51.653956522131224
differential_evolution step 48: f(x)= 51.653956522131224
differential_evolution step 49: f(x)= 51.653956522131224
differential_evolution step 50: f(x)= 51.653956522131224
differential_evolution step 51: f(x)= 51.653956522131224
differential_evolution step 52: f(x)= 51.653956522131224
differential_evolution step 53: f(x)= 51.653956522131224
differential_evolution step 54: f(x)= 51.653956522131224
differential_evolution step 55: f(x)= 51.653956522131224
differential_evolution step 56: f(x)= 51.653956522131224
differential_evolution step 57: f(x)= 51.653956522131224
differential_evolution step 58: f(x)= 51.653956522131224
differential_evolution step 59: f(x)= 51.653956522131224
differential_evolution step 60: f(x)= 51.653956522131224
differential_evolution step 61: f(x)= 51.653956522131224
differential_evolution step 62: f(x)= 51.653956522131224
differential_evolution step 63: f(x)= 51.653956522131224
differential_evolution step 64: f(x)= 50.91730059329211
differential_evolution step 65: f(x)= 50.91730059329211
differential_evolution step 66: f(x)= 50.91730059329211
differential_evolution step 67: f(x)= 50.91730059329211
differential_evolution step 68: f(x)= 50.91730059329211
differential_evolution step 69: f(x)= 50.91730059329211
differential_evolution step 70: f(x)= 50.91730059329211
differential_evolution step 71: f(x)= 50.91730059329211
differential_evolution step 72: f(x)= 50.91730059329211
differential_evolution step 73: f(x)= 50.91730059329211
differential_evolution step 74: f(x)= 50.91730059329211
differential_evolution step 75: f(x)= 50.91730059329211
differential_evolution step 76: f(x)= 50.91730059329211
differential_evolution step 77: f(x)= 50.91730059329211
differential_evolution step 78: f(x)= 50.91730059329211
differential_evolution step 79: f(x)= 50.91730059329211
differential_evolution step 80: f(x)= 50.91730059329211
differential_evolution step 81: f(x)= 50.91730059329211
differential_evolution step 82: f(x)= 50.91730059329211
differential_evolution step 83: f(x)= 50.91730059329211
differential_evolution step 84: f(x)= 50.91730059329211
differential_evolution step 85: f(x)= 50.91730059329211
differential_evolution step 86: f(x)= 50.91730059329211
differential_evolution step 87: f(x)= 50.46768292942892
differential_evolution step 88: f(x)= 49.59943020453562
differential_evolution step 89: f(x)= 49.59943020453562
differential_evolution step 90: f(x)= 49.59943020453562
differential_evolution step 91: f(x)= 49.59943020453562
differential_evolution step 92: f(x)= 49.59943020453562
differential_evolution step 93: f(x)= 49.59943020453562
differential_evolution step 94: f(x)= 49.59943020453562
differential_evolution step 95: f(x)= 49.59943020453562
differential_evolution step 96: f(x)= 49.59943020453562
differential_evolution step 97: f(x)= 49.59943020453562
differential_evolution step 98: f(x)= 49.59943020453562
differential_evolution step 99: f(x)= 49.59943020453562
differential_evolution step 100: f(x)= 49.59943020453562
differential_evolution step 101: f(x)= 49.36890961604297
differential_evolution step 102: f(x)= 49.36890961604297
differential_evolution step 103: f(x)= 49.36890961604297
differential_evolution step 104: f(x)= 49.36890961604297
differential_evolution step 105: f(x)= 49.36890961604297
differential_evolution step 106: f(x)= 49.36890961604297
differential_evolution step 107: f(x)= 49.36890961604297
differential_evolution step 108: f(x)= 49.36890961604297
differential_evolution step 109: f(x)= 49.36890961604297
differential_evolution step 110: f(x)= 49.36890961604297
differential_evolution step 111: f(x)= 49.21461202278962
differential_evolution step 112: f(x)= 49.13569570207375
differential_evolution step 113: f(x)= 49.13569570207375
differential_evolution step 114: f(x)= 48.84961985423406
differential_evolution step 115: f(x)= 48.67543693877923
differential_evolution step 116: f(x)= 48.67543693877923
differential_evolution step 117: f(x)= 48.43872695719165
differential_evolution step 118: f(x)= 48.43872695719165
differential_evolution step 119: f(x)= 48.43872695719165
differential_evolution step 120: f(x)= 48.242932390105295
differential_evolution step 121: f(x)= 48.242932390105295
differential_evolution step 122: f(x)= 31.827963245269995
differential_evolution step 123: f(x)= 31.827963245269995
differential_evolution step 124: f(x)= 31.827963245269995
differential_evolution step 125: f(x)= 31.827963245269995
differential_evolution step 126: f(x)= 31.827963245269995
differential_evolution step 127: f(x)= 31.827963245269995
differential_evolution step 128: f(x)= 31.827963245269995
differential_evolution step 129: f(x)= 31.827963245269995
differential_evolution step 130: f(x)= 31.827963245269995
differential_evolution step 131: f(x)= 31.827963245269995
differential_evolution step 132: f(x)= 31.827963245269995
differential_evolution step 133: f(x)= 31.827963245269995
differential_evolution step 134: f(x)= 31.827963245269995
differential_evolution step 135: f(x)= 31.827963245269995
differential_evolution step 136: f(x)= 31.827963245269995
differential_evolution step 137: f(x)= 31.827963245269995
differential_evolution step 138: f(x)= 31.827963245269995
differential_evolution step 139: f(x)= 31.827963245269995
differential_evolution step 140: f(x)= 31.827963245269995
differential_evolution step 141: f(x)= 31.827963245269995
differential_evolution step 142: f(x)= 31.827963245269995
differential_evolution step 143: f(x)= 31.827963245269995
differential_evolution step 144: f(x)= 31.827963245269995
differential_evolution step 145: f(x)= 31.827963245269995
differential_evolution step 146: f(x)= 31.827963245269995
differential_evolution step 147: f(x)= 31.827963245269995
differential_evolution step 148: f(x)= 31.827963245269995
differential_evolution step 149: f(x)= 31.827963245269995
differential_evolution step 150: f(x)= 31.827963245269995
differential_evolution step 151: f(x)= 31.827963245269995
differential_evolution step 152: f(x)= 31.827963245269995
differential_evolution step 153: f(x)= 31.827963245269995
differential_evolution step 154: f(x)= 31.827963245269995
differential_evolution step 155: f(x)= 31.827963245269995
differential_evolution step 156: f(x)= 31.827963245269995
differential_evolution step 157: f(x)= 30.641136964967323
differential_evolution step 158: f(x)= 30.641136964967323
differential_evolution step 159: f(x)= 30.641136964967323
differential_evolution step 160: f(x)= 30.641136964967323
differential_evolution step 161: f(x)= 30.641136964967323
differential_evolution step 162: f(x)= 30.641136964967323
differential_evolution step 163: f(x)= 30.641136964967323
differential_evolution step 164: f(x)= 30.641136964967323
differential_evolution step 165: f(x)= 30.641136964967323
differential_evolution step 166: f(x)= 30.641136964967323
differential_evolution step 167: f(x)= 30.641136964967323
differential_evolution step 168: f(x)= 30.641136964967323
differential_evolution step 169: f(x)= 30.641136964967323
differential_evolution step 170: f(x)= 30.641136964967323
differential_evolution step 171: f(x)= 30.641136964967323
differential_evolution step 172: f(x)= 30.641136964967323
differential_evolution step 173: f(x)= 30.641136964967323
differential_evolution step 174: f(x)= 30.641136964967323
differential_evolution step 175: f(x)= 30.641136964967323
differential_evolution step 176: f(x)= 30.53117864674536
differential_evolution step 177: f(x)= 30.53117864674536
differential_evolution step 178: f(x)= 30.53117864674536
differential_evolution step 179: f(x)= 30.53117864674536
differential_evolution step 180: f(x)= 30.53117864674536
differential_evolution step 181: f(x)= 30.53117864674536
differential_evolution step 182: f(x)= 30.53117864674536
differential_evolution step 183: f(x)= 30.53117864674536
differential_evolution step 184: f(x)= 30.53117864674536
differential_evolution step 185: f(x)= 30.53117864674536
differential_evolution step 186: f(x)= 30.53117864674536
differential_evolution step 187: f(x)= 30.23533944270248
differential_evolution step 188: f(x)= 30.23533944270248
differential_evolution step 189: f(x)= 30.23533944270248
differential_evolution step 190: f(x)= 30.23533944270248
differential_evolution step 191: f(x)= 30.23533944270248
differential_evolution step 192: f(x)= 30.23533944270248
differential_evolution step 193: f(x)= 30.23533944270248
differential_evolution step 194: f(x)= 30.23533944270248
differential_evolution step 195: f(x)= 30.23533944270248
differential_evolution step 196: f(x)= 30.23533944270248
differential_evolution step 197: f(x)= 30.23533944270248
differential_evolution step 198: f(x)= 30.23533944270248
differential_evolution step 199: f(x)= 30.23533944270248
differential_evolution step 200: f(x)= 30.23533944270248
Cluster 2 DE best chi^2: 30.235 with params {'x_src': np.float64(98.04335607812989), 'y_src': np.float64(97.4831334656628), 'z_s': np.float64(2.853886434189752)}
--- Running DE for Cluster 3 ---
[DE] Process Pool with 16 procs (init=latinhypercube, popsize=50)
differential_evolution step 1: f(x)= 3000.0
differential_evolution step 2: f(x)= 3000.0
differential_evolution step 3: f(x)= 3000.0
differential_evolution step 4: f(x)= 3000.0
differential_evolution step 5: f(x)= 3000.0
differential_evolution step 6: f(x)= 3000.0
differential_evolution step 7: f(x)= 3000.0
differential_evolution step 8: f(x)= 3000.0
differential_evolution step 9: f(x)= 3000.0
differential_evolution step 10: f(x)= 3000.0
differential_evolution step 11: f(x)= 3000.0
differential_evolution step 12: f(x)= 3000.0
differential_evolution step 13: f(x)= 3000.0
differential_evolution step 14: f(x)= 794.5101024649214
differential_evolution step 15: f(x)= 794.5101024649214
differential_evolution step 16: f(x)= 794.5101024649214
differential_evolution step 17: f(x)= 794.5101024649214
differential_evolution step 18: f(x)= 794.5101024649214
differential_evolution step 19: f(x)= 794.5101024649214
differential_evolution step 20: f(x)= 794.5101024649214
differential_evolution step 21: f(x)= 794.5101024649214
differential_evolution step 22: f(x)= 794.5101024649214
differential_evolution step 23: f(x)= 794.5101024649214
differential_evolution step 24: f(x)= 794.5101024649214
differential_evolution step 25: f(x)= 794.5101024649214
differential_evolution step 26: f(x)= 794.5101024649214
differential_evolution step 27: f(x)= 794.5101024649214
differential_evolution step 28: f(x)= 794.5101024649214
differential_evolution step 29: f(x)= 794.5101024649214
differential_evolution step 30: f(x)= 794.5101024649214
differential_evolution step 31: f(x)= 794.5101024649214
differential_evolution step 32: f(x)= 794.5101024649214
differential_evolution step 33: f(x)= 794.5101024649214
differential_evolution step 34: f(x)= 794.5101024649214
differential_evolution step 35: f(x)= 794.5101024649214
differential_evolution step 36: f(x)= 794.5101024649214
differential_evolution step 37: f(x)= 794.5101024649214
differential_evolution step 38: f(x)= 794.5101024649214
differential_evolution step 39: f(x)= 794.5101024649214
differential_evolution step 40: f(x)= 794.5101024649214
differential_evolution step 41: f(x)= 794.5101024649214
differential_evolution step 42: f(x)= 794.5101024649214
differential_evolution step 43: f(x)= 794.5101024649214
differential_evolution step 44: f(x)= 794.5101024649214
differential_evolution step 45: f(x)= 794.5101024649214
differential_evolution step 46: f(x)= 794.5101024649214
differential_evolution step 47: f(x)= 794.5101024649214
differential_evolution step 48: f(x)= 794.5101024649214
differential_evolution step 49: f(x)= 794.5101024649214
differential_evolution step 50: f(x)= 794.5101024649214
differential_evolution step 51: f(x)= 794.5101024649214
differential_evolution step 52: f(x)= 794.5101024649214
differential_evolution step 53: f(x)= 794.5101024649214
differential_evolution step 54: f(x)= 794.5101024649214
differential_evolution step 55: f(x)= 794.5101024649214
differential_evolution step 56: f(x)= 794.5101024649214
differential_evolution step 57: f(x)= 794.5101024649214
differential_evolution step 58: f(x)= 794.5101024649214
differential_evolution step 59: f(x)= 794.5101024649214
differential_evolution step 60: f(x)= 794.5101024649214
differential_evolution step 61: f(x)= 794.5101024649214
differential_evolution step 62: f(x)= 794.5101024649214
differential_evolution step 63: f(x)= 794.5101024649214
differential_evolution step 64: f(x)= 794.5101024649214
differential_evolution step 65: f(x)= 755.5356111361538
differential_evolution step 66: f(x)= 755.5356111361538
differential_evolution step 67: f(x)= 755.5356111361538
differential_evolution step 68: f(x)= 755.5356111361538
differential_evolution step 69: f(x)= 755.5356111361538
differential_evolution step 70: f(x)= 755.5356111361538
differential_evolution step 71: f(x)= 755.5356111361538
differential_evolution step 72: f(x)= 755.5356111361538
differential_evolution step 73: f(x)= 755.5356111361538
differential_evolution step 74: f(x)= 755.5356111361538
differential_evolution step 75: f(x)= 755.5356111361538
differential_evolution step 76: f(x)= 755.5356111361538
differential_evolution step 77: f(x)= 755.5356111361538
differential_evolution step 78: f(x)= 755.5356111361538
differential_evolution step 79: f(x)= 755.5356111361538
differential_evolution step 80: f(x)= 755.5356111361538
differential_evolution step 81: f(x)= 755.5356111361538
differential_evolution step 82: f(x)= 755.5356111361538
differential_evolution step 83: f(x)= 755.5356111361538
differential_evolution step 84: f(x)= 755.5356111361538
differential_evolution step 85: f(x)= 755.5356111361538
differential_evolution step 86: f(x)= 755.5356111361538
differential_evolution step 87: f(x)= 755.5356111361538
differential_evolution step 88: f(x)= 755.5356111361538
differential_evolution step 89: f(x)= 755.5356111361538
differential_evolution step 90: f(x)= 755.5356111361538
differential_evolution step 91: f(x)= 755.5356111361538
differential_evolution step 92: f(x)= 755.5356111361538
differential_evolution step 93: f(x)= 755.5356111361538
differential_evolution step 94: f(x)= 755.5356111361538
differential_evolution step 95: f(x)= 755.5356111361538
differential_evolution step 96: f(x)= 755.5356111361538
differential_evolution step 97: f(x)= 755.5356111361538
differential_evolution step 98: f(x)= 755.5356111361538
differential_evolution step 99: f(x)= 755.5356111361538
differential_evolution step 100: f(x)= 755.5356111361538
differential_evolution step 101: f(x)= 755.5356111361538
differential_evolution step 102: f(x)= 755.5356111361538
differential_evolution step 103: f(x)= 748.8093796460869
differential_evolution step 104: f(x)= 748.8093796460869
differential_evolution step 105: f(x)= 748.8093796460869
differential_evolution step 106: f(x)= 748.8093796460869
differential_evolution step 107: f(x)= 732.3928871015863
differential_evolution step 108: f(x)= 732.3928871015863
differential_evolution step 109: f(x)= 732.3928871015863
differential_evolution step 110: f(x)= 732.3928871015863
differential_evolution step 111: f(x)= 732.3928871015863
differential_evolution step 112: f(x)= 732.3928871015863
differential_evolution step 113: f(x)= 732.3928871015863
differential_evolution step 114: f(x)= 732.3928871015863
differential_evolution step 115: f(x)= 729.3068396825886
differential_evolution step 116: f(x)= 717.0315343639102
differential_evolution step 117: f(x)= 689.2754032906822
differential_evolution step 118: f(x)= 689.2754032906822
differential_evolution step 119: f(x)= 689.2754032906822
differential_evolution step 120: f(x)= 689.2754032906822
differential_evolution step 121: f(x)= 689.2754032906822
differential_evolution step 122: f(x)= 689.2754032906822
differential_evolution step 123: f(x)= 689.2754032906822
differential_evolution step 124: f(x)= 689.2754032906822
differential_evolution step 125: f(x)= 689.2754032906822
differential_evolution step 126: f(x)= 689.2754032906822
differential_evolution step 127: f(x)= 687.1626760293373
differential_evolution step 128: f(x)= 686.4331072723755
differential_evolution step 129: f(x)= 683.2740500910938
differential_evolution step 130: f(x)= 683.2740500910938
differential_evolution step 131: f(x)= 683.2740500910938
differential_evolution step 132: f(x)= 683.2740500910938
differential_evolution step 133: f(x)= 683.2740500910938
differential_evolution step 134: f(x)= 683.2740500910938
differential_evolution step 135: f(x)= 683.2740500910938
differential_evolution step 136: f(x)= 683.2740500910938
differential_evolution step 137: f(x)= 683.2740500910938
differential_evolution step 138: f(x)= 683.2740500910938
differential_evolution step 139: f(x)= 683.2740500910938
differential_evolution step 140: f(x)= 682.754582199683
differential_evolution step 141: f(x)= 682.754582199683
differential_evolution step 142: f(x)= 682.754582199683
differential_evolution step 143: f(x)= 682.754582199683
differential_evolution step 144: f(x)= 682.754582199683
differential_evolution step 145: f(x)= 682.1945214115264
differential_evolution step 146: f(x)= 682.1945214115264
differential_evolution step 147: f(x)= 682.1945214115264
differential_evolution step 148: f(x)= 682.1945214115264
differential_evolution step 149: f(x)= 682.1634930650193
differential_evolution step 150: f(x)= 682.1634930650193
differential_evolution step 151: f(x)= 681.6489766683035
differential_evolution step 152: f(x)= 681.6489766683035
differential_evolution step 153: f(x)= 681.6489766683035
differential_evolution step 154: f(x)= 680.9945491090976
differential_evolution step 155: f(x)= 680.9945491090976
differential_evolution step 156: f(x)= 680.9945491090976
differential_evolution step 157: f(x)= 680.9945491090976
differential_evolution step 158: f(x)= 680.9945491090976
differential_evolution step 159: f(x)= 680.9945491090976
differential_evolution step 160: f(x)= 680.9945491090976
differential_evolution step 161: f(x)= 680.9945491090976
differential_evolution step 162: f(x)= 680.9945491090976
differential_evolution step 163: f(x)= 680.9945491090976
differential_evolution step 164: f(x)= 680.9945491090976
differential_evolution step 165: f(x)= 680.9945491090976
differential_evolution step 166: f(x)= 680.8964940323464
differential_evolution step 167: f(x)= 680.8964940323464
differential_evolution step 168: f(x)= 680.744572611802
differential_evolution step 169: f(x)= 680.744572611802
differential_evolution step 170: f(x)= 680.744572611802
differential_evolution step 171: f(x)= 680.744572611802
differential_evolution step 172: f(x)= 680.744572611802
differential_evolution step 173: f(x)= 680.744572611802
differential_evolution step 174: f(x)= 680.744572611802
differential_evolution step 175: f(x)= 680.744572611802
differential_evolution step 176: f(x)= 680.744572611802
differential_evolution step 177: f(x)= 680.6425483531566
differential_evolution step 178: f(x)= 680.5853657905354
differential_evolution step 179: f(x)= 680.5853657905354
differential_evolution step 180: f(x)= 680.5853657905354
differential_evolution step 181: f(x)= 680.5853657905354
differential_evolution step 182: f(x)= 680.5853657905354
differential_evolution step 183: f(x)= 680.5853657905354
differential_evolution step 184: f(x)= 680.5853657905354
differential_evolution step 185: f(x)= 680.5853657905354
differential_evolution step 186: f(x)= 680.5853657905354
differential_evolution step 187: f(x)= 680.5853657905354
differential_evolution step 188: f(x)= 680.5853657905354
differential_evolution step 189: f(x)= 680.5853657905354
differential_evolution step 190: f(x)= 680.5853657905354
differential_evolution step 191: f(x)= 680.5109415583418
differential_evolution step 192: f(x)= 680.5109415583418
differential_evolution step 193: f(x)= 680.5109415583418
differential_evolution step 194: f(x)= 680.5109415583418
differential_evolution step 195: f(x)= 680.5109415583418
differential_evolution step 196: f(x)= 680.5109415583418
differential_evolution step 197: f(x)= 680.5109415583418
differential_evolution step 198: f(x)= 680.5109415583418
differential_evolution step 199: f(x)= 680.5109415583418
differential_evolution step 200: f(x)= 680.5109415583418
Cluster 3 DE best chi^2: 680.511 with params {'x_src': np.float64(110.83879188716386), 'y_src': np.float64(122.76280366497281), 'z_s': np.float64(4.235621055467495)}
--- Running DE for Cluster 4 ---
[DE] Process Pool with 16 procs (init=latinhypercube, popsize=50)
differential_evolution step 1: f(x)= 3000.0
differential_evolution step 2: f(x)= 656.9120839350765
differential_evolution step 3: f(x)= 656.9120839350765
differential_evolution step 4: f(x)= 656.9120839350765
differential_evolution step 5: f(x)= 656.9120839350765
differential_evolution step 6: f(x)= 656.9120839350765
differential_evolution step 7: f(x)= 656.9120839350765
differential_evolution step 8: f(x)= 656.9120839350765
differential_evolution step 9: f(x)= 656.9120839350765
differential_evolution step 10: f(x)= 656.9120839350765
differential_evolution step 11: f(x)= 162.9599249480792
differential_evolution step 12: f(x)= 162.9599249480792
differential_evolution step 13: f(x)= 162.9599249480792
differential_evolution step 14: f(x)= 162.9599249480792
differential_evolution step 15: f(x)= 162.9599249480792
differential_evolution step 16: f(x)= 162.9599249480792
differential_evolution step 17: f(x)= 162.9599249480792
differential_evolution step 18: f(x)= 162.9599249480792
differential_evolution step 19: f(x)= 162.9599249480792
differential_evolution step 20: f(x)= 162.9599249480792
differential_evolution step 21: f(x)= 162.9599249480792
differential_evolution step 22: f(x)= 162.9599249480792
differential_evolution step 23: f(x)= 162.9599249480792
differential_evolution step 24: f(x)= 162.9599249480792
differential_evolution step 25: f(x)= 162.9599249480792
differential_evolution step 26: f(x)= 162.9599249480792
differential_evolution step 27: f(x)= 162.9599249480792
differential_evolution step 28: f(x)= 162.9599249480792
differential_evolution step 29: f(x)= 162.9599249480792
differential_evolution step 30: f(x)= 162.9599249480792
differential_evolution step 31: f(x)= 162.9599249480792
differential_evolution step 32: f(x)= 162.9599249480792
differential_evolution step 33: f(x)= 162.9599249480792
differential_evolution step 34: f(x)= 162.9599249480792
differential_evolution step 35: f(x)= 162.9599249480792
differential_evolution step 36: f(x)= 162.9599249480792
differential_evolution step 37: f(x)= 162.9599249480792
differential_evolution step 38: f(x)= 162.9599249480792
differential_evolution step 39: f(x)= 162.9599249480792
differential_evolution step 40: f(x)= 162.9599249480792
differential_evolution step 41: f(x)= 162.9599249480792
differential_evolution step 42: f(x)= 162.9599249480792
differential_evolution step 43: f(x)= 162.9599249480792
differential_evolution step 44: f(x)= 162.9599249480792
differential_evolution step 45: f(x)= 162.9599249480792
differential_evolution step 46: f(x)= 162.9599249480792
differential_evolution step 47: f(x)= 162.9599249480792
differential_evolution step 48: f(x)= 162.9599249480792
differential_evolution step 49: f(x)= 162.9599249480792
differential_evolution step 50: f(x)= 162.9599249480792
differential_evolution step 51: f(x)= 162.9599249480792
differential_evolution step 52: f(x)= 162.9599249480792
differential_evolution step 53: f(x)= 162.9599249480792
differential_evolution step 54: f(x)= 162.9599249480792
differential_evolution step 55: f(x)= 162.9599249480792
differential_evolution step 56: f(x)= 162.9599249480792
differential_evolution step 57: f(x)= 162.9599249480792
differential_evolution step 58: f(x)= 162.9599249480792
differential_evolution step 59: f(x)= 117.5190393987176
differential_evolution step 60: f(x)= 117.5190393987176
differential_evolution step 61: f(x)= 117.5190393987176
differential_evolution step 62: f(x)= 117.5190393987176
differential_evolution step 63: f(x)= 117.5190393987176
differential_evolution step 64: f(x)= 117.5190393987176
differential_evolution step 65: f(x)= 117.5190393987176
differential_evolution step 66: f(x)= 117.5190393987176
differential_evolution step 67: f(x)= 117.5190393987176
differential_evolution step 68: f(x)= 117.5190393987176
differential_evolution step 69: f(x)= 117.5190393987176
differential_evolution step 70: f(x)= 117.5190393987176
differential_evolution step 71: f(x)= 117.5190393987176
differential_evolution step 72: f(x)= 117.5190393987176
differential_evolution step 73: f(x)= 117.5190393987176
differential_evolution step 74: f(x)= 117.5190393987176
differential_evolution step 75: f(x)= 117.5190393987176
differential_evolution step 76: f(x)= 115.12760453207105
differential_evolution step 77: f(x)= 115.12760453207105
differential_evolution step 78: f(x)= 115.12760453207105
differential_evolution step 79: f(x)= 115.12760453207105
differential_evolution step 80: f(x)= 115.12760453207105
differential_evolution step 81: f(x)= 115.12760453207105
differential_evolution step 82: f(x)= 115.12760453207105
differential_evolution step 83: f(x)= 115.12760453207105
differential_evolution step 84: f(x)= 115.12760453207105
differential_evolution step 85: f(x)= 115.12760453207105
differential_evolution step 86: f(x)= 115.12760453207105
differential_evolution step 87: f(x)= 103.36108843741525
differential_evolution step 88: f(x)= 96.97185832459176
differential_evolution step 89: f(x)= 96.97185832459176
differential_evolution step 90: f(x)= 96.97185832459176
differential_evolution step 91: f(x)= 96.97185832459176
differential_evolution step 92: f(x)= 96.97185832459176
differential_evolution step 93: f(x)= 96.97185832459176
differential_evolution step 94: f(x)= 96.97185832459176
differential_evolution step 95: f(x)= 96.97185832459176
differential_evolution step 96: f(x)= 96.97185832459176
differential_evolution step 97: f(x)= 96.97185832459176
differential_evolution step 98: f(x)= 96.97185832459176
differential_evolution step 99: f(x)= 96.97185832459176
differential_evolution step 100: f(x)= 96.97185832459176
differential_evolution step 101: f(x)= 96.97185832459176
differential_evolution step 102: f(x)= 96.97185832459176
differential_evolution step 103: f(x)= 96.97185832459176
differential_evolution step 104: f(x)= 96.97185832459176
differential_evolution step 105: f(x)= 96.97185832459176
differential_evolution step 106: f(x)= 96.97185832459176
differential_evolution step 107: f(x)= 96.97185832459176
differential_evolution step 108: f(x)= 96.97185832459176
differential_evolution step 109: f(x)= 96.97185832459176
differential_evolution step 110: f(x)= 96.1592631078915
differential_evolution step 111: f(x)= 96.1592631078915
differential_evolution step 112: f(x)= 96.1592631078915
differential_evolution step 113: f(x)= 96.1592631078915
differential_evolution step 114: f(x)= 95.16001095394907
differential_evolution step 115: f(x)= 95.16001095394907
differential_evolution step 116: f(x)= 95.16001095394907
differential_evolution step 117: f(x)= 95.16001095394907
differential_evolution step 118: f(x)= 95.16001095394907
differential_evolution step 119: f(x)= 95.16001095394907
differential_evolution step 120: f(x)= 95.16001095394907
differential_evolution step 121: f(x)= 95.16001095394907
differential_evolution step 122: f(x)= 95.16001095394907
differential_evolution step 123: f(x)= 94.61453401672068
differential_evolution step 124: f(x)= 94.61453401672068
differential_evolution step 125: f(x)= 94.61453401672068
differential_evolution step 126: f(x)= 94.61453401672068
differential_evolution step 127: f(x)= 94.61453401672068
differential_evolution step 128: f(x)= 94.61453401672068
differential_evolution step 129: f(x)= 94.61453401672068
differential_evolution step 130: f(x)= 94.61453401672068
differential_evolution step 131: f(x)= 94.61453401672068
differential_evolution step 132: f(x)= 94.61453401672068
differential_evolution step 133: f(x)= 94.5651287338496
differential_evolution step 134: f(x)= 94.5651287338496
differential_evolution step 135: f(x)= 94.5651287338496
differential_evolution step 136: f(x)= 94.4991585335273
differential_evolution step 137: f(x)= 94.4991585335273
differential_evolution step 138: f(x)= 94.4991585335273
differential_evolution step 139: f(x)= 94.4991585335273
differential_evolution step 140: f(x)= 94.4991585335273
differential_evolution step 141: f(x)= 94.4991585335273
differential_evolution step 142: f(x)= 94.4991585335273
differential_evolution step 143: f(x)= 94.4991585335273
differential_evolution step 144: f(x)= 94.4991585335273
differential_evolution step 145: f(x)= 94.4991585335273
differential_evolution step 146: f(x)= 94.45724573765459
differential_evolution step 147: f(x)= 94.45724573765459
differential_evolution step 148: f(x)= 94.4419873224926
differential_evolution step 149: f(x)= 94.4419873224926
differential_evolution step 150: f(x)= 94.4419873224926
differential_evolution step 151: f(x)= 94.4419873224926
differential_evolution step 152: f(x)= 94.4419873224926
differential_evolution step 153: f(x)= 94.4419873224926
differential_evolution step 154: f(x)= 94.4419873224926
differential_evolution step 155: f(x)= 94.44045775982622
differential_evolution step 156: f(x)= 94.44045775982622
differential_evolution step 157: f(x)= 94.44045775982622
differential_evolution step 158: f(x)= 94.44045775982622
differential_evolution step 159: f(x)= 94.37957280324443
differential_evolution step 160: f(x)= 94.37957280324443
differential_evolution step 161: f(x)= 94.37957280324443
differential_evolution step 162: f(x)= 94.37957280324443
differential_evolution step 163: f(x)= 94.37957280324443
differential_evolution step 164: f(x)= 94.37957280324443
differential_evolution step 165: f(x)= 94.37957280324443
differential_evolution step 166: f(x)= 94.37957280324443
differential_evolution step 167: f(x)= 94.37957280324443
differential_evolution step 168: f(x)= 94.37957280324443
differential_evolution step 169: f(x)= 94.37957280324443
differential_evolution step 170: f(x)= 94.37592248973668
differential_evolution step 171: f(x)= 94.37592248973668
differential_evolution step 172: f(x)= 94.36844747158821
differential_evolution step 173: f(x)= 94.36844747158821
differential_evolution step 174: f(x)= 94.36844747158821
differential_evolution step 175: f(x)= 94.36844747158821
differential_evolution step 176: f(x)= 94.36844747158821
differential_evolution step 177: f(x)= 94.36844747158821
differential_evolution step 178: f(x)= 94.36844747158821
differential_evolution step 179: f(x)= 94.36844747158821
differential_evolution step 180: f(x)= 94.36844747158821
differential_evolution step 181: f(x)= 94.36844747158821
differential_evolution step 182: f(x)= 94.36844747158821
differential_evolution step 183: f(x)= 94.36844747158821
differential_evolution step 184: f(x)= 94.36844747158821
differential_evolution step 185: f(x)= 94.36149279454933
differential_evolution step 186: f(x)= 94.36149279454933
differential_evolution step 187: f(x)= 94.34832395507021
differential_evolution step 188: f(x)= 94.34832395507021
differential_evolution step 189: f(x)= 94.34832395507021
differential_evolution step 190: f(x)= 94.34832395507021
differential_evolution step 191: f(x)= 94.34832395507021
differential_evolution step 192: f(x)= 94.34832395507021
differential_evolution step 193: f(x)= 94.34832395507021
differential_evolution step 194: f(x)= 94.34832395507021
differential_evolution step 195: f(x)= 94.34832395507021
differential_evolution step 196: f(x)= 94.34832395507021
differential_evolution step 197: f(x)= 94.34832395507021
differential_evolution step 198: f(x)= 94.34832395507021
differential_evolution step 199: f(x)= 94.34832395507021
differential_evolution step 200: f(x)= 94.34832395507021
Cluster 4 DE best chi^2: 94.348 with params {'x_src': np.float64(240.79149745536898), 'y_src': np.float64(240.79201797860347), 'z_s': np.float64(1.8294879732742908)}
--- Running DE for Cluster 5 ---
[DE] Process Pool with 16 procs (init=latinhypercube, popsize=50)
differential_evolution step 1: f(x)= 4242.640687119286
differential_evolution step 2: f(x)= 4242.640687119286
differential_evolution step 3: f(x)= 4242.640687119286
differential_evolution step 4: f(x)= 4242.640687119286
differential_evolution step 5: f(x)= 4242.640687119286
differential_evolution step 6: f(x)= 4242.640687119286
differential_evolution step 7: f(x)= 3000.0
differential_evolution step 8: f(x)= 49.65417669817721
differential_evolution step 9: f(x)= 49.65417669817721
differential_evolution step 10: f(x)= 49.65417669817721
differential_evolution step 11: f(x)= 49.65417669817721
differential_evolution step 12: f(x)= 49.65417669817721
differential_evolution step 13: f(x)= 49.65417669817721
differential_evolution step 14: f(x)= 49.65417669817721
differential_evolution step 15: f(x)= 49.65417669817721
differential_evolution step 16: f(x)= 49.65417669817721
differential_evolution step 17: f(x)= 49.65417669817721
differential_evolution step 18: f(x)= 49.65417669817721
differential_evolution step 19: f(x)= 49.65417669817721
differential_evolution step 20: f(x)= 49.65417669817721
differential_evolution step 21: f(x)= 49.65417669817721
differential_evolution step 22: f(x)= 49.65417669817721
differential_evolution step 23: f(x)= 49.65417669817721
differential_evolution step 24: f(x)= 49.65417669817721
differential_evolution step 25: f(x)= 11.000325271666817
differential_evolution step 26: f(x)= 11.000325271666817
differential_evolution step 27: f(x)= 11.000325271666817
differential_evolution step 28: f(x)= 11.000325271666817
differential_evolution step 29: f(x)= 11.000325271666817
differential_evolution step 30: f(x)= 11.000325271666817
differential_evolution step 31: f(x)= 11.000325271666817
differential_evolution step 32: f(x)= 11.000325271666817
differential_evolution step 33: f(x)= 11.000325271666817
differential_evolution step 34: f(x)= 11.000325271666817
differential_evolution step 35: f(x)= 11.000325271666817
differential_evolution step 36: f(x)= 11.000325271666817
differential_evolution step 37: f(x)= 11.000325271666817
differential_evolution step 38: f(x)= 11.000325271666817
differential_evolution step 39: f(x)= 11.000325271666817
differential_evolution step 40: f(x)= 11.000325271666817
differential_evolution step 41: f(x)= 11.000325271666817
differential_evolution step 42: f(x)= 11.000325271666817
differential_evolution step 43: f(x)= 11.000325271666817
differential_evolution step 44: f(x)= 11.000325271666817
differential_evolution step 45: f(x)= 11.000325271666817
differential_evolution step 46: f(x)= 11.000325271666817
differential_evolution step 47: f(x)= 11.000325271666817
differential_evolution step 48: f(x)= 11.000325271666817
differential_evolution step 49: f(x)= 11.000325271666817
differential_evolution step 50: f(x)= 11.000325271666817
differential_evolution step 51: f(x)= 11.000325271666817
differential_evolution step 52: f(x)= 11.000325271666817
differential_evolution step 53: f(x)= 11.000325271666817
differential_evolution step 54: f(x)= 8.53513042349207
differential_evolution step 55: f(x)= 8.53513042349207
differential_evolution step 56: f(x)= 8.53513042349207
differential_evolution step 57: f(x)= 8.53513042349207
differential_evolution step 58: f(x)= 8.53513042349207
differential_evolution step 59: f(x)= 8.53513042349207
differential_evolution step 60: f(x)= 8.53513042349207
differential_evolution step 61: f(x)= 3.6103467104803717
differential_evolution step 62: f(x)= 3.6103467104803717
differential_evolution step 63: f(x)= 3.6103467104803717
differential_evolution step 64: f(x)= 1.206972215450744
differential_evolution step 65: f(x)= 1.043879497386888
differential_evolution step 66: f(x)= 1.043879497386888
differential_evolution step 67: f(x)= 0.7910579594623304
differential_evolution step 68: f(x)= 0.7910579594623304
differential_evolution step 69: f(x)= 0.7910579594623304
differential_evolution step 70: f(x)= 0.7910579594623304
differential_evolution step 71: f(x)= 0.7910579594623304
differential_evolution step 72: f(x)= 0.7910579594623304
differential_evolution step 73: f(x)= 0.7910579594623304
differential_evolution step 74: f(x)= 0.7910579594623304
differential_evolution step 75: f(x)= 0.4739002047712906
differential_evolution step 76: f(x)= 0.4739002047712906
differential_evolution step 77: f(x)= 0.4739002047712906
differential_evolution step 78: f(x)= 0.4739002047712906
differential_evolution step 79: f(x)= 0.4739002047712906
differential_evolution step 80: f(x)= 0.4739002047712906
differential_evolution step 81: f(x)= 0.4739002047712906
differential_evolution step 82: f(x)= 0.4739002047712906
differential_evolution step 83: f(x)= 0.2300428928625284
differential_evolution step 84: f(x)= 0.17383265321700797
differential_evolution step 85: f(x)= 0.17383265321700797
differential_evolution step 86: f(x)= 0.17383265321700797
differential_evolution step 87: f(x)= 0.13649181461232465
differential_evolution step 88: f(x)= 0.010068830159712373
Cluster 5 DE best chi^2: 0.010 with params {'x_src': np.float64(147.60149426859664), 'y_src': np.float64(147.58777431486578), 'z_s': np.float64(3.849044296445611)}

--- DE Optimization Summary ---
Best fit found for Cluster 5 with chi^2 = 0.010
Best-fit parameters: {'x_src': np.float64(147.60149426859664), 'y_src': np.float64(147.58777431486578), 'z_s': np.float64(3.849044296445611)}

--- Running MCMC for Cluster 5 (chi_sq=0.010) ---
[MCMC] Process Pool with 16 procs
  0%|          | 0/20000 [00:00<?, ?it/s]  1%|          | 138/20000 [01:40<4:00:32,  1.38it/s]  1%|          | 165/20000 [02:00<4:00:13,  1.38it/s]  1%|         | 277/20000 [03:20<3:57:52,  1.38it/s]  2%|         | 303/20000 [03:40<3:57:34,  1.38it/s]  2%|         | 423/20000 [05:00<3:50:22,  1.42it/s]  2%|         | 452/20000 [05:20<3:50:02,  1.42it/s]  3%|         | 574/20000 [06:40<3:42:56,  1.45it/s]  3%|         | 601/20000 [07:00<3:42:38,  1.45it/s]  4%|         | 725/20000 [08:21<3:38:26,  1.47it/s]  4%|         | 752/20000 [08:40<3:38:08,  1.47it/s]  4%|         | 873/20000 [10:01<3:36:23,  1.47it/s]  4%|         | 899/20000 [10:20<3:36:05,  1.47it/s]  5%|         | 1023/20000 [11:41<3:33:42,  1.48it/s]  5%|         | 1050/20000 [12:00<3:33:24,  1.48it/s]  6%|         | 1175/20000 [13:22<3:30:34,  1.49it/s]  6%|         | 1201/20000 [13:40<3:30:16,  1.49it/s]  7%|         | 1331/20000 [15:02<3:26:04,  1.51it/s]  7%|         | 1357/20000 [15:20<3:25:47,  1.51it/s]  7%|         | 1486/20000 [16:42<3:22:43,  1.52it/s]  8%|         | 1513/20000 [17:00<3:22:25,  1.52it/s]  8%|         | 1642/20000 [18:23<3:19:34,  1.53it/s]  8%|         | 1667/20000 [18:40<3:19:17,  1.53it/s]  9%|         | 1795/20000 [20:03<3:18:26,  1.53it/s]  9%|         | 1819/20000 [20:20<3:18:10,  1.53it/s] 10%|         | 1948/20000 [21:44<3:16:58,  1.53it/s] 10%|         | 1970/20000 [22:00<3:16:44,  1.53it/s] 10%|         | 2094/20000 [23:24<3:18:18,  1.50it/s] 11%|         | 2117/20000 [23:40<3:18:03,  1.50it/s] 11%|         | 2243/20000 [25:04<3:17:27,  1.50it/s] 11%|        | 2266/20000 [25:20<3:17:11,  1.50it/s] 12%|        | 2395/20000 [26:45<3:15:04,  1.50it/s] 12%|        | 2416/20000 [27:00<3:14:51,  1.50it/s] 13%|        | 2547/20000 [28:25<3:13:09,  1.51it/s] 13%|        | 2567/20000 [28:40<3:12:56,  1.51it/s] 13%|        | 2696/20000 [30:05<3:12:10,  1.50it/s] 14%|        | 2716/20000 [30:20<3:11:57,  1.50it/s] 14%|        | 2841/20000 [31:46<3:12:45,  1.48it/s] 14%|        | 2862/20000 [32:00<3:12:30,  1.48it/s] 15%|        | 2989/20000 [33:26<3:11:31,  1.48it/s] 15%|        | 3009/20000 [33:40<3:11:17,  1.48it/s] 16%|        | 3139/20000 [35:07<3:09:23,  1.48it/s] 16%|        | 3157/20000 [35:20<3:09:11,  1.48it/s] 16%|        | 3292/20000 [36:47<3:06:14,  1.50it/s] 17%|        | 3309/20000 [37:00<3:06:03,  1.50it/s] 17%|        | 3446/20000 [38:28<3:03:08,  1.51it/s] 17%|        | 3463/20000 [38:40<3:02:56,  1.51it/s] 18%|        | 3598/20000 [40:08<3:01:05,  1.51it/s] 18%|        | 3615/20000 [40:20<3:00:53,  1.51it/s] 19%|        | 3745/20000 [41:48<3:00:58,  1.50it/s] 19%|        | 3761/20000 [42:00<3:00:47,  1.50it/s] 19%|        | 3894/20000 [43:29<2:59:41,  1.49it/s] 20%|        | 3910/20000 [43:40<2:59:31,  1.49it/s] 20%|        | 4044/20000 [45:09<2:58:11,  1.49it/s] 20%|        | 4058/20000 [45:20<2:58:01,  1.49it/s] 21%|        | 4195/20000 [46:50<2:56:03,  1.50it/s] 21%|        | 4224/20000 [47:10<2:55:44,  1.50it/s] 22%|       | 4341/20000 [48:30<2:56:03,  1.48it/s] 22%|       | 4372/20000 [48:50<2:55:43,  1.48it/s] 22%|       | 4488/20000 [50:11<2:55:01,  1.48it/s] 23%|       | 4515/20000 [50:30<2:54:43,  1.48it/s] 23%|       | 4630/20000 [51:51<2:55:38,  1.46it/s] 23%|       | 4656/20000 [52:10<2:55:20,  1.46it/s] 24%|       | 4784/20000 [53:31<2:51:13,  1.48it/s] 24%|       | 4812/20000 [53:50<2:50:54,  1.48it/s] 25%|       | 4937/20000 [55:12<2:48:01,  1.49it/s] 25%|       | 4966/20000 [55:30<2:47:42,  1.49it/s] 25%|       | 5092/20000 [56:52<2:44:29,  1.51it/s] 26%|       | 5119/20000 [57:10<2:44:11,  1.51it/s] 26%|       | 5245/20000 [58:32<2:42:19,  1.51it/s] 26%|       | 5269/20000 [58:50<2:42:03,  1.51it/s] 27%|       | 5395/20000 [1:00:12<2:41:17,  1.51it/s] 27%|       | 5420/20000 [1:00:30<2:41:01,  1.51it/s] 28%|       | 5551/20000 [1:01:53<2:38:10,  1.52it/s] 28%|       | 5576/20000 [1:02:10<2:37:54,  1.52it/s] 29%|       | 5703/20000 [1:03:33<2:36:35,  1.52it/s] 29%|       | 5727/20000 [1:03:50<2:36:19,  1.52it/s] 29%|       | 5858/20000 [1:05:13<2:34:09,  1.53it/s] 29%|       | 5884/20000 [1:05:30<2:33:52,  1.53it/s] 30%|       | 6013/20000 [1:06:53<2:31:59,  1.53it/s] 30%|       | 6037/20000 [1:07:10<2:31:43,  1.53it/s] 31%|       | 6166/20000 [1:08:34<2:30:32,  1.53it/s] 31%|       | 6190/20000 [1:08:50<2:30:16,  1.53it/s] 32%|      | 6318/20000 [1:10:14<2:29:27,  1.53it/s] 32%|      | 6341/20000 [1:10:30<2:29:12,  1.53it/s] 32%|      | 6465/20000 [1:11:55<2:29:37,  1.51it/s] 32%|      | 6487/20000 [1:12:10<2:29:23,  1.51it/s] 33%|      | 6612/20000 [1:13:35<2:29:21,  1.49it/s] 33%|      | 6633/20000 [1:13:50<2:29:07,  1.49it/s] 34%|      | 6759/20000 [1:15:15<2:28:30,  1.49it/s] 34%|      | 6780/20000 [1:15:30<2:28:15,  1.49it/s] 35%|      | 6909/20000 [1:16:56<2:26:39,  1.49it/s] 35%|      | 6930/20000 [1:17:10<2:26:24,  1.49it/s] 35%|      | 7061/20000 [1:18:36<2:24:13,  1.50it/s] 35%|      | 7081/20000 [1:18:50<2:23:59,  1.50it/s] 36%|      | 7213/20000 [1:20:17<2:21:59,  1.50it/s] 36%|      | 7231/20000 [1:20:30<2:21:47,  1.50it/s] 37%|      | 7360/20000 [1:21:57<2:21:22,  1.49it/s] 37%|      | 7377/20000 [1:22:10<2:21:11,  1.49it/s] 38%|      | 7505/20000 [1:23:37<2:21:04,  1.48it/s] 38%|      | 7523/20000 [1:23:50<2:20:52,  1.48it/s] 38%|      | 7653/20000 [1:25:18<2:19:29,  1.48it/s] 38%|      | 7669/20000 [1:25:30<2:19:19,  1.48it/s] 39%|      | 7800/20000 [1:26:58<2:18:06,  1.47it/s] 39%|      | 7816/20000 [1:27:10<2:17:55,  1.47it/s] 40%|      | 7946/20000 [1:28:39<2:17:00,  1.47it/s] 40%|      | 7961/20000 [1:28:50<2:16:49,  1.47it/s] 40%|      | 8093/20000 [1:30:19<2:15:18,  1.47it/s] 41%|      | 8108/20000 [1:30:30<2:15:08,  1.47it/s] 41%|      | 8246/20000 [1:31:59<2:12:04,  1.48it/s] 41%|     | 8263/20000 [1:32:10<2:11:53,  1.48it/s] 42%|     | 8400/20000 [1:33:40<2:09:03,  1.50it/s] 42%|     | 8431/20000 [1:34:00<2:08:43,  1.50it/s] 43%|     | 8553/20000 [1:35:21<2:06:45,  1.51it/s] 43%|     | 8583/20000 [1:35:40<2:06:25,  1.51it/s] 44%|     | 8705/20000 [1:37:01<2:04:47,  1.51it/s] 44%|     | 8733/20000 [1:37:20<2:04:28,  1.51it/s] 44%|     | 8856/20000 [1:38:41<2:03:17,  1.51it/s] 44%|     | 8883/20000 [1:39:00<2:02:59,  1.51it/s] 45%|     | 9013/20000 [1:40:22<2:00:10,  1.52it/s] 45%|     | 9042/20000 [1:40:40<1:59:51,  1.52it/s] 46%|     | 9171/20000 [1:42:02<1:57:12,  1.54it/s] 46%|     | 9200/20000 [1:42:20<1:56:53,  1.54it/s] 47%|     | 9324/20000 [1:43:42<1:55:58,  1.53it/s] 47%|     | 9350/20000 [1:44:00<1:55:41,  1.53it/s] 47%|     | 9475/20000 [1:45:23<1:55:01,  1.52it/s] 48%|     | 9501/20000 [1:45:40<1:54:44,  1.52it/s] 48%|     | 9623/20000 [1:47:03<1:54:26,  1.51it/s] 48%|     | 9647/20000 [1:47:20<1:54:10,  1.51it/s] 49%|     | 9772/20000 [1:48:43<1:53:26,  1.50it/s] 49%|     | 9796/20000 [1:49:00<1:53:10,  1.50it/s] 50%|     | 9925/20000 [1:50:24<1:51:14,  1.51it/s] 50%|     | 9948/20000 [1:50:40<1:50:59,  1.51it/s] 50%|     | 10078/20000 [1:52:04<1:49:14,  1.51it/s] 51%|     | 10101/20000 [1:52:20<1:48:59,  1.51it/s] 51%|     | 10231/20000 [1:53:45<1:47:22,  1.52it/s] 51%|    | 10255/20000 [1:54:00<1:47:06,  1.52it/s] 52%|    | 10386/20000 [1:55:25<1:44:59,  1.53it/s] 52%|    | 10408/20000 [1:55:40<1:44:44,  1.53it/s] 53%|    | 10535/20000 [1:57:05<1:44:19,  1.51it/s] 53%|    | 10554/20000 [1:57:20<1:44:06,  1.51it/s] 53%|    | 10686/20000 [1:58:46<1:42:55,  1.51it/s] 54%|    | 10705/20000 [1:59:00<1:42:42,  1.51it/s] 54%|    | 10837/20000 [2:00:27<1:41:23,  1.51it/s] 54%|    | 10856/20000 [2:00:40<1:41:10,  1.51it/s] 55%|    | 10990/20000 [2:02:07<1:39:23,  1.51it/s] 55%|    | 11009/20000 [2:02:20<1:39:10,  1.51it/s] 56%|    | 11144/20000 [2:03:48<1:37:13,  1.52it/s] 56%|    | 11162/20000 [2:04:00<1:37:01,  1.52it/s] 56%|    | 11294/20000 [2:05:28<1:36:02,  1.51it/s] 57%|    | 11311/20000 [2:05:40<1:35:51,  1.51it/s] 57%|    | 11444/20000 [2:07:08<1:34:36,  1.51it/s] 57%|    | 11461/20000 [2:07:20<1:34:24,  1.51it/s] 58%|    | 11592/20000 [2:08:48<1:33:29,  1.50it/s] 58%|    | 11608/20000 [2:09:00<1:33:18,  1.50it/s] 59%|    | 11740/20000 [2:10:29<1:32:21,  1.49it/s] 59%|    | 11756/20000 [2:10:40<1:32:10,  1.49it/s] 59%|    | 11883/20000 [2:12:09<1:31:54,  1.47it/s] 59%|    | 11897/20000 [2:12:20<1:31:45,  1.47it/s] 60%|    | 12023/20000 [2:13:49<1:31:44,  1.45it/s] 60%|    | 12038/20000 [2:14:00<1:31:34,  1.45it/s] 61%|    | 12167/20000 [2:15:29<1:30:15,  1.45it/s] 61%|    | 12182/20000 [2:15:40<1:30:05,  1.45it/s] 62%|   | 12308/20000 [2:17:09<1:29:19,  1.44it/s] 62%|   | 12323/20000 [2:17:20<1:29:08,  1.44it/s] 62%|   | 12459/20000 [2:18:49<1:26:18,  1.46it/s] 62%|   | 12473/20000 [2:19:00<1:26:08,  1.46it/s] 63%|   | 12602/20000 [2:20:29<1:25:08,  1.45it/s] 63%|   | 12617/20000 [2:20:40<1:24:57,  1.45it/s] 64%|   | 12751/20000 [2:22:10<1:22:50,  1.46it/s] 64%|   | 12782/20000 [2:22:30<1:22:29,  1.46it/s] 65%|   | 12904/20000 [2:23:50<1:19:57,  1.48it/s] 65%|   | 12932/20000 [2:24:10<1:19:38,  1.48it/s] 65%|   | 13059/20000 [2:25:30<1:17:09,  1.50it/s] 65%|   | 13088/20000 [2:25:50<1:16:49,  1.50it/s] 66%|   | 13216/20000 [2:27:10<1:14:21,  1.52it/s] 66%|   | 13246/20000 [2:27:30<1:14:01,  1.52it/s] 67%|   | 13367/20000 [2:28:51<1:12:58,  1.51it/s] 67%|   | 13395/20000 [2:29:10<1:12:40,  1.51it/s] 68%|   | 13520/20000 [2:30:31<1:11:11,  1.52it/s] 68%|   | 13549/20000 [2:30:50<1:10:52,  1.52it/s] 68%|   | 13682/20000 [2:32:12<1:08:10,  1.54it/s] 69%|   | 13707/20000 [2:32:30<1:07:54,  1.54it/s] 69%|   | 13837/20000 [2:33:53<1:06:32,  1.54it/s] 69%|   | 13861/20000 [2:34:10<1:06:16,  1.54it/s] 70%|   | 13987/20000 [2:35:33<1:05:36,  1.53it/s] 70%|   | 14011/20000 [2:35:50<1:05:20,  1.53it/s] 71%|   | 14143/20000 [2:37:14<1:03:33,  1.54it/s] 71%|   | 14167/20000 [2:37:30<1:03:17,  1.54it/s] 71%|  | 14294/20000 [2:38:54<1:02:18,  1.53it/s] 72%|  | 14318/20000 [2:39:10<1:02:02,  1.53it/s] 72%|  | 14444/20000 [2:40:34<1:00:59,  1.52it/s] 72%|  | 14466/20000 [2:40:50<1:00:45,  1.52it/s] 73%|  | 14591/20000 [2:42:14<59:57,  1.50it/s]   73%|  | 14614/20000 [2:42:30<59:41,  1.50it/s] 74%|  | 14741/20000 [2:43:55<58:24,  1.50it/s] 74%|  | 14763/20000 [2:44:10<58:09,  1.50it/s] 74%|  | 14890/20000 [2:45:35<56:57,  1.50it/s] 75%|  | 14911/20000 [2:45:50<56:43,  1.50it/s] 75%|  | 15043/20000 [2:47:15<54:52,  1.51it/s] 75%|  | 15065/20000 [2:47:30<54:38,  1.51it/s] 76%|  | 15189/20000 [2:48:55<53:45,  1.49it/s] 76%|  | 15212/20000 [2:49:10<53:29,  1.49it/s] 77%|  | 15336/20000 [2:50:36<52:25,  1.48it/s] 77%|  | 15357/20000 [2:50:50<52:10,  1.48it/s] 77%|  | 15484/20000 [2:52:16<50:48,  1.48it/s] 78%|  | 15503/20000 [2:52:30<50:35,  1.48it/s] 78%|  | 15633/20000 [2:53:56<49:04,  1.48it/s] 78%|  | 15655/20000 [2:54:10<48:49,  1.48it/s] 79%|  | 15787/20000 [2:55:36<46:51,  1.50it/s] 79%|  | 15807/20000 [2:55:50<46:38,  1.50it/s] 80%|  | 15946/20000 [2:57:17<44:18,  1.52it/s] 80%|  | 15966/20000 [2:57:30<44:05,  1.52it/s] 80%|  | 16097/20000 [2:58:57<42:46,  1.52it/s] 81%|  | 16116/20000 [2:59:10<42:34,  1.52it/s] 81%|  | 16243/20000 [3:00:37<41:42,  1.50it/s] 81%| | 16261/20000 [3:00:50<41:30,  1.50it/s] 82%| | 16396/20000 [3:02:17<39:50,  1.51it/s] 82%| | 16413/20000 [3:02:30<39:38,  1.51it/s] 83%| | 16538/20000 [3:03:58<38:58,  1.48it/s] 83%| | 16556/20000 [3:04:10<38:46,  1.48it/s] 83%| | 16689/20000 [3:05:38<37:05,  1.49it/s] 84%| | 16708/20000 [3:05:50<36:52,  1.49it/s] 84%| | 16856/20000 [3:07:18<33:58,  1.54it/s] 84%| | 16877/20000 [3:07:30<33:45,  1.54it/s] 85%| | 17029/20000 [3:08:58<30:59,  1.60it/s] 85%| | 17046/20000 [3:09:10<30:49,  1.60it/s] 86%| | 17200/20000 [3:10:39<28:40,  1.63it/s] 86%| | 17218/20000 [3:10:50<28:29,  1.63it/s] 87%| | 17376/20000 [3:12:19<26:13,  1.67it/s] 87%| | 17393/20000 [3:12:30<26:03,  1.67it/s] 88%| | 17555/20000 [3:13:59<23:55,  1.70it/s] 88%| | 17572/20000 [3:14:10<23:45,  1.70it/s] 89%| | 17743/20000 [3:15:40<21:27,  1.75it/s] 89%| | 17763/20000 [3:15:50<21:15,  1.75it/s] 90%| | 17939/20000 [3:17:20<18:56,  1.81it/s] 90%| | 17981/20000 [3:17:40<18:33,  1.81it/s] 91%| | 18131/20000 [3:19:00<16:53,  1.84it/s] 91%| | 18168/20000 [3:19:20<16:33,  1.84it/s] 91%|| 18287/20000 [3:20:41<16:15,  1.76it/s] 92%|| 18319/20000 [3:21:00<15:57,  1.76it/s] 92%|| 18466/20000 [3:22:21<14:28,  1.77it/s] 92%|| 18495/20000 [3:22:40<14:12,  1.77it/s] 93%|| 18636/20000 [3:24:01<13:02,  1.74it/s] 93%|| 18670/20000 [3:24:20<12:42,  1.74it/s] 94%|| 18812/20000 [3:25:41<11:19,  1.75it/s] 94%|| 18844/20000 [3:26:00<11:01,  1.75it/s] 95%|| 18991/20000 [3:27:22<09:33,  1.76it/s] 95%|| 19023/20000 [3:27:40<09:15,  1.76it/s] 96%|| 19167/20000 [3:29:02<07:54,  1.76it/s] 96%|| 19199/20000 [3:29:20<07:36,  1.76it/s] 97%|| 19331/20000 [3:30:42<06:28,  1.72it/s] 97%|| 19357/20000 [3:31:00<06:13,  1.72it/s] 98%|| 19523/20000 [3:32:23<04:28,  1.78it/s] 98%|| 19558/20000 [3:32:40<04:08,  1.78it/s] 99%|| 19717/20000 [3:34:03<02:35,  1.82it/s] 99%|| 19740/20000 [3:34:20<02:22,  1.82it/s] 99%|| 19882/20000 [3:35:44<01:06,  1.77it/s]100%|| 19911/20000 [3:36:00<00:50,  1.77it/s]100%|| 20000/20000 [3:36:46<00:00,  1.54it/s]

Analysis complete. Found 1 cluster(s) meeting the MCMC criterion.
Accepted cluster indices: [5]

--- Processing Final Results for Cluster 5 ---
--- MCMC Parameter Constraints for Cluster 5 ---
  x_src = 147.602 +0.096 / -0.066
  y_src = 147.589 +0.089 / -0.067
    z_s = 3.854 +0.137 / -0.097
Saving localization results for Cluster 5...
Processing results for Cluster 5...
-> Saved 340000 samples to /users/hiu-yeung.cheng/clusterlensing/out/row52/test_tidy_row52/cluster_5_posterior.npz
Updated CSV row 52 with result for cluster 5.
Loading data from /users/hiu-yeung.cheng/clusterlensing/out/row52/test_tidy_row52/cluster_5_posterior.npz...

Generating corner plot...
-> Corner plot saved to /users/hiu-yeung.cheng/clusterlensing/out/row52/test_tidy_row52/cluster_5_corner_from_saved.png

Generating trace plot...
-> Trace plot saved to /users/hiu-yeung.cheng/clusterlensing/out/row52/test_tidy_row52/cluster_5_trace.png
