Row=56 OUT_DIR=/users/hiu-yeung.cheng/clusterlensing/out/row56 DE_PROCS=16 MCMC_PROCS=16
Setup complete. Lensing system initialized.
True time delays: [    0.          2550.40305809  9741.49124087 10084.90771926
 10440.42924785]
True luminosity distances: 29356.565554757683
Lensed luminosity distances: [  8264.47671381   5796.73365179  11821.75490628   9487.52876179
 174273.59892623]

Running the full analysis pipeline...
--- Running DE for Cluster 0 ---
[DE] Process Pool with 16 procs (init=latinhypercube, popsize=50)
differential_evolution step 1: f(x)= 3000.0
differential_evolution step 2: f(x)= 3000.0
differential_evolution step 3: f(x)= 3000.0
differential_evolution step 4: f(x)= 3000.0
differential_evolution step 5: f(x)= 3000.0
differential_evolution step 6: f(x)= 370.9730150853634
differential_evolution step 7: f(x)= 370.9730150853634
differential_evolution step 8: f(x)= 370.9730150853634
differential_evolution step 9: f(x)= 370.9730150853634
differential_evolution step 10: f(x)= 173.28697282759168
differential_evolution step 11: f(x)= 173.28697282759168
differential_evolution step 12: f(x)= 173.28697282759168
differential_evolution step 13: f(x)= 173.28697282759168
differential_evolution step 14: f(x)= 173.28697282759168
differential_evolution step 15: f(x)= 173.28697282759168
differential_evolution step 16: f(x)= 173.28697282759168
differential_evolution step 17: f(x)= 173.28697282759168
differential_evolution step 18: f(x)= 173.28697282759168
differential_evolution step 19: f(x)= 173.28697282759168
differential_evolution step 20: f(x)= 173.28697282759168
differential_evolution step 21: f(x)= 173.28697282759168
differential_evolution step 22: f(x)= 173.28697282759168
differential_evolution step 23: f(x)= 173.28697282759168
differential_evolution step 24: f(x)= 173.28697282759168
differential_evolution step 25: f(x)= 173.28697282759168
differential_evolution step 26: f(x)= 173.28697282759168
differential_evolution step 27: f(x)= 173.28697282759168
differential_evolution step 28: f(x)= 100.66621664473942
differential_evolution step 29: f(x)= 100.66621664473942
differential_evolution step 30: f(x)= 100.66621664473942
differential_evolution step 31: f(x)= 100.66621664473942
differential_evolution step 32: f(x)= 100.66621664473942
differential_evolution step 33: f(x)= 100.66621664473942
differential_evolution step 34: f(x)= 100.66621664473942
differential_evolution step 35: f(x)= 100.66621664473942
differential_evolution step 36: f(x)= 100.66621664473942
differential_evolution step 37: f(x)= 100.66621664473942
differential_evolution step 38: f(x)= 100.66621664473942
differential_evolution step 39: f(x)= 100.66621664473942
differential_evolution step 40: f(x)= 100.66621664473942
differential_evolution step 41: f(x)= 100.66621664473942
differential_evolution step 42: f(x)= 100.66621664473942
differential_evolution step 43: f(x)= 100.66621664473942
differential_evolution step 44: f(x)= 100.66621664473942
differential_evolution step 45: f(x)= 81.88043807431761
differential_evolution step 46: f(x)= 81.88043807431761
differential_evolution step 47: f(x)= 81.88043807431761
differential_evolution step 48: f(x)= 81.88043807431761
differential_evolution step 49: f(x)= 81.88043807431761
differential_evolution step 50: f(x)= 74.98107596063905
differential_evolution step 51: f(x)= 74.98107596063905
differential_evolution step 52: f(x)= 74.98107596063905
differential_evolution step 53: f(x)= 73.3058831997408
differential_evolution step 54: f(x)= 73.3058831997408
differential_evolution step 55: f(x)= 73.3058831997408
differential_evolution step 56: f(x)= 73.3058831997408
differential_evolution step 57: f(x)= 73.3058831997408
differential_evolution step 58: f(x)= 73.3058831997408
differential_evolution step 59: f(x)= 73.3058831997408
differential_evolution step 60: f(x)= 61.87801004703998
differential_evolution step 61: f(x)= 61.87801004703998
differential_evolution step 62: f(x)= 61.87801004703998
differential_evolution step 63: f(x)= 61.87801004703998
differential_evolution step 64: f(x)= 61.87801004703998
differential_evolution step 65: f(x)= 61.87801004703998
differential_evolution step 66: f(x)= 56.97750344349976
differential_evolution step 67: f(x)= 56.97750344349976
differential_evolution step 68: f(x)= 56.97750344349976
differential_evolution step 69: f(x)= 56.97750344349976
differential_evolution step 70: f(x)= 56.97750344349976
differential_evolution step 71: f(x)= 52.649622297875794
differential_evolution step 72: f(x)= 51.00863809559084
differential_evolution step 73: f(x)= 48.71857658118721
differential_evolution step 74: f(x)= 48.71857658118721
differential_evolution step 75: f(x)= 48.71857658118721
differential_evolution step 76: f(x)= 44.839215845804
differential_evolution step 77: f(x)= 44.839215845804
differential_evolution step 78: f(x)= 44.839215845804
differential_evolution step 79: f(x)= 44.839215845804
differential_evolution step 80: f(x)= 44.839215845804
differential_evolution step 81: f(x)= 44.49360555506596
differential_evolution step 82: f(x)= 44.49360555506596
differential_evolution step 83: f(x)= 44.49360555506596
differential_evolution step 84: f(x)= 44.49360555506596
differential_evolution step 85: f(x)= 43.69385189475914
differential_evolution step 86: f(x)= 43.69385189475914
differential_evolution step 87: f(x)= 43.69385189475914
differential_evolution step 88: f(x)= 43.69385189475914
differential_evolution step 89: f(x)= 43.1625143216111
differential_evolution step 90: f(x)= 43.1625143216111
differential_evolution step 91: f(x)= 43.1625143216111
differential_evolution step 92: f(x)= 43.1625143216111
differential_evolution step 93: f(x)= 43.1625143216111
differential_evolution step 94: f(x)= 43.1625143216111
differential_evolution step 95: f(x)= 43.1625143216111
differential_evolution step 96: f(x)= 43.153121014950806
differential_evolution step 97: f(x)= 43.153121014950806
differential_evolution step 98: f(x)= 43.153121014950806
differential_evolution step 99: f(x)= 43.08962362211732
differential_evolution step 100: f(x)= 43.08962362211732
differential_evolution step 101: f(x)= 43.01627217478194
differential_evolution step 102: f(x)= 42.712627591109765
differential_evolution step 103: f(x)= 42.712627591109765
differential_evolution step 104: f(x)= 42.712627591109765
differential_evolution step 105: f(x)= 42.712627591109765
differential_evolution step 106: f(x)= 42.712627591109765
differential_evolution step 107: f(x)= 42.712627591109765
differential_evolution step 108: f(x)= 42.712627591109765
differential_evolution step 109: f(x)= 42.712627591109765
differential_evolution step 110: f(x)= 42.712627591109765
differential_evolution step 111: f(x)= 42.712627591109765
differential_evolution step 112: f(x)= 42.712627591109765
differential_evolution step 113: f(x)= 42.712627591109765
differential_evolution step 114: f(x)= 42.41568559677038
differential_evolution step 115: f(x)= 42.41568559677038
differential_evolution step 116: f(x)= 42.41568559677038
differential_evolution step 117: f(x)= 42.41568559677038
differential_evolution step 118: f(x)= 42.41568559677038
differential_evolution step 119: f(x)= 42.41568559677038
differential_evolution step 120: f(x)= 42.41568559677038
differential_evolution step 121: f(x)= 42.41568559677038
differential_evolution step 122: f(x)= 42.41568559677038
differential_evolution step 123: f(x)= 42.41568559677038
differential_evolution step 124: f(x)= 42.41568559677038
differential_evolution step 125: f(x)= 42.41568559677038
differential_evolution step 126: f(x)= 42.41568559677038
differential_evolution step 127: f(x)= 42.41568559677038
differential_evolution step 128: f(x)= 42.41568559677038
differential_evolution step 129: f(x)= 42.41568559677038
differential_evolution step 130: f(x)= 42.41568559677038
differential_evolution step 131: f(x)= 42.41568559677038
differential_evolution step 132: f(x)= 42.41568559677038
differential_evolution step 133: f(x)= 42.41568559677038
differential_evolution step 134: f(x)= 42.41568559677038
differential_evolution step 135: f(x)= 42.41568559677038
differential_evolution step 136: f(x)= 42.41568559677038
differential_evolution step 137: f(x)= 42.41568559677038
differential_evolution step 138: f(x)= 42.41568559677038
differential_evolution step 139: f(x)= 42.41568559677038
differential_evolution step 140: f(x)= 42.41568559677038
differential_evolution step 141: f(x)= 42.41568559677038
differential_evolution step 142: f(x)= 42.41568559677038
differential_evolution step 143: f(x)= 42.41568559677038
differential_evolution step 144: f(x)= 42.41568559677038
differential_evolution step 145: f(x)= 42.41568559677038
differential_evolution step 146: f(x)= 42.41568559677038
differential_evolution step 147: f(x)= 42.41568559677038
differential_evolution step 148: f(x)= 42.41568559677038
differential_evolution step 149: f(x)= 42.41568559677038
differential_evolution step 150: f(x)= 42.41568559677038
differential_evolution step 151: f(x)= 42.41568559677038
differential_evolution step 152: f(x)= 42.41568559677038
differential_evolution step 153: f(x)= 42.40110221710886
differential_evolution step 154: f(x)= 42.40110221710886
differential_evolution step 155: f(x)= 42.390433995352986
differential_evolution step 156: f(x)= 42.35279516686774
differential_evolution step 157: f(x)= 42.35279516686774
differential_evolution step 158: f(x)= 42.35279516686774
differential_evolution step 159: f(x)= 42.35279516686774
differential_evolution step 160: f(x)= 42.35279516686774
differential_evolution step 161: f(x)= 42.35279516686774
differential_evolution step 162: f(x)= 42.35279516686774
differential_evolution step 163: f(x)= 42.35279516686774
differential_evolution step 164: f(x)= 42.35279516686774
differential_evolution step 165: f(x)= 42.35279516686774
differential_evolution step 166: f(x)= 42.35279516686774
differential_evolution step 167: f(x)= 42.35279516686774
differential_evolution step 168: f(x)= 42.34787132600382
differential_evolution step 169: f(x)= 42.34787132600382
differential_evolution step 170: f(x)= 42.34787132600382
differential_evolution step 171: f(x)= 42.34787132600382
differential_evolution step 172: f(x)= 42.345663754225896
differential_evolution step 173: f(x)= 42.344146830284785
differential_evolution step 174: f(x)= 42.344146830284785
differential_evolution step 175: f(x)= 42.344146830284785
differential_evolution step 176: f(x)= 42.344146830284785
differential_evolution step 177: f(x)= 42.344146830284785
differential_evolution step 178: f(x)= 42.344146830284785
differential_evolution step 179: f(x)= 42.34029510088815
differential_evolution step 180: f(x)= 42.34029510088815
differential_evolution step 181: f(x)= 42.33448669348493
differential_evolution step 182: f(x)= 42.33448669348493
differential_evolution step 183: f(x)= 42.33070048822468
differential_evolution step 184: f(x)= 42.33070048822468
differential_evolution step 185: f(x)= 42.33070048822468
differential_evolution step 186: f(x)= 42.33070048822468
differential_evolution step 187: f(x)= 42.33070048822468
differential_evolution step 188: f(x)= 42.33070048822468
differential_evolution step 189: f(x)= 42.33070048822468
differential_evolution step 190: f(x)= 42.33070048822468
differential_evolution step 191: f(x)= 42.33070048822468
differential_evolution step 192: f(x)= 42.33070048822468
differential_evolution step 193: f(x)= 42.33070048822468
differential_evolution step 194: f(x)= 42.33070048822468
differential_evolution step 195: f(x)= 42.33070048822468
differential_evolution step 196: f(x)= 42.33070048822468
differential_evolution step 197: f(x)= 42.33070048822468
differential_evolution step 198: f(x)= 42.33070048822468
differential_evolution step 199: f(x)= 42.33070048822468
differential_evolution step 200: f(x)= 42.33070048822468
Cluster 0 DE best chi^2: 42.331 with params {'x_src': np.float64(77.57709502602671), 'y_src': np.float64(76.50550961926818), 'z_s': np.float64(3.6534268510916723)}
--- Running DE for Cluster 1 ---
[DE] Process Pool with 16 procs (init=latinhypercube, popsize=50)
differential_evolution step 1: f(x)= 3000.0
differential_evolution step 2: f(x)= 3000.0
differential_evolution step 3: f(x)= 3000.0
differential_evolution step 4: f(x)= 3000.0
differential_evolution step 5: f(x)= 3000.0
differential_evolution step 6: f(x)= 3000.0
differential_evolution step 7: f(x)= 3000.0
differential_evolution step 8: f(x)= 3000.0
differential_evolution step 9: f(x)= 3000.0
differential_evolution step 10: f(x)= 3000.0
differential_evolution step 11: f(x)= 3000.0
differential_evolution step 12: f(x)= 3000.0
differential_evolution step 13: f(x)= 3000.0
differential_evolution step 14: f(x)= 3000.0
differential_evolution step 15: f(x)= 3000.0
differential_evolution step 16: f(x)= 3000.0
differential_evolution step 17: f(x)= 3000.0
differential_evolution step 18: f(x)= 3000.0
differential_evolution step 19: f(x)= 3000.0
differential_evolution step 20: f(x)= 3000.0
differential_evolution step 21: f(x)= 3000.0
differential_evolution step 22: f(x)= 3000.0
differential_evolution step 23: f(x)= 3000.0
differential_evolution step 24: f(x)= 3000.0
differential_evolution step 25: f(x)= 3000.0
differential_evolution step 26: f(x)= 3000.0
differential_evolution step 27: f(x)= 3000.0
differential_evolution step 28: f(x)= 3000.0
differential_evolution step 29: f(x)= 3000.0
differential_evolution step 30: f(x)= 3000.0
differential_evolution step 31: f(x)= 3000.0
differential_evolution step 32: f(x)= 3000.0
differential_evolution step 33: f(x)= 3000.0
differential_evolution step 34: f(x)= 3000.0
differential_evolution step 35: f(x)= 3000.0
differential_evolution step 36: f(x)= 3000.0
differential_evolution step 37: f(x)= 3000.0
differential_evolution step 38: f(x)= 3000.0
differential_evolution step 39: f(x)= 3000.0
Cluster 1 DE best chi^2: 3000.000 with params {'x_src': np.float64(214.60915630902267), 'y_src': np.float64(202.2678342633226), 'z_s': np.float64(2.5188990668195235)}
--- Running DE for Cluster 2 ---
[DE] Process Pool with 16 procs (init=latinhypercube, popsize=50)
differential_evolution step 1: f(x)= 4242.640687119286
differential_evolution step 2: f(x)= 4242.640687119286
differential_evolution step 3: f(x)= 4242.640687119286
differential_evolution step 4: f(x)= 4242.640687119286
differential_evolution step 5: f(x)= 4242.640687119286
differential_evolution step 6: f(x)= 1115.3005190263575
differential_evolution step 7: f(x)= 326.31065551193313
differential_evolution step 8: f(x)= 326.31065551193313
differential_evolution step 9: f(x)= 326.31065551193313
differential_evolution step 10: f(x)= 326.31065551193313
differential_evolution step 11: f(x)= 326.31065551193313
differential_evolution step 12: f(x)= 326.31065551193313
differential_evolution step 13: f(x)= 326.31065551193313
differential_evolution step 14: f(x)= 326.31065551193313
differential_evolution step 15: f(x)= 326.31065551193313
differential_evolution step 16: f(x)= 326.31065551193313
differential_evolution step 17: f(x)= 326.31065551193313
differential_evolution step 18: f(x)= 326.31065551193313
differential_evolution step 19: f(x)= 326.31065551193313
differential_evolution step 20: f(x)= 249.3598245126608
differential_evolution step 21: f(x)= 249.3598245126608
differential_evolution step 22: f(x)= 249.3598245126608
differential_evolution step 23: f(x)= 249.3598245126608
differential_evolution step 24: f(x)= 249.3598245126608
differential_evolution step 25: f(x)= 249.3598245126608
differential_evolution step 26: f(x)= 249.3598245126608
differential_evolution step 27: f(x)= 249.3598245126608
differential_evolution step 28: f(x)= 249.3598245126608
differential_evolution step 29: f(x)= 195.33592668413286
differential_evolution step 30: f(x)= 195.33592668413286
differential_evolution step 31: f(x)= 195.33592668413286
differential_evolution step 32: f(x)= 195.33592668413286
differential_evolution step 33: f(x)= 195.33592668413286
differential_evolution step 34: f(x)= 195.33592668413286
differential_evolution step 35: f(x)= 179.6644174109944
differential_evolution step 36: f(x)= 119.56100893629119
differential_evolution step 37: f(x)= 119.56100893629119
differential_evolution step 38: f(x)= 119.56100893629119
differential_evolution step 39: f(x)= 119.56100893629119
differential_evolution step 40: f(x)= 119.56100893629119
differential_evolution step 41: f(x)= 119.56100893629119
differential_evolution step 42: f(x)= 119.56100893629119
differential_evolution step 43: f(x)= 119.56100893629119
differential_evolution step 44: f(x)= 119.56100893629119
differential_evolution step 45: f(x)= 119.56100893629119
differential_evolution step 46: f(x)= 119.56100893629119
differential_evolution step 47: f(x)= 119.56100893629119
differential_evolution step 48: f(x)= 119.56100893629119
differential_evolution step 49: f(x)= 115.81352740008057
differential_evolution step 50: f(x)= 115.81352740008057
differential_evolution step 51: f(x)= 115.81352740008057
differential_evolution step 52: f(x)= 115.81352740008057
differential_evolution step 53: f(x)= 115.81352740008057
differential_evolution step 54: f(x)= 108.43092560971063
differential_evolution step 55: f(x)= 107.50271745094544
differential_evolution step 56: f(x)= 107.50271745094544
differential_evolution step 57: f(x)= 107.50271745094544
differential_evolution step 58: f(x)= 107.50271745094544
differential_evolution step 59: f(x)= 107.50271745094544
differential_evolution step 60: f(x)= 107.50271745094544
differential_evolution step 61: f(x)= 107.43151793818913
differential_evolution step 62: f(x)= 107.43151793818913
differential_evolution step 63: f(x)= 97.82835064304697
differential_evolution step 64: f(x)= 97.82835064304697
differential_evolution step 65: f(x)= 97.82835064304697
differential_evolution step 66: f(x)= 97.82835064304697
differential_evolution step 67: f(x)= 97.82835064304697
differential_evolution step 68: f(x)= 97.82835064304697
differential_evolution step 69: f(x)= 97.82835064304697
differential_evolution step 70: f(x)= 97.82835064304697
differential_evolution step 71: f(x)= 97.82835064304697
differential_evolution step 72: f(x)= 97.82835064304697
differential_evolution step 73: f(x)= 97.82835064304697
differential_evolution step 74: f(x)= 97.82835064304697
differential_evolution step 75: f(x)= 97.82835064304697
differential_evolution step 76: f(x)= 97.2511320882756
differential_evolution step 77: f(x)= 97.2511320882756
differential_evolution step 78: f(x)= 97.2511320882756
differential_evolution step 79: f(x)= 97.2511320882756
differential_evolution step 80: f(x)= 97.2511320882756
differential_evolution step 81: f(x)= 97.2511320882756
differential_evolution step 82: f(x)= 97.2511320882756
differential_evolution step 83: f(x)= 97.2511320882756
differential_evolution step 84: f(x)= 97.2511320882756
differential_evolution step 85: f(x)= 97.2511320882756
differential_evolution step 86: f(x)= 97.2511320882756
differential_evolution step 87: f(x)= 97.2511320882756
differential_evolution step 88: f(x)= 97.2511320882756
differential_evolution step 89: f(x)= 97.2511320882756
differential_evolution step 90: f(x)= 97.2511320882756
differential_evolution step 91: f(x)= 97.2511320882756
differential_evolution step 92: f(x)= 97.2511320882756
differential_evolution step 93: f(x)= 97.2511320882756
differential_evolution step 94: f(x)= 97.2511320882756
differential_evolution step 95: f(x)= 97.2511320882756
differential_evolution step 96: f(x)= 97.2511320882756
differential_evolution step 97: f(x)= 97.2511320882756
differential_evolution step 98: f(x)= 97.2511320882756
differential_evolution step 99: f(x)= 97.2511320882756
differential_evolution step 100: f(x)= 97.2511320882756
differential_evolution step 101: f(x)= 97.2511320882756
differential_evolution step 102: f(x)= 97.2511320882756
differential_evolution step 103: f(x)= 97.2511320882756
differential_evolution step 104: f(x)= 97.2511320882756
differential_evolution step 105: f(x)= 97.2511320882756
differential_evolution step 106: f(x)= 97.2511320882756
differential_evolution step 107: f(x)= 97.2511320882756
differential_evolution step 108: f(x)= 97.2511320882756
differential_evolution step 109: f(x)= 97.2511320882756
differential_evolution step 110: f(x)= 97.2511320882756
differential_evolution step 111: f(x)= 97.2511320882756
differential_evolution step 112: f(x)= 97.2511320882756
differential_evolution step 113: f(x)= 97.2511320882756
differential_evolution step 114: f(x)= 97.2511320882756
differential_evolution step 115: f(x)= 97.2511320882756
differential_evolution step 116: f(x)= 97.2511320882756
differential_evolution step 117: f(x)= 97.2511320882756
differential_evolution step 118: f(x)= 97.2511320882756
differential_evolution step 119: f(x)= 97.2511320882756
differential_evolution step 120: f(x)= 97.2511320882756
differential_evolution step 121: f(x)= 97.2511320882756
differential_evolution step 122: f(x)= 97.2511320882756
differential_evolution step 123: f(x)= 97.2511320882756
differential_evolution step 124: f(x)= 97.2511320882756
differential_evolution step 125: f(x)= 96.83246490998013
differential_evolution step 126: f(x)= 96.83246490998013
differential_evolution step 127: f(x)= 96.83246490998013
differential_evolution step 128: f(x)= 96.83246490998013
differential_evolution step 129: f(x)= 96.83246490998013
differential_evolution step 130: f(x)= 96.83246490998013
differential_evolution step 131: f(x)= 96.83246490998013
differential_evolution step 132: f(x)= 96.83246490998013
differential_evolution step 133: f(x)= 96.83246490998013
differential_evolution step 134: f(x)= 96.83246490998013
differential_evolution step 135: f(x)= 96.83246490998013
differential_evolution step 136: f(x)= 96.83246490998013
differential_evolution step 137: f(x)= 96.83246490998013
differential_evolution step 138: f(x)= 96.83246490998013
differential_evolution step 139: f(x)= 96.83246490998013
differential_evolution step 140: f(x)= 96.83246490998013
differential_evolution step 141: f(x)= 96.83246490998013
differential_evolution step 142: f(x)= 96.83246490998013
differential_evolution step 143: f(x)= 96.83246490998013
differential_evolution step 144: f(x)= 96.83246490998013
differential_evolution step 145: f(x)= 96.35700029916192
differential_evolution step 146: f(x)= 96.35700029916192
differential_evolution step 147: f(x)= 96.35700029916192
differential_evolution step 148: f(x)= 96.35700029916192
differential_evolution step 149: f(x)= 96.35700029916192
differential_evolution step 150: f(x)= 96.35700029916192
differential_evolution step 151: f(x)= 96.35700029916192
differential_evolution step 152: f(x)= 96.35700029916192
differential_evolution step 153: f(x)= 96.35700029916192
differential_evolution step 154: f(x)= 96.35700029916192
differential_evolution step 155: f(x)= 96.35700029916192
differential_evolution step 156: f(x)= 96.35700029916192
differential_evolution step 157: f(x)= 96.35700029916192
differential_evolution step 158: f(x)= 96.35700029916192
differential_evolution step 159: f(x)= 96.35700029916192
differential_evolution step 160: f(x)= 96.35700029916192
differential_evolution step 161: f(x)= 95.67410188262795
differential_evolution step 162: f(x)= 95.67410188262795
differential_evolution step 163: f(x)= 95.67410188262795
differential_evolution step 164: f(x)= 95.67410188262795
differential_evolution step 165: f(x)= 95.67410188262795
differential_evolution step 166: f(x)= 95.67410188262795
differential_evolution step 167: f(x)= 95.67410188262795
differential_evolution step 168: f(x)= 95.67410188262795
differential_evolution step 169: f(x)= 95.67410188262795
differential_evolution step 170: f(x)= 95.67410188262795
differential_evolution step 171: f(x)= 95.67410188262795
differential_evolution step 172: f(x)= 95.67410188262795
differential_evolution step 173: f(x)= 95.67410188262795
differential_evolution step 174: f(x)= 95.67410188262795
differential_evolution step 175: f(x)= 95.67410188262795
differential_evolution step 176: f(x)= 95.67410188262795
differential_evolution step 177: f(x)= 95.67410188262795
differential_evolution step 178: f(x)= 95.67410188262795
differential_evolution step 179: f(x)= 95.67410188262795
differential_evolution step 180: f(x)= 95.67410188262795
differential_evolution step 181: f(x)= 95.67410188262795
differential_evolution step 182: f(x)= 95.67410188262795
differential_evolution step 183: f(x)= 95.67410188262795
differential_evolution step 184: f(x)= 95.67410188262795
differential_evolution step 185: f(x)= 95.39967672059416
differential_evolution step 186: f(x)= 95.39967672059416
differential_evolution step 187: f(x)= 95.2157319930066
differential_evolution step 188: f(x)= 95.2157319930066
differential_evolution step 189: f(x)= 95.2157319930066
differential_evolution step 190: f(x)= 95.2157319930066
differential_evolution step 191: f(x)= 95.2157319930066
differential_evolution step 192: f(x)= 95.2157319930066
differential_evolution step 193: f(x)= 95.20376161368516
differential_evolution step 194: f(x)= 95.20376161368516
differential_evolution step 195: f(x)= 95.20376161368516
differential_evolution step 196: f(x)= 95.20376161368516
differential_evolution step 197: f(x)= 95.20376161368516
differential_evolution step 198: f(x)= 95.20376161368516
differential_evolution step 199: f(x)= 95.20376161368516
differential_evolution step 200: f(x)= 95.20376161368516
Cluster 2 DE best chi^2: 95.204 with params {'x_src': np.float64(99.46621099644851), 'y_src': np.float64(99.66838352311308), 'z_s': np.float64(2.037415564061646)}
--- Running DE for Cluster 3 ---
[DE] Process Pool with 16 procs (init=latinhypercube, popsize=50)
differential_evolution step 1: f(x)= 3000.0
differential_evolution step 2: f(x)= 3000.0
differential_evolution step 3: f(x)= 3000.0
differential_evolution step 4: f(x)= 3000.0
differential_evolution step 5: f(x)= 3000.0
differential_evolution step 6: f(x)= 3000.0
differential_evolution step 7: f(x)= 3000.0
differential_evolution step 8: f(x)= 3000.0
differential_evolution step 9: f(x)= 3000.0
differential_evolution step 10: f(x)= 3000.0
differential_evolution step 11: f(x)= 3000.0
differential_evolution step 12: f(x)= 3000.0
differential_evolution step 13: f(x)= 3000.0
differential_evolution step 14: f(x)= 3000.0
differential_evolution step 15: f(x)= 3000.0
differential_evolution step 16: f(x)= 3000.0
differential_evolution step 17: f(x)= 3000.0
differential_evolution step 18: f(x)= 3000.0
differential_evolution step 19: f(x)= 3000.0
differential_evolution step 20: f(x)= 3000.0
differential_evolution step 21: f(x)= 3000.0
differential_evolution step 22: f(x)= 3000.0
differential_evolution step 23: f(x)= 3000.0
differential_evolution step 24: f(x)= 3000.0
differential_evolution step 25: f(x)= 3000.0
differential_evolution step 26: f(x)= 3000.0
differential_evolution step 27: f(x)= 3000.0
differential_evolution step 28: f(x)= 3000.0
differential_evolution step 29: f(x)= 3000.0
differential_evolution step 30: f(x)= 3000.0
differential_evolution step 31: f(x)= 3000.0
differential_evolution step 32: f(x)= 3000.0
differential_evolution step 33: f(x)= 3000.0
differential_evolution step 34: f(x)= 3000.0
differential_evolution step 35: f(x)= 3000.0
differential_evolution step 36: f(x)= 3000.0
differential_evolution step 37: f(x)= 3000.0
differential_evolution step 38: f(x)= 3000.0
differential_evolution step 39: f(x)= 3000.0
differential_evolution step 40: f(x)= 3000.0
differential_evolution step 41: f(x)= 3000.0
differential_evolution step 42: f(x)= 3000.0
differential_evolution step 43: f(x)= 3000.0
differential_evolution step 44: f(x)= 3000.0
differential_evolution step 45: f(x)= 3000.0
differential_evolution step 46: f(x)= 3000.0
differential_evolution step 47: f(x)= 3000.0
differential_evolution step 48: f(x)= 3000.0
differential_evolution step 49: f(x)= 3000.0
differential_evolution step 50: f(x)= 3000.0
differential_evolution step 51: f(x)= 3000.0
differential_evolution step 52: f(x)= 3000.0
differential_evolution step 53: f(x)= 3000.0
differential_evolution step 54: f(x)= 3000.0
differential_evolution step 55: f(x)= 3000.0
differential_evolution step 56: f(x)= 3000.0
differential_evolution step 57: f(x)= 3000.0
differential_evolution step 58: f(x)= 3000.0
differential_evolution step 59: f(x)= 3000.0
differential_evolution step 60: f(x)= 3000.0
differential_evolution step 61: f(x)= 3000.0
differential_evolution step 62: f(x)= 3000.0
differential_evolution step 63: f(x)= 3000.0
differential_evolution step 64: f(x)= 3000.0
differential_evolution step 65: f(x)= 3000.0
differential_evolution step 66: f(x)= 3000.0
differential_evolution step 67: f(x)= 3000.0
differential_evolution step 68: f(x)= 3000.0
differential_evolution step 69: f(x)= 3000.0
differential_evolution step 70: f(x)= 3000.0
differential_evolution step 71: f(x)= 3000.0
differential_evolution step 72: f(x)= 3000.0
differential_evolution step 73: f(x)= 3000.0
differential_evolution step 74: f(x)= 3000.0
differential_evolution step 75: f(x)= 3000.0
differential_evolution step 76: f(x)= 3000.0
differential_evolution step 77: f(x)= 3000.0
differential_evolution step 78: f(x)= 3000.0
differential_evolution step 79: f(x)= 3000.0
differential_evolution step 80: f(x)= 3000.0
differential_evolution step 81: f(x)= 3000.0
differential_evolution step 82: f(x)= 3000.0
differential_evolution step 83: f(x)= 3000.0
differential_evolution step 84: f(x)= 3000.0
differential_evolution step 85: f(x)= 3000.0
differential_evolution step 86: f(x)= 3000.0
differential_evolution step 87: f(x)= 3000.0
differential_evolution step 88: f(x)= 3000.0
differential_evolution step 89: f(x)= 3000.0
differential_evolution step 90: f(x)= 3000.0
differential_evolution step 91: f(x)= 3000.0
differential_evolution step 92: f(x)= 3000.0
differential_evolution step 93: f(x)= 3000.0
differential_evolution step 94: f(x)= 3000.0
differential_evolution step 95: f(x)= 3000.0
differential_evolution step 96: f(x)= 3000.0
differential_evolution step 97: f(x)= 3000.0
differential_evolution step 98: f(x)= 3000.0
differential_evolution step 99: f(x)= 3000.0
differential_evolution step 100: f(x)= 3000.0
differential_evolution step 101: f(x)= 3000.0
differential_evolution step 102: f(x)= 3000.0
differential_evolution step 103: f(x)= 3000.0
differential_evolution step 104: f(x)= 3000.0
differential_evolution step 105: f(x)= 3000.0
differential_evolution step 106: f(x)= 3000.0
differential_evolution step 107: f(x)= 3000.0
differential_evolution step 108: f(x)= 3000.0
differential_evolution step 109: f(x)= 3000.0
differential_evolution step 110: f(x)= 3000.0
differential_evolution step 111: f(x)= 3000.0
differential_evolution step 112: f(x)= 3000.0
differential_evolution step 113: f(x)= 3000.0
differential_evolution step 114: f(x)= 3000.0
differential_evolution step 115: f(x)= 3000.0
differential_evolution step 116: f(x)= 3000.0
differential_evolution step 117: f(x)= 3000.0
differential_evolution step 118: f(x)= 3000.0
differential_evolution step 119: f(x)= 3000.0
differential_evolution step 120: f(x)= 3000.0
differential_evolution step 121: f(x)= 3000.0
differential_evolution step 122: f(x)= 3000.0
differential_evolution step 123: f(x)= 3000.0
differential_evolution step 124: f(x)= 3000.0
differential_evolution step 125: f(x)= 3000.0
differential_evolution step 126: f(x)= 3000.0
differential_evolution step 127: f(x)= 3000.0
differential_evolution step 128: f(x)= 3000.0
differential_evolution step 129: f(x)= 3000.0
differential_evolution step 130: f(x)= 3000.0
differential_evolution step 131: f(x)= 3000.0
differential_evolution step 132: f(x)= 3000.0
differential_evolution step 133: f(x)= 3000.0
differential_evolution step 134: f(x)= 3000.0
differential_evolution step 135: f(x)= 3000.0
Cluster 3 DE best chi^2: 3000.000 with params {'x_src': np.float64(110.88257743577942), 'y_src': np.float64(122.75324967422544), 'z_s': np.float64(3.670179013373496)}
--- Running DE for Cluster 4 ---
[DE] Process Pool with 16 procs (init=latinhypercube, popsize=50)
differential_evolution step 1: f(x)= 1307.6292945351997
differential_evolution step 2: f(x)= 1307.6292945351997
differential_evolution step 3: f(x)= 1307.6292945351997
differential_evolution step 4: f(x)= 1307.6292945351997
differential_evolution step 5: f(x)= 1307.6292945351997
differential_evolution step 6: f(x)= 1307.6292945351997
differential_evolution step 7: f(x)= 1307.6292945351997
differential_evolution step 8: f(x)= 1307.6292945351997
differential_evolution step 9: f(x)= 1307.6292945351997
differential_evolution step 10: f(x)= 1307.6292945351997
differential_evolution step 11: f(x)= 1307.6292945351997
differential_evolution step 12: f(x)= 1307.6292945351997
differential_evolution step 13: f(x)= 1307.6292945351997
differential_evolution step 14: f(x)= 1307.6292945351997
differential_evolution step 15: f(x)= 1307.6292945351997
differential_evolution step 16: f(x)= 1307.6292945351997
differential_evolution step 17: f(x)= 1307.6292945351997
differential_evolution step 18: f(x)= 1307.6292945351997
differential_evolution step 19: f(x)= 1307.6292945351997
differential_evolution step 20: f(x)= 1307.6292945351997
differential_evolution step 21: f(x)= 1307.6292945351997
differential_evolution step 22: f(x)= 1307.6292945351997
differential_evolution step 23: f(x)= 1307.6292945351997
differential_evolution step 24: f(x)= 1307.6292945351997
differential_evolution step 25: f(x)= 1307.6292945351997
differential_evolution step 26: f(x)= 1307.6292945351997
differential_evolution step 27: f(x)= 1307.6292945351997
differential_evolution step 28: f(x)= 1307.6292945351997
differential_evolution step 29: f(x)= 1307.6292945351997
differential_evolution step 30: f(x)= 1307.6292945351997
differential_evolution step 31: f(x)= 1307.6292945351997
differential_evolution step 32: f(x)= 1307.6292945351997
differential_evolution step 33: f(x)= 1307.6292945351997
differential_evolution step 34: f(x)= 1307.6292945351997
differential_evolution step 35: f(x)= 1307.6292945351997
differential_evolution step 36: f(x)= 915.182783503593
differential_evolution step 37: f(x)= 915.182783503593
differential_evolution step 38: f(x)= 915.182783503593
differential_evolution step 39: f(x)= 915.182783503593
differential_evolution step 40: f(x)= 915.182783503593
differential_evolution step 41: f(x)= 915.182783503593
differential_evolution step 42: f(x)= 915.182783503593
differential_evolution step 43: f(x)= 915.182783503593
differential_evolution step 44: f(x)= 915.182783503593
differential_evolution step 45: f(x)= 915.182783503593
differential_evolution step 46: f(x)= 915.182783503593
differential_evolution step 47: f(x)= 915.182783503593
differential_evolution step 48: f(x)= 915.182783503593
differential_evolution step 49: f(x)= 915.182783503593
differential_evolution step 50: f(x)= 915.182783503593
differential_evolution step 51: f(x)= 915.182783503593
differential_evolution step 52: f(x)= 915.182783503593
differential_evolution step 53: f(x)= 915.182783503593
differential_evolution step 54: f(x)= 915.182783503593
differential_evolution step 55: f(x)= 420.4423482814525
differential_evolution step 56: f(x)= 420.4423482814525
differential_evolution step 57: f(x)= 420.4423482814525
differential_evolution step 58: f(x)= 420.4423482814525
differential_evolution step 59: f(x)= 420.4423482814525
differential_evolution step 60: f(x)= 420.4423482814525
differential_evolution step 61: f(x)= 420.4423482814525
differential_evolution step 62: f(x)= 420.4423482814525
differential_evolution step 63: f(x)= 420.4423482814525
differential_evolution step 64: f(x)= 420.4423482814525
differential_evolution step 65: f(x)= 420.4423482814525
differential_evolution step 66: f(x)= 420.4423482814525
differential_evolution step 67: f(x)= 420.4423482814525
differential_evolution step 68: f(x)= 420.4423482814525
differential_evolution step 69: f(x)= 420.4423482814525
differential_evolution step 70: f(x)= 420.4423482814525
differential_evolution step 71: f(x)= 420.4423482814525
differential_evolution step 72: f(x)= 420.4423482814525
differential_evolution step 73: f(x)= 420.4423482814525
differential_evolution step 74: f(x)= 420.4423482814525
differential_evolution step 75: f(x)= 420.4423482814525
differential_evolution step 76: f(x)= 420.4423482814525
differential_evolution step 77: f(x)= 420.4423482814525
differential_evolution step 78: f(x)= 420.4423482814525
differential_evolution step 79: f(x)= 420.4423482814525
differential_evolution step 80: f(x)= 420.4423482814525
differential_evolution step 81: f(x)= 420.4423482814525
differential_evolution step 82: f(x)= 420.4423482814525
differential_evolution step 83: f(x)= 420.4423482814525
differential_evolution step 84: f(x)= 420.4423482814525
differential_evolution step 85: f(x)= 420.4423482814525
differential_evolution step 86: f(x)= 420.4423482814525
differential_evolution step 87: f(x)= 420.4423482814525
differential_evolution step 88: f(x)= 420.4423482814525
differential_evolution step 89: f(x)= 420.4423482814525
differential_evolution step 90: f(x)= 420.4423482814525
differential_evolution step 91: f(x)= 420.4423482814525
differential_evolution step 92: f(x)= 420.4423482814525
differential_evolution step 93: f(x)= 420.4423482814525
differential_evolution step 94: f(x)= 420.4423482814525
differential_evolution step 95: f(x)= 420.4423482814525
differential_evolution step 96: f(x)= 420.4423482814525
differential_evolution step 97: f(x)= 420.4423482814525
differential_evolution step 98: f(x)= 420.4423482814525
differential_evolution step 99: f(x)= 420.4423482814525
differential_evolution step 100: f(x)= 420.4423482814525
differential_evolution step 101: f(x)= 420.4423482814525
differential_evolution step 102: f(x)= 420.4423482814525
differential_evolution step 103: f(x)= 420.4423482814525
differential_evolution step 104: f(x)= 420.4423482814525
differential_evolution step 105: f(x)= 420.4423482814525
differential_evolution step 106: f(x)= 420.4423482814525
differential_evolution step 107: f(x)= 420.4423482814525
differential_evolution step 108: f(x)= 420.4423482814525
differential_evolution step 109: f(x)= 420.4423482814525
differential_evolution step 110: f(x)= 420.4423482814525
differential_evolution step 111: f(x)= 420.4423482814525
differential_evolution step 112: f(x)= 420.4423482814525
differential_evolution step 113: f(x)= 420.4423482814525
differential_evolution step 114: f(x)= 420.4423482814525
differential_evolution step 115: f(x)= 420.4423482814525
differential_evolution step 116: f(x)= 420.4423482814525
differential_evolution step 117: f(x)= 420.4423482814525
differential_evolution step 118: f(x)= 420.4423482814525
differential_evolution step 119: f(x)= 420.4423482814525
differential_evolution step 120: f(x)= 420.4423482814525
differential_evolution step 121: f(x)= 420.4423482814525
differential_evolution step 122: f(x)= 420.4423482814525
differential_evolution step 123: f(x)= 420.4423482814525
differential_evolution step 124: f(x)= 420.4423482814525
differential_evolution step 125: f(x)= 420.4423482814525
differential_evolution step 126: f(x)= 420.4423482814525
differential_evolution step 127: f(x)= 420.4423482814525
differential_evolution step 128: f(x)= 420.4423482814525
differential_evolution step 129: f(x)= 420.4423482814525
differential_evolution step 130: f(x)= 420.4423482814525
differential_evolution step 131: f(x)= 420.4423482814525
differential_evolution step 132: f(x)= 420.4423482814525
differential_evolution step 133: f(x)= 420.4423482814525
differential_evolution step 134: f(x)= 420.4423482814525
differential_evolution step 135: f(x)= 420.4423482814525
differential_evolution step 136: f(x)= 420.4423482814525
differential_evolution step 137: f(x)= 420.4423482814525
differential_evolution step 138: f(x)= 420.4423482814525
differential_evolution step 139: f(x)= 420.4423482814525
differential_evolution step 140: f(x)= 420.4423482814525
differential_evolution step 141: f(x)= 420.4423482814525
differential_evolution step 142: f(x)= 420.4423482814525
differential_evolution step 143: f(x)= 420.4423482814525
differential_evolution step 144: f(x)= 420.4423482814525
differential_evolution step 145: f(x)= 420.4423482814525
differential_evolution step 146: f(x)= 420.4423482814525
differential_evolution step 147: f(x)= 420.4423482814525
differential_evolution step 148: f(x)= 420.4423482814525
differential_evolution step 149: f(x)= 420.4423482814525
differential_evolution step 150: f(x)= 420.4423482814525
differential_evolution step 151: f(x)= 420.4423482814525
differential_evolution step 152: f(x)= 420.4423482814525
differential_evolution step 153: f(x)= 420.4423482814525
differential_evolution step 154: f(x)= 420.4423482814525
differential_evolution step 155: f(x)= 420.4423482814525
differential_evolution step 156: f(x)= 420.4423482814525
differential_evolution step 157: f(x)= 420.4423482814525
differential_evolution step 158: f(x)= 420.4423482814525
differential_evolution step 159: f(x)= 420.4423482814525
differential_evolution step 160: f(x)= 420.4423482814525
differential_evolution step 161: f(x)= 420.4423482814525
differential_evolution step 162: f(x)= 420.4423482814525
differential_evolution step 163: f(x)= 420.4423482814525
differential_evolution step 164: f(x)= 420.4423482814525
differential_evolution step 165: f(x)= 420.4423482814525
differential_evolution step 166: f(x)= 420.4423482814525
differential_evolution step 167: f(x)= 420.4423482814525
differential_evolution step 168: f(x)= 420.4423482814525
differential_evolution step 169: f(x)= 420.4423482814525
differential_evolution step 170: f(x)= 420.4423482814525
differential_evolution step 171: f(x)= 420.4423482814525
differential_evolution step 172: f(x)= 420.4423482814525
differential_evolution step 173: f(x)= 420.4423482814525
differential_evolution step 174: f(x)= 420.4423482814525
differential_evolution step 175: f(x)= 420.4423482814525
differential_evolution step 176: f(x)= 200.94613404306114
differential_evolution step 177: f(x)= 200.94613404306114
differential_evolution step 178: f(x)= 200.94613404306114
differential_evolution step 179: f(x)= 200.94613404306114
differential_evolution step 180: f(x)= 200.94613404306114
differential_evolution step 181: f(x)= 200.94613404306114
differential_evolution step 182: f(x)= 200.94613404306114
differential_evolution step 183: f(x)= 200.94613404306114
differential_evolution step 184: f(x)= 200.94613404306114
differential_evolution step 185: f(x)= 200.94613404306114
differential_evolution step 186: f(x)= 200.94613404306114
differential_evolution step 187: f(x)= 200.94613404306114
differential_evolution step 188: f(x)= 200.94613404306114
differential_evolution step 189: f(x)= 200.94613404306114
differential_evolution step 190: f(x)= 200.94613404306114
differential_evolution step 191: f(x)= 200.94613404306114
differential_evolution step 192: f(x)= 200.94613404306114
differential_evolution step 193: f(x)= 200.94613404306114
differential_evolution step 194: f(x)= 200.94613404306114
differential_evolution step 195: f(x)= 200.94613404306114
differential_evolution step 196: f(x)= 200.94613404306114
differential_evolution step 197: f(x)= 200.94613404306114
differential_evolution step 198: f(x)= 200.94613404306114
differential_evolution step 199: f(x)= 200.94613404306114
differential_evolution step 200: f(x)= 200.94613404306114
Cluster 4 DE best chi^2: 200.946 with params {'x_src': np.float64(241.55089237985115), 'y_src': np.float64(238.51804609499445), 'z_s': np.float64(1.6336552296437454)}
--- Running DE for Cluster 5 ---
[DE] Process Pool with 16 procs (init=latinhypercube, popsize=50)
differential_evolution step 1: f(x)= 3000.0
differential_evolution step 2: f(x)= 3000.0
differential_evolution step 3: f(x)= 3000.0
differential_evolution step 4: f(x)= 3000.0
differential_evolution step 5: f(x)= 3000.0
differential_evolution step 6: f(x)= 3000.0
differential_evolution step 7: f(x)= 3000.0
differential_evolution step 8: f(x)= 3000.0
differential_evolution step 9: f(x)= 3000.0
differential_evolution step 10: f(x)= 3000.0
differential_evolution step 11: f(x)= 3000.0
differential_evolution step 12: f(x)= 3000.0
differential_evolution step 13: f(x)= 3000.0
differential_evolution step 14: f(x)= 3000.0
differential_evolution step 15: f(x)= 3000.0
differential_evolution step 16: f(x)= 849.1920943299367
differential_evolution step 17: f(x)= 849.1920943299367
differential_evolution step 18: f(x)= 849.1920943299367
differential_evolution step 19: f(x)= 405.59823034027875
differential_evolution step 20: f(x)= 405.59823034027875
differential_evolution step 21: f(x)= 405.59823034027875
differential_evolution step 22: f(x)= 405.59823034027875
differential_evolution step 23: f(x)= 405.59823034027875
differential_evolution step 24: f(x)= 405.59823034027875
differential_evolution step 25: f(x)= 405.59823034027875
differential_evolution step 26: f(x)= 249.22759784338186
differential_evolution step 27: f(x)= 249.22759784338186
differential_evolution step 28: f(x)= 249.22759784338186
differential_evolution step 29: f(x)= 217.05755312168117
differential_evolution step 30: f(x)= 217.05755312168117
differential_evolution step 31: f(x)= 217.05755312168117
differential_evolution step 32: f(x)= 217.05755312168117
differential_evolution step 33: f(x)= 217.05755312168117
differential_evolution step 34: f(x)= 208.4091853711904
differential_evolution step 35: f(x)= 208.4091853711904
differential_evolution step 36: f(x)= 103.536808952468
differential_evolution step 37: f(x)= 103.536808952468
differential_evolution step 38: f(x)= 103.536808952468
differential_evolution step 39: f(x)= 103.536808952468
differential_evolution step 40: f(x)= 103.536808952468
differential_evolution step 41: f(x)= 103.536808952468
differential_evolution step 42: f(x)= 103.536808952468
differential_evolution step 43: f(x)= 103.536808952468
differential_evolution step 44: f(x)= 103.536808952468
differential_evolution step 45: f(x)= 103.536808952468
differential_evolution step 46: f(x)= 103.536808952468
differential_evolution step 47: f(x)= 103.536808952468
differential_evolution step 48: f(x)= 103.536808952468
differential_evolution step 49: f(x)= 103.536808952468
differential_evolution step 50: f(x)= 102.70552229419908
differential_evolution step 51: f(x)= 71.35262246680696
differential_evolution step 52: f(x)= 71.35262246680696
differential_evolution step 53: f(x)= 71.35262246680696
differential_evolution step 54: f(x)= 71.35262246680696
differential_evolution step 55: f(x)= 71.35262246680696
differential_evolution step 56: f(x)= 71.35262246680696
differential_evolution step 57: f(x)= 71.35262246680696
differential_evolution step 58: f(x)= 71.35262246680696
differential_evolution step 59: f(x)= 71.35262246680696
differential_evolution step 60: f(x)= 71.35262246680696
differential_evolution step 61: f(x)= 71.35262246680696
differential_evolution step 62: f(x)= 24.388601029728942
differential_evolution step 63: f(x)= 24.388601029728942
differential_evolution step 64: f(x)= 24.388601029728942
differential_evolution step 65: f(x)= 24.388601029728942
differential_evolution step 66: f(x)= 24.388601029728942
differential_evolution step 67: f(x)= 24.388601029728942
differential_evolution step 68: f(x)= 24.388601029728942
differential_evolution step 69: f(x)= 14.021480704650902
differential_evolution step 70: f(x)= 14.021480704650902
differential_evolution step 71: f(x)= 14.021480704650902
differential_evolution step 72: f(x)= 14.021480704650902
differential_evolution step 73: f(x)= 14.021480704650902
differential_evolution step 74: f(x)= 14.021480704650902
differential_evolution step 75: f(x)= 14.021480704650902
differential_evolution step 76: f(x)= 8.441827854040222
differential_evolution step 77: f(x)= 8.441827854040222
differential_evolution step 78: f(x)= 8.124027617759872
differential_evolution step 79: f(x)= 8.124027617759872
differential_evolution step 80: f(x)= 8.124027617759872
differential_evolution step 81: f(x)= 8.124027617759872
differential_evolution step 82: f(x)= 8.124027617759872
differential_evolution step 83: f(x)= 8.124027617759872
differential_evolution step 84: f(x)= 8.124027617759872
differential_evolution step 85: f(x)= 3.7036831703374933
differential_evolution step 86: f(x)= 3.7036831703374933
differential_evolution step 87: f(x)= 3.636413490691769
differential_evolution step 88: f(x)= 3.636413490691769
differential_evolution step 89: f(x)= 3.636413490691769
differential_evolution step 90: f(x)= 3.636413490691769
differential_evolution step 91: f(x)= 3.636413490691769
differential_evolution step 92: f(x)= 0.8834024607733122
differential_evolution step 93: f(x)= 0.8834024607733122
differential_evolution step 94: f(x)= 0.8834024607733122
differential_evolution step 95: f(x)= 0.8834024607733122
differential_evolution step 96: f(x)= 0.8834024607733122
differential_evolution step 97: f(x)= 0.8834024607733122
differential_evolution step 98: f(x)= 0.20614291557338715
differential_evolution step 99: f(x)= 0.04629660777288497
differential_evolution step 100: f(x)= 0.04629660777288497
differential_evolution step 101: f(x)= 0.04629660777288497
differential_evolution step 102: f(x)= 0.04629660777288497
differential_evolution step 103: f(x)= 0.04629660777288497
differential_evolution step 104: f(x)= 0.04629660777288497
differential_evolution step 105: f(x)= 0.04629660777288497
differential_evolution step 106: f(x)= 0.04629660777288497
differential_evolution step 107: f(x)= 0.04629660777288497
differential_evolution step 108: f(x)= 0.04629660777288497
differential_evolution step 109: f(x)= 0.04629660777288497
differential_evolution step 110: f(x)= 0.04629660777288497
differential_evolution step 111: f(x)= 0.0238404576607047
Cluster 5 DE best chi^2: 0.024 with params {'x_src': np.float64(149.64914440160632), 'y_src': np.float64(146.2061261890039), 'z_s': np.float64(3.389164663562202)}

--- DE Optimization Summary ---
Best fit found for Cluster 5 with chi^2 = 0.024
Best-fit parameters: {'x_src': np.float64(149.64914440160632), 'y_src': np.float64(146.2061261890039), 'z_s': np.float64(3.389164663562202)}

--- Running MCMC for Cluster 5 (chi_sq=0.024) ---
[MCMC] Process Pool with 16 procs
  0%|          | 0/20000 [00:00<?, ?it/s]  1%|          | 154/20000 [01:40<3:35:10,  1.54it/s]  1%|          | 185/20000 [02:00<3:34:50,  1.54it/s]  2%|         | 308/20000 [03:20<3:33:29,  1.54it/s]  2%|         | 337/20000 [03:40<3:33:11,  1.54it/s]  2%|         | 471/20000 [05:00<3:26:28,  1.58it/s]  3%|         | 502/20000 [05:20<3:26:08,  1.58it/s]  3%|         | 637/20000 [06:40<3:20:32,  1.61it/s]  3%|         | 669/20000 [07:00<3:20:12,  1.61it/s]  4%|         | 808/20000 [08:21<3:14:42,  1.64it/s]  4%|         | 838/20000 [08:40<3:14:24,  1.64it/s]  5%|         | 975/20000 [10:01<3:12:14,  1.65it/s]  5%|         | 1005/20000 [10:20<3:11:56,  1.65it/s]  6%|         | 1137/20000 [11:41<3:11:51,  1.64it/s]  6%|         | 1167/20000 [12:00<3:11:33,  1.64it/s]  7%|         | 1303/20000 [13:22<3:09:37,  1.64it/s]  7%|         | 1331/20000 [13:40<3:09:20,  1.64it/s]  7%|         | 1469/20000 [15:02<3:07:42,  1.65it/s]  7%|         | 1497/20000 [15:20<3:07:25,  1.65it/s]  8%|         | 1636/20000 [16:43<3:05:14,  1.65it/s]  8%|         | 1662/20000 [17:00<3:04:58,  1.65it/s]  9%|         | 1800/20000 [18:23<3:04:14,  1.65it/s]  9%|         | 1828/20000 [18:40<3:03:57,  1.65it/s] 10%|         | 1964/20000 [20:03<3:02:54,  1.64it/s] 10%|         | 1989/20000 [20:20<3:02:39,  1.64it/s] 11%|         | 2131/20000 [21:43<3:00:21,  1.65it/s] 11%|         | 2158/20000 [22:00<3:00:05,  1.65it/s] 11%|        | 2296/20000 [23:24<2:58:59,  1.65it/s] 12%|        | 2322/20000 [23:40<2:58:44,  1.65it/s] 12%|        | 2461/20000 [25:04<2:57:18,  1.65it/s] 12%|        | 2487/20000 [25:20<2:57:02,  1.65it/s] 13%|        | 2629/20000 [26:44<2:54:42,  1.66it/s] 13%|        | 2655/20000 [27:00<2:54:26,  1.66it/s] 14%|        | 2798/20000 [28:24<2:52:10,  1.67it/s] 14%|        | 2821/20000 [28:40<2:51:57,  1.67it/s] 15%|        | 2963/20000 [30:05<2:51:18,  1.66it/s] 15%|        | 2985/20000 [30:20<2:51:04,  1.66it/s] 16%|        | 3123/20000 [31:45<2:51:32,  1.64it/s] 16%|        | 3149/20000 [32:00<2:51:17,  1.64it/s] 16%|        | 3295/20000 [33:25<2:47:27,  1.66it/s] 17%|        | 3320/20000 [33:40<2:47:12,  1.66it/s] 17%|        | 3459/20000 [35:06<2:46:34,  1.66it/s] 17%|        | 3482/20000 [35:20<2:46:20,  1.66it/s] 18%|        | 3621/20000 [36:46<2:46:16,  1.64it/s] 18%|        | 3643/20000 [37:00<2:46:03,  1.64it/s] 19%|        | 3783/20000 [38:26<2:45:27,  1.63it/s] 19%|        | 3803/20000 [38:40<2:45:15,  1.63it/s] 20%|        | 3943/20000 [40:07<2:45:07,  1.62it/s] 20%|        | 3962/20000 [40:20<2:44:56,  1.62it/s] 21%|        | 4106/20000 [41:47<2:43:15,  1.62it/s] 21%|        | 4126/20000 [42:00<2:43:03,  1.62it/s] 21%|       | 4271/20000 [43:28<2:40:59,  1.63it/s] 21%|       | 4289/20000 [43:40<2:40:48,  1.63it/s] 22%|       | 4435/20000 [45:08<2:38:59,  1.63it/s] 22%|       | 4454/20000 [45:20<2:38:47,  1.63it/s] 23%|       | 4599/20000 [46:48<2:37:09,  1.63it/s] 23%|       | 4618/20000 [47:00<2:36:57,  1.63it/s] 24%|       | 4768/20000 [48:28<2:34:01,  1.65it/s] 24%|       | 4787/20000 [48:40<2:33:49,  1.65it/s] 25%|       | 4940/20000 [50:09<2:30:33,  1.67it/s] 25%|       | 4957/20000 [50:20<2:30:23,  1.67it/s] 26%|       | 5106/20000 [51:49<2:29:18,  1.66it/s] 26%|       | 5121/20000 [52:00<2:29:09,  1.66it/s] 26%|       | 5272/20000 [53:29<2:27:46,  1.66it/s] 26%|       | 5289/20000 [53:40<2:27:36,  1.66it/s] 27%|       | 5439/20000 [55:10<2:26:01,  1.66it/s] 27%|       | 5473/20000 [55:30<2:25:40,  1.66it/s] 28%|       | 5607/20000 [56:50<2:24:02,  1.67it/s] 28%|       | 5638/20000 [57:10<2:23:44,  1.67it/s] 29%|       | 5771/20000 [58:31<2:23:16,  1.66it/s] 29%|       | 5802/20000 [58:50<2:22:58,  1.66it/s] 30%|       | 5932/20000 [1:00:11<2:23:00,  1.64it/s] 30%|       | 5962/20000 [1:00:30<2:22:42,  1.64it/s] 30%|       | 6091/20000 [1:01:51<2:22:46,  1.62it/s] 31%|       | 6119/20000 [1:02:10<2:22:29,  1.62it/s] 31%|      | 6254/20000 [1:03:32<2:21:12,  1.62it/s] 31%|      | 6283/20000 [1:03:50<2:20:54,  1.62it/s] 32%|      | 6416/20000 [1:05:12<2:19:43,  1.62it/s] 32%|      | 6444/20000 [1:05:30<2:19:26,  1.62it/s] 33%|      | 6577/20000 [1:06:53<2:18:27,  1.62it/s] 33%|      | 6605/20000 [1:07:10<2:18:09,  1.62it/s] 34%|      | 6742/20000 [1:08:33<2:15:55,  1.63it/s] 34%|      | 6769/20000 [1:08:50<2:15:38,  1.63it/s] 35%|      | 6907/20000 [1:10:13<2:13:51,  1.63it/s] 35%|      | 6933/20000 [1:10:30<2:13:35,  1.63it/s] 35%|      | 7066/20000 [1:11:54<2:13:19,  1.62it/s] 35%|      | 7091/20000 [1:12:10<2:13:04,  1.62it/s] 36%|      | 7225/20000 [1:13:34<2:12:23,  1.61it/s] 36%|      | 7249/20000 [1:13:50<2:12:08,  1.61it/s] 37%|      | 7381/20000 [1:15:14<2:12:13,  1.59it/s] 37%|      | 7406/20000 [1:15:30<2:11:57,  1.59it/s] 38%|      | 7542/20000 [1:16:54<2:10:06,  1.60it/s] 38%|      | 7566/20000 [1:17:10<2:09:51,  1.60it/s] 38%|      | 7698/20000 [1:18:35<2:09:24,  1.58it/s] 39%|      | 7721/20000 [1:18:50<2:09:09,  1.58it/s] 39%|      | 7855/20000 [1:20:15<2:08:15,  1.58it/s] 39%|      | 7878/20000 [1:20:30<2:08:01,  1.58it/s] 40%|      | 8022/20000 [1:21:55<2:04:24,  1.60it/s] 40%|      | 8046/20000 [1:22:10<2:04:09,  1.60it/s] 41%|      | 8185/20000 [1:23:36<2:02:16,  1.61it/s] 41%|      | 8206/20000 [1:23:50<2:02:03,  1.61it/s] 42%|     | 8346/20000 [1:25:16<2:00:50,  1.61it/s] 42%|     | 8367/20000 [1:25:30<2:00:37,  1.61it/s] 43%|     | 8513/20000 [1:26:57<1:57:56,  1.62it/s] 43%|     | 8532/20000 [1:27:10<1:57:45,  1.62it/s] 43%|     | 8671/20000 [1:28:37<1:57:16,  1.61it/s] 43%|     | 8691/20000 [1:28:50<1:57:04,  1.61it/s] 44%|     | 8834/20000 [1:30:17<1:55:17,  1.61it/s] 44%|     | 8852/20000 [1:30:30<1:55:06,  1.61it/s] 45%|     | 8994/20000 [1:31:58<1:54:04,  1.61it/s] 45%|     | 9014/20000 [1:32:10<1:53:51,  1.61it/s] 46%|     | 9157/20000 [1:33:38<1:52:03,  1.61it/s] 46%|     | 9175/20000 [1:33:50<1:51:52,  1.61it/s] 47%|     | 9313/20000 [1:35:18<1:51:34,  1.60it/s] 47%|     | 9330/20000 [1:35:30<1:51:24,  1.60it/s] 47%|     | 9465/20000 [1:36:58<1:51:41,  1.57it/s] 47%|     | 9483/20000 [1:37:10<1:51:29,  1.57it/s] 48%|     | 9624/20000 [1:38:39<1:49:40,  1.58it/s] 48%|     | 9641/20000 [1:38:50<1:49:29,  1.58it/s] 49%|     | 9777/20000 [1:40:19<1:49:10,  1.56it/s] 49%|     | 9793/20000 [1:40:30<1:48:59,  1.56it/s] 50%|     | 9933/20000 [1:41:59<1:47:36,  1.56it/s] 50%|     | 9950/20000 [1:42:10<1:47:25,  1.56it/s] 50%|     | 10094/20000 [1:43:40<1:45:03,  1.57it/s] 51%|     | 10124/20000 [1:44:00<1:44:43,  1.57it/s] 51%|    | 10253/20000 [1:45:20<1:43:05,  1.58it/s] 51%|    | 10284/20000 [1:45:40<1:42:45,  1.58it/s] 52%|    | 10414/20000 [1:47:00<1:40:48,  1.58it/s] 52%|    | 10444/20000 [1:47:20<1:40:29,  1.58it/s] 53%|    | 10574/20000 [1:48:41<1:38:52,  1.59it/s] 53%|    | 10602/20000 [1:49:00<1:38:34,  1.59it/s] 54%|    | 10733/20000 [1:50:21<1:37:15,  1.59it/s] 54%|    | 10762/20000 [1:50:40<1:36:56,  1.59it/s] 54%|    | 10891/20000 [1:52:01<1:35:47,  1.58it/s] 55%|    | 10921/20000 [1:52:20<1:35:28,  1.58it/s] 55%|    | 11051/20000 [1:53:42<1:34:01,  1.59it/s] 55%|    | 11080/20000 [1:54:00<1:33:43,  1.59it/s] 56%|    | 11210/20000 [1:55:22<1:32:27,  1.58it/s] 56%|    | 11237/20000 [1:55:40<1:32:10,  1.58it/s] 57%|    | 11371/20000 [1:57:02<1:30:22,  1.59it/s] 57%|    | 11399/20000 [1:57:20<1:30:05,  1.59it/s] 58%|    | 11535/20000 [1:58:43<1:27:53,  1.61it/s] 58%|    | 11561/20000 [1:59:00<1:27:37,  1.61it/s] 58%|    | 11693/20000 [2:00:23<1:26:40,  1.60it/s] 59%|    | 11720/20000 [2:00:40<1:26:23,  1.60it/s] 59%|    | 11851/20000 [2:02:03<1:25:18,  1.59it/s] 59%|    | 11880/20000 [2:02:20<1:25:00,  1.59it/s] 60%|    | 12014/20000 [2:03:43<1:23:10,  1.60it/s] 60%|    | 12040/20000 [2:04:00<1:22:54,  1.60it/s] 61%|    | 12172/20000 [2:05:24<1:21:56,  1.59it/s] 61%|    | 12196/20000 [2:05:40<1:21:41,  1.59it/s] 62%|   | 12330/20000 [2:07:04<1:20:34,  1.59it/s] 62%|   | 12354/20000 [2:07:20<1:20:19,  1.59it/s] 62%|   | 12484/20000 [2:08:45<1:19:48,  1.57it/s] 63%|   | 12506/20000 [2:09:00<1:19:34,  1.57it/s] 63%|   | 12641/20000 [2:10:25<1:18:11,  1.57it/s] 63%|   | 12662/20000 [2:10:40<1:17:58,  1.57it/s] 64%|   | 12795/20000 [2:12:05<1:17:00,  1.56it/s] 64%|   | 12816/20000 [2:12:20<1:16:47,  1.56it/s] 65%|   | 12955/20000 [2:13:46<1:14:49,  1.57it/s] 65%|   | 12976/20000 [2:14:00<1:14:36,  1.57it/s] 66%|   | 13120/20000 [2:15:26<1:11:59,  1.59it/s] 66%|   | 13141/20000 [2:15:40<1:11:46,  1.59it/s] 66%|   | 13282/20000 [2:17:06<1:10:02,  1.60it/s] 67%|   | 13303/20000 [2:17:20<1:09:49,  1.60it/s] 67%|   | 13445/20000 [2:18:47<1:08:02,  1.61it/s] 67%|   | 13466/20000 [2:19:00<1:07:48,  1.61it/s] 68%|   | 13606/20000 [2:20:27<1:06:19,  1.61it/s] 68%|   | 13628/20000 [2:20:40<1:06:05,  1.61it/s] 69%|   | 13773/20000 [2:22:07<1:03:51,  1.63it/s] 69%|   | 13794/20000 [2:22:20<1:03:38,  1.63it/s] 70%|   | 13940/20000 [2:23:47<1:01:40,  1.64it/s] 70%|   | 13962/20000 [2:24:00<1:01:27,  1.64it/s] 71%|   | 14114/20000 [2:25:27<58:50,  1.67it/s]   71%|   | 14136/20000 [2:25:40<58:37,  1.67it/s] 71%|  | 14281/20000 [2:27:08<57:12,  1.67it/s] 71%|  | 14299/20000 [2:27:20<57:02,  1.67it/s] 72%|  | 14448/20000 [2:28:48<55:30,  1.67it/s] 72%|  | 14466/20000 [2:29:00<55:19,  1.67it/s] 73%|  | 14619/20000 [2:30:28<53:27,  1.68it/s] 73%|  | 14640/20000 [2:30:40<53:14,  1.68it/s] 74%|  | 14796/20000 [2:32:08<50:52,  1.70it/s] 74%|  | 14814/20000 [2:32:20<50:41,  1.70it/s] 75%|  | 14960/20000 [2:33:48<49:50,  1.69it/s] 75%|  | 14979/20000 [2:34:00<49:39,  1.69it/s] 76%|  | 15135/20000 [2:35:29<47:35,  1.70it/s] 76%|  | 15155/20000 [2:35:40<47:24,  1.70it/s] 77%|  | 15301/20000 [2:37:09<46:23,  1.69it/s] 77%|  | 15318/20000 [2:37:20<46:13,  1.69it/s] 77%|  | 15460/20000 [2:38:49<45:38,  1.66it/s] 77%|  | 15477/20000 [2:39:00<45:28,  1.66it/s] 78%|  | 15633/20000 [2:40:30<43:23,  1.68it/s] 78%|  | 15652/20000 [2:40:40<43:12,  1.68it/s] 79%|  | 15805/20000 [2:42:10<41:23,  1.69it/s] 79%|  | 15836/20000 [2:42:30<41:05,  1.69it/s] 80%|  | 15964/20000 [2:43:50<40:32,  1.66it/s] 80%|  | 15995/20000 [2:44:10<40:14,  1.66it/s] 81%|  | 16124/20000 [2:45:30<39:24,  1.64it/s] 81%|  | 16157/20000 [2:45:50<39:04,  1.64it/s] 81%| | 16290/20000 [2:47:11<37:35,  1.64it/s] 82%| | 16321/20000 [2:47:30<37:16,  1.64it/s] 82%| | 16476/20000 [2:48:51<34:22,  1.71it/s] 83%| | 16511/20000 [2:49:10<34:02,  1.71it/s] 83%| | 16666/20000 [2:50:31<31:29,  1.76it/s] 84%| | 16700/20000 [2:50:50<31:10,  1.76it/s] 84%| | 16861/20000 [2:52:11<28:45,  1.82it/s] 84%| | 16894/20000 [2:52:30<28:27,  1.82it/s] 85%| | 17042/20000 [2:53:51<27:08,  1.82it/s] 85%| | 17074/20000 [2:54:10<26:50,  1.82it/s] 86%| | 17231/20000 [2:55:31<25:07,  1.84it/s] 86%| | 17262/20000 [2:55:50<24:50,  1.84it/s] 87%| | 17408/20000 [2:57:12<23:47,  1.82it/s] 87%| | 17442/20000 [2:57:30<23:29,  1.82it/s] 88%| | 17596/20000 [2:58:52<21:50,  1.83it/s] 88%| | 17630/20000 [2:59:10<21:31,  1.83it/s] 89%| | 17779/20000 [3:00:32<20:12,  1.83it/s] 89%| | 17814/20000 [3:00:50<19:53,  1.83it/s] 90%| | 17954/20000 [3:02:12<18:52,  1.81it/s] 90%| | 17984/20000 [3:02:30<18:36,  1.81it/s] 91%| | 18122/20000 [3:03:53<17:43,  1.77it/s] 91%| | 18151/20000 [3:04:10<17:27,  1.77it/s] 91%|| 18293/20000 [3:05:33<16:18,  1.75it/s] 92%|| 18319/20000 [3:05:50<16:03,  1.75it/s] 92%|| 18455/20000 [3:07:14<15:05,  1.71it/s] 92%|| 18482/20000 [3:07:30<14:49,  1.71it/s] 93%|| 18622/20000 [3:08:54<13:32,  1.70it/s] 93%|| 18651/20000 [3:09:10<13:15,  1.70it/s] 94%|| 18800/20000 [3:10:34<11:38,  1.72it/s] 94%|| 18823/20000 [3:10:50<11:24,  1.72it/s] 95%|| 18961/20000 [3:12:15<10:17,  1.68it/s] 95%|| 18984/20000 [3:12:30<10:03,  1.68it/s] 96%|| 19132/20000 [3:13:55<08:33,  1.69it/s] 96%|| 19164/20000 [3:14:10<08:14,  1.69it/s] 97%|| 19344/20000 [3:15:35<06:01,  1.82it/s] 97%|| 19369/20000 [3:15:50<05:47,  1.82it/s] 98%|| 19504/20000 [3:17:16<04:43,  1.75it/s] 98%|| 19525/20000 [3:17:30<04:31,  1.75it/s] 98%|| 19665/20000 [3:18:56<03:16,  1.71it/s] 98%|| 19688/20000 [3:19:10<03:02,  1.71it/s] 99%|| 19832/20000 [3:20:37<01:39,  1.69it/s] 99%|| 19852/20000 [3:20:50<01:27,  1.69it/s]100%|| 19997/20000 [3:22:17<00:01,  1.68it/s]100%|| 20000/20000 [3:22:18<00:00,  1.65it/s]

Analysis complete. Found 1 cluster(s) meeting the MCMC criterion.
Accepted cluster indices: [5]

--- Processing Final Results for Cluster 5 ---
--- MCMC Parameter Constraints for Cluster 5 ---
  x_src = 149.637 +0.091 / -0.112
  y_src = 146.193 +0.085 / -0.104
    z_s = 3.375 +0.082 / -0.066
Saving localization results for Cluster 5...
Processing results for Cluster 5...
-> Saved 340000 samples to /users/hiu-yeung.cheng/clusterlensing/out/row56/test_tidy_row56/cluster_5_posterior.npz
Updated CSV row 56 with result for cluster 5.
Loading data from /users/hiu-yeung.cheng/clusterlensing/out/row56/test_tidy_row56/cluster_5_posterior.npz...

Generating corner plot...
-> Corner plot saved to /users/hiu-yeung.cheng/clusterlensing/out/row56/test_tidy_row56/cluster_5_corner_from_saved.png

Generating trace plot...
-> Trace plot saved to /users/hiu-yeung.cheng/clusterlensing/out/row56/test_tidy_row56/cluster_5_trace.png
