Row=5 OUT_DIR=/users/hiu-yeung.cheng/clusterlensing/out/row5 DE_PROCS=16 MCMC_PROCS=16
DEBUG: Initializing ClusterLensing with z_s_ref = 3.0928792892868024
Setup complete. Lensing system initialized.
True time delays: [    0.          5563.71442742 11250.48589992 11471.85041948
 11732.00098157]
True luminosity distances: 26371.989185338723
Lensed luminosity distances: [ 6319.12620195  7155.77350672  3980.92851103  7672.64803582
 15609.73508972]

Running the full analysis pipeline...
--- Running DE for Cluster 0 ---
[DE] Process Pool with 16 procs (init=latinhypercube, popsize=50)
differential_evolution step 1: f(x)= 3000.0
differential_evolution step 2: f(x)= 3000.0
differential_evolution step 3: f(x)= 3000.0
differential_evolution step 4: f(x)= 3000.0
differential_evolution step 5: f(x)= 3000.0
differential_evolution step 6: f(x)= 3000.0
differential_evolution step 7: f(x)= 738.3980422846935
differential_evolution step 8: f(x)= 738.3980422846935
differential_evolution step 9: f(x)= 738.3980422846935
differential_evolution step 10: f(x)= 738.3980422846935
differential_evolution step 11: f(x)= 738.3980422846935
differential_evolution step 12: f(x)= 738.3980422846935
differential_evolution step 13: f(x)= 738.3980422846935
differential_evolution step 14: f(x)= 738.3980422846935
differential_evolution step 15: f(x)= 738.3980422846935
differential_evolution step 16: f(x)= 738.3980422846935
differential_evolution step 17: f(x)= 738.3980422846935
differential_evolution step 18: f(x)= 738.3980422846935
differential_evolution step 19: f(x)= 738.3980422846935
differential_evolution step 20: f(x)= 205.49666829466085
differential_evolution step 21: f(x)= 205.49666829466085
differential_evolution step 22: f(x)= 205.49666829466085
differential_evolution step 23: f(x)= 205.49666829466085
differential_evolution step 24: f(x)= 205.49666829466085
differential_evolution step 25: f(x)= 205.49666829466085
differential_evolution step 26: f(x)= 205.49666829466085
differential_evolution step 27: f(x)= 205.49666829466085
differential_evolution step 28: f(x)= 177.0870811329409
differential_evolution step 29: f(x)= 177.0870811329409
differential_evolution step 30: f(x)= 177.0870811329409
differential_evolution step 31: f(x)= 177.0870811329409
differential_evolution step 32: f(x)= 177.0870811329409
differential_evolution step 33: f(x)= 177.0870811329409
differential_evolution step 34: f(x)= 177.0870811329409
differential_evolution step 35: f(x)= 177.0870811329409
differential_evolution step 36: f(x)= 177.0870811329409
differential_evolution step 37: f(x)= 177.0870811329409
differential_evolution step 38: f(x)= 177.0870811329409
differential_evolution step 39: f(x)= 177.0870811329409
differential_evolution step 40: f(x)= 148.58189543898862
differential_evolution step 41: f(x)= 148.58189543898862
differential_evolution step 42: f(x)= 80.82271094281145
differential_evolution step 43: f(x)= 80.82271094281145
differential_evolution step 44: f(x)= 80.82271094281145
differential_evolution step 45: f(x)= 80.82271094281145
differential_evolution step 46: f(x)= 80.82271094281145
differential_evolution step 47: f(x)= 80.82271094281145
differential_evolution step 48: f(x)= 80.82271094281145
differential_evolution step 49: f(x)= 80.82271094281145
differential_evolution step 50: f(x)= 80.82271094281145
differential_evolution step 51: f(x)= 80.82271094281145
differential_evolution step 52: f(x)= 80.82271094281145
differential_evolution step 53: f(x)= 80.82271094281145
differential_evolution step 54: f(x)= 80.82271094281145
differential_evolution step 55: f(x)= 80.82271094281145
differential_evolution step 56: f(x)= 80.82271094281145
differential_evolution step 57: f(x)= 80.82271094281145
differential_evolution step 58: f(x)= 80.82271094281145
differential_evolution step 59: f(x)= 80.82271094281145
differential_evolution step 60: f(x)= 80.82271094281145
differential_evolution step 61: f(x)= 80.82271094281145
differential_evolution step 62: f(x)= 80.82271094281145
differential_evolution step 63: f(x)= 80.82271094281145
differential_evolution step 64: f(x)= 80.82271094281145
differential_evolution step 65: f(x)= 67.80897556526696
differential_evolution step 66: f(x)= 67.80897556526696
differential_evolution step 67: f(x)= 67.80897556526696
differential_evolution step 68: f(x)= 67.80897556526696
differential_evolution step 69: f(x)= 67.80897556526696
differential_evolution step 70: f(x)= 7.011381802772384
differential_evolution step 71: f(x)= 7.011381802772384
differential_evolution step 72: f(x)= 7.011381802772384
differential_evolution step 73: f(x)= 7.011381802772384
differential_evolution step 74: f(x)= 7.011381802772384
differential_evolution step 75: f(x)= 7.011381802772384
differential_evolution step 76: f(x)= 7.011381802772384
differential_evolution step 77: f(x)= 7.011381802772384
differential_evolution step 78: f(x)= 6.663918584195654
differential_evolution step 79: f(x)= 6.663918584195654
differential_evolution step 80: f(x)= 6.663918584195654
differential_evolution step 81: f(x)= 5.145277756173531
differential_evolution step 82: f(x)= 5.145277756173531
differential_evolution step 83: f(x)= 1.1505314963943996
differential_evolution step 84: f(x)= 1.1505314963943996
differential_evolution step 85: f(x)= 1.1505314963943996
differential_evolution step 86: f(x)= 1.1505314963943996
differential_evolution step 87: f(x)= 1.1505314963943996
differential_evolution step 88: f(x)= 1.1505314963943996
differential_evolution step 89: f(x)= 1.1505314963943996
differential_evolution step 90: f(x)= 1.1505314963943996
differential_evolution step 91: f(x)= 1.1505314963943996
differential_evolution step 92: f(x)= 1.1505314963943996
differential_evolution step 93: f(x)= 1.1505314963943996
differential_evolution step 94: f(x)= 1.1505314963943996
differential_evolution step 95: f(x)= 1.1505314963943996
differential_evolution step 96: f(x)= 1.1505314963943996
differential_evolution step 97: f(x)= 1.1505314963943996
differential_evolution step 98: f(x)= 1.1505314963943996
differential_evolution step 99: f(x)= 1.0073168044348122
differential_evolution step 100: f(x)= 0.9194045796597103
differential_evolution step 101: f(x)= 0.32598130162930383
differential_evolution step 102: f(x)= 0.32598130162930383
differential_evolution step 103: f(x)= 0.1698873453866893
differential_evolution step 104: f(x)= 0.1698873453866893
differential_evolution step 105: f(x)= 0.1698873453866893
differential_evolution step 106: f(x)= 0.1698873453866893
differential_evolution step 107: f(x)= 0.14280289295552548
differential_evolution step 108: f(x)= 0.14280289295552548
differential_evolution step 109: f(x)= 0.14280289295552548
differential_evolution step 110: f(x)= 0.14280289295552548
differential_evolution step 111: f(x)= 0.14280289295552548
differential_evolution step 112: f(x)= 0.14280289295552548
differential_evolution step 113: f(x)= 0.14280289295552548
differential_evolution step 114: f(x)= 0.14280289295552548
differential_evolution step 115: f(x)= 0.14280289295552548
differential_evolution step 116: f(x)= 0.12738282893168051
differential_evolution step 117: f(x)= 0.01311870754960437
Cluster 0 DE best chi^2: 0.013 with params {'x_src': np.float64(75.42729198360368), 'y_src': np.float64(77.04927832813686), 'z_s': np.float64(3.088055848150897)}
--- Running DE for Cluster 1 ---
[DE] Process Pool with 16 procs (init=latinhypercube, popsize=50)
differential_evolution step 1: f(x)= 3000.0
differential_evolution step 2: f(x)= 3000.0
differential_evolution step 3: f(x)= 3000.0
differential_evolution step 4: f(x)= 3000.0
differential_evolution step 5: f(x)= 3000.0
differential_evolution step 6: f(x)= 3000.0
differential_evolution step 7: f(x)= 3000.0
differential_evolution step 8: f(x)= 3000.0
differential_evolution step 9: f(x)= 3000.0
differential_evolution step 10: f(x)= 3000.0
differential_evolution step 11: f(x)= 3000.0
differential_evolution step 12: f(x)= 3000.0
differential_evolution step 13: f(x)= 3000.0
differential_evolution step 14: f(x)= 3000.0
differential_evolution step 15: f(x)= 3000.0
differential_evolution step 16: f(x)= 3000.0
differential_evolution step 17: f(x)= 3000.0
differential_evolution step 18: f(x)= 3000.0
differential_evolution step 19: f(x)= 3000.0
differential_evolution step 20: f(x)= 3000.0
differential_evolution step 21: f(x)= 3000.0
differential_evolution step 22: f(x)= 3000.0
differential_evolution step 23: f(x)= 3000.0
differential_evolution step 24: f(x)= 3000.0
differential_evolution step 25: f(x)= 3000.0
differential_evolution step 26: f(x)= 3000.0
differential_evolution step 27: f(x)= 3000.0
differential_evolution step 28: f(x)= 3000.0
differential_evolution step 29: f(x)= 3000.0
differential_evolution step 30: f(x)= 3000.0
differential_evolution step 31: f(x)= 3000.0
differential_evolution step 32: f(x)= 3000.0
differential_evolution step 33: f(x)= 3000.0
Cluster 1 DE best chi^2: 3000.000 with params {'x_src': np.float64(204.42169089463596), 'y_src': np.float64(193.03087595961037), 'z_s': np.float64(1.9361545213237044)}
--- Running DE for Cluster 2 ---
[DE] Process Pool with 16 procs (init=latinhypercube, popsize=50)
differential_evolution step 1: f(x)= 4242.640687119286
differential_evolution step 2: f(x)= 4242.640687119286
differential_evolution step 3: f(x)= 2982.882466371526
differential_evolution step 4: f(x)= 2982.882466371526
differential_evolution step 5: f(x)= 2982.882466371526
differential_evolution step 6: f(x)= 1059.8211523120635
differential_evolution step 7: f(x)= 170.3511792169709
differential_evolution step 8: f(x)= 170.3511792169709
differential_evolution step 9: f(x)= 154.3066960486365
differential_evolution step 10: f(x)= 154.3066960486365
differential_evolution step 11: f(x)= 154.3066960486365
differential_evolution step 12: f(x)= 154.3066960486365
differential_evolution step 13: f(x)= 154.3066960486365
differential_evolution step 14: f(x)= 154.3066960486365
differential_evolution step 15: f(x)= 154.3066960486365
differential_evolution step 16: f(x)= 154.3066960486365
differential_evolution step 17: f(x)= 154.3066960486365
differential_evolution step 18: f(x)= 154.3066960486365
differential_evolution step 19: f(x)= 154.3066960486365
differential_evolution step 20: f(x)= 154.3066960486365
differential_evolution step 21: f(x)= 154.3066960486365
differential_evolution step 22: f(x)= 85.59428198780792
differential_evolution step 23: f(x)= 85.59428198780792
differential_evolution step 24: f(x)= 85.59428198780792
differential_evolution step 25: f(x)= 85.59428198780792
differential_evolution step 26: f(x)= 85.59428198780792
differential_evolution step 27: f(x)= 85.59428198780792
differential_evolution step 28: f(x)= 85.59428198780792
differential_evolution step 29: f(x)= 85.59428198780792
differential_evolution step 30: f(x)= 85.59428198780792
differential_evolution step 31: f(x)= 85.59428198780792
differential_evolution step 32: f(x)= 85.59428198780792
differential_evolution step 33: f(x)= 84.17349341340045
differential_evolution step 34: f(x)= 84.17349341340045
differential_evolution step 35: f(x)= 84.17349341340045
differential_evolution step 36: f(x)= 84.17349341340045
differential_evolution step 37: f(x)= 84.17349341340045
differential_evolution step 38: f(x)= 84.17349341340045
differential_evolution step 39: f(x)= 84.17349341340045
differential_evolution step 40: f(x)= 84.17349341340045
differential_evolution step 41: f(x)= 84.17349341340045
differential_evolution step 42: f(x)= 84.17349341340045
differential_evolution step 43: f(x)= 84.17349341340045
differential_evolution step 44: f(x)= 84.17349341340045
differential_evolution step 45: f(x)= 84.17349341340045
differential_evolution step 46: f(x)= 84.17349341340045
differential_evolution step 47: f(x)= 84.17349341340045
differential_evolution step 48: f(x)= 84.17349341340045
differential_evolution step 49: f(x)= 84.17349341340045
differential_evolution step 50: f(x)= 84.17349341340045
differential_evolution step 51: f(x)= 84.17349341340045
differential_evolution step 52: f(x)= 84.17349341340045
differential_evolution step 53: f(x)= 84.17349341340045
differential_evolution step 54: f(x)= 84.11516346352126
differential_evolution step 55: f(x)= 84.11516346352126
differential_evolution step 56: f(x)= 84.11516346352126
differential_evolution step 57: f(x)= 84.11516346352126
differential_evolution step 58: f(x)= 78.52475829495518
differential_evolution step 59: f(x)= 78.52475829495518
differential_evolution step 60: f(x)= 78.52475829495518
differential_evolution step 61: f(x)= 78.52475829495518
differential_evolution step 62: f(x)= 78.52475829495518
differential_evolution step 63: f(x)= 78.52475829495518
differential_evolution step 64: f(x)= 65.14074381625994
differential_evolution step 65: f(x)= 65.14074381625994
differential_evolution step 66: f(x)= 65.14074381625994
differential_evolution step 67: f(x)= 65.14074381625994
differential_evolution step 68: f(x)= 65.14074381625994
differential_evolution step 69: f(x)= 65.14074381625994
differential_evolution step 70: f(x)= 65.14074381625994
differential_evolution step 71: f(x)= 65.14074381625994
differential_evolution step 72: f(x)= 65.14074381625994
differential_evolution step 73: f(x)= 65.14074381625994
differential_evolution step 74: f(x)= 65.14074381625994
differential_evolution step 75: f(x)= 61.03329965001985
differential_evolution step 76: f(x)= 61.03329965001985
differential_evolution step 77: f(x)= 61.03329965001985
differential_evolution step 78: f(x)= 61.03329965001985
differential_evolution step 79: f(x)= 61.03329965001985
differential_evolution step 80: f(x)= 61.03329965001985
differential_evolution step 81: f(x)= 61.03329965001985
differential_evolution step 82: f(x)= 61.03329965001985
differential_evolution step 83: f(x)= 61.03329965001985
differential_evolution step 84: f(x)= 61.03329965001985
differential_evolution step 85: f(x)= 61.03329965001985
differential_evolution step 86: f(x)= 61.03329965001985
differential_evolution step 87: f(x)= 61.03329965001985
differential_evolution step 88: f(x)= 61.03329965001985
differential_evolution step 89: f(x)= 61.03329965001985
differential_evolution step 90: f(x)= 61.03329965001985
differential_evolution step 91: f(x)= 61.03329965001985
differential_evolution step 92: f(x)= 61.03329965001985
differential_evolution step 93: f(x)= 60.44601689237808
differential_evolution step 94: f(x)= 60.44601689237808
differential_evolution step 95: f(x)= 60.44601689237808
differential_evolution step 96: f(x)= 59.834362777288554
differential_evolution step 97: f(x)= 59.834362777288554
differential_evolution step 98: f(x)= 59.834362777288554
differential_evolution step 99: f(x)= 59.834362777288554
differential_evolution step 100: f(x)= 59.639135844046855
differential_evolution step 101: f(x)= 57.34147418628115
differential_evolution step 102: f(x)= 57.34147418628115
differential_evolution step 103: f(x)= 57.34147418628115
differential_evolution step 104: f(x)= 57.34147418628115
differential_evolution step 105: f(x)= 57.34147418628115
differential_evolution step 106: f(x)= 57.34147418628115
differential_evolution step 107: f(x)= 57.34147418628115
differential_evolution step 108: f(x)= 57.34147418628115
differential_evolution step 109: f(x)= 57.34147418628115
differential_evolution step 110: f(x)= 57.34147418628115
differential_evolution step 111: f(x)= 57.34147418628115
differential_evolution step 112: f(x)= 57.34147418628115
differential_evolution step 113: f(x)= 57.34147418628115
differential_evolution step 114: f(x)= 57.34147418628115
differential_evolution step 115: f(x)= 56.968553623874286
differential_evolution step 116: f(x)= 56.87532662811526
differential_evolution step 117: f(x)= 56.87532662811526
differential_evolution step 118: f(x)= 56.87532662811526
differential_evolution step 119: f(x)= 56.87532662811526
differential_evolution step 120: f(x)= 56.87532662811526
differential_evolution step 121: f(x)= 56.87532662811526
differential_evolution step 122: f(x)= 56.87532662811526
differential_evolution step 123: f(x)= 56.87532662811526
differential_evolution step 124: f(x)= 56.87532662811526
differential_evolution step 125: f(x)= 56.53515856873794
differential_evolution step 126: f(x)= 56.53515856873794
differential_evolution step 127: f(x)= 56.53515856873794
differential_evolution step 128: f(x)= 56.52561595375454
differential_evolution step 129: f(x)= 56.52561595375454
differential_evolution step 130: f(x)= 56.52561595375454
differential_evolution step 131: f(x)= 56.52561595375454
differential_evolution step 132: f(x)= 56.52561595375454
differential_evolution step 133: f(x)= 56.52561595375454
differential_evolution step 134: f(x)= 56.52561595375454
differential_evolution step 135: f(x)= 56.52561595375454
differential_evolution step 136: f(x)= 56.52561595375454
differential_evolution step 137: f(x)= 56.52561595375454
differential_evolution step 138: f(x)= 56.52561595375454
differential_evolution step 139: f(x)= 56.52561595375454
differential_evolution step 140: f(x)= 56.52561595375454
differential_evolution step 141: f(x)= 56.467652191944715
differential_evolution step 142: f(x)= 56.467652191944715
differential_evolution step 143: f(x)= 56.467652191944715
differential_evolution step 144: f(x)= 56.467652191944715
differential_evolution step 145: f(x)= 56.467652191944715
differential_evolution step 146: f(x)= 56.467652191944715
differential_evolution step 147: f(x)= 56.467652191944715
differential_evolution step 148: f(x)= 56.467652191944715
differential_evolution step 149: f(x)= 56.467652191944715
differential_evolution step 150: f(x)= 56.237989234890875
differential_evolution step 151: f(x)= 56.237989234890875
differential_evolution step 152: f(x)= 56.237989234890875
differential_evolution step 153: f(x)= 56.237989234890875
differential_evolution step 154: f(x)= 56.237989234890875
differential_evolution step 155: f(x)= 56.237989234890875
differential_evolution step 156: f(x)= 56.237989234890875
differential_evolution step 157: f(x)= 56.237989234890875
differential_evolution step 158: f(x)= 56.237989234890875
differential_evolution step 159: f(x)= 56.237989234890875
differential_evolution step 160: f(x)= 56.237989234890875
differential_evolution step 161: f(x)= 56.237989234890875
differential_evolution step 162: f(x)= 56.237989234890875
differential_evolution step 163: f(x)= 56.237989234890875
differential_evolution step 164: f(x)= 56.237989234890875
differential_evolution step 165: f(x)= 56.237989234890875
differential_evolution step 166: f(x)= 56.237989234890875
differential_evolution step 167: f(x)= 56.237989234890875
differential_evolution step 168: f(x)= 56.237989234890875
differential_evolution step 169: f(x)= 56.237989234890875
differential_evolution step 170: f(x)= 56.237989234890875
differential_evolution step 171: f(x)= 56.16523481020865
differential_evolution step 172: f(x)= 56.16523481020865
differential_evolution step 173: f(x)= 56.16523481020865
differential_evolution step 174: f(x)= 56.16523481020865
differential_evolution step 175: f(x)= 56.16523481020865
differential_evolution step 176: f(x)= 56.16523481020865
differential_evolution step 177: f(x)= 56.16523481020865
differential_evolution step 178: f(x)= 56.16523481020865
differential_evolution step 179: f(x)= 56.159462260348974
differential_evolution step 180: f(x)= 56.159462260348974
differential_evolution step 181: f(x)= 56.159462260348974
differential_evolution step 182: f(x)= 56.159462260348974
differential_evolution step 183: f(x)= 56.159462260348974
differential_evolution step 184: f(x)= 56.159462260348974
differential_evolution step 185: f(x)= 56.159462260348974
differential_evolution step 186: f(x)= 56.159462260348974
differential_evolution step 187: f(x)= 56.159462260348974
differential_evolution step 188: f(x)= 56.159462260348974
differential_evolution step 189: f(x)= 56.159462260348974
differential_evolution step 190: f(x)= 56.159462260348974
differential_evolution step 191: f(x)= 56.159462260348974
differential_evolution step 192: f(x)= 56.159462260348974
differential_evolution step 193: f(x)= 56.159462260348974
differential_evolution step 194: f(x)= 56.159462260348974
differential_evolution step 195: f(x)= 56.159462260348974
differential_evolution step 196: f(x)= 56.159462260348974
differential_evolution step 197: f(x)= 56.15859121600522
differential_evolution step 198: f(x)= 56.15859121600522
differential_evolution step 199: f(x)= 56.15859121600522
differential_evolution step 200: f(x)= 56.15859121600522
Cluster 2 DE best chi^2: 56.159 with params {'x_src': np.float64(99.05684738400792), 'y_src': np.float64(98.85879925853287), 'z_s': np.float64(1.8384464270788143)}
--- Running DE for Cluster 3 ---
[DE] Process Pool with 16 procs (init=latinhypercube, popsize=50)
differential_evolution step 1: f(x)= 4242.640687119286
differential_evolution step 2: f(x)= 3000.0
differential_evolution step 3: f(x)= 3000.0
differential_evolution step 4: f(x)= 3000.0
differential_evolution step 5: f(x)= 3000.0
differential_evolution step 6: f(x)= 3000.0
differential_evolution step 7: f(x)= 3000.0
differential_evolution step 8: f(x)= 3000.0
differential_evolution step 9: f(x)= 3000.0
differential_evolution step 10: f(x)= 3000.0
differential_evolution step 11: f(x)= 3000.0
differential_evolution step 12: f(x)= 3000.0
differential_evolution step 13: f(x)= 3000.0
differential_evolution step 14: f(x)= 3000.0
differential_evolution step 15: f(x)= 3000.0
differential_evolution step 16: f(x)= 3000.0
differential_evolution step 17: f(x)= 3000.0
differential_evolution step 18: f(x)= 3000.0
differential_evolution step 19: f(x)= 3000.0
differential_evolution step 20: f(x)= 3000.0
differential_evolution step 21: f(x)= 3000.0
differential_evolution step 22: f(x)= 3000.0
differential_evolution step 23: f(x)= 3000.0
differential_evolution step 24: f(x)= 3000.0
differential_evolution step 25: f(x)= 3000.0
differential_evolution step 26: f(x)= 3000.0
differential_evolution step 27: f(x)= 3000.0
differential_evolution step 28: f(x)= 3000.0
differential_evolution step 29: f(x)= 3000.0
differential_evolution step 30: f(x)= 3000.0
differential_evolution step 31: f(x)= 3000.0
differential_evolution step 32: f(x)= 3000.0
differential_evolution step 33: f(x)= 3000.0
differential_evolution step 34: f(x)= 3000.0
differential_evolution step 35: f(x)= 3000.0
differential_evolution step 36: f(x)= 3000.0
differential_evolution step 37: f(x)= 3000.0
differential_evolution step 38: f(x)= 3000.0
differential_evolution step 39: f(x)= 3000.0
differential_evolution step 40: f(x)= 3000.0
differential_evolution step 41: f(x)= 3000.0
differential_evolution step 42: f(x)= 3000.0
differential_evolution step 43: f(x)= 3000.0
differential_evolution step 44: f(x)= 3000.0
differential_evolution step 45: f(x)= 3000.0
differential_evolution step 46: f(x)= 3000.0
differential_evolution step 47: f(x)= 3000.0
differential_evolution step 48: f(x)= 3000.0
differential_evolution step 49: f(x)= 3000.0
differential_evolution step 50: f(x)= 3000.0
differential_evolution step 51: f(x)= 3000.0
differential_evolution step 52: f(x)= 3000.0
differential_evolution step 53: f(x)= 3000.0
differential_evolution step 54: f(x)= 3000.0
differential_evolution step 55: f(x)= 3000.0
differential_evolution step 56: f(x)= 3000.0
differential_evolution step 57: f(x)= 3000.0
differential_evolution step 58: f(x)= 3000.0
differential_evolution step 59: f(x)= 3000.0
differential_evolution step 60: f(x)= 3000.0
differential_evolution step 61: f(x)= 3000.0
differential_evolution step 62: f(x)= 3000.0
differential_evolution step 63: f(x)= 3000.0
differential_evolution step 64: f(x)= 3000.0
differential_evolution step 65: f(x)= 3000.0
differential_evolution step 66: f(x)= 3000.0
differential_evolution step 67: f(x)= 3000.0
differential_evolution step 68: f(x)= 3000.0
differential_evolution step 69: f(x)= 3000.0
differential_evolution step 70: f(x)= 3000.0
differential_evolution step 71: f(x)= 3000.0
differential_evolution step 72: f(x)= 3000.0
differential_evolution step 73: f(x)= 3000.0
differential_evolution step 74: f(x)= 3000.0
differential_evolution step 75: f(x)= 3000.0
differential_evolution step 76: f(x)= 3000.0
differential_evolution step 77: f(x)= 3000.0
differential_evolution step 78: f(x)= 3000.0
differential_evolution step 79: f(x)= 3000.0
differential_evolution step 80: f(x)= 3000.0
differential_evolution step 81: f(x)= 3000.0
differential_evolution step 82: f(x)= 3000.0
differential_evolution step 83: f(x)= 3000.0
differential_evolution step 84: f(x)= 3000.0
differential_evolution step 85: f(x)= 3000.0
differential_evolution step 86: f(x)= 3000.0
differential_evolution step 87: f(x)= 3000.0
differential_evolution step 88: f(x)= 3000.0
differential_evolution step 89: f(x)= 3000.0
differential_evolution step 90: f(x)= 3000.0
differential_evolution step 91: f(x)= 3000.0
differential_evolution step 92: f(x)= 3000.0
differential_evolution step 93: f(x)= 3000.0
differential_evolution step 94: f(x)= 3000.0
differential_evolution step 95: f(x)= 3000.0
differential_evolution step 96: f(x)= 3000.0
differential_evolution step 97: f(x)= 3000.0
differential_evolution step 98: f(x)= 3000.0
differential_evolution step 99: f(x)= 3000.0
differential_evolution step 100: f(x)= 3000.0
differential_evolution step 101: f(x)= 3000.0
differential_evolution step 102: f(x)= 3000.0
differential_evolution step 103: f(x)= 3000.0
differential_evolution step 104: f(x)= 3000.0
differential_evolution step 105: f(x)= 3000.0
differential_evolution step 106: f(x)= 3000.0
differential_evolution step 107: f(x)= 3000.0
differential_evolution step 108: f(x)= 3000.0
differential_evolution step 109: f(x)= 3000.0
differential_evolution step 110: f(x)= 3000.0
differential_evolution step 111: f(x)= 3000.0
differential_evolution step 112: f(x)= 3000.0
differential_evolution step 113: f(x)= 3000.0
differential_evolution step 114: f(x)= 3000.0
differential_evolution step 115: f(x)= 3000.0
differential_evolution step 116: f(x)= 3000.0
Cluster 3 DE best chi^2: 3000.000 with params {'x_src': np.float64(110.40652524881361), 'y_src': np.float64(126.40086296837727), 'z_s': np.float64(3.912791972180424)}
--- Running DE for Cluster 4 ---
[DE] Process Pool with 16 procs (init=latinhypercube, popsize=50)
differential_evolution step 1: f(x)= 3000.0
differential_evolution step 2: f(x)= 3000.0
differential_evolution step 3: f(x)= 2719.858880441593
differential_evolution step 4: f(x)= 2719.858880441593
differential_evolution step 5: f(x)= 2719.858880441593
differential_evolution step 6: f(x)= 2719.858880441593
differential_evolution step 7: f(x)= 2719.858880441593
differential_evolution step 8: f(x)= 1075.317760050947
differential_evolution step 9: f(x)= 1075.317760050947
differential_evolution step 10: f(x)= 1075.317760050947
differential_evolution step 11: f(x)= 593.1886032493077
differential_evolution step 12: f(x)= 593.1886032493077
differential_evolution step 13: f(x)= 593.1886032493077
differential_evolution step 14: f(x)= 593.1886032493077
differential_evolution step 15: f(x)= 593.1886032493077
differential_evolution step 16: f(x)= 593.1886032493077
differential_evolution step 17: f(x)= 593.1886032493077
differential_evolution step 18: f(x)= 593.1886032493077
differential_evolution step 19: f(x)= 593.1886032493077
differential_evolution step 20: f(x)= 593.1886032493077
differential_evolution step 21: f(x)= 593.1886032493077
differential_evolution step 22: f(x)= 593.1886032493077
differential_evolution step 23: f(x)= 593.1886032493077
differential_evolution step 24: f(x)= 593.1886032493077
differential_evolution step 25: f(x)= 593.1886032493077
differential_evolution step 26: f(x)= 593.1886032493077
differential_evolution step 27: f(x)= 593.1886032493077
differential_evolution step 28: f(x)= 593.1886032493077
differential_evolution step 29: f(x)= 593.1886032493077
differential_evolution step 30: f(x)= 593.1886032493077
differential_evolution step 31: f(x)= 414.6011063008435
differential_evolution step 32: f(x)= 414.6011063008435
differential_evolution step 33: f(x)= 414.6011063008435
differential_evolution step 34: f(x)= 414.6011063008435
differential_evolution step 35: f(x)= 414.6011063008435
differential_evolution step 36: f(x)= 414.6011063008435
differential_evolution step 37: f(x)= 414.6011063008435
differential_evolution step 38: f(x)= 414.6011063008435
differential_evolution step 39: f(x)= 414.6011063008435
differential_evolution step 40: f(x)= 414.6011063008435
differential_evolution step 41: f(x)= 414.6011063008435
differential_evolution step 42: f(x)= 220.14034397030366
differential_evolution step 43: f(x)= 220.14034397030366
differential_evolution step 44: f(x)= 220.14034397030366
differential_evolution step 45: f(x)= 220.14034397030366
differential_evolution step 46: f(x)= 220.14034397030366
differential_evolution step 47: f(x)= 220.14034397030366
differential_evolution step 48: f(x)= 220.14034397030366
differential_evolution step 49: f(x)= 220.14034397030366
differential_evolution step 50: f(x)= 220.14034397030366
differential_evolution step 51: f(x)= 220.14034397030366
differential_evolution step 52: f(x)= 220.14034397030366
differential_evolution step 53: f(x)= 220.14034397030366
differential_evolution step 54: f(x)= 220.14034397030366
differential_evolution step 55: f(x)= 220.14034397030366
differential_evolution step 56: f(x)= 220.14034397030366
differential_evolution step 57: f(x)= 220.14034397030366
differential_evolution step 58: f(x)= 220.14034397030366
differential_evolution step 59: f(x)= 220.14034397030366
differential_evolution step 60: f(x)= 220.14034397030366
differential_evolution step 61: f(x)= 220.14034397030366
differential_evolution step 62: f(x)= 220.14034397030366
differential_evolution step 63: f(x)= 220.14034397030366
differential_evolution step 64: f(x)= 220.14034397030366
differential_evolution step 65: f(x)= 220.14034397030366
differential_evolution step 66: f(x)= 220.14034397030366
differential_evolution step 67: f(x)= 220.14034397030366
differential_evolution step 68: f(x)= 220.14034397030366
differential_evolution step 69: f(x)= 220.14034397030366
differential_evolution step 70: f(x)= 220.14034397030366
differential_evolution step 71: f(x)= 220.14034397030366
differential_evolution step 72: f(x)= 220.14034397030366
differential_evolution step 73: f(x)= 220.14034397030366
differential_evolution step 74: f(x)= 220.14034397030366
differential_evolution step 75: f(x)= 220.14034397030366
differential_evolution step 76: f(x)= 220.14034397030366
differential_evolution step 77: f(x)= 220.14034397030366
differential_evolution step 78: f(x)= 220.14034397030366
differential_evolution step 79: f(x)= 220.14034397030366
differential_evolution step 80: f(x)= 220.14034397030366
differential_evolution step 81: f(x)= 220.14034397030366
differential_evolution step 82: f(x)= 220.14034397030366
differential_evolution step 83: f(x)= 220.14034397030366
differential_evolution step 84: f(x)= 220.14034397030366
differential_evolution step 85: f(x)= 220.14034397030366
differential_evolution step 86: f(x)= 220.14034397030366
differential_evolution step 87: f(x)= 220.14034397030366
differential_evolution step 88: f(x)= 220.14034397030366
differential_evolution step 89: f(x)= 220.14034397030366
differential_evolution step 90: f(x)= 220.14034397030366
differential_evolution step 91: f(x)= 220.14034397030366
differential_evolution step 92: f(x)= 220.14034397030366
differential_evolution step 93: f(x)= 220.14034397030366
differential_evolution step 94: f(x)= 220.14034397030366
differential_evolution step 95: f(x)= 220.14034397030366
differential_evolution step 96: f(x)= 220.14034397030366
differential_evolution step 97: f(x)= 126.26631967990977
differential_evolution step 98: f(x)= 126.26631967990977
differential_evolution step 99: f(x)= 126.26631967990977
differential_evolution step 100: f(x)= 126.26631967990977
differential_evolution step 101: f(x)= 126.26631967990977
differential_evolution step 102: f(x)= 126.26631967990977
differential_evolution step 103: f(x)= 126.26631967990977
differential_evolution step 104: f(x)= 126.26631967990977
differential_evolution step 105: f(x)= 126.26631967990977
differential_evolution step 106: f(x)= 126.26631967990977
differential_evolution step 107: f(x)= 126.26631967990977
differential_evolution step 108: f(x)= 126.26631967990977
differential_evolution step 109: f(x)= 126.26631967990977
differential_evolution step 110: f(x)= 126.26631967990977
differential_evolution step 111: f(x)= 126.26631967990977
differential_evolution step 112: f(x)= 126.26631967990977
differential_evolution step 113: f(x)= 126.26631967990977
differential_evolution step 114: f(x)= 126.26631967990977
differential_evolution step 115: f(x)= 126.26631967990977
differential_evolution step 116: f(x)= 126.26631967990977
differential_evolution step 117: f(x)= 126.26631967990977
differential_evolution step 118: f(x)= 126.26631967990977
differential_evolution step 119: f(x)= 126.26631967990977
differential_evolution step 120: f(x)= 126.26631967990977
differential_evolution step 121: f(x)= 126.26631967990977
differential_evolution step 122: f(x)= 126.26631967990977
differential_evolution step 123: f(x)= 126.26631967990977
differential_evolution step 124: f(x)= 126.26631967990977
differential_evolution step 125: f(x)= 126.26631967990977
differential_evolution step 126: f(x)= 126.26631967990977
differential_evolution step 127: f(x)= 126.26631967990977
differential_evolution step 128: f(x)= 126.26631967990977
differential_evolution step 129: f(x)= 126.26631967990977
differential_evolution step 130: f(x)= 126.26631967990977
differential_evolution step 131: f(x)= 126.26631967990977
differential_evolution step 132: f(x)= 126.26631967990977
differential_evolution step 133: f(x)= 126.26631967990977
differential_evolution step 134: f(x)= 126.26631967990977
differential_evolution step 135: f(x)= 126.26631967990977
differential_evolution step 136: f(x)= 126.26631967990977
differential_evolution step 137: f(x)= 126.26631967990977
differential_evolution step 138: f(x)= 126.26631967990977
differential_evolution step 139: f(x)= 126.26631967990977
differential_evolution step 140: f(x)= 126.26631967990977
differential_evolution step 141: f(x)= 126.26631967990977
differential_evolution step 142: f(x)= 126.26631967990977
differential_evolution step 143: f(x)= 126.26631967990977
differential_evolution step 144: f(x)= 126.26631967990977
differential_evolution step 145: f(x)= 126.26631967990977
differential_evolution step 146: f(x)= 126.26631967990977
differential_evolution step 147: f(x)= 126.26631967990977
differential_evolution step 148: f(x)= 126.26631967990977
differential_evolution step 149: f(x)= 126.26631967990977
differential_evolution step 150: f(x)= 126.26631967990977
differential_evolution step 151: f(x)= 126.26631967990977
differential_evolution step 152: f(x)= 126.26631967990977
differential_evolution step 153: f(x)= 126.26631967990977
differential_evolution step 154: f(x)= 126.26631967990977
differential_evolution step 155: f(x)= 126.26631967990977
differential_evolution step 156: f(x)= 126.26631967990977
differential_evolution step 157: f(x)= 126.26631967990977
differential_evolution step 158: f(x)= 126.26631967990977
differential_evolution step 159: f(x)= 126.26631967990977
differential_evolution step 160: f(x)= 126.26631967990977
differential_evolution step 161: f(x)= 126.26631967990977
differential_evolution step 162: f(x)= 126.26631967990977
differential_evolution step 163: f(x)= 126.26631967990977
differential_evolution step 164: f(x)= 115.548288094765
differential_evolution step 165: f(x)= 115.548288094765
differential_evolution step 166: f(x)= 115.548288094765
differential_evolution step 167: f(x)= 115.548288094765
differential_evolution step 168: f(x)= 112.1566662849707
differential_evolution step 169: f(x)= 112.1566662849707
differential_evolution step 170: f(x)= 112.1566662849707
differential_evolution step 171: f(x)= 112.1566662849707
differential_evolution step 172: f(x)= 112.1566662849707
differential_evolution step 173: f(x)= 112.1566662849707
differential_evolution step 174: f(x)= 112.1566662849707
differential_evolution step 175: f(x)= 112.1566662849707
differential_evolution step 176: f(x)= 112.1566662849707
differential_evolution step 177: f(x)= 112.1566662849707
differential_evolution step 178: f(x)= 112.1566662849707
differential_evolution step 179: f(x)= 112.1566662849707
differential_evolution step 180: f(x)= 112.1566662849707
differential_evolution step 181: f(x)= 112.1566662849707
differential_evolution step 182: f(x)= 112.1566662849707
differential_evolution step 183: f(x)= 112.1566662849707
differential_evolution step 184: f(x)= 112.1566662849707
differential_evolution step 185: f(x)= 112.1566662849707
differential_evolution step 186: f(x)= 112.1566662849707
differential_evolution step 187: f(x)= 112.1566662849707
differential_evolution step 188: f(x)= 112.1566662849707
differential_evolution step 189: f(x)= 112.1566662849707
differential_evolution step 190: f(x)= 112.1566662849707
differential_evolution step 191: f(x)= 112.1566662849707
differential_evolution step 192: f(x)= 112.1566662849707
differential_evolution step 193: f(x)= 112.1566662849707
differential_evolution step 194: f(x)= 112.1566662849707
differential_evolution step 195: f(x)= 112.1566662849707
differential_evolution step 196: f(x)= 112.1566662849707
differential_evolution step 197: f(x)= 75.31438607254607
differential_evolution step 198: f(x)= 75.31438607254607
differential_evolution step 199: f(x)= 75.31438607254607
differential_evolution step 200: f(x)= 75.31438607254607
Cluster 4 DE best chi^2: 75.314 with params {'x_src': np.float64(241.54704129857356), 'y_src': np.float64(238.04719215019156), 'z_s': np.float64(1.658887797092524)}
--- Running DE for Cluster 5 ---
[DE] Process Pool with 16 procs (init=latinhypercube, popsize=50)
differential_evolution step 1: f(x)= 4242.640687119286
differential_evolution step 2: f(x)= 4242.640687119286
differential_evolution step 3: f(x)= 4242.640687119286
differential_evolution step 4: f(x)= 4242.640687119286
differential_evolution step 5: f(x)= 4242.640687119286
differential_evolution step 6: f(x)= 4242.640687119286
differential_evolution step 7: f(x)= 4242.640687119286
differential_evolution step 8: f(x)= 3000.0
differential_evolution step 9: f(x)= 3000.0
differential_evolution step 10: f(x)= 3000.0
differential_evolution step 11: f(x)= 3000.0
differential_evolution step 12: f(x)= 3000.0
differential_evolution step 13: f(x)= 3000.0
differential_evolution step 14: f(x)= 1467.4145425067495
differential_evolution step 15: f(x)= 1467.4145425067495
differential_evolution step 16: f(x)= 1467.4145425067495
differential_evolution step 17: f(x)= 1222.0724620034196
differential_evolution step 18: f(x)= 1222.0724620034196
differential_evolution step 19: f(x)= 1222.0724620034196
differential_evolution step 20: f(x)= 1222.0724620034196
differential_evolution step 21: f(x)= 1222.0724620034196
differential_evolution step 22: f(x)= 1222.0724620034196
differential_evolution step 23: f(x)= 1222.0724620034196
differential_evolution step 24: f(x)= 1222.0724620034196
differential_evolution step 25: f(x)= 1222.0724620034196
differential_evolution step 26: f(x)= 603.3231434375411
differential_evolution step 27: f(x)= 603.3231434375411
differential_evolution step 28: f(x)= 603.3231434375411
differential_evolution step 29: f(x)= 603.3231434375411
differential_evolution step 30: f(x)= 603.3231434375411
differential_evolution step 31: f(x)= 603.3231434375411
differential_evolution step 32: f(x)= 603.3231434375411
differential_evolution step 33: f(x)= 603.3231434375411
differential_evolution step 34: f(x)= 603.3231434375411
differential_evolution step 35: f(x)= 603.3231434375411
differential_evolution step 36: f(x)= 603.3231434375411
differential_evolution step 37: f(x)= 603.3231434375411
differential_evolution step 38: f(x)= 603.3231434375411
differential_evolution step 39: f(x)= 603.3231434375411
differential_evolution step 40: f(x)= 603.3231434375411
differential_evolution step 41: f(x)= 603.3231434375411
differential_evolution step 42: f(x)= 603.3231434375411
differential_evolution step 43: f(x)= 603.3231434375411
differential_evolution step 44: f(x)= 603.3231434375411
differential_evolution step 45: f(x)= 603.3231434375411
differential_evolution step 46: f(x)= 603.3231434375411
differential_evolution step 47: f(x)= 596.0333084633862
differential_evolution step 48: f(x)= 596.0333084633862
differential_evolution step 49: f(x)= 596.0333084633862
differential_evolution step 50: f(x)= 596.0333084633862
differential_evolution step 51: f(x)= 557.4735368887934
differential_evolution step 52: f(x)= 557.4735368887934
differential_evolution step 53: f(x)= 557.4735368887934
differential_evolution step 54: f(x)= 557.4735368887934
differential_evolution step 55: f(x)= 557.4735368887934
differential_evolution step 56: f(x)= 557.4735368887934
differential_evolution step 57: f(x)= 557.4735368887934
differential_evolution step 58: f(x)= 557.4735368887934
differential_evolution step 59: f(x)= 245.30874215853015
differential_evolution step 60: f(x)= 245.30874215853015
differential_evolution step 61: f(x)= 245.30874215853015
differential_evolution step 62: f(x)= 245.30874215853015
differential_evolution step 63: f(x)= 245.30874215853015
differential_evolution step 64: f(x)= 245.30874215853015
differential_evolution step 65: f(x)= 245.30874215853015
differential_evolution step 66: f(x)= 245.30874215853015
differential_evolution step 67: f(x)= 245.30874215853015
differential_evolution step 68: f(x)= 245.30874215853015
differential_evolution step 69: f(x)= 245.30874215853015
differential_evolution step 70: f(x)= 245.30874215853015
differential_evolution step 71: f(x)= 245.30874215853015
differential_evolution step 72: f(x)= 245.30874215853015
differential_evolution step 73: f(x)= 245.30874215853015
differential_evolution step 74: f(x)= 245.30874215853015
differential_evolution step 75: f(x)= 245.30874215853015
differential_evolution step 76: f(x)= 245.30874215853015
differential_evolution step 77: f(x)= 245.30874215853015
differential_evolution step 78: f(x)= 245.30874215853015
differential_evolution step 79: f(x)= 245.30874215853015
differential_evolution step 80: f(x)= 245.30874215853015
differential_evolution step 81: f(x)= 245.30874215853015
differential_evolution step 82: f(x)= 245.30874215853015
differential_evolution step 83: f(x)= 245.30874215853015
differential_evolution step 84: f(x)= 245.30874215853015
differential_evolution step 85: f(x)= 245.30874215853015
differential_evolution step 86: f(x)= 245.30874215853015
differential_evolution step 87: f(x)= 245.30874215853015
differential_evolution step 88: f(x)= 245.30874215853015
differential_evolution step 89: f(x)= 245.30874215853015
differential_evolution step 90: f(x)= 245.30874215853015
differential_evolution step 91: f(x)= 131.8155692252916
differential_evolution step 92: f(x)= 131.8155692252916
differential_evolution step 93: f(x)= 131.8155692252916
differential_evolution step 94: f(x)= 131.8155692252916
differential_evolution step 95: f(x)= 131.8155692252916
differential_evolution step 96: f(x)= 131.8155692252916
differential_evolution step 97: f(x)= 131.8155692252916
differential_evolution step 98: f(x)= 131.8155692252916
differential_evolution step 99: f(x)= 131.8155692252916
differential_evolution step 100: f(x)= 131.8155692252916
differential_evolution step 101: f(x)= 131.8155692252916
differential_evolution step 102: f(x)= 102.70190967791899
differential_evolution step 103: f(x)= 102.70190967791899
differential_evolution step 104: f(x)= 102.70190967791899
differential_evolution step 105: f(x)= 102.70190967791899
differential_evolution step 106: f(x)= 102.70190967791899
differential_evolution step 107: f(x)= 102.70190967791899
differential_evolution step 108: f(x)= 102.70190967791899
differential_evolution step 109: f(x)= 102.70190967791899
differential_evolution step 110: f(x)= 97.91127558594462
differential_evolution step 111: f(x)= 97.91127558594462
differential_evolution step 112: f(x)= 97.91127558594462
differential_evolution step 113: f(x)= 97.91127558594462
differential_evolution step 114: f(x)= 97.91127558594462
differential_evolution step 115: f(x)= 94.40916879188963
differential_evolution step 116: f(x)= 94.40916879188963
differential_evolution step 117: f(x)= 94.40916879188963
differential_evolution step 118: f(x)= 92.99921633085192
differential_evolution step 119: f(x)= 92.99921633085192
differential_evolution step 120: f(x)= 92.99921633085192
differential_evolution step 121: f(x)= 92.99921633085192
differential_evolution step 122: f(x)= 92.99921633085192
differential_evolution step 123: f(x)= 92.99921633085192
differential_evolution step 124: f(x)= 92.99921633085192
differential_evolution step 125: f(x)= 92.99921633085192
differential_evolution step 126: f(x)= 92.99921633085192
differential_evolution step 127: f(x)= 91.89983606929587
differential_evolution step 128: f(x)= 91.76285199138607
differential_evolution step 129: f(x)= 91.76285199138607
differential_evolution step 130: f(x)= 91.76285199138607
differential_evolution step 131: f(x)= 84.03068271866611
differential_evolution step 132: f(x)= 84.03068271866611
differential_evolution step 133: f(x)= 84.03068271866611
differential_evolution step 134: f(x)= 79.08433079075613
differential_evolution step 135: f(x)= 79.08433079075613
differential_evolution step 136: f(x)= 79.08433079075613
differential_evolution step 137: f(x)= 79.08433079075613
differential_evolution step 138: f(x)= 79.08433079075613
differential_evolution step 139: f(x)= 77.4014843035745
differential_evolution step 140: f(x)= 77.4014843035745
differential_evolution step 141: f(x)= 77.4014843035745
differential_evolution step 142: f(x)= 77.4014843035745
differential_evolution step 143: f(x)= 77.33823770803751
differential_evolution step 144: f(x)= 76.63858076369687
differential_evolution step 145: f(x)= 76.63858076369687
differential_evolution step 146: f(x)= 76.63858076369687
differential_evolution step 147: f(x)= 76.63858076369687
differential_evolution step 148: f(x)= 76.63858076369687
differential_evolution step 149: f(x)= 76.63858076369687
differential_evolution step 150: f(x)= 76.63858076369687
differential_evolution step 151: f(x)= 76.63858076369687
differential_evolution step 152: f(x)= 76.40660401727814
differential_evolution step 153: f(x)= 76.40660401727814
differential_evolution step 154: f(x)= 76.40660401727814
differential_evolution step 155: f(x)= 76.26975638398865
differential_evolution step 156: f(x)= 76.22269449742862
differential_evolution step 157: f(x)= 76.22269449742862
differential_evolution step 158: f(x)= 76.22269449742862
differential_evolution step 159: f(x)= 76.22269449742862
differential_evolution step 160: f(x)= 76.22269449742862
differential_evolution step 161: f(x)= 76.22269449742862
differential_evolution step 162: f(x)= 76.22269449742862
differential_evolution step 163: f(x)= 76.22269449742862
differential_evolution step 164: f(x)= 76.22269449742862
differential_evolution step 165: f(x)= 76.22269449742862
differential_evolution step 166: f(x)= 76.22269449742862
differential_evolution step 167: f(x)= 76.22269449742862
differential_evolution step 168: f(x)= 76.1567526287133
differential_evolution step 169: f(x)= 76.1567526287133
differential_evolution step 170: f(x)= 76.1567526287133
differential_evolution step 171: f(x)= 76.1567526287133
differential_evolution step 172: f(x)= 76.1567526287133
differential_evolution step 173: f(x)= 76.1567526287133
differential_evolution step 174: f(x)= 76.1567526287133
differential_evolution step 175: f(x)= 76.12834572481418
differential_evolution step 176: f(x)= 76.12834572481418
differential_evolution step 177: f(x)= 76.12834572481418
differential_evolution step 178: f(x)= 76.10703506949798
differential_evolution step 179: f(x)= 76.10703506949798
differential_evolution step 180: f(x)= 76.10703506949798
differential_evolution step 181: f(x)= 76.10703506949798
differential_evolution step 182: f(x)= 76.10703506949798
differential_evolution step 183: f(x)= 76.10703506949798
differential_evolution step 184: f(x)= 76.10703506949798
differential_evolution step 185: f(x)= 76.10475086973096
differential_evolution step 186: f(x)= 76.10475086973096
differential_evolution step 187: f(x)= 76.10475086973096
differential_evolution step 188: f(x)= 76.10475086973096
differential_evolution step 189: f(x)= 76.10475086973096
differential_evolution step 190: f(x)= 76.09729126212949
differential_evolution step 191: f(x)= 76.09729126212949
differential_evolution step 192: f(x)= 76.09729126212949
differential_evolution step 193: f(x)= 76.09729126212949
differential_evolution step 194: f(x)= 76.09729126212949
differential_evolution step 195: f(x)= 76.09729126212949
differential_evolution step 196: f(x)= 76.09729126212949
differential_evolution step 197: f(x)= 76.09729126212949
differential_evolution step 198: f(x)= 76.09729126212949
differential_evolution step 199: f(x)= 76.09712070556041
differential_evolution step 200: f(x)= 76.09712070556041
Cluster 5 DE best chi^2: 76.097 with params {'x_src': np.float64(150.6843059194894), 'y_src': np.float64(144.61458864462895), 'z_s': np.float64(3.071560145585268)}

--- DE Optimization Summary ---
Best fit found for Cluster 0 with chi^2 = 0.013
Best-fit parameters: {'x_src': np.float64(75.42729198360368), 'y_src': np.float64(77.04927832813686), 'z_s': np.float64(3.088055848150897)}

--- Running MCMC for Cluster 0 (chi_sq=0.013) ---
[MCMC] Process Pool with 16 procs
  0%|          | 0/20000 [00:00<?, ?it/s]  0%|          | 69/20000 [01:40<8:02:44,  1.45s/it]  0%|          | 81/20000 [02:00<8:02:27,  1.45s/it]  1%|          | 135/20000 [03:21<8:15:52,  1.50s/it]  1%|          | 147/20000 [03:40<8:15:34,  1.50s/it]  1%|          | 205/20000 [05:02<8:06:31,  1.47s/it]  1%|          | 216/20000 [05:20<8:06:15,  1.47s/it]  1%|         | 278/20000 [06:44<7:53:20,  1.44s/it]  1%|         | 288/20000 [07:00<7:53:06,  1.44s/it]  2%|         | 345/20000 [08:24<7:58:25,  1.46s/it]  2%|         | 355/20000 [08:40<7:58:11,  1.46s/it]  2%|         | 415/20000 [10:05<7:54:04,  1.45s/it]  2%|         | 425/20000 [10:20<7:53:49,  1.45s/it]  2%|         | 488/20000 [11:45<7:43:59,  1.43s/it]  2%|         | 499/20000 [12:00<7:43:43,  1.43s/it]  3%|         | 558/20000 [13:25<7:42:51,  1.43s/it]  3%|         | 567/20000 [13:40<7:42:38,  1.43s/it]  3%|         | 628/20000 [15:06<7:42:02,  1.43s/it]  3%|         | 638/20000 [15:20<7:41:48,  1.43s/it]  4%|         | 703/20000 [16:47<7:31:58,  1.41s/it]  4%|         | 712/20000 [17:00<7:31:45,  1.41s/it]  4%|         | 778/20000 [18:28<7:23:42,  1.38s/it]  4%|         | 787/20000 [18:40<7:23:29,  1.38s/it]  4%|         | 853/20000 [20:09<7:18:06,  1.37s/it]  4%|         | 860/20000 [20:20<7:17:56,  1.37s/it]  5%|         | 926/20000 [21:49<7:16:19,  1.37s/it]  5%|         | 933/20000 [22:00<7:16:10,  1.37s/it]  5%|         | 999/20000 [23:30<7:15:47,  1.38s/it]  5%|         | 1012/20000 [23:50<7:15:29,  1.38s/it]  5%|         | 1070/20000 [25:10<7:17:13,  1.39s/it]  5%|         | 1084/20000 [25:30<7:16:54,  1.39s/it]  6%|         | 1143/20000 [26:51<7:15:04,  1.38s/it]  6%|         | 1156/20000 [27:10<7:14:46,  1.38s/it]  6%|         | 1214/20000 [28:31<7:16:27,  1.39s/it]  6%|         | 1226/20000 [28:50<7:16:11,  1.39s/it]  6%|         | 1285/20000 [30:13<7:17:53,  1.40s/it]  6%|         | 1297/20000 [30:30<7:17:36,  1.40s/it]  7%|         | 1358/20000 [31:53<7:13:23,  1.39s/it]  7%|         | 1370/20000 [32:10<7:13:07,  1.39s/it]  7%|         | 1431/20000 [33:33<7:09:43,  1.39s/it]  7%|         | 1442/20000 [33:50<7:09:27,  1.39s/it]  8%|         | 1502/20000 [35:13<7:09:59,  1.39s/it]  8%|         | 1513/20000 [35:30<7:09:44,  1.39s/it]  8%|         | 1571/20000 [36:55<7:15:13,  1.42s/it]  8%|         | 1580/20000 [37:10<7:15:00,  1.42s/it]  8%|         | 1639/20000 [38:37<7:20:27,  1.44s/it]  8%|         | 1648/20000 [38:50<7:20:14,  1.44s/it]  9%|         | 1711/20000 [40:17<7:14:20,  1.42s/it]  9%|         | 1720/20000 [40:30<7:14:08,  1.42s/it]  9%|         | 1781/20000 [41:58<7:14:28,  1.43s/it]  9%|         | 1789/20000 [42:10<7:14:17,  1.43s/it]  9%|         | 1847/20000 [43:39<7:21:38,  1.46s/it]  9%|         | 1853/20000 [43:50<7:21:29,  1.46s/it] 10%|         | 1915/20000 [45:20<7:22:32,  1.47s/it] 10%|         | 1928/20000 [45:40<7:22:13,  1.47s/it] 10%|         | 1982/20000 [47:01<7:24:17,  1.48s/it] 10%|         | 1994/20000 [47:20<7:24:00,  1.48s/it] 10%|         | 2052/20000 [48:42<7:18:43,  1.47s/it] 10%|         | 2065/20000 [49:00<7:18:24,  1.47s/it] 11%|         | 2126/20000 [50:23<7:08:02,  1.44s/it] 11%|         | 2138/20000 [50:40<7:07:45,  1.44s/it] 11%|         | 2197/20000 [52:03<7:03:53,  1.43s/it] 11%|         | 2207/20000 [52:20<7:03:38,  1.43s/it] 11%|        | 2265/20000 [53:44<7:06:58,  1.44s/it] 11%|        | 2275/20000 [54:00<7:06:43,  1.44s/it] 12%|        | 2336/20000 [55:25<7:02:43,  1.44s/it] 12%|        | 2346/20000 [55:40<7:02:28,  1.44s/it] 12%|        | 2405/20000 [57:05<7:02:51,  1.44s/it] 12%|        | 2415/20000 [57:20<7:02:36,  1.44s/it] 12%|        | 2478/20000 [58:46<6:54:49,  1.42s/it] 12%|        | 2487/20000 [59:00<6:54:37,  1.42s/it] 13%|        | 2550/20000 [1:00:26<6:50:46,  1.41s/it] 13%|        | 2560/20000 [1:00:40<6:50:31,  1.41s/it] 13%|        | 2620/20000 [1:02:06<6:50:49,  1.42s/it] 13%|        | 2629/20000 [1:02:20<6:50:36,  1.42s/it] 13%|        | 2691/20000 [1:03:47<6:49:50,  1.42s/it] 14%|        | 2700/20000 [1:04:00<6:49:37,  1.42s/it] 14%|        | 2765/20000 [1:05:28<6:42:36,  1.40s/it] 14%|        | 2773/20000 [1:05:40<6:42:25,  1.40s/it] 14%|        | 2838/20000 [1:07:09<6:39:34,  1.40s/it] 14%|        | 2845/20000 [1:07:20<6:39:24,  1.40s/it] 15%|        | 2909/20000 [1:08:50<6:40:21,  1.41s/it] 15%|        | 2921/20000 [1:09:10<6:40:04,  1.41s/it] 15%|        | 2978/20000 [1:10:31<6:43:13,  1.42s/it] 15%|        | 2989/20000 [1:10:50<6:42:57,  1.42s/it] 15%|        | 3046/20000 [1:12:12<6:46:31,  1.44s/it] 15%|        | 3058/20000 [1:12:30<6:46:14,  1.44s/it] 16%|        | 3117/20000 [1:13:53<6:43:32,  1.43s/it] 16%|        | 3127/20000 [1:14:10<6:43:17,  1.43s/it] 16%|        | 3186/20000 [1:15:34<6:43:56,  1.44s/it] 16%|        | 3197/20000 [1:15:50<6:43:40,  1.44s/it] 16%|        | 3255/20000 [1:17:14<6:43:01,  1.44s/it] 16%|        | 3265/20000 [1:17:30<6:42:46,  1.44s/it] 17%|        | 3322/20000 [1:18:54<6:45:29,  1.46s/it] 17%|        | 3332/20000 [1:19:10<6:45:14,  1.46s/it] 17%|        | 3393/20000 [1:20:34<6:40:03,  1.45s/it] 17%|        | 3404/20000 [1:20:50<6:39:47,  1.45s/it] 17%|        | 3459/20000 [1:22:15<6:44:53,  1.47s/it] 17%|        | 3468/20000 [1:22:30<6:44:40,  1.47s/it] 18%|        | 3530/20000 [1:23:56<6:39:20,  1.45s/it] 18%|        | 3539/20000 [1:24:10<6:39:07,  1.45s/it] 18%|        | 3602/20000 [1:25:37<6:33:30,  1.44s/it] 18%|        | 3610/20000 [1:25:50<6:33:18,  1.44s/it] 18%|        | 3673/20000 [1:27:18<6:29:35,  1.43s/it] 18%|        | 3681/20000 [1:27:30<6:29:24,  1.43s/it] 19%|        | 3747/20000 [1:28:58<6:21:43,  1.41s/it] 19%|        | 3754/20000 [1:29:10<6:21:34,  1.41s/it] 19%|        | 3818/20000 [1:30:39<6:20:34,  1.41s/it] 19%|        | 3825/20000 [1:30:50<6:20:24,  1.41s/it] 19%|        | 3890/20000 [1:32:20<6:18:28,  1.41s/it] 20%|        | 3903/20000 [1:32:40<6:18:09,  1.41s/it] 20%|        | 3965/20000 [1:34:01<6:11:13,  1.39s/it] 20%|        | 3980/20000 [1:34:20<6:10:52,  1.39s/it] 20%|        | 4040/20000 [1:35:41<6:05:15,  1.37s/it] 20%|        | 4053/20000 [1:36:00<6:04:57,  1.37s/it] 21%|        | 4109/20000 [1:37:21<6:09:44,  1.40s/it] 21%|        | 4121/20000 [1:37:40<6:09:28,  1.40s/it] 21%|        | 4181/20000 [1:39:02<6:08:56,  1.40s/it] 21%|        | 4194/20000 [1:39:20<6:08:38,  1.40s/it] 21%|       | 4251/20000 [1:40:43<6:10:12,  1.41s/it] 21%|       | 4261/20000 [1:41:00<6:09:58,  1.41s/it] 22%|       | 4321/20000 [1:42:24<6:10:38,  1.42s/it] 22%|       | 4333/20000 [1:42:40<6:10:21,  1.42s/it] 22%|       | 4394/20000 [1:44:04<6:05:32,  1.41s/it] 22%|       | 4403/20000 [1:44:20<6:05:19,  1.41s/it] 22%|       | 4463/20000 [1:45:45<6:08:21,  1.42s/it] 22%|       | 4473/20000 [1:46:00<6:08:07,  1.42s/it] 23%|       | 4535/20000 [1:47:26<6:04:42,  1.41s/it] 23%|       | 4544/20000 [1:47:40<6:04:29,  1.41s/it] 23%|       | 4606/20000 [1:49:07<6:03:46,  1.42s/it] 23%|       | 4614/20000 [1:49:20<6:03:35,  1.42s/it] 23%|       | 4679/20000 [1:50:48<5:59:19,  1.41s/it] 23%|       | 4688/20000 [1:51:00<5:59:06,  1.41s/it] 24%|       | 4752/20000 [1:52:28<5:55:00,  1.40s/it] 24%|       | 4760/20000 [1:52:40<5:54:48,  1.40s/it] 24%|       | 4824/20000 [1:54:09<5:53:49,  1.40s/it] 24%|       | 4832/20000 [1:54:20<5:53:38,  1.40s/it] 24%|       | 4897/20000 [1:55:49<5:49:55,  1.39s/it] 25%|       | 4905/20000 [1:56:00<5:49:44,  1.39s/it] 25%|       | 4971/20000 [1:57:30<5:45:44,  1.38s/it] 25%|       | 4979/20000 [1:57:40<5:45:33,  1.38s/it] 25%|       | 5044/20000 [1:59:10<5:43:17,  1.38s/it] 25%|       | 5050/20000 [1:59:20<5:43:08,  1.38s/it] 26%|       | 5115/20000 [2:00:51<5:44:56,  1.39s/it] 26%|       | 5128/20000 [2:01:10<5:44:38,  1.39s/it] 26%|       | 5187/20000 [2:02:32<5:44:07,  1.39s/it] 26%|       | 5201/20000 [2:02:50<5:43:47,  1.39s/it] 26%|       | 5263/20000 [2:04:13<5:37:44,  1.38s/it] 26%|       | 5275/20000 [2:04:30<5:37:28,  1.38s/it] 27%|       | 5339/20000 [2:05:54<5:33:02,  1.36s/it] 27%|       | 5349/20000 [2:06:10<5:32:48,  1.36s/it] 27%|       | 5414/20000 [2:07:35<5:29:13,  1.35s/it] 27%|       | 5425/20000 [2:07:50<5:28:58,  1.35s/it] 27%|       | 5487/20000 [2:09:16<5:29:44,  1.36s/it] 27%|       | 5496/20000 [2:09:30<5:29:32,  1.36s/it] 28%|       | 5561/20000 [2:10:56<5:28:01,  1.36s/it] 28%|       | 5570/20000 [2:11:10<5:27:49,  1.36s/it] 28%|       | 5635/20000 [2:12:38<5:26:43,  1.36s/it] 28%|       | 5643/20000 [2:12:50<5:26:32,  1.36s/it] 29%|       | 5706/20000 [2:14:18<5:28:35,  1.38s/it] 29%|       | 5715/20000 [2:14:30<5:28:23,  1.38s/it] 29%|       | 5782/20000 [2:15:58<5:22:15,  1.36s/it] 29%|       | 5792/20000 [2:16:10<5:22:01,  1.36s/it] 29%|       | 5856/20000 [2:17:39<5:20:40,  1.36s/it] 29%|       | 5864/20000 [2:17:50<5:20:30,  1.36s/it] 30%|       | 5926/20000 [2:19:19<5:24:14,  1.38s/it] 30%|       | 5934/20000 [2:19:30<5:24:03,  1.38s/it] 30%|       | 6000/20000 [2:21:00<5:20:52,  1.38s/it] 30%|       | 6013/20000 [2:21:20<5:20:34,  1.38s/it] 30%|       | 6072/20000 [2:22:42<5:21:41,  1.39s/it] 30%|       | 6083/20000 [2:23:00<5:21:26,  1.39s/it] 31%|       | 6140/20000 [2:24:22<5:26:08,  1.41s/it] 31%|       | 6153/20000 [2:24:40<5:25:50,  1.41s/it] 31%|       | 6214/20000 [2:26:02<5:20:28,  1.39s/it] 31%|       | 6226/20000 [2:26:20<5:20:11,  1.39s/it] 31%|      | 6287/20000 [2:27:44<5:18:13,  1.39s/it] 31%|      | 6297/20000 [2:28:00<5:17:59,  1.39s/it] 32%|      | 6359/20000 [2:29:24<5:16:49,  1.39s/it] 32%|      | 6368/20000 [2:29:40<5:16:37,  1.39s/it] 32%|      | 6428/20000 [2:31:05<5:19:44,  1.41s/it] 32%|      | 6437/20000 [2:31:20<5:19:32,  1.41s/it] 32%|      | 6498/20000 [2:32:46<5:19:57,  1.42s/it] 33%|      | 6508/20000 [2:33:00<5:19:43,  1.42s/it] 33%|      | 6577/20000 [2:34:27<5:07:38,  1.38s/it] 33%|      | 6587/20000 [2:34:40<5:07:25,  1.38s/it] 33%|      | 6654/20000 [2:36:08<5:01:40,  1.36s/it] 33%|      | 6661/20000 [2:36:20<5:01:31,  1.36s/it] 34%|      | 6721/20000 [2:37:50<5:09:58,  1.40s/it] 34%|      | 6727/20000 [2:38:00<5:09:50,  1.40s/it] 34%|      | 6790/20000 [2:39:30<5:11:49,  1.42s/it] 34%|      | 6805/20000 [2:39:50<5:11:28,  1.42s/it] 34%|      | 6867/20000 [2:41:11<5:02:23,  1.38s/it] 34%|      | 6882/20000 [2:41:30<5:02:02,  1.38s/it] 35%|      | 6939/20000 [2:42:52<5:01:59,  1.39s/it] 35%|      | 6950/20000 [2:43:10<5:01:44,  1.39s/it] 35%|      | 7008/20000 [2:44:33<5:05:18,  1.41s/it] 35%|      | 7019/20000 [2:44:50<5:05:02,  1.41s/it] 35%|      | 7079/20000 [2:46:13<5:04:06,  1.41s/it] 35%|      | 7091/20000 [2:46:30<5:03:50,  1.41s/it] 36%|      | 7153/20000 [2:47:55<4:59:33,  1.40s/it] 36%|      | 7163/20000 [2:48:10<4:59:19,  1.40s/it] 36%|      | 7226/20000 [2:49:35<4:56:21,  1.39s/it] 36%|      | 7237/20000 [2:49:50<4:56:06,  1.39s/it] 37%|      | 7302/20000 [2:51:16<4:50:37,  1.37s/it] 37%|      | 7311/20000 [2:51:30<4:50:24,  1.37s/it] 37%|      | 7373/20000 [2:52:56<4:51:21,  1.38s/it] 37%|      | 7383/20000 [2:53:10<4:51:07,  1.38s/it] 37%|      | 7441/20000 [2:54:37<4:55:06,  1.41s/it] 37%|      | 7450/20000 [2:54:50<4:54:53,  1.41s/it] 38%|      | 7511/20000 [2:56:17<4:55:20,  1.42s/it] 38%|      | 7521/20000 [2:56:30<4:55:05,  1.42s/it] 38%|      | 7584/20000 [2:57:58<4:50:53,  1.41s/it] 38%|      | 7593/20000 [2:58:10<4:50:40,  1.41s/it] 38%|      | 7654/20000 [2:59:39<4:51:46,  1.42s/it] 38%|      | 7661/20000 [2:59:50<4:51:36,  1.42s/it] 39%|      | 7727/20000 [3:01:21<4:48:22,  1.41s/it] 39%|      | 7742/20000 [3:01:40<4:48:00,  1.41s/it] 39%|      | 7806/20000 [3:03:01<4:37:12,  1.36s/it] 39%|      | 7819/20000 [3:03:20<4:36:54,  1.36s/it] 39%|      | 7878/20000 [3:04:42<4:37:39,  1.37s/it] 39%|      | 7891/20000 [3:05:00<4:37:21,  1.37s/it] 40%|      | 7953/20000 [3:06:23<4:34:17,  1.37s/it] 40%|      | 7965/20000 [3:06:40<4:34:01,  1.37s/it] 40%|      | 8024/20000 [3:08:03<4:35:20,  1.38s/it] 40%|      | 8037/20000 [3:08:20<4:35:02,  1.38s/it] 40%|      | 8100/20000 [3:09:43<4:29:48,  1.36s/it] 41%|      | 8112/20000 [3:10:00<4:29:32,  1.36s/it] 41%|      | 8171/20000 [3:11:24<4:31:32,  1.38s/it] 41%|      | 8182/20000 [3:11:40<4:31:16,  1.38s/it] 41%|      | 8244/20000 [3:13:05<4:30:32,  1.38s/it] 41%|     | 8254/20000 [3:13:20<4:30:19,  1.38s/it] 42%|     | 8313/20000 [3:14:46<4:33:31,  1.40s/it] 42%|     | 8323/20000 [3:15:00<4:33:17,  1.40s/it] 42%|     | 8388/20000 [3:16:26<4:27:48,  1.38s/it] 42%|     | 8398/20000 [3:16:40<4:27:34,  1.38s/it] 42%|     | 8463/20000 [3:18:07<4:23:40,  1.37s/it] 42%|     | 8472/20000 [3:18:20<4:23:28,  1.37s/it] 43%|     | 8531/20000 [3:19:47<4:27:38,  1.40s/it] 43%|     | 8539/20000 [3:20:00<4:27:27,  1.40s/it] 43%|     | 8599/20000 [3:21:28<4:30:45,  1.42s/it] 43%|     | 8606/20000 [3:21:40<4:30:35,  1.42s/it] 43%|     | 8672/20000 [3:23:09<4:26:39,  1.41s/it] 43%|     | 8678/20000 [3:23:20<4:26:30,  1.41s/it] 44%|     | 8740/20000 [3:24:50<4:28:48,  1.43s/it] 44%|     | 8753/20000 [3:25:10<4:28:29,  1.43s/it] 44%|     | 8813/20000 [3:26:31<4:24:04,  1.42s/it] 44%|     | 8826/20000 [3:26:50<4:23:45,  1.42s/it] 44%|     | 8888/20000 [3:28:11<4:17:53,  1.39s/it] 45%|     | 8901/20000 [3:28:30<4:17:35,  1.39s/it] 45%|     | 8960/20000 [3:29:52<4:16:28,  1.39s/it] 45%|     | 8974/20000 [3:30:10<4:16:09,  1.39s/it] 45%|     | 9031/20000 [3:31:33<4:16:09,  1.40s/it] 45%|     | 9043/20000 [3:31:50<4:15:52,  1.40s/it] 46%|     | 9105/20000 [3:33:13<4:12:16,  1.39s/it] 46%|     | 9116/20000 [3:33:30<4:12:01,  1.39s/it] 46%|     | 9179/20000 [3:34:55<4:09:36,  1.38s/it] 46%|     | 9189/20000 [3:35:10<4:09:22,  1.38s/it] 46%|     | 9251/20000 [3:36:36<4:09:10,  1.39s/it] 46%|     | 9262/20000 [3:36:50<4:08:55,  1.39s/it] 47%|     | 9329/20000 [3:38:17<4:02:00,  1.36s/it] 47%|     | 9336/20000 [3:38:30<4:01:51,  1.36s/it] 47%|     | 9395/20000 [3:39:58<4:08:48,  1.41s/it] 47%|     | 9402/20000 [3:40:10<4:08:39,  1.41s/it] 47%|     | 9460/20000 [3:41:39<4:14:08,  1.45s/it] 47%|     | 9467/20000 [3:41:50<4:13:58,  1.45s/it] 48%|     | 9538/20000 [3:43:19<4:03:06,  1.39s/it] 48%|     | 9544/20000 [3:43:30<4:02:58,  1.39s/it] 48%|     | 9603/20000 [3:44:59<4:08:45,  1.44s/it] 48%|     | 9610/20000 [3:45:10<4:08:35,  1.44s/it] 48%|     | 9673/20000 [3:46:40<4:07:18,  1.44s/it] 48%|     | 9687/20000 [3:47:00<4:06:58,  1.44s/it] 49%|     | 9747/20000 [3:48:20<4:01:06,  1.41s/it] 49%|     | 9763/20000 [3:48:40<4:00:43,  1.41s/it] 49%|     | 9826/20000 [3:50:02<3:52:13,  1.37s/it] 49%|     | 9837/20000 [3:50:20<3:51:58,  1.37s/it] 49%|     | 9893/20000 [3:51:42<3:56:46,  1.41s/it] 50%|     | 9906/20000 [3:52:00<3:56:28,  1.41s/it] 50%|     | 9965/20000 [3:53:22<3:54:24,  1.40s/it] 50%|     | 9979/20000 [3:53:40<3:54:04,  1.40s/it] 50%|     | 10043/20000 [3:55:03<3:46:39,  1.37s/it] 50%|     | 10056/20000 [3:55:20<3:46:21,  1.37s/it] 51%|     | 10121/20000 [3:56:44<3:41:15,  1.34s/it] 51%|     | 10131/20000 [3:57:00<3:41:02,  1.34s/it] 51%|     | 10192/20000 [3:58:25<3:43:19,  1.37s/it] 51%|     | 10201/20000 [3:58:40<3:43:07,  1.37s/it] 51%|    | 10268/20000 [4:00:06<3:39:36,  1.35s/it] 51%|    | 10279/20000 [4:00:20<3:39:21,  1.35s/it] 52%|    | 10339/20000 [4:01:46<3:41:00,  1.37s/it] 52%|    | 10348/20000 [4:02:00<3:40:47,  1.37s/it] 52%|    | 10407/20000 [4:03:27<3:44:14,  1.40s/it] 52%|    | 10415/20000 [4:03:40<3:44:03,  1.40s/it] 52%|    | 10477/20000 [4:05:08<3:44:30,  1.41s/it] 52%|    | 10484/20000 [4:05:20<3:44:20,  1.41s/it] 53%|    | 10552/20000 [4:06:49<3:39:29,  1.39s/it] 53%|    | 10559/20000 [4:07:00<3:39:19,  1.39s/it] 53%|    | 10620/20000 [4:08:29<3:41:26,  1.42s/it] 53%|    | 10627/20000 [4:08:40<3:41:16,  1.42s/it] 53%|    | 10687/20000 [4:10:09<3:43:25,  1.44s/it] 53%|    | 10694/20000 [4:10:20<3:43:15,  1.44s/it] 54%|    | 10758/20000 [4:11:51<3:41:12,  1.44s/it] 54%|    | 10770/20000 [4:12:10<3:40:54,  1.44s/it] 54%|    | 10832/20000 [4:13:32<3:36:02,  1.41s/it] 54%|    | 10845/20000 [4:13:50<3:35:43,  1.41s/it] 55%|    | 10905/20000 [4:15:13<3:32:57,  1.40s/it] 55%|    | 10916/20000 [4:15:30<3:32:42,  1.40s/it] 55%|    | 10980/20000 [4:16:54<3:28:28,  1.39s/it] 55%|    | 10993/20000 [4:17:10<3:28:10,  1.39s/it] 55%|    | 11055/20000 [4:18:34<3:24:45,  1.37s/it] 55%|    | 11066/20000 [4:18:50<3:24:30,  1.37s/it] 56%|    | 11130/20000 [4:20:16<3:21:59,  1.37s/it] 56%|    | 11139/20000 [4:20:30<3:21:47,  1.37s/it] 56%|    | 11202/20000 [4:21:57<3:22:01,  1.38s/it] 56%|    | 11210/20000 [4:22:10<3:21:50,  1.38s/it] 56%|    | 11273/20000 [4:23:38<3:22:26,  1.39s/it] 56%|    | 11280/20000 [4:23:50<3:22:16,  1.39s/it] 57%|    | 11346/20000 [4:25:20<3:20:41,  1.39s/it] 57%|    | 11353/20000 [4:25:30<3:20:32,  1.39s/it] 57%|    | 11423/20000 [4:27:01<3:15:27,  1.37s/it] 57%|    | 11436/20000 [4:27:20<3:15:10,  1.37s/it] 57%|    | 11491/20000 [4:28:41<3:18:14,  1.40s/it] 58%|    | 11504/20000 [4:29:00<3:17:56,  1.40s/it] 58%|    | 11565/20000 [4:30:22<3:14:44,  1.39s/it] 58%|    | 11579/20000 [4:30:40<3:14:25,  1.39s/it] 58%|    | 11642/20000 [4:32:02<3:09:20,  1.36s/it] 58%|    | 11656/20000 [4:32:20<3:09:01,  1.36s/it] 59%|    | 11724/20000 [4:33:43<3:01:54,  1.32s/it] 59%|    | 11737/20000 [4:34:00<3:01:37,  1.32s/it] 59%|    | 11795/20000 [4:35:23<3:04:04,  1.35s/it] 59%|    | 11807/20000 [4:35:40<3:03:48,  1.35s/it] 59%|    | 11874/20000 [4:37:04<2:59:04,  1.32s/it] 59%|    | 11886/20000 [4:37:20<2:58:48,  1.32s/it] 60%|    | 11952/20000 [4:38:44<2:55:42,  1.31s/it] 60%|    | 11965/20000 [4:39:00<2:55:25,  1.31s/it] 60%|    | 12027/20000 [4:40:24<2:55:15,  1.32s/it] 60%|    | 12038/20000 [4:40:40<2:55:01,  1.32s/it] 61%|    | 12101/20000 [4:42:05<2:55:16,  1.33s/it] 61%|    | 12112/20000 [4:42:20<2:55:01,  1.33s/it] 61%|    | 12172/20000 [4:43:45<2:56:45,  1.35s/it] 61%|    | 12183/20000 [4:44:00<2:56:30,  1.35s/it] 61%|    | 12248/20000 [4:45:26<2:54:02,  1.35s/it] 61%|   | 12257/20000 [4:45:40<2:53:50,  1.35s/it] 62%|   | 12322/20000 [4:47:07<2:53:08,  1.35s/it] 62%|   | 12331/20000 [4:47:20<2:52:56,  1.35s/it] 62%|   | 12394/20000 [4:48:47<2:52:52,  1.36s/it] 62%|   | 12403/20000 [4:49:00<2:52:39,  1.36s/it] 62%|   | 12476/20000 [4:50:28<2:45:25,  1.32s/it] 62%|   | 12483/20000 [4:50:40<2:45:16,  1.32s/it] 63%|   | 12541/20000 [4:52:09<2:51:42,  1.38s/it] 63%|   | 12548/20000 [4:52:20<2:51:32,  1.38s/it] 63%|   | 12618/20000 [4:53:49<2:46:54,  1.36s/it] 63%|   | 12626/20000 [4:54:00<2:46:43,  1.36s/it] 63%|   | 12699/20000 [4:55:30<2:40:43,  1.32s/it] 64%|   | 12706/20000 [4:55:40<2:40:34,  1.32s/it] 64%|   | 12766/20000 [4:57:10<2:44:59,  1.37s/it] 64%|   | 12779/20000 [4:57:30<2:44:41,  1.37s/it] 64%|   | 12837/20000 [4:58:51<2:45:16,  1.38s/it] 64%|   | 12849/20000 [4:59:10<2:45:00,  1.38s/it] 65%|   | 12906/20000 [5:00:31<2:45:58,  1.40s/it] 65%|   | 12918/20000 [5:00:50<2:45:41,  1.40s/it] 65%|   | 12981/20000 [5:02:12<2:42:11,  1.39s/it] 65%|   | 12993/20000 [5:02:30<2:41:55,  1.39s/it] 65%|   | 13061/20000 [5:03:53<2:35:23,  1.34s/it] 65%|   | 13072/20000 [5:04:10<2:35:08,  1.34s/it] 66%|   | 13129/20000 [5:05:33<2:37:58,  1.38s/it] 66%|   | 13141/20000 [5:05:50<2:37:41,  1.38s/it] 66%|   | 13201/20000 [5:07:13<2:36:57,  1.39s/it] 66%|   | 13212/20000 [5:07:30<2:36:42,  1.39s/it] 66%|   | 13273/20000 [5:08:54<2:35:31,  1.39s/it] 66%|   | 13284/20000 [5:09:10<2:35:15,  1.39s/it] 67%|   | 13342/20000 [5:10:34<2:35:58,  1.41s/it] 67%|   | 13353/20000 [5:10:50<2:35:42,  1.41s/it] 67%|   | 13416/20000 [5:12:14<2:32:42,  1.39s/it] 67%|   | 13426/20000 [5:12:30<2:32:28,  1.39s/it] 67%|   | 13488/20000 [5:13:54<2:30:59,  1.39s/it] 67%|   | 13499/20000 [5:14:10<2:30:44,  1.39s/it] 68%|   | 13561/20000 [5:15:35<2:28:54,  1.39s/it] 68%|   | 13570/20000 [5:15:50<2:28:41,  1.39s/it] 68%|   | 13633/20000 [5:17:16<2:27:45,  1.39s/it] 68%|   | 13642/20000 [5:17:30<2:27:33,  1.39s/it] 69%|   | 13702/20000 [5:18:57<2:28:27,  1.41s/it] 69%|   | 13710/20000 [5:19:10<2:28:15,  1.41s/it] 69%|   | 13777/20000 [5:20:38<2:24:28,  1.39s/it] 69%|   | 13786/20000 [5:20:50<2:24:15,  1.39s/it] 69%|   | 13851/20000 [5:22:19<2:21:32,  1.38s/it] 69%|   | 13860/20000 [5:22:30<2:21:19,  1.38s/it] 70%|   | 13931/20000 [5:23:59<2:15:49,  1.34s/it] 70%|   | 13939/20000 [5:24:10<2:15:38,  1.34s/it] 70%|   | 14007/20000 [5:25:40<2:13:41,  1.34s/it] 70%|   | 14021/20000 [5:26:00<2:13:22,  1.34s/it] 70%|   | 14082/20000 [5:27:21<2:12:11,  1.34s/it] 70%|   | 14094/20000 [5:27:40<2:11:55,  1.34s/it] 71%|   | 14154/20000 [5:29:03<2:12:28,  1.36s/it] 71%|   | 14166/20000 [5:29:20<2:12:11,  1.36s/it] 71%|   | 14230/20000 [5:30:44<2:09:51,  1.35s/it] 71%|   | 14241/20000 [5:31:00<2:09:36,  1.35s/it] 72%|  | 14304/20000 [5:32:24<2:08:33,  1.35s/it] 72%|  | 14315/20000 [5:32:40<2:08:18,  1.35s/it] 72%|  | 14374/20000 [5:34:05<2:09:17,  1.38s/it] 72%|  | 14383/20000 [5:34:20<2:09:05,  1.38s/it] 72%|  | 14445/20000 [5:35:46<2:08:55,  1.39s/it] 72%|  | 14454/20000 [5:36:00<2:08:43,  1.39s/it] 73%|  | 14518/20000 [5:37:27<2:06:55,  1.39s/it] 73%|  | 14527/20000 [5:37:40<2:06:42,  1.39s/it] 73%|  | 14591/20000 [5:39:08<2:05:02,  1.39s/it] 73%|  | 14598/20000 [5:39:20<2:04:52,  1.39s/it] 73%|  | 14657/20000 [5:40:48<2:06:44,  1.42s/it] 73%|  | 14664/20000 [5:41:00<2:06:34,  1.42s/it] 74%|  | 14725/20000 [5:42:29<2:06:37,  1.44s/it] 74%|  | 14732/20000 [5:42:40<2:06:26,  1.44s/it] 74%|  | 14795/20000 [5:44:09<2:04:42,  1.44s/it] 74%|  | 14801/20000 [5:44:20<2:04:33,  1.44s/it] 74%|  | 14863/20000 [5:45:49<2:03:56,  1.45s/it] 74%|  | 14870/20000 [5:46:00<2:03:46,  1.45s/it] 75%|  | 14933/20000 [5:47:30<2:02:08,  1.45s/it] 75%|  | 14948/20000 [5:47:50<2:01:46,  1.45s/it] 75%|  | 15009/20000 [5:49:11<1:57:10,  1.41s/it] 75%|  | 15023/20000 [5:49:30<1:56:50,  1.41s/it] 75%|  | 15085/20000 [5:50:52<1:53:12,  1.38s/it] 76%|  | 15100/20000 [5:51:10<1:52:51,  1.38s/it] 76%|  | 15164/20000 [5:52:32<1:48:37,  1.35s/it] 76%|  | 15177/20000 [5:52:50<1:48:19,  1.35s/it] 76%|  | 15236/20000 [5:54:13<1:48:00,  1.36s/it] 76%|  | 15248/20000 [5:54:30<1:47:43,  1.36s/it] 77%|  | 15312/20000 [5:55:53<1:45:30,  1.35s/it] 77%|  | 15324/20000 [5:56:10<1:45:13,  1.35s/it] 77%|  | 15384/20000 [5:57:34<1:44:54,  1.36s/it] 77%|  | 15396/20000 [5:57:50<1:44:38,  1.36s/it] 77%|  | 15458/20000 [5:59:15<1:43:14,  1.36s/it] 77%|  | 15470/20000 [5:59:30<1:42:57,  1.36s/it] 78%|  | 15532/20000 [6:00:55<1:41:26,  1.36s/it] 78%|  | 15542/20000 [6:01:10<1:41:12,  1.36s/it] 78%|  | 15607/20000 [6:02:36<1:39:10,  1.35s/it] 78%|  | 15617/20000 [6:02:50<1:38:56,  1.35s/it] 78%|  | 15679/20000 [6:04:16<1:38:22,  1.37s/it] 78%|  | 15688/20000 [6:04:30<1:38:10,  1.37s/it] 79%|  | 15752/20000 [6:05:56<1:36:55,  1.37s/it] 79%|  | 15763/20000 [6:06:10<1:36:40,  1.37s/it] 79%|  | 15828/20000 [6:07:38<1:34:23,  1.36s/it] 79%|  | 15838/20000 [6:07:50<1:34:09,  1.36s/it] 80%|  | 15906/20000 [6:09:19<1:31:18,  1.34s/it] 80%|  | 15914/20000 [6:09:30<1:31:07,  1.34s/it] 80%|  | 15983/20000 [6:10:59<1:28:55,  1.33s/it] 80%|  | 15990/20000 [6:11:10<1:28:45,  1.33s/it] 80%|  | 16060/20000 [6:12:40<1:26:52,  1.32s/it] 80%|  | 16073/20000 [6:13:00<1:26:35,  1.32s/it] 81%|  | 16131/20000 [6:14:21<1:27:08,  1.35s/it] 81%|  | 16145/20000 [6:14:40<1:26:50,  1.35s/it] 81%|  | 16206/20000 [6:16:02<1:25:13,  1.35s/it] 81%|  | 16219/20000 [6:16:20<1:24:56,  1.35s/it] 81%| | 16281/20000 [6:17:42<1:23:19,  1.34s/it] 81%| | 16294/20000 [6:18:00<1:23:01,  1.34s/it] 82%| | 16358/20000 [6:19:23<1:20:55,  1.33s/it] 82%| | 16371/20000 [6:19:40<1:20:38,  1.33s/it] 82%| | 16433/20000 [6:21:04<1:19:31,  1.34s/it] 82%| | 16444/20000 [6:21:20<1:19:16,  1.34s/it] 83%| | 16507/20000 [6:22:44<1:18:07,  1.34s/it] 83%| | 16517/20000 [6:23:00<1:17:53,  1.34s/it] 83%| | 16586/20000 [6:24:24<1:15:05,  1.32s/it] 83%| | 16598/20000 [6:24:40<1:14:49,  1.32s/it] 83%| | 16664/20000 [6:26:04<1:12:46,  1.31s/it] 83%| | 16675/20000 [6:26:20<1:12:32,  1.31s/it] 84%| | 16741/20000 [6:27:45<1:11:07,  1.31s/it] 84%| | 16752/20000 [6:28:00<1:10:52,  1.31s/it] 84%| | 16811/20000 [6:29:26<1:11:28,  1.34s/it] 84%| | 16820/20000 [6:29:40<1:11:16,  1.34s/it] 84%| | 16890/20000 [6:31:06<1:08:34,  1.32s/it] 84%| | 16900/20000 [6:31:20<1:08:21,  1.32s/it] 85%| | 16967/20000 [6:32:46<1:06:30,  1.32s/it] 85%| | 16975/20000 [6:33:00<1:06:20,  1.32s/it] 85%| | 17038/20000 [6:34:27<1:06:25,  1.35s/it] 85%| | 17049/20000 [6:34:40<1:06:10,  1.35s/it] 86%| | 17113/20000 [6:36:07<1:04:34,  1.34s/it] 86%| | 17124/20000 [6:36:20<1:04:19,  1.34s/it] 86%| | 17189/20000 [6:37:47<1:02:31,  1.33s/it] 86%| | 17197/20000 [6:38:00<1:02:21,  1.33s/it] 86%| | 17259/20000 [6:39:29<1:02:27,  1.37s/it] 86%| | 17267/20000 [6:39:40<1:02:16,  1.37s/it] 87%| | 17335/20000 [6:41:10<1:00:08,  1.35s/it] 87%| | 17342/20000 [6:41:20<59:59,  1.35s/it]   87%| | 17409/20000 [6:42:50<58:36,  1.36s/it] 87%| | 17424/20000 [6:43:10<58:15,  1.36s/it] 87%| | 17488/20000 [6:44:31<55:39,  1.33s/it] 88%| | 17504/20000 [6:44:50<55:18,  1.33s/it] 88%| | 17568/20000 [6:46:11<52:59,  1.31s/it] 88%| | 17581/20000 [6:46:30<52:42,  1.31s/it] 88%| | 17642/20000 [6:47:53<52:03,  1.32s/it] 88%| | 17654/20000 [6:48:10<51:47,  1.32s/it] 89%| | 17715/20000 [6:49:33<51:05,  1.34s/it] 89%| | 17728/20000 [6:49:50<50:47,  1.34s/it] 89%| | 17792/20000 [6:51:14<49:00,  1.33s/it] 89%| | 17803/20000 [6:51:30<48:45,  1.33s/it] 89%| | 17870/20000 [6:52:55<46:54,  1.32s/it] 89%| | 17881/20000 [6:53:10<46:39,  1.32s/it] 90%| | 17940/20000 [6:54:36<46:26,  1.35s/it] 90%| | 17950/20000 [6:54:50<46:13,  1.35s/it] 90%| | 18012/20000 [6:56:17<45:20,  1.37s/it] 90%| | 18020/20000 [6:56:30<45:10,  1.37s/it] 90%| | 18081/20000 [6:57:58<44:38,  1.40s/it] 90%| | 18089/20000 [6:58:10<44:26,  1.40s/it] 91%| | 18154/20000 [6:59:40<42:54,  1.39s/it] 91%| | 18160/20000 [6:59:50<42:45,  1.39s/it] 91%| | 18223/20000 [7:01:20<41:46,  1.41s/it] 91%| | 18229/20000 [7:01:30<41:38,  1.41s/it] 91%|| 18291/20000 [7:03:01<40:51,  1.43s/it] 92%|| 18305/20000 [7:03:20<40:31,  1.43s/it] 92%|| 18363/20000 [7:04:42<38:47,  1.42s/it] 92%|| 18375/20000 [7:05:00<38:30,  1.42s/it] 92%|| 18432/20000 [7:06:22<37:26,  1.43s/it] 92%|| 18443/20000 [7:06:40<37:11,  1.43s/it] 92%|| 18499/20000 [7:08:03<36:21,  1.45s/it] 93%|| 18509/20000 [7:08:20<36:07,  1.45s/it] 93%|| 18565/20000 [7:09:45<35:20,  1.48s/it] 93%|| 18575/20000 [7:10:00<35:06,  1.48s/it] 93%|| 18635/20000 [7:11:25<33:17,  1.46s/it] 93%|| 18644/20000 [7:11:40<33:03,  1.46s/it] 94%|| 18709/20000 [7:13:05<30:45,  1.43s/it] 94%|| 18720/20000 [7:13:20<30:29,  1.43s/it] 94%|| 18784/20000 [7:14:46<28:26,  1.40s/it] 94%|| 18794/20000 [7:15:00<28:12,  1.40s/it] 94%|| 18857/20000 [7:16:26<26:33,  1.39s/it] 94%|| 18867/20000 [7:16:40<26:19,  1.39s/it] 95%|| 18934/20000 [7:18:07<24:17,  1.37s/it] 95%|| 18944/20000 [7:18:20<24:04,  1.37s/it] 95%|| 19018/20000 [7:19:47<21:26,  1.31s/it] 95%|| 19029/20000 [7:20:00<21:12,  1.31s/it] 96%|| 19100/20000 [7:21:28<19:16,  1.29s/it] 96%|| 19109/20000 [7:21:40<19:05,  1.29s/it] 96%|| 19179/20000 [7:23:08<17:31,  1.28s/it] 96%|| 19189/20000 [7:23:20<17:18,  1.28s/it] 96%|| 19260/20000 [7:24:49<15:38,  1.27s/it] 96%|| 19269/20000 [7:25:00<15:26,  1.27s/it] 97%|| 19337/20000 [7:26:30<14:08,  1.28s/it] 97%|| 19346/20000 [7:26:40<13:56,  1.28s/it] 97%|| 19422/20000 [7:28:10<12:01,  1.25s/it] 97%|| 19431/20000 [7:28:20<11:50,  1.25s/it] 98%|| 19512/20000 [7:29:51<09:48,  1.21s/it] 98%|| 19529/20000 [7:30:10<09:28,  1.21s/it] 98%|| 19598/20000 [7:31:31<08:00,  1.20s/it] 98%|| 19613/20000 [7:31:50<07:42,  1.20s/it] 98%|| 19682/20000 [7:33:12<06:20,  1.20s/it] 98%|| 19698/20000 [7:33:30<06:01,  1.20s/it] 99%|| 19771/20000 [7:34:53<04:29,  1.18s/it] 99%|| 19786/20000 [7:35:10<04:12,  1.18s/it] 99%|| 19850/20000 [7:36:34<03:00,  1.21s/it] 99%|| 19861/20000 [7:36:50<02:47,  1.21s/it]100%|| 19930/20000 [7:38:15<01:25,  1.22s/it]100%|| 19942/20000 [7:38:30<01:10,  1.22s/it]100%|| 20000/20000 [7:39:45<00:00,  1.38s/it]

Analysis complete. Found 1 cluster(s) meeting the MCMC criterion.
Accepted cluster indices: [0]

--- Processing Final Results for Cluster 0 ---
--- MCMC Parameter Constraints for Cluster 0 ---
  x_src = 75.410 +0.028 / -0.023
  y_src = 76.970 +0.096 / -0.083
    z_s = 3.097 +0.093 / -0.068
Saving localization results for Cluster 0...
Processing results for Cluster 0...
-> Saved 340000 samples to /users/hiu-yeung.cheng/clusterlensing/out/row5/test_tidy_row5/cluster_0_posterior.npz
Updated CSV row 5 with result for cluster 0.
Loading data from /users/hiu-yeung.cheng/clusterlensing/out/row5/test_tidy_row5/cluster_0_posterior.npz...

Generating corner plot...
-> Corner plot saved to /users/hiu-yeung.cheng/clusterlensing/out/row5/test_tidy_row5/cluster_0_corner_from_saved.png

Generating trace plot...
-> Trace plot saved to /users/hiu-yeung.cheng/clusterlensing/out/row5/test_tidy_row5/cluster_0_trace.png
