Row=6 OUT_DIR=/users/hiu-yeung.cheng/clusterlensing/out/row6 DE_PROCS=16 MCMC_PROCS=16
Setup complete. Lensing system initialized.
True time delays: [    0.         12769.22294866 14065.4520241  14555.20662744
 14650.27799105]
True luminosity distances: 28711.929501159153
Lensed luminosity distances: [  5042.41876574   5056.62632922   2812.94038464   6444.43687258
 621270.71726623]

Running the full analysis pipeline...
--- Running DE for Cluster 0 ---
[DE] Process Pool with 16 procs (init=latinhypercube, popsize=50)
differential_evolution step 1: f(x)= 1619.8106621349866
differential_evolution step 2: f(x)= 1619.8106621349866
differential_evolution step 3: f(x)= 1619.8106621349866
differential_evolution step 4: f(x)= 1619.8106621349866
differential_evolution step 5: f(x)= 1619.8106621349866
differential_evolution step 6: f(x)= 1619.8106621349866
differential_evolution step 7: f(x)= 275.1559786047405
differential_evolution step 8: f(x)= 275.1559786047405
differential_evolution step 9: f(x)= 275.1559786047405
differential_evolution step 10: f(x)= 275.1559786047405
differential_evolution step 11: f(x)= 275.1559786047405
differential_evolution step 12: f(x)= 275.1559786047405
differential_evolution step 13: f(x)= 275.1559786047405
differential_evolution step 14: f(x)= 275.1559786047405
differential_evolution step 15: f(x)= 275.1559786047405
differential_evolution step 16: f(x)= 275.1559786047405
differential_evolution step 17: f(x)= 160.06410179938132
differential_evolution step 18: f(x)= 160.06410179938132
differential_evolution step 19: f(x)= 160.06410179938132
differential_evolution step 20: f(x)= 160.06410179938132
differential_evolution step 21: f(x)= 48.16065762759695
differential_evolution step 22: f(x)= 48.16065762759695
differential_evolution step 23: f(x)= 48.16065762759695
differential_evolution step 24: f(x)= 48.16065762759695
differential_evolution step 25: f(x)= 48.16065762759695
differential_evolution step 26: f(x)= 48.16065762759695
differential_evolution step 27: f(x)= 48.16065762759695
differential_evolution step 28: f(x)= 48.16065762759695
differential_evolution step 29: f(x)= 48.16065762759695
differential_evolution step 30: f(x)= 48.16065762759695
differential_evolution step 31: f(x)= 48.16065762759695
differential_evolution step 32: f(x)= 48.16065762759695
differential_evolution step 33: f(x)= 31.239619025763314
differential_evolution step 34: f(x)= 31.239619025763314
differential_evolution step 35: f(x)= 31.239619025763314
differential_evolution step 36: f(x)= 31.239619025763314
differential_evolution step 37: f(x)= 31.239619025763314
differential_evolution step 38: f(x)= 31.239619025763314
differential_evolution step 39: f(x)= 31.239619025763314
differential_evolution step 40: f(x)= 31.239619025763314
differential_evolution step 41: f(x)= 31.239619025763314
differential_evolution step 42: f(x)= 31.239619025763314
differential_evolution step 43: f(x)= 31.239619025763314
differential_evolution step 44: f(x)= 16.62305473598542
differential_evolution step 45: f(x)= 16.62305473598542
differential_evolution step 46: f(x)= 16.62305473598542
differential_evolution step 47: f(x)= 16.62305473598542
differential_evolution step 48: f(x)= 16.62305473598542
differential_evolution step 49: f(x)= 16.62305473598542
differential_evolution step 50: f(x)= 16.62305473598542
differential_evolution step 51: f(x)= 16.62305473598542
differential_evolution step 52: f(x)= 16.62305473598542
differential_evolution step 53: f(x)= 16.62305473598542
differential_evolution step 54: f(x)= 16.62305473598542
differential_evolution step 55: f(x)= 2.886665191092415
differential_evolution step 56: f(x)= 2.886665191092415
differential_evolution step 57: f(x)= 2.886665191092415
differential_evolution step 58: f(x)= 2.886665191092415
differential_evolution step 59: f(x)= 2.886665191092415
differential_evolution step 60: f(x)= 2.886665191092415
differential_evolution step 61: f(x)= 2.886665191092415
differential_evolution step 62: f(x)= 2.886665191092415
differential_evolution step 63: f(x)= 2.886665191092415
differential_evolution step 64: f(x)= 2.886665191092415
differential_evolution step 65: f(x)= 2.886665191092415
differential_evolution step 66: f(x)= 2.886665191092415
differential_evolution step 67: f(x)= 2.886665191092415
differential_evolution step 68: f(x)= 2.886665191092415
differential_evolution step 69: f(x)= 2.886665191092415
differential_evolution step 70: f(x)= 2.886665191092415
differential_evolution step 71: f(x)= 2.886665191092415
differential_evolution step 72: f(x)= 2.886665191092415
differential_evolution step 73: f(x)= 2.886665191092415
differential_evolution step 74: f(x)= 2.886665191092415
differential_evolution step 75: f(x)= 2.886665191092415
differential_evolution step 76: f(x)= 2.886665191092415
differential_evolution step 77: f(x)= 2.886665191092415
differential_evolution step 78: f(x)= 2.886665191092415
differential_evolution step 79: f(x)= 2.886665191092415
differential_evolution step 80: f(x)= 2.886665191092415
differential_evolution step 81: f(x)= 2.886665191092415
differential_evolution step 82: f(x)= 2.886665191092415
differential_evolution step 83: f(x)= 2.886665191092415
differential_evolution step 84: f(x)= 2.886665191092415
differential_evolution step 85: f(x)= 2.886665191092415
differential_evolution step 86: f(x)= 2.886665191092415
differential_evolution step 87: f(x)= 2.886665191092415
differential_evolution step 88: f(x)= 2.886665191092415
differential_evolution step 89: f(x)= 2.886665191092415
differential_evolution step 90: f(x)= 2.886665191092415
differential_evolution step 91: f(x)= 1.2771525524358016
differential_evolution step 92: f(x)= 1.2771525524358016
differential_evolution step 93: f(x)= 1.2771525524358016
differential_evolution step 94: f(x)= 1.2771525524358016
differential_evolution step 95: f(x)= 1.2771525524358016
differential_evolution step 96: f(x)= 1.1041890112858312
differential_evolution step 97: f(x)= 1.1041890112858312
differential_evolution step 98: f(x)= 0.9361007598959533
differential_evolution step 99: f(x)= 0.9361007598959533
differential_evolution step 100: f(x)= 0.9361007598959533
differential_evolution step 101: f(x)= 0.9361007598959533
differential_evolution step 102: f(x)= 0.3282106966264063
differential_evolution step 103: f(x)= 0.3282106966264063
differential_evolution step 104: f(x)= 0.21956005585282462
differential_evolution step 105: f(x)= 0.21956005585282462
differential_evolution step 106: f(x)= 0.21956005585282462
differential_evolution step 107: f(x)= 0.21956005585282462
differential_evolution step 108: f(x)= 0.02446144842418911
Cluster 0 DE best chi^2: 0.024 with params {'x_src': np.float64(73.89957865418324), 'y_src': np.float64(83.54528721578039), 'z_s': np.float64(3.3130794397084276)}
--- Running DE for Cluster 1 ---
[DE] Process Pool with 16 procs (init=latinhypercube, popsize=50)
differential_evolution step 1: f(x)= 3000.0
differential_evolution step 2: f(x)= 3000.0
differential_evolution step 3: f(x)= 3000.0
differential_evolution step 4: f(x)= 3000.0
differential_evolution step 5: f(x)= 3000.0
differential_evolution step 6: f(x)= 3000.0
differential_evolution step 7: f(x)= 3000.0
differential_evolution step 8: f(x)= 2375.0343045249947
differential_evolution step 9: f(x)= 2375.0343045249947
differential_evolution step 10: f(x)= 2375.0343045249947
differential_evolution step 11: f(x)= 2375.0343045249947
differential_evolution step 12: f(x)= 2375.0343045249947
differential_evolution step 13: f(x)= 2375.0343045249947
differential_evolution step 14: f(x)= 2375.0343045249947
differential_evolution step 15: f(x)= 2375.0343045249947
differential_evolution step 16: f(x)= 2375.0343045249947
differential_evolution step 17: f(x)= 2375.0343045249947
differential_evolution step 18: f(x)= 2375.0343045249947
differential_evolution step 19: f(x)= 2375.0343045249947
differential_evolution step 20: f(x)= 2375.0343045249947
differential_evolution step 21: f(x)= 2375.0343045249947
differential_evolution step 22: f(x)= 2375.0343045249947
differential_evolution step 23: f(x)= 2375.0343045249947
differential_evolution step 24: f(x)= 2375.0343045249947
differential_evolution step 25: f(x)= 2375.0343045249947
differential_evolution step 26: f(x)= 2375.0343045249947
differential_evolution step 27: f(x)= 2375.0343045249947
differential_evolution step 28: f(x)= 2375.0343045249947
differential_evolution step 29: f(x)= 2375.0343045249947
differential_evolution step 30: f(x)= 2375.0343045249947
differential_evolution step 31: f(x)= 2375.0343045249947
differential_evolution step 32: f(x)= 2375.0343045249947
differential_evolution step 33: f(x)= 2375.0343045249947
differential_evolution step 34: f(x)= 2375.0343045249947
differential_evolution step 35: f(x)= 2375.0343045249947
differential_evolution step 36: f(x)= 2375.0343045249947
differential_evolution step 37: f(x)= 2375.0343045249947
differential_evolution step 38: f(x)= 2375.0343045249947
differential_evolution step 39: f(x)= 2375.0343045249947
differential_evolution step 40: f(x)= 2375.0343045249947
differential_evolution step 41: f(x)= 2375.0343045249947
differential_evolution step 42: f(x)= 2375.0343045249947
differential_evolution step 43: f(x)= 2375.0343045249947
differential_evolution step 44: f(x)= 2375.0343045249947
differential_evolution step 45: f(x)= 2375.0343045249947
differential_evolution step 46: f(x)= 2375.0343045249947
differential_evolution step 47: f(x)= 2375.0343045249947
differential_evolution step 48: f(x)= 2375.0343045249947
differential_evolution step 49: f(x)= 2375.0343045249947
differential_evolution step 50: f(x)= 2375.0343045249947
differential_evolution step 51: f(x)= 2375.0343045249947
differential_evolution step 52: f(x)= 2375.0343045249947
differential_evolution step 53: f(x)= 2375.0343045249947
differential_evolution step 54: f(x)= 2375.0343045249947
differential_evolution step 55: f(x)= 2375.0343045249947
differential_evolution step 56: f(x)= 2375.0343045249947
differential_evolution step 57: f(x)= 2375.0343045249947
differential_evolution step 58: f(x)= 2375.0343045249947
differential_evolution step 59: f(x)= 2375.0343045249947
differential_evolution step 60: f(x)= 2375.0343045249947
differential_evolution step 61: f(x)= 2375.0343045249947
differential_evolution step 62: f(x)= 2375.0343045249947
differential_evolution step 63: f(x)= 2375.0343045249947
differential_evolution step 64: f(x)= 2375.0343045249947
differential_evolution step 65: f(x)= 2375.0343045249947
differential_evolution step 66: f(x)= 2375.0343045249947
differential_evolution step 67: f(x)= 2375.0343045249947
differential_evolution step 68: f(x)= 2375.0343045249947
differential_evolution step 69: f(x)= 2375.0343045249947
differential_evolution step 70: f(x)= 2375.0343045249947
differential_evolution step 71: f(x)= 2375.0343045249947
differential_evolution step 72: f(x)= 2375.0343045249947
differential_evolution step 73: f(x)= 2375.0343045249947
differential_evolution step 74: f(x)= 2375.0343045249947
differential_evolution step 75: f(x)= 2375.0343045249947
differential_evolution step 76: f(x)= 2375.0343045249947
differential_evolution step 77: f(x)= 2375.0343045249947
differential_evolution step 78: f(x)= 2375.0343045249947
differential_evolution step 79: f(x)= 2375.0343045249947
differential_evolution step 80: f(x)= 2375.0343045249947
differential_evolution step 81: f(x)= 2375.0343045249947
differential_evolution step 82: f(x)= 2375.0343045249947
differential_evolution step 83: f(x)= 2375.0343045249947
differential_evolution step 84: f(x)= 2375.0343045249947
differential_evolution step 85: f(x)= 2375.0343045249947
differential_evolution step 86: f(x)= 2375.0343045249947
differential_evolution step 87: f(x)= 2375.0343045249947
differential_evolution step 88: f(x)= 2375.0343045249947
differential_evolution step 89: f(x)= 2375.0343045249947
differential_evolution step 90: f(x)= 2375.0343045249947
differential_evolution step 91: f(x)= 2375.0343045249947
differential_evolution step 92: f(x)= 2375.0343045249947
differential_evolution step 93: f(x)= 2375.0343045249947
differential_evolution step 94: f(x)= 2375.0343045249947
differential_evolution step 95: f(x)= 2375.0343045249947
differential_evolution step 96: f(x)= 2375.0343045249947
differential_evolution step 97: f(x)= 2375.0343045249947
differential_evolution step 98: f(x)= 2375.0343045249947
differential_evolution step 99: f(x)= 2375.0343045249947
differential_evolution step 100: f(x)= 2375.0343045249947
differential_evolution step 101: f(x)= 2375.0343045249947
differential_evolution step 102: f(x)= 2375.0343045249947
differential_evolution step 103: f(x)= 2375.0343045249947
differential_evolution step 104: f(x)= 2375.0343045249947
differential_evolution step 105: f(x)= 2375.0343045249947
differential_evolution step 106: f(x)= 2375.0343045249947
differential_evolution step 107: f(x)= 2375.0343045249947
differential_evolution step 108: f(x)= 2375.0343045249947
differential_evolution step 109: f(x)= 2375.0343045249947
differential_evolution step 110: f(x)= 2375.0343045249947
differential_evolution step 111: f(x)= 2375.0343045249947
differential_evolution step 112: f(x)= 2375.0343045249947
differential_evolution step 113: f(x)= 2375.0343045249947
differential_evolution step 114: f(x)= 2375.0343045249947
differential_evolution step 115: f(x)= 2375.0343045249947
differential_evolution step 116: f(x)= 2375.0343045249947
differential_evolution step 117: f(x)= 2375.0343045249947
differential_evolution step 118: f(x)= 2375.0343045249947
differential_evolution step 119: f(x)= 2375.0343045249947
differential_evolution step 120: f(x)= 2375.0343045249947
differential_evolution step 121: f(x)= 2375.0343045249947
differential_evolution step 122: f(x)= 2375.0343045249947
differential_evolution step 123: f(x)= 2375.0343045249947
differential_evolution step 124: f(x)= 2375.0343045249947
differential_evolution step 125: f(x)= 2375.0343045249947
differential_evolution step 126: f(x)= 2375.0343045249947
differential_evolution step 127: f(x)= 2375.0343045249947
differential_evolution step 128: f(x)= 2375.0343045249947
differential_evolution step 129: f(x)= 2375.0343045249947
differential_evolution step 130: f(x)= 2375.0343045249947
differential_evolution step 131: f(x)= 2375.0343045249947
differential_evolution step 132: f(x)= 2375.0343045249947
differential_evolution step 133: f(x)= 2375.0343045249947
differential_evolution step 134: f(x)= 2375.0343045249947
differential_evolution step 135: f(x)= 2375.0343045249947
differential_evolution step 136: f(x)= 2375.0343045249947
differential_evolution step 137: f(x)= 2375.0343045249947
differential_evolution step 138: f(x)= 2375.0343045249947
differential_evolution step 139: f(x)= 2375.0343045249947
differential_evolution step 140: f(x)= 2375.0343045249947
differential_evolution step 141: f(x)= 2375.0343045249947
differential_evolution step 142: f(x)= 2375.0343045249947
differential_evolution step 143: f(x)= 2375.0343045249947
differential_evolution step 144: f(x)= 2375.0343045249947
differential_evolution step 145: f(x)= 2375.0343045249947
differential_evolution step 146: f(x)= 2375.0343045249947
differential_evolution step 147: f(x)= 2375.0343045249947
differential_evolution step 148: f(x)= 2375.0343045249947
differential_evolution step 149: f(x)= 2375.0343045249947
differential_evolution step 150: f(x)= 2375.0343045249947
differential_evolution step 151: f(x)= 2375.0343045249947
differential_evolution step 152: f(x)= 2375.0343045249947
differential_evolution step 153: f(x)= 2375.0343045249947
differential_evolution step 154: f(x)= 2375.0343045249947
differential_evolution step 155: f(x)= 2375.0343045249947
differential_evolution step 156: f(x)= 2375.0343045249947
differential_evolution step 157: f(x)= 2375.0343045249947
differential_evolution step 158: f(x)= 2375.0343045249947
differential_evolution step 159: f(x)= 2375.0343045249947
differential_evolution step 160: f(x)= 2375.0343045249947
differential_evolution step 161: f(x)= 2375.0343045249947
differential_evolution step 162: f(x)= 2375.0343045249947
differential_evolution step 163: f(x)= 2375.0343045249947
differential_evolution step 164: f(x)= 2375.0343045249947
differential_evolution step 165: f(x)= 2375.0343045249947
differential_evolution step 166: f(x)= 2375.0343045249947
differential_evolution step 167: f(x)= 2375.0343045249947
differential_evolution step 168: f(x)= 2375.0343045249947
differential_evolution step 169: f(x)= 2375.0343045249947
differential_evolution step 170: f(x)= 2375.0343045249947
differential_evolution step 171: f(x)= 2375.0343045249947
differential_evolution step 172: f(x)= 2375.0343045249947
differential_evolution step 173: f(x)= 2375.0343045249947
differential_evolution step 174: f(x)= 2375.0343045249947
differential_evolution step 175: f(x)= 2375.0343045249947
differential_evolution step 176: f(x)= 2375.0343045249947
differential_evolution step 177: f(x)= 2375.0343045249947
differential_evolution step 178: f(x)= 2375.0343045249947
differential_evolution step 179: f(x)= 2375.0343045249947
differential_evolution step 180: f(x)= 2375.0343045249947
differential_evolution step 181: f(x)= 2375.0343045249947
differential_evolution step 182: f(x)= 2152.884880001031
differential_evolution step 183: f(x)= 2152.884880001031
differential_evolution step 184: f(x)= 2152.884880001031
differential_evolution step 185: f(x)= 2152.884880001031
differential_evolution step 186: f(x)= 2152.884880001031
differential_evolution step 187: f(x)= 2152.884880001031
differential_evolution step 188: f(x)= 2152.884880001031
differential_evolution step 189: f(x)= 2152.884880001031
differential_evolution step 190: f(x)= 2152.884880001031
differential_evolution step 191: f(x)= 2152.884880001031
differential_evolution step 192: f(x)= 2152.884880001031
differential_evolution step 193: f(x)= 2152.884880001031
differential_evolution step 194: f(x)= 2152.884880001031
differential_evolution step 195: f(x)= 2152.884880001031
differential_evolution step 196: f(x)= 2152.884880001031
differential_evolution step 197: f(x)= 2152.884880001031
differential_evolution step 198: f(x)= 2152.884880001031
differential_evolution step 199: f(x)= 2152.884880001031
differential_evolution step 200: f(x)= 2152.884880001031
Cluster 1 DE best chi^2: 2152.885 with params {'x_src': np.float64(171.47186993924143), 'y_src': np.float64(189.16261628154973), 'z_s': np.float64(4.617355613941301)}
--- Running DE for Cluster 2 ---
[DE] Process Pool with 16 procs (init=latinhypercube, popsize=50)
differential_evolution step 1: f(x)= 1029.11444293586
differential_evolution step 2: f(x)= 1029.11444293586
differential_evolution step 3: f(x)= 1029.11444293586
differential_evolution step 4: f(x)= 395.86317627775566
differential_evolution step 5: f(x)= 395.86317627775566
differential_evolution step 6: f(x)= 178.23254824808745
differential_evolution step 7: f(x)= 178.23254824808745
differential_evolution step 8: f(x)= 178.23254824808745
differential_evolution step 9: f(x)= 178.23254824808745
differential_evolution step 10: f(x)= 178.23254824808745
differential_evolution step 11: f(x)= 178.23254824808745
differential_evolution step 12: f(x)= 178.23254824808745
differential_evolution step 13: f(x)= 178.23254824808745
differential_evolution step 14: f(x)= 178.23254824808745
differential_evolution step 15: f(x)= 178.23254824808745
differential_evolution step 16: f(x)= 178.23254824808745
differential_evolution step 17: f(x)= 144.16148778052835
differential_evolution step 18: f(x)= 144.16148778052835
differential_evolution step 19: f(x)= 144.16148778052835
differential_evolution step 20: f(x)= 144.16148778052835
differential_evolution step 21: f(x)= 144.16148778052835
differential_evolution step 22: f(x)= 144.16148778052835
differential_evolution step 23: f(x)= 144.16148778052835
differential_evolution step 24: f(x)= 144.16148778052835
differential_evolution step 25: f(x)= 144.16148778052835
differential_evolution step 26: f(x)= 144.16148778052835
differential_evolution step 27: f(x)= 144.16148778052835
differential_evolution step 28: f(x)= 144.16148778052835
differential_evolution step 29: f(x)= 144.16148778052835
differential_evolution step 30: f(x)= 144.16148778052835
differential_evolution step 31: f(x)= 144.16148778052835
differential_evolution step 32: f(x)= 144.16148778052835
differential_evolution step 33: f(x)= 144.16148778052835
differential_evolution step 34: f(x)= 144.16148778052835
differential_evolution step 35: f(x)= 144.16148778052835
differential_evolution step 36: f(x)= 144.16148778052835
differential_evolution step 37: f(x)= 144.16148778052835
differential_evolution step 38: f(x)= 144.16148778052835
differential_evolution step 39: f(x)= 144.16148778052835
differential_evolution step 40: f(x)= 144.16148778052835
differential_evolution step 41: f(x)= 144.16148778052835
differential_evolution step 42: f(x)= 144.16148778052835
differential_evolution step 43: f(x)= 144.16148778052835
differential_evolution step 44: f(x)= 144.16148778052835
differential_evolution step 45: f(x)= 144.16148778052835
differential_evolution step 46: f(x)= 144.16148778052835
differential_evolution step 47: f(x)= 144.16148778052835
differential_evolution step 48: f(x)= 144.16148778052835
differential_evolution step 49: f(x)= 144.16148778052835
differential_evolution step 50: f(x)= 144.16148778052835
differential_evolution step 51: f(x)= 144.16148778052835
differential_evolution step 52: f(x)= 144.16148778052835
differential_evolution step 53: f(x)= 144.16148778052835
differential_evolution step 54: f(x)= 144.16148778052835
differential_evolution step 55: f(x)= 144.16148778052835
differential_evolution step 56: f(x)= 144.16148778052835
differential_evolution step 57: f(x)= 144.16148778052835
differential_evolution step 58: f(x)= 144.16148778052835
differential_evolution step 59: f(x)= 136.89906765116316
differential_evolution step 60: f(x)= 136.89906765116316
differential_evolution step 61: f(x)= 136.89906765116316
differential_evolution step 62: f(x)= 136.89906765116316
differential_evolution step 63: f(x)= 136.89906765116316
differential_evolution step 64: f(x)= 136.89906765116316
differential_evolution step 65: f(x)= 136.89906765116316
differential_evolution step 66: f(x)= 136.89906765116316
differential_evolution step 67: f(x)= 136.89906765116316
differential_evolution step 68: f(x)= 136.89906765116316
differential_evolution step 69: f(x)= 136.89906765116316
differential_evolution step 70: f(x)= 136.89906765116316
differential_evolution step 71: f(x)= 136.89906765116316
differential_evolution step 72: f(x)= 136.89906765116316
differential_evolution step 73: f(x)= 136.89906765116316
differential_evolution step 74: f(x)= 136.89906765116316
differential_evolution step 75: f(x)= 136.89906765116316
differential_evolution step 76: f(x)= 136.89906765116316
differential_evolution step 77: f(x)= 136.89906765116316
differential_evolution step 78: f(x)= 136.89906765116316
differential_evolution step 79: f(x)= 136.89906765116316
differential_evolution step 80: f(x)= 136.89906765116316
differential_evolution step 81: f(x)= 136.89906765116316
differential_evolution step 82: f(x)= 136.89906765116316
differential_evolution step 83: f(x)= 136.89906765116316
differential_evolution step 84: f(x)= 136.89906765116316
differential_evolution step 85: f(x)= 136.89906765116316
differential_evolution step 86: f(x)= 136.89906765116316
differential_evolution step 87: f(x)= 136.89906765116316
differential_evolution step 88: f(x)= 136.89906765116316
differential_evolution step 89: f(x)= 136.89906765116316
differential_evolution step 90: f(x)= 136.89906765116316
differential_evolution step 91: f(x)= 136.89906765116316
differential_evolution step 92: f(x)= 136.89906765116316
differential_evolution step 93: f(x)= 136.82715538315477
differential_evolution step 94: f(x)= 136.82715538315477
differential_evolution step 95: f(x)= 136.07387847771943
differential_evolution step 96: f(x)= 136.07387847771943
differential_evolution step 97: f(x)= 136.07387847771943
differential_evolution step 98: f(x)= 136.07387847771943
differential_evolution step 99: f(x)= 136.07387847771943
differential_evolution step 100: f(x)= 136.07387847771943
differential_evolution step 101: f(x)= 136.07387847771943
differential_evolution step 102: f(x)= 136.07387847771943
differential_evolution step 103: f(x)= 136.07387847771943
differential_evolution step 104: f(x)= 136.07387847771943
differential_evolution step 105: f(x)= 136.01403171622874
differential_evolution step 106: f(x)= 136.01403171622874
differential_evolution step 107: f(x)= 136.01403171622874
differential_evolution step 108: f(x)= 135.69722096468956
differential_evolution step 109: f(x)= 135.69722096468956
differential_evolution step 110: f(x)= 135.69722096468956
differential_evolution step 111: f(x)= 135.69722096468956
differential_evolution step 112: f(x)= 135.69722096468956
differential_evolution step 113: f(x)= 135.0580039344476
differential_evolution step 114: f(x)= 135.0580039344476
differential_evolution step 115: f(x)= 135.0580039344476
differential_evolution step 116: f(x)= 135.0580039344476
differential_evolution step 117: f(x)= 134.7450101689643
differential_evolution step 118: f(x)= 134.7450101689643
differential_evolution step 119: f(x)= 134.7450101689643
differential_evolution step 120: f(x)= 134.7450101689643
differential_evolution step 121: f(x)= 134.7450101689643
differential_evolution step 122: f(x)= 134.7450101689643
differential_evolution step 123: f(x)= 134.7450101689643
differential_evolution step 124: f(x)= 134.73827863131623
differential_evolution step 125: f(x)= 134.73827863131623
differential_evolution step 126: f(x)= 134.69347214997777
differential_evolution step 127: f(x)= 134.69347214997777
differential_evolution step 128: f(x)= 134.45595126275197
differential_evolution step 129: f(x)= 134.45595126275197
differential_evolution step 130: f(x)= 134.36644902321262
differential_evolution step 131: f(x)= 134.36644902321262
differential_evolution step 132: f(x)= 134.36644902321262
differential_evolution step 133: f(x)= 134.36644902321262
differential_evolution step 134: f(x)= 134.3182299085542
differential_evolution step 135: f(x)= 134.3182299085542
differential_evolution step 136: f(x)= 134.20241190411042
differential_evolution step 137: f(x)= 134.20241190411042
differential_evolution step 138: f(x)= 134.20101438872598
differential_evolution step 139: f(x)= 134.20101438872598
differential_evolution step 140: f(x)= 133.98563582797712
differential_evolution step 141: f(x)= 133.98563582797712
differential_evolution step 142: f(x)= 133.98563582797712
differential_evolution step 143: f(x)= 133.98563582797712
differential_evolution step 144: f(x)= 133.98563582797712
differential_evolution step 145: f(x)= 133.98563582797712
differential_evolution step 146: f(x)= 133.98563582797712
differential_evolution step 147: f(x)= 133.98563582797712
differential_evolution step 148: f(x)= 133.98563582797712
differential_evolution step 149: f(x)= 133.98563582797712
differential_evolution step 150: f(x)= 133.98563582797712
differential_evolution step 151: f(x)= 133.98563582797712
differential_evolution step 152: f(x)= 133.98563582797712
differential_evolution step 153: f(x)= 133.98563582797712
differential_evolution step 154: f(x)= 133.98563582797712
differential_evolution step 155: f(x)= 133.98563582797712
differential_evolution step 156: f(x)= 133.98563582797712
differential_evolution step 157: f(x)= 133.98563582797712
differential_evolution step 158: f(x)= 133.98563582797712
differential_evolution step 159: f(x)= 133.98563582797712
differential_evolution step 160: f(x)= 133.98563582797712
differential_evolution step 161: f(x)= 133.98563582797712
differential_evolution step 162: f(x)= 133.98563582797712
differential_evolution step 163: f(x)= 133.98563582797712
differential_evolution step 164: f(x)= 133.98563582797712
differential_evolution step 165: f(x)= 133.98563582797712
differential_evolution step 166: f(x)= 133.98563582797712
differential_evolution step 167: f(x)= 133.98563582797712
differential_evolution step 168: f(x)= 133.98563582797712
differential_evolution step 169: f(x)= 133.98563582797712
differential_evolution step 170: f(x)= 133.98563582797712
differential_evolution step 171: f(x)= 133.9136766634154
differential_evolution step 172: f(x)= 133.9136766634154
differential_evolution step 173: f(x)= 133.9136766634154
differential_evolution step 174: f(x)= 133.9136766634154
differential_evolution step 175: f(x)= 133.9136766634154
differential_evolution step 176: f(x)= 133.9136766634154
differential_evolution step 177: f(x)= 133.9136766634154
differential_evolution step 178: f(x)= 133.9136766634154
differential_evolution step 179: f(x)= 133.9136766634154
differential_evolution step 180: f(x)= 133.9136766634154
differential_evolution step 181: f(x)= 133.9136766634154
differential_evolution step 182: f(x)= 133.9136766634154
differential_evolution step 183: f(x)= 133.9136766634154
differential_evolution step 184: f(x)= 133.9136766634154
differential_evolution step 185: f(x)= 133.9136766634154
differential_evolution step 186: f(x)= 133.9136766634154
differential_evolution step 187: f(x)= 133.9136766634154
differential_evolution step 188: f(x)= 133.9136766634154
differential_evolution step 189: f(x)= 133.9136766634154
differential_evolution step 190: f(x)= 133.9136766634154
differential_evolution step 191: f(x)= 133.9136766634154
differential_evolution step 192: f(x)= 133.9136766634154
differential_evolution step 193: f(x)= 133.9136766634154
differential_evolution step 194: f(x)= 133.9136766634154
differential_evolution step 195: f(x)= 133.9136766634154
differential_evolution step 196: f(x)= 133.9136766634154
differential_evolution step 197: f(x)= 133.9136766634154
differential_evolution step 198: f(x)= 133.9136766634154
differential_evolution step 199: f(x)= 133.9136766634154
differential_evolution step 200: f(x)= 133.9136766634154
Cluster 2 DE best chi^2: 133.914 with params {'x_src': np.float64(96.88170378037859), 'y_src': np.float64(98.29906491110748), 'z_s': np.float64(1.7823994639612266)}
--- Running DE for Cluster 3 ---
[DE] Process Pool with 16 procs (init=latinhypercube, popsize=50)
differential_evolution step 1: f(x)= 4242.640687119286
differential_evolution step 2: f(x)= 4242.640687119286
differential_evolution step 3: f(x)= 2776.1739849129185
differential_evolution step 4: f(x)= 2776.1739849129185
differential_evolution step 5: f(x)= 2776.1739849129185
differential_evolution step 6: f(x)= 2776.1739849129185
differential_evolution step 7: f(x)= 2776.1739849129185
differential_evolution step 8: f(x)= 2776.1739849129185
differential_evolution step 9: f(x)= 2776.1739849129185
differential_evolution step 10: f(x)= 2776.1739849129185
differential_evolution step 11: f(x)= 2776.1739849129185
differential_evolution step 12: f(x)= 2776.1739849129185
differential_evolution step 13: f(x)= 2776.1739849129185
differential_evolution step 14: f(x)= 2776.1739849129185
differential_evolution step 15: f(x)= 2776.1739849129185
differential_evolution step 16: f(x)= 2776.1739849129185
differential_evolution step 17: f(x)= 2776.1739849129185
differential_evolution step 18: f(x)= 2776.1739849129185
differential_evolution step 19: f(x)= 2776.1739849129185
differential_evolution step 20: f(x)= 2776.1739849129185
differential_evolution step 21: f(x)= 2776.1739849129185
differential_evolution step 22: f(x)= 2253.128093626651
differential_evolution step 23: f(x)= 2253.128093626651
differential_evolution step 24: f(x)= 2253.128093626651
differential_evolution step 25: f(x)= 2253.128093626651
differential_evolution step 26: f(x)= 2253.128093626651
differential_evolution step 27: f(x)= 2253.128093626651
differential_evolution step 28: f(x)= 2253.128093626651
differential_evolution step 29: f(x)= 1203.5768186814955
differential_evolution step 30: f(x)= 1203.5768186814955
differential_evolution step 31: f(x)= 1203.5768186814955
differential_evolution step 32: f(x)= 1203.5768186814955
differential_evolution step 33: f(x)= 1203.5768186814955
differential_evolution step 34: f(x)= 1203.5768186814955
differential_evolution step 35: f(x)= 1203.5768186814955
differential_evolution step 36: f(x)= 1203.5768186814955
differential_evolution step 37: f(x)= 1203.5768186814955
differential_evolution step 38: f(x)= 1203.5768186814955
differential_evolution step 39: f(x)= 1203.5768186814955
differential_evolution step 40: f(x)= 1203.5768186814955
differential_evolution step 41: f(x)= 1203.5768186814955
differential_evolution step 42: f(x)= 1203.5768186814955
differential_evolution step 43: f(x)= 1203.5768186814955
differential_evolution step 44: f(x)= 1203.5768186814955
differential_evolution step 45: f(x)= 1203.5768186814955
differential_evolution step 46: f(x)= 1203.5768186814955
differential_evolution step 47: f(x)= 1203.5768186814955
differential_evolution step 48: f(x)= 1203.5768186814955
differential_evolution step 49: f(x)= 1203.5768186814955
differential_evolution step 50: f(x)= 1203.5768186814955
differential_evolution step 51: f(x)= 1203.5768186814955
differential_evolution step 52: f(x)= 1203.5768186814955
differential_evolution step 53: f(x)= 1203.5768186814955
differential_evolution step 54: f(x)= 1203.5768186814955
differential_evolution step 55: f(x)= 1203.5768186814955
differential_evolution step 56: f(x)= 1203.5768186814955
differential_evolution step 57: f(x)= 1203.5768186814955
differential_evolution step 58: f(x)= 1203.5768186814955
differential_evolution step 59: f(x)= 1203.5768186814955
differential_evolution step 60: f(x)= 1203.5768186814955
differential_evolution step 61: f(x)= 1203.5768186814955
differential_evolution step 62: f(x)= 1203.5768186814955
differential_evolution step 63: f(x)= 1203.5768186814955
differential_evolution step 64: f(x)= 1073.1417645893544
differential_evolution step 65: f(x)= 1073.1417645893544
differential_evolution step 66: f(x)= 1073.1417645893544
differential_evolution step 67: f(x)= 1073.1417645893544
differential_evolution step 68: f(x)= 1073.1417645893544
differential_evolution step 69: f(x)= 1073.1417645893544
differential_evolution step 70: f(x)= 1073.1417645893544
differential_evolution step 71: f(x)= 1073.1417645893544
differential_evolution step 72: f(x)= 1073.1417645893544
differential_evolution step 73: f(x)= 1073.1417645893544
differential_evolution step 74: f(x)= 1073.1417645893544
differential_evolution step 75: f(x)= 1073.1417645893544
differential_evolution step 76: f(x)= 1073.1417645893544
differential_evolution step 77: f(x)= 1073.1417645893544
differential_evolution step 78: f(x)= 1073.1417645893544
differential_evolution step 79: f(x)= 1073.1417645893544
differential_evolution step 80: f(x)= 1073.1417645893544
differential_evolution step 81: f(x)= 1073.1417645893544
differential_evolution step 82: f(x)= 1073.1417645893544
differential_evolution step 83: f(x)= 1073.1417645893544
differential_evolution step 84: f(x)= 1073.1417645893544
differential_evolution step 85: f(x)= 1073.1417645893544
differential_evolution step 86: f(x)= 1073.1417645893544
differential_evolution step 87: f(x)= 1073.1417645893544
differential_evolution step 88: f(x)= 1073.1417645893544
differential_evolution step 89: f(x)= 1073.1417645893544
differential_evolution step 90: f(x)= 1073.1417645893544
differential_evolution step 91: f(x)= 1073.1417645893544
differential_evolution step 92: f(x)= 1073.1417645893544
differential_evolution step 93: f(x)= 1073.1417645893544
differential_evolution step 94: f(x)= 1073.1417645893544
differential_evolution step 95: f(x)= 1073.1417645893544
differential_evolution step 96: f(x)= 1073.1417645893544
differential_evolution step 97: f(x)= 1073.1417645893544
differential_evolution step 98: f(x)= 1073.1417645893544
differential_evolution step 99: f(x)= 1073.1417645893544
differential_evolution step 100: f(x)= 1073.1417645893544
differential_evolution step 101: f(x)= 1073.1417645893544
differential_evolution step 102: f(x)= 1073.1417645893544
differential_evolution step 103: f(x)= 1073.1417645893544
differential_evolution step 104: f(x)= 1073.1417645893544
differential_evolution step 105: f(x)= 1073.1417645893544
differential_evolution step 106: f(x)= 1073.1417645893544
differential_evolution step 107: f(x)= 1073.1417645893544
differential_evolution step 108: f(x)= 1073.1417645893544
differential_evolution step 109: f(x)= 1073.1417645893544
differential_evolution step 110: f(x)= 1073.1417645893544
differential_evolution step 111: f(x)= 1073.1417645893544
differential_evolution step 112: f(x)= 1073.1417645893544
differential_evolution step 113: f(x)= 1073.1417645893544
differential_evolution step 114: f(x)= 1073.1417645893544
differential_evolution step 115: f(x)= 1073.1417645893544
differential_evolution step 116: f(x)= 1073.1417645893544
differential_evolution step 117: f(x)= 1073.1417645893544
differential_evolution step 118: f(x)= 1073.1417645893544
differential_evolution step 119: f(x)= 1073.1417645893544
differential_evolution step 120: f(x)= 1073.1417645893544
differential_evolution step 121: f(x)= 1073.1417645893544
differential_evolution step 122: f(x)= 1073.1417645893544
differential_evolution step 123: f(x)= 855.288253688864
differential_evolution step 124: f(x)= 855.288253688864
differential_evolution step 125: f(x)= 855.288253688864
differential_evolution step 126: f(x)= 855.288253688864
differential_evolution step 127: f(x)= 855.288253688864
differential_evolution step 128: f(x)= 855.288253688864
differential_evolution step 129: f(x)= 855.288253688864
differential_evolution step 130: f(x)= 855.288253688864
differential_evolution step 131: f(x)= 837.3225376944333
differential_evolution step 132: f(x)= 837.3225376944333
differential_evolution step 133: f(x)= 837.3225376944333
differential_evolution step 134: f(x)= 837.3225376944333
differential_evolution step 135: f(x)= 837.3225376944333
differential_evolution step 136: f(x)= 837.3225376944333
differential_evolution step 137: f(x)= 837.3225376944333
differential_evolution step 138: f(x)= 837.3225376944333
differential_evolution step 139: f(x)= 837.3225376944333
differential_evolution step 140: f(x)= 837.3225376944333
differential_evolution step 141: f(x)= 837.3225376944333
differential_evolution step 142: f(x)= 837.3225376944333
differential_evolution step 143: f(x)= 837.3225376944333
differential_evolution step 144: f(x)= 837.3225376944333
differential_evolution step 145: f(x)= 837.3225376944333
differential_evolution step 146: f(x)= 837.3225376944333
differential_evolution step 147: f(x)= 837.3225376944333
differential_evolution step 148: f(x)= 837.3225376944333
differential_evolution step 149: f(x)= 837.3225376944333
differential_evolution step 150: f(x)= 837.3225376944333
differential_evolution step 151: f(x)= 837.3225376944333
differential_evolution step 152: f(x)= 837.3225376944333
differential_evolution step 153: f(x)= 837.3225376944333
differential_evolution step 154: f(x)= 837.3225376944333
differential_evolution step 155: f(x)= 837.3225376944333
differential_evolution step 156: f(x)= 837.3225376944333
differential_evolution step 157: f(x)= 837.3225376944333
differential_evolution step 158: f(x)= 837.3225376944333
differential_evolution step 159: f(x)= 837.3225376944333
differential_evolution step 160: f(x)= 837.3225376944333
differential_evolution step 161: f(x)= 837.3225376944333
differential_evolution step 162: f(x)= 837.3225376944333
differential_evolution step 163: f(x)= 837.3225376944333
differential_evolution step 164: f(x)= 837.3225376944333
differential_evolution step 165: f(x)= 837.3225376944333
differential_evolution step 166: f(x)= 837.3225376944333
differential_evolution step 167: f(x)= 837.3225376944333
differential_evolution step 168: f(x)= 837.3225376944333
differential_evolution step 169: f(x)= 837.3225376944333
differential_evolution step 170: f(x)= 837.3225376944333
differential_evolution step 171: f(x)= 837.3225376944333
differential_evolution step 172: f(x)= 837.3225376944333
differential_evolution step 173: f(x)= 837.3225376944333
differential_evolution step 174: f(x)= 495.60180416367666
differential_evolution step 175: f(x)= 495.60180416367666
differential_evolution step 176: f(x)= 495.60180416367666
differential_evolution step 177: f(x)= 495.60180416367666
differential_evolution step 178: f(x)= 495.60180416367666
differential_evolution step 179: f(x)= 481.52318415625854
differential_evolution step 180: f(x)= 481.52318415625854
differential_evolution step 181: f(x)= 481.52318415625854
differential_evolution step 182: f(x)= 481.52318415625854
differential_evolution step 183: f(x)= 481.52318415625854
differential_evolution step 184: f(x)= 481.52318415625854
differential_evolution step 185: f(x)= 481.52318415625854
differential_evolution step 186: f(x)= 481.52318415625854
differential_evolution step 187: f(x)= 481.52318415625854
differential_evolution step 188: f(x)= 481.52318415625854
differential_evolution step 189: f(x)= 429.21337750032353
differential_evolution step 190: f(x)= 429.21337750032353
differential_evolution step 191: f(x)= 429.21337750032353
differential_evolution step 192: f(x)= 429.21337750032353
differential_evolution step 193: f(x)= 429.21337750032353
differential_evolution step 194: f(x)= 429.21337750032353
differential_evolution step 195: f(x)= 429.21337750032353
differential_evolution step 196: f(x)= 429.21337750032353
differential_evolution step 197: f(x)= 429.21337750032353
differential_evolution step 198: f(x)= 429.21337750032353
differential_evolution step 199: f(x)= 429.21337750032353
differential_evolution step 200: f(x)= 429.21337750032353
Cluster 3 DE best chi^2: 429.213 with params {'x_src': np.float64(110.38987958807971), 'y_src': np.float64(123.68224822750966), 'z_s': np.float64(2.6646754795537952)}
--- Running DE for Cluster 4 ---
[DE] Process Pool with 16 procs (init=latinhypercube, popsize=50)
differential_evolution step 1: f(x)= 3000.0
differential_evolution step 2: f(x)= 1940.043318553345
differential_evolution step 3: f(x)= 1940.043318553345
differential_evolution step 4: f(x)= 1797.7997955796554
differential_evolution step 5: f(x)= 1797.7997955796554
differential_evolution step 6: f(x)= 324.7689691919025
differential_evolution step 7: f(x)= 324.7689691919025
differential_evolution step 8: f(x)= 324.7689691919025
differential_evolution step 9: f(x)= 324.7689691919025
differential_evolution step 10: f(x)= 324.7689691919025
differential_evolution step 11: f(x)= 324.7689691919025
differential_evolution step 12: f(x)= 324.7689691919025
differential_evolution step 13: f(x)= 324.7689691919025
differential_evolution step 14: f(x)= 324.7689691919025
differential_evolution step 15: f(x)= 324.7689691919025
differential_evolution step 16: f(x)= 324.7689691919025
differential_evolution step 17: f(x)= 324.7689691919025
differential_evolution step 18: f(x)= 324.7689691919025
differential_evolution step 19: f(x)= 324.7689691919025
differential_evolution step 20: f(x)= 324.7689691919025
differential_evolution step 21: f(x)= 324.7689691919025
differential_evolution step 22: f(x)= 324.7689691919025
differential_evolution step 23: f(x)= 324.7689691919025
differential_evolution step 24: f(x)= 324.7689691919025
differential_evolution step 25: f(x)= 324.7689691919025
differential_evolution step 26: f(x)= 324.7689691919025
differential_evolution step 27: f(x)= 324.7689691919025
differential_evolution step 28: f(x)= 324.7689691919025
differential_evolution step 29: f(x)= 324.7689691919025
differential_evolution step 30: f(x)= 324.7689691919025
differential_evolution step 31: f(x)= 324.7689691919025
differential_evolution step 32: f(x)= 324.7689691919025
differential_evolution step 33: f(x)= 324.7689691919025
differential_evolution step 34: f(x)= 324.7689691919025
differential_evolution step 35: f(x)= 222.1994284173222
differential_evolution step 36: f(x)= 222.1994284173222
differential_evolution step 37: f(x)= 222.1994284173222
differential_evolution step 38: f(x)= 222.1994284173222
differential_evolution step 39: f(x)= 179.90819161589081
differential_evolution step 40: f(x)= 179.90819161589081
differential_evolution step 41: f(x)= 179.90819161589081
differential_evolution step 42: f(x)= 179.90819161589081
differential_evolution step 43: f(x)= 179.90819161589081
differential_evolution step 44: f(x)= 179.90819161589081
differential_evolution step 45: f(x)= 179.90819161589081
differential_evolution step 46: f(x)= 179.90819161589081
differential_evolution step 47: f(x)= 179.90819161589081
differential_evolution step 48: f(x)= 179.90819161589081
differential_evolution step 49: f(x)= 179.90819161589081
differential_evolution step 50: f(x)= 179.90819161589081
differential_evolution step 51: f(x)= 179.90819161589081
differential_evolution step 52: f(x)= 179.90819161589081
differential_evolution step 53: f(x)= 179.90819161589081
differential_evolution step 54: f(x)= 179.90819161589081
differential_evolution step 55: f(x)= 179.90819161589081
differential_evolution step 56: f(x)= 179.90819161589081
differential_evolution step 57: f(x)= 179.90819161589081
differential_evolution step 58: f(x)= 179.90819161589081
differential_evolution step 59: f(x)= 179.90819161589081
differential_evolution step 60: f(x)= 179.90819161589081
differential_evolution step 61: f(x)= 179.90819161589081
differential_evolution step 62: f(x)= 179.90819161589081
differential_evolution step 63: f(x)= 179.90819161589081
differential_evolution step 64: f(x)= 179.90819161589081
differential_evolution step 65: f(x)= 179.90819161589081
differential_evolution step 66: f(x)= 179.90819161589081
differential_evolution step 67: f(x)= 179.90819161589081
differential_evolution step 68: f(x)= 179.90819161589081
differential_evolution step 69: f(x)= 179.90819161589081
differential_evolution step 70: f(x)= 179.90819161589081
differential_evolution step 71: f(x)= 179.90819161589081
differential_evolution step 72: f(x)= 179.90819161589081
differential_evolution step 73: f(x)= 179.90819161589081
differential_evolution step 74: f(x)= 179.90819161589081
differential_evolution step 75: f(x)= 179.90819161589081
differential_evolution step 76: f(x)= 179.90819161589081
differential_evolution step 77: f(x)= 179.90819161589081
differential_evolution step 78: f(x)= 179.90819161589081
differential_evolution step 79: f(x)= 179.90819161589081
differential_evolution step 80: f(x)= 179.90819161589081
differential_evolution step 81: f(x)= 179.90819161589081
differential_evolution step 82: f(x)= 179.90819161589081
differential_evolution step 83: f(x)= 179.90819161589081
differential_evolution step 84: f(x)= 179.90819161589081
differential_evolution step 85: f(x)= 179.90819161589081
differential_evolution step 86: f(x)= 179.90819161589081
differential_evolution step 87: f(x)= 179.90819161589081
differential_evolution step 88: f(x)= 179.90819161589081
differential_evolution step 89: f(x)= 179.90819161589081
differential_evolution step 90: f(x)= 179.90819161589081
differential_evolution step 91: f(x)= 179.90819161589081
differential_evolution step 92: f(x)= 179.90819161589081
differential_evolution step 93: f(x)= 179.90819161589081
differential_evolution step 94: f(x)= 179.90819161589081
differential_evolution step 95: f(x)= 179.90819161589081
differential_evolution step 96: f(x)= 149.69785691648156
differential_evolution step 97: f(x)= 149.69785691648156
differential_evolution step 98: f(x)= 149.69785691648156
differential_evolution step 99: f(x)= 149.69785691648156
differential_evolution step 100: f(x)= 149.69785691648156
differential_evolution step 101: f(x)= 149.69785691648156
differential_evolution step 102: f(x)= 149.69785691648156
differential_evolution step 103: f(x)= 149.69785691648156
differential_evolution step 104: f(x)= 149.69785691648156
differential_evolution step 105: f(x)= 149.69785691648156
differential_evolution step 106: f(x)= 149.69785691648156
differential_evolution step 107: f(x)= 149.69785691648156
differential_evolution step 108: f(x)= 149.69785691648156
differential_evolution step 109: f(x)= 149.69785691648156
differential_evolution step 110: f(x)= 142.36072028265053
differential_evolution step 111: f(x)= 142.36072028265053
differential_evolution step 112: f(x)= 142.36072028265053
differential_evolution step 113: f(x)= 142.36072028265053
differential_evolution step 114: f(x)= 142.36072028265053
differential_evolution step 115: f(x)= 142.36072028265053
differential_evolution step 116: f(x)= 130.07414788928787
differential_evolution step 117: f(x)= 130.07414788928787
differential_evolution step 118: f(x)= 130.07414788928787
differential_evolution step 119: f(x)= 130.07414788928787
differential_evolution step 120: f(x)= 130.07414788928787
differential_evolution step 121: f(x)= 130.07414788928787
differential_evolution step 122: f(x)= 130.07414788928787
differential_evolution step 123: f(x)= 130.07414788928787
differential_evolution step 124: f(x)= 130.07414788928787
differential_evolution step 125: f(x)= 130.07414788928787
differential_evolution step 126: f(x)= 130.07414788928787
differential_evolution step 127: f(x)= 130.07414788928787
differential_evolution step 128: f(x)= 130.07414788928787
differential_evolution step 129: f(x)= 130.07414788928787
differential_evolution step 130: f(x)= 130.07414788928787
differential_evolution step 131: f(x)= 130.07414788928787
differential_evolution step 132: f(x)= 130.07414788928787
differential_evolution step 133: f(x)= 130.07414788928787
differential_evolution step 134: f(x)= 130.07414788928787
differential_evolution step 135: f(x)= 130.07414788928787
differential_evolution step 136: f(x)= 130.07414788928787
differential_evolution step 137: f(x)= 130.07414788928787
differential_evolution step 138: f(x)= 130.07414788928787
differential_evolution step 139: f(x)= 130.07414788928787
differential_evolution step 140: f(x)= 130.07414788928787
differential_evolution step 141: f(x)= 130.07414788928787
differential_evolution step 142: f(x)= 130.07414788928787
differential_evolution step 143: f(x)= 130.07414788928787
differential_evolution step 144: f(x)= 130.07414788928787
differential_evolution step 145: f(x)= 130.07414788928787
differential_evolution step 146: f(x)= 130.07414788928787
differential_evolution step 147: f(x)= 130.07414788928787
differential_evolution step 148: f(x)= 130.07414788928787
differential_evolution step 149: f(x)= 130.07414788928787
differential_evolution step 150: f(x)= 130.07414788928787
differential_evolution step 151: f(x)= 130.07414788928787
differential_evolution step 152: f(x)= 130.07414788928787
differential_evolution step 153: f(x)= 130.07414788928787
differential_evolution step 154: f(x)= 130.07414788928787
differential_evolution step 155: f(x)= 130.07414788928787
differential_evolution step 156: f(x)= 130.07414788928787
differential_evolution step 157: f(x)= 130.07414788928787
differential_evolution step 158: f(x)= 130.07414788928787
differential_evolution step 159: f(x)= 130.07414788928787
differential_evolution step 160: f(x)= 130.07414788928787
differential_evolution step 161: f(x)= 130.07414788928787
differential_evolution step 162: f(x)= 130.07414788928787
differential_evolution step 163: f(x)= 130.07414788928787
differential_evolution step 164: f(x)= 130.07414788928787
differential_evolution step 165: f(x)= 130.07414788928787
differential_evolution step 166: f(x)= 130.07414788928787
differential_evolution step 167: f(x)= 130.07414788928787
differential_evolution step 168: f(x)= 130.07414788928787
differential_evolution step 169: f(x)= 130.07414788928787
differential_evolution step 170: f(x)= 130.07414788928787
differential_evolution step 171: f(x)= 130.07414788928787
differential_evolution step 172: f(x)= 130.07414788928787
differential_evolution step 173: f(x)= 130.07414788928787
differential_evolution step 174: f(x)= 130.07414788928787
differential_evolution step 175: f(x)= 130.07414788928787
differential_evolution step 176: f(x)= 130.07414788928787
differential_evolution step 177: f(x)= 130.07414788928787
differential_evolution step 178: f(x)= 130.07414788928787
differential_evolution step 179: f(x)= 130.07414788928787
differential_evolution step 180: f(x)= 130.07414788928787
differential_evolution step 181: f(x)= 130.07414788928787
differential_evolution step 182: f(x)= 130.07414788928787
differential_evolution step 183: f(x)= 130.07414788928787
differential_evolution step 184: f(x)= 130.07414788928787
differential_evolution step 185: f(x)= 130.07414788928787
differential_evolution step 186: f(x)= 130.07414788928787
differential_evolution step 187: f(x)= 130.07414788928787
differential_evolution step 188: f(x)= 130.07414788928787
differential_evolution step 189: f(x)= 130.07414788928787
differential_evolution step 190: f(x)= 130.07414788928787
differential_evolution step 191: f(x)= 97.9160577889914
differential_evolution step 192: f(x)= 97.9160577889914
differential_evolution step 193: f(x)= 97.9160577889914
differential_evolution step 194: f(x)= 97.9160577889914
differential_evolution step 195: f(x)= 97.9160577889914
differential_evolution step 196: f(x)= 97.9160577889914
differential_evolution step 197: f(x)= 97.9160577889914
differential_evolution step 198: f(x)= 97.9160577889914
differential_evolution step 199: f(x)= 97.9160577889914
differential_evolution step 200: f(x)= 97.9160577889914
Cluster 4 DE best chi^2: 97.916 with params {'x_src': np.float64(244.6897454484846), 'y_src': np.float64(238.54300169435996), 'z_s': np.float64(1.7368829644973311)}
--- Running DE for Cluster 5 ---
[DE] Process Pool with 16 procs (init=latinhypercube, popsize=50)
differential_evolution step 1: f(x)= 4242.640687119286
differential_evolution step 2: f(x)= 4242.640687119286
differential_evolution step 3: f(x)= 4242.640687119286
differential_evolution step 4: f(x)= 4242.640687119286
differential_evolution step 5: f(x)= 4242.640687119286
differential_evolution step 6: f(x)= 3000.0
differential_evolution step 7: f(x)= 2267.679265900184
differential_evolution step 8: f(x)= 2267.679265900184
differential_evolution step 9: f(x)= 2267.679265900184
differential_evolution step 10: f(x)= 2267.679265900184
differential_evolution step 11: f(x)= 2267.679265900184
differential_evolution step 12: f(x)= 1812.5023630664778
differential_evolution step 13: f(x)= 1812.5023630664778
differential_evolution step 14: f(x)= 1145.4742669411419
differential_evolution step 15: f(x)= 1145.4742669411419
differential_evolution step 16: f(x)= 1145.4742669411419
differential_evolution step 17: f(x)= 1145.4742669411419
differential_evolution step 18: f(x)= 1145.4742669411419
differential_evolution step 19: f(x)= 1145.4742669411419
differential_evolution step 20: f(x)= 292.9792070876671
differential_evolution step 21: f(x)= 292.9792070876671
differential_evolution step 22: f(x)= 292.9792070876671
differential_evolution step 23: f(x)= 292.9792070876671
differential_evolution step 24: f(x)= 292.9792070876671
differential_evolution step 25: f(x)= 170.3193484787734
differential_evolution step 26: f(x)= 170.3193484787734
differential_evolution step 27: f(x)= 170.3193484787734
differential_evolution step 28: f(x)= 170.3193484787734
differential_evolution step 29: f(x)= 170.3193484787734
differential_evolution step 30: f(x)= 170.3193484787734
differential_evolution step 31: f(x)= 170.3193484787734
differential_evolution step 32: f(x)= 170.3193484787734
differential_evolution step 33: f(x)= 170.3193484787734
differential_evolution step 34: f(x)= 170.3193484787734
differential_evolution step 35: f(x)= 170.3193484787734
differential_evolution step 36: f(x)= 170.3193484787734
differential_evolution step 37: f(x)= 170.3193484787734
differential_evolution step 38: f(x)= 170.3193484787734
differential_evolution step 39: f(x)= 170.3193484787734
differential_evolution step 40: f(x)= 170.3193484787734
differential_evolution step 41: f(x)= 170.3193484787734
differential_evolution step 42: f(x)= 170.3193484787734
differential_evolution step 43: f(x)= 170.3193484787734
differential_evolution step 44: f(x)= 170.3193484787734
differential_evolution step 45: f(x)= 170.3193484787734
differential_evolution step 46: f(x)= 170.3193484787734
differential_evolution step 47: f(x)= 170.3193484787734
differential_evolution step 48: f(x)= 170.3193484787734
differential_evolution step 49: f(x)= 170.3193484787734
differential_evolution step 50: f(x)= 170.3193484787734
differential_evolution step 51: f(x)= 170.3193484787734
differential_evolution step 52: f(x)= 170.3193484787734
differential_evolution step 53: f(x)= 170.3193484787734
differential_evolution step 54: f(x)= 170.3193484787734
differential_evolution step 55: f(x)= 170.3193484787734
differential_evolution step 56: f(x)= 170.3193484787734
differential_evolution step 57: f(x)= 170.3193484787734
differential_evolution step 58: f(x)= 170.3193484787734
differential_evolution step 59: f(x)= 170.3193484787734
differential_evolution step 60: f(x)= 170.3193484787734
differential_evolution step 61: f(x)= 170.3193484787734
differential_evolution step 62: f(x)= 168.8288197374094
differential_evolution step 63: f(x)= 168.8288197374094
differential_evolution step 64: f(x)= 168.8288197374094
differential_evolution step 65: f(x)= 168.8288197374094
differential_evolution step 66: f(x)= 168.8288197374094
differential_evolution step 67: f(x)= 168.8288197374094
differential_evolution step 68: f(x)= 168.8288197374094
differential_evolution step 69: f(x)= 162.87893008858794
differential_evolution step 70: f(x)= 162.87893008858794
differential_evolution step 71: f(x)= 162.87893008858794
differential_evolution step 72: f(x)= 162.87893008858794
differential_evolution step 73: f(x)= 162.87893008858794
differential_evolution step 74: f(x)= 162.87893008858794
differential_evolution step 75: f(x)= 162.87893008858794
differential_evolution step 76: f(x)= 162.87893008858794
differential_evolution step 77: f(x)= 162.87893008858794
differential_evolution step 78: f(x)= 162.87893008858794
differential_evolution step 79: f(x)= 162.87893008858794
differential_evolution step 80: f(x)= 162.87893008858794
differential_evolution step 81: f(x)= 159.20867841708338
differential_evolution step 82: f(x)= 159.20867841708338
differential_evolution step 83: f(x)= 159.20867841708338
differential_evolution step 84: f(x)= 159.20867841708338
differential_evolution step 85: f(x)= 159.20867841708338
differential_evolution step 86: f(x)= 159.20867841708338
differential_evolution step 87: f(x)= 157.32710807472307
differential_evolution step 88: f(x)= 157.32710807472307
differential_evolution step 89: f(x)= 157.32710807472307
differential_evolution step 90: f(x)= 157.32710807472307
differential_evolution step 91: f(x)= 157.32710807472307
differential_evolution step 92: f(x)= 157.32710807472307
differential_evolution step 93: f(x)= 147.23667470592514
differential_evolution step 94: f(x)= 147.23667470592514
differential_evolution step 95: f(x)= 147.23667470592514
differential_evolution step 96: f(x)= 147.23667470592514
differential_evolution step 97: f(x)= 146.22617282383692
differential_evolution step 98: f(x)= 135.5136048809519
differential_evolution step 99: f(x)= 135.5136048809519
differential_evolution step 100: f(x)= 135.5136048809519
differential_evolution step 101: f(x)= 135.5136048809519
differential_evolution step 102: f(x)= 135.5136048809519
differential_evolution step 103: f(x)= 135.5136048809519
differential_evolution step 104: f(x)= 135.5136048809519
differential_evolution step 105: f(x)= 135.5136048809519
differential_evolution step 106: f(x)= 135.5136048809519
differential_evolution step 107: f(x)= 135.5136048809519
differential_evolution step 108: f(x)= 135.5136048809519
differential_evolution step 109: f(x)= 135.5136048809519
differential_evolution step 110: f(x)= 135.5136048809519
differential_evolution step 111: f(x)= 127.85490721160578
differential_evolution step 112: f(x)= 127.85490721160578
differential_evolution step 113: f(x)= 127.85490721160578
differential_evolution step 114: f(x)= 127.85490721160578
differential_evolution step 115: f(x)= 127.85490721160578
differential_evolution step 116: f(x)= 127.85490721160578
differential_evolution step 117: f(x)= 127.85490721160578
differential_evolution step 118: f(x)= 127.85490721160578
differential_evolution step 119: f(x)= 127.85490721160578
differential_evolution step 120: f(x)= 127.85490721160578
differential_evolution step 121: f(x)= 127.85490721160578
differential_evolution step 122: f(x)= 127.85490721160578
differential_evolution step 123: f(x)= 127.85490721160578
differential_evolution step 124: f(x)= 127.85490721160578
differential_evolution step 125: f(x)= 127.85490721160578
differential_evolution step 126: f(x)= 127.85490721160578
differential_evolution step 127: f(x)= 127.85490721160578
differential_evolution step 128: f(x)= 127.85490721160578
differential_evolution step 129: f(x)= 127.85490721160578
differential_evolution step 130: f(x)= 127.85490721160578
differential_evolution step 131: f(x)= 127.85490721160578
differential_evolution step 132: f(x)= 127.85490721160578
differential_evolution step 133: f(x)= 127.85490721160578
differential_evolution step 134: f(x)= 127.85490721160578
differential_evolution step 135: f(x)= 127.85490721160578
differential_evolution step 136: f(x)= 127.85490721160578
differential_evolution step 137: f(x)= 127.85490721160578
differential_evolution step 138: f(x)= 127.85490721160578
differential_evolution step 139: f(x)= 127.85490721160578
differential_evolution step 140: f(x)= 127.85490721160578
differential_evolution step 141: f(x)= 127.85490721160578
differential_evolution step 142: f(x)= 127.85490721160578
differential_evolution step 143: f(x)= 127.85490721160578
differential_evolution step 144: f(x)= 127.85490721160578
differential_evolution step 145: f(x)= 127.85490721160578
differential_evolution step 146: f(x)= 127.85490721160578
differential_evolution step 147: f(x)= 127.85490721160578
differential_evolution step 148: f(x)= 127.85490721160578
differential_evolution step 149: f(x)= 127.85490721160578
differential_evolution step 150: f(x)= 127.85490721160578
differential_evolution step 151: f(x)= 127.85490721160578
differential_evolution step 152: f(x)= 127.85490721160578
differential_evolution step 153: f(x)= 127.85490721160578
differential_evolution step 154: f(x)= 127.85490721160578
differential_evolution step 155: f(x)= 127.85490721160578
differential_evolution step 156: f(x)= 127.85490721160578
differential_evolution step 157: f(x)= 127.85490721160578
differential_evolution step 158: f(x)= 127.85490721160578
differential_evolution step 159: f(x)= 127.85490721160578
differential_evolution step 160: f(x)= 127.46934928776656
differential_evolution step 161: f(x)= 127.46934928776656
differential_evolution step 162: f(x)= 127.46934928776656
differential_evolution step 163: f(x)= 127.46934928776656
differential_evolution step 164: f(x)= 127.46934928776656
differential_evolution step 165: f(x)= 127.46934928776656
differential_evolution step 166: f(x)= 127.2054980585182
differential_evolution step 167: f(x)= 127.2054980585182
differential_evolution step 168: f(x)= 127.2054980585182
differential_evolution step 169: f(x)= 127.2054980585182
differential_evolution step 170: f(x)= 127.2054980585182
differential_evolution step 171: f(x)= 127.2054980585182
differential_evolution step 172: f(x)= 127.2054980585182
differential_evolution step 173: f(x)= 127.2054980585182
differential_evolution step 174: f(x)= 127.2054980585182
differential_evolution step 175: f(x)= 127.2054980585182
differential_evolution step 176: f(x)= 127.2054980585182
differential_evolution step 177: f(x)= 127.2054980585182
differential_evolution step 178: f(x)= 127.01301671318116
differential_evolution step 179: f(x)= 127.01301671318116
differential_evolution step 180: f(x)= 127.01301671318116
differential_evolution step 181: f(x)= 127.01301671318116
differential_evolution step 182: f(x)= 127.01301671318116
differential_evolution step 183: f(x)= 127.01301671318116
differential_evolution step 184: f(x)= 127.01301671318116
differential_evolution step 185: f(x)= 127.01301671318116
differential_evolution step 186: f(x)= 127.01301671318116
differential_evolution step 187: f(x)= 127.01301671318116
differential_evolution step 188: f(x)= 126.97685864262175
differential_evolution step 189: f(x)= 126.97685864262175
differential_evolution step 190: f(x)= 126.97685864262175
differential_evolution step 191: f(x)= 126.97685864262175
differential_evolution step 192: f(x)= 126.97685864262175
differential_evolution step 193: f(x)= 126.97685864262175
differential_evolution step 194: f(x)= 126.97685864262175
differential_evolution step 195: f(x)= 126.97224352324848
differential_evolution step 196: f(x)= 126.96110206478042
differential_evolution step 197: f(x)= 126.96110206478042
differential_evolution step 198: f(x)= 126.96110206478042
differential_evolution step 199: f(x)= 126.96110206478042
differential_evolution step 200: f(x)= 126.96110206478042
Cluster 5 DE best chi^2: 126.961 with params {'x_src': np.float64(152.41137135279124), 'y_src': np.float64(143.62720983546222), 'z_s': np.float64(2.6187056489277296)}

--- DE Optimization Summary ---
Best fit found for Cluster 0 with chi^2 = 0.024
Best-fit parameters: {'x_src': np.float64(73.89957865418324), 'y_src': np.float64(83.54528721578039), 'z_s': np.float64(3.3130794397084276)}

--- Running MCMC for Cluster 0 (chi_sq=0.024) ---
[MCMC] Process Pool with 16 procs
  0%|          | 0/20000 [00:00<?, ?it/s]  0%|          | 84/20000 [01:40<6:36:12,  1.19s/it]  0%|          | 99/20000 [02:00<6:35:54,  1.19s/it]  1%|          | 152/20000 [03:20<7:24:06,  1.34s/it]  1%|          | 167/20000 [03:40<7:23:46,  1.34s/it]  1%|          | 228/20000 [05:01<7:21:06,  1.34s/it]  1%|          | 240/20000 [05:20<7:20:50,  1.34s/it]  2%|         | 305/20000 [06:42<7:14:46,  1.32s/it]  2%|         | 320/20000 [07:00<7:14:26,  1.32s/it]  2%|         | 387/20000 [08:22<7:00:54,  1.29s/it]  2%|         | 402/20000 [08:40<7:00:35,  1.29s/it]  2%|         | 468/20000 [10:02<6:53:10,  1.27s/it]  2%|         | 482/20000 [10:20<6:52:52,  1.27s/it]  3%|         | 549/20000 [11:43<6:48:47,  1.26s/it]  3%|         | 563/20000 [12:00<6:48:29,  1.26s/it]  3%|         | 632/20000 [13:24<6:41:46,  1.24s/it]  3%|         | 643/20000 [13:40<6:41:33,  1.24s/it]  4%|         | 706/20000 [15:04<6:50:24,  1.28s/it]  4%|         | 719/20000 [15:20<6:50:07,  1.28s/it]  4%|         | 790/20000 [16:44<6:40:33,  1.25s/it]  4%|         | 802/20000 [17:00<6:40:18,  1.25s/it]  4%|         | 878/20000 [18:25<6:27:49,  1.22s/it]  4%|         | 890/20000 [18:40<6:27:34,  1.22s/it]  5%|         | 966/20000 [20:06<6:18:48,  1.19s/it]  5%|         | 976/20000 [20:20<6:18:36,  1.19s/it]  5%|         | 1051/20000 [21:46<6:16:07,  1.19s/it]  5%|         | 1061/20000 [22:00<6:15:55,  1.19s/it]  6%|         | 1133/20000 [23:27<6:18:14,  1.20s/it]  6%|         | 1142/20000 [23:40<6:18:03,  1.20s/it]  6%|         | 1214/20000 [25:07<6:19:35,  1.21s/it]  6%|         | 1224/20000 [25:20<6:19:23,  1.21s/it]  6%|         | 1300/20000 [26:48<6:13:21,  1.20s/it]  7%|         | 1310/20000 [27:00<6:13:09,  1.20s/it]  7%|         | 1389/20000 [28:28<6:04:47,  1.18s/it]  7%|         | 1399/20000 [28:40<6:04:35,  1.18s/it]  7%|         | 1474/20000 [30:09<6:04:07,  1.18s/it]  7%|         | 1481/20000 [30:20<6:03:59,  1.18s/it]  8%|         | 1543/20000 [31:49<6:24:16,  1.25s/it]  8%|         | 1551/20000 [32:00<6:24:06,  1.25s/it]  8%|         | 1623/20000 [33:29<6:22:56,  1.25s/it]  8%|         | 1631/20000 [33:40<6:22:46,  1.25s/it]  8%|         | 1696/20000 [35:10<6:32:42,  1.29s/it]  9%|         | 1708/20000 [35:30<6:32:26,  1.29s/it]  9%|         | 1772/20000 [36:50<6:33:48,  1.30s/it]  9%|         | 1783/20000 [37:10<6:33:34,  1.30s/it]  9%|         | 1842/20000 [38:31<6:43:58,  1.33s/it]  9%|         | 1855/20000 [38:50<6:43:41,  1.33s/it] 10%|         | 1915/20000 [40:11<6:46:09,  1.35s/it] 10%|         | 1930/20000 [40:30<6:45:48,  1.35s/it] 10%|         | 2001/20000 [41:52<6:26:44,  1.29s/it] 10%|         | 2015/20000 [42:10<6:26:26,  1.29s/it] 10%|         | 2075/20000 [43:33<6:31:29,  1.31s/it] 10%|         | 2085/20000 [43:50<6:31:15,  1.31s/it] 11%|         | 2145/20000 [45:14<6:41:19,  1.35s/it] 11%|         | 2157/20000 [45:30<6:41:02,  1.35s/it] 11%|         | 2213/20000 [46:54<6:49:59,  1.38s/it] 11%|         | 2223/20000 [47:10<6:49:46,  1.38s/it] 11%|        | 2284/20000 [48:35<6:51:58,  1.40s/it] 11%|        | 2293/20000 [48:50<6:51:45,  1.40s/it] 12%|        | 2356/20000 [50:16<6:50:29,  1.40s/it] 12%|        | 2368/20000 [50:30<6:50:12,  1.40s/it] 12%|        | 2434/20000 [51:57<6:39:16,  1.36s/it] 12%|        | 2445/20000 [52:10<6:39:01,  1.36s/it] 13%|        | 2514/20000 [53:37<6:27:35,  1.33s/it] 13%|        | 2522/20000 [53:50<6:27:24,  1.33s/it] 13%|        | 2591/20000 [55:19<6:24:29,  1.33s/it] 13%|        | 2599/20000 [55:30<6:24:18,  1.33s/it] 13%|        | 2680/20000 [57:00<6:04:21,  1.26s/it] 13%|        | 2696/20000 [57:20<6:04:01,  1.26s/it] 14%|        | 2768/20000 [58:41<5:52:05,  1.23s/it] 14%|        | 2783/20000 [59:00<5:51:46,  1.23s/it] 14%|        | 2853/20000 [1:00:22<5:46:35,  1.21s/it] 14%|        | 2868/20000 [1:00:40<5:46:17,  1.21s/it] 15%|        | 2941/20000 [1:02:03<5:39:03,  1.19s/it] 15%|        | 2956/20000 [1:02:20<5:38:45,  1.19s/it] 15%|        | 3027/20000 [1:03:43<5:34:58,  1.18s/it] 15%|        | 3037/20000 [1:04:00<5:34:47,  1.18s/it] 15%|        | 3096/20000 [1:05:24<5:53:47,  1.26s/it] 16%|        | 3106/20000 [1:05:40<5:53:35,  1.26s/it] 16%|        | 3170/20000 [1:07:05<6:01:32,  1.29s/it] 16%|        | 3179/20000 [1:07:20<6:01:20,  1.29s/it] 16%|        | 3250/20000 [1:08:45<5:56:38,  1.28s/it] 16%|        | 3263/20000 [1:09:00<5:56:21,  1.28s/it] 17%|        | 3338/20000 [1:10:26<5:42:18,  1.23s/it] 17%|        | 3350/20000 [1:10:40<5:42:04,  1.23s/it] 17%|        | 3414/20000 [1:12:07<5:48:33,  1.26s/it] 17%|        | 3423/20000 [1:12:20<5:48:22,  1.26s/it] 17%|        | 3485/20000 [1:13:47<5:58:45,  1.30s/it] 17%|        | 3496/20000 [1:14:00<5:58:31,  1.30s/it] 18%|        | 3557/20000 [1:15:29<6:05:21,  1.33s/it] 18%|        | 3563/20000 [1:15:40<6:05:13,  1.33s/it] 18%|        | 3636/20000 [1:17:09<5:58:35,  1.31s/it] 18%|        | 3645/20000 [1:17:20<5:58:23,  1.31s/it] 19%|        | 3708/20000 [1:18:49<6:02:56,  1.34s/it] 19%|        | 3714/20000 [1:19:00<6:02:48,  1.34s/it] 19%|        | 3773/20000 [1:20:30<6:17:24,  1.40s/it] 19%|        | 3787/20000 [1:20:50<6:17:04,  1.40s/it] 19%|        | 3841/20000 [1:22:10<6:21:41,  1.42s/it] 19%|        | 3855/20000 [1:22:30<6:21:21,  1.42s/it] 20%|        | 3914/20000 [1:23:52<6:17:22,  1.41s/it] 20%|        | 3928/20000 [1:24:10<6:17:02,  1.41s/it] 20%|        | 3984/20000 [1:25:32<6:18:13,  1.42s/it] 20%|        | 3994/20000 [1:25:50<6:17:59,  1.42s/it] 20%|        | 4054/20000 [1:27:13<6:18:08,  1.42s/it] 20%|        | 4068/20000 [1:27:30<6:17:48,  1.42s/it] 21%|        | 4138/20000 [1:28:53<5:55:46,  1.35s/it] 21%|        | 4152/20000 [1:29:10<5:55:27,  1.35s/it] 21%|        | 4214/20000 [1:30:34<5:52:45,  1.34s/it] 21%|        | 4227/20000 [1:30:50<5:52:28,  1.34s/it] 22%|       | 4300/20000 [1:32:15<5:35:55,  1.28s/it] 22%|       | 4311/20000 [1:32:30<5:35:41,  1.28s/it] 22%|       | 4375/20000 [1:33:55<5:38:31,  1.30s/it] 22%|       | 4387/20000 [1:34:10<5:38:16,  1.30s/it] 22%|       | 4463/20000 [1:35:36<5:23:56,  1.25s/it] 22%|       | 4473/20000 [1:35:50<5:23:43,  1.25s/it] 23%|       | 4528/20000 [1:37:17<5:42:10,  1.33s/it] 23%|       | 4536/20000 [1:37:30<5:42:00,  1.33s/it] 23%|       | 4603/20000 [1:38:57<5:41:17,  1.33s/it] 23%|       | 4612/20000 [1:39:10<5:41:05,  1.33s/it] 23%|       | 4674/20000 [1:40:39<5:46:55,  1.36s/it] 23%|       | 4682/20000 [1:40:50<5:46:44,  1.36s/it] 24%|       | 4756/20000 [1:42:20<5:35:01,  1.32s/it] 24%|       | 4769/20000 [1:42:40<5:34:44,  1.32s/it] 24%|       | 4834/20000 [1:44:00<5:30:46,  1.31s/it] 24%|       | 4851/20000 [1:44:20<5:30:24,  1.31s/it] 25%|       | 4920/20000 [1:45:40<5:17:05,  1.26s/it] 25%|       | 4936/20000 [1:46:00<5:16:45,  1.26s/it] 25%|       | 5004/20000 [1:47:21<5:10:35,  1.24s/it] 25%|       | 5019/20000 [1:47:40<5:10:16,  1.24s/it] 25%|       | 5087/20000 [1:49:01<5:06:02,  1.23s/it] 26%|       | 5101/20000 [1:49:20<5:05:45,  1.23s/it] 26%|       | 5173/20000 [1:50:42<5:00:05,  1.21s/it] 26%|       | 5187/20000 [1:51:00<4:59:48,  1.21s/it] 26%|       | 5259/20000 [1:52:23<4:54:53,  1.20s/it] 26%|       | 5273/20000 [1:52:40<4:54:37,  1.20s/it] 27%|       | 5340/20000 [1:54:03<4:56:11,  1.21s/it] 27%|       | 5352/20000 [1:54:20<4:55:57,  1.21s/it] 27%|       | 5416/20000 [1:55:44<5:02:05,  1.24s/it] 27%|       | 5427/20000 [1:56:00<5:01:51,  1.24s/it] 27%|       | 5498/20000 [1:57:24<4:58:52,  1.24s/it] 28%|       | 5509/20000 [1:57:40<4:58:38,  1.24s/it] 28%|       | 5580/20000 [1:59:05<4:56:40,  1.23s/it] 28%|       | 5592/20000 [1:59:20<4:56:25,  1.23s/it] 28%|       | 5663/20000 [2:00:46<4:54:01,  1.23s/it] 28%|       | 5671/20000 [2:01:00<4:53:51,  1.23s/it] 29%|       | 5732/20000 [2:02:27<5:07:02,  1.29s/it] 29%|       | 5739/20000 [2:02:40<5:06:53,  1.29s/it] 29%|       | 5809/20000 [2:04:07<5:06:09,  1.29s/it] 29%|       | 5820/20000 [2:04:20<5:05:55,  1.29s/it] 29%|       | 5896/20000 [2:05:48<4:53:42,  1.25s/it] 30%|       | 5904/20000 [2:06:00<4:53:32,  1.25s/it] 30%|       | 5959/20000 [2:07:29<5:13:05,  1.34s/it] 30%|       | 5966/20000 [2:07:40<5:12:55,  1.34s/it] 30%|       | 6028/20000 [2:09:09<5:19:19,  1.37s/it] 30%|       | 6036/20000 [2:09:20<5:19:08,  1.37s/it] 30%|       | 6098/20000 [2:10:49<5:21:35,  1.39s/it] 31%|       | 6104/20000 [2:11:00<5:21:27,  1.39s/it] 31%|       | 6164/20000 [2:12:30<5:29:10,  1.43s/it] 31%|       | 6177/20000 [2:12:50<5:28:51,  1.43s/it] 31%|       | 6248/20000 [2:14:11<5:09:43,  1.35s/it] 31%|      | 6265/20000 [2:14:30<5:09:20,  1.35s/it] 32%|      | 6335/20000 [2:15:51<4:52:27,  1.28s/it] 32%|      | 6348/20000 [2:16:10<4:52:10,  1.28s/it] 32%|      | 6405/20000 [2:17:32<5:00:44,  1.33s/it] 32%|      | 6416/20000 [2:17:50<5:00:29,  1.33s/it] 32%|      | 6473/20000 [2:19:13<5:09:40,  1.37s/it] 32%|      | 6482/20000 [2:19:30<5:09:28,  1.37s/it] 33%|      | 6541/20000 [2:20:54<5:14:47,  1.40s/it] 33%|      | 6554/20000 [2:21:10<5:14:29,  1.40s/it] 33%|      | 6613/20000 [2:22:35<5:13:36,  1.41s/it] 33%|      | 6624/20000 [2:22:50<5:13:20,  1.41s/it] 33%|      | 6695/20000 [2:24:17<4:59:18,  1.35s/it] 34%|      | 6703/20000 [2:24:30<4:59:07,  1.35s/it] 34%|      | 6760/20000 [2:25:57<5:09:21,  1.40s/it] 34%|      | 6769/20000 [2:26:10<5:09:09,  1.40s/it] 34%|      | 6834/20000 [2:27:37<5:04:24,  1.39s/it] 34%|      | 6844/20000 [2:27:50<5:04:10,  1.39s/it] 35%|      | 6907/20000 [2:29:18<5:02:15,  1.39s/it] 35%|      | 6916/20000 [2:29:30<5:02:03,  1.39s/it] 35%|      | 6986/20000 [2:30:59<4:53:01,  1.35s/it] 35%|      | 6995/20000 [2:31:10<4:52:49,  1.35s/it] 35%|      | 7055/20000 [2:32:39<4:57:39,  1.38s/it] 35%|      | 7061/20000 [2:32:50<4:57:31,  1.38s/it] 36%|      | 7138/20000 [2:34:20<4:44:37,  1.33s/it] 36%|      | 7151/20000 [2:34:40<4:44:20,  1.33s/it] 36%|      | 7207/20000 [2:36:02<4:51:36,  1.37s/it] 36%|      | 7221/20000 [2:36:20<4:51:17,  1.37s/it] 36%|      | 7294/20000 [2:37:42<4:34:37,  1.30s/it] 37%|      | 7308/20000 [2:38:00<4:34:19,  1.30s/it] 37%|      | 7375/20000 [2:39:23<4:29:24,  1.28s/it] 37%|      | 7385/20000 [2:39:40<4:29:11,  1.28s/it] 37%|      | 7439/20000 [2:41:04<4:43:36,  1.35s/it] 37%|      | 7450/20000 [2:41:20<4:43:21,  1.35s/it] 38%|      | 7520/20000 [2:42:44<4:34:05,  1.32s/it] 38%|      | 7533/20000 [2:43:00<4:33:48,  1.32s/it] 38%|      | 7602/20000 [2:44:24<4:26:11,  1.29s/it] 38%|      | 7613/20000 [2:44:40<4:25:57,  1.29s/it] 38%|      | 7676/20000 [2:46:05<4:28:39,  1.31s/it] 38%|      | 7688/20000 [2:46:20<4:28:23,  1.31s/it] 39%|      | 7752/20000 [2:47:45<4:27:39,  1.31s/it] 39%|      | 7766/20000 [2:48:00<4:27:21,  1.31s/it] 39%|      | 7845/20000 [2:49:25<4:09:17,  1.23s/it] 39%|      | 7857/20000 [2:49:40<4:09:02,  1.23s/it] 40%|      | 7914/20000 [2:51:05<4:19:55,  1.29s/it] 40%|      | 7922/20000 [2:51:20<4:19:45,  1.29s/it] 40%|      | 7982/20000 [2:52:47<4:29:23,  1.34s/it] 40%|      | 7993/20000 [2:53:00<4:29:08,  1.34s/it] 40%|      | 8055/20000 [2:54:28<4:30:03,  1.36s/it] 40%|      | 8064/20000 [2:54:40<4:29:51,  1.36s/it] 41%|      | 8130/20000 [2:56:09<4:28:00,  1.35s/it] 41%|      | 8137/20000 [2:56:20<4:27:51,  1.35s/it] 41%|      | 8202/20000 [2:57:50<4:28:51,  1.37s/it] 41%|      | 8210/20000 [2:58:00<4:28:40,  1.37s/it] 41%|     | 8270/20000 [2:59:30<4:33:08,  1.40s/it] 41%|     | 8283/20000 [2:59:50<4:32:49,  1.40s/it] 42%|     | 8353/20000 [3:01:11<4:19:30,  1.34s/it] 42%|     | 8366/20000 [3:01:30<4:19:12,  1.34s/it] 42%|     | 8425/20000 [3:02:51<4:21:02,  1.35s/it] 42%|     | 8441/20000 [3:03:10<4:20:40,  1.35s/it] 43%|     | 8513/20000 [3:04:31<4:05:14,  1.28s/it] 43%|     | 8526/20000 [3:04:50<4:04:58,  1.28s/it] 43%|     | 8583/20000 [3:06:12<4:11:57,  1.32s/it] 43%|     | 8596/20000 [3:06:30<4:11:40,  1.32s/it] 43%|     | 8671/20000 [3:07:52<3:58:36,  1.26s/it] 43%|     | 8686/20000 [3:08:10<3:58:17,  1.26s/it] 44%|     | 8755/20000 [3:09:32<3:52:45,  1.24s/it] 44%|     | 8766/20000 [3:09:50<3:52:31,  1.24s/it] 44%|     | 8822/20000 [3:11:13<4:03:44,  1.31s/it] 44%|     | 8835/20000 [3:11:30<4:03:27,  1.31s/it] 45%|     | 8907/20000 [3:12:54<3:54:46,  1.27s/it] 45%|     | 8919/20000 [3:13:10<3:54:31,  1.27s/it] 45%|     | 8983/20000 [3:14:34<3:56:04,  1.29s/it] 45%|     | 8994/20000 [3:14:50<3:55:50,  1.29s/it] 45%|     | 9059/20000 [3:16:15<3:56:26,  1.30s/it] 45%|     | 9070/20000 [3:16:30<3:56:12,  1.30s/it] 46%|     | 9145/20000 [3:17:56<3:47:25,  1.26s/it] 46%|     | 9156/20000 [3:18:10<3:47:11,  1.26s/it] 46%|     | 9222/20000 [3:19:36<3:48:24,  1.27s/it] 46%|     | 9231/20000 [3:19:50<3:48:13,  1.27s/it] 46%|     | 9298/20000 [3:21:17<3:49:13,  1.29s/it] 47%|     | 9308/20000 [3:21:30<3:49:00,  1.29s/it] 47%|     | 9368/20000 [3:22:58<3:55:36,  1.33s/it] 47%|     | 9377/20000 [3:23:10<3:55:24,  1.33s/it] 47%|     | 9438/20000 [3:24:39<3:59:46,  1.36s/it] 47%|     | 9446/20000 [3:24:50<3:59:35,  1.36s/it] 48%|     | 9520/20000 [3:26:20<3:50:24,  1.32s/it] 48%|     | 9528/20000 [3:26:30<3:50:13,  1.32s/it] 48%|     | 9608/20000 [3:28:00<3:38:05,  1.26s/it] 48%|     | 9625/20000 [3:28:20<3:37:43,  1.26s/it] 48%|     | 9688/20000 [3:29:41<3:36:40,  1.26s/it] 48%|     | 9700/20000 [3:30:00<3:36:25,  1.26s/it] 49%|     | 9763/20000 [3:31:22<3:39:25,  1.29s/it] 49%|     | 9778/20000 [3:31:40<3:39:06,  1.29s/it] 49%|     | 9852/20000 [3:33:02<3:28:37,  1.23s/it] 49%|     | 9866/20000 [3:33:20<3:28:20,  1.23s/it] 50%|     | 9927/20000 [3:34:43<3:32:02,  1.26s/it] 50%|     | 9940/20000 [3:35:00<3:31:45,  1.26s/it] 50%|     | 10012/20000 [3:36:23<3:26:09,  1.24s/it] 50%|     | 10026/20000 [3:36:40<3:25:52,  1.24s/it] 50%|     | 10088/20000 [3:38:03<3:28:16,  1.26s/it] 50%|     | 10098/20000 [3:38:20<3:28:03,  1.26s/it] 51%|     | 10151/20000 [3:39:45<3:41:18,  1.35s/it] 51%|     | 10160/20000 [3:40:00<3:41:06,  1.35s/it] 51%|     | 10218/20000 [3:41:25<3:46:45,  1.39s/it] 51%|     | 10229/20000 [3:41:40<3:46:30,  1.39s/it] 51%|    | 10286/20000 [3:43:06<3:49:20,  1.42s/it] 51%|    | 10297/20000 [3:43:20<3:49:05,  1.42s/it] 52%|    | 10356/20000 [3:44:47<3:49:05,  1.43s/it] 52%|    | 10364/20000 [3:45:00<3:48:54,  1.43s/it] 52%|    | 10427/20000 [3:46:28<3:47:25,  1.43s/it] 52%|    | 10434/20000 [3:46:40<3:47:15,  1.43s/it] 53%|    | 10501/20000 [3:48:09<3:42:19,  1.40s/it] 53%|    | 10508/20000 [3:48:20<3:42:10,  1.40s/it] 53%|    | 10577/20000 [3:49:50<3:37:14,  1.38s/it] 53%|    | 10593/20000 [3:50:10<3:36:52,  1.38s/it] 53%|    | 10661/20000 [3:51:32<3:26:07,  1.32s/it] 53%|    | 10674/20000 [3:51:50<3:25:50,  1.32s/it] 54%|    | 10730/20000 [3:53:12<3:30:30,  1.36s/it] 54%|    | 10743/20000 [3:53:30<3:30:12,  1.36s/it] 54%|    | 10797/20000 [3:54:54<3:35:33,  1.41s/it] 54%|    | 10807/20000 [3:55:10<3:35:19,  1.41s/it] 54%|    | 10865/20000 [3:56:35<3:37:36,  1.43s/it] 54%|    | 10878/20000 [3:56:50<3:37:17,  1.43s/it] 55%|    | 10951/20000 [3:58:16<3:22:20,  1.34s/it] 55%|    | 10961/20000 [3:58:30<3:22:07,  1.34s/it] 55%|    | 11028/20000 [3:59:57<3:19:11,  1.33s/it] 55%|    | 11039/20000 [4:00:10<3:18:56,  1.33s/it] 56%|    | 11116/20000 [4:01:38<3:08:06,  1.27s/it] 56%|    | 11125/20000 [4:01:50<3:07:55,  1.27s/it] 56%|    | 11197/20000 [4:03:19<3:05:29,  1.26s/it] 56%|    | 11207/20000 [4:03:30<3:05:16,  1.26s/it] 56%|    | 11276/20000 [4:05:00<3:04:21,  1.27s/it] 56%|    | 11288/20000 [4:05:20<3:04:05,  1.27s/it] 57%|    | 11347/20000 [4:06:40<3:08:42,  1.31s/it] 57%|    | 11361/20000 [4:07:00<3:08:24,  1.31s/it] 57%|    | 11418/20000 [4:08:20<3:11:13,  1.34s/it] 57%|    | 11430/20000 [4:08:40<3:10:57,  1.34s/it] 58%|    | 11505/20000 [4:10:01<3:00:55,  1.28s/it] 58%|    | 11520/20000 [4:10:20<3:00:35,  1.28s/it] 58%|    | 11585/20000 [4:11:42<2:58:29,  1.27s/it] 58%|    | 11598/20000 [4:12:00<2:58:13,  1.27s/it] 58%|    | 11658/20000 [4:13:23<3:01:05,  1.30s/it] 58%|    | 11671/20000 [4:13:40<3:00:48,  1.30s/it] 59%|    | 11736/20000 [4:15:04<2:59:09,  1.30s/it] 59%|    | 11749/20000 [4:15:20<2:58:52,  1.30s/it] 59%|    | 11807/20000 [4:16:45<3:02:11,  1.33s/it] 59%|    | 11818/20000 [4:17:00<3:01:56,  1.33s/it] 59%|    | 11878/20000 [4:18:26<3:04:02,  1.36s/it] 59%|    | 11887/20000 [4:18:40<3:03:50,  1.36s/it] 60%|    | 11944/20000 [4:20:07<3:08:58,  1.41s/it] 60%|    | 11952/20000 [4:20:20<3:08:47,  1.41s/it] 60%|    | 12015/20000 [4:21:47<3:07:39,  1.41s/it] 60%|    | 12024/20000 [4:22:00<3:07:26,  1.41s/it] 60%|    | 12085/20000 [4:23:28<3:06:54,  1.42s/it] 60%|    | 12095/20000 [4:23:40<3:06:40,  1.42s/it] 61%|    | 12158/20000 [4:25:09<3:03:58,  1.41s/it] 61%|    | 12164/20000 [4:25:20<3:03:49,  1.41s/it] 61%|    | 12223/20000 [4:26:49<3:07:27,  1.45s/it] 61%|    | 12229/20000 [4:27:00<3:07:19,  1.45s/it] 61%|   | 12292/20000 [4:28:30<3:06:17,  1.45s/it] 62%|   | 12307/20000 [4:28:50<3:05:55,  1.45s/it] 62%|   | 12370/20000 [4:30:10<2:57:35,  1.40s/it] 62%|   | 12383/20000 [4:30:30<2:57:17,  1.40s/it] 62%|   | 12439/20000 [4:31:50<2:57:56,  1.41s/it] 62%|   | 12452/20000 [4:32:10<2:57:38,  1.41s/it] 63%|   | 12505/20000 [4:33:31<3:00:13,  1.44s/it] 63%|   | 12517/20000 [4:33:50<2:59:56,  1.44s/it] 63%|   | 12584/20000 [4:35:12<2:51:48,  1.39s/it] 63%|   | 12595/20000 [4:35:30<2:51:32,  1.39s/it] 63%|   | 12649/20000 [4:36:53<2:55:45,  1.43s/it] 63%|   | 12660/20000 [4:37:10<2:55:29,  1.43s/it] 64%|   | 12730/20000 [4:38:33<2:46:03,  1.37s/it] 64%|   | 12743/20000 [4:38:50<2:45:45,  1.37s/it] 64%|   | 12814/20000 [4:40:14<2:37:26,  1.31s/it] 64%|   | 12825/20000 [4:40:30<2:37:12,  1.31s/it] 64%|   | 12899/20000 [4:41:55<2:30:43,  1.27s/it] 65%|   | 12911/20000 [4:42:10<2:30:28,  1.27s/it] 65%|   | 12974/20000 [4:43:36<2:31:39,  1.30s/it] 65%|   | 12982/20000 [4:43:50<2:31:28,  1.30s/it] 65%|   | 13040/20000 [4:45:17<2:37:24,  1.36s/it] 65%|   | 13050/20000 [4:45:30<2:37:10,  1.36s/it] 66%|   | 13119/20000 [4:46:57<2:32:22,  1.33s/it] 66%|   | 13129/20000 [4:47:10<2:32:09,  1.33s/it] 66%|   | 13209/20000 [4:48:38<2:22:21,  1.26s/it] 66%|   | 13219/20000 [4:48:50<2:22:08,  1.26s/it] 66%|   | 13281/20000 [4:50:18<2:25:14,  1.30s/it] 66%|   | 13288/20000 [4:50:30<2:25:05,  1.30s/it] 67%|   | 13350/20000 [4:51:59<2:28:37,  1.34s/it] 67%|   | 13357/20000 [4:52:10<2:28:27,  1.34s/it] 67%|   | 13426/20000 [4:53:40<2:26:34,  1.34s/it] 67%|   | 13433/20000 [4:53:50<2:26:24,  1.34s/it] 67%|   | 13492/20000 [4:55:21<2:30:45,  1.39s/it] 68%|   | 13505/20000 [4:55:40<2:30:27,  1.39s/it] 68%|   | 13566/20000 [4:57:01<2:27:59,  1.38s/it] 68%|   | 13581/20000 [4:57:20<2:27:38,  1.38s/it] 68%|   | 13648/20000 [4:58:42<2:20:47,  1.33s/it] 68%|   | 13663/20000 [4:59:00<2:20:27,  1.33s/it] 69%|   | 13721/20000 [5:00:23<2:20:56,  1.35s/it] 69%|   | 13733/20000 [5:00:40<2:20:40,  1.35s/it] 69%|   | 13802/20000 [5:02:04<2:15:46,  1.31s/it] 69%|   | 13815/20000 [5:02:20<2:15:29,  1.31s/it] 69%|   | 13886/20000 [5:03:44<2:09:55,  1.28s/it] 69%|   | 13896/20000 [5:04:00<2:09:42,  1.28s/it] 70%|   | 13959/20000 [5:05:24<2:11:12,  1.30s/it] 70%|   | 13968/20000 [5:05:40<2:11:00,  1.30s/it] 70%|   | 14045/20000 [5:07:05<2:05:12,  1.26s/it] 70%|   | 14056/20000 [5:07:20<2:04:58,  1.26s/it] 71%|   | 14126/20000 [5:08:46<2:02:56,  1.26s/it] 71%|   | 14136/20000 [5:09:00<2:02:43,  1.26s/it] 71%|   | 14205/20000 [5:10:27<2:01:56,  1.26s/it] 71%|   | 14213/20000 [5:10:40<2:01:46,  1.26s/it] 71%|  | 14280/20000 [5:12:08<2:02:36,  1.29s/it] 71%|  | 14290/20000 [5:12:20<2:02:23,  1.29s/it] 72%|  | 14363/20000 [5:13:49<1:58:45,  1.26s/it] 72%|  | 14372/20000 [5:14:00<1:58:34,  1.26s/it] 72%|  | 14451/20000 [5:15:29<1:53:21,  1.23s/it] 72%|  | 14460/20000 [5:15:40<1:53:10,  1.23s/it] 73%|  | 14530/20000 [5:17:10<1:52:55,  1.24s/it] 73%|  | 14538/20000 [5:17:20<1:52:45,  1.24s/it] 73%|  | 14612/20000 [5:18:50<1:50:43,  1.23s/it] 73%|  | 14618/20000 [5:19:00<1:50:36,  1.23s/it] 73%|  | 14692/20000 [5:20:31<1:49:51,  1.24s/it] 74%|  | 14707/20000 [5:20:50<1:49:33,  1.24s/it] 74%|  | 14775/20000 [5:22:11<1:47:22,  1.23s/it] 74%|  | 14788/20000 [5:22:30<1:47:06,  1.23s/it] 74%|  | 14845/20000 [5:23:52<1:50:44,  1.29s/it] 74%|  | 14857/20000 [5:24:10<1:50:28,  1.29s/it] 75%|  | 14926/20000 [5:25:33<1:47:45,  1.27s/it] 75%|  | 14939/20000 [5:25:50<1:47:29,  1.27s/it] 75%|  | 15010/20000 [5:27:14<1:44:08,  1.25s/it] 75%|  | 15023/20000 [5:27:30<1:43:52,  1.25s/it] 75%|  | 15092/20000 [5:28:54<1:41:43,  1.24s/it] 76%|  | 15106/20000 [5:29:10<1:41:26,  1.24s/it] 76%|  | 15178/20000 [5:30:35<1:38:04,  1.22s/it] 76%|  | 15191/20000 [5:30:50<1:37:48,  1.22s/it] 76%|  | 15266/20000 [5:32:16<1:34:33,  1.20s/it] 76%|  | 15278/20000 [5:32:30<1:34:18,  1.20s/it] 77%|  | 15358/20000 [5:33:57<1:30:13,  1.17s/it] 77%|  | 15368/20000 [5:34:10<1:30:01,  1.17s/it] 77%|  | 15439/20000 [5:35:38<1:30:23,  1.19s/it] 77%|  | 15449/20000 [5:35:50<1:30:11,  1.19s/it] 78%|  | 15526/20000 [5:37:18<1:27:49,  1.18s/it] 78%|  | 15536/20000 [5:37:30<1:27:37,  1.18s/it] 78%|  | 15609/20000 [5:38:59<1:26:52,  1.19s/it] 78%|  | 15618/20000 [5:39:10<1:26:42,  1.19s/it] 78%|  | 15696/20000 [5:40:39<1:24:20,  1.18s/it] 79%|  | 15704/20000 [5:40:50<1:24:10,  1.18s/it] 79%|  | 15783/20000 [5:42:19<1:22:05,  1.17s/it] 79%|  | 15791/20000 [5:42:30<1:21:56,  1.17s/it] 79%|  | 15863/20000 [5:43:59<1:22:10,  1.19s/it] 79%|  | 15872/20000 [5:44:10<1:21:59,  1.19s/it] 80%|  | 15944/20000 [5:45:40<1:21:38,  1.21s/it] 80%|  | 15951/20000 [5:45:50<1:21:30,  1.21s/it] 80%|  | 16027/20000 [5:47:20<1:20:01,  1.21s/it] 80%|  | 16043/20000 [5:47:40<1:19:41,  1.21s/it] 81%|  | 16108/20000 [5:49:01<1:19:05,  1.22s/it] 81%|  | 16121/20000 [5:49:20<1:18:49,  1.22s/it] 81%|  | 16186/20000 [5:50:41<1:18:42,  1.24s/it] 81%|  | 16200/20000 [5:51:00<1:18:25,  1.24s/it] 81%| | 16270/20000 [5:52:22<1:16:10,  1.23s/it] 81%| | 16286/20000 [5:52:40<1:15:50,  1.23s/it] 82%| | 16348/20000 [5:54:02<1:15:38,  1.24s/it] 82%| | 16363/20000 [5:54:20<1:15:20,  1.24s/it] 82%| | 16417/20000 [5:55:42<1:17:32,  1.30s/it] 82%| | 16429/20000 [5:56:00<1:17:16,  1.30s/it] 82%| | 16496/20000 [5:57:23<1:15:22,  1.29s/it] 83%| | 16511/20000 [5:57:40<1:15:03,  1.29s/it] 83%| | 16581/20000 [5:59:03<1:11:30,  1.25s/it] 83%| | 16594/20000 [5:59:20<1:11:14,  1.25s/it] 83%| | 16664/20000 [6:00:44<1:09:04,  1.24s/it] 83%| | 16678/20000 [6:01:00<1:08:46,  1.24s/it] 84%| | 16755/20000 [6:02:24<1:04:43,  1.20s/it] 84%| | 16768/20000 [6:02:40<1:04:27,  1.20s/it] 84%| | 16831/20000 [6:04:05<1:05:12,  1.23s/it] 84%| | 16842/20000 [6:04:20<1:04:59,  1.23s/it] 85%| | 16911/20000 [6:05:46<1:03:54,  1.24s/it] 85%| | 16923/20000 [6:06:00<1:03:39,  1.24s/it] 85%| | 16995/20000 [6:07:26<1:01:26,  1.23s/it] 85%| | 17005/20000 [6:07:40<1:01:13,  1.23s/it] 85%| | 17077/20000 [6:09:06<59:42,  1.23s/it]   85%| | 17087/20000 [6:09:20<59:30,  1.23s/it] 86%| | 17159/20000 [6:10:48<58:08,  1.23s/it] 86%| | 17167/20000 [6:11:00<57:58,  1.23s/it] 86%| | 17234/20000 [6:12:28<58:08,  1.26s/it] 86%| | 17241/20000 [6:12:40<57:59,  1.26s/it] 87%| | 17308/20000 [6:14:09<57:44,  1.29s/it] 87%| | 17317/20000 [6:14:20<57:33,  1.29s/it] 87%| | 17389/20000 [6:15:49<55:24,  1.27s/it] 87%| | 17397/20000 [6:16:00<55:13,  1.27s/it] 87%| | 17465/20000 [6:17:29<54:19,  1.29s/it] 87%| | 17476/20000 [6:17:40<54:05,  1.29s/it] 88%| | 17563/20000 [6:19:09<48:30,  1.19s/it] 88%| | 17572/20000 [6:19:20<48:19,  1.19s/it] 88%| | 17658/20000 [6:20:50<44:53,  1.15s/it] 88%| | 17678/20000 [6:21:10<44:30,  1.15s/it] 89%| | 17756/20000 [6:22:30<41:27,  1.11s/it] 89%| | 17772/20000 [6:22:50<41:09,  1.11s/it] 89%| | 17827/20000 [6:24:11<42:57,  1.19s/it] 89%| | 17839/20000 [6:24:30<42:42,  1.19s/it] 89%| | 17894/20000 [6:25:51<44:26,  1.27s/it] 90%| | 17905/20000 [6:26:10<44:12,  1.27s/it] 90%| | 17964/20000 [6:27:32<44:35,  1.31s/it] 90%| | 17977/20000 [6:27:50<44:18,  1.31s/it] 90%| | 18048/20000 [6:29:13<41:34,  1.28s/it] 90%| | 18063/20000 [6:29:30<41:15,  1.28s/it] 91%| | 18138/20000 [6:30:54<38:03,  1.23s/it] 91%| | 18150/20000 [6:31:10<37:48,  1.23s/it] 91%| | 18210/20000 [6:32:35<37:57,  1.27s/it] 91%| | 18220/20000 [6:32:50<37:44,  1.27s/it] 91%|| 18280/20000 [6:34:16<37:49,  1.32s/it] 91%|| 18288/20000 [6:34:30<37:38,  1.32s/it] 92%|| 18357/20000 [6:35:56<36:00,  1.31s/it] 92%|| 18369/20000 [6:36:10<35:44,  1.31s/it] 92%|| 18450/20000 [6:37:36<31:51,  1.23s/it] 92%|| 18463/20000 [6:37:50<31:35,  1.23s/it] 93%|| 18523/20000 [6:39:17<31:21,  1.27s/it] 93%|| 18532/20000 [6:39:30<31:09,  1.27s/it] 93%|| 18595/20000 [6:40:58<30:40,  1.31s/it] 93%|| 18604/20000 [6:41:10<30:28,  1.31s/it] 93%|| 18660/20000 [6:42:39<30:42,  1.37s/it] 93%|| 18669/20000 [6:42:50<30:29,  1.37s/it] 94%|| 18748/20000 [6:44:19<27:00,  1.29s/it] 94%|| 18756/20000 [6:44:30<26:50,  1.29s/it] 94%|| 18832/20000 [6:46:00<24:38,  1.27s/it] 94%|| 18840/20000 [6:46:10<24:28,  1.27s/it] 95%|| 18908/20000 [6:47:41<23:20,  1.28s/it] 95%|| 18923/20000 [6:48:00<23:01,  1.28s/it] 95%|| 18993/20000 [6:49:21<20:59,  1.25s/it] 95%|| 19007/20000 [6:49:40<20:42,  1.25s/it] 95%|| 19066/20000 [6:51:01<19:59,  1.28s/it] 95%|| 19078/20000 [6:51:20<19:44,  1.28s/it] 96%|| 19136/20000 [6:52:42<19:06,  1.33s/it] 96%|| 19148/20000 [6:53:00<18:50,  1.33s/it] 96%|| 19216/20000 [6:54:23<17:04,  1.31s/it] 96%|| 19233/20000 [6:54:40<16:42,  1.31s/it] 97%|| 19323/20000 [6:56:04<13:12,  1.17s/it] 97%|| 19340/20000 [6:56:20<12:52,  1.17s/it] 97%|| 19427/20000 [6:57:44<10:30,  1.10s/it] 97%|| 19443/20000 [6:58:00<10:12,  1.10s/it] 98%|| 19534/20000 [6:59:24<08:07,  1.05s/it] 98%|| 19549/20000 [6:59:40<07:51,  1.05s/it] 98%|| 19640/20000 [7:01:05<06:05,  1.02s/it] 98%|| 19655/20000 [7:01:20<05:50,  1.02s/it] 99%|| 19724/20000 [7:02:46<04:53,  1.06s/it] 99%|| 19734/20000 [7:03:00<04:42,  1.06s/it] 99%|| 19798/20000 [7:04:27<03:50,  1.14s/it] 99%|| 19806/20000 [7:04:40<03:41,  1.14s/it] 99%|| 19875/20000 [7:06:08<02:28,  1.19s/it] 99%|| 19884/20000 [7:06:20<02:17,  1.19s/it]100%|| 19949/20000 [7:07:49<01:02,  1.23s/it]100%|| 19958/20000 [7:08:00<00:51,  1.23s/it]100%|| 20000/20000 [7:08:56<00:00,  1.29s/it]

Analysis complete. Found 1 cluster(s) meeting the MCMC criterion.
Accepted cluster indices: [0]

--- Processing Final Results for Cluster 0 ---
--- MCMC Parameter Constraints for Cluster 0 ---
  x_src = 73.895 +0.053 / -0.043
  y_src = 83.537 +0.148 / -0.132
    z_s = 3.316 +0.148 / -0.128
Saving localization results for Cluster 0...
Processing results for Cluster 0...
-> Saved 340000 samples to /users/hiu-yeung.cheng/clusterlensing/out/row6/test_tidy_row6/cluster_0_posterior.npz
Updated CSV row 6 with result for cluster 0.
Loading data from /users/hiu-yeung.cheng/clusterlensing/out/row6/test_tidy_row6/cluster_0_posterior.npz...

Generating corner plot...
-> Corner plot saved to /users/hiu-yeung.cheng/clusterlensing/out/row6/test_tidy_row6/cluster_0_corner_from_saved.png

Generating trace plot...
-> Trace plot saved to /users/hiu-yeung.cheng/clusterlensing/out/row6/test_tidy_row6/cluster_0_trace.png
