Row=7 OUT_DIR=/users/hiu-yeung.cheng/clusterlensing/out/row7 DE_PROCS=16 MCMC_PROCS=16
Setup complete. Lensing system initialized.
True time delays: [    0.          2926.51966519  9207.40022145 10312.01967314
 10566.14586344]
True luminosity distances: 28952.29916106647
Lensed luminosity distances: [   9550.08523085    5551.15723944    8164.58255432   14612.00320388
 3773171.98173096]

Running the full analysis pipeline...
--- Running DE for Cluster 0 ---
[DE] Process Pool with 16 procs (init=latinhypercube, popsize=50)
differential_evolution step 1: f(x)= 3000.0
differential_evolution step 2: f(x)= 1631.689586711987
differential_evolution step 3: f(x)= 1631.689586711987
differential_evolution step 4: f(x)= 1631.689586711987
differential_evolution step 5: f(x)= 1631.689586711987
differential_evolution step 6: f(x)= 579.0928163749278
differential_evolution step 7: f(x)= 579.0928163749278
differential_evolution step 8: f(x)= 579.0928163749278
differential_evolution step 9: f(x)= 244.8880801417028
differential_evolution step 10: f(x)= 244.8880801417028
differential_evolution step 11: f(x)= 244.8880801417028
differential_evolution step 12: f(x)= 244.8880801417028
differential_evolution step 13: f(x)= 244.8880801417028
differential_evolution step 14: f(x)= 244.8880801417028
differential_evolution step 15: f(x)= 244.8880801417028
differential_evolution step 16: f(x)= 244.8880801417028
differential_evolution step 17: f(x)= 244.8880801417028
differential_evolution step 18: f(x)= 196.9238276694675
differential_evolution step 19: f(x)= 196.9238276694675
differential_evolution step 20: f(x)= 196.9238276694675
differential_evolution step 21: f(x)= 196.9238276694675
differential_evolution step 22: f(x)= 196.9238276694675
differential_evolution step 23: f(x)= 196.9238276694675
differential_evolution step 24: f(x)= 196.9238276694675
differential_evolution step 25: f(x)= 196.9238276694675
differential_evolution step 26: f(x)= 168.6061835264566
differential_evolution step 27: f(x)= 168.6061835264566
differential_evolution step 28: f(x)= 150.96253843837425
differential_evolution step 29: f(x)= 150.96253843837425
differential_evolution step 30: f(x)= 122.96513569132566
differential_evolution step 31: f(x)= 122.96513569132566
differential_evolution step 32: f(x)= 62.3052143227776
differential_evolution step 33: f(x)= 62.3052143227776
differential_evolution step 34: f(x)= 34.81016757888033
differential_evolution step 35: f(x)= 34.81016757888033
differential_evolution step 36: f(x)= 34.81016757888033
differential_evolution step 37: f(x)= 34.81016757888033
differential_evolution step 38: f(x)= 34.81016757888033
differential_evolution step 39: f(x)= 34.81016757888033
differential_evolution step 40: f(x)= 34.81016757888033
differential_evolution step 41: f(x)= 5.054201858403658
differential_evolution step 42: f(x)= 5.054201858403658
differential_evolution step 43: f(x)= 5.054201858403658
differential_evolution step 44: f(x)= 5.054201858403658
differential_evolution step 45: f(x)= 5.054201858403658
differential_evolution step 46: f(x)= 5.054201858403658
differential_evolution step 47: f(x)= 5.054201858403658
differential_evolution step 48: f(x)= 5.054201858403658
differential_evolution step 49: f(x)= 5.054201858403658
differential_evolution step 50: f(x)= 5.054201858403658
differential_evolution step 51: f(x)= 5.054201858403658
differential_evolution step 52: f(x)= 5.054201858403658
differential_evolution step 53: f(x)= 5.054201858403658
differential_evolution step 54: f(x)= 5.054201858403658
differential_evolution step 55: f(x)= 5.054201858403658
differential_evolution step 56: f(x)= 2.5232307593204926
differential_evolution step 57: f(x)= 2.5232307593204926
differential_evolution step 58: f(x)= 2.5232307593204926
differential_evolution step 59: f(x)= 2.5232307593204926
differential_evolution step 60: f(x)= 2.5232307593204926
differential_evolution step 61: f(x)= 2.5232307593204926
differential_evolution step 62: f(x)= 2.5232307593204926
differential_evolution step 63: f(x)= 2.5232307593204926
differential_evolution step 64: f(x)= 2.5232307593204926
differential_evolution step 65: f(x)= 1.659188166649455
differential_evolution step 66: f(x)= 1.659188166649455
differential_evolution step 67: f(x)= 1.659188166649455
differential_evolution step 68: f(x)= 1.659188166649455
differential_evolution step 69: f(x)= 0.8071608243621169
differential_evolution step 70: f(x)= 0.8071608243621169
differential_evolution step 71: f(x)= 0.8071608243621169
differential_evolution step 72: f(x)= 0.8071608243621169
differential_evolution step 73: f(x)= 0.8071608243621169
differential_evolution step 74: f(x)= 0.5710749142490944
differential_evolution step 75: f(x)= 0.5710749142490944
differential_evolution step 76: f(x)= 0.5710749142490944
differential_evolution step 77: f(x)= 0.5710749142490944
differential_evolution step 78: f(x)= 0.5710749142490944
differential_evolution step 79: f(x)= 0.5710749142490944
differential_evolution step 80: f(x)= 0.4309098706807635
differential_evolution step 81: f(x)= 0.3634851535666018
differential_evolution step 82: f(x)= 0.14177331650221997
differential_evolution step 83: f(x)= 0.14177331650221997
differential_evolution step 84: f(x)= 0.07868157227382135
differential_evolution step 85: f(x)= 0.07868157227382135
differential_evolution step 86: f(x)= 0.07868157227382135
differential_evolution step 87: f(x)= 0.06578601706517431
differential_evolution step 88: f(x)= 0.06578601706517431
differential_evolution step 89: f(x)= 0.06578601706517431
differential_evolution step 90: f(x)= 0.06578601706517431
differential_evolution step 91: f(x)= 0.025674781257103076
Cluster 0 DE best chi^2: 0.026 with params {'x_src': np.float64(78.05928304521363), 'y_src': np.float64(80.52429274265428), 'z_s': np.float64(3.3411225774474347)}
--- Running DE for Cluster 1 ---
[DE] Process Pool with 16 procs (init=latinhypercube, popsize=50)
differential_evolution step 1: f(x)= 3000.0
differential_evolution step 2: f(x)= 3000.0
differential_evolution step 3: f(x)= 3000.0
differential_evolution step 4: f(x)= 3000.0
differential_evolution step 5: f(x)= 3000.0
differential_evolution step 6: f(x)= 2248.39266244103
differential_evolution step 7: f(x)= 2248.39266244103
differential_evolution step 8: f(x)= 697.8812930704034
differential_evolution step 9: f(x)= 697.8812930704034
differential_evolution step 10: f(x)= 697.8812930704034
differential_evolution step 11: f(x)= 697.8812930704034
differential_evolution step 12: f(x)= 697.8812930704034
differential_evolution step 13: f(x)= 697.8812930704034
differential_evolution step 14: f(x)= 697.8812930704034
differential_evolution step 15: f(x)= 407.1736889473884
differential_evolution step 16: f(x)= 407.1736889473884
differential_evolution step 17: f(x)= 407.1736889473884
differential_evolution step 18: f(x)= 407.1736889473884
differential_evolution step 19: f(x)= 407.1736889473884
differential_evolution step 20: f(x)= 407.1736889473884
differential_evolution step 21: f(x)= 407.1736889473884
differential_evolution step 22: f(x)= 407.1736889473884
differential_evolution step 23: f(x)= 389.4394905905285
differential_evolution step 24: f(x)= 389.4394905905285
differential_evolution step 25: f(x)= 367.6246685375263
differential_evolution step 26: f(x)= 367.6246685375263
differential_evolution step 27: f(x)= 367.6246685375263
differential_evolution step 28: f(x)= 367.6246685375263
differential_evolution step 29: f(x)= 367.6246685375263
differential_evolution step 30: f(x)= 342.869169222496
differential_evolution step 31: f(x)= 342.869169222496
differential_evolution step 32: f(x)= 342.869169222496
differential_evolution step 33: f(x)= 342.869169222496
differential_evolution step 34: f(x)= 342.869169222496
differential_evolution step 35: f(x)= 342.869169222496
differential_evolution step 36: f(x)= 342.869169222496
differential_evolution step 37: f(x)= 342.869169222496
differential_evolution step 38: f(x)= 338.82043587512425
differential_evolution step 39: f(x)= 338.82043587512425
differential_evolution step 40: f(x)= 338.82043587512425
differential_evolution step 41: f(x)= 338.82043587512425
differential_evolution step 42: f(x)= 338.82043587512425
differential_evolution step 43: f(x)= 338.82043587512425
differential_evolution step 44: f(x)= 337.3987679527832
differential_evolution step 45: f(x)= 337.3987679527832
differential_evolution step 46: f(x)= 337.3987679527832
differential_evolution step 47: f(x)= 334.9971045744319
differential_evolution step 48: f(x)= 332.7887644691448
differential_evolution step 49: f(x)= 330.4183801544076
differential_evolution step 50: f(x)= 330.4183801544076
differential_evolution step 51: f(x)= 327.2795604094564
differential_evolution step 52: f(x)= 327.2795604094564
differential_evolution step 53: f(x)= 327.2795604094564
differential_evolution step 54: f(x)= 327.2795604094564
differential_evolution step 55: f(x)= 327.2795604094564
differential_evolution step 56: f(x)= 327.2795604094564
differential_evolution step 57: f(x)= 327.2795604094564
differential_evolution step 58: f(x)= 327.2795604094564
differential_evolution step 59: f(x)= 327.2795604094564
differential_evolution step 60: f(x)= 327.2795604094564
differential_evolution step 61: f(x)= 327.2795604094564
differential_evolution step 62: f(x)= 327.2795604094564
differential_evolution step 63: f(x)= 327.1456098274672
differential_evolution step 64: f(x)= 326.16103684765085
differential_evolution step 65: f(x)= 326.16103684765085
differential_evolution step 66: f(x)= 326.16103684765085
differential_evolution step 67: f(x)= 326.16103684765085
differential_evolution step 68: f(x)= 326.16103684765085
differential_evolution step 69: f(x)= 326.16103684765085
differential_evolution step 70: f(x)= 326.16103684765085
differential_evolution step 71: f(x)= 326.16103684765085
differential_evolution step 72: f(x)= 326.0519478042395
differential_evolution step 73: f(x)= 326.0519478042395
differential_evolution step 74: f(x)= 325.9407725829632
differential_evolution step 75: f(x)= 325.9407725829632
differential_evolution step 76: f(x)= 325.9407725829632
differential_evolution step 77: f(x)= 325.9407725829632
differential_evolution step 78: f(x)= 325.9407725829632
differential_evolution step 79: f(x)= 325.9407725829632
differential_evolution step 80: f(x)= 325.9407725829632
differential_evolution step 81: f(x)= 325.918487283459
differential_evolution step 82: f(x)= 325.918487283459
differential_evolution step 83: f(x)= 325.918487283459
differential_evolution step 84: f(x)= 325.918487283459
differential_evolution step 85: f(x)= 325.918487283459
differential_evolution step 86: f(x)= 325.918487283459
differential_evolution step 87: f(x)= 325.8985317456305
differential_evolution step 88: f(x)= 325.8719536489353
differential_evolution step 89: f(x)= 325.8719536489353
differential_evolution step 90: f(x)= 325.8719536489353
differential_evolution step 91: f(x)= 325.8068255872621
differential_evolution step 92: f(x)= 325.8068255872621
differential_evolution step 93: f(x)= 325.8068255872621
differential_evolution step 94: f(x)= 325.8068255872621
differential_evolution step 95: f(x)= 325.8068255872621
differential_evolution step 96: f(x)= 325.8068255872621
differential_evolution step 97: f(x)= 325.7972552196842
differential_evolution step 98: f(x)= 325.7972552196842
differential_evolution step 99: f(x)= 325.7972552196842
differential_evolution step 100: f(x)= 325.7972552196842
differential_evolution step 101: f(x)= 325.7972552196842
differential_evolution step 102: f(x)= 325.76832088429467
differential_evolution step 103: f(x)= 325.76832088429467
differential_evolution step 104: f(x)= 325.76832088429467
differential_evolution step 105: f(x)= 325.6736117336036
differential_evolution step 106: f(x)= 325.6736117336036
differential_evolution step 107: f(x)= 325.6736117336036
differential_evolution step 108: f(x)= 325.6736117336036
differential_evolution step 109: f(x)= 325.6736117336036
differential_evolution step 110: f(x)= 325.6736117336036
differential_evolution step 111: f(x)= 325.6736117336036
differential_evolution step 112: f(x)= 325.6736117336036
differential_evolution step 113: f(x)= 325.6736117336036
differential_evolution step 114: f(x)= 325.6736117336036
differential_evolution step 115: f(x)= 325.6736117336036
differential_evolution step 116: f(x)= 325.6736117336036
differential_evolution step 117: f(x)= 325.6736117336036
differential_evolution step 118: f(x)= 325.6736117336036
differential_evolution step 119: f(x)= 325.6736117336036
differential_evolution step 120: f(x)= 325.6736117336036
differential_evolution step 121: f(x)= 325.6736117336036
differential_evolution step 122: f(x)= 325.6736117336036
differential_evolution step 123: f(x)= 325.6736117336036
differential_evolution step 124: f(x)= 325.6736117336036
differential_evolution step 125: f(x)= 325.6736117336036
differential_evolution step 126: f(x)= 325.6736117336036
differential_evolution step 127: f(x)= 325.63994057245304
differential_evolution step 128: f(x)= 325.63994057245304
differential_evolution step 129: f(x)= 325.63994057245304
differential_evolution step 130: f(x)= 325.63994057245304
differential_evolution step 131: f(x)= 325.63994057245304
differential_evolution step 132: f(x)= 325.63994057245304
differential_evolution step 133: f(x)= 325.63994057245304
differential_evolution step 134: f(x)= 325.63994057245304
differential_evolution step 135: f(x)= 325.63994057245304
differential_evolution step 136: f(x)= 325.63994057245304
differential_evolution step 137: f(x)= 325.63994057245304
differential_evolution step 138: f(x)= 325.63994057245304
differential_evolution step 139: f(x)= 325.63994057245304
differential_evolution step 140: f(x)= 325.63994057245304
differential_evolution step 141: f(x)= 325.63994057245304
differential_evolution step 142: f(x)= 325.63994057245304
differential_evolution step 143: f(x)= 325.63994057245304
differential_evolution step 144: f(x)= 325.63994057245304
differential_evolution step 145: f(x)= 325.63994057245304
differential_evolution step 146: f(x)= 325.63994057245304
differential_evolution step 147: f(x)= 325.6305984761283
differential_evolution step 148: f(x)= 325.6305984761283
differential_evolution step 149: f(x)= 325.6305984761283
differential_evolution step 150: f(x)= 325.6305984761283
differential_evolution step 151: f(x)= 325.6305984761283
differential_evolution step 152: f(x)= 325.6305984761283
differential_evolution step 153: f(x)= 325.6305984761283
differential_evolution step 154: f(x)= 325.6305984761283
differential_evolution step 155: f(x)= 325.6305984761283
differential_evolution step 156: f(x)= 325.6305984761283
differential_evolution step 157: f(x)= 325.6305984761283
differential_evolution step 158: f(x)= 325.6305984761283
differential_evolution step 159: f(x)= 325.6305984761283
differential_evolution step 160: f(x)= 325.6305984761283
differential_evolution step 161: f(x)= 325.6305984761283
differential_evolution step 162: f(x)= 325.6305984761283
differential_evolution step 163: f(x)= 325.6305984761283
differential_evolution step 164: f(x)= 325.6305984761283
differential_evolution step 165: f(x)= 325.6305984761283
differential_evolution step 166: f(x)= 325.6305984761283
differential_evolution step 167: f(x)= 325.6305984761283
differential_evolution step 168: f(x)= 325.6305984761283
differential_evolution step 169: f(x)= 325.6305984761283
differential_evolution step 170: f(x)= 325.6305984761283
differential_evolution step 171: f(x)= 325.6305984761283
differential_evolution step 172: f(x)= 325.6305984761283
differential_evolution step 173: f(x)= 325.6305984761283
differential_evolution step 174: f(x)= 325.6305984761283
differential_evolution step 175: f(x)= 325.6305984761283
differential_evolution step 176: f(x)= 325.6305984761283
differential_evolution step 177: f(x)= 325.6305984761283
differential_evolution step 178: f(x)= 325.6305984761283
differential_evolution step 179: f(x)= 325.62817111814877
differential_evolution step 180: f(x)= 325.62817111814877
differential_evolution step 181: f(x)= 325.62817111814877
differential_evolution step 182: f(x)= 325.62817111814877
differential_evolution step 183: f(x)= 325.62817111814877
differential_evolution step 184: f(x)= 325.62817111814877
differential_evolution step 185: f(x)= 325.62817111814877
differential_evolution step 186: f(x)= 325.62817111814877
differential_evolution step 187: f(x)= 325.62817111814877
differential_evolution step 188: f(x)= 325.62817111814877
differential_evolution step 189: f(x)= 325.62817111814877
differential_evolution step 190: f(x)= 325.62817111814877
differential_evolution step 191: f(x)= 325.62817111814877
differential_evolution step 192: f(x)= 325.62817111814877
differential_evolution step 193: f(x)= 325.62817111814877
differential_evolution step 194: f(x)= 325.62817111814877
differential_evolution step 195: f(x)= 325.62817111814877
differential_evolution step 196: f(x)= 325.62817111814877
differential_evolution step 197: f(x)= 325.62817111814877
differential_evolution step 198: f(x)= 325.62817111814877
differential_evolution step 199: f(x)= 325.62817111814877
differential_evolution step 200: f(x)= 325.62817111814877
Cluster 1 DE best chi^2: 325.628 with params {'x_src': np.float64(210.7750020554846), 'y_src': np.float64(192.70744938337097), 'z_s': np.float64(1.2085291330183974)}
--- Running DE for Cluster 2 ---
[DE] Process Pool with 16 procs (init=latinhypercube, popsize=50)
differential_evolution step 1: f(x)= 397.7582111296135
differential_evolution step 2: f(x)= 397.7582111296135
differential_evolution step 3: f(x)= 397.7582111296135
differential_evolution step 4: f(x)= 397.7582111296135
differential_evolution step 5: f(x)= 397.7582111296135
differential_evolution step 6: f(x)= 397.7582111296135
differential_evolution step 7: f(x)= 346.03323360704087
differential_evolution step 8: f(x)= 346.03323360704087
differential_evolution step 9: f(x)= 346.03323360704087
differential_evolution step 10: f(x)= 346.03323360704087
differential_evolution step 11: f(x)= 312.183275726307
differential_evolution step 12: f(x)= 312.183275726307
differential_evolution step 13: f(x)= 312.183275726307
differential_evolution step 14: f(x)= 312.183275726307
differential_evolution step 15: f(x)= 312.183275726307
differential_evolution step 16: f(x)= 312.183275726307
differential_evolution step 17: f(x)= 220.79194012455147
differential_evolution step 18: f(x)= 220.79194012455147
differential_evolution step 19: f(x)= 220.79194012455147
differential_evolution step 20: f(x)= 220.79194012455147
differential_evolution step 21: f(x)= 216.8773286534083
differential_evolution step 22: f(x)= 184.64603286290347
differential_evolution step 23: f(x)= 184.64603286290347
differential_evolution step 24: f(x)= 184.64603286290347
differential_evolution step 25: f(x)= 184.64603286290347
differential_evolution step 26: f(x)= 184.64603286290347
differential_evolution step 27: f(x)= 184.64603286290347
differential_evolution step 28: f(x)= 184.64603286290347
differential_evolution step 29: f(x)= 182.48044087948253
differential_evolution step 30: f(x)= 182.48044087948253
differential_evolution step 31: f(x)= 182.48044087948253
differential_evolution step 32: f(x)= 179.83246073486788
differential_evolution step 33: f(x)= 179.83246073486788
differential_evolution step 34: f(x)= 177.36734512604798
differential_evolution step 35: f(x)= 170.96602056340907
differential_evolution step 36: f(x)= 169.0915953783524
differential_evolution step 37: f(x)= 160.4741339930323
differential_evolution step 38: f(x)= 160.4741339930323
differential_evolution step 39: f(x)= 160.4741339930323
differential_evolution step 40: f(x)= 160.4741339930323
differential_evolution step 41: f(x)= 160.4741339930323
differential_evolution step 42: f(x)= 154.8080381988842
differential_evolution step 43: f(x)= 154.8080381988842
differential_evolution step 44: f(x)= 154.8080381988842
differential_evolution step 45: f(x)= 154.8080381988842
differential_evolution step 46: f(x)= 154.8080381988842
differential_evolution step 47: f(x)= 154.8080381988842
differential_evolution step 48: f(x)= 147.87057422116004
differential_evolution step 49: f(x)= 147.87057422116004
differential_evolution step 50: f(x)= 147.87057422116004
differential_evolution step 51: f(x)= 147.87057422116004
differential_evolution step 52: f(x)= 147.66699954472168
differential_evolution step 53: f(x)= 147.16992027243106
differential_evolution step 54: f(x)= 147.16992027243106
differential_evolution step 55: f(x)= 147.16992027243106
differential_evolution step 56: f(x)= 147.16992027243106
differential_evolution step 57: f(x)= 147.16992027243106
differential_evolution step 58: f(x)= 147.16992027243106
differential_evolution step 59: f(x)= 147.16992027243106
differential_evolution step 60: f(x)= 147.16992027243106
differential_evolution step 61: f(x)= 147.16992027243106
differential_evolution step 62: f(x)= 147.16992027243106
differential_evolution step 63: f(x)= 146.01811909897407
differential_evolution step 64: f(x)= 146.01811909897407
differential_evolution step 65: f(x)= 146.01811909897407
differential_evolution step 66: f(x)= 146.01811909897407
differential_evolution step 67: f(x)= 146.01811909897407
differential_evolution step 68: f(x)= 145.65163107273798
differential_evolution step 69: f(x)= 145.65163107273798
differential_evolution step 70: f(x)= 144.9459494318014
differential_evolution step 71: f(x)= 144.9459494318014
differential_evolution step 72: f(x)= 144.9459494318014
differential_evolution step 73: f(x)= 144.9459494318014
differential_evolution step 74: f(x)= 144.9459494318014
differential_evolution step 75: f(x)= 144.9459494318014
differential_evolution step 76: f(x)= 144.9459494318014
differential_evolution step 77: f(x)= 144.44971160016615
differential_evolution step 78: f(x)= 144.44971160016615
differential_evolution step 79: f(x)= 144.44971160016615
differential_evolution step 80: f(x)= 144.44971160016615
differential_evolution step 81: f(x)= 144.44971160016615
differential_evolution step 82: f(x)= 144.44971160016615
differential_evolution step 83: f(x)= 144.44971160016615
differential_evolution step 84: f(x)= 144.44971160016615
differential_evolution step 85: f(x)= 144.44971160016615
differential_evolution step 86: f(x)= 144.44971160016615
differential_evolution step 87: f(x)= 144.44971160016615
differential_evolution step 88: f(x)= 144.44971160016615
differential_evolution step 89: f(x)= 144.44971160016615
differential_evolution step 90: f(x)= 144.44971160016615
differential_evolution step 91: f(x)= 144.44294564962885
differential_evolution step 92: f(x)= 144.44294564962885
differential_evolution step 93: f(x)= 144.44294564962885
differential_evolution step 94: f(x)= 144.44294564962885
differential_evolution step 95: f(x)= 144.44294564962885
differential_evolution step 96: f(x)= 144.44294564962885
differential_evolution step 97: f(x)= 144.3786884106786
differential_evolution step 98: f(x)= 144.3786884106786
differential_evolution step 99: f(x)= 144.3786884106786
differential_evolution step 100: f(x)= 144.3143526976455
differential_evolution step 101: f(x)= 144.3143526976455
differential_evolution step 102: f(x)= 144.23286148843113
differential_evolution step 103: f(x)= 144.23286148843113
differential_evolution step 104: f(x)= 144.23286148843113
differential_evolution step 105: f(x)= 144.18466218755702
differential_evolution step 106: f(x)= 144.18466218755702
differential_evolution step 107: f(x)= 144.18413146844452
differential_evolution step 108: f(x)= 144.08271246037737
differential_evolution step 109: f(x)= 144.0419304279899
differential_evolution step 110: f(x)= 144.0419304279899
differential_evolution step 111: f(x)= 144.0419304279899
differential_evolution step 112: f(x)= 144.0419304279899
differential_evolution step 113: f(x)= 144.0419304279899
differential_evolution step 114: f(x)= 144.0419304279899
differential_evolution step 115: f(x)= 144.0419304279899
differential_evolution step 116: f(x)= 144.0419304279899
differential_evolution step 117: f(x)= 144.0419304279899
differential_evolution step 118: f(x)= 144.0419304279899
differential_evolution step 119: f(x)= 144.0419304279899
differential_evolution step 120: f(x)= 144.0419304279899
differential_evolution step 121: f(x)= 144.0419304279899
differential_evolution step 122: f(x)= 144.0419304279899
differential_evolution step 123: f(x)= 144.0419304279899
differential_evolution step 124: f(x)= 144.0419304279899
differential_evolution step 125: f(x)= 144.0419304279899
differential_evolution step 126: f(x)= 144.0419304279899
differential_evolution step 127: f(x)= 144.00034848777165
differential_evolution step 128: f(x)= 144.00034848777165
differential_evolution step 129: f(x)= 144.00034848777165
differential_evolution step 130: f(x)= 144.00034848777165
differential_evolution step 131: f(x)= 144.00034848777165
differential_evolution step 132: f(x)= 144.00034848777165
differential_evolution step 133: f(x)= 144.00034848777165
differential_evolution step 134: f(x)= 144.00034848777165
differential_evolution step 135: f(x)= 144.00034848777165
differential_evolution step 136: f(x)= 144.00034848777165
differential_evolution step 137: f(x)= 144.00034848777165
differential_evolution step 138: f(x)= 144.00034848777165
differential_evolution step 139: f(x)= 144.00034848777165
differential_evolution step 140: f(x)= 144.00034848777165
differential_evolution step 141: f(x)= 143.98746763570153
differential_evolution step 142: f(x)= 143.98746763570153
differential_evolution step 143: f(x)= 143.98746763570153
differential_evolution step 144: f(x)= 143.98746763570153
differential_evolution step 145: f(x)= 143.98746763570153
differential_evolution step 146: f(x)= 143.98746763570153
differential_evolution step 147: f(x)= 143.98746763570153
differential_evolution step 148: f(x)= 143.98746763570153
differential_evolution step 149: f(x)= 143.98746763570153
differential_evolution step 150: f(x)= 143.98746763570153
differential_evolution step 151: f(x)= 143.98746763570153
differential_evolution step 152: f(x)= 143.98746763570153
differential_evolution step 153: f(x)= 143.98746763570153
differential_evolution step 154: f(x)= 143.98746763570153
differential_evolution step 155: f(x)= 143.98746763570153
differential_evolution step 156: f(x)= 143.98746763570153
differential_evolution step 157: f(x)= 143.98746763570153
differential_evolution step 158: f(x)= 143.98746763570153
differential_evolution step 159: f(x)= 143.98746763570153
differential_evolution step 160: f(x)= 143.98746763570153
differential_evolution step 161: f(x)= 143.98746763570153
differential_evolution step 162: f(x)= 143.98746763570153
differential_evolution step 163: f(x)= 143.98746763570153
differential_evolution step 164: f(x)= 143.98746763570153
differential_evolution step 165: f(x)= 143.97966949261104
differential_evolution step 166: f(x)= 143.97966949261104
differential_evolution step 167: f(x)= 143.97966949261104
differential_evolution step 168: f(x)= 143.97966949261104
differential_evolution step 169: f(x)= 143.97966949261104
differential_evolution step 170: f(x)= 143.97966949261104
differential_evolution step 171: f(x)= 143.97966949261104
differential_evolution step 172: f(x)= 143.97966949261104
differential_evolution step 173: f(x)= 143.97512076680397
differential_evolution step 174: f(x)= 143.96476695238388
differential_evolution step 175: f(x)= 143.96476695238388
differential_evolution step 176: f(x)= 143.96476695238388
differential_evolution step 177: f(x)= 143.96476695238388
differential_evolution step 178: f(x)= 143.96476695238388
differential_evolution step 179: f(x)= 143.96476695238388
differential_evolution step 180: f(x)= 143.96476695238388
differential_evolution step 181: f(x)= 143.96476695238388
differential_evolution step 182: f(x)= 143.96476695238388
differential_evolution step 183: f(x)= 143.96476695238388
differential_evolution step 184: f(x)= 143.9575045167838
differential_evolution step 185: f(x)= 143.9547992543406
differential_evolution step 186: f(x)= 143.9547992543406
differential_evolution step 187: f(x)= 143.9547992543406
differential_evolution step 188: f(x)= 143.9459486771521
differential_evolution step 189: f(x)= 143.9459486771521
differential_evolution step 190: f(x)= 143.9459486771521
differential_evolution step 191: f(x)= 143.94308402336077
differential_evolution step 192: f(x)= 143.94308402336077
differential_evolution step 193: f(x)= 143.94308402336077
differential_evolution step 194: f(x)= 143.94308402336077
differential_evolution step 195: f(x)= 143.94308402336077
differential_evolution step 196: f(x)= 143.94308402336077
differential_evolution step 197: f(x)= 143.94308402336077
differential_evolution step 198: f(x)= 143.94308402336077
differential_evolution step 199: f(x)= 143.94308402336077
differential_evolution step 200: f(x)= 143.94308402336077
Cluster 2 DE best chi^2: 143.943 with params {'x_src': np.float64(99.95573831720401), 'y_src': np.float64(101.21386473547767), 'z_s': np.float64(1.9234403747388598)}
--- Running DE for Cluster 3 ---
[DE] Process Pool with 16 procs (init=latinhypercube, popsize=50)
differential_evolution step 1: f(x)= 3000.0
differential_evolution step 2: f(x)= 3000.0
differential_evolution step 3: f(x)= 3000.0
differential_evolution step 4: f(x)= 3000.0
differential_evolution step 5: f(x)= 3000.0
differential_evolution step 6: f(x)= 3000.0
differential_evolution step 7: f(x)= 3000.0
differential_evolution step 8: f(x)= 3000.0
differential_evolution step 9: f(x)= 3000.0
differential_evolution step 10: f(x)= 3000.0
differential_evolution step 11: f(x)= 3000.0
differential_evolution step 12: f(x)= 3000.0
differential_evolution step 13: f(x)= 3000.0
differential_evolution step 14: f(x)= 3000.0
differential_evolution step 15: f(x)= 3000.0
differential_evolution step 16: f(x)= 3000.0
differential_evolution step 17: f(x)= 3000.0
differential_evolution step 18: f(x)= 3000.0
differential_evolution step 19: f(x)= 3000.0
differential_evolution step 20: f(x)= 3000.0
differential_evolution step 21: f(x)= 3000.0
differential_evolution step 22: f(x)= 3000.0
differential_evolution step 23: f(x)= 3000.0
differential_evolution step 24: f(x)= 3000.0
differential_evolution step 25: f(x)= 3000.0
differential_evolution step 26: f(x)= 3000.0
differential_evolution step 27: f(x)= 3000.0
differential_evolution step 28: f(x)= 3000.0
differential_evolution step 29: f(x)= 3000.0
differential_evolution step 30: f(x)= 3000.0
differential_evolution step 31: f(x)= 3000.0
differential_evolution step 32: f(x)= 3000.0
differential_evolution step 33: f(x)= 3000.0
differential_evolution step 34: f(x)= 3000.0
differential_evolution step 35: f(x)= 3000.0
differential_evolution step 36: f(x)= 3000.0
differential_evolution step 37: f(x)= 3000.0
differential_evolution step 38: f(x)= 3000.0
differential_evolution step 39: f(x)= 3000.0
differential_evolution step 40: f(x)= 3000.0
differential_evolution step 41: f(x)= 3000.0
differential_evolution step 42: f(x)= 3000.0
differential_evolution step 43: f(x)= 3000.0
differential_evolution step 44: f(x)= 3000.0
differential_evolution step 45: f(x)= 3000.0
differential_evolution step 46: f(x)= 3000.0
differential_evolution step 47: f(x)= 3000.0
differential_evolution step 48: f(x)= 3000.0
differential_evolution step 49: f(x)= 3000.0
differential_evolution step 50: f(x)= 3000.0
differential_evolution step 51: f(x)= 3000.0
differential_evolution step 52: f(x)= 3000.0
differential_evolution step 53: f(x)= 3000.0
differential_evolution step 54: f(x)= 3000.0
differential_evolution step 55: f(x)= 3000.0
differential_evolution step 56: f(x)= 3000.0
differential_evolution step 57: f(x)= 3000.0
differential_evolution step 58: f(x)= 3000.0
differential_evolution step 59: f(x)= 3000.0
differential_evolution step 60: f(x)= 3000.0
differential_evolution step 61: f(x)= 3000.0
differential_evolution step 62: f(x)= 3000.0
differential_evolution step 63: f(x)= 3000.0
differential_evolution step 64: f(x)= 3000.0
differential_evolution step 65: f(x)= 3000.0
differential_evolution step 66: f(x)= 3000.0
differential_evolution step 67: f(x)= 3000.0
differential_evolution step 68: f(x)= 3000.0
differential_evolution step 69: f(x)= 3000.0
differential_evolution step 70: f(x)= 3000.0
differential_evolution step 71: f(x)= 3000.0
differential_evolution step 72: f(x)= 3000.0
differential_evolution step 73: f(x)= 3000.0
differential_evolution step 74: f(x)= 3000.0
differential_evolution step 75: f(x)= 3000.0
differential_evolution step 76: f(x)= 3000.0
differential_evolution step 77: f(x)= 3000.0
differential_evolution step 78: f(x)= 3000.0
differential_evolution step 79: f(x)= 3000.0
differential_evolution step 80: f(x)= 3000.0
differential_evolution step 81: f(x)= 3000.0
differential_evolution step 82: f(x)= 3000.0
differential_evolution step 83: f(x)= 3000.0
differential_evolution step 84: f(x)= 3000.0
differential_evolution step 85: f(x)= 3000.0
differential_evolution step 86: f(x)= 3000.0
differential_evolution step 87: f(x)= 3000.0
differential_evolution step 88: f(x)= 3000.0
differential_evolution step 89: f(x)= 3000.0
differential_evolution step 90: f(x)= 3000.0
differential_evolution step 91: f(x)= 3000.0
differential_evolution step 92: f(x)= 3000.0
differential_evolution step 93: f(x)= 3000.0
differential_evolution step 94: f(x)= 3000.0
differential_evolution step 95: f(x)= 3000.0
differential_evolution step 96: f(x)= 3000.0
differential_evolution step 97: f(x)= 3000.0
differential_evolution step 98: f(x)= 3000.0
differential_evolution step 99: f(x)= 3000.0
differential_evolution step 100: f(x)= 3000.0
differential_evolution step 101: f(x)= 3000.0
differential_evolution step 102: f(x)= 3000.0
differential_evolution step 103: f(x)= 3000.0
differential_evolution step 104: f(x)= 3000.0
differential_evolution step 105: f(x)= 3000.0
differential_evolution step 106: f(x)= 3000.0
differential_evolution step 107: f(x)= 3000.0
differential_evolution step 108: f(x)= 3000.0
differential_evolution step 109: f(x)= 3000.0
differential_evolution step 110: f(x)= 3000.0
differential_evolution step 111: f(x)= 3000.0
differential_evolution step 112: f(x)= 3000.0
differential_evolution step 113: f(x)= 3000.0
differential_evolution step 114: f(x)= 3000.0
differential_evolution step 115: f(x)= 3000.0
differential_evolution step 116: f(x)= 3000.0
differential_evolution step 117: f(x)= 3000.0
differential_evolution step 118: f(x)= 3000.0
differential_evolution step 119: f(x)= 3000.0
differential_evolution step 120: f(x)= 3000.0
differential_evolution step 121: f(x)= 3000.0
differential_evolution step 122: f(x)= 3000.0
differential_evolution step 123: f(x)= 3000.0
differential_evolution step 124: f(x)= 3000.0
differential_evolution step 125: f(x)= 3000.0
differential_evolution step 126: f(x)= 3000.0
differential_evolution step 127: f(x)= 3000.0
differential_evolution step 128: f(x)= 3000.0
differential_evolution step 129: f(x)= 3000.0
differential_evolution step 130: f(x)= 3000.0
differential_evolution step 131: f(x)= 3000.0
differential_evolution step 132: f(x)= 3000.0
differential_evolution step 133: f(x)= 3000.0
differential_evolution step 134: f(x)= 3000.0
differential_evolution step 135: f(x)= 3000.0
differential_evolution step 136: f(x)= 3000.0
differential_evolution step 137: f(x)= 3000.0
differential_evolution step 138: f(x)= 3000.0
differential_evolution step 139: f(x)= 3000.0
differential_evolution step 140: f(x)= 3000.0
differential_evolution step 141: f(x)= 3000.0
Cluster 3 DE best chi^2: 3000.000 with params {'x_src': np.float64(111.3524514483097), 'y_src': np.float64(124.3357527412145), 'z_s': np.float64(4.876318937833317)}
--- Running DE for Cluster 4 ---
[DE] Process Pool with 16 procs (init=latinhypercube, popsize=50)
differential_evolution step 1: f(x)= 3000.0
differential_evolution step 2: f(x)= 3000.0
differential_evolution step 3: f(x)= 3000.0
differential_evolution step 4: f(x)= 3000.0
differential_evolution step 5: f(x)= 3000.0
differential_evolution step 6: f(x)= 3000.0
differential_evolution step 7: f(x)= 1873.0700453747327
differential_evolution step 8: f(x)= 1625.4941204176448
differential_evolution step 9: f(x)= 1625.4941204176448
differential_evolution step 10: f(x)= 1625.4941204176448
differential_evolution step 11: f(x)= 1625.4941204176448
differential_evolution step 12: f(x)= 1625.4941204176448
differential_evolution step 13: f(x)= 1593.1739550755653
differential_evolution step 14: f(x)= 1593.1739550755653
differential_evolution step 15: f(x)= 1593.1739550755653
differential_evolution step 16: f(x)= 734.2825499536239
differential_evolution step 17: f(x)= 734.2825499536239
differential_evolution step 18: f(x)= 734.2825499536239
differential_evolution step 19: f(x)= 230.67190447188244
differential_evolution step 20: f(x)= 230.67190447188244
differential_evolution step 21: f(x)= 230.67190447188244
differential_evolution step 22: f(x)= 230.67190447188244
differential_evolution step 23: f(x)= 230.67190447188244
differential_evolution step 24: f(x)= 230.67190447188244
differential_evolution step 25: f(x)= 230.67190447188244
differential_evolution step 26: f(x)= 230.67190447188244
differential_evolution step 27: f(x)= 230.67190447188244
differential_evolution step 28: f(x)= 230.67190447188244
differential_evolution step 29: f(x)= 230.67190447188244
differential_evolution step 30: f(x)= 230.67190447188244
differential_evolution step 31: f(x)= 230.67190447188244
differential_evolution step 32: f(x)= 230.67190447188244
differential_evolution step 33: f(x)= 230.67190447188244
differential_evolution step 34: f(x)= 230.67190447188244
differential_evolution step 35: f(x)= 230.67190447188244
differential_evolution step 36: f(x)= 230.67190447188244
differential_evolution step 37: f(x)= 230.67190447188244
differential_evolution step 38: f(x)= 230.67190447188244
differential_evolution step 39: f(x)= 230.67190447188244
differential_evolution step 40: f(x)= 230.67190447188244
differential_evolution step 41: f(x)= 230.67190447188244
differential_evolution step 42: f(x)= 230.67190447188244
differential_evolution step 43: f(x)= 230.67190447188244
differential_evolution step 44: f(x)= 230.67190447188244
differential_evolution step 45: f(x)= 230.67190447188244
differential_evolution step 46: f(x)= 230.67190447188244
differential_evolution step 47: f(x)= 230.67190447188244
differential_evolution step 48: f(x)= 230.67190447188244
differential_evolution step 49: f(x)= 230.67190447188244
differential_evolution step 50: f(x)= 230.67190447188244
differential_evolution step 51: f(x)= 230.67190447188244
differential_evolution step 52: f(x)= 230.67190447188244
differential_evolution step 53: f(x)= 230.67190447188244
differential_evolution step 54: f(x)= 230.67190447188244
differential_evolution step 55: f(x)= 230.67190447188244
differential_evolution step 56: f(x)= 230.67190447188244
differential_evolution step 57: f(x)= 230.67190447188244
differential_evolution step 58: f(x)= 230.67190447188244
differential_evolution step 59: f(x)= 230.67190447188244
differential_evolution step 60: f(x)= 230.67190447188244
differential_evolution step 61: f(x)= 230.67190447188244
differential_evolution step 62: f(x)= 230.67190447188244
differential_evolution step 63: f(x)= 230.67190447188244
differential_evolution step 64: f(x)= 230.67190447188244
differential_evolution step 65: f(x)= 230.67190447188244
differential_evolution step 66: f(x)= 230.67190447188244
differential_evolution step 67: f(x)= 230.67190447188244
differential_evolution step 68: f(x)= 230.67190447188244
differential_evolution step 69: f(x)= 230.67190447188244
differential_evolution step 70: f(x)= 230.67190447188244
differential_evolution step 71: f(x)= 230.67190447188244
differential_evolution step 72: f(x)= 227.22390631207384
differential_evolution step 73: f(x)= 227.22390631207384
differential_evolution step 74: f(x)= 227.22390631207384
differential_evolution step 75: f(x)= 227.22390631207384
differential_evolution step 76: f(x)= 227.22390631207384
differential_evolution step 77: f(x)= 227.22390631207384
differential_evolution step 78: f(x)= 227.22390631207384
differential_evolution step 79: f(x)= 227.22390631207384
differential_evolution step 80: f(x)= 227.22390631207384
differential_evolution step 81: f(x)= 227.22390631207384
differential_evolution step 82: f(x)= 227.22390631207384
differential_evolution step 83: f(x)= 227.22390631207384
differential_evolution step 84: f(x)= 227.22390631207384
differential_evolution step 85: f(x)= 227.22390631207384
differential_evolution step 86: f(x)= 227.22390631207384
differential_evolution step 87: f(x)= 227.22390631207384
differential_evolution step 88: f(x)= 227.22390631207384
differential_evolution step 89: f(x)= 227.22390631207384
differential_evolution step 90: f(x)= 227.22390631207384
differential_evolution step 91: f(x)= 227.22390631207384
differential_evolution step 92: f(x)= 227.22390631207384
differential_evolution step 93: f(x)= 227.22390631207384
differential_evolution step 94: f(x)= 227.22390631207384
differential_evolution step 95: f(x)= 227.22390631207384
differential_evolution step 96: f(x)= 227.22390631207384
differential_evolution step 97: f(x)= 227.22390631207384
differential_evolution step 98: f(x)= 227.22390631207384
differential_evolution step 99: f(x)= 227.22390631207384
differential_evolution step 100: f(x)= 227.22390631207384
differential_evolution step 101: f(x)= 227.22390631207384
differential_evolution step 102: f(x)= 227.22390631207384
differential_evolution step 103: f(x)= 227.22390631207384
differential_evolution step 104: f(x)= 227.22390631207384
differential_evolution step 105: f(x)= 227.22390631207384
differential_evolution step 106: f(x)= 227.22390631207384
differential_evolution step 107: f(x)= 227.22390631207384
differential_evolution step 108: f(x)= 227.22390631207384
differential_evolution step 109: f(x)= 227.22390631207384
differential_evolution step 110: f(x)= 227.22390631207384
differential_evolution step 111: f(x)= 227.22390631207384
differential_evolution step 112: f(x)= 227.22390631207384
differential_evolution step 113: f(x)= 227.22390631207384
differential_evolution step 114: f(x)= 227.22390631207384
differential_evolution step 115: f(x)= 227.22390631207384
differential_evolution step 116: f(x)= 227.22390631207384
differential_evolution step 117: f(x)= 227.22390631207384
differential_evolution step 118: f(x)= 227.22390631207384
differential_evolution step 119: f(x)= 142.89984406477996
differential_evolution step 120: f(x)= 142.89984406477996
differential_evolution step 121: f(x)= 142.89984406477996
differential_evolution step 122: f(x)= 142.89984406477996
differential_evolution step 123: f(x)= 142.89984406477996
differential_evolution step 124: f(x)= 142.89984406477996
differential_evolution step 125: f(x)= 142.89984406477996
differential_evolution step 126: f(x)= 142.89984406477996
differential_evolution step 127: f(x)= 142.89984406477996
differential_evolution step 128: f(x)= 142.89984406477996
differential_evolution step 129: f(x)= 142.89984406477996
differential_evolution step 130: f(x)= 142.89984406477996
differential_evolution step 131: f(x)= 142.89984406477996
differential_evolution step 132: f(x)= 142.89984406477996
differential_evolution step 133: f(x)= 142.89984406477996
differential_evolution step 134: f(x)= 142.89984406477996
differential_evolution step 135: f(x)= 142.89984406477996
differential_evolution step 136: f(x)= 142.89984406477996
differential_evolution step 137: f(x)= 142.89984406477996
differential_evolution step 138: f(x)= 142.89984406477996
differential_evolution step 139: f(x)= 142.89984406477996
differential_evolution step 140: f(x)= 142.89984406477996
differential_evolution step 141: f(x)= 142.89984406477996
differential_evolution step 142: f(x)= 142.89984406477996
differential_evolution step 143: f(x)= 142.89984406477996
differential_evolution step 144: f(x)= 142.89984406477996
differential_evolution step 145: f(x)= 142.89984406477996
differential_evolution step 146: f(x)= 142.89984406477996
differential_evolution step 147: f(x)= 142.89984406477996
differential_evolution step 148: f(x)= 142.89984406477996
differential_evolution step 149: f(x)= 142.89984406477996
differential_evolution step 150: f(x)= 142.89984406477996
differential_evolution step 151: f(x)= 142.89984406477996
differential_evolution step 152: f(x)= 142.89984406477996
differential_evolution step 153: f(x)= 142.89984406477996
differential_evolution step 154: f(x)= 142.89984406477996
differential_evolution step 155: f(x)= 142.89984406477996
differential_evolution step 156: f(x)= 142.89984406477996
differential_evolution step 157: f(x)= 142.89984406477996
differential_evolution step 158: f(x)= 142.89984406477996
differential_evolution step 159: f(x)= 142.89984406477996
differential_evolution step 160: f(x)= 142.89984406477996
differential_evolution step 161: f(x)= 142.89984406477996
differential_evolution step 162: f(x)= 142.89984406477996
differential_evolution step 163: f(x)= 142.89984406477996
differential_evolution step 164: f(x)= 142.89984406477996
differential_evolution step 165: f(x)= 142.89984406477996
differential_evolution step 166: f(x)= 142.89984406477996
differential_evolution step 167: f(x)= 142.89984406477996
differential_evolution step 168: f(x)= 142.89984406477996
differential_evolution step 169: f(x)= 142.89984406477996
differential_evolution step 170: f(x)= 142.89984406477996
differential_evolution step 171: f(x)= 142.89984406477996
differential_evolution step 172: f(x)= 142.89984406477996
differential_evolution step 173: f(x)= 142.89984406477996
differential_evolution step 174: f(x)= 142.89984406477996
differential_evolution step 175: f(x)= 142.89984406477996
differential_evolution step 176: f(x)= 142.89984406477996
differential_evolution step 177: f(x)= 142.89984406477996
differential_evolution step 178: f(x)= 142.89984406477996
differential_evolution step 179: f(x)= 142.89984406477996
differential_evolution step 180: f(x)= 142.89984406477996
differential_evolution step 181: f(x)= 142.89984406477996
differential_evolution step 182: f(x)= 142.89984406477996
differential_evolution step 183: f(x)= 142.89984406477996
differential_evolution step 184: f(x)= 142.89984406477996
differential_evolution step 185: f(x)= 142.89984406477996
differential_evolution step 186: f(x)= 142.89984406477996
differential_evolution step 187: f(x)= 142.89984406477996
differential_evolution step 188: f(x)= 142.89984406477996
differential_evolution step 189: f(x)= 142.89984406477996
differential_evolution step 190: f(x)= 142.89984406477996
differential_evolution step 191: f(x)= 142.89984406477996
differential_evolution step 192: f(x)= 142.89984406477996
differential_evolution step 193: f(x)= 142.89984406477996
differential_evolution step 194: f(x)= 142.89984406477996
differential_evolution step 195: f(x)= 142.89984406477996
differential_evolution step 196: f(x)= 142.89984406477996
differential_evolution step 197: f(x)= 142.89984406477996
differential_evolution step 198: f(x)= 142.89984406477996
differential_evolution step 199: f(x)= 142.89984406477996
differential_evolution step 200: f(x)= 142.89984406477996
Cluster 4 DE best chi^2: 142.900 with params {'x_src': np.float64(280.3241785654314), 'y_src': np.float64(259.6270875935731), 'z_s': np.float64(3.2707462322314433)}
--- Running DE for Cluster 5 ---
[DE] Process Pool with 16 procs (init=latinhypercube, popsize=50)
differential_evolution step 1: f(x)= 4242.640687119286
differential_evolution step 2: f(x)= 3000.0
differential_evolution step 3: f(x)= 763.0455219833434
differential_evolution step 4: f(x)= 763.0455219833434
differential_evolution step 5: f(x)= 763.0455219833434
differential_evolution step 6: f(x)= 763.0455219833434
differential_evolution step 7: f(x)= 763.0455219833434
differential_evolution step 8: f(x)= 763.0455219833434
differential_evolution step 9: f(x)= 763.0455219833434
differential_evolution step 10: f(x)= 763.0455219833434
differential_evolution step 11: f(x)= 763.0455219833434
differential_evolution step 12: f(x)= 763.0455219833434
differential_evolution step 13: f(x)= 763.0455219833434
differential_evolution step 14: f(x)= 763.0455219833434
differential_evolution step 15: f(x)= 763.0455219833434
differential_evolution step 16: f(x)= 763.0455219833434
differential_evolution step 17: f(x)= 763.0455219833434
differential_evolution step 18: f(x)= 763.0455219833434
differential_evolution step 19: f(x)= 763.0455219833434
differential_evolution step 20: f(x)= 763.0455219833434
differential_evolution step 21: f(x)= 441.6192734632387
differential_evolution step 22: f(x)= 441.6192734632387
differential_evolution step 23: f(x)= 441.6192734632387
differential_evolution step 24: f(x)= 441.6192734632387
differential_evolution step 25: f(x)= 441.6192734632387
differential_evolution step 26: f(x)= 441.6192734632387
differential_evolution step 27: f(x)= 441.6192734632387
differential_evolution step 28: f(x)= 441.6192734632387
differential_evolution step 29: f(x)= 441.6192734632387
differential_evolution step 30: f(x)= 389.23412584340076
differential_evolution step 31: f(x)= 389.23412584340076
differential_evolution step 32: f(x)= 389.23412584340076
differential_evolution step 33: f(x)= 389.23412584340076
differential_evolution step 34: f(x)= 389.23412584340076
differential_evolution step 35: f(x)= 389.23412584340076
differential_evolution step 36: f(x)= 389.23412584340076
differential_evolution step 37: f(x)= 389.23412584340076
differential_evolution step 38: f(x)= 266.0052617078459
differential_evolution step 39: f(x)= 266.0052617078459
differential_evolution step 40: f(x)= 266.0052617078459
differential_evolution step 41: f(x)= 266.0052617078459
differential_evolution step 42: f(x)= 266.0052617078459
differential_evolution step 43: f(x)= 266.0052617078459
differential_evolution step 44: f(x)= 266.0052617078459
differential_evolution step 45: f(x)= 266.0052617078459
differential_evolution step 46: f(x)= 266.0052617078459
differential_evolution step 47: f(x)= 266.0052617078459
differential_evolution step 48: f(x)= 266.0052617078459
differential_evolution step 49: f(x)= 266.0052617078459
differential_evolution step 50: f(x)= 266.0052617078459
differential_evolution step 51: f(x)= 266.0052617078459
differential_evolution step 52: f(x)= 266.0052617078459
differential_evolution step 53: f(x)= 178.12348096614133
differential_evolution step 54: f(x)= 178.12348096614133
differential_evolution step 55: f(x)= 178.12348096614133
differential_evolution step 56: f(x)= 178.12348096614133
differential_evolution step 57: f(x)= 178.12348096614133
differential_evolution step 58: f(x)= 178.12348096614133
differential_evolution step 59: f(x)= 178.12348096614133
differential_evolution step 60: f(x)= 147.44878243618308
differential_evolution step 61: f(x)= 147.44878243618308
differential_evolution step 62: f(x)= 147.44878243618308
differential_evolution step 63: f(x)= 124.56618630342058
differential_evolution step 64: f(x)= 124.56618630342058
differential_evolution step 65: f(x)= 124.56618630342058
differential_evolution step 66: f(x)= 124.56618630342058
differential_evolution step 67: f(x)= 124.56618630342058
differential_evolution step 68: f(x)= 124.56618630342058
differential_evolution step 69: f(x)= 124.56618630342058
differential_evolution step 70: f(x)= 124.56618630342058
differential_evolution step 71: f(x)= 124.56618630342058
differential_evolution step 72: f(x)= 124.56618630342058
differential_evolution step 73: f(x)= 124.56618630342058
differential_evolution step 74: f(x)= 124.56618630342058
differential_evolution step 75: f(x)= 124.56618630342058
differential_evolution step 76: f(x)= 124.56618630342058
differential_evolution step 77: f(x)= 124.56618630342058
differential_evolution step 78: f(x)= 124.56618630342058
differential_evolution step 79: f(x)= 124.56618630342058
differential_evolution step 80: f(x)= 124.56618630342058
differential_evolution step 81: f(x)= 124.56618630342058
differential_evolution step 82: f(x)= 124.56618630342058
differential_evolution step 83: f(x)= 123.33142203367143
differential_evolution step 84: f(x)= 123.33142203367143
differential_evolution step 85: f(x)= 123.33142203367143
differential_evolution step 86: f(x)= 123.33142203367143
differential_evolution step 87: f(x)= 123.33142203367143
differential_evolution step 88: f(x)= 123.33142203367143
differential_evolution step 89: f(x)= 123.33142203367143
differential_evolution step 90: f(x)= 123.33142203367143
differential_evolution step 91: f(x)= 123.33142203367143
differential_evolution step 92: f(x)= 123.33142203367143
differential_evolution step 93: f(x)= 123.33142203367143
differential_evolution step 94: f(x)= 123.33142203367143
differential_evolution step 95: f(x)= 123.33142203367143
differential_evolution step 96: f(x)= 120.99416440474477
differential_evolution step 97: f(x)= 120.99416440474477
differential_evolution step 98: f(x)= 120.99416440474477
differential_evolution step 99: f(x)= 120.99416440474477
differential_evolution step 100: f(x)= 120.99416440474477
differential_evolution step 101: f(x)= 120.99416440474477
differential_evolution step 102: f(x)= 120.99416440474477
differential_evolution step 103: f(x)= 120.99416440474477
differential_evolution step 104: f(x)= 120.99416440474477
differential_evolution step 105: f(x)= 120.99416440474477
differential_evolution step 106: f(x)= 120.99416440474477
differential_evolution step 107: f(x)= 120.99416440474477
differential_evolution step 108: f(x)= 120.99416440474477
differential_evolution step 109: f(x)= 120.99416440474477
differential_evolution step 110: f(x)= 120.99416440474477
differential_evolution step 111: f(x)= 120.99416440474477
differential_evolution step 112: f(x)= 120.99416440474477
differential_evolution step 113: f(x)= 120.99416440474477
differential_evolution step 114: f(x)= 120.99416440474477
differential_evolution step 115: f(x)= 120.99416440474477
differential_evolution step 116: f(x)= 120.99416440474477
differential_evolution step 117: f(x)= 120.99416440474477
differential_evolution step 118: f(x)= 120.99416440474477
differential_evolution step 119: f(x)= 120.99416440474477
differential_evolution step 120: f(x)= 120.99416440474477
differential_evolution step 121: f(x)= 120.99416440474477
differential_evolution step 122: f(x)= 120.99416440474477
differential_evolution step 123: f(x)= 120.99416440474477
differential_evolution step 124: f(x)= 120.99416440474477
differential_evolution step 125: f(x)= 120.99416440474477
differential_evolution step 126: f(x)= 120.99416440474477
differential_evolution step 127: f(x)= 120.99416440474477
differential_evolution step 128: f(x)= 120.92942130307401
differential_evolution step 129: f(x)= 120.92942130307401
differential_evolution step 130: f(x)= 120.92942130307401
differential_evolution step 131: f(x)= 120.91280293991987
differential_evolution step 132: f(x)= 120.91280293991987
differential_evolution step 133: f(x)= 120.91280293991987
differential_evolution step 134: f(x)= 120.91280293991987
differential_evolution step 135: f(x)= 120.91280293991987
differential_evolution step 136: f(x)= 120.91280293991987
differential_evolution step 137: f(x)= 120.91280293991987
differential_evolution step 138: f(x)= 120.68673596654045
differential_evolution step 139: f(x)= 120.68673596654045
differential_evolution step 140: f(x)= 120.68673596654045
differential_evolution step 141: f(x)= 120.67629425417628
differential_evolution step 142: f(x)= 120.67629425417628
differential_evolution step 143: f(x)= 120.67629425417628
differential_evolution step 144: f(x)= 120.67629425417628
differential_evolution step 145: f(x)= 120.67629425417628
differential_evolution step 146: f(x)= 120.67629425417628
differential_evolution step 147: f(x)= 120.67629425417628
differential_evolution step 148: f(x)= 120.64933514911361
differential_evolution step 149: f(x)= 120.64933514911361
differential_evolution step 150: f(x)= 120.64933514911361
differential_evolution step 151: f(x)= 120.59109081819368
differential_evolution step 152: f(x)= 120.59109081819368
differential_evolution step 153: f(x)= 120.59109081819368
differential_evolution step 154: f(x)= 120.59109081819368
differential_evolution step 155: f(x)= 120.59109081819368
differential_evolution step 156: f(x)= 120.59109081819368
differential_evolution step 157: f(x)= 120.59109081819368
differential_evolution step 158: f(x)= 120.59109081819368
differential_evolution step 159: f(x)= 120.59109081819368
differential_evolution step 160: f(x)= 120.59109081819368
differential_evolution step 161: f(x)= 120.59109081819368
differential_evolution step 162: f(x)= 120.59109081819368
differential_evolution step 163: f(x)= 120.58125468624615
differential_evolution step 164: f(x)= 120.58125468624615
differential_evolution step 165: f(x)= 120.58125468624615
differential_evolution step 166: f(x)= 120.58125468624615
differential_evolution step 167: f(x)= 120.58125468624615
differential_evolution step 168: f(x)= 120.56964869533755
differential_evolution step 169: f(x)= 120.56964869533755
differential_evolution step 170: f(x)= 120.56964869533755
differential_evolution step 171: f(x)= 120.56964869533755
differential_evolution step 172: f(x)= 120.56964869533755
differential_evolution step 173: f(x)= 120.56964869533755
differential_evolution step 174: f(x)= 120.56964869533755
differential_evolution step 175: f(x)= 120.56964869533755
differential_evolution step 176: f(x)= 120.56964869533755
differential_evolution step 177: f(x)= 120.56964869533755
differential_evolution step 178: f(x)= 120.56964869533755
differential_evolution step 179: f(x)= 120.56964869533755
differential_evolution step 180: f(x)= 120.56964869533755
differential_evolution step 181: f(x)= 120.56964869533755
differential_evolution step 182: f(x)= 120.56964869533755
differential_evolution step 183: f(x)= 120.56964869533755
differential_evolution step 184: f(x)= 120.56592117623815
differential_evolution step 185: f(x)= 120.56592117623815
differential_evolution step 186: f(x)= 120.56592117623815
differential_evolution step 187: f(x)= 120.56592117623815
differential_evolution step 188: f(x)= 120.56590254790731
differential_evolution step 189: f(x)= 120.56590254790731
differential_evolution step 190: f(x)= 120.56590254790731
differential_evolution step 191: f(x)= 120.56445973569649
differential_evolution step 192: f(x)= 120.56445973569649
differential_evolution step 193: f(x)= 120.56445973569649
differential_evolution step 194: f(x)= 120.56445973569649
differential_evolution step 195: f(x)= 120.56213738532463
differential_evolution step 196: f(x)= 120.56213738532463
differential_evolution step 197: f(x)= 120.56213738532463
differential_evolution step 198: f(x)= 120.56213738532463
differential_evolution step 199: f(x)= 120.56213738532463
differential_evolution step 200: f(x)= 120.56213738532463
Cluster 5 DE best chi^2: 120.562 with params {'x_src': np.float64(149.21895546841748), 'y_src': np.float64(145.8993486395622), 'z_s': np.float64(3.1944909177412093)}

--- DE Optimization Summary ---
Best fit found for Cluster 0 with chi^2 = 0.026
Best-fit parameters: {'x_src': np.float64(78.05928304521363), 'y_src': np.float64(80.52429274265428), 'z_s': np.float64(3.3411225774474347)}

--- Running MCMC for Cluster 0 (chi_sq=0.026) ---
[MCMC] Process Pool with 16 procs
  0%|          | 0/20000 [00:00<?, ?it/s]  0%|          | 80/20000 [01:40<6:58:19,  1.26s/it]  0%|          | 94/20000 [02:00<6:58:01,  1.26s/it]  1%|          | 158/20000 [03:21<7:02:51,  1.28s/it]  1%|          | 172/20000 [03:40<7:02:33,  1.28s/it]  1%|          | 233/20000 [05:01<7:09:51,  1.30s/it]  1%|          | 245/20000 [05:20<7:09:36,  1.30s/it]  2%|         | 304/20000 [06:42<7:21:26,  1.34s/it]  2%|         | 319/20000 [07:00<7:21:06,  1.34s/it]  2%|         | 383/20000 [08:23<7:11:26,  1.32s/it]  2%|         | 395/20000 [08:40<7:11:10,  1.32s/it]  2%|         | 464/20000 [10:03<7:01:11,  1.29s/it]  2%|         | 478/20000 [10:20<7:00:53,  1.29s/it]  3%|         | 546/20000 [11:44<6:52:16,  1.27s/it]  3%|         | 557/20000 [12:00<6:52:02,  1.27s/it]  3%|         | 625/20000 [13:24<6:50:23,  1.27s/it]  3%|         | 638/20000 [13:40<6:50:06,  1.27s/it]  4%|         | 709/20000 [15:05<6:41:13,  1.25s/it]  4%|         | 721/20000 [15:20<6:40:58,  1.25s/it]  4%|         | 797/20000 [16:46<6:28:25,  1.21s/it]  4%|         | 808/20000 [17:00<6:28:12,  1.21s/it]  4%|         | 888/20000 [18:26<6:14:53,  1.18s/it]  4%|         | 900/20000 [18:40<6:14:38,  1.18s/it]  5%|         | 973/20000 [20:07<6:13:52,  1.18s/it]  5%|         | 983/20000 [20:20<6:13:40,  1.18s/it]  5%|         | 1059/20000 [21:47<6:11:14,  1.18s/it]  5%|         | 1069/20000 [22:00<6:11:02,  1.18s/it]  6%|         | 1136/20000 [23:28<6:21:00,  1.21s/it]  6%|         | 1146/20000 [23:40<6:20:48,  1.21s/it]  6%|         | 1226/20000 [25:08<6:09:39,  1.18s/it]  6%|         | 1236/20000 [25:20<6:09:27,  1.18s/it]  7%|         | 1324/20000 [26:49<5:51:55,  1.13s/it]  7%|         | 1333/20000 [27:00<5:51:45,  1.13s/it]  7%|         | 1416/20000 [28:29<5:46:12,  1.12s/it]  7%|         | 1425/20000 [28:40<5:46:02,  1.12s/it]  8%|         | 1511/20000 [30:10<5:39:14,  1.10s/it]  8%|         | 1529/20000 [30:30<5:38:55,  1.10s/it]  8%|         | 1599/20000 [31:50<5:40:57,  1.11s/it]  8%|         | 1616/20000 [32:10<5:40:38,  1.11s/it]  8%|         | 1687/20000 [33:30<5:41:41,  1.12s/it]  9%|         | 1704/20000 [33:50<5:41:22,  1.12s/it]  9%|         | 1779/20000 [35:11<5:37:13,  1.11s/it]  9%|         | 1796/20000 [35:30<5:36:54,  1.11s/it]  9%|         | 1873/20000 [36:51<5:31:50,  1.10s/it]  9%|         | 1888/20000 [37:10<5:31:34,  1.10s/it] 10%|         | 1966/20000 [38:32<5:28:42,  1.09s/it] 10%|         | 1979/20000 [38:50<5:28:28,  1.09s/it] 10%|         | 2043/20000 [40:13<5:44:00,  1.15s/it] 10%|         | 2054/20000 [40:30<5:43:48,  1.15s/it] 11%|         | 2125/20000 [41:54<5:49:35,  1.17s/it] 11%|         | 2138/20000 [42:10<5:49:20,  1.17s/it] 11%|         | 2211/20000 [43:35<5:48:07,  1.17s/it] 11%|         | 2221/20000 [43:50<5:47:55,  1.17s/it] 11%|        | 2291/20000 [45:15<5:53:39,  1.20s/it] 12%|        | 2301/20000 [45:30<5:53:27,  1.20s/it] 12%|        | 2366/20000 [46:56<6:03:32,  1.24s/it] 12%|        | 2375/20000 [47:10<6:03:21,  1.24s/it] 12%|        | 2438/20000 [48:37<6:15:55,  1.28s/it] 12%|        | 2447/20000 [48:50<6:15:44,  1.28s/it] 13%|        | 2527/20000 [50:18<5:59:40,  1.24s/it] 13%|        | 2537/20000 [50:30<5:59:28,  1.24s/it] 13%|        | 2615/20000 [51:59<5:49:36,  1.21s/it] 13%|        | 2622/20000 [52:10<5:49:28,  1.21s/it] 13%|        | 2689/20000 [53:40<6:00:46,  1.25s/it] 14%|        | 2705/20000 [54:00<6:00:26,  1.25s/it] 14%|        | 2768/20000 [55:21<6:01:23,  1.26s/it] 14%|        | 2781/20000 [55:40<6:01:06,  1.26s/it] 14%|        | 2846/20000 [57:02<6:02:26,  1.27s/it] 14%|        | 2860/20000 [57:20<6:02:08,  1.27s/it] 15%|        | 2925/20000 [58:42<6:01:20,  1.27s/it] 15%|        | 2937/20000 [59:00<6:01:05,  1.27s/it] 15%|        | 3004/20000 [1:00:23<5:59:46,  1.27s/it] 15%|        | 3017/20000 [1:00:40<5:59:29,  1.27s/it] 15%|        | 3089/20000 [1:02:04<5:50:36,  1.24s/it] 15%|        | 3099/20000 [1:02:20<5:50:24,  1.24s/it] 16%|        | 3168/20000 [1:03:44<5:51:22,  1.25s/it] 16%|        | 3179/20000 [1:04:00<5:51:08,  1.25s/it] 16%|        | 3262/20000 [1:05:25<5:32:36,  1.19s/it] 16%|        | 3277/20000 [1:05:40<5:32:18,  1.19s/it] 17%|        | 3361/20000 [1:07:06<5:14:20,  1.13s/it] 17%|        | 3373/20000 [1:07:20<5:14:06,  1.13s/it] 17%|        | 3453/20000 [1:08:46<5:09:10,  1.12s/it] 17%|        | 3464/20000 [1:09:00<5:08:57,  1.12s/it] 18%|        | 3546/20000 [1:10:27<5:04:20,  1.11s/it] 18%|        | 3557/20000 [1:10:40<5:04:07,  1.11s/it] 18%|        | 3640/20000 [1:12:08<4:59:14,  1.10s/it] 18%|        | 3651/20000 [1:12:20<4:59:02,  1.10s/it] 19%|        | 3720/20000 [1:13:48<5:09:40,  1.14s/it] 19%|        | 3727/20000 [1:14:00<5:09:32,  1.14s/it] 19%|        | 3800/20000 [1:15:29<5:17:02,  1.17s/it] 19%|        | 3808/20000 [1:15:40<5:16:53,  1.17s/it] 19%|        | 3883/20000 [1:17:10<5:18:44,  1.19s/it] 20%|        | 3901/20000 [1:17:30<5:18:23,  1.19s/it] 20%|        | 3978/20000 [1:18:51<5:06:08,  1.15s/it] 20%|        | 3994/20000 [1:19:10<5:05:50,  1.15s/it] 20%|        | 4060/20000 [1:20:32<5:10:55,  1.17s/it] 20%|        | 4075/20000 [1:20:50<5:10:37,  1.17s/it] 21%|        | 4139/20000 [1:22:12<5:16:46,  1.20s/it] 21%|        | 4151/20000 [1:22:30<5:16:32,  1.20s/it] 21%|        | 4217/20000 [1:23:53<5:22:14,  1.23s/it] 21%|        | 4228/20000 [1:24:10<5:22:01,  1.23s/it] 21%|       | 4295/20000 [1:25:33<5:25:14,  1.24s/it] 22%|       | 4309/20000 [1:25:50<5:24:57,  1.24s/it] 22%|       | 4381/20000 [1:27:14<5:18:08,  1.22s/it] 22%|       | 4391/20000 [1:27:30<5:17:56,  1.22s/it] 22%|       | 4453/20000 [1:28:55<5:28:50,  1.27s/it] 22%|       | 4462/20000 [1:29:10<5:28:39,  1.27s/it] 23%|       | 4524/20000 [1:30:36<5:38:25,  1.31s/it] 23%|       | 4535/20000 [1:30:50<5:38:10,  1.31s/it] 23%|       | 4607/20000 [1:32:17<5:28:45,  1.28s/it] 23%|       | 4616/20000 [1:32:30<5:28:34,  1.28s/it] 23%|       | 4679/20000 [1:33:57<5:35:02,  1.31s/it] 23%|       | 4688/20000 [1:34:10<5:34:50,  1.31s/it] 24%|       | 4750/20000 [1:35:37<5:40:58,  1.34s/it] 24%|       | 4760/20000 [1:35:50<5:40:44,  1.34s/it] 24%|       | 4834/20000 [1:37:18<5:27:20,  1.30s/it] 24%|       | 4844/20000 [1:37:30<5:27:07,  1.30s/it] 25%|       | 4914/20000 [1:38:59<5:22:59,  1.28s/it] 25%|       | 4922/20000 [1:39:10<5:22:48,  1.28s/it] 25%|       | 5002/20000 [1:40:40<5:10:01,  1.24s/it] 25%|       | 5017/20000 [1:41:00<5:09:42,  1.24s/it] 25%|       | 5078/20000 [1:42:20<5:14:12,  1.26s/it] 25%|       | 5093/20000 [1:42:40<5:13:53,  1.26s/it] 26%|       | 5162/20000 [1:44:00<5:06:53,  1.24s/it] 26%|       | 5179/20000 [1:44:20<5:06:32,  1.24s/it] 26%|       | 5237/20000 [1:45:41<5:12:08,  1.27s/it] 26%|       | 5250/20000 [1:46:00<5:11:52,  1.27s/it] 27%|       | 5311/20000 [1:47:22<5:17:06,  1.30s/it] 27%|       | 5327/20000 [1:47:40<5:16:46,  1.30s/it] 27%|       | 5392/20000 [1:49:02<5:10:48,  1.28s/it] 27%|       | 5406/20000 [1:49:20<5:10:30,  1.28s/it] 27%|       | 5469/20000 [1:50:42<5:11:38,  1.29s/it] 27%|       | 5484/20000 [1:51:00<5:11:18,  1.29s/it] 28%|       | 5554/20000 [1:52:23<5:02:06,  1.25s/it] 28%|       | 5569/20000 [1:52:40<5:01:47,  1.25s/it] 28%|       | 5653/20000 [1:54:04<4:40:04,  1.17s/it] 28%|       | 5667/20000 [1:54:20<4:39:48,  1.17s/it] 29%|       | 5747/20000 [1:55:44<4:30:19,  1.14s/it] 29%|       | 5761/20000 [1:56:00<4:30:03,  1.14s/it] 29%|       | 5839/20000 [1:57:25<4:25:18,  1.12s/it] 29%|       | 5852/20000 [1:57:40<4:25:04,  1.12s/it] 30%|       | 5930/20000 [1:59:05<4:22:20,  1.12s/it] 30%|       | 5943/20000 [1:59:20<4:22:06,  1.12s/it] 30%|       | 6022/20000 [2:00:46<4:18:45,  1.11s/it] 30%|       | 6035/20000 [2:01:00<4:18:31,  1.11s/it] 31%|       | 6115/20000 [2:02:26<4:15:02,  1.10s/it] 31%|       | 6127/20000 [2:02:40<4:14:49,  1.10s/it] 31%|       | 6203/20000 [2:04:06<4:15:45,  1.11s/it] 31%|       | 6213/20000 [2:04:20<4:15:34,  1.11s/it] 31%|      | 6285/20000 [2:05:47<4:21:24,  1.14s/it] 31%|      | 6296/20000 [2:06:00<4:21:11,  1.14s/it] 32%|      | 6368/20000 [2:07:27<4:24:00,  1.16s/it] 32%|      | 6380/20000 [2:07:40<4:23:46,  1.16s/it] 32%|      | 6456/20000 [2:09:08<4:21:11,  1.16s/it] 32%|      | 6464/20000 [2:09:20<4:21:01,  1.16s/it] 33%|      | 6530/20000 [2:10:49<4:32:23,  1.21s/it] 33%|      | 6538/20000 [2:11:00<4:32:13,  1.21s/it] 33%|      | 6611/20000 [2:12:29<4:32:20,  1.22s/it] 33%|      | 6621/20000 [2:12:40<4:32:08,  1.22s/it] 34%|      | 6701/20000 [2:14:09<4:22:51,  1.19s/it] 34%|      | 6710/20000 [2:14:20<4:22:40,  1.19s/it] 34%|      | 6777/20000 [2:15:50<4:29:30,  1.22s/it] 34%|      | 6784/20000 [2:16:00<4:29:21,  1.22s/it] 34%|      | 6855/20000 [2:17:30<4:32:20,  1.24s/it] 34%|      | 6867/20000 [2:17:50<4:32:05,  1.24s/it] 35%|      | 6928/20000 [2:19:11<4:39:22,  1.28s/it] 35%|      | 6943/20000 [2:19:30<4:39:03,  1.28s/it] 35%|      | 7005/20000 [2:20:52<4:39:07,  1.29s/it] 35%|      | 7016/20000 [2:21:10<4:38:53,  1.29s/it] 35%|      | 7087/20000 [2:22:32<4:33:13,  1.27s/it] 36%|      | 7101/20000 [2:22:50<4:32:55,  1.27s/it] 36%|      | 7177/20000 [2:24:13<4:20:31,  1.22s/it] 36%|      | 7194/20000 [2:24:30<4:20:10,  1.22s/it] 36%|      | 7257/20000 [2:25:54<4:21:36,  1.23s/it] 36%|      | 7270/20000 [2:26:10<4:21:20,  1.23s/it] 37%|      | 7334/20000 [2:27:34<4:24:09,  1.25s/it] 37%|      | 7344/20000 [2:27:50<4:23:56,  1.25s/it] 37%|      | 7406/20000 [2:29:14<4:30:45,  1.29s/it] 37%|      | 7417/20000 [2:29:30<4:30:31,  1.29s/it] 37%|      | 7484/20000 [2:30:55<4:29:41,  1.29s/it] 37%|      | 7493/20000 [2:31:10<4:29:29,  1.29s/it] 38%|      | 7570/20000 [2:32:36<4:19:42,  1.25s/it] 38%|      | 7582/20000 [2:32:50<4:19:27,  1.25s/it] 38%|      | 7641/20000 [2:34:16<4:27:19,  1.30s/it] 38%|      | 7650/20000 [2:34:30<4:27:07,  1.30s/it] 39%|      | 7711/20000 [2:35:57<4:34:04,  1.34s/it] 39%|      | 7723/20000 [2:36:10<4:33:48,  1.34s/it] 39%|      | 7796/20000 [2:37:39<4:22:32,  1.29s/it] 39%|      | 7803/20000 [2:37:50<4:22:23,  1.29s/it] 39%|      | 7886/20000 [2:39:19<4:09:03,  1.23s/it] 39%|      | 7895/20000 [2:39:30<4:08:51,  1.23s/it] 40%|      | 7967/20000 [2:41:00<4:07:33,  1.23s/it] 40%|      | 7973/20000 [2:41:10<4:07:25,  1.23s/it] 40%|      | 8047/20000 [2:42:40<4:07:00,  1.24s/it] 40%|      | 8064/20000 [2:43:00<4:06:39,  1.24s/it] 41%|      | 8126/20000 [2:44:21<4:07:48,  1.25s/it] 41%|      | 8138/20000 [2:44:40<4:07:32,  1.25s/it] 41%|      | 8207/20000 [2:46:02<4:05:26,  1.25s/it] 41%|      | 8222/20000 [2:46:20<4:05:07,  1.25s/it] 41%|     | 8291/20000 [2:47:42<4:00:34,  1.23s/it] 42%|     | 8307/20000 [2:48:00<4:00:14,  1.23s/it] 42%|     | 8367/20000 [2:49:22<4:03:48,  1.26s/it] 42%|     | 8378/20000 [2:49:40<4:03:34,  1.26s/it] 42%|     | 8450/20000 [2:51:02<3:59:01,  1.24s/it] 42%|     | 8465/20000 [2:51:20<3:58:42,  1.24s/it] 43%|     | 8537/20000 [2:52:42<3:51:40,  1.21s/it] 43%|     | 8551/20000 [2:53:00<3:51:23,  1.21s/it] 43%|     | 8620/20000 [2:54:23<3:49:34,  1.21s/it] 43%|     | 8633/20000 [2:54:40<3:49:18,  1.21s/it] 44%|     | 8701/20000 [2:56:03<3:49:48,  1.22s/it] 44%|     | 8712/20000 [2:56:20<3:49:34,  1.22s/it] 44%|     | 8786/20000 [2:57:44<3:45:54,  1.21s/it] 44%|     | 8800/20000 [2:58:00<3:45:37,  1.21s/it] 44%|     | 8865/20000 [2:59:25<3:48:24,  1.23s/it] 44%|     | 8876/20000 [2:59:40<3:48:10,  1.23s/it] 45%|     | 8938/20000 [3:01:07<3:54:53,  1.27s/it] 45%|     | 8947/20000 [3:01:20<3:54:42,  1.27s/it] 45%|     | 9021/20000 [3:02:47<3:49:36,  1.25s/it] 45%|     | 9030/20000 [3:03:00<3:49:25,  1.25s/it] 45%|     | 9098/20000 [3:04:28<3:50:49,  1.27s/it] 46%|     | 9105/20000 [3:04:40<3:50:40,  1.27s/it] 46%|     | 9170/20000 [3:06:08<3:55:37,  1.31s/it] 46%|     | 9179/20000 [3:06:20<3:55:26,  1.31s/it] 46%|     | 9248/20000 [3:07:50<3:53:29,  1.30s/it] 46%|     | 9254/20000 [3:08:00<3:53:21,  1.30s/it] 47%|     | 9329/20000 [3:09:30<3:48:13,  1.28s/it] 47%|     | 9346/20000 [3:09:50<3:47:51,  1.28s/it] 47%|     | 9407/20000 [3:11:10<3:46:47,  1.28s/it] 47%|     | 9423/20000 [3:11:30<3:46:26,  1.28s/it] 47%|     | 9497/20000 [3:12:50<3:34:51,  1.23s/it] 48%|     | 9512/20000 [3:13:10<3:34:32,  1.23s/it] 48%|     | 9577/20000 [3:14:31<3:34:28,  1.23s/it] 48%|     | 9593/20000 [3:14:50<3:34:08,  1.23s/it] 48%|     | 9663/20000 [3:16:11<3:28:57,  1.21s/it] 48%|     | 9681/20000 [3:16:30<3:28:35,  1.21s/it] 49%|     | 9750/20000 [3:17:51<3:24:05,  1.19s/it] 49%|     | 9765/20000 [3:18:10<3:23:47,  1.19s/it] 49%|     | 9827/20000 [3:19:32<3:27:57,  1.23s/it] 49%|     | 9839/20000 [3:19:50<3:27:43,  1.23s/it] 50%|     | 9913/20000 [3:21:13<3:23:19,  1.21s/it] 50%|     | 9927/20000 [3:21:30<3:23:02,  1.21s/it] 50%|     | 9995/20000 [3:22:53<3:22:26,  1.21s/it] 50%|     | 10006/20000 [3:23:10<3:22:13,  1.21s/it] 50%|     | 10076/20000 [3:24:33<3:21:56,  1.22s/it] 50%|     | 10086/20000 [3:24:50<3:21:43,  1.22s/it] 51%|     | 10157/20000 [3:26:15<3:21:47,  1.23s/it] 51%|     | 10170/20000 [3:26:30<3:21:31,  1.23s/it] 51%|     | 10240/20000 [3:27:55<3:18:59,  1.22s/it] 51%|    | 10250/20000 [3:28:10<3:18:46,  1.22s/it] 52%|    | 10313/20000 [3:29:35<3:24:10,  1.26s/it] 52%|    | 10325/20000 [3:29:50<3:23:55,  1.26s/it] 52%|    | 10392/20000 [3:31:16<3:22:56,  1.27s/it] 52%|    | 10402/20000 [3:31:30<3:22:44,  1.27s/it] 52%|    | 10468/20000 [3:32:56<3:23:56,  1.28s/it] 52%|    | 10478/20000 [3:33:10<3:23:44,  1.28s/it] 53%|    | 10553/20000 [3:34:37<3:17:21,  1.25s/it] 53%|    | 10565/20000 [3:34:50<3:17:06,  1.25s/it] 53%|    | 10648/20000 [3:36:18<3:04:56,  1.19s/it] 53%|    | 10659/20000 [3:36:30<3:04:43,  1.19s/it] 54%|    | 10737/20000 [3:37:58<3:00:13,  1.17s/it] 54%|    | 10746/20000 [3:38:10<3:00:02,  1.17s/it] 54%|    | 10815/20000 [3:39:38<3:03:42,  1.20s/it] 54%|    | 10824/20000 [3:39:50<3:03:31,  1.20s/it] 55%|    | 10903/20000 [3:41:18<2:59:08,  1.18s/it] 55%|    | 10913/20000 [3:41:30<2:58:56,  1.18s/it] 55%|    | 10989/20000 [3:42:59<2:56:57,  1.18s/it] 55%|    | 10996/20000 [3:43:10<2:56:49,  1.18s/it] 55%|    | 11082/20000 [3:44:40<2:50:49,  1.15s/it] 56%|    | 11101/20000 [3:45:00<2:50:27,  1.15s/it] 56%|    | 11172/20000 [3:46:21<2:48:05,  1.14s/it] 56%|    | 11185/20000 [3:46:40<2:47:50,  1.14s/it] 56%|    | 11242/20000 [3:48:02<2:57:54,  1.22s/it] 56%|    | 11253/20000 [3:48:20<2:57:41,  1.22s/it] 57%|    | 11314/20000 [3:49:43<3:03:30,  1.27s/it] 57%|    | 11328/20000 [3:50:00<3:03:12,  1.27s/it] 57%|    | 11388/20000 [3:51:23<3:05:27,  1.29s/it] 57%|    | 11400/20000 [3:51:40<3:05:12,  1.29s/it] 57%|    | 11465/20000 [3:53:04<3:04:33,  1.30s/it] 57%|    | 11475/20000 [3:53:20<3:04:20,  1.30s/it] 58%|    | 11540/20000 [3:54:45<3:04:57,  1.31s/it] 58%|    | 11551/20000 [3:55:00<3:04:42,  1.31s/it] 58%|    | 11619/20000 [3:56:26<3:01:52,  1.30s/it] 58%|    | 11631/20000 [3:56:40<3:01:36,  1.30s/it] 58%|    | 11699/20000 [3:58:07<2:58:07,  1.29s/it] 59%|    | 11711/20000 [3:58:20<2:57:52,  1.29s/it] 59%|    | 11791/20000 [3:59:47<2:47:20,  1.22s/it] 59%|    | 11800/20000 [4:00:00<2:47:09,  1.22s/it] 59%|    | 11872/20000 [4:01:29<2:46:41,  1.23s/it] 59%|    | 11880/20000 [4:01:40<2:46:31,  1.23s/it] 60%|    | 11948/20000 [4:03:10<2:49:04,  1.26s/it] 60%|    | 11961/20000 [4:03:30<2:48:48,  1.26s/it] 60%|    | 12018/20000 [4:04:50<2:54:00,  1.31s/it] 60%|    | 12031/20000 [4:05:10<2:53:43,  1.31s/it] 61%|    | 12105/20000 [4:06:31<2:45:42,  1.26s/it] 61%|    | 12122/20000 [4:06:50<2:45:21,  1.26s/it] 61%|    | 12189/20000 [4:08:12<2:41:32,  1.24s/it] 61%|    | 12205/20000 [4:08:30<2:41:12,  1.24s/it] 61%|   | 12280/20000 [4:09:53<2:34:00,  1.20s/it] 61%|   | 12294/20000 [4:10:10<2:33:44,  1.20s/it] 62%|   | 12365/20000 [4:11:33<2:31:41,  1.19s/it] 62%|   | 12381/20000 [4:11:50<2:31:22,  1.19s/it] 62%|   | 12454/20000 [4:13:13<2:27:25,  1.17s/it] 62%|   | 12469/20000 [4:13:30<2:27:07,  1.17s/it] 63%|   | 12535/20000 [4:14:55<2:28:39,  1.19s/it] 63%|   | 12546/20000 [4:15:10<2:28:26,  1.19s/it] 63%|   | 12614/20000 [4:16:35<2:29:50,  1.22s/it] 63%|   | 12624/20000 [4:16:50<2:29:37,  1.22s/it] 63%|   | 12695/20000 [4:18:16<2:29:00,  1.22s/it] 64%|   | 12707/20000 [4:18:30<2:28:45,  1.22s/it] 64%|   | 12779/20000 [4:19:56<2:26:12,  1.21s/it] 64%|   | 12790/20000 [4:20:10<2:25:59,  1.21s/it] 64%|   | 12859/20000 [4:21:36<2:25:58,  1.23s/it] 64%|   | 12870/20000 [4:21:50<2:25:44,  1.23s/it] 65%|   | 12937/20000 [4:23:17<2:26:32,  1.24s/it] 65%|   | 12946/20000 [4:23:30<2:26:21,  1.24s/it] 65%|   | 13014/20000 [4:24:58<2:27:11,  1.26s/it] 65%|   | 13023/20000 [4:25:10<2:26:59,  1.26s/it] 65%|   | 13096/20000 [4:26:39<2:24:23,  1.25s/it] 66%|   | 13104/20000 [4:26:50<2:24:13,  1.25s/it] 66%|   | 13171/20000 [4:28:20<2:25:51,  1.28s/it] 66%|   | 13185/20000 [4:28:40<2:25:33,  1.28s/it] 66%|   | 13250/20000 [4:30:01<2:24:04,  1.28s/it] 66%|   | 13266/20000 [4:30:20<2:23:44,  1.28s/it] 67%|   | 13336/20000 [4:31:42<2:18:20,  1.25s/it] 67%|   | 13349/20000 [4:32:00<2:18:04,  1.25s/it] 67%|   | 13418/20000 [4:33:23<2:16:16,  1.24s/it] 67%|   | 13430/20000 [4:33:40<2:16:01,  1.24s/it] 67%|   | 13488/20000 [4:35:04<2:20:44,  1.30s/it] 67%|   | 13498/20000 [4:35:20<2:20:31,  1.30s/it] 68%|   | 13560/20000 [4:36:44<2:21:59,  1.32s/it] 68%|   | 13571/20000 [4:37:00<2:21:45,  1.32s/it] 68%|   | 13650/20000 [4:38:25<2:12:43,  1.25s/it] 68%|   | 13662/20000 [4:38:40<2:12:28,  1.25s/it] 69%|   | 13726/20000 [4:40:06<2:13:20,  1.28s/it] 69%|   | 13736/20000 [4:40:20<2:13:07,  1.28s/it] 69%|   | 13796/20000 [4:41:47<2:16:50,  1.32s/it] 69%|   | 13804/20000 [4:42:00<2:16:40,  1.32s/it] 69%|   | 13876/20000 [4:43:27<2:12:46,  1.30s/it] 69%|   | 13888/20000 [4:43:40<2:12:31,  1.30s/it] 70%|   | 13959/20000 [4:45:09<2:08:21,  1.27s/it] 70%|   | 13966/20000 [4:45:20<2:08:12,  1.27s/it] 70%|   | 14039/20000 [4:46:49<2:05:58,  1.27s/it] 70%|   | 14048/20000 [4:47:00<2:05:46,  1.27s/it] 71%|   | 14135/20000 [4:48:30<1:56:49,  1.20s/it] 71%|   | 14152/20000 [4:48:50<1:56:29,  1.20s/it] 71%|   | 14221/20000 [4:50:11<1:54:29,  1.19s/it] 71%|   | 14237/20000 [4:50:30<1:54:10,  1.19s/it] 72%|  | 14313/20000 [4:51:51<1:49:37,  1.16s/it] 72%|  | 14327/20000 [4:52:10<1:49:21,  1.16s/it] 72%|  | 14386/20000 [4:53:32<1:53:49,  1.22s/it] 72%|  | 14398/20000 [4:53:50<1:53:34,  1.22s/it] 72%|  | 14465/20000 [4:55:13<1:53:53,  1.23s/it] 72%|  | 14476/20000 [4:55:30<1:53:39,  1.23s/it] 73%|  | 14552/20000 [4:56:53<1:49:50,  1.21s/it] 73%|  | 14567/20000 [4:57:10<1:49:32,  1.21s/it] 73%|  | 14640/20000 [4:58:34<1:46:04,  1.19s/it] 73%|  | 14651/20000 [4:58:50<1:45:51,  1.19s/it] 74%|  | 14714/20000 [5:00:14<1:48:36,  1.23s/it] 74%|  | 14725/20000 [5:00:30<1:48:23,  1.23s/it] 74%|  | 14795/20000 [5:01:55<1:47:20,  1.24s/it] 74%|  | 14807/20000 [5:02:10<1:47:05,  1.24s/it] 74%|  | 14868/20000 [5:03:36<1:49:15,  1.28s/it] 74%|  | 14878/20000 [5:03:50<1:49:02,  1.28s/it] 75%|  | 14947/20000 [5:05:17<1:47:36,  1.28s/it] 75%|  | 14959/20000 [5:05:30<1:47:21,  1.28s/it] 75%|  | 15033/20000 [5:06:58<1:43:03,  1.24s/it] 75%|  | 15041/20000 [5:07:10<1:42:53,  1.24s/it] 76%|  | 15113/20000 [5:08:39<1:41:48,  1.25s/it] 76%|  | 15121/20000 [5:08:50<1:41:38,  1.25s/it] 76%|  | 15195/20000 [5:10:19<1:39:24,  1.24s/it] 76%|  | 15205/20000 [5:10:30<1:39:11,  1.24s/it] 76%|  | 15287/20000 [5:11:59<1:33:38,  1.19s/it] 76%|  | 15294/20000 [5:12:10<1:33:30,  1.19s/it] 77%|  | 15369/20000 [5:13:40<1:32:44,  1.20s/it] 77%|  | 15376/20000 [5:13:50<1:32:35,  1.20s/it] 77%|  | 15448/20000 [5:15:20<1:32:43,  1.22s/it] 77%|  | 15466/20000 [5:15:40<1:32:21,  1.22s/it] 78%|  | 15542/20000 [5:17:01<1:27:02,  1.17s/it] 78%|  | 15557/20000 [5:17:20<1:26:45,  1.17s/it] 78%|  | 15625/20000 [5:18:42<1:26:26,  1.19s/it] 78%|  | 15640/20000 [5:19:00<1:26:08,  1.19s/it] 79%|  | 15714/20000 [5:20:22<1:23:28,  1.17s/it] 79%|  | 15728/20000 [5:20:40<1:23:12,  1.17s/it] 79%|  | 15804/20000 [5:22:03<1:20:38,  1.15s/it] 79%|  | 15817/20000 [5:22:20<1:20:23,  1.15s/it] 79%|  | 15892/20000 [5:23:43<1:18:37,  1.15s/it] 80%|  | 15909/20000 [5:24:00<1:18:17,  1.15s/it] 80%|  | 15986/20000 [5:25:24<1:15:12,  1.12s/it] 80%|  | 15998/20000 [5:25:40<1:14:59,  1.12s/it] 80%|  | 16073/20000 [5:27:04<1:14:06,  1.13s/it] 80%|  | 16087/20000 [5:27:20<1:13:50,  1.13s/it] 81%|  | 16153/20000 [5:28:46<1:15:01,  1.17s/it] 81%|  | 16164/20000 [5:29:00<1:14:49,  1.17s/it] 81%|  | 16241/20000 [5:30:26<1:12:48,  1.16s/it] 81%| | 16254/20000 [5:30:40<1:12:33,  1.16s/it] 82%| | 16326/20000 [5:32:08<1:11:45,  1.17s/it] 82%| | 16334/20000 [5:32:20<1:11:35,  1.17s/it] 82%| | 16403/20000 [5:33:49<1:12:35,  1.21s/it] 82%| | 16411/20000 [5:34:00<1:12:25,  1.21s/it] 82%| | 16489/20000 [5:35:30<1:10:10,  1.20s/it] 82%| | 16497/20000 [5:35:40<1:10:00,  1.20s/it] 83%| | 16577/20000 [5:37:10<1:07:26,  1.18s/it] 83%| | 16595/20000 [5:37:30<1:07:05,  1.18s/it] 83%| | 16667/20000 [5:38:51<1:04:27,  1.16s/it] 83%| | 16685/20000 [5:39:10<1:04:06,  1.16s/it] 84%| | 16760/20000 [5:40:31<1:01:21,  1.14s/it] 84%| | 16776/20000 [5:40:50<1:01:02,  1.14s/it] 84%| | 16857/20000 [5:42:12<57:54,  1.11s/it]   84%| | 16873/20000 [5:42:30<57:36,  1.11s/it] 85%| | 16953/20000 [5:43:53<55:11,  1.09s/it] 85%| | 16968/20000 [5:44:10<54:55,  1.09s/it] 85%| | 17047/20000 [5:45:33<53:17,  1.08s/it] 85%| | 17063/20000 [5:45:50<52:59,  1.08s/it] 86%| | 17142/20000 [5:47:14<51:13,  1.08s/it] 86%| | 17155/20000 [5:47:30<50:59,  1.08s/it] 86%| | 17231/20000 [5:48:55<50:25,  1.09s/it] 86%| | 17244/20000 [5:49:10<50:11,  1.09s/it] 87%| | 17323/20000 [5:50:35<48:42,  1.09s/it] 87%| | 17335/20000 [5:50:50<48:29,  1.09s/it] 87%| | 17412/20000 [5:52:16<47:31,  1.10s/it] 87%| | 17423/20000 [5:52:30<47:19,  1.10s/it] 87%| | 17497/20000 [5:53:56<46:56,  1.13s/it] 88%| | 17508/20000 [5:54:10<46:43,  1.13s/it] 88%| | 17589/20000 [5:55:37<44:51,  1.12s/it] 88%| | 17600/20000 [5:55:50<44:39,  1.12s/it] 88%| | 17679/20000 [5:57:17<43:10,  1.12s/it] 88%| | 17691/20000 [5:57:30<42:56,  1.12s/it] 89%| | 17762/20000 [5:58:58<42:34,  1.14s/it] 89%| | 17772/20000 [5:59:10<42:23,  1.14s/it] 89%| | 17857/20000 [6:00:38<39:50,  1.12s/it] 89%| | 17868/20000 [6:00:50<39:37,  1.12s/it] 90%| | 17947/20000 [6:02:18<38:08,  1.11s/it] 90%| | 17954/20000 [6:02:30<38:00,  1.11s/it] 90%| | 18024/20000 [6:04:00<38:30,  1.17s/it] 90%| | 18031/20000 [6:04:10<38:21,  1.17s/it] 91%| | 18105/20000 [6:05:40<37:34,  1.19s/it] 91%| | 18122/20000 [6:06:00<37:14,  1.19s/it] 91%| | 18197/20000 [6:07:21<34:50,  1.16s/it] 91%| | 18214/20000 [6:07:40<34:30,  1.16s/it] 91%|| 18286/20000 [6:09:02<32:54,  1.15s/it] 92%|| 18301/20000 [6:09:20<32:37,  1.15s/it] 92%|| 18377/20000 [6:10:42<30:43,  1.14s/it] 92%|| 18394/20000 [6:11:00<30:24,  1.14s/it] 92%|| 18464/20000 [6:12:22<29:11,  1.14s/it] 92%|| 18475/20000 [6:12:40<28:59,  1.14s/it] 93%|| 18545/20000 [6:14:03<28:20,  1.17s/it] 93%|| 18559/20000 [6:14:20<28:04,  1.17s/it] 93%|| 18633/20000 [6:15:44<26:29,  1.16s/it] 93%|| 18646/20000 [6:16:00<26:14,  1.16s/it] 94%|| 18722/20000 [6:17:24<24:32,  1.15s/it] 94%|| 18735/20000 [6:17:40<24:17,  1.15s/it] 94%|| 18814/20000 [6:19:05<22:25,  1.13s/it] 94%|| 18828/20000 [6:19:20<22:09,  1.13s/it] 94%|| 18894/20000 [6:20:46<21:32,  1.17s/it] 95%|| 18906/20000 [6:21:00<21:18,  1.17s/it] 95%|| 18972/20000 [6:22:26<20:34,  1.20s/it] 95%|| 18984/20000 [6:22:40<20:20,  1.20s/it] 95%|| 19061/20000 [6:24:06<18:25,  1.18s/it] 95%|| 19073/20000 [6:24:20<18:11,  1.18s/it] 96%|| 19140/20000 [6:25:46<17:14,  1.20s/it] 96%|| 19150/20000 [6:26:00<17:02,  1.20s/it] 96%|| 19234/20000 [6:27:26<14:47,  1.16s/it] 96%|| 19247/20000 [6:27:40<14:32,  1.16s/it] 97%|| 19326/20000 [6:29:07<12:46,  1.14s/it] 97%|| 19339/20000 [6:29:20<12:31,  1.14s/it] 97%|| 19425/20000 [6:30:47<10:31,  1.10s/it] 97%|| 19436/20000 [6:31:00<10:19,  1.10s/it] 98%|| 19511/20000 [6:32:28<09:07,  1.12s/it] 98%|| 19519/20000 [6:32:40<08:58,  1.12s/it] 98%|| 19586/20000 [6:34:09<08:08,  1.18s/it] 98%|| 19593/20000 [6:34:20<08:00,  1.18s/it] 98%|| 19659/20000 [6:35:50<07:00,  1.23s/it] 98%|| 19666/20000 [6:36:00<06:51,  1.23s/it] 99%|| 19741/20000 [6:37:30<05:18,  1.23s/it] 99%|| 19761/20000 [6:37:50<04:54,  1.23s/it] 99%|| 19843/20000 [6:39:11<02:59,  1.15s/it] 99%|| 19857/20000 [6:39:30<02:43,  1.15s/it]100%|| 19923/20000 [6:40:52<01:30,  1.18s/it]100%|| 19935/20000 [6:41:10<01:16,  1.18s/it]100%|| 20000/20000 [6:42:32<00:00,  1.21s/it]100%|| 20000/20000 [6:42:32<00:00,  1.21s/it]

Analysis complete. Found 1 cluster(s) meeting the MCMC criterion.
Accepted cluster indices: [0]

--- Processing Final Results for Cluster 0 ---
--- MCMC Parameter Constraints for Cluster 0 ---
  x_src = 78.060 +0.029 / -0.024
  y_src = 80.497 +0.112 / -0.116
    z_s = 3.328 +0.118 / -0.098
Saving localization results for Cluster 0...
Processing results for Cluster 0...
-> Saved 340000 samples to /users/hiu-yeung.cheng/clusterlensing/out/row7/test_tidy_row7/cluster_0_posterior.npz
Updated CSV row 7 with result for cluster 0.
Loading data from /users/hiu-yeung.cheng/clusterlensing/out/row7/test_tidy_row7/cluster_0_posterior.npz...

Generating corner plot...
-> Corner plot saved to /users/hiu-yeung.cheng/clusterlensing/out/row7/test_tidy_row7/cluster_0_corner_from_saved.png

Generating trace plot...
-> Trace plot saved to /users/hiu-yeung.cheng/clusterlensing/out/row7/test_tidy_row7/cluster_0_trace.png
