Row=8 OUT_DIR=/users/hiu-yeung.cheng/clusterlensing/out/row8 DE_PROCS=16 MCMC_PROCS=16
Setup complete. Lensing system initialized.
True time delays: [   0.         2421.50063515 6529.55841344 6604.40430738 6786.39130289]
True luminosity distances: 12757.566829391315
Lensed luminosity distances: [ 3181.68318712  2757.70748634  2978.70679656  1809.04851582
 37486.45494066]

Running the full analysis pipeline...
--- Running DE for Cluster 0 ---
[DE] Process Pool with 16 procs (init=latinhypercube, popsize=50)
differential_evolution step 1: f(x)= 3000.0
differential_evolution step 2: f(x)= 3000.0
differential_evolution step 3: f(x)= 3000.0
differential_evolution step 4: f(x)= 3000.0
differential_evolution step 5: f(x)= 3000.0
differential_evolution step 6: f(x)= 3000.0
differential_evolution step 7: f(x)= 3000.0
differential_evolution step 8: f(x)= 3000.0
differential_evolution step 9: f(x)= 3000.0
differential_evolution step 10: f(x)= 3000.0
differential_evolution step 11: f(x)= 3000.0
differential_evolution step 12: f(x)= 3000.0
differential_evolution step 13: f(x)= 3000.0
differential_evolution step 14: f(x)= 3000.0
differential_evolution step 15: f(x)= 3000.0
differential_evolution step 16: f(x)= 3000.0
differential_evolution step 17: f(x)= 3000.0
differential_evolution step 18: f(x)= 3000.0
differential_evolution step 19: f(x)= 2796.2999405497944
differential_evolution step 20: f(x)= 2796.2999405497944
differential_evolution step 21: f(x)= 2796.2999405497944
differential_evolution step 22: f(x)= 2796.2999405497944
differential_evolution step 23: f(x)= 2796.2999405497944
differential_evolution step 24: f(x)= 2796.2999405497944
differential_evolution step 25: f(x)= 2796.2999405497944
differential_evolution step 26: f(x)= 2796.2999405497944
differential_evolution step 27: f(x)= 1784.4110491184367
differential_evolution step 28: f(x)= 1784.4110491184367
differential_evolution step 29: f(x)= 1784.4110491184367
differential_evolution step 30: f(x)= 1784.4110491184367
differential_evolution step 31: f(x)= 1784.4110491184367
differential_evolution step 32: f(x)= 1784.4110491184367
differential_evolution step 33: f(x)= 1784.4110491184367
differential_evolution step 34: f(x)= 1784.4110491184367
differential_evolution step 35: f(x)= 1784.4110491184367
differential_evolution step 36: f(x)= 1784.4110491184367
differential_evolution step 37: f(x)= 1784.4110491184367
differential_evolution step 38: f(x)= 1784.4110491184367
differential_evolution step 39: f(x)= 1784.4110491184367
differential_evolution step 40: f(x)= 1784.4110491184367
differential_evolution step 41: f(x)= 1784.4110491184367
differential_evolution step 42: f(x)= 1784.4110491184367
differential_evolution step 43: f(x)= 1663.8271112797984
differential_evolution step 44: f(x)= 1663.8271112797984
differential_evolution step 45: f(x)= 535.0405576620531
differential_evolution step 46: f(x)= 535.0405576620531
differential_evolution step 47: f(x)= 535.0405576620531
differential_evolution step 48: f(x)= 535.0405576620531
differential_evolution step 49: f(x)= 535.0405576620531
differential_evolution step 50: f(x)= 535.0405576620531
differential_evolution step 51: f(x)= 535.0405576620531
differential_evolution step 52: f(x)= 535.0405576620531
differential_evolution step 53: f(x)= 535.0405576620531
differential_evolution step 54: f(x)= 535.0405576620531
differential_evolution step 55: f(x)= 535.0405576620531
differential_evolution step 56: f(x)= 535.0405576620531
differential_evolution step 57: f(x)= 535.0405576620531
differential_evolution step 58: f(x)= 535.0405576620531
differential_evolution step 59: f(x)= 535.0405576620531
differential_evolution step 60: f(x)= 535.0405576620531
differential_evolution step 61: f(x)= 535.0405576620531
differential_evolution step 62: f(x)= 535.0405576620531
differential_evolution step 63: f(x)= 535.0405576620531
differential_evolution step 64: f(x)= 535.0405576620531
differential_evolution step 65: f(x)= 535.0405576620531
differential_evolution step 66: f(x)= 535.0405576620531
differential_evolution step 67: f(x)= 535.0405576620531
differential_evolution step 68: f(x)= 535.0405576620531
differential_evolution step 69: f(x)= 535.0405576620531
differential_evolution step 70: f(x)= 535.0405576620531
differential_evolution step 71: f(x)= 518.7492038639821
differential_evolution step 72: f(x)= 518.7492038639821
differential_evolution step 73: f(x)= 518.7492038639821
differential_evolution step 74: f(x)= 518.7492038639821
differential_evolution step 75: f(x)= 518.7492038639821
differential_evolution step 76: f(x)= 403.0275804756873
differential_evolution step 77: f(x)= 403.0275804756873
differential_evolution step 78: f(x)= 403.0275804756873
differential_evolution step 79: f(x)= 403.0275804756873
differential_evolution step 80: f(x)= 403.0275804756873
differential_evolution step 81: f(x)= 187.42799238864058
differential_evolution step 82: f(x)= 187.42799238864058
differential_evolution step 83: f(x)= 187.42799238864058
differential_evolution step 84: f(x)= 187.42799238864058
differential_evolution step 85: f(x)= 187.42799238864058
differential_evolution step 86: f(x)= 187.42799238864058
differential_evolution step 87: f(x)= 187.42799238864058
differential_evolution step 88: f(x)= 187.42799238864058
differential_evolution step 89: f(x)= 187.42799238864058
differential_evolution step 90: f(x)= 187.42799238864058
differential_evolution step 91: f(x)= 187.42799238864058
differential_evolution step 92: f(x)= 187.42799238864058
differential_evolution step 93: f(x)= 165.30443360782968
differential_evolution step 94: f(x)= 165.30443360782968
differential_evolution step 95: f(x)= 165.30443360782968
differential_evolution step 96: f(x)= 165.30443360782968
differential_evolution step 97: f(x)= 165.30443360782968
differential_evolution step 98: f(x)= 165.30443360782968
differential_evolution step 99: f(x)= 165.30443360782968
differential_evolution step 100: f(x)= 165.30443360782968
differential_evolution step 101: f(x)= 165.30443360782968
differential_evolution step 102: f(x)= 165.30443360782968
differential_evolution step 103: f(x)= 165.30443360782968
differential_evolution step 104: f(x)= 165.30443360782968
differential_evolution step 105: f(x)= 43.64937921756461
differential_evolution step 106: f(x)= 43.64937921756461
differential_evolution step 107: f(x)= 43.64937921756461
differential_evolution step 108: f(x)= 31.571524153083377
differential_evolution step 109: f(x)= 14.072656851600245
differential_evolution step 110: f(x)= 14.072656851600245
differential_evolution step 111: f(x)= 14.072656851600245
differential_evolution step 112: f(x)= 14.072656851600245
differential_evolution step 113: f(x)= 14.072656851600245
differential_evolution step 114: f(x)= 14.072656851600245
differential_evolution step 115: f(x)= 14.072656851600245
differential_evolution step 116: f(x)= 14.072656851600245
differential_evolution step 117: f(x)= 14.072656851600245
differential_evolution step 118: f(x)= 14.072656851600245
differential_evolution step 119: f(x)= 14.072656851600245
differential_evolution step 120: f(x)= 14.072656851600245
differential_evolution step 121: f(x)= 14.072656851600245
differential_evolution step 122: f(x)= 14.072656851600245
differential_evolution step 123: f(x)= 14.072656851600245
differential_evolution step 124: f(x)= 14.072656851600245
differential_evolution step 125: f(x)= 14.072656851600245
differential_evolution step 126: f(x)= 10.830569045976782
differential_evolution step 127: f(x)= 8.898138612962871
differential_evolution step 128: f(x)= 8.898138612962871
differential_evolution step 129: f(x)= 2.2070733947354912
differential_evolution step 130: f(x)= 2.2070733947354912
differential_evolution step 131: f(x)= 2.2070733947354912
differential_evolution step 132: f(x)= 2.1797070575955098
differential_evolution step 133: f(x)= 2.1797070575955098
differential_evolution step 134: f(x)= 2.1797070575955098
differential_evolution step 135: f(x)= 2.1797070575955098
differential_evolution step 136: f(x)= 1.404988085278278
differential_evolution step 137: f(x)= 1.404988085278278
differential_evolution step 138: f(x)= 0.5985648676546745
differential_evolution step 139: f(x)= 0.5985648676546745
differential_evolution step 140: f(x)= 0.5985648676546745
differential_evolution step 141: f(x)= 0.5985648676546745
differential_evolution step 142: f(x)= 0.5985648676546745
differential_evolution step 143: f(x)= 0.2178980600709676
differential_evolution step 144: f(x)= 0.019391396561934972
Cluster 0 DE best chi^2: 0.019 with params {'x_src': np.float64(78.08539593258587), 'y_src': np.float64(74.90333337538877), 'z_s': np.float64(1.7016685755394794)}
--- Running DE for Cluster 1 ---
[DE] Process Pool with 16 procs (init=latinhypercube, popsize=50)
differential_evolution step 1: f(x)= 4242.640687119286
differential_evolution step 2: f(x)= 3000.0
differential_evolution step 3: f(x)= 3000.0
differential_evolution step 4: f(x)= 3000.0
differential_evolution step 5: f(x)= 3000.0
differential_evolution step 6: f(x)= 3000.0
differential_evolution step 7: f(x)= 3000.0
differential_evolution step 8: f(x)= 3000.0
differential_evolution step 9: f(x)= 3000.0
differential_evolution step 10: f(x)= 3000.0
differential_evolution step 11: f(x)= 3000.0
differential_evolution step 12: f(x)= 3000.0
differential_evolution step 13: f(x)= 3000.0
differential_evolution step 14: f(x)= 3000.0
differential_evolution step 15: f(x)= 3000.0
differential_evolution step 16: f(x)= 3000.0
differential_evolution step 17: f(x)= 3000.0
differential_evolution step 18: f(x)= 3000.0
differential_evolution step 19: f(x)= 3000.0
differential_evolution step 20: f(x)= 3000.0
differential_evolution step 21: f(x)= 3000.0
differential_evolution step 22: f(x)= 3000.0
differential_evolution step 23: f(x)= 3000.0
differential_evolution step 24: f(x)= 3000.0
differential_evolution step 25: f(x)= 3000.0
differential_evolution step 26: f(x)= 3000.0
differential_evolution step 27: f(x)= 3000.0
differential_evolution step 28: f(x)= 3000.0
differential_evolution step 29: f(x)= 3000.0
differential_evolution step 30: f(x)= 3000.0
Cluster 1 DE best chi^2: 3000.000 with params {'x_src': np.float64(211.0312405621852), 'y_src': np.float64(190.83766048029284), 'z_s': np.float64(4.605726204882084)}
--- Running DE for Cluster 2 ---
[DE] Process Pool with 16 procs (init=latinhypercube, popsize=50)
differential_evolution step 1: f(x)= 4242.640687119286
differential_evolution step 2: f(x)= 4242.640687119286
differential_evolution step 3: f(x)= 4242.640687119286
differential_evolution step 4: f(x)= 3000.0
differential_evolution step 5: f(x)= 3000.0
differential_evolution step 6: f(x)= 701.292520001392
differential_evolution step 7: f(x)= 701.292520001392
differential_evolution step 8: f(x)= 701.292520001392
differential_evolution step 9: f(x)= 701.292520001392
differential_evolution step 10: f(x)= 701.292520001392
differential_evolution step 11: f(x)= 701.292520001392
differential_evolution step 12: f(x)= 701.292520001392
differential_evolution step 13: f(x)= 701.292520001392
differential_evolution step 14: f(x)= 701.292520001392
differential_evolution step 15: f(x)= 701.292520001392
differential_evolution step 16: f(x)= 701.292520001392
differential_evolution step 17: f(x)= 701.292520001392
differential_evolution step 18: f(x)= 371.9899339491781
differential_evolution step 19: f(x)= 371.9899339491781
differential_evolution step 20: f(x)= 371.9899339491781
differential_evolution step 21: f(x)= 371.9899339491781
differential_evolution step 22: f(x)= 371.9899339491781
differential_evolution step 23: f(x)= 371.9899339491781
differential_evolution step 24: f(x)= 371.9899339491781
differential_evolution step 25: f(x)= 371.9899339491781
differential_evolution step 26: f(x)= 371.9899339491781
differential_evolution step 27: f(x)= 371.9899339491781
differential_evolution step 28: f(x)= 371.9899339491781
differential_evolution step 29: f(x)= 371.9899339491781
differential_evolution step 30: f(x)= 371.9899339491781
differential_evolution step 31: f(x)= 371.9899339491781
differential_evolution step 32: f(x)= 371.9899339491781
differential_evolution step 33: f(x)= 301.70529468090564
differential_evolution step 34: f(x)= 301.70529468090564
differential_evolution step 35: f(x)= 301.70529468090564
differential_evolution step 36: f(x)= 301.70529468090564
differential_evolution step 37: f(x)= 301.70529468090564
differential_evolution step 38: f(x)= 301.70529468090564
differential_evolution step 39: f(x)= 301.70529468090564
differential_evolution step 40: f(x)= 301.70529468090564
differential_evolution step 41: f(x)= 301.70529468090564
differential_evolution step 42: f(x)= 301.70529468090564
differential_evolution step 43: f(x)= 301.70529468090564
differential_evolution step 44: f(x)= 301.70529468090564
differential_evolution step 45: f(x)= 301.70529468090564
differential_evolution step 46: f(x)= 301.70529468090564
differential_evolution step 47: f(x)= 301.70529468090564
differential_evolution step 48: f(x)= 301.70529468090564
differential_evolution step 49: f(x)= 301.70529468090564
differential_evolution step 50: f(x)= 301.70529468090564
differential_evolution step 51: f(x)= 301.70529468090564
differential_evolution step 52: f(x)= 301.70529468090564
differential_evolution step 53: f(x)= 301.70529468090564
differential_evolution step 54: f(x)= 301.70529468090564
differential_evolution step 55: f(x)= 301.70529468090564
differential_evolution step 56: f(x)= 301.70529468090564
differential_evolution step 57: f(x)= 301.70529468090564
differential_evolution step 58: f(x)= 301.70529468090564
differential_evolution step 59: f(x)= 301.70529468090564
differential_evolution step 60: f(x)= 301.70529468090564
differential_evolution step 61: f(x)= 301.70529468090564
differential_evolution step 62: f(x)= 301.70529468090564
differential_evolution step 63: f(x)= 301.70529468090564
differential_evolution step 64: f(x)= 301.70529468090564
differential_evolution step 65: f(x)= 301.70529468090564
differential_evolution step 66: f(x)= 301.70529468090564
differential_evolution step 67: f(x)= 301.70529468090564
differential_evolution step 68: f(x)= 301.70529468090564
differential_evolution step 69: f(x)= 301.70529468090564
differential_evolution step 70: f(x)= 301.70529468090564
differential_evolution step 71: f(x)= 214.81111163162092
differential_evolution step 72: f(x)= 214.81111163162092
differential_evolution step 73: f(x)= 214.81111163162092
differential_evolution step 74: f(x)= 214.81111163162092
differential_evolution step 75: f(x)= 214.81111163162092
differential_evolution step 76: f(x)= 214.81111163162092
differential_evolution step 77: f(x)= 214.81111163162092
differential_evolution step 78: f(x)= 214.81111163162092
differential_evolution step 79: f(x)= 214.81111163162092
differential_evolution step 80: f(x)= 214.81111163162092
differential_evolution step 81: f(x)= 214.81111163162092
differential_evolution step 82: f(x)= 214.81111163162092
differential_evolution step 83: f(x)= 214.81111163162092
differential_evolution step 84: f(x)= 214.81111163162092
differential_evolution step 85: f(x)= 214.81111163162092
differential_evolution step 86: f(x)= 214.81111163162092
differential_evolution step 87: f(x)= 214.81111163162092
differential_evolution step 88: f(x)= 214.81111163162092
differential_evolution step 89: f(x)= 214.81111163162092
differential_evolution step 90: f(x)= 214.81111163162092
differential_evolution step 91: f(x)= 214.81111163162092
differential_evolution step 92: f(x)= 214.81111163162092
differential_evolution step 93: f(x)= 214.81111163162092
differential_evolution step 94: f(x)= 214.81111163162092
differential_evolution step 95: f(x)= 214.81111163162092
differential_evolution step 96: f(x)= 214.81111163162092
differential_evolution step 97: f(x)= 214.81111163162092
differential_evolution step 98: f(x)= 214.81111163162092
differential_evolution step 99: f(x)= 214.81111163162092
differential_evolution step 100: f(x)= 214.81111163162092
differential_evolution step 101: f(x)= 214.81111163162092
differential_evolution step 102: f(x)= 214.81111163162092
differential_evolution step 103: f(x)= 214.81111163162092
differential_evolution step 104: f(x)= 214.81111163162092
differential_evolution step 105: f(x)= 214.81111163162092
differential_evolution step 106: f(x)= 214.81111163162092
differential_evolution step 107: f(x)= 214.81111163162092
differential_evolution step 108: f(x)= 214.81111163162092
differential_evolution step 109: f(x)= 214.81111163162092
differential_evolution step 110: f(x)= 214.81111163162092
differential_evolution step 111: f(x)= 214.81111163162092
differential_evolution step 112: f(x)= 214.81111163162092
differential_evolution step 113: f(x)= 214.81111163162092
differential_evolution step 114: f(x)= 214.81111163162092
differential_evolution step 115: f(x)= 214.81111163162092
differential_evolution step 116: f(x)= 214.81111163162092
differential_evolution step 117: f(x)= 214.81111163162092
differential_evolution step 118: f(x)= 214.81111163162092
differential_evolution step 119: f(x)= 214.81111163162092
differential_evolution step 120: f(x)= 214.81111163162092
differential_evolution step 121: f(x)= 214.81111163162092
differential_evolution step 122: f(x)= 214.81111163162092
differential_evolution step 123: f(x)= 214.81111163162092
differential_evolution step 124: f(x)= 214.81111163162092
differential_evolution step 125: f(x)= 214.81111163162092
differential_evolution step 126: f(x)= 214.81111163162092
differential_evolution step 127: f(x)= 89.98909265900393
differential_evolution step 128: f(x)= 89.98909265900393
differential_evolution step 129: f(x)= 89.98909265900393
differential_evolution step 130: f(x)= 89.98909265900393
differential_evolution step 131: f(x)= 89.98909265900393
differential_evolution step 132: f(x)= 89.98909265900393
differential_evolution step 133: f(x)= 89.98909265900393
differential_evolution step 134: f(x)= 89.98909265900393
differential_evolution step 135: f(x)= 89.98909265900393
differential_evolution step 136: f(x)= 89.98909265900393
differential_evolution step 137: f(x)= 89.98909265900393
differential_evolution step 138: f(x)= 89.98909265900393
differential_evolution step 139: f(x)= 89.98909265900393
differential_evolution step 140: f(x)= 89.98909265900393
differential_evolution step 141: f(x)= 89.98909265900393
differential_evolution step 142: f(x)= 89.98909265900393
differential_evolution step 143: f(x)= 67.12796756561107
differential_evolution step 144: f(x)= 61.94822013559719
differential_evolution step 145: f(x)= 61.94822013559719
differential_evolution step 146: f(x)= 52.906668556694456
differential_evolution step 147: f(x)= 52.906668556694456
differential_evolution step 148: f(x)= 52.906668556694456
differential_evolution step 149: f(x)= 52.906668556694456
differential_evolution step 150: f(x)= 52.906668556694456
differential_evolution step 151: f(x)= 52.906668556694456
differential_evolution step 152: f(x)= 52.906668556694456
differential_evolution step 153: f(x)= 46.2060308810169
differential_evolution step 154: f(x)= 45.29227053675646
differential_evolution step 155: f(x)= 45.29227053675646
differential_evolution step 156: f(x)= 45.29227053675646
differential_evolution step 157: f(x)= 45.29227053675646
differential_evolution step 158: f(x)= 45.29227053675646
differential_evolution step 159: f(x)= 45.29227053675646
differential_evolution step 160: f(x)= 45.29227053675646
differential_evolution step 161: f(x)= 45.29227053675646
differential_evolution step 162: f(x)= 45.29227053675646
differential_evolution step 163: f(x)= 45.29227053675646
differential_evolution step 164: f(x)= 45.29227053675646
differential_evolution step 165: f(x)= 45.29227053675646
differential_evolution step 166: f(x)= 45.29227053675646
differential_evolution step 167: f(x)= 45.29227053675646
differential_evolution step 168: f(x)= 42.94444863800615
differential_evolution step 169: f(x)= 42.94444863800615
differential_evolution step 170: f(x)= 42.94444863800615
differential_evolution step 171: f(x)= 42.516829843437044
differential_evolution step 172: f(x)= 42.516829843437044
differential_evolution step 173: f(x)= 41.33171452691453
differential_evolution step 174: f(x)= 41.33171452691453
differential_evolution step 175: f(x)= 41.33171452691453
differential_evolution step 176: f(x)= 41.33171452691453
differential_evolution step 177: f(x)= 41.33171452691453
differential_evolution step 178: f(x)= 41.33171452691453
differential_evolution step 179: f(x)= 41.33171452691453
differential_evolution step 180: f(x)= 38.90294106921493
differential_evolution step 181: f(x)= 38.90294106921493
differential_evolution step 182: f(x)= 38.80963008381869
differential_evolution step 183: f(x)= 38.80963008381869
differential_evolution step 184: f(x)= 38.80963008381869
differential_evolution step 185: f(x)= 36.51543856496332
differential_evolution step 186: f(x)= 36.51543856496332
differential_evolution step 187: f(x)= 36.51543856496332
differential_evolution step 188: f(x)= 36.45481545159556
differential_evolution step 189: f(x)= 36.45481545159556
differential_evolution step 190: f(x)= 36.45481545159556
differential_evolution step 191: f(x)= 36.45481545159556
differential_evolution step 192: f(x)= 36.45481545159556
differential_evolution step 193: f(x)= 36.45481545159556
differential_evolution step 194: f(x)= 36.45481545159556
differential_evolution step 195: f(x)= 36.45481545159556
differential_evolution step 196: f(x)= 36.45481545159556
differential_evolution step 197: f(x)= 36.45481545159556
differential_evolution step 198: f(x)= 36.424668893248835
differential_evolution step 199: f(x)= 36.424668893248835
differential_evolution step 200: f(x)= 36.424668893248835
Cluster 2 DE best chi^2: 36.425 with params {'x_src': np.float64(100.54070074757684), 'y_src': np.float64(100.65572916791395), 'z_s': np.float64(1.1536903905332767)}
--- Running DE for Cluster 3 ---
[DE] Process Pool with 16 procs (init=latinhypercube, popsize=50)
differential_evolution step 1: f(x)= 3000.0
differential_evolution step 2: f(x)= 3000.0
differential_evolution step 3: f(x)= 3000.0
differential_evolution step 4: f(x)= 3000.0
differential_evolution step 5: f(x)= 3000.0
differential_evolution step 6: f(x)= 3000.0
differential_evolution step 7: f(x)= 3000.0
differential_evolution step 8: f(x)= 3000.0
differential_evolution step 9: f(x)= 3000.0
differential_evolution step 10: f(x)= 3000.0
differential_evolution step 11: f(x)= 3000.0
differential_evolution step 12: f(x)= 3000.0
differential_evolution step 13: f(x)= 3000.0
differential_evolution step 14: f(x)= 3000.0
differential_evolution step 15: f(x)= 3000.0
differential_evolution step 16: f(x)= 3000.0
differential_evolution step 17: f(x)= 3000.0
differential_evolution step 18: f(x)= 3000.0
differential_evolution step 19: f(x)= 3000.0
differential_evolution step 20: f(x)= 3000.0
differential_evolution step 21: f(x)= 3000.0
differential_evolution step 22: f(x)= 3000.0
differential_evolution step 23: f(x)= 3000.0
differential_evolution step 24: f(x)= 3000.0
differential_evolution step 25: f(x)= 3000.0
differential_evolution step 26: f(x)= 3000.0
differential_evolution step 27: f(x)= 3000.0
differential_evolution step 28: f(x)= 3000.0
differential_evolution step 29: f(x)= 3000.0
differential_evolution step 30: f(x)= 3000.0
differential_evolution step 31: f(x)= 3000.0
differential_evolution step 32: f(x)= 3000.0
differential_evolution step 33: f(x)= 3000.0
differential_evolution step 34: f(x)= 3000.0
differential_evolution step 35: f(x)= 3000.0
differential_evolution step 36: f(x)= 3000.0
differential_evolution step 37: f(x)= 3000.0
differential_evolution step 38: f(x)= 3000.0
differential_evolution step 39: f(x)= 3000.0
differential_evolution step 40: f(x)= 3000.0
differential_evolution step 41: f(x)= 1558.4355635346403
differential_evolution step 42: f(x)= 1558.4355635346403
differential_evolution step 43: f(x)= 1558.4355635346403
differential_evolution step 44: f(x)= 1558.4355635346403
differential_evolution step 45: f(x)= 1558.4355635346403
differential_evolution step 46: f(x)= 1558.4355635346403
differential_evolution step 47: f(x)= 1558.4355635346403
differential_evolution step 48: f(x)= 1558.4355635346403
differential_evolution step 49: f(x)= 1558.4355635346403
differential_evolution step 50: f(x)= 1558.4355635346403
differential_evolution step 51: f(x)= 1558.4355635346403
differential_evolution step 52: f(x)= 1558.4355635346403
differential_evolution step 53: f(x)= 1558.4355635346403
differential_evolution step 54: f(x)= 1558.4355635346403
differential_evolution step 55: f(x)= 1558.4355635346403
differential_evolution step 56: f(x)= 1558.4355635346403
differential_evolution step 57: f(x)= 1558.4355635346403
differential_evolution step 58: f(x)= 1558.4355635346403
differential_evolution step 59: f(x)= 1558.4355635346403
differential_evolution step 60: f(x)= 1558.4355635346403
differential_evolution step 61: f(x)= 1558.4355635346403
differential_evolution step 62: f(x)= 1558.4355635346403
differential_evolution step 63: f(x)= 1558.4355635346403
differential_evolution step 64: f(x)= 1558.4355635346403
differential_evolution step 65: f(x)= 1558.4355635346403
differential_evolution step 66: f(x)= 1558.4355635346403
differential_evolution step 67: f(x)= 1558.4355635346403
differential_evolution step 68: f(x)= 1558.4355635346403
differential_evolution step 69: f(x)= 1558.4355635346403
differential_evolution step 70: f(x)= 1558.4355635346403
differential_evolution step 71: f(x)= 1558.4355635346403
differential_evolution step 72: f(x)= 1558.4355635346403
differential_evolution step 73: f(x)= 1558.4355635346403
differential_evolution step 74: f(x)= 1558.4355635346403
differential_evolution step 75: f(x)= 1558.4355635346403
differential_evolution step 76: f(x)= 1558.4355635346403
differential_evolution step 77: f(x)= 1558.4355635346403
differential_evolution step 78: f(x)= 1558.4355635346403
differential_evolution step 79: f(x)= 1558.4355635346403
differential_evolution step 80: f(x)= 1558.4355635346403
differential_evolution step 81: f(x)= 1558.4355635346403
differential_evolution step 82: f(x)= 1558.4355635346403
differential_evolution step 83: f(x)= 1558.4355635346403
differential_evolution step 84: f(x)= 1558.4355635346403
differential_evolution step 85: f(x)= 1558.4355635346403
differential_evolution step 86: f(x)= 1558.4355635346403
differential_evolution step 87: f(x)= 1558.4355635346403
differential_evolution step 88: f(x)= 1558.4355635346403
differential_evolution step 89: f(x)= 1558.4355635346403
differential_evolution step 90: f(x)= 1558.4355635346403
differential_evolution step 91: f(x)= 1558.4355635346403
differential_evolution step 92: f(x)= 1558.4355635346403
differential_evolution step 93: f(x)= 1558.4355635346403
differential_evolution step 94: f(x)= 1558.4355635346403
differential_evolution step 95: f(x)= 1558.4355635346403
differential_evolution step 96: f(x)= 1558.4355635346403
differential_evolution step 97: f(x)= 1558.4355635346403
differential_evolution step 98: f(x)= 1558.4355635346403
differential_evolution step 99: f(x)= 1558.4355635346403
differential_evolution step 100: f(x)= 1558.4355635346403
differential_evolution step 101: f(x)= 1558.4355635346403
differential_evolution step 102: f(x)= 1558.4355635346403
differential_evolution step 103: f(x)= 1558.4355635346403
differential_evolution step 104: f(x)= 1558.4355635346403
differential_evolution step 105: f(x)= 1558.4355635346403
differential_evolution step 106: f(x)= 1558.4355635346403
differential_evolution step 107: f(x)= 1558.4355635346403
differential_evolution step 108: f(x)= 1558.4355635346403
differential_evolution step 109: f(x)= 1558.4355635346403
differential_evolution step 110: f(x)= 1558.4355635346403
differential_evolution step 111: f(x)= 1558.4355635346403
differential_evolution step 112: f(x)= 1558.4355635346403
differential_evolution step 113: f(x)= 1558.4355635346403
differential_evolution step 114: f(x)= 1558.4355635346403
differential_evolution step 115: f(x)= 1558.4355635346403
differential_evolution step 116: f(x)= 1558.4355635346403
differential_evolution step 117: f(x)= 1558.4355635346403
differential_evolution step 118: f(x)= 1558.4355635346403
differential_evolution step 119: f(x)= 1558.4355635346403
differential_evolution step 120: f(x)= 1558.4355635346403
differential_evolution step 121: f(x)= 1558.4355635346403
differential_evolution step 122: f(x)= 1558.4355635346403
differential_evolution step 123: f(x)= 1558.4355635346403
differential_evolution step 124: f(x)= 1558.4355635346403
differential_evolution step 125: f(x)= 1558.4355635346403
differential_evolution step 126: f(x)= 1558.4355635346403
differential_evolution step 127: f(x)= 1558.4355635346403
differential_evolution step 128: f(x)= 1558.4355635346403
differential_evolution step 129: f(x)= 1558.4355635346403
differential_evolution step 130: f(x)= 1558.4355635346403
differential_evolution step 131: f(x)= 1558.4355635346403
differential_evolution step 132: f(x)= 1558.4355635346403
differential_evolution step 133: f(x)= 1558.4355635346403
differential_evolution step 134: f(x)= 1558.4355635346403
differential_evolution step 135: f(x)= 1558.4355635346403
differential_evolution step 136: f(x)= 1558.4355635346403
differential_evolution step 137: f(x)= 1558.4355635346403
differential_evolution step 138: f(x)= 1558.4355635346403
differential_evolution step 139: f(x)= 1558.4355635346403
differential_evolution step 140: f(x)= 1558.4355635346403
differential_evolution step 141: f(x)= 1558.4355635346403
differential_evolution step 142: f(x)= 1558.4355635346403
differential_evolution step 143: f(x)= 1558.4355635346403
differential_evolution step 144: f(x)= 1558.4355635346403
differential_evolution step 145: f(x)= 1558.4355635346403
differential_evolution step 146: f(x)= 1558.4355635346403
differential_evolution step 147: f(x)= 1558.4355635346403
differential_evolution step 148: f(x)= 1558.4355635346403
differential_evolution step 149: f(x)= 1558.4355635346403
differential_evolution step 150: f(x)= 1558.4355635346403
differential_evolution step 151: f(x)= 1558.4355635346403
differential_evolution step 152: f(x)= 1558.4355635346403
differential_evolution step 153: f(x)= 1558.4355635346403
differential_evolution step 154: f(x)= 1558.4355635346403
differential_evolution step 155: f(x)= 1558.4355635346403
differential_evolution step 156: f(x)= 1558.4355635346403
differential_evolution step 157: f(x)= 1558.4355635346403
differential_evolution step 158: f(x)= 1558.4355635346403
differential_evolution step 159: f(x)= 1558.4355635346403
differential_evolution step 160: f(x)= 1558.4355635346403
differential_evolution step 161: f(x)= 1558.4355635346403
differential_evolution step 162: f(x)= 1558.4355635346403
differential_evolution step 163: f(x)= 1558.4355635346403
differential_evolution step 164: f(x)= 1558.4355635346403
differential_evolution step 165: f(x)= 1558.4355635346403
differential_evolution step 166: f(x)= 1558.4355635346403
differential_evolution step 167: f(x)= 1558.4355635346403
differential_evolution step 168: f(x)= 1558.4355635346403
differential_evolution step 169: f(x)= 1558.4355635346403
differential_evolution step 170: f(x)= 1558.4355635346403
differential_evolution step 171: f(x)= 1558.4355635346403
differential_evolution step 172: f(x)= 1558.4355635346403
differential_evolution step 173: f(x)= 1558.4355635346403
differential_evolution step 174: f(x)= 1558.4355635346403
differential_evolution step 175: f(x)= 1558.4355635346403
differential_evolution step 176: f(x)= 1558.4355635346403
differential_evolution step 177: f(x)= 1558.4355635346403
differential_evolution step 178: f(x)= 1558.4355635346403
differential_evolution step 179: f(x)= 1558.4355635346403
differential_evolution step 180: f(x)= 1558.4355635346403
differential_evolution step 181: f(x)= 1558.4355635346403
differential_evolution step 182: f(x)= 1558.4355635346403
differential_evolution step 183: f(x)= 1558.4355635346403
differential_evolution step 184: f(x)= 1558.4355635346403
differential_evolution step 185: f(x)= 1558.4355635346403
differential_evolution step 186: f(x)= 1558.4355635346403
differential_evolution step 187: f(x)= 1558.4355635346403
differential_evolution step 188: f(x)= 1558.4355635346403
differential_evolution step 189: f(x)= 1558.4355635346403
differential_evolution step 190: f(x)= 1558.4355635346403
differential_evolution step 191: f(x)= 1558.4355635346403
differential_evolution step 192: f(x)= 1558.4355635346403
differential_evolution step 193: f(x)= 1558.4355635346403
differential_evolution step 194: f(x)= 1558.4355635346403
differential_evolution step 195: f(x)= 1558.4355635346403
differential_evolution step 196: f(x)= 1558.4355635346403
differential_evolution step 197: f(x)= 1558.4355635346403
differential_evolution step 198: f(x)= 1558.4355635346403
differential_evolution step 199: f(x)= 1558.4355635346403
differential_evolution step 200: f(x)= 1558.4355635346403
Cluster 3 DE best chi^2: 1558.436 with params {'x_src': np.float64(114.54280107611177), 'y_src': np.float64(127.30105342128694), 'z_s': np.float64(3.0233970836753157)}
--- Running DE for Cluster 4 ---
[DE] Process Pool with 16 procs (init=latinhypercube, popsize=50)
differential_evolution step 1: f(x)= 3000.0
differential_evolution step 2: f(x)= 3000.0
differential_evolution step 3: f(x)= 3000.0
differential_evolution step 4: f(x)= 3000.0
differential_evolution step 5: f(x)= 3000.0
differential_evolution step 6: f(x)= 3000.0
differential_evolution step 7: f(x)= 3000.0
differential_evolution step 8: f(x)= 3000.0
differential_evolution step 9: f(x)= 3000.0
differential_evolution step 10: f(x)= 3000.0
differential_evolution step 11: f(x)= 3000.0
differential_evolution step 12: f(x)= 3000.0
differential_evolution step 13: f(x)= 3000.0
differential_evolution step 14: f(x)= 3000.0
differential_evolution step 15: f(x)= 3000.0
differential_evolution step 16: f(x)= 3000.0
differential_evolution step 17: f(x)= 3000.0
differential_evolution step 18: f(x)= 740.6349613972064
differential_evolution step 19: f(x)= 740.6349613972064
differential_evolution step 20: f(x)= 740.6349613972064
differential_evolution step 21: f(x)= 680.3336337932432
differential_evolution step 22: f(x)= 680.3336337932432
differential_evolution step 23: f(x)= 680.3336337932432
differential_evolution step 24: f(x)= 680.3336337932432
differential_evolution step 25: f(x)= 680.3336337932432
differential_evolution step 26: f(x)= 680.3336337932432
differential_evolution step 27: f(x)= 680.3336337932432
differential_evolution step 28: f(x)= 680.3336337932432
differential_evolution step 29: f(x)= 680.3336337932432
differential_evolution step 30: f(x)= 680.3336337932432
differential_evolution step 31: f(x)= 680.3336337932432
differential_evolution step 32: f(x)= 680.3336337932432
differential_evolution step 33: f(x)= 680.3336337932432
differential_evolution step 34: f(x)= 680.3336337932432
differential_evolution step 35: f(x)= 680.3336337932432
differential_evolution step 36: f(x)= 680.3336337932432
differential_evolution step 37: f(x)= 680.3336337932432
differential_evolution step 38: f(x)= 680.3336337932432
differential_evolution step 39: f(x)= 680.3336337932432
differential_evolution step 40: f(x)= 680.3336337932432
differential_evolution step 41: f(x)= 680.3336337932432
differential_evolution step 42: f(x)= 680.3336337932432
differential_evolution step 43: f(x)= 680.3336337932432
differential_evolution step 44: f(x)= 680.3336337932432
differential_evolution step 45: f(x)= 680.3336337932432
differential_evolution step 46: f(x)= 680.3336337932432
differential_evolution step 47: f(x)= 680.3336337932432
differential_evolution step 48: f(x)= 680.3336337932432
differential_evolution step 49: f(x)= 680.3336337932432
differential_evolution step 50: f(x)= 680.3336337932432
differential_evolution step 51: f(x)= 680.3336337932432
differential_evolution step 52: f(x)= 680.3336337932432
differential_evolution step 53: f(x)= 680.3336337932432
differential_evolution step 54: f(x)= 680.3336337932432
differential_evolution step 55: f(x)= 680.3336337932432
differential_evolution step 56: f(x)= 680.3336337932432
differential_evolution step 57: f(x)= 680.3336337932432
differential_evolution step 58: f(x)= 680.3336337932432
differential_evolution step 59: f(x)= 680.3336337932432
differential_evolution step 60: f(x)= 680.3336337932432
differential_evolution step 61: f(x)= 680.3336337932432
differential_evolution step 62: f(x)= 680.3336337932432
differential_evolution step 63: f(x)= 680.3336337932432
differential_evolution step 64: f(x)= 680.3336337932432
differential_evolution step 65: f(x)= 680.3336337932432
differential_evolution step 66: f(x)= 680.3336337932432
differential_evolution step 67: f(x)= 680.3336337932432
differential_evolution step 68: f(x)= 680.3336337932432
differential_evolution step 69: f(x)= 680.3336337932432
differential_evolution step 70: f(x)= 680.3336337932432
differential_evolution step 71: f(x)= 680.3336337932432
differential_evolution step 72: f(x)= 680.3336337932432
differential_evolution step 73: f(x)= 680.3336337932432
differential_evolution step 74: f(x)= 680.3336337932432
differential_evolution step 75: f(x)= 680.3336337932432
differential_evolution step 76: f(x)= 680.3336337932432
differential_evolution step 77: f(x)= 680.3336337932432
differential_evolution step 78: f(x)= 680.3336337932432
differential_evolution step 79: f(x)= 680.3336337932432
differential_evolution step 80: f(x)= 680.3336337932432
differential_evolution step 81: f(x)= 680.3336337932432
differential_evolution step 82: f(x)= 680.3336337932432
differential_evolution step 83: f(x)= 680.3336337932432
differential_evolution step 84: f(x)= 680.3336337932432
differential_evolution step 85: f(x)= 680.3336337932432
differential_evolution step 86: f(x)= 680.3336337932432
differential_evolution step 87: f(x)= 680.3336337932432
differential_evolution step 88: f(x)= 680.3336337932432
differential_evolution step 89: f(x)= 680.3336337932432
differential_evolution step 90: f(x)= 680.3336337932432
differential_evolution step 91: f(x)= 680.3336337932432
differential_evolution step 92: f(x)= 680.3336337932432
differential_evolution step 93: f(x)= 680.3336337932432
differential_evolution step 94: f(x)= 680.3336337932432
differential_evolution step 95: f(x)= 680.3336337932432
differential_evolution step 96: f(x)= 680.3336337932432
differential_evolution step 97: f(x)= 680.3336337932432
differential_evolution step 98: f(x)= 680.3336337932432
differential_evolution step 99: f(x)= 415.8477025244391
differential_evolution step 100: f(x)= 415.8477025244391
differential_evolution step 101: f(x)= 415.8477025244391
differential_evolution step 102: f(x)= 415.8477025244391
differential_evolution step 103: f(x)= 415.8477025244391
differential_evolution step 104: f(x)= 415.8477025244391
differential_evolution step 105: f(x)= 415.8477025244391
differential_evolution step 106: f(x)= 415.8477025244391
differential_evolution step 107: f(x)= 415.8477025244391
differential_evolution step 108: f(x)= 415.8477025244391
differential_evolution step 109: f(x)= 415.8477025244391
differential_evolution step 110: f(x)= 415.8477025244391
differential_evolution step 111: f(x)= 415.8477025244391
differential_evolution step 112: f(x)= 415.8477025244391
differential_evolution step 113: f(x)= 415.8477025244391
differential_evolution step 114: f(x)= 415.8477025244391
differential_evolution step 115: f(x)= 415.8477025244391
differential_evolution step 116: f(x)= 415.8477025244391
differential_evolution step 117: f(x)= 415.8477025244391
differential_evolution step 118: f(x)= 415.8477025244391
differential_evolution step 119: f(x)= 415.8477025244391
differential_evolution step 120: f(x)= 415.8477025244391
differential_evolution step 121: f(x)= 415.8477025244391
differential_evolution step 122: f(x)= 415.8477025244391
differential_evolution step 123: f(x)= 415.8477025244391
differential_evolution step 124: f(x)= 415.8477025244391
differential_evolution step 125: f(x)= 415.8477025244391
differential_evolution step 126: f(x)= 415.8477025244391
differential_evolution step 127: f(x)= 415.8477025244391
differential_evolution step 128: f(x)= 415.8477025244391
differential_evolution step 129: f(x)= 415.8477025244391
differential_evolution step 130: f(x)= 415.8477025244391
differential_evolution step 131: f(x)= 415.8477025244391
differential_evolution step 132: f(x)= 415.8477025244391
differential_evolution step 133: f(x)= 415.8477025244391
differential_evolution step 134: f(x)= 415.8477025244391
differential_evolution step 135: f(x)= 415.8477025244391
differential_evolution step 136: f(x)= 415.8477025244391
differential_evolution step 137: f(x)= 415.8477025244391
differential_evolution step 138: f(x)= 415.8477025244391
differential_evolution step 139: f(x)= 415.8477025244391
differential_evolution step 140: f(x)= 415.8477025244391
differential_evolution step 141: f(x)= 415.8477025244391
differential_evolution step 142: f(x)= 415.8477025244391
differential_evolution step 143: f(x)= 415.8477025244391
differential_evolution step 144: f(x)= 415.8477025244391
differential_evolution step 145: f(x)= 415.8477025244391
differential_evolution step 146: f(x)= 415.8477025244391
differential_evolution step 147: f(x)= 415.8477025244391
differential_evolution step 148: f(x)= 415.8477025244391
differential_evolution step 149: f(x)= 415.8477025244391
differential_evolution step 150: f(x)= 415.8477025244391
differential_evolution step 151: f(x)= 415.8477025244391
differential_evolution step 152: f(x)= 415.8477025244391
differential_evolution step 153: f(x)= 415.8477025244391
differential_evolution step 154: f(x)= 415.8477025244391
differential_evolution step 155: f(x)= 415.8477025244391
differential_evolution step 156: f(x)= 415.8477025244391
differential_evolution step 157: f(x)= 415.8477025244391
differential_evolution step 158: f(x)= 415.8477025244391
differential_evolution step 159: f(x)= 415.8477025244391
differential_evolution step 160: f(x)= 415.8477025244391
differential_evolution step 161: f(x)= 415.8477025244391
differential_evolution step 162: f(x)= 415.8477025244391
differential_evolution step 163: f(x)= 415.8477025244391
differential_evolution step 164: f(x)= 415.8477025244391
differential_evolution step 165: f(x)= 415.8477025244391
differential_evolution step 166: f(x)= 415.8477025244391
differential_evolution step 167: f(x)= 415.8477025244391
differential_evolution step 168: f(x)= 415.8477025244391
differential_evolution step 169: f(x)= 415.8477025244391
differential_evolution step 170: f(x)= 415.8477025244391
differential_evolution step 171: f(x)= 415.8477025244391
differential_evolution step 172: f(x)= 415.8477025244391
differential_evolution step 173: f(x)= 415.8477025244391
differential_evolution step 174: f(x)= 415.8477025244391
differential_evolution step 175: f(x)= 415.8477025244391
differential_evolution step 176: f(x)= 415.8477025244391
differential_evolution step 177: f(x)= 415.8477025244391
differential_evolution step 178: f(x)= 415.8477025244391
differential_evolution step 179: f(x)= 415.8477025244391
differential_evolution step 180: f(x)= 415.8477025244391
differential_evolution step 181: f(x)= 415.8477025244391
differential_evolution step 182: f(x)= 415.8477025244391
differential_evolution step 183: f(x)= 415.8477025244391
differential_evolution step 184: f(x)= 415.8477025244391
differential_evolution step 185: f(x)= 415.8477025244391
differential_evolution step 186: f(x)= 415.8477025244391
differential_evolution step 187: f(x)= 415.8477025244391
differential_evolution step 188: f(x)= 415.8477025244391
differential_evolution step 189: f(x)= 415.8477025244391
differential_evolution step 190: f(x)= 415.8477025244391
differential_evolution step 191: f(x)= 415.8477025244391
differential_evolution step 192: f(x)= 415.8477025244391
differential_evolution step 193: f(x)= 415.8477025244391
differential_evolution step 194: f(x)= 415.8477025244391
differential_evolution step 195: f(x)= 415.8477025244391
differential_evolution step 196: f(x)= 415.8477025244391
differential_evolution step 197: f(x)= 415.8477025244391
differential_evolution step 198: f(x)= 415.8477025244391
differential_evolution step 199: f(x)= 415.8477025244391
differential_evolution step 200: f(x)= 415.8477025244391
Cluster 4 DE best chi^2: 415.848 with params {'x_src': np.float64(222.67073060280387), 'y_src': np.float64(228.13568823743546), 'z_s': np.float64(1.6710183101708567)}
--- Running DE for Cluster 5 ---
[DE] Process Pool with 16 procs (init=latinhypercube, popsize=50)
differential_evolution step 1: f(x)= 4242.640687119286
differential_evolution step 2: f(x)= 4242.640687119286
differential_evolution step 3: f(x)= 4242.640687119286
differential_evolution step 4: f(x)= 4242.640687119286
differential_evolution step 5: f(x)= 3000.0
differential_evolution step 6: f(x)= 3000.0
differential_evolution step 7: f(x)= 3000.0
differential_evolution step 8: f(x)= 3000.0
differential_evolution step 9: f(x)= 3000.0
differential_evolution step 10: f(x)= 3000.0
differential_evolution step 11: f(x)= 3000.0
differential_evolution step 12: f(x)= 3000.0
differential_evolution step 13: f(x)= 3000.0
differential_evolution step 14: f(x)= 2981.512993823446
differential_evolution step 15: f(x)= 2981.512993823446
differential_evolution step 16: f(x)= 2981.512993823446
differential_evolution step 17: f(x)= 2981.512993823446
differential_evolution step 18: f(x)= 2981.512993823446
differential_evolution step 19: f(x)= 2981.512993823446
differential_evolution step 20: f(x)= 2981.512993823446
differential_evolution step 21: f(x)= 2981.512993823446
differential_evolution step 22: f(x)= 2981.512993823446
differential_evolution step 23: f(x)= 2981.512993823446
differential_evolution step 24: f(x)= 2981.512993823446
differential_evolution step 25: f(x)= 2981.512993823446
differential_evolution step 26: f(x)= 2981.512993823446
differential_evolution step 27: f(x)= 2981.512993823446
differential_evolution step 28: f(x)= 2981.512993823446
differential_evolution step 29: f(x)= 2981.512993823446
differential_evolution step 30: f(x)= 2981.512993823446
differential_evolution step 31: f(x)= 2981.512993823446
differential_evolution step 32: f(x)= 2981.512993823446
differential_evolution step 33: f(x)= 2981.512993823446
differential_evolution step 34: f(x)= 2981.512993823446
differential_evolution step 35: f(x)= 2981.512993823446
differential_evolution step 36: f(x)= 2237.082166134612
differential_evolution step 37: f(x)= 2237.082166134612
differential_evolution step 38: f(x)= 2237.082166134612
differential_evolution step 39: f(x)= 2237.082166134612
differential_evolution step 40: f(x)= 2237.082166134612
differential_evolution step 41: f(x)= 2237.082166134612
differential_evolution step 42: f(x)= 2237.082166134612
differential_evolution step 43: f(x)= 2237.082166134612
differential_evolution step 44: f(x)= 890.5721955538439
differential_evolution step 45: f(x)= 890.5721955538439
differential_evolution step 46: f(x)= 890.5721955538439
differential_evolution step 47: f(x)= 890.5721955538439
differential_evolution step 48: f(x)= 217.53793718248522
differential_evolution step 49: f(x)= 217.53793718248522
differential_evolution step 50: f(x)= 217.53793718248522
differential_evolution step 51: f(x)= 217.53793718248522
differential_evolution step 52: f(x)= 217.53793718248522
differential_evolution step 53: f(x)= 217.53793718248522
differential_evolution step 54: f(x)= 217.53793718248522
differential_evolution step 55: f(x)= 217.53793718248522
differential_evolution step 56: f(x)= 217.53793718248522
differential_evolution step 57: f(x)= 217.53793718248522
differential_evolution step 58: f(x)= 217.53793718248522
differential_evolution step 59: f(x)= 217.53793718248522
differential_evolution step 60: f(x)= 217.53793718248522
differential_evolution step 61: f(x)= 217.53793718248522
differential_evolution step 62: f(x)= 217.53793718248522
differential_evolution step 63: f(x)= 217.53793718248522
differential_evolution step 64: f(x)= 217.53793718248522
differential_evolution step 65: f(x)= 217.53793718248522
differential_evolution step 66: f(x)= 217.53793718248522
differential_evolution step 67: f(x)= 217.53793718248522
differential_evolution step 68: f(x)= 217.53793718248522
differential_evolution step 69: f(x)= 217.53793718248522
differential_evolution step 70: f(x)= 217.53793718248522
differential_evolution step 71: f(x)= 217.53793718248522
differential_evolution step 72: f(x)= 217.53793718248522
differential_evolution step 73: f(x)= 217.53793718248522
differential_evolution step 74: f(x)= 217.53793718248522
differential_evolution step 75: f(x)= 217.53793718248522
differential_evolution step 76: f(x)= 217.53793718248522
differential_evolution step 77: f(x)= 217.53793718248522
differential_evolution step 78: f(x)= 217.53793718248522
differential_evolution step 79: f(x)= 217.53793718248522
differential_evolution step 80: f(x)= 217.53793718248522
differential_evolution step 81: f(x)= 217.53793718248522
differential_evolution step 82: f(x)= 217.53793718248522
differential_evolution step 83: f(x)= 217.53793718248522
differential_evolution step 84: f(x)= 152.93236960316688
differential_evolution step 85: f(x)= 152.93236960316688
differential_evolution step 86: f(x)= 152.93236960316688
differential_evolution step 87: f(x)= 152.93236960316688
differential_evolution step 88: f(x)= 152.93236960316688
differential_evolution step 89: f(x)= 152.93236960316688
differential_evolution step 90: f(x)= 152.93236960316688
differential_evolution step 91: f(x)= 152.93236960316688
differential_evolution step 92: f(x)= 152.93236960316688
differential_evolution step 93: f(x)= 152.93236960316688
differential_evolution step 94: f(x)= 152.93236960316688
differential_evolution step 95: f(x)= 152.93236960316688
differential_evolution step 96: f(x)= 152.93236960316688
differential_evolution step 97: f(x)= 152.93236960316688
differential_evolution step 98: f(x)= 152.93236960316688
differential_evolution step 99: f(x)= 115.31322475476286
differential_evolution step 100: f(x)= 115.31322475476286
differential_evolution step 101: f(x)= 115.31322475476286
differential_evolution step 102: f(x)= 115.31322475476286
differential_evolution step 103: f(x)= 115.31322475476286
differential_evolution step 104: f(x)= 115.31322475476286
differential_evolution step 105: f(x)= 115.31322475476286
differential_evolution step 106: f(x)= 115.31322475476286
differential_evolution step 107: f(x)= 115.31322475476286
differential_evolution step 108: f(x)= 115.31322475476286
differential_evolution step 109: f(x)= 115.31322475476286
differential_evolution step 110: f(x)= 115.31322475476286
differential_evolution step 111: f(x)= 115.31322475476286
differential_evolution step 112: f(x)= 115.31322475476286
differential_evolution step 113: f(x)= 115.31322475476286
differential_evolution step 114: f(x)= 94.35810872466078
differential_evolution step 115: f(x)= 94.35810872466078
differential_evolution step 116: f(x)= 94.35810872466078
differential_evolution step 117: f(x)= 94.35810872466078
differential_evolution step 118: f(x)= 94.35810872466078
differential_evolution step 119: f(x)= 94.35810872466078
differential_evolution step 120: f(x)= 94.35810872466078
differential_evolution step 121: f(x)= 94.35810872466078
differential_evolution step 122: f(x)= 94.35810872466078
differential_evolution step 123: f(x)= 94.35810872466078
differential_evolution step 124: f(x)= 94.35810872466078
differential_evolution step 125: f(x)= 94.35810872466078
differential_evolution step 126: f(x)= 94.35810872466078
differential_evolution step 127: f(x)= 94.35810872466078
differential_evolution step 128: f(x)= 94.35810872466078
differential_evolution step 129: f(x)= 94.35810872466078
differential_evolution step 130: f(x)= 94.35810872466078
differential_evolution step 131: f(x)= 93.02421968878083
differential_evolution step 132: f(x)= 93.02421968878083
differential_evolution step 133: f(x)= 91.769531857144
differential_evolution step 134: f(x)= 91.769531857144
differential_evolution step 135: f(x)= 91.769531857144
differential_evolution step 136: f(x)= 91.769531857144
differential_evolution step 137: f(x)= 91.769531857144
differential_evolution step 138: f(x)= 91.769531857144
differential_evolution step 139: f(x)= 89.64877945652731
differential_evolution step 140: f(x)= 87.44475232148096
differential_evolution step 141: f(x)= 87.44475232148096
differential_evolution step 142: f(x)= 87.44475232148096
differential_evolution step 143: f(x)= 87.44475232148096
differential_evolution step 144: f(x)= 87.44475232148096
differential_evolution step 145: f(x)= 87.44475232148096
differential_evolution step 146: f(x)= 87.44475232148096
differential_evolution step 147: f(x)= 87.44475232148096
differential_evolution step 148: f(x)= 87.44475232148096
differential_evolution step 149: f(x)= 87.44475232148096
differential_evolution step 150: f(x)= 87.44475232148096
differential_evolution step 151: f(x)= 87.44475232148096
differential_evolution step 152: f(x)= 87.44475232148096
differential_evolution step 153: f(x)= 87.44475232148096
differential_evolution step 154: f(x)= 87.44475232148096
differential_evolution step 155: f(x)= 87.44475232148096
differential_evolution step 156: f(x)= 87.44475232148096
differential_evolution step 157: f(x)= 87.44475232148096
differential_evolution step 158: f(x)= 87.44475232148096
differential_evolution step 159: f(x)= 87.44475232148096
differential_evolution step 160: f(x)= 87.44475232148096
differential_evolution step 161: f(x)= 86.6101480305378
differential_evolution step 162: f(x)= 84.08614777082664
differential_evolution step 163: f(x)= 84.08614777082664
differential_evolution step 164: f(x)= 84.08614777082664
differential_evolution step 165: f(x)= 84.06415504454633
differential_evolution step 166: f(x)= 84.06415504454633
differential_evolution step 167: f(x)= 84.06415504454633
differential_evolution step 168: f(x)= 84.06415504454633
differential_evolution step 169: f(x)= 84.06415504454633
differential_evolution step 170: f(x)= 84.06415504454633
differential_evolution step 171: f(x)= 84.06415504454633
differential_evolution step 172: f(x)= 84.06415504454633
differential_evolution step 173: f(x)= 84.06415504454633
differential_evolution step 174: f(x)= 84.06415504454633
differential_evolution step 175: f(x)= 84.06415504454633
differential_evolution step 176: f(x)= 83.66925227586333
differential_evolution step 177: f(x)= 83.66925227586333
differential_evolution step 178: f(x)= 83.66925227586333
differential_evolution step 179: f(x)= 83.66925227586333
differential_evolution step 180: f(x)= 83.56474689614286
differential_evolution step 181: f(x)= 83.46092216248734
differential_evolution step 182: f(x)= 83.46092216248734
differential_evolution step 183: f(x)= 83.12026199920385
differential_evolution step 184: f(x)= 83.12026199920385
differential_evolution step 185: f(x)= 83.12026199920385
differential_evolution step 186: f(x)= 83.12026199920385
differential_evolution step 187: f(x)= 83.12026199920385
differential_evolution step 188: f(x)= 83.12026199920385
differential_evolution step 189: f(x)= 83.02236501683629
differential_evolution step 190: f(x)= 83.02236501683629
differential_evolution step 191: f(x)= 83.02236501683629
differential_evolution step 192: f(x)= 83.02236501683629
differential_evolution step 193: f(x)= 83.02236501683629
differential_evolution step 194: f(x)= 83.02236501683629
differential_evolution step 195: f(x)= 83.02236501683629
differential_evolution step 196: f(x)= 83.02236501683629
differential_evolution step 197: f(x)= 83.02236501683629
differential_evolution step 198: f(x)= 82.60622430158134
differential_evolution step 199: f(x)= 82.60622430158134
differential_evolution step 200: f(x)= 82.60622430158134
Cluster 5 DE best chi^2: 82.606 with params {'x_src': np.float64(149.9584494007673), 'y_src': np.float64(144.43509773136446), 'z_s': np.float64(1.966354619813292)}

--- DE Optimization Summary ---
Best fit found for Cluster 0 with chi^2 = 0.019
Best-fit parameters: {'x_src': np.float64(78.08539593258587), 'y_src': np.float64(74.90333337538877), 'z_s': np.float64(1.7016685755394794)}

--- Running MCMC for Cluster 0 (chi_sq=0.019) ---
[MCMC] Process Pool with 16 procs
  0%|          | 0/20000 [00:00<?, ?it/s]  0%|          | 76/20000 [01:40<7:17:09,  1.32s/it]  0%|          | 90/20000 [02:00<7:16:50,  1.32s/it]  1%|          | 150/20000 [03:20<7:22:44,  1.34s/it]  1%|          | 164/20000 [03:40<7:22:26,  1.34s/it]  1%|          | 227/20000 [05:00<7:16:04,  1.32s/it]  1%|          | 241/20000 [05:20<7:15:46,  1.32s/it]  2%|         | 305/20000 [06:41<7:09:38,  1.31s/it]  2%|         | 319/20000 [07:00<7:09:19,  1.31s/it]  2%|         | 392/20000 [08:21<6:48:02,  1.25s/it]  2%|         | 405/20000 [08:40<6:47:46,  1.25s/it]  2%|         | 468/20000 [10:02<6:55:10,  1.28s/it]  2%|         | 481/20000 [10:20<6:54:53,  1.28s/it]  3%|         | 549/20000 [11:43<6:50:08,  1.27s/it]  3%|         | 562/20000 [12:00<6:49:52,  1.27s/it]  3%|         | 628/20000 [13:24<6:50:16,  1.27s/it]  3%|         | 640/20000 [13:40<6:50:01,  1.27s/it]  4%|         | 708/20000 [15:05<6:46:51,  1.27s/it]  4%|         | 721/20000 [15:20<6:46:35,  1.27s/it]  4%|         | 787/20000 [16:45<6:46:02,  1.27s/it]  4%|         | 798/20000 [17:00<6:45:48,  1.27s/it]  4%|         | 872/20000 [18:26<6:35:36,  1.24s/it]  4%|         | 882/20000 [18:40<6:35:24,  1.24s/it]  5%|         | 951/20000 [20:06<6:36:49,  1.25s/it]  5%|         | 963/20000 [20:20<6:36:34,  1.25s/it]  5%|         | 1044/20000 [21:47<6:17:16,  1.19s/it]  5%|         | 1054/20000 [22:00<6:17:04,  1.19s/it]  6%|         | 1135/20000 [23:28<6:06:27,  1.17s/it]  6%|         | 1146/20000 [23:40<6:06:14,  1.17s/it]  6%|         | 1224/20000 [25:09<6:01:45,  1.16s/it]  6%|         | 1234/20000 [25:20<6:01:33,  1.16s/it]  7%|         | 1317/20000 [26:49<5:52:30,  1.13s/it]  7%|         | 1326/20000 [27:00<5:52:20,  1.13s/it]  7%|         | 1396/20000 [28:29<6:02:31,  1.17s/it]  7%|         | 1405/20000 [28:40<6:02:20,  1.17s/it]  7%|         | 1489/20000 [30:10<5:52:32,  1.14s/it]  8%|         | 1506/20000 [30:30<5:52:13,  1.14s/it]  8%|         | 1585/20000 [31:51<5:41:49,  1.11s/it]  8%|         | 1602/20000 [32:10<5:41:30,  1.11s/it]  8%|         | 1682/20000 [33:32<5:32:47,  1.09s/it]  8%|         | 1698/20000 [33:50<5:32:29,  1.09s/it]  9%|         | 1776/20000 [35:12<5:29:07,  1.08s/it]  9%|         | 1793/20000 [35:30<5:28:48,  1.08s/it]  9%|         | 1877/20000 [36:52<5:18:31,  1.05s/it]  9%|         | 1894/20000 [37:10<5:18:13,  1.05s/it] 10%|         | 1973/20000 [38:33<5:16:13,  1.05s/it] 10%|         | 1988/20000 [38:50<5:15:57,  1.05s/it] 10%|         | 2070/20000 [40:13<5:12:50,  1.05s/it] 10%|         | 2086/20000 [40:30<5:12:33,  1.05s/it] 11%|         | 2170/20000 [41:53<5:06:50,  1.03s/it] 11%|         | 2187/20000 [42:10<5:06:33,  1.03s/it] 11%|        | 2266/20000 [43:34<5:06:31,  1.04s/it] 11%|        | 2276/20000 [43:50<5:06:21,  1.04s/it] 12%|        | 2342/20000 [45:15<5:26:31,  1.11s/it] 12%|        | 2356/20000 [45:30<5:26:16,  1.11s/it] 12%|        | 2427/20000 [46:55<5:30:57,  1.13s/it] 12%|        | 2439/20000 [47:10<5:30:43,  1.13s/it] 13%|        | 2514/20000 [48:36<5:31:37,  1.14s/it] 13%|        | 2524/20000 [48:50<5:31:26,  1.14s/it] 13%|        | 2599/20000 [50:16<5:33:20,  1.15s/it] 13%|        | 2608/20000 [50:30<5:33:10,  1.15s/it] 13%|        | 2677/20000 [51:56<5:42:55,  1.19s/it] 13%|        | 2687/20000 [52:10<5:42:43,  1.19s/it] 14%|        | 2755/20000 [53:37<5:49:55,  1.22s/it] 14%|        | 2766/20000 [53:50<5:49:41,  1.22s/it] 14%|        | 2848/20000 [55:17<5:35:14,  1.17s/it] 14%|        | 2859/20000 [55:30<5:35:01,  1.17s/it] 15%|        | 2933/20000 [56:58<5:34:22,  1.18s/it] 15%|        | 2941/20000 [57:10<5:34:13,  1.18s/it] 15%|        | 3008/20000 [58:38<5:45:23,  1.22s/it] 15%|        | 3018/20000 [58:50<5:45:11,  1.22s/it] 15%|        | 3083/20000 [1:00:18<5:53:11,  1.25s/it] 15%|        | 3091/20000 [1:00:30<5:53:01,  1.25s/it] 16%|        | 3163/20000 [1:01:59<5:51:24,  1.25s/it] 16%|        | 3171/20000 [1:02:10<5:51:14,  1.25s/it] 16%|        | 3241/20000 [1:03:39<5:52:43,  1.26s/it] 16%|        | 3250/20000 [1:03:50<5:52:31,  1.26s/it] 17%|        | 3326/20000 [1:05:20<5:44:02,  1.24s/it] 17%|        | 3345/20000 [1:05:40<5:43:39,  1.24s/it] 17%|        | 3416/20000 [1:07:00<5:31:28,  1.20s/it] 17%|        | 3431/20000 [1:07:20<5:31:10,  1.20s/it] 18%|        | 3500/20000 [1:08:41<5:29:48,  1.20s/it] 18%|        | 3516/20000 [1:09:00<5:29:29,  1.20s/it] 18%|        | 3594/20000 [1:10:21<5:16:19,  1.16s/it] 18%|        | 3611/20000 [1:10:40<5:15:59,  1.16s/it] 18%|        | 3689/20000 [1:12:02<5:05:39,  1.12s/it] 19%|        | 3707/20000 [1:12:20<5:05:19,  1.12s/it] 19%|        | 3789/20000 [1:13:42<4:53:25,  1.09s/it] 19%|        | 3806/20000 [1:14:00<4:53:06,  1.09s/it] 19%|        | 3890/20000 [1:15:23<4:43:59,  1.06s/it] 20%|        | 3905/20000 [1:15:40<4:43:43,  1.06s/it] 20%|        | 3985/20000 [1:17:03<4:42:07,  1.06s/it] 20%|        | 3999/20000 [1:17:20<4:41:53,  1.06s/it] 20%|        | 4064/20000 [1:18:44<4:56:07,  1.11s/it] 20%|        | 4075/20000 [1:19:00<4:55:54,  1.11s/it] 21%|        | 4150/20000 [1:20:25<4:58:58,  1.13s/it] 21%|        | 4161/20000 [1:20:40<4:58:45,  1.13s/it] 21%|        | 4238/20000 [1:22:06<4:58:04,  1.13s/it] 21%|       | 4251/20000 [1:22:20<4:57:49,  1.13s/it] 22%|       | 4331/20000 [1:23:46<4:51:47,  1.12s/it] 22%|       | 4343/20000 [1:24:00<4:51:34,  1.12s/it] 22%|       | 4417/20000 [1:25:27<4:54:44,  1.13s/it] 22%|       | 4426/20000 [1:25:40<4:54:34,  1.13s/it] 22%|       | 4500/20000 [1:27:08<4:59:00,  1.16s/it] 23%|       | 4508/20000 [1:27:20<4:58:51,  1.16s/it] 23%|       | 4582/20000 [1:28:49<5:03:05,  1.18s/it] 23%|       | 4590/20000 [1:29:00<5:02:55,  1.18s/it] 23%|       | 4666/20000 [1:30:30<5:02:41,  1.18s/it] 23%|       | 4675/20000 [1:30:40<5:02:31,  1.18s/it] 24%|       | 4749/20000 [1:32:10<5:03:08,  1.19s/it] 24%|       | 4762/20000 [1:32:30<5:02:52,  1.19s/it] 24%|       | 4823/20000 [1:33:51<5:13:04,  1.24s/it] 24%|       | 4836/20000 [1:34:10<5:12:48,  1.24s/it] 24%|       | 4894/20000 [1:35:31<5:23:33,  1.29s/it] 25%|       | 4908/20000 [1:35:50<5:23:15,  1.29s/it] 25%|       | 4979/20000 [1:37:11<5:13:24,  1.25s/it] 25%|       | 4993/20000 [1:37:30<5:13:06,  1.25s/it] 25%|       | 5054/20000 [1:38:53<5:18:53,  1.28s/it] 25%|       | 5066/20000 [1:39:10<5:18:38,  1.28s/it] 26%|       | 5129/20000 [1:40:34<5:22:10,  1.30s/it] 26%|       | 5145/20000 [1:40:50<5:21:49,  1.30s/it] 26%|       | 5224/20000 [1:42:15<4:59:58,  1.22s/it] 26%|       | 5237/20000 [1:42:30<4:59:42,  1.22s/it] 27%|       | 5310/20000 [1:43:55<4:54:37,  1.20s/it] 27%|       | 5325/20000 [1:44:10<4:54:19,  1.20s/it] 27%|       | 5404/20000 [1:45:36<4:42:37,  1.16s/it] 27%|       | 5413/20000 [1:45:50<4:42:27,  1.16s/it] 27%|       | 5482/20000 [1:47:17<4:49:58,  1.20s/it] 27%|       | 5492/20000 [1:47:30<4:49:46,  1.20s/it] 28%|       | 5571/20000 [1:48:58<4:43:11,  1.18s/it] 28%|       | 5580/20000 [1:49:10<4:43:01,  1.18s/it] 28%|       | 5645/20000 [1:50:39<4:53:47,  1.23s/it] 28%|       | 5652/20000 [1:50:50<4:53:38,  1.23s/it] 29%|       | 5727/20000 [1:52:19<4:51:53,  1.23s/it] 29%|       | 5735/20000 [1:52:30<4:51:44,  1.23s/it] 29%|       | 5810/20000 [1:54:00<4:49:25,  1.22s/it] 29%|       | 5824/20000 [1:54:20<4:49:08,  1.22s/it] 29%|       | 5892/20000 [1:55:41<4:47:53,  1.22s/it] 30%|       | 5909/20000 [1:56:00<4:47:32,  1.22s/it] 30%|       | 5977/20000 [1:57:21<4:43:17,  1.21s/it] 30%|       | 5995/20000 [1:57:40<4:42:55,  1.21s/it] 30%|       | 6074/20000 [1:59:02<4:27:32,  1.15s/it] 30%|       | 6090/20000 [1:59:20<4:27:13,  1.15s/it] 31%|       | 6166/20000 [2:00:42<4:21:13,  1.13s/it] 31%|       | 6182/20000 [2:01:00<4:20:55,  1.13s/it] 31%|      | 6266/20000 [2:02:22<4:09:39,  1.09s/it] 31%|      | 6284/20000 [2:02:40<4:09:19,  1.09s/it] 32%|      | 6363/20000 [2:04:02<4:03:49,  1.07s/it] 32%|      | 6379/20000 [2:04:20<4:03:32,  1.07s/it] 32%|      | 6460/20000 [2:05:44<3:59:56,  1.06s/it] 32%|      | 6477/20000 [2:06:00<3:59:38,  1.06s/it] 33%|      | 6556/20000 [2:07:24<3:57:02,  1.06s/it] 33%|      | 6569/20000 [2:07:40<3:56:49,  1.06s/it] 33%|      | 6647/20000 [2:09:04<3:58:19,  1.07s/it] 33%|      | 6658/20000 [2:09:20<3:58:07,  1.07s/it] 34%|      | 6733/20000 [2:10:44<4:02:38,  1.10s/it] 34%|      | 6746/20000 [2:11:00<4:02:23,  1.10s/it] 34%|      | 6822/20000 [2:12:25<4:02:48,  1.11s/it] 34%|      | 6835/20000 [2:12:40<4:02:34,  1.11s/it] 35%|      | 6910/20000 [2:14:05<4:03:17,  1.12s/it] 35%|      | 6920/20000 [2:14:20<4:03:06,  1.12s/it] 35%|      | 6986/20000 [2:15:45<4:13:37,  1.17s/it] 35%|      | 6997/20000 [2:16:00<4:13:24,  1.17s/it] 35%|      | 7068/20000 [2:17:25<4:15:14,  1.18s/it] 35%|      | 7080/20000 [2:17:40<4:14:59,  1.18s/it] 36%|      | 7158/20000 [2:19:06<4:09:07,  1.16s/it] 36%|      | 7168/20000 [2:19:20<4:08:55,  1.16s/it] 36%|      | 7233/20000 [2:20:47<4:18:11,  1.21s/it] 36%|      | 7242/20000 [2:21:00<4:18:00,  1.21s/it] 37%|      | 7310/20000 [2:22:28<4:22:40,  1.24s/it] 37%|      | 7317/20000 [2:22:40<4:22:31,  1.24s/it] 37%|      | 7386/20000 [2:24:09<4:26:02,  1.27s/it] 37%|      | 7394/20000 [2:24:20<4:25:51,  1.27s/it] 37%|      | 7460/20000 [2:25:49<4:30:09,  1.29s/it] 37%|      | 7467/20000 [2:26:00<4:30:00,  1.29s/it] 38%|      | 7553/20000 [2:27:30<4:13:38,  1.22s/it] 38%|      | 7571/20000 [2:27:50<4:13:16,  1.22s/it] 38%|      | 7647/20000 [2:29:11<4:01:38,  1.17s/it] 38%|      | 7662/20000 [2:29:30<4:01:20,  1.17s/it] 39%|      | 7723/20000 [2:30:51<4:08:22,  1.21s/it] 39%|      | 7738/20000 [2:31:10<4:08:04,  1.21s/it] 39%|      | 7802/20000 [2:32:31<4:09:51,  1.23s/it] 39%|      | 7816/20000 [2:32:50<4:09:33,  1.23s/it] 39%|      | 7878/20000 [2:34:13<4:14:09,  1.26s/it] 39%|      | 7891/20000 [2:34:30<4:13:53,  1.26s/it] 40%|      | 7960/20000 [2:35:53<4:10:30,  1.25s/it] 40%|      | 7973/20000 [2:36:10<4:10:14,  1.25s/it] 40%|      | 8055/20000 [2:37:33<3:55:37,  1.18s/it] 40%|      | 8066/20000 [2:37:50<3:55:24,  1.18s/it] 41%|      | 8125/20000 [2:39:14<4:07:18,  1.25s/it] 41%|      | 8136/20000 [2:39:30<4:07:04,  1.25s/it] 41%|      | 8203/20000 [2:40:55<4:08:16,  1.26s/it] 41%|      | 8217/20000 [2:41:10<4:07:58,  1.26s/it] 41%|     | 8284/20000 [2:42:35<4:05:15,  1.26s/it] 41%|     | 8297/20000 [2:42:50<4:04:59,  1.26s/it] 42%|     | 8376/20000 [2:44:16<3:53:10,  1.20s/it] 42%|     | 8387/20000 [2:44:30<3:52:57,  1.20s/it] 42%|     | 8459/20000 [2:45:57<3:51:51,  1.21s/it] 42%|     | 8468/20000 [2:46:10<3:51:40,  1.21s/it] 43%|     | 8544/20000 [2:47:37<3:48:42,  1.20s/it] 43%|     | 8554/20000 [2:47:50<3:48:30,  1.20s/it] 43%|     | 8623/20000 [2:49:18<3:51:48,  1.22s/it] 43%|     | 8630/20000 [2:49:30<3:51:39,  1.22s/it] 44%|     | 8712/20000 [2:50:59<3:44:24,  1.19s/it] 44%|     | 8723/20000 [2:51:10<3:44:11,  1.19s/it] 44%|     | 8803/20000 [2:52:40<3:37:41,  1.17s/it] 44%|     | 8821/20000 [2:53:00<3:37:20,  1.17s/it] 44%|     | 8878/20000 [2:54:21<3:45:11,  1.21s/it] 44%|     | 8893/20000 [2:54:40<3:44:53,  1.21s/it] 45%|     | 8967/20000 [2:56:02<3:38:37,  1.19s/it] 45%|     | 8985/20000 [2:56:20<3:38:16,  1.19s/it] 45%|     | 9065/20000 [2:57:42<3:26:40,  1.13s/it] 45%|     | 9080/20000 [2:58:00<3:26:23,  1.13s/it] 46%|     | 9150/20000 [2:59:23<3:27:49,  1.15s/it] 46%|     | 9165/20000 [2:59:40<3:27:31,  1.15s/it] 46%|     | 9230/20000 [3:01:03<3:31:25,  1.18s/it] 46%|     | 9246/20000 [3:01:20<3:31:07,  1.18s/it] 47%|     | 9332/20000 [3:02:43<3:17:56,  1.11s/it] 47%|     | 9349/20000 [3:03:00<3:17:37,  1.11s/it] 47%|     | 9416/20000 [3:04:24<3:20:43,  1.14s/it] 47%|     | 9428/20000 [3:04:40<3:20:30,  1.14s/it] 47%|     | 9491/20000 [3:06:05<3:28:58,  1.19s/it] 48%|     | 9504/20000 [3:06:20<3:28:43,  1.19s/it] 48%|     | 9572/20000 [3:07:46<3:29:57,  1.21s/it] 48%|     | 9581/20000 [3:08:00<3:29:46,  1.21s/it] 48%|     | 9652/20000 [3:09:26<3:30:34,  1.22s/it] 48%|     | 9661/20000 [3:09:40<3:30:23,  1.22s/it] 49%|     | 9728/20000 [3:11:06<3:33:42,  1.25s/it] 49%|     | 9738/20000 [3:11:20<3:33:29,  1.25s/it] 49%|     | 9803/20000 [3:12:46<3:36:17,  1.27s/it] 49%|     | 9812/20000 [3:13:00<3:36:05,  1.27s/it] 49%|     | 9891/20000 [3:14:27<3:27:21,  1.23s/it] 50%|     | 9903/20000 [3:14:40<3:27:06,  1.23s/it] 50%|     | 9972/20000 [3:16:07<3:26:09,  1.23s/it] 50%|     | 9983/20000 [3:16:20<3:25:55,  1.23s/it] 50%|     | 10066/20000 [3:17:48<3:15:31,  1.18s/it] 50%|     | 10075/20000 [3:18:00<3:15:20,  1.18s/it] 51%|     | 10146/20000 [3:19:29<3:17:48,  1.20s/it] 51%|     | 10153/20000 [3:19:40<3:17:40,  1.20s/it] 51%|     | 10242/20000 [3:21:10<3:07:45,  1.15s/it] 51%|    | 10259/20000 [3:21:30<3:07:26,  1.15s/it] 52%|    | 10330/20000 [3:22:51<3:05:15,  1.15s/it] 52%|    | 10344/20000 [3:23:10<3:04:59,  1.15s/it] 52%|    | 10405/20000 [3:24:32<3:12:23,  1.20s/it] 52%|    | 10417/20000 [3:24:50<3:12:09,  1.20s/it] 52%|    | 10497/20000 [3:26:12<3:04:40,  1.17s/it] 53%|    | 10515/20000 [3:26:30<3:04:19,  1.17s/it] 53%|    | 10581/20000 [3:27:52<3:04:28,  1.18s/it] 53%|    | 10595/20000 [3:28:10<3:04:12,  1.18s/it] 53%|    | 10664/20000 [3:29:33<3:04:52,  1.19s/it] 53%|    | 10674/20000 [3:29:50<3:04:40,  1.19s/it] 54%|    | 10756/20000 [3:31:14<2:58:26,  1.16s/it] 54%|    | 10770/20000 [3:31:30<2:58:10,  1.16s/it] 54%|    | 10846/20000 [3:32:54<2:54:38,  1.14s/it] 54%|    | 10858/20000 [3:33:10<2:54:24,  1.14s/it] 55%|    | 10927/20000 [3:34:35<2:57:06,  1.17s/it] 55%|    | 10942/20000 [3:34:50<2:56:48,  1.17s/it] 55%|    | 11009/20000 [3:36:15<2:57:41,  1.19s/it] 55%|    | 11020/20000 [3:36:30<2:57:28,  1.19s/it] 55%|    | 11088/20000 [3:37:56<3:00:03,  1.21s/it] 55%|    | 11099/20000 [3:38:10<2:59:50,  1.21s/it] 56%|    | 11182/20000 [3:39:37<2:51:43,  1.17s/it] 56%|    | 11195/20000 [3:39:50<2:51:27,  1.17s/it] 56%|    | 11275/20000 [3:41:18<2:45:50,  1.14s/it] 56%|    | 11287/20000 [3:41:30<2:45:37,  1.14s/it] 57%|    | 11369/20000 [3:42:59<2:41:02,  1.12s/it] 57%|    | 11379/20000 [3:43:10<2:40:51,  1.12s/it] 57%|    | 11451/20000 [3:44:39<2:43:48,  1.15s/it] 57%|    | 11462/20000 [3:44:50<2:43:35,  1.15s/it] 58%|    | 11551/20000 [3:46:20<2:35:18,  1.10s/it] 58%|    | 11567/20000 [3:46:40<2:35:01,  1.10s/it] 58%|    | 11631/20000 [3:48:01<2:39:47,  1.15s/it] 58%|    | 11649/20000 [3:48:20<2:39:26,  1.15s/it] 59%|    | 11724/20000 [3:49:41<2:35:15,  1.13s/it] 59%|    | 11739/20000 [3:50:00<2:34:58,  1.13s/it] 59%|    | 11809/20000 [3:51:23<2:36:20,  1.15s/it] 59%|    | 11821/20000 [3:51:40<2:36:06,  1.15s/it] 59%|    | 11880/20000 [3:53:03<2:44:13,  1.21s/it] 59%|    | 11891/20000 [3:53:20<2:44:00,  1.21s/it] 60%|    | 11959/20000 [3:54:43<2:44:48,  1.23s/it] 60%|    | 11970/20000 [3:55:00<2:44:35,  1.23s/it] 60%|    | 12032/20000 [3:56:24<2:48:52,  1.27s/it] 60%|    | 12044/20000 [3:56:40<2:48:37,  1.27s/it] 61%|    | 12107/20000 [3:58:04<2:49:53,  1.29s/it] 61%|    | 12118/20000 [3:58:20<2:49:38,  1.29s/it] 61%|    | 12185/20000 [3:59:45<2:47:59,  1.29s/it] 61%|    | 12196/20000 [4:00:00<2:47:45,  1.29s/it] 61%|   | 12269/20000 [4:01:26<2:42:41,  1.26s/it] 61%|   | 12278/20000 [4:01:40<2:42:29,  1.26s/it] 62%|   | 12350/20000 [4:03:07<2:40:18,  1.26s/it] 62%|   | 12362/20000 [4:03:20<2:40:03,  1.26s/it] 62%|   | 12443/20000 [4:04:48<2:31:06,  1.20s/it] 62%|   | 12454/20000 [4:05:00<2:30:53,  1.20s/it] 63%|   | 12527/20000 [4:06:28<2:29:24,  1.20s/it] 63%|   | 12536/20000 [4:06:40<2:29:13,  1.20s/it] 63%|   | 12602/20000 [4:08:08<2:32:30,  1.24s/it] 63%|   | 12610/20000 [4:08:20<2:32:20,  1.24s/it] 63%|   | 12676/20000 [4:09:49<2:34:59,  1.27s/it] 63%|   | 12686/20000 [4:10:00<2:34:47,  1.27s/it] 64%|   | 12767/20000 [4:11:29<2:26:25,  1.21s/it] 64%|   | 12776/20000 [4:11:40<2:26:14,  1.21s/it] 64%|   | 12852/20000 [4:13:09<2:23:27,  1.20s/it] 64%|   | 12861/20000 [4:13:20<2:23:16,  1.20s/it] 65%|   | 12951/20000 [4:14:50<2:14:12,  1.14s/it] 65%|   | 12970/20000 [4:15:10<2:13:51,  1.14s/it] 65%|   | 13042/20000 [4:16:31<2:11:08,  1.13s/it] 65%|   | 13060/20000 [4:16:50<2:10:48,  1.13s/it] 66%|   | 13135/20000 [4:18:11<2:07:35,  1.12s/it] 66%|   | 13149/20000 [4:18:30<2:07:19,  1.12s/it] 66%|   | 13216/20000 [4:19:52<2:10:10,  1.15s/it] 66%|   | 13228/20000 [4:20:10<2:09:56,  1.15s/it] 66%|   | 13292/20000 [4:21:33<2:13:58,  1.20s/it] 67%|   | 13303/20000 [4:21:50<2:13:45,  1.20s/it] 67%|   | 13378/20000 [4:23:14<2:11:31,  1.19s/it] 67%|   | 13394/20000 [4:23:30<2:11:12,  1.19s/it] 67%|   | 13474/20000 [4:24:55<2:04:38,  1.15s/it] 67%|   | 13487/20000 [4:25:10<2:04:23,  1.15s/it] 68%|   | 13555/20000 [4:26:36<2:06:05,  1.17s/it] 68%|   | 13565/20000 [4:26:50<2:05:54,  1.17s/it] 68%|   | 13634/20000 [4:28:17<2:07:37,  1.20s/it] 68%|   | 13647/20000 [4:28:30<2:07:21,  1.20s/it] 69%|   | 13716/20000 [4:29:57<2:06:35,  1.21s/it] 69%|   | 13727/20000 [4:30:10<2:06:21,  1.21s/it] 69%|   | 13799/20000 [4:31:38<2:05:13,  1.21s/it] 69%|   | 13809/20000 [4:31:50<2:05:01,  1.21s/it] 69%|   | 13876/20000 [4:33:19<2:06:34,  1.24s/it] 69%|   | 13883/20000 [4:33:30<2:06:25,  1.24s/it] 70%|   | 13954/20000 [4:35:01<2:06:43,  1.26s/it] 70%|   | 13972/20000 [4:35:20<2:06:20,  1.26s/it] 70%|   | 14037/20000 [4:36:41<2:03:31,  1.24s/it] 70%|   | 14050/20000 [4:37:00<2:03:14,  1.24s/it] 71%|   | 14121/20000 [4:38:22<2:00:36,  1.23s/it] 71%|   | 14133/20000 [4:38:40<2:00:22,  1.23s/it] 71%|   | 14195/20000 [4:40:03<2:02:40,  1.27s/it] 71%|   | 14206/20000 [4:40:20<2:02:26,  1.27s/it] 71%|  | 14267/20000 [4:41:43<2:04:32,  1.30s/it] 71%|  | 14281/20000 [4:42:00<2:04:13,  1.30s/it] 72%|  | 14355/20000 [4:43:24<1:57:35,  1.25s/it] 72%|  | 14368/20000 [4:43:40<1:57:18,  1.25s/it] 72%|  | 14432/20000 [4:45:04<1:57:32,  1.27s/it] 72%|  | 14444/20000 [4:45:20<1:57:17,  1.27s/it] 73%|  | 14504/20000 [4:46:44<1:59:09,  1.30s/it] 73%|  | 14516/20000 [4:47:00<1:58:54,  1.30s/it] 73%|  | 14592/20000 [4:48:25<1:52:40,  1.25s/it] 73%|  | 14605/20000 [4:48:40<1:52:24,  1.25s/it] 73%|  | 14667/20000 [4:50:07<1:53:41,  1.28s/it] 73%|  | 14676/20000 [4:50:20<1:53:29,  1.28s/it] 74%|  | 14752/20000 [4:51:47<1:49:17,  1.25s/it] 74%|  | 14762/20000 [4:52:00<1:49:04,  1.25s/it] 74%|  | 14843/20000 [4:53:28<1:43:21,  1.20s/it] 74%|  | 14851/20000 [4:53:40<1:43:11,  1.20s/it] 75%|  | 14930/20000 [4:55:08<1:40:19,  1.19s/it] 75%|  | 14939/20000 [4:55:20<1:40:08,  1.19s/it] 75%|  | 15020/20000 [4:56:48<1:36:37,  1.16s/it] 75%|  | 15028/20000 [4:57:00<1:36:28,  1.16s/it] 75%|  | 15094/20000 [4:58:29<1:39:34,  1.22s/it] 76%|  | 15101/20000 [4:58:40<1:39:25,  1.22s/it] 76%|  | 15178/20000 [5:00:09<1:37:12,  1.21s/it] 76%|  | 15187/20000 [5:00:20<1:37:01,  1.21s/it] 76%|  | 15275/20000 [5:01:50<1:30:46,  1.15s/it] 76%|  | 15294/20000 [5:02:10<1:30:24,  1.15s/it] 77%|  | 15365/20000 [5:03:31<1:28:18,  1.14s/it] 77%|  | 15379/20000 [5:03:50<1:28:02,  1.14s/it] 77%|  | 15443/20000 [5:05:11<1:29:44,  1.18s/it] 77%|  | 15459/20000 [5:05:30<1:29:25,  1.18s/it] 78%|  | 15532/20000 [5:06:52<1:26:55,  1.17s/it] 78%|  | 15545/20000 [5:07:10<1:26:40,  1.17s/it] 78%|  | 15609/20000 [5:08:33<1:28:10,  1.20s/it] 78%|  | 15623/20000 [5:08:50<1:27:54,  1.20s/it] 78%|  | 15694/20000 [5:10:14<1:26:11,  1.20s/it] 79%|  | 15706/20000 [5:10:30<1:25:56,  1.20s/it] 79%|  | 15780/20000 [5:11:54<1:23:45,  1.19s/it] 79%|  | 15793/20000 [5:12:10<1:23:29,  1.19s/it] 79%|  | 15864/20000 [5:13:35<1:22:21,  1.19s/it] 79%|  | 15876/20000 [5:13:50<1:22:07,  1.19s/it] 80%|  | 15949/20000 [5:15:16<1:20:22,  1.19s/it] 80%|  | 15961/20000 [5:15:30<1:20:07,  1.19s/it] 80%|  | 16041/20000 [5:16:56<1:16:25,  1.16s/it] 80%|  | 16053/20000 [5:17:10<1:16:11,  1.16s/it] 81%|  | 16127/20000 [5:18:37<1:15:00,  1.16s/it] 81%|  | 16137/20000 [5:18:50<1:14:48,  1.16s/it] 81%|  | 16211/20000 [5:20:18<1:14:04,  1.17s/it] 81%|  | 16222/20000 [5:20:30<1:13:51,  1.17s/it] 82%| | 16308/20000 [5:21:58<1:09:23,  1.13s/it] 82%| | 16317/20000 [5:22:10<1:09:13,  1.13s/it] 82%| | 16398/20000 [5:23:38<1:07:24,  1.12s/it] 82%| | 16410/20000 [5:23:50<1:07:10,  1.12s/it] 82%| | 16482/20000 [5:25:18<1:07:00,  1.14s/it] 82%| | 16492/20000 [5:25:30<1:06:48,  1.14s/it] 83%| | 16570/20000 [5:26:58<1:05:13,  1.14s/it] 83%| | 16580/20000 [5:27:10<1:05:01,  1.14s/it] 83%| | 16661/20000 [5:28:38<1:02:51,  1.13s/it] 83%| | 16671/20000 [5:28:50<1:02:40,  1.13s/it] 84%| | 16756/20000 [5:30:19<59:52,  1.11s/it]   84%| | 16763/20000 [5:30:30<59:44,  1.11s/it] 84%| | 16842/20000 [5:31:59<59:08,  1.12s/it] 84%| | 16850/20000 [5:32:10<58:59,  1.12s/it] 85%| | 16925/20000 [5:33:39<58:46,  1.15s/it] 85%| | 16933/20000 [5:33:50<58:37,  1.15s/it] 85%| | 17015/20000 [5:35:20<56:43,  1.14s/it] 85%| | 17033/20000 [5:35:40<56:22,  1.14s/it] 85%| | 17098/20000 [5:37:01<56:13,  1.16s/it] 86%| | 17112/20000 [5:37:20<55:56,  1.16s/it] 86%| | 17178/20000 [5:38:42<56:00,  1.19s/it] 86%| | 17193/20000 [5:39:00<55:42,  1.19s/it] 86%| | 17274/20000 [5:40:23<51:53,  1.14s/it] 86%| | 17291/20000 [5:40:40<51:34,  1.14s/it] 87%| | 17366/20000 [5:42:04<49:33,  1.13s/it] 87%| | 17381/20000 [5:42:20<49:16,  1.13s/it] 87%| | 17461/20000 [5:43:44<46:48,  1.11s/it] 87%| | 17477/20000 [5:44:00<46:30,  1.11s/it] 88%| | 17559/20000 [5:45:24<43:56,  1.08s/it] 88%| | 17575/20000 [5:45:40<43:39,  1.08s/it] 88%| | 17659/20000 [5:47:05<41:11,  1.06s/it] 88%| | 17673/20000 [5:47:20<40:56,  1.06s/it] 89%| | 17752/20000 [5:48:45<39:51,  1.06s/it] 89%| | 17767/20000 [5:49:00<39:35,  1.06s/it] 89%| | 17850/20000 [5:50:25<37:39,  1.05s/it] 89%| | 17862/20000 [5:50:40<37:26,  1.05s/it] 90%| | 17942/20000 [5:52:06<36:27,  1.06s/it] 90%| | 17953/20000 [5:52:20<36:15,  1.06s/it] 90%| | 18032/20000 [5:53:46<35:19,  1.08s/it] 90%| | 18045/20000 [5:54:00<35:05,  1.08s/it] 91%| | 18122/20000 [5:55:27<34:05,  1.09s/it] 91%| | 18134/20000 [5:55:40<33:52,  1.09s/it] 91%| | 18220/20000 [5:57:07<31:40,  1.07s/it] 91%| | 18233/20000 [5:57:20<31:26,  1.07s/it] 92%|| 18319/20000 [5:58:47<29:29,  1.05s/it] 92%|| 18330/20000 [5:59:00<29:17,  1.05s/it] 92%|| 18415/20000 [6:00:29<27:49,  1.05s/it] 92%|| 18425/20000 [6:00:40<27:39,  1.05s/it] 93%|| 18509/20000 [6:02:09<26:15,  1.06s/it] 93%|| 18519/20000 [6:02:20<26:04,  1.06s/it] 93%|| 18591/20000 [6:03:49<25:52,  1.10s/it] 93%|| 18600/20000 [6:04:00<25:42,  1.10s/it] 93%|| 18685/20000 [6:05:29<23:54,  1.09s/it] 93%|| 18695/20000 [6:05:40<23:43,  1.09s/it] 94%|| 18781/20000 [6:07:11<21:55,  1.08s/it] 94%|| 18798/20000 [6:07:30<21:37,  1.08s/it] 94%|| 18865/20000 [6:08:52<21:05,  1.12s/it] 94%|| 18877/20000 [6:09:10<20:52,  1.12s/it] 95%|| 18947/20000 [6:10:33<20:09,  1.15s/it] 95%|| 18961/20000 [6:10:50<19:52,  1.15s/it] 95%|| 19039/20000 [6:12:14<18:08,  1.13s/it] 95%|| 19054/20000 [6:12:30<17:51,  1.13s/it] 96%|| 19126/20000 [6:13:55<16:37,  1.14s/it] 96%|| 19138/20000 [6:14:10<16:23,  1.14s/it] 96%|| 19218/20000 [6:15:36<14:41,  1.13s/it] 96%|| 19230/20000 [6:15:50<14:27,  1.13s/it] 97%|| 19304/20000 [6:17:16<13:12,  1.14s/it] 97%|| 19313/20000 [6:17:30<13:01,  1.14s/it] 97%|| 19390/20000 [6:18:57<11:40,  1.15s/it] 97%|| 19402/20000 [6:19:10<11:26,  1.15s/it] 97%|| 19488/20000 [6:20:38<09:28,  1.11s/it] 97%|| 19499/20000 [6:20:50<09:16,  1.11s/it] 98%|| 19582/20000 [6:22:19<07:39,  1.10s/it] 98%|| 19592/20000 [6:22:30<07:28,  1.10s/it] 98%|| 19680/20000 [6:24:00<05:45,  1.08s/it] 98%|| 19695/20000 [6:24:20<05:28,  1.08s/it] 99%|| 19763/20000 [6:25:41<04:24,  1.11s/it] 99%|| 19777/20000 [6:26:00<04:08,  1.11s/it] 99%|| 19844/20000 [6:27:21<02:59,  1.15s/it] 99%|| 19862/20000 [6:27:40<02:38,  1.15s/it]100%|| 19939/20000 [6:29:02<01:08,  1.12s/it]100%|| 19956/20000 [6:29:20<00:49,  1.12s/it]100%|| 20000/20000 [6:30:11<00:00,  1.17s/it]

Analysis complete. Found 1 cluster(s) meeting the MCMC criterion.
Accepted cluster indices: [0]

--- Processing Final Results for Cluster 0 ---
--- MCMC Parameter Constraints for Cluster 0 ---
  x_src = 78.078 +0.029 / -0.027
  y_src = 74.875 +0.104 / -0.121
    z_s = 1.708 +0.029 / -0.021
Saving localization results for Cluster 0...
Processing results for Cluster 0...
-> Saved 340000 samples to /users/hiu-yeung.cheng/clusterlensing/out/row8/test_tidy_row8/cluster_0_posterior.npz
Updated CSV row 8 with result for cluster 0.
Loading data from /users/hiu-yeung.cheng/clusterlensing/out/row8/test_tidy_row8/cluster_0_posterior.npz...

Generating corner plot...
-> Corner plot saved to /users/hiu-yeung.cheng/clusterlensing/out/row8/test_tidy_row8/cluster_0_corner_from_saved.png

Generating trace plot...
-> Trace plot saved to /users/hiu-yeung.cheng/clusterlensing/out/row8/test_tidy_row8/cluster_0_trace.png
