Row=9 OUT_DIR=/users/hiu-yeung.cheng/clusterlensing/out/row9 DE_PROCS=16 MCMC_PROCS=16
Setup complete. Lensing system initialized.
True time delays: [    0.          9508.94254136 11655.02682556 11684.15346477
 12132.38242131]
True luminosity distances: 20667.932083907643
Lensed luminosity distances: [   4216.40480704    4111.03634258    5196.43558284    4093.27859823
 3267143.28013225]

Running the full analysis pipeline...
--- Running DE for Cluster 0 ---
[DE] Process Pool with 16 procs (init=latinhypercube, popsize=50)
differential_evolution step 1: f(x)= 4242.640687119286
differential_evolution step 2: f(x)= 4242.640687119286
differential_evolution step 3: f(x)= 4242.640687119286
differential_evolution step 4: f(x)= 812.6475212539019
differential_evolution step 5: f(x)= 812.6475212539019
differential_evolution step 6: f(x)= 812.6475212539019
differential_evolution step 7: f(x)= 456.07709251173765
differential_evolution step 8: f(x)= 456.07709251173765
differential_evolution step 9: f(x)= 456.07709251173765
differential_evolution step 10: f(x)= 456.07709251173765
differential_evolution step 11: f(x)= 456.07709251173765
differential_evolution step 12: f(x)= 456.07709251173765
differential_evolution step 13: f(x)= 278.9669220998957
differential_evolution step 14: f(x)= 278.9669220998957
differential_evolution step 15: f(x)= 278.9669220998957
differential_evolution step 16: f(x)= 278.9669220998957
differential_evolution step 17: f(x)= 278.9669220998957
differential_evolution step 18: f(x)= 179.13974697156257
differential_evolution step 19: f(x)= 179.13974697156257
differential_evolution step 20: f(x)= 179.13974697156257
differential_evolution step 21: f(x)= 179.13974697156257
differential_evolution step 22: f(x)= 179.13974697156257
differential_evolution step 23: f(x)= 156.73457271511393
differential_evolution step 24: f(x)= 156.73457271511393
differential_evolution step 25: f(x)= 21.579014128528815
differential_evolution step 26: f(x)= 21.579014128528815
differential_evolution step 27: f(x)= 21.579014128528815
differential_evolution step 28: f(x)= 21.579014128528815
differential_evolution step 29: f(x)= 21.579014128528815
differential_evolution step 30: f(x)= 21.579014128528815
differential_evolution step 31: f(x)= 21.579014128528815
differential_evolution step 32: f(x)= 21.579014128528815
differential_evolution step 33: f(x)= 21.579014128528815
differential_evolution step 34: f(x)= 21.579014128528815
differential_evolution step 35: f(x)= 21.579014128528815
differential_evolution step 36: f(x)= 21.579014128528815
differential_evolution step 37: f(x)= 21.579014128528815
differential_evolution step 38: f(x)= 5.732288606094966
differential_evolution step 39: f(x)= 2.4221505131176353
differential_evolution step 40: f(x)= 2.4221505131176353
differential_evolution step 41: f(x)= 2.4221505131176353
differential_evolution step 42: f(x)= 2.4221505131176353
differential_evolution step 43: f(x)= 2.4221505131176353
differential_evolution step 44: f(x)= 2.4221505131176353
differential_evolution step 45: f(x)= 2.4221505131176353
differential_evolution step 46: f(x)= 2.4221505131176353
differential_evolution step 47: f(x)= 2.4221505131176353
differential_evolution step 48: f(x)= 2.4221505131176353
differential_evolution step 49: f(x)= 2.4221505131176353
differential_evolution step 50: f(x)= 2.4221505131176353
differential_evolution step 51: f(x)= 2.4221505131176353
differential_evolution step 52: f(x)= 2.4221505131176353
differential_evolution step 53: f(x)= 2.3763371069581347
differential_evolution step 54: f(x)= 1.682029852098529
differential_evolution step 55: f(x)= 1.682029852098529
differential_evolution step 56: f(x)= 1.682029852098529
differential_evolution step 57: f(x)= 1.682029852098529
differential_evolution step 58: f(x)= 1.682029852098529
differential_evolution step 59: f(x)= 1.682029852098529
differential_evolution step 60: f(x)= 1.682029852098529
differential_evolution step 61: f(x)= 1.682029852098529
differential_evolution step 62: f(x)= 1.682029852098529
differential_evolution step 63: f(x)= 1.682029852098529
differential_evolution step 64: f(x)= 1.682029852098529
differential_evolution step 65: f(x)= 0.4053515772067928
differential_evolution step 66: f(x)= 0.16340054800941173
differential_evolution step 67: f(x)= 0.16340054800941173
differential_evolution step 68: f(x)= 0.16340054800941173
differential_evolution step 69: f(x)= 0.16340054800941173
differential_evolution step 70: f(x)= 0.10449399668836232
differential_evolution step 71: f(x)= 0.03539189710986343
differential_evolution step 72: f(x)= 0.03539189710986343
differential_evolution step 73: f(x)= 0.03539189710986343
differential_evolution step 74: f(x)= 0.03539189710986343
differential_evolution step 75: f(x)= 0.03539189710986343
differential_evolution step 76: f(x)= 0.03539189710986343
differential_evolution step 77: f(x)= 0.03539189710986343
differential_evolution step 78: f(x)= 0.022823776840229442
Cluster 0 DE best chi^2: 0.023 with params {'x_src': np.float64(74.8725504690657), 'y_src': np.float64(82.8865016994454), 'z_s': np.float64(2.5316654672115497)}
--- Running DE for Cluster 1 ---
[DE] Process Pool with 16 procs (init=latinhypercube, popsize=50)
differential_evolution step 1: f(x)= 4242.640687119286
differential_evolution step 2: f(x)= 3000.0
differential_evolution step 3: f(x)= 3000.0
differential_evolution step 4: f(x)= 3000.0
differential_evolution step 5: f(x)= 3000.0
differential_evolution step 6: f(x)= 3000.0
differential_evolution step 7: f(x)= 3000.0
differential_evolution step 8: f(x)= 2164.532497426029
differential_evolution step 9: f(x)= 2164.532497426029
differential_evolution step 10: f(x)= 2164.532497426029
differential_evolution step 11: f(x)= 2164.532497426029
differential_evolution step 12: f(x)= 2164.532497426029
differential_evolution step 13: f(x)= 2164.532497426029
differential_evolution step 14: f(x)= 1915.257080267074
differential_evolution step 15: f(x)= 948.4317671116894
differential_evolution step 16: f(x)= 948.4317671116894
differential_evolution step 17: f(x)= 948.4317671116894
differential_evolution step 18: f(x)= 297.5021874417338
differential_evolution step 19: f(x)= 297.5021874417338
differential_evolution step 20: f(x)= 297.5021874417338
differential_evolution step 21: f(x)= 297.5021874417338
differential_evolution step 22: f(x)= 297.5021874417338
differential_evolution step 23: f(x)= 297.5021874417338
differential_evolution step 24: f(x)= 297.5021874417338
differential_evolution step 25: f(x)= 297.5021874417338
differential_evolution step 26: f(x)= 297.5021874417338
differential_evolution step 27: f(x)= 297.5021874417338
differential_evolution step 28: f(x)= 297.5021874417338
differential_evolution step 29: f(x)= 297.5021874417338
differential_evolution step 30: f(x)= 297.5021874417338
differential_evolution step 31: f(x)= 297.5021874417338
differential_evolution step 32: f(x)= 297.5021874417338
differential_evolution step 33: f(x)= 297.5021874417338
differential_evolution step 34: f(x)= 297.5021874417338
differential_evolution step 35: f(x)= 297.5021874417338
differential_evolution step 36: f(x)= 297.5021874417338
differential_evolution step 37: f(x)= 297.5021874417338
differential_evolution step 38: f(x)= 297.5021874417338
differential_evolution step 39: f(x)= 297.5021874417338
differential_evolution step 40: f(x)= 297.5021874417338
differential_evolution step 41: f(x)= 297.5021874417338
differential_evolution step 42: f(x)= 297.5021874417338
differential_evolution step 43: f(x)= 297.5021874417338
differential_evolution step 44: f(x)= 297.5021874417338
differential_evolution step 45: f(x)= 297.5021874417338
differential_evolution step 46: f(x)= 297.5021874417338
differential_evolution step 47: f(x)= 297.5021874417338
differential_evolution step 48: f(x)= 297.5021874417338
differential_evolution step 49: f(x)= 297.5021874417338
differential_evolution step 50: f(x)= 297.5021874417338
differential_evolution step 51: f(x)= 297.5021874417338
differential_evolution step 52: f(x)= 297.5021874417338
differential_evolution step 53: f(x)= 297.5021874417338
differential_evolution step 54: f(x)= 297.5021874417338
differential_evolution step 55: f(x)= 297.5021874417338
differential_evolution step 56: f(x)= 294.40079485571107
differential_evolution step 57: f(x)= 294.40079485571107
differential_evolution step 58: f(x)= 294.40079485571107
differential_evolution step 59: f(x)= 285.8879885326746
differential_evolution step 60: f(x)= 285.8879885326746
differential_evolution step 61: f(x)= 285.8879885326746
differential_evolution step 62: f(x)= 285.8879885326746
differential_evolution step 63: f(x)= 281.77268945555244
differential_evolution step 64: f(x)= 278.83894238720234
differential_evolution step 65: f(x)= 278.83894238720234
differential_evolution step 66: f(x)= 278.83894238720234
differential_evolution step 67: f(x)= 278.83894238720234
differential_evolution step 68: f(x)= 278.83894238720234
differential_evolution step 69: f(x)= 278.83894238720234
differential_evolution step 70: f(x)= 278.83894238720234
differential_evolution step 71: f(x)= 278.83894238720234
differential_evolution step 72: f(x)= 278.83894238720234
differential_evolution step 73: f(x)= 278.83894238720234
differential_evolution step 74: f(x)= 278.83894238720234
differential_evolution step 75: f(x)= 278.83894238720234
differential_evolution step 76: f(x)= 278.7950838634131
differential_evolution step 77: f(x)= 278.7950838634131
differential_evolution step 78: f(x)= 278.7950838634131
differential_evolution step 79: f(x)= 278.7950838634131
differential_evolution step 80: f(x)= 278.7950838634131
differential_evolution step 81: f(x)= 278.7950838634131
differential_evolution step 82: f(x)= 277.20191708384044
differential_evolution step 83: f(x)= 277.20191708384044
differential_evolution step 84: f(x)= 277.20191708384044
differential_evolution step 85: f(x)= 277.20191708384044
differential_evolution step 86: f(x)= 277.20191708384044
differential_evolution step 87: f(x)= 277.20191708384044
differential_evolution step 88: f(x)= 277.20191708384044
differential_evolution step 89: f(x)= 277.20191708384044
differential_evolution step 90: f(x)= 277.20191708384044
differential_evolution step 91: f(x)= 277.20191708384044
differential_evolution step 92: f(x)= 277.20191708384044
differential_evolution step 93: f(x)= 277.20191708384044
differential_evolution step 94: f(x)= 277.20191708384044
differential_evolution step 95: f(x)= 277.20191708384044
differential_evolution step 96: f(x)= 277.20191708384044
differential_evolution step 97: f(x)= 277.07123973207223
differential_evolution step 98: f(x)= 277.07123973207223
differential_evolution step 99: f(x)= 277.07123973207223
differential_evolution step 100: f(x)= 277.07123973207223
differential_evolution step 101: f(x)= 277.07123973207223
differential_evolution step 102: f(x)= 277.07123973207223
differential_evolution step 103: f(x)= 277.07123973207223
differential_evolution step 104: f(x)= 277.07123973207223
differential_evolution step 105: f(x)= 277.07123973207223
differential_evolution step 106: f(x)= 277.07123973207223
differential_evolution step 107: f(x)= 277.07123973207223
differential_evolution step 108: f(x)= 277.07123973207223
differential_evolution step 109: f(x)= 277.0171807302544
differential_evolution step 110: f(x)= 277.0171807302544
differential_evolution step 111: f(x)= 277.0171807302544
differential_evolution step 112: f(x)= 277.0171807302544
differential_evolution step 113: f(x)= 277.0171807302544
differential_evolution step 114: f(x)= 277.0171807302544
differential_evolution step 115: f(x)= 276.82418463466456
differential_evolution step 116: f(x)= 276.82418463466456
differential_evolution step 117: f(x)= 276.82418463466456
differential_evolution step 118: f(x)= 276.82418463466456
differential_evolution step 119: f(x)= 276.7207523621154
differential_evolution step 120: f(x)= 276.7207523621154
differential_evolution step 121: f(x)= 276.7207523621154
differential_evolution step 122: f(x)= 276.7206747559931
differential_evolution step 123: f(x)= 276.7206747559931
differential_evolution step 124: f(x)= 276.7206747559931
differential_evolution step 125: f(x)= 276.7206747559931
differential_evolution step 126: f(x)= 276.7206747559931
differential_evolution step 127: f(x)= 276.7206747559931
differential_evolution step 128: f(x)= 276.7206747559931
differential_evolution step 129: f(x)= 276.7206747559931
differential_evolution step 130: f(x)= 276.7206747559931
differential_evolution step 131: f(x)= 276.7206747559931
differential_evolution step 132: f(x)= 276.7206747559931
differential_evolution step 133: f(x)= 276.7206747559931
differential_evolution step 134: f(x)= 276.7206747559931
differential_evolution step 135: f(x)= 276.7206747559931
differential_evolution step 136: f(x)= 276.7206747559931
differential_evolution step 137: f(x)= 276.7206747559931
differential_evolution step 138: f(x)= 276.70163446654647
differential_evolution step 139: f(x)= 276.70163446654647
differential_evolution step 140: f(x)= 276.70163446654647
differential_evolution step 141: f(x)= 276.70163446654647
differential_evolution step 142: f(x)= 276.70163446654647
differential_evolution step 143: f(x)= 276.70163446654647
differential_evolution step 144: f(x)= 276.70163446654647
differential_evolution step 145: f(x)= 276.70163446654647
differential_evolution step 146: f(x)= 276.70163446654647
differential_evolution step 147: f(x)= 276.70163446654647
differential_evolution step 148: f(x)= 276.70163446654647
differential_evolution step 149: f(x)= 276.5659205438369
differential_evolution step 150: f(x)= 276.5659205438369
differential_evolution step 151: f(x)= 276.5659205438369
differential_evolution step 152: f(x)= 276.5659205438369
differential_evolution step 153: f(x)= 276.5659205438369
differential_evolution step 154: f(x)= 276.5659205438369
differential_evolution step 155: f(x)= 276.5659205438369
differential_evolution step 156: f(x)= 276.5659205438369
differential_evolution step 157: f(x)= 276.5659205438369
differential_evolution step 158: f(x)= 276.5659205438369
differential_evolution step 159: f(x)= 276.5659205438369
differential_evolution step 160: f(x)= 276.5659205438369
differential_evolution step 161: f(x)= 276.5659205438369
differential_evolution step 162: f(x)= 276.5659205438369
differential_evolution step 163: f(x)= 276.5659205438369
differential_evolution step 164: f(x)= 276.5659205438369
differential_evolution step 165: f(x)= 276.5659205438369
differential_evolution step 166: f(x)= 276.5659205438369
differential_evolution step 167: f(x)= 276.5659205438369
differential_evolution step 168: f(x)= 276.5659205438369
differential_evolution step 169: f(x)= 276.5659205438369
differential_evolution step 170: f(x)= 276.5659205438369
differential_evolution step 171: f(x)= 276.5659205438369
differential_evolution step 172: f(x)= 276.5659205438369
differential_evolution step 173: f(x)= 276.5659205438369
differential_evolution step 174: f(x)= 276.5659205438369
differential_evolution step 175: f(x)= 276.5659205438369
differential_evolution step 176: f(x)= 276.5659205438369
differential_evolution step 177: f(x)= 276.5659205438369
differential_evolution step 178: f(x)= 276.5659205438369
differential_evolution step 179: f(x)= 276.5659205438369
differential_evolution step 180: f(x)= 276.5659205438369
differential_evolution step 181: f(x)= 276.5659205438369
differential_evolution step 182: f(x)= 276.5659205438369
differential_evolution step 183: f(x)= 276.5659205438369
differential_evolution step 184: f(x)= 276.5659205438369
differential_evolution step 185: f(x)= 276.5659205438369
differential_evolution step 186: f(x)= 276.5659205438369
differential_evolution step 187: f(x)= 276.5659205438369
differential_evolution step 188: f(x)= 276.5659205438369
differential_evolution step 189: f(x)= 276.5659205438369
differential_evolution step 190: f(x)= 276.5659205438369
differential_evolution step 191: f(x)= 276.5659205438369
differential_evolution step 192: f(x)= 276.5659205438369
differential_evolution step 193: f(x)= 276.5659205438369
differential_evolution step 194: f(x)= 276.5659205438369
differential_evolution step 195: f(x)= 276.5659205438369
differential_evolution step 196: f(x)= 276.5659205438369
differential_evolution step 197: f(x)= 276.5659205438369
differential_evolution step 198: f(x)= 276.5659205438369
differential_evolution step 199: f(x)= 276.5659205438369
differential_evolution step 200: f(x)= 276.5659205438369
Cluster 1 DE best chi^2: 276.566 with params {'x_src': np.float64(210.65045462894415), 'y_src': np.float64(191.211006402179), 'z_s': np.float64(1.1046278459283259)}
--- Running DE for Cluster 2 ---
[DE] Process Pool with 16 procs (init=latinhypercube, popsize=50)
differential_evolution step 1: f(x)= 4242.640687119286
differential_evolution step 2: f(x)= 4242.640687119286
differential_evolution step 3: f(x)= 199.6446936701013
differential_evolution step 4: f(x)= 199.6446936701013
differential_evolution step 5: f(x)= 199.6446936701013
differential_evolution step 6: f(x)= 199.6446936701013
differential_evolution step 7: f(x)= 199.6446936701013
differential_evolution step 8: f(x)= 199.6446936701013
differential_evolution step 9: f(x)= 199.6446936701013
differential_evolution step 10: f(x)= 199.6446936701013
differential_evolution step 11: f(x)= 199.6446936701013
differential_evolution step 12: f(x)= 199.6446936701013
differential_evolution step 13: f(x)= 199.6446936701013
differential_evolution step 14: f(x)= 199.6446936701013
differential_evolution step 15: f(x)= 199.6446936701013
differential_evolution step 16: f(x)= 199.6446936701013
differential_evolution step 17: f(x)= 199.6446936701013
differential_evolution step 18: f(x)= 199.6446936701013
differential_evolution step 19: f(x)= 199.6446936701013
differential_evolution step 20: f(x)= 199.6446936701013
differential_evolution step 21: f(x)= 199.6446936701013
differential_evolution step 22: f(x)= 185.74157373469046
differential_evolution step 23: f(x)= 185.74157373469046
differential_evolution step 24: f(x)= 178.69868316958798
differential_evolution step 25: f(x)= 178.69868316958798
differential_evolution step 26: f(x)= 174.7377614418655
differential_evolution step 27: f(x)= 163.51163749915798
differential_evolution step 28: f(x)= 163.51163749915798
differential_evolution step 29: f(x)= 163.51163749915798
differential_evolution step 30: f(x)= 159.77437895658306
differential_evolution step 31: f(x)= 156.75174328528317
differential_evolution step 32: f(x)= 154.3935320066442
differential_evolution step 33: f(x)= 154.3935320066442
differential_evolution step 34: f(x)= 154.3935320066442
differential_evolution step 35: f(x)= 154.3935320066442
differential_evolution step 36: f(x)= 154.3935320066442
differential_evolution step 37: f(x)= 154.3935320066442
differential_evolution step 38: f(x)= 154.3935320066442
differential_evolution step 39: f(x)= 153.10205971310796
differential_evolution step 40: f(x)= 152.17530474241622
differential_evolution step 41: f(x)= 152.17530474241622
differential_evolution step 42: f(x)= 152.17530474241622
differential_evolution step 43: f(x)= 152.17530474241622
differential_evolution step 44: f(x)= 150.4802427305796
differential_evolution step 45: f(x)= 150.4272512621358
differential_evolution step 46: f(x)= 150.4272512621358
differential_evolution step 47: f(x)= 150.4272512621358
differential_evolution step 48: f(x)= 148.96923552642525
differential_evolution step 49: f(x)= 148.96923552642525
differential_evolution step 50: f(x)= 148.96923552642525
differential_evolution step 51: f(x)= 148.96923552642525
differential_evolution step 52: f(x)= 148.96923552642525
differential_evolution step 53: f(x)= 148.96923552642525
differential_evolution step 54: f(x)= 148.96923552642525
differential_evolution step 55: f(x)= 148.96923552642525
differential_evolution step 56: f(x)= 148.96923552642525
differential_evolution step 57: f(x)= 148.96923552642525
differential_evolution step 58: f(x)= 148.96923552642525
differential_evolution step 59: f(x)= 148.96923552642525
differential_evolution step 60: f(x)= 148.96923552642525
differential_evolution step 61: f(x)= 148.96923552642525
differential_evolution step 62: f(x)= 148.96923552642525
differential_evolution step 63: f(x)= 148.96923552642525
differential_evolution step 64: f(x)= 148.96923552642525
differential_evolution step 65: f(x)= 148.96923552642525
differential_evolution step 66: f(x)= 148.96923552642525
differential_evolution step 67: f(x)= 148.96923552642525
differential_evolution step 68: f(x)= 148.68676013772244
differential_evolution step 69: f(x)= 148.68676013772244
differential_evolution step 70: f(x)= 148.68676013772244
differential_evolution step 71: f(x)= 148.68676013772244
differential_evolution step 72: f(x)= 148.68676013772244
differential_evolution step 73: f(x)= 148.68676013772244
differential_evolution step 74: f(x)= 148.68676013772244
differential_evolution step 75: f(x)= 148.68676013772244
differential_evolution step 76: f(x)= 148.68676013772244
differential_evolution step 77: f(x)= 148.68676013772244
differential_evolution step 78: f(x)= 148.68676013772244
differential_evolution step 79: f(x)= 147.9843165561185
differential_evolution step 80: f(x)= 147.9843165561185
differential_evolution step 81: f(x)= 147.9843165561185
differential_evolution step 82: f(x)= 147.9843165561185
differential_evolution step 83: f(x)= 147.9843165561185
differential_evolution step 84: f(x)= 147.9843165561185
differential_evolution step 85: f(x)= 147.9843165561185
differential_evolution step 86: f(x)= 147.9843165561185
differential_evolution step 87: f(x)= 147.9843165561185
differential_evolution step 88: f(x)= 147.9843165561185
differential_evolution step 89: f(x)= 147.9843165561185
differential_evolution step 90: f(x)= 147.9843165561185
differential_evolution step 91: f(x)= 147.9843165561185
differential_evolution step 92: f(x)= 147.9843165561185
differential_evolution step 93: f(x)= 147.9843165561185
differential_evolution step 94: f(x)= 147.9843165561185
differential_evolution step 95: f(x)= 147.78104069277651
differential_evolution step 96: f(x)= 147.78104069277651
differential_evolution step 97: f(x)= 147.78104069277651
differential_evolution step 98: f(x)= 147.78104069277651
differential_evolution step 99: f(x)= 147.78104069277651
differential_evolution step 100: f(x)= 147.78104069277651
differential_evolution step 101: f(x)= 147.78104069277651
differential_evolution step 102: f(x)= 147.78104069277651
differential_evolution step 103: f(x)= 147.78104069277651
differential_evolution step 104: f(x)= 147.78104069277651
differential_evolution step 105: f(x)= 147.78104069277651
differential_evolution step 106: f(x)= 147.78104069277651
differential_evolution step 107: f(x)= 147.78104069277651
differential_evolution step 108: f(x)= 147.78104069277651
differential_evolution step 109: f(x)= 147.78104069277651
differential_evolution step 110: f(x)= 147.78104069277651
differential_evolution step 111: f(x)= 147.78104069277651
differential_evolution step 112: f(x)= 147.78104069277651
differential_evolution step 113: f(x)= 147.78104069277651
differential_evolution step 114: f(x)= 147.78104069277651
differential_evolution step 115: f(x)= 147.78104069277651
differential_evolution step 116: f(x)= 147.78104069277651
differential_evolution step 117: f(x)= 147.78104069277651
differential_evolution step 118: f(x)= 147.78104069277651
differential_evolution step 119: f(x)= 147.78104069277651
differential_evolution step 120: f(x)= 147.78104069277651
differential_evolution step 121: f(x)= 147.78104069277651
differential_evolution step 122: f(x)= 147.78104069277651
differential_evolution step 123: f(x)= 147.61613249208833
differential_evolution step 124: f(x)= 147.61613249208833
differential_evolution step 125: f(x)= 147.61613249208833
differential_evolution step 126: f(x)= 147.61613249208833
differential_evolution step 127: f(x)= 147.61613249208833
differential_evolution step 128: f(x)= 147.61613249208833
differential_evolution step 129: f(x)= 147.61613249208833
differential_evolution step 130: f(x)= 147.61613249208833
differential_evolution step 131: f(x)= 147.61613249208833
differential_evolution step 132: f(x)= 147.61613249208833
differential_evolution step 133: f(x)= 147.61613249208833
differential_evolution step 134: f(x)= 147.61613249208833
differential_evolution step 135: f(x)= 147.61613249208833
differential_evolution step 136: f(x)= 147.61613249208833
differential_evolution step 137: f(x)= 147.61613249208833
differential_evolution step 138: f(x)= 147.61613249208833
differential_evolution step 139: f(x)= 147.61613249208833
differential_evolution step 140: f(x)= 147.61613249208833
differential_evolution step 141: f(x)= 147.61613249208833
differential_evolution step 142: f(x)= 147.61613249208833
differential_evolution step 143: f(x)= 147.61613249208833
differential_evolution step 144: f(x)= 147.61613249208833
differential_evolution step 145: f(x)= 147.61613249208833
differential_evolution step 146: f(x)= 147.61613249208833
differential_evolution step 147: f(x)= 147.61613249208833
differential_evolution step 148: f(x)= 147.61613249208833
differential_evolution step 149: f(x)= 147.61613249208833
differential_evolution step 150: f(x)= 147.61613249208833
differential_evolution step 151: f(x)= 147.61613249208833
differential_evolution step 152: f(x)= 147.61613249208833
differential_evolution step 153: f(x)= 147.61613249208833
differential_evolution step 154: f(x)= 147.61613249208833
differential_evolution step 155: f(x)= 147.61613249208833
differential_evolution step 156: f(x)= 147.61613249208833
differential_evolution step 157: f(x)= 147.61613249208833
differential_evolution step 158: f(x)= 147.61613249208833
differential_evolution step 159: f(x)= 147.61613249208833
differential_evolution step 160: f(x)= 147.61613249208833
differential_evolution step 161: f(x)= 147.61613249208833
differential_evolution step 162: f(x)= 147.61613249208833
differential_evolution step 163: f(x)= 147.61613249208833
differential_evolution step 164: f(x)= 147.61613249208833
differential_evolution step 165: f(x)= 147.61613249208833
differential_evolution step 166: f(x)= 147.61613249208833
differential_evolution step 167: f(x)= 147.61613249208833
differential_evolution step 168: f(x)= 147.61613249208833
differential_evolution step 169: f(x)= 147.61613249208833
differential_evolution step 170: f(x)= 147.61613249208833
differential_evolution step 171: f(x)= 147.61613249208833
differential_evolution step 172: f(x)= 147.61613249208833
differential_evolution step 173: f(x)= 147.61613249208833
differential_evolution step 174: f(x)= 147.61613249208833
differential_evolution step 175: f(x)= 147.61613249208833
differential_evolution step 176: f(x)= 147.61613249208833
differential_evolution step 177: f(x)= 147.61613249208833
differential_evolution step 178: f(x)= 147.61613249208833
differential_evolution step 179: f(x)= 147.61613249208833
differential_evolution step 180: f(x)= 147.61613249208833
differential_evolution step 181: f(x)= 147.61613249208833
differential_evolution step 182: f(x)= 147.61613249208833
differential_evolution step 183: f(x)= 147.61613249208833
differential_evolution step 184: f(x)= 147.61613249208833
differential_evolution step 185: f(x)= 147.61613249208833
differential_evolution step 186: f(x)= 147.61613249208833
differential_evolution step 187: f(x)= 147.61613249208833
differential_evolution step 188: f(x)= 147.61613249208833
differential_evolution step 189: f(x)= 147.61613249208833
differential_evolution step 190: f(x)= 147.61613249208833
differential_evolution step 191: f(x)= 147.61613249208833
differential_evolution step 192: f(x)= 147.61613249208833
differential_evolution step 193: f(x)= 147.61613249208833
differential_evolution step 194: f(x)= 147.61613249208833
differential_evolution step 195: f(x)= 147.61613249208833
differential_evolution step 196: f(x)= 147.61613249208833
differential_evolution step 197: f(x)= 147.61613249208833
differential_evolution step 198: f(x)= 147.61613249208833
differential_evolution step 199: f(x)= 147.61613249208833
differential_evolution step 200: f(x)= 147.61613249208833
Cluster 2 DE best chi^2: 147.616 with params {'x_src': np.float64(100.41994097028089), 'y_src': np.float64(103.07319685668102), 'z_s': np.float64(1.5183824658647276)}
--- Running DE for Cluster 3 ---
[DE] Process Pool with 16 procs (init=latinhypercube, popsize=50)
differential_evolution step 1: f(x)= 3000.0
differential_evolution step 2: f(x)= 3000.0
differential_evolution step 3: f(x)= 3000.0
differential_evolution step 4: f(x)= 3000.0
differential_evolution step 5: f(x)= 3000.0
differential_evolution step 6: f(x)= 3000.0
differential_evolution step 7: f(x)= 3000.0
differential_evolution step 8: f(x)= 3000.0
differential_evolution step 9: f(x)= 3000.0
differential_evolution step 10: f(x)= 3000.0
differential_evolution step 11: f(x)= 2893.963263848358
differential_evolution step 12: f(x)= 2893.963263848358
differential_evolution step 13: f(x)= 2893.963263848358
differential_evolution step 14: f(x)= 2893.963263848358
differential_evolution step 15: f(x)= 1018.841867739076
differential_evolution step 16: f(x)= 1018.841867739076
differential_evolution step 17: f(x)= 1018.841867739076
differential_evolution step 18: f(x)= 1018.841867739076
differential_evolution step 19: f(x)= 835.1150017202983
differential_evolution step 20: f(x)= 835.1150017202983
differential_evolution step 21: f(x)= 835.1150017202983
differential_evolution step 22: f(x)= 835.1150017202983
differential_evolution step 23: f(x)= 835.1150017202983
differential_evolution step 24: f(x)= 835.1150017202983
differential_evolution step 25: f(x)= 835.1150017202983
differential_evolution step 26: f(x)= 835.1150017202983
differential_evolution step 27: f(x)= 835.1150017202983
differential_evolution step 28: f(x)= 835.1150017202983
differential_evolution step 29: f(x)= 835.1150017202983
differential_evolution step 30: f(x)= 835.1150017202983
differential_evolution step 31: f(x)= 835.1150017202983
differential_evolution step 32: f(x)= 835.1150017202983
differential_evolution step 33: f(x)= 835.1150017202983
differential_evolution step 34: f(x)= 835.1150017202983
differential_evolution step 35: f(x)= 835.1150017202983
differential_evolution step 36: f(x)= 835.1150017202983
differential_evolution step 37: f(x)= 835.1150017202983
differential_evolution step 38: f(x)= 835.1150017202983
differential_evolution step 39: f(x)= 835.1150017202983
differential_evolution step 40: f(x)= 835.1150017202983
differential_evolution step 41: f(x)= 835.1150017202983
differential_evolution step 42: f(x)= 835.1150017202983
differential_evolution step 43: f(x)= 835.1150017202983
differential_evolution step 44: f(x)= 835.1150017202983
differential_evolution step 45: f(x)= 835.1150017202983
differential_evolution step 46: f(x)= 835.1150017202983
differential_evolution step 47: f(x)= 835.1150017202983
differential_evolution step 48: f(x)= 835.1150017202983
differential_evolution step 49: f(x)= 835.1150017202983
differential_evolution step 50: f(x)= 835.1150017202983
differential_evolution step 51: f(x)= 835.1150017202983
differential_evolution step 52: f(x)= 835.1150017202983
differential_evolution step 53: f(x)= 835.1150017202983
differential_evolution step 54: f(x)= 835.1150017202983
differential_evolution step 55: f(x)= 835.1150017202983
differential_evolution step 56: f(x)= 835.1150017202983
differential_evolution step 57: f(x)= 835.1150017202983
differential_evolution step 58: f(x)= 835.1150017202983
differential_evolution step 59: f(x)= 835.1150017202983
differential_evolution step 60: f(x)= 835.1150017202983
differential_evolution step 61: f(x)= 835.1150017202983
differential_evolution step 62: f(x)= 835.1150017202983
differential_evolution step 63: f(x)= 835.1150017202983
differential_evolution step 64: f(x)= 835.1150017202983
differential_evolution step 65: f(x)= 835.1150017202983
differential_evolution step 66: f(x)= 835.1150017202983
differential_evolution step 67: f(x)= 835.1150017202983
differential_evolution step 68: f(x)= 835.1150017202983
differential_evolution step 69: f(x)= 835.1150017202983
differential_evolution step 70: f(x)= 835.1150017202983
differential_evolution step 71: f(x)= 835.1150017202983
differential_evolution step 72: f(x)= 835.1150017202983
differential_evolution step 73: f(x)= 835.1150017202983
differential_evolution step 74: f(x)= 835.1150017202983
differential_evolution step 75: f(x)= 835.1150017202983
differential_evolution step 76: f(x)= 835.1150017202983
differential_evolution step 77: f(x)= 835.1150017202983
differential_evolution step 78: f(x)= 835.1150017202983
differential_evolution step 79: f(x)= 835.1150017202983
differential_evolution step 80: f(x)= 835.1150017202983
differential_evolution step 81: f(x)= 746.3844978544198
differential_evolution step 82: f(x)= 746.3844978544198
differential_evolution step 83: f(x)= 746.3844978544198
differential_evolution step 84: f(x)= 746.3844978544198
differential_evolution step 85: f(x)= 746.3844978544198
differential_evolution step 86: f(x)= 585.6040518329519
differential_evolution step 87: f(x)= 585.6040518329519
differential_evolution step 88: f(x)= 585.6040518329519
differential_evolution step 89: f(x)= 585.6040518329519
differential_evolution step 90: f(x)= 585.6040518329519
differential_evolution step 91: f(x)= 585.6040518329519
differential_evolution step 92: f(x)= 585.6040518329519
differential_evolution step 93: f(x)= 585.6040518329519
differential_evolution step 94: f(x)= 585.6040518329519
differential_evolution step 95: f(x)= 585.6040518329519
differential_evolution step 96: f(x)= 585.6040518329519
differential_evolution step 97: f(x)= 585.6040518329519
differential_evolution step 98: f(x)= 585.6040518329519
differential_evolution step 99: f(x)= 585.6040518329519
differential_evolution step 100: f(x)= 585.6040518329519
differential_evolution step 101: f(x)= 585.6040518329519
differential_evolution step 102: f(x)= 585.6040518329519
differential_evolution step 103: f(x)= 585.6040518329519
differential_evolution step 104: f(x)= 585.6040518329519
differential_evolution step 105: f(x)= 585.6040518329519
differential_evolution step 106: f(x)= 585.6040518329519
differential_evolution step 107: f(x)= 585.6040518329519
differential_evolution step 108: f(x)= 585.6040518329519
differential_evolution step 109: f(x)= 585.6040518329519
differential_evolution step 110: f(x)= 585.6040518329519
differential_evolution step 111: f(x)= 585.6040518329519
differential_evolution step 112: f(x)= 585.6040518329519
differential_evolution step 113: f(x)= 585.6040518329519
differential_evolution step 114: f(x)= 585.6040518329519
differential_evolution step 115: f(x)= 585.6040518329519
differential_evolution step 116: f(x)= 585.6040518329519
differential_evolution step 117: f(x)= 585.6040518329519
differential_evolution step 118: f(x)= 585.6040518329519
differential_evolution step 119: f(x)= 585.6040518329519
differential_evolution step 120: f(x)= 585.6040518329519
differential_evolution step 121: f(x)= 585.6040518329519
differential_evolution step 122: f(x)= 585.6040518329519
differential_evolution step 123: f(x)= 585.6040518329519
differential_evolution step 124: f(x)= 585.6040518329519
differential_evolution step 125: f(x)= 585.6040518329519
differential_evolution step 126: f(x)= 585.6040518329519
differential_evolution step 127: f(x)= 585.6040518329519
differential_evolution step 128: f(x)= 585.6040518329519
differential_evolution step 129: f(x)= 585.6040518329519
differential_evolution step 130: f(x)= 585.6040518329519
differential_evolution step 131: f(x)= 585.6040518329519
differential_evolution step 132: f(x)= 585.6040518329519
differential_evolution step 133: f(x)= 585.6040518329519
differential_evolution step 134: f(x)= 585.6040518329519
differential_evolution step 135: f(x)= 585.6040518329519
differential_evolution step 136: f(x)= 585.6040518329519
differential_evolution step 137: f(x)= 585.6040518329519
differential_evolution step 138: f(x)= 585.6040518329519
differential_evolution step 139: f(x)= 585.6040518329519
differential_evolution step 140: f(x)= 585.6040518329519
differential_evolution step 141: f(x)= 585.6040518329519
differential_evolution step 142: f(x)= 585.6040518329519
differential_evolution step 143: f(x)= 585.6040518329519
differential_evolution step 144: f(x)= 585.6040518329519
differential_evolution step 145: f(x)= 585.6040518329519
differential_evolution step 146: f(x)= 585.6040518329519
differential_evolution step 147: f(x)= 585.6040518329519
differential_evolution step 148: f(x)= 585.6040518329519
differential_evolution step 149: f(x)= 585.6040518329519
differential_evolution step 150: f(x)= 585.6040518329519
differential_evolution step 151: f(x)= 585.6040518329519
differential_evolution step 152: f(x)= 585.6040518329519
differential_evolution step 153: f(x)= 585.6040518329519
differential_evolution step 154: f(x)= 585.6040518329519
differential_evolution step 155: f(x)= 585.6040518329519
differential_evolution step 156: f(x)= 585.6040518329519
differential_evolution step 157: f(x)= 585.6040518329519
differential_evolution step 158: f(x)= 585.6040518329519
differential_evolution step 159: f(x)= 585.6040518329519
differential_evolution step 160: f(x)= 585.6040518329519
differential_evolution step 161: f(x)= 585.6040518329519
differential_evolution step 162: f(x)= 585.6040518329519
differential_evolution step 163: f(x)= 585.6040518329519
differential_evolution step 164: f(x)= 585.6040518329519
differential_evolution step 165: f(x)= 585.6040518329519
differential_evolution step 166: f(x)= 585.6040518329519
differential_evolution step 167: f(x)= 585.6040518329519
differential_evolution step 168: f(x)= 585.6040518329519
differential_evolution step 169: f(x)= 585.6040518329519
differential_evolution step 170: f(x)= 585.6040518329519
differential_evolution step 171: f(x)= 585.6040518329519
differential_evolution step 172: f(x)= 585.6040518329519
differential_evolution step 173: f(x)= 585.6040518329519
differential_evolution step 174: f(x)= 585.6040518329519
differential_evolution step 175: f(x)= 585.6040518329519
differential_evolution step 176: f(x)= 585.6040518329519
differential_evolution step 177: f(x)= 585.6040518329519
differential_evolution step 178: f(x)= 585.6040518329519
differential_evolution step 179: f(x)= 585.6040518329519
differential_evolution step 180: f(x)= 585.6040518329519
differential_evolution step 181: f(x)= 585.6040518329519
differential_evolution step 182: f(x)= 585.6040518329519
differential_evolution step 183: f(x)= 585.6040518329519
differential_evolution step 184: f(x)= 585.6040518329519
differential_evolution step 185: f(x)= 585.6040518329519
differential_evolution step 186: f(x)= 585.6040518329519
differential_evolution step 187: f(x)= 585.6040518329519
differential_evolution step 188: f(x)= 585.6040518329519
differential_evolution step 189: f(x)= 585.6040518329519
differential_evolution step 190: f(x)= 585.6040518329519
differential_evolution step 191: f(x)= 585.6040518329519
differential_evolution step 192: f(x)= 536.3513675476254
differential_evolution step 193: f(x)= 536.3513675476254
differential_evolution step 194: f(x)= 536.3513675476254
differential_evolution step 195: f(x)= 536.3513675476254
differential_evolution step 196: f(x)= 536.3513675476254
differential_evolution step 197: f(x)= 536.3513675476254
differential_evolution step 198: f(x)= 536.3513675476254
differential_evolution step 199: f(x)= 536.3513675476254
differential_evolution step 200: f(x)= 536.3513675476254
Cluster 3 DE best chi^2: 536.351 with params {'x_src': np.float64(111.57217656205263), 'y_src': np.float64(124.12071972387635), 'z_s': np.float64(2.2006150416462242)}
--- Running DE for Cluster 4 ---
[DE] Process Pool with 16 procs (init=latinhypercube, popsize=50)
differential_evolution step 1: f(x)= 2798.023461534468
differential_evolution step 2: f(x)= 398.98098585335197
differential_evolution step 3: f(x)= 398.98098585335197
differential_evolution step 4: f(x)= 398.98098585335197
differential_evolution step 5: f(x)= 398.98098585335197
differential_evolution step 6: f(x)= 398.98098585335197
differential_evolution step 7: f(x)= 398.98098585335197
differential_evolution step 8: f(x)= 398.98098585335197
differential_evolution step 9: f(x)= 398.98098585335197
differential_evolution step 10: f(x)= 398.98098585335197
differential_evolution step 11: f(x)= 398.98098585335197
differential_evolution step 12: f(x)= 398.98098585335197
differential_evolution step 13: f(x)= 398.98098585335197
differential_evolution step 14: f(x)= 358.01348993584566
differential_evolution step 15: f(x)= 358.01348993584566
differential_evolution step 16: f(x)= 358.01348993584566
differential_evolution step 17: f(x)= 358.01348993584566
differential_evolution step 18: f(x)= 358.01348993584566
differential_evolution step 19: f(x)= 358.01348993584566
differential_evolution step 20: f(x)= 358.01348993584566
differential_evolution step 21: f(x)= 358.01348993584566
differential_evolution step 22: f(x)= 358.01348993584566
differential_evolution step 23: f(x)= 358.01348993584566
differential_evolution step 24: f(x)= 358.01348993584566
differential_evolution step 25: f(x)= 358.01348993584566
differential_evolution step 26: f(x)= 358.01348993584566
differential_evolution step 27: f(x)= 358.01348993584566
differential_evolution step 28: f(x)= 300.50282827184486
differential_evolution step 29: f(x)= 300.50282827184486
differential_evolution step 30: f(x)= 300.50282827184486
differential_evolution step 31: f(x)= 299.93629403560004
differential_evolution step 32: f(x)= 299.93629403560004
differential_evolution step 33: f(x)= 299.93629403560004
differential_evolution step 34: f(x)= 299.93629403560004
differential_evolution step 35: f(x)= 299.93629403560004
differential_evolution step 36: f(x)= 299.93629403560004
differential_evolution step 37: f(x)= 299.93629403560004
differential_evolution step 38: f(x)= 299.93629403560004
differential_evolution step 39: f(x)= 299.93629403560004
differential_evolution step 40: f(x)= 299.93629403560004
differential_evolution step 41: f(x)= 299.93629403560004
differential_evolution step 42: f(x)= 299.93629403560004
differential_evolution step 43: f(x)= 299.93629403560004
differential_evolution step 44: f(x)= 299.93629403560004
differential_evolution step 45: f(x)= 299.93629403560004
differential_evolution step 46: f(x)= 299.93629403560004
differential_evolution step 47: f(x)= 299.93629403560004
differential_evolution step 48: f(x)= 299.93629403560004
differential_evolution step 49: f(x)= 299.93629403560004
differential_evolution step 50: f(x)= 299.93629403560004
differential_evolution step 51: f(x)= 299.93629403560004
differential_evolution step 52: f(x)= 299.93629403560004
differential_evolution step 53: f(x)= 299.93629403560004
differential_evolution step 54: f(x)= 299.93629403560004
differential_evolution step 55: f(x)= 299.93629403560004
differential_evolution step 56: f(x)= 299.93629403560004
differential_evolution step 57: f(x)= 299.93629403560004
differential_evolution step 58: f(x)= 299.93629403560004
differential_evolution step 59: f(x)= 299.93629403560004
differential_evolution step 60: f(x)= 299.93629403560004
differential_evolution step 61: f(x)= 299.93629403560004
differential_evolution step 62: f(x)= 299.93629403560004
differential_evolution step 63: f(x)= 299.93629403560004
differential_evolution step 64: f(x)= 226.24269960328007
differential_evolution step 65: f(x)= 226.24269960328007
differential_evolution step 66: f(x)= 226.24269960328007
differential_evolution step 67: f(x)= 226.24269960328007
differential_evolution step 68: f(x)= 226.24269960328007
differential_evolution step 69: f(x)= 226.24269960328007
differential_evolution step 70: f(x)= 226.24269960328007
differential_evolution step 71: f(x)= 226.24269960328007
differential_evolution step 72: f(x)= 226.24269960328007
differential_evolution step 73: f(x)= 226.24269960328007
differential_evolution step 74: f(x)= 226.24269960328007
differential_evolution step 75: f(x)= 226.24269960328007
differential_evolution step 76: f(x)= 226.24269960328007
differential_evolution step 77: f(x)= 226.24269960328007
differential_evolution step 78: f(x)= 226.24269960328007
differential_evolution step 79: f(x)= 226.24269960328007
differential_evolution step 80: f(x)= 226.24269960328007
differential_evolution step 81: f(x)= 226.24269960328007
differential_evolution step 82: f(x)= 226.24269960328007
differential_evolution step 83: f(x)= 226.24269960328007
differential_evolution step 84: f(x)= 226.24269960328007
differential_evolution step 85: f(x)= 226.24269960328007
differential_evolution step 86: f(x)= 226.24269960328007
differential_evolution step 87: f(x)= 226.24269960328007
differential_evolution step 88: f(x)= 226.24269960328007
differential_evolution step 89: f(x)= 226.24269960328007
differential_evolution step 90: f(x)= 226.24269960328007
differential_evolution step 91: f(x)= 226.24269960328007
differential_evolution step 92: f(x)= 226.24269960328007
differential_evolution step 93: f(x)= 226.24269960328007
differential_evolution step 94: f(x)= 226.24269960328007
differential_evolution step 95: f(x)= 226.24269960328007
differential_evolution step 96: f(x)= 226.24269960328007
differential_evolution step 97: f(x)= 226.24269960328007
differential_evolution step 98: f(x)= 226.24269960328007
differential_evolution step 99: f(x)= 226.24269960328007
differential_evolution step 100: f(x)= 226.24269960328007
differential_evolution step 101: f(x)= 226.24269960328007
differential_evolution step 102: f(x)= 226.24269960328007
differential_evolution step 103: f(x)= 226.24269960328007
differential_evolution step 104: f(x)= 226.24269960328007
differential_evolution step 105: f(x)= 226.24269960328007
differential_evolution step 106: f(x)= 226.24269960328007
differential_evolution step 107: f(x)= 226.24269960328007
differential_evolution step 108: f(x)= 226.24269960328007
differential_evolution step 109: f(x)= 226.24269960328007
differential_evolution step 110: f(x)= 226.24269960328007
differential_evolution step 111: f(x)= 226.24269960328007
differential_evolution step 112: f(x)= 145.8539757324822
differential_evolution step 113: f(x)= 145.8539757324822
differential_evolution step 114: f(x)= 145.8539757324822
differential_evolution step 115: f(x)= 145.8539757324822
differential_evolution step 116: f(x)= 145.8539757324822
differential_evolution step 117: f(x)= 145.8539757324822
differential_evolution step 118: f(x)= 145.8539757324822
differential_evolution step 119: f(x)= 145.8539757324822
differential_evolution step 120: f(x)= 145.8539757324822
differential_evolution step 121: f(x)= 145.8539757324822
differential_evolution step 122: f(x)= 145.8539757324822
differential_evolution step 123: f(x)= 145.8539757324822
differential_evolution step 124: f(x)= 145.8539757324822
differential_evolution step 125: f(x)= 145.8539757324822
differential_evolution step 126: f(x)= 145.8539757324822
differential_evolution step 127: f(x)= 145.8539757324822
differential_evolution step 128: f(x)= 145.8539757324822
differential_evolution step 129: f(x)= 145.8539757324822
differential_evolution step 130: f(x)= 145.8539757324822
differential_evolution step 131: f(x)= 145.8539757324822
differential_evolution step 132: f(x)= 145.8539757324822
differential_evolution step 133: f(x)= 145.8539757324822
differential_evolution step 134: f(x)= 145.8539757324822
differential_evolution step 135: f(x)= 145.8539757324822
differential_evolution step 136: f(x)= 145.8539757324822
differential_evolution step 137: f(x)= 145.8539757324822
differential_evolution step 138: f(x)= 145.8539757324822
differential_evolution step 139: f(x)= 145.8539757324822
differential_evolution step 140: f(x)= 145.8539757324822
differential_evolution step 141: f(x)= 145.8539757324822
differential_evolution step 142: f(x)= 145.8539757324822
differential_evolution step 143: f(x)= 145.8539757324822
differential_evolution step 144: f(x)= 145.8539757324822
differential_evolution step 145: f(x)= 145.8539757324822
differential_evolution step 146: f(x)= 145.8539757324822
differential_evolution step 147: f(x)= 145.8539757324822
differential_evolution step 148: f(x)= 145.8539757324822
differential_evolution step 149: f(x)= 145.8539757324822
differential_evolution step 150: f(x)= 145.8539757324822
differential_evolution step 151: f(x)= 145.8539757324822
differential_evolution step 152: f(x)= 145.8539757324822
differential_evolution step 153: f(x)= 145.8539757324822
differential_evolution step 154: f(x)= 145.8539757324822
differential_evolution step 155: f(x)= 145.8539757324822
differential_evolution step 156: f(x)= 145.8539757324822
differential_evolution step 157: f(x)= 145.8539757324822
differential_evolution step 158: f(x)= 145.8539757324822
differential_evolution step 159: f(x)= 145.8539757324822
differential_evolution step 160: f(x)= 145.8539757324822
differential_evolution step 161: f(x)= 145.8539757324822
differential_evolution step 162: f(x)= 145.8539757324822
differential_evolution step 163: f(x)= 145.8539757324822
differential_evolution step 164: f(x)= 145.8539757324822
differential_evolution step 165: f(x)= 145.8539757324822
differential_evolution step 166: f(x)= 145.8539757324822
differential_evolution step 167: f(x)= 145.8539757324822
differential_evolution step 168: f(x)= 145.8539757324822
differential_evolution step 169: f(x)= 145.8539757324822
differential_evolution step 170: f(x)= 145.8539757324822
differential_evolution step 171: f(x)= 145.8539757324822
differential_evolution step 172: f(x)= 145.8539757324822
differential_evolution step 173: f(x)= 145.8539757324822
differential_evolution step 174: f(x)= 145.8539757324822
differential_evolution step 175: f(x)= 145.8539757324822
differential_evolution step 176: f(x)= 145.8539757324822
differential_evolution step 177: f(x)= 145.8539757324822
differential_evolution step 178: f(x)= 145.8539757324822
differential_evolution step 179: f(x)= 145.8539757324822
differential_evolution step 180: f(x)= 145.8539757324822
differential_evolution step 181: f(x)= 145.8539757324822
differential_evolution step 182: f(x)= 145.8539757324822
differential_evolution step 183: f(x)= 145.8539757324822
differential_evolution step 184: f(x)= 145.8539757324822
differential_evolution step 185: f(x)= 145.8539757324822
differential_evolution step 186: f(x)= 145.8539757324822
differential_evolution step 187: f(x)= 145.8539757324822
differential_evolution step 188: f(x)= 145.8539757324822
differential_evolution step 189: f(x)= 145.8539757324822
differential_evolution step 190: f(x)= 145.8539757324822
differential_evolution step 191: f(x)= 145.8539757324822
differential_evolution step 192: f(x)= 145.8539757324822
differential_evolution step 193: f(x)= 145.8539757324822
differential_evolution step 194: f(x)= 145.8539757324822
differential_evolution step 195: f(x)= 145.8539757324822
differential_evolution step 196: f(x)= 145.8539757324822
differential_evolution step 197: f(x)= 145.8539757324822
differential_evolution step 198: f(x)= 145.8539757324822
differential_evolution step 199: f(x)= 145.8539757324822
differential_evolution step 200: f(x)= 145.8539757324822
Cluster 4 DE best chi^2: 145.854 with params {'x_src': np.float64(282.0714722896071), 'y_src': np.float64(262.7130276735947), 'z_s': np.float64(2.227966755682992)}
--- Running DE for Cluster 5 ---
[DE] Process Pool with 16 procs (init=latinhypercube, popsize=50)
differential_evolution step 1: f(x)= 4242.640687119286
differential_evolution step 2: f(x)= 2257.7979673314453
differential_evolution step 3: f(x)= 2257.7979673314453
differential_evolution step 4: f(x)= 2257.7979673314453
differential_evolution step 5: f(x)= 2257.7979673314453
differential_evolution step 6: f(x)= 1842.0552482067787
differential_evolution step 7: f(x)= 1842.0552482067787
differential_evolution step 8: f(x)= 1842.0552482067787
differential_evolution step 9: f(x)= 1842.0552482067787
differential_evolution step 10: f(x)= 1842.0552482067787
differential_evolution step 11: f(x)= 1842.0552482067787
differential_evolution step 12: f(x)= 1842.0552482067787
differential_evolution step 13: f(x)= 1842.0552482067787
differential_evolution step 14: f(x)= 1842.0552482067787
differential_evolution step 15: f(x)= 1842.0552482067787
differential_evolution step 16: f(x)= 1842.0552482067787
differential_evolution step 17: f(x)= 1842.0552482067787
differential_evolution step 18: f(x)= 1586.5267050751206
differential_evolution step 19: f(x)= 1586.5267050751206
differential_evolution step 20: f(x)= 1586.5267050751206
differential_evolution step 21: f(x)= 1586.5267050751206
differential_evolution step 22: f(x)= 1586.5267050751206
differential_evolution step 23: f(x)= 1586.5267050751206
differential_evolution step 24: f(x)= 1569.758124449102
differential_evolution step 25: f(x)= 1569.758124449102
differential_evolution step 26: f(x)= 1569.758124449102
differential_evolution step 27: f(x)= 300.2958741723004
differential_evolution step 28: f(x)= 300.2958741723004
differential_evolution step 29: f(x)= 300.2958741723004
differential_evolution step 30: f(x)= 300.2958741723004
differential_evolution step 31: f(x)= 300.2958741723004
differential_evolution step 32: f(x)= 300.2958741723004
differential_evolution step 33: f(x)= 300.2958741723004
differential_evolution step 34: f(x)= 300.2958741723004
differential_evolution step 35: f(x)= 300.2958741723004
differential_evolution step 36: f(x)= 300.2958741723004
differential_evolution step 37: f(x)= 300.2958741723004
differential_evolution step 38: f(x)= 300.2958741723004
differential_evolution step 39: f(x)= 300.2958741723004
differential_evolution step 40: f(x)= 254.85855717180505
differential_evolution step 41: f(x)= 254.85855717180505
differential_evolution step 42: f(x)= 254.85855717180505
differential_evolution step 43: f(x)= 162.29652371304323
differential_evolution step 44: f(x)= 162.29652371304323
differential_evolution step 45: f(x)= 162.29652371304323
differential_evolution step 46: f(x)= 162.29652371304323
differential_evolution step 47: f(x)= 162.29652371304323
differential_evolution step 48: f(x)= 162.29652371304323
differential_evolution step 49: f(x)= 162.29652371304323
differential_evolution step 50: f(x)= 162.29652371304323
differential_evolution step 51: f(x)= 146.08031733127598
differential_evolution step 52: f(x)= 146.08031733127598
differential_evolution step 53: f(x)= 146.08031733127598
differential_evolution step 54: f(x)= 146.08031733127598
differential_evolution step 55: f(x)= 146.08031733127598
differential_evolution step 56: f(x)= 146.08031733127598
differential_evolution step 57: f(x)= 146.08031733127598
differential_evolution step 58: f(x)= 146.08031733127598
differential_evolution step 59: f(x)= 146.08031733127598
differential_evolution step 60: f(x)= 146.08031733127598
differential_evolution step 61: f(x)= 146.08031733127598
differential_evolution step 62: f(x)= 132.85008267740997
differential_evolution step 63: f(x)= 132.85008267740997
differential_evolution step 64: f(x)= 132.85008267740997
differential_evolution step 65: f(x)= 132.85008267740997
differential_evolution step 66: f(x)= 132.85008267740997
differential_evolution step 67: f(x)= 117.48281936545804
differential_evolution step 68: f(x)= 117.48281936545804
differential_evolution step 69: f(x)= 117.48281936545804
differential_evolution step 70: f(x)= 117.48281936545804
differential_evolution step 71: f(x)= 117.48281936545804
differential_evolution step 72: f(x)= 117.48281936545804
differential_evolution step 73: f(x)= 117.48281936545804
differential_evolution step 74: f(x)= 117.48281936545804
differential_evolution step 75: f(x)= 117.48281936545804
differential_evolution step 76: f(x)= 117.48281936545804
differential_evolution step 77: f(x)= 117.48281936545804
differential_evolution step 78: f(x)= 117.48281936545804
differential_evolution step 79: f(x)= 117.48281936545804
differential_evolution step 80: f(x)= 117.48281936545804
differential_evolution step 81: f(x)= 117.48281936545804
differential_evolution step 82: f(x)= 117.48281936545804
differential_evolution step 83: f(x)= 117.48281936545804
differential_evolution step 84: f(x)= 117.48281936545804
differential_evolution step 85: f(x)= 117.48281936545804
differential_evolution step 86: f(x)= 117.48281936545804
differential_evolution step 87: f(x)= 117.48281936545804
differential_evolution step 88: f(x)= 117.48281936545804
differential_evolution step 89: f(x)= 117.48281936545804
differential_evolution step 90: f(x)= 117.48281936545804
differential_evolution step 91: f(x)= 117.48281936545804
differential_evolution step 92: f(x)= 117.48281936545804
differential_evolution step 93: f(x)= 117.48281936545804
differential_evolution step 94: f(x)= 117.48281936545804
differential_evolution step 95: f(x)= 117.48281936545804
differential_evolution step 96: f(x)= 117.48281936545804
differential_evolution step 97: f(x)= 117.48281936545804
differential_evolution step 98: f(x)= 117.48281936545804
differential_evolution step 99: f(x)= 117.48281936545804
differential_evolution step 100: f(x)= 117.48281936545804
differential_evolution step 101: f(x)= 117.48281936545804
differential_evolution step 102: f(x)= 117.48281936545804
differential_evolution step 103: f(x)= 117.48281936545804
differential_evolution step 104: f(x)= 117.48281936545804
differential_evolution step 105: f(x)= 117.48281936545804
differential_evolution step 106: f(x)= 117.48281936545804
differential_evolution step 107: f(x)= 117.48281936545804
differential_evolution step 108: f(x)= 117.48281936545804
differential_evolution step 109: f(x)= 117.48281936545804
differential_evolution step 110: f(x)= 117.48281936545804
differential_evolution step 111: f(x)= 117.48281936545804
differential_evolution step 112: f(x)= 117.48281936545804
differential_evolution step 113: f(x)= 117.03317689227876
differential_evolution step 114: f(x)= 117.03317689227876
differential_evolution step 115: f(x)= 117.03317689227876
differential_evolution step 116: f(x)= 117.03317689227876
differential_evolution step 117: f(x)= 117.03317689227876
differential_evolution step 118: f(x)= 117.03317689227876
differential_evolution step 119: f(x)= 117.03317689227876
differential_evolution step 120: f(x)= 117.03317689227876
differential_evolution step 121: f(x)= 117.03317689227876
differential_evolution step 122: f(x)= 117.03317689227876
differential_evolution step 123: f(x)= 117.03317689227876
differential_evolution step 124: f(x)= 117.03317689227876
differential_evolution step 125: f(x)= 117.03317689227876
differential_evolution step 126: f(x)= 117.03317689227876
differential_evolution step 127: f(x)= 117.03317689227876
differential_evolution step 128: f(x)= 117.03317689227876
differential_evolution step 129: f(x)= 117.03317689227876
differential_evolution step 130: f(x)= 117.03317689227876
differential_evolution step 131: f(x)= 117.03317689227876
differential_evolution step 132: f(x)= 117.03317689227876
differential_evolution step 133: f(x)= 117.03317689227876
differential_evolution step 134: f(x)= 117.03317689227876
differential_evolution step 135: f(x)= 117.03317689227876
differential_evolution step 136: f(x)= 117.03317689227876
differential_evolution step 137: f(x)= 117.03317689227876
differential_evolution step 138: f(x)= 116.7653240854882
differential_evolution step 139: f(x)= 116.7653240854882
differential_evolution step 140: f(x)= 116.7653240854882
differential_evolution step 141: f(x)= 116.7653240854882
differential_evolution step 142: f(x)= 116.7653240854882
differential_evolution step 143: f(x)= 116.7653240854882
differential_evolution step 144: f(x)= 116.7653240854882
differential_evolution step 145: f(x)= 116.7653240854882
differential_evolution step 146: f(x)= 116.7653240854882
differential_evolution step 147: f(x)= 116.7653240854882
differential_evolution step 148: f(x)= 116.7653240854882
differential_evolution step 149: f(x)= 116.7653240854882
differential_evolution step 150: f(x)= 116.7653240854882
differential_evolution step 151: f(x)= 116.7653240854882
differential_evolution step 152: f(x)= 116.7653240854882
differential_evolution step 153: f(x)= 116.7653240854882
differential_evolution step 154: f(x)= 116.7653240854882
differential_evolution step 155: f(x)= 116.7653240854882
differential_evolution step 156: f(x)= 116.7653240854882
differential_evolution step 157: f(x)= 116.7653240854882
differential_evolution step 158: f(x)= 116.7653240854882
differential_evolution step 159: f(x)= 116.7653240854882
differential_evolution step 160: f(x)= 116.25283395467741
differential_evolution step 161: f(x)= 116.25283395467741
differential_evolution step 162: f(x)= 116.25283395467741
differential_evolution step 163: f(x)= 116.25283395467741
differential_evolution step 164: f(x)= 116.25283395467741
differential_evolution step 165: f(x)= 116.25283395467741
differential_evolution step 166: f(x)= 116.25283395467741
differential_evolution step 167: f(x)= 116.25283395467741
differential_evolution step 168: f(x)= 116.25283395467741
differential_evolution step 169: f(x)= 116.25283395467741
differential_evolution step 170: f(x)= 116.25283395467741
differential_evolution step 171: f(x)= 116.25283395467741
differential_evolution step 172: f(x)= 116.25283395467741
differential_evolution step 173: f(x)= 116.25283395467741
differential_evolution step 174: f(x)= 116.18226525870816
differential_evolution step 175: f(x)= 116.18226525870816
differential_evolution step 176: f(x)= 116.18226525870816
differential_evolution step 177: f(x)= 116.18226525870816
differential_evolution step 178: f(x)= 116.18226525870816
differential_evolution step 179: f(x)= 116.10385465286241
differential_evolution step 180: f(x)= 116.10385465286241
differential_evolution step 181: f(x)= 116.10385465286241
differential_evolution step 182: f(x)= 116.10385465286241
differential_evolution step 183: f(x)= 116.10385465286241
differential_evolution step 184: f(x)= 116.10385465286241
differential_evolution step 185: f(x)= 116.10385465286241
differential_evolution step 186: f(x)= 116.10385465286241
differential_evolution step 187: f(x)= 116.10385465286241
differential_evolution step 188: f(x)= 116.10385465286241
differential_evolution step 189: f(x)= 116.10385465286241
differential_evolution step 190: f(x)= 116.10385465286241
differential_evolution step 191: f(x)= 116.10385465286241
differential_evolution step 192: f(x)= 116.10385465286241
differential_evolution step 193: f(x)= 116.10385465286241
differential_evolution step 194: f(x)= 116.10385465286241
differential_evolution step 195: f(x)= 116.10385465286241
differential_evolution step 196: f(x)= 116.10385465286241
differential_evolution step 197: f(x)= 116.10385465286241
differential_evolution step 198: f(x)= 116.10385465286241
differential_evolution step 199: f(x)= 116.10385465286241
differential_evolution step 200: f(x)= 116.10385465286241
Cluster 5 DE best chi^2: 116.104 with params {'x_src': np.float64(148.5146852790969), 'y_src': np.float64(147.24189924292125), 'z_s': np.float64(2.2399611360688727)}

--- DE Optimization Summary ---
Best fit found for Cluster 0 with chi^2 = 0.023
Best-fit parameters: {'x_src': np.float64(74.8725504690657), 'y_src': np.float64(82.8865016994454), 'z_s': np.float64(2.5316654672115497)}

--- Running MCMC for Cluster 0 (chi_sq=0.023) ---
[MCMC] Process Pool with 16 procs
  0%|          | 0/20000 [00:00<?, ?it/s]  0%|          | 75/20000 [01:40<7:22:53,  1.33s/it]  0%|          | 91/20000 [02:00<7:22:32,  1.33s/it]  1%|          | 151/20000 [03:20<7:17:46,  1.32s/it]  1%|          | 167/20000 [03:40<7:17:25,  1.32s/it]  1%|          | 228/20000 [05:00<7:13:05,  1.31s/it]  1%|          | 243/20000 [05:20<7:12:45,  1.31s/it]  2%|         | 308/20000 [06:41<7:04:33,  1.29s/it]  2%|         | 324/20000 [07:00<7:04:12,  1.29s/it]  2%|         | 380/20000 [08:22<7:15:36,  1.33s/it]  2%|         | 393/20000 [08:40<7:15:19,  1.33s/it]  2%|         | 456/20000 [10:03<7:12:52,  1.33s/it]  2%|         | 467/20000 [10:20<7:12:37,  1.33s/it]  3%|         | 534/20000 [11:43<7:06:16,  1.31s/it]  3%|         | 549/20000 [12:00<7:05:56,  1.31s/it]  3%|         | 623/20000 [13:23<6:43:23,  1.25s/it]  3%|         | 638/20000 [13:40<6:43:04,  1.25s/it]  4%|         | 717/20000 [15:04<6:20:51,  1.19s/it]  4%|         | 730/20000 [15:20<6:20:35,  1.19s/it]  4%|         | 802/20000 [16:44<6:19:21,  1.19s/it]  4%|         | 814/20000 [17:00<6:19:07,  1.19s/it]  4%|         | 886/20000 [18:25<6:19:10,  1.19s/it]  4%|         | 897/20000 [18:40<6:18:57,  1.19s/it]  5%|         | 959/20000 [20:06<6:34:15,  1.24s/it]  5%|         | 971/20000 [20:20<6:34:01,  1.24s/it]  5%|         | 1048/20000 [21:47<6:21:10,  1.21s/it]  5%|         | 1060/20000 [22:00<6:20:56,  1.21s/it]  6%|         | 1141/20000 [23:27<6:06:24,  1.17s/it]  6%|         | 1151/20000 [23:40<6:06:12,  1.17s/it]  6%|         | 1234/20000 [25:08<5:56:20,  1.14s/it]  6%|         | 1244/20000 [25:20<5:56:09,  1.14s/it]  7%|         | 1325/20000 [26:48<5:51:05,  1.13s/it]  7%|         | 1334/20000 [27:00<5:50:54,  1.13s/it]  7%|         | 1413/20000 [28:29<5:50:28,  1.13s/it]  7%|         | 1424/20000 [28:40<5:50:15,  1.13s/it]  8%|         | 1506/20000 [30:09<5:43:24,  1.11s/it]  8%|         | 1517/20000 [30:20<5:43:11,  1.11s/it]  8%|         | 1600/20000 [31:49<5:37:33,  1.10s/it]  8%|         | 1609/20000 [32:00<5:37:23,  1.10s/it]  8%|         | 1692/20000 [33:29<5:34:38,  1.10s/it]  8%|         | 1700/20000 [33:40<5:34:29,  1.10s/it]  9%|         | 1780/20000 [35:10<5:37:21,  1.11s/it]  9%|         | 1792/20000 [35:30<5:37:07,  1.11s/it]  9%|         | 1850/20000 [36:51<6:00:52,  1.19s/it]  9%|         | 1867/20000 [37:10<6:00:32,  1.19s/it] 10%|         | 1937/20000 [38:32<5:55:59,  1.18s/it] 10%|         | 1952/20000 [38:50<5:55:41,  1.18s/it] 10%|         | 2014/20000 [40:13<6:05:19,  1.22s/it] 10%|         | 2026/20000 [40:30<6:05:04,  1.22s/it] 10%|         | 2092/20000 [41:54<6:10:12,  1.24s/it] 11%|         | 2102/20000 [42:10<6:09:59,  1.24s/it] 11%|         | 2170/20000 [43:34<6:12:48,  1.25s/it] 11%|         | 2181/20000 [43:50<6:12:34,  1.25s/it] 11%|         | 2246/20000 [45:15<6:17:31,  1.28s/it] 11%|        | 2258/20000 [45:30<6:17:16,  1.28s/it] 12%|        | 2338/20000 [46:56<5:58:04,  1.22s/it] 12%|        | 2349/20000 [47:10<5:57:50,  1.22s/it] 12%|        | 2420/20000 [48:37<5:57:16,  1.22s/it] 12%|        | 2428/20000 [48:50<5:57:06,  1.22s/it] 12%|        | 2493/20000 [50:17<6:08:23,  1.26s/it] 13%|        | 2503/20000 [50:30<6:08:10,  1.26s/it] 13%|        | 2564/20000 [51:58<6:19:18,  1.31s/it] 13%|        | 2572/20000 [52:10<6:19:08,  1.31s/it] 13%|        | 2641/20000 [53:38<6:17:49,  1.31s/it] 13%|        | 2648/20000 [53:50<6:17:40,  1.31s/it] 14%|        | 2714/20000 [55:19<6:22:25,  1.33s/it] 14%|        | 2722/20000 [55:30<6:22:14,  1.33s/it] 14%|        | 2793/20000 [56:59<6:15:14,  1.31s/it] 14%|        | 2801/20000 [57:10<6:15:03,  1.31s/it] 14%|        | 2871/20000 [58:40<6:12:17,  1.30s/it] 14%|        | 2885/20000 [59:00<6:11:59,  1.30s/it] 15%|        | 2951/20000 [1:00:21<6:06:11,  1.29s/it] 15%|        | 2967/20000 [1:00:40<6:05:51,  1.29s/it] 15%|        | 3040/20000 [1:02:01<5:49:03,  1.23s/it] 15%|        | 3055/20000 [1:02:20<5:48:45,  1.23s/it] 16%|        | 3126/20000 [1:03:41<5:41:36,  1.21s/it] 16%|        | 3142/20000 [1:04:00<5:41:16,  1.21s/it] 16%|        | 3216/20000 [1:05:22<5:31:28,  1.18s/it] 16%|        | 3232/20000 [1:05:40<5:31:09,  1.18s/it] 17%|        | 3311/20000 [1:07:02<5:17:41,  1.14s/it] 17%|        | 3325/20000 [1:07:20<5:17:25,  1.14s/it] 17%|        | 3399/20000 [1:08:43<5:16:00,  1.14s/it] 17%|        | 3411/20000 [1:09:00<5:15:46,  1.14s/it] 17%|        | 3474/20000 [1:10:23<5:28:53,  1.19s/it] 17%|        | 3486/20000 [1:10:40<5:28:39,  1.19s/it] 18%|        | 3557/20000 [1:12:03<5:28:14,  1.20s/it] 18%|        | 3569/20000 [1:12:20<5:28:00,  1.20s/it] 18%|        | 3643/20000 [1:13:44<5:24:45,  1.19s/it] 18%|        | 3656/20000 [1:14:00<5:24:29,  1.19s/it] 19%|        | 3735/20000 [1:15:24<5:14:00,  1.16s/it] 19%|        | 3749/20000 [1:15:40<5:13:44,  1.16s/it] 19%|        | 3811/20000 [1:17:05<5:24:37,  1.20s/it] 19%|        | 3821/20000 [1:17:20<5:24:25,  1.20s/it] 19%|        | 3885/20000 [1:18:46<5:35:05,  1.25s/it] 19%|        | 3895/20000 [1:19:00<5:34:52,  1.25s/it] 20%|        | 3953/20000 [1:20:26<5:49:53,  1.31s/it] 20%|        | 3961/20000 [1:20:40<5:49:42,  1.31s/it] 20%|        | 4029/20000 [1:22:06<5:49:04,  1.31s/it] 20%|        | 4040/20000 [1:22:20<5:48:49,  1.31s/it] 21%|        | 4103/20000 [1:23:47<5:51:41,  1.33s/it] 21%|        | 4110/20000 [1:24:00<5:51:32,  1.33s/it] 21%|        | 4170/20000 [1:25:28<6:02:16,  1.37s/it] 21%|        | 4178/20000 [1:25:40<6:02:06,  1.37s/it] 21%|        | 4239/20000 [1:27:08<6:07:21,  1.40s/it] 21%|        | 4247/20000 [1:27:20<6:07:09,  1.40s/it] 22%|       | 4316/20000 [1:28:49<5:58:11,  1.37s/it] 22%|       | 4324/20000 [1:29:00<5:58:00,  1.37s/it] 22%|       | 4391/20000 [1:30:30<5:54:47,  1.36s/it] 22%|       | 4404/20000 [1:30:50<5:54:29,  1.36s/it] 22%|       | 4462/20000 [1:32:11<5:57:36,  1.38s/it] 22%|       | 4478/20000 [1:32:30<5:57:14,  1.38s/it] 23%|       | 4551/20000 [1:33:52<5:33:31,  1.30s/it] 23%|       | 4566/20000 [1:34:10<5:33:12,  1.30s/it] 23%|       | 4630/20000 [1:35:33<5:30:39,  1.29s/it] 23%|       | 4642/20000 [1:35:50<5:30:24,  1.29s/it] 24%|       | 4713/20000 [1:37:15<5:23:30,  1.27s/it] 24%|       | 4722/20000 [1:37:30<5:23:18,  1.27s/it] 24%|       | 4789/20000 [1:38:55<5:25:36,  1.28s/it] 24%|       | 4801/20000 [1:39:10<5:25:20,  1.28s/it] 24%|       | 4876/20000 [1:40:35<5:12:51,  1.24s/it] 24%|       | 4889/20000 [1:40:50<5:12:35,  1.24s/it] 25%|       | 4945/20000 [1:42:15<5:25:36,  1.30s/it] 25%|       | 4955/20000 [1:42:30<5:25:23,  1.30s/it] 25%|       | 5027/20000 [1:43:57<5:18:53,  1.28s/it] 25%|       | 5038/20000 [1:44:10<5:18:39,  1.28s/it] 26%|       | 5101/20000 [1:45:37<5:23:05,  1.30s/it] 26%|       | 5110/20000 [1:45:50<5:22:53,  1.30s/it] 26%|       | 5179/20000 [1:47:18<5:20:56,  1.30s/it] 26%|       | 5189/20000 [1:47:30<5:20:43,  1.30s/it] 26%|       | 5262/20000 [1:48:59<5:12:23,  1.27s/it] 26%|       | 5271/20000 [1:49:10<5:12:12,  1.27s/it] 27%|       | 5351/20000 [1:50:39<4:59:24,  1.23s/it] 27%|       | 5360/20000 [1:50:50<4:59:13,  1.23s/it] 27%|       | 5440/20000 [1:52:20<4:49:43,  1.19s/it] 27%|       | 5448/20000 [1:52:30<4:49:34,  1.19s/it] 28%|       | 5531/20000 [1:54:00<4:40:48,  1.16s/it] 28%|       | 5547/20000 [1:54:20<4:40:29,  1.16s/it] 28%|       | 5618/20000 [1:55:40<4:38:16,  1.16s/it] 28%|       | 5635/20000 [1:56:00<4:37:56,  1.16s/it] 29%|       | 5705/20000 [1:57:20<4:35:55,  1.16s/it] 29%|       | 5721/20000 [1:57:40<4:35:36,  1.16s/it] 29%|       | 5796/20000 [1:59:01<4:30:28,  1.14s/it] 29%|       | 5813/20000 [1:59:20<4:30:09,  1.14s/it] 29%|       | 5879/20000 [2:00:43<4:34:22,  1.17s/it] 29%|       | 5889/20000 [2:01:00<4:34:11,  1.17s/it] 30%|       | 5961/20000 [2:02:23<4:36:36,  1.18s/it] 30%|       | 5972/20000 [2:02:40<4:36:23,  1.18s/it] 30%|       | 6039/20000 [2:04:03<4:42:05,  1.21s/it] 30%|       | 6054/20000 [2:04:20<4:41:47,  1.21s/it] 31%|       | 6120/20000 [2:05:44<4:42:17,  1.22s/it] 31%|       | 6130/20000 [2:06:00<4:42:05,  1.22s/it] 31%|       | 6191/20000 [2:07:25<4:53:49,  1.28s/it] 31%|       | 6200/20000 [2:07:40<4:53:38,  1.28s/it] 31%|      | 6275/20000 [2:09:05<4:45:52,  1.25s/it] 31%|      | 6287/20000 [2:09:20<4:45:37,  1.25s/it] 32%|      | 6368/20000 [2:10:46<4:31:29,  1.19s/it] 32%|      | 6378/20000 [2:11:00<4:31:17,  1.19s/it] 32%|      | 6435/20000 [2:12:26<4:47:19,  1.27s/it] 32%|      | 6444/20000 [2:12:40<4:47:07,  1.27s/it] 33%|      | 6505/20000 [2:14:07<4:56:00,  1.32s/it] 33%|      | 6513/20000 [2:14:20<4:55:49,  1.32s/it] 33%|      | 6575/20000 [2:15:47<5:01:57,  1.35s/it] 33%|      | 6583/20000 [2:16:00<5:01:47,  1.35s/it] 33%|      | 6645/20000 [2:17:27<5:05:33,  1.37s/it] 33%|      | 6652/20000 [2:17:40<5:05:23,  1.37s/it] 34%|      | 6726/20000 [2:19:08<4:54:13,  1.33s/it] 34%|      | 6737/20000 [2:19:20<4:53:58,  1.33s/it] 34%|      | 6812/20000 [2:20:48<4:40:29,  1.28s/it] 34%|      | 6820/20000 [2:21:00<4:40:19,  1.28s/it] 34%|      | 6883/20000 [2:22:28<4:47:24,  1.31s/it] 34%|      | 6892/20000 [2:22:40<4:47:12,  1.31s/it] 35%|      | 6954/20000 [2:24:09<4:52:37,  1.35s/it] 35%|      | 6960/20000 [2:24:20<4:52:29,  1.35s/it] 35%|      | 7021/20000 [2:25:50<5:00:12,  1.39s/it] 35%|      | 7028/20000 [2:26:00<5:00:02,  1.39s/it] 35%|      | 7095/20000 [2:27:30<4:56:14,  1.38s/it] 36%|      | 7112/20000 [2:27:50<4:55:50,  1.38s/it] 36%|      | 7186/20000 [2:29:11<4:34:14,  1.28s/it] 36%|      | 7198/20000 [2:29:30<4:33:58,  1.28s/it] 36%|      | 7250/20000 [2:30:51<4:48:27,  1.36s/it] 36%|      | 7262/20000 [2:31:10<4:48:10,  1.36s/it] 37%|      | 7319/20000 [2:32:31<4:52:44,  1.39s/it] 37%|      | 7334/20000 [2:32:50<4:52:23,  1.39s/it] 37%|      | 7393/20000 [2:34:12<4:49:37,  1.38s/it] 37%|      | 7407/20000 [2:34:30<4:49:17,  1.38s/it] 37%|      | 7477/20000 [2:35:53<4:35:34,  1.32s/it] 37%|      | 7490/20000 [2:36:10<4:35:17,  1.32s/it] 38%|      | 7552/20000 [2:37:35<4:35:47,  1.33s/it] 38%|      | 7561/20000 [2:37:50<4:35:35,  1.33s/it] 38%|      | 7632/20000 [2:39:15<4:29:22,  1.31s/it] 38%|      | 7643/20000 [2:39:30<4:29:07,  1.31s/it] 39%|      | 7703/20000 [2:40:57<4:34:59,  1.34s/it] 39%|      | 7711/20000 [2:41:10<4:34:48,  1.34s/it] 39%|      | 7782/20000 [2:42:37<4:28:37,  1.32s/it] 39%|      | 7791/20000 [2:42:50<4:28:25,  1.32s/it] 39%|      | 7861/20000 [2:44:18<4:24:00,  1.30s/it] 39%|      | 7871/20000 [2:44:30<4:23:46,  1.30s/it] 40%|      | 7927/20000 [2:45:58<4:34:33,  1.36s/it] 40%|      | 7935/20000 [2:46:10<4:34:22,  1.36s/it] 40%|      | 8008/20000 [2:47:38<4:24:31,  1.32s/it] 40%|      | 8017/20000 [2:47:50<4:24:19,  1.32s/it] 40%|      | 8092/20000 [2:49:19<4:14:44,  1.28s/it] 40%|      | 8100/20000 [2:49:30<4:14:34,  1.28s/it] 41%|      | 8168/20000 [2:50:59<4:15:02,  1.29s/it] 41%|      | 8175/20000 [2:51:10<4:14:53,  1.29s/it] 41%|      | 8240/20000 [2:52:40<4:19:29,  1.32s/it] 41%|     | 8255/20000 [2:53:00<4:19:10,  1.32s/it] 42%|     | 8325/20000 [2:54:21<4:09:18,  1.28s/it] 42%|     | 8340/20000 [2:54:40<4:08:58,  1.28s/it] 42%|     | 8396/20000 [2:56:03<4:15:48,  1.32s/it] 42%|     | 8406/20000 [2:56:20<4:15:34,  1.32s/it] 42%|     | 8462/20000 [2:57:44<4:24:47,  1.38s/it] 42%|     | 8476/20000 [2:58:00<4:24:27,  1.38s/it] 43%|     | 8535/20000 [2:59:24<4:23:24,  1.38s/it] 43%|     | 8545/20000 [2:59:40<4:23:10,  1.38s/it] 43%|     | 8612/20000 [3:01:06<4:17:51,  1.36s/it] 43%|     | 8621/20000 [3:01:20<4:17:39,  1.36s/it] 43%|     | 8683/20000 [3:02:46<4:19:22,  1.38s/it] 43%|     | 8694/20000 [3:03:00<4:19:07,  1.38s/it] 44%|     | 8755/20000 [3:04:27<4:19:03,  1.38s/it] 44%|     | 8763/20000 [3:04:40<4:18:51,  1.38s/it] 44%|     | 8837/20000 [3:06:08<4:08:06,  1.33s/it] 44%|     | 8845/20000 [3:06:20<4:07:55,  1.33s/it] 45%|     | 8909/20000 [3:07:49<4:09:55,  1.35s/it] 45%|     | 8918/20000 [3:08:00<4:09:42,  1.35s/it] 45%|     | 8994/20000 [3:09:29<3:57:40,  1.30s/it] 45%|     | 9002/20000 [3:09:40<3:57:30,  1.30s/it] 45%|     | 9063/20000 [3:11:09<4:04:17,  1.34s/it] 45%|     | 9070/20000 [3:11:20<4:04:08,  1.34s/it] 46%|     | 9153/20000 [3:12:50<3:48:30,  1.26s/it] 46%|     | 9170/20000 [3:13:10<3:48:08,  1.26s/it] 46%|     | 9242/20000 [3:14:31<3:39:09,  1.22s/it] 46%|     | 9255/20000 [3:14:50<3:38:53,  1.22s/it] 47%|     | 9314/20000 [3:16:12<3:46:25,  1.27s/it] 47%|     | 9326/20000 [3:16:30<3:46:10,  1.27s/it] 47%|     | 9396/20000 [3:17:52<3:42:07,  1.26s/it] 47%|     | 9410/20000 [3:18:10<3:41:50,  1.26s/it] 47%|     | 9470/20000 [3:19:32<3:45:25,  1.28s/it] 47%|     | 9483/20000 [3:19:50<3:45:08,  1.28s/it] 48%|     | 9541/20000 [3:21:13<3:50:32,  1.32s/it] 48%|     | 9553/20000 [3:21:30<3:50:16,  1.32s/it] 48%|     | 9634/20000 [3:22:54<3:34:12,  1.24s/it] 48%|     | 9648/20000 [3:23:10<3:33:54,  1.24s/it] 49%|     | 9716/20000 [3:24:35<3:32:02,  1.24s/it] 49%|     | 9726/20000 [3:24:50<3:31:49,  1.24s/it] 49%|     | 9788/20000 [3:26:15<3:37:54,  1.28s/it] 49%|     | 9801/20000 [3:26:30<3:37:37,  1.28s/it] 49%|     | 9860/20000 [3:27:55<3:41:42,  1.31s/it] 49%|     | 9871/20000 [3:28:10<3:41:27,  1.31s/it] 50%|     | 9932/20000 [3:29:37<3:44:38,  1.34s/it] 50%|     | 9942/20000 [3:29:50<3:44:24,  1.34s/it] 50%|     | 10018/20000 [3:31:17<3:33:18,  1.28s/it] 50%|     | 10029/20000 [3:31:30<3:33:04,  1.28s/it] 51%|     | 10108/20000 [3:32:58<3:22:35,  1.23s/it] 51%|     | 10118/20000 [3:33:10<3:22:23,  1.23s/it] 51%|     | 10195/20000 [3:34:38<3:16:48,  1.20s/it] 51%|     | 10203/20000 [3:34:50<3:16:38,  1.20s/it] 51%|    | 10270/20000 [3:36:19<3:21:35,  1.24s/it] 51%|    | 10280/20000 [3:36:30<3:21:23,  1.24s/it] 52%|    | 10359/20000 [3:38:00<3:14:18,  1.21s/it] 52%|    | 10375/20000 [3:38:20<3:13:58,  1.21s/it] 52%|    | 10433/20000 [3:39:40<3:19:13,  1.25s/it] 52%|    | 10449/20000 [3:40:00<3:18:53,  1.25s/it] 53%|    | 10518/20000 [3:41:20<3:14:01,  1.23s/it] 53%|    | 10534/20000 [3:41:40<3:13:41,  1.23s/it] 53%|    | 10596/20000 [3:43:01<3:15:25,  1.25s/it] 53%|    | 10607/20000 [3:43:20<3:15:11,  1.25s/it] 53%|    | 10660/20000 [3:44:42<3:27:06,  1.33s/it] 53%|    | 10671/20000 [3:45:00<3:26:51,  1.33s/it] 54%|    | 10728/20000 [3:46:23<3:32:09,  1.37s/it] 54%|    | 10740/20000 [3:46:40<3:31:53,  1.37s/it] 54%|    | 10798/20000 [3:48:04<3:33:23,  1.39s/it] 54%|    | 10809/20000 [3:48:20<3:33:08,  1.39s/it] 54%|    | 10867/20000 [3:49:45<3:34:55,  1.41s/it] 54%|    | 10877/20000 [3:50:00<3:34:40,  1.41s/it] 55%|    | 10943/20000 [3:51:25<3:29:08,  1.39s/it] 55%|    | 10953/20000 [3:51:40<3:28:54,  1.39s/it] 55%|    | 11016/20000 [3:53:07<3:27:38,  1.39s/it] 55%|    | 11024/20000 [3:53:20<3:27:27,  1.39s/it] 55%|    | 11091/20000 [3:54:48<3:24:09,  1.37s/it] 55%|    | 11099/20000 [3:55:00<3:23:58,  1.37s/it] 56%|    | 11173/20000 [3:56:29<3:15:22,  1.33s/it] 56%|    | 11182/20000 [3:56:40<3:15:10,  1.33s/it] 56%|    | 11246/20000 [3:58:10<3:16:08,  1.34s/it] 56%|    | 11260/20000 [3:58:30<3:15:49,  1.34s/it] 57%|    | 11313/20000 [3:59:50<3:20:47,  1.39s/it] 57%|    | 11326/20000 [4:00:10<3:20:29,  1.39s/it] 57%|    | 11382/20000 [4:01:31<3:22:12,  1.41s/it] 57%|    | 11398/20000 [4:01:50<3:21:50,  1.41s/it] 57%|    | 11471/20000 [4:03:12<3:06:26,  1.31s/it] 57%|    | 11487/20000 [4:03:30<3:06:05,  1.31s/it] 58%|    | 11548/20000 [4:04:52<3:04:39,  1.31s/it] 58%|    | 11562/20000 [4:05:10<3:04:21,  1.31s/it] 58%|    | 11628/20000 [4:06:33<3:00:29,  1.29s/it] 58%|    | 11642/20000 [4:06:50<3:00:11,  1.29s/it] 59%|    | 11709/20000 [4:08:14<2:56:54,  1.28s/it] 59%|    | 11721/20000 [4:08:30<2:56:39,  1.28s/it] 59%|    | 11793/20000 [4:09:55<2:51:37,  1.25s/it] 59%|    | 11802/20000 [4:10:10<2:51:26,  1.25s/it] 59%|    | 11864/20000 [4:11:35<2:56:04,  1.30s/it] 59%|    | 11874/20000 [4:11:50<2:55:51,  1.30s/it] 60%|    | 11938/20000 [4:13:17<2:57:21,  1.32s/it] 60%|    | 11946/20000 [4:13:30<2:57:11,  1.32s/it] 60%|    | 12024/20000 [4:14:57<2:48:53,  1.27s/it] 60%|    | 12035/20000 [4:15:10<2:48:39,  1.27s/it] 61%|    | 12105/20000 [4:16:38<2:46:02,  1.26s/it] 61%|    | 12114/20000 [4:16:50<2:45:50,  1.26s/it] 61%|    | 12182/20000 [4:18:19<2:46:18,  1.28s/it] 61%|    | 12190/20000 [4:18:30<2:46:08,  1.28s/it] 61%|   | 12257/20000 [4:19:59<2:46:56,  1.29s/it] 61%|   | 12266/20000 [4:20:10<2:46:45,  1.29s/it] 62%|   | 12333/20000 [4:21:40<2:46:30,  1.30s/it] 62%|   | 12341/20000 [4:21:50<2:46:19,  1.30s/it] 62%|   | 12410/20000 [4:23:20<2:44:56,  1.30s/it] 62%|   | 12422/20000 [4:23:40<2:44:40,  1.30s/it] 62%|   | 12478/20000 [4:25:01<2:49:40,  1.35s/it] 62%|   | 12490/20000 [4:25:20<2:49:23,  1.35s/it] 63%|   | 12548/20000 [4:26:42<2:51:11,  1.38s/it] 63%|   | 12564/20000 [4:27:00<2:50:49,  1.38s/it] 63%|   | 12623/20000 [4:28:23<2:48:20,  1.37s/it] 63%|   | 12634/20000 [4:28:40<2:48:05,  1.37s/it] 63%|   | 12698/20000 [4:30:05<2:46:03,  1.36s/it] 64%|   | 12707/20000 [4:30:20<2:45:51,  1.36s/it] 64%|   | 12766/20000 [4:31:46<2:48:41,  1.40s/it] 64%|   | 12774/20000 [4:32:00<2:48:30,  1.40s/it] 64%|   | 12834/20000 [4:33:27<2:49:54,  1.42s/it] 64%|   | 12845/20000 [4:33:40<2:49:38,  1.42s/it] 65%|   | 12920/20000 [4:35:08<2:37:55,  1.34s/it] 65%|   | 12929/20000 [4:35:20<2:37:43,  1.34s/it] 65%|   | 12990/20000 [4:36:49<2:39:53,  1.37s/it] 65%|   | 12998/20000 [4:37:00<2:39:42,  1.37s/it] 65%|   | 13059/20000 [4:38:30<2:41:28,  1.40s/it] 65%|   | 13065/20000 [4:38:40<2:41:20,  1.40s/it] 66%|   | 13137/20000 [4:40:10<2:35:45,  1.36s/it] 66%|   | 13151/20000 [4:40:30<2:35:26,  1.36s/it] 66%|   | 13204/20000 [4:41:51<2:38:38,  1.40s/it] 66%|   | 13216/20000 [4:42:10<2:38:21,  1.40s/it] 66%|   | 13292/20000 [4:43:32<2:26:49,  1.31s/it] 67%|   | 13308/20000 [4:43:50<2:26:28,  1.31s/it] 67%|   | 13382/20000 [4:45:13<2:17:51,  1.25s/it] 67%|   | 13393/20000 [4:45:30<2:17:37,  1.25s/it] 67%|   | 13466/20000 [4:46:53<2:14:09,  1.23s/it] 67%|   | 13480/20000 [4:47:10<2:13:52,  1.23s/it] 68%|   | 13545/20000 [4:48:33<2:13:42,  1.24s/it] 68%|   | 13555/20000 [4:48:50<2:13:29,  1.24s/it] 68%|   | 13610/20000 [4:50:14<2:20:43,  1.32s/it] 68%|   | 13621/20000 [4:50:30<2:20:28,  1.32s/it] 68%|   | 13689/20000 [4:51:54<2:17:15,  1.30s/it] 69%|   | 13702/20000 [4:52:10<2:16:58,  1.30s/it] 69%|   | 13775/20000 [4:53:35<2:10:54,  1.26s/it] 69%|   | 13787/20000 [4:53:50<2:10:39,  1.26s/it] 69%|   | 13849/20000 [4:55:15<2:12:00,  1.29s/it] 69%|   | 13858/20000 [4:55:30<2:11:48,  1.29s/it] 70%|   | 13918/20000 [4:56:56<2:15:28,  1.34s/it] 70%|   | 13928/20000 [4:57:10<2:15:15,  1.34s/it] 70%|   | 13992/20000 [4:58:37<2:14:36,  1.34s/it] 70%|   | 14001/20000 [4:58:50<2:14:24,  1.34s/it] 70%|   | 14061/20000 [5:00:17<2:16:11,  1.38s/it] 70%|   | 14068/20000 [5:00:30<2:16:01,  1.38s/it] 71%|   | 14135/20000 [5:01:58<2:13:55,  1.37s/it] 71%|   | 14142/20000 [5:02:10<2:13:46,  1.37s/it] 71%|   | 14209/20000 [5:03:39<2:11:59,  1.37s/it] 71%|   | 14219/20000 [5:03:50<2:11:45,  1.37s/it] 71%|  | 14286/20000 [5:05:20<2:08:41,  1.35s/it] 71%|  | 14292/20000 [5:05:30<2:08:33,  1.35s/it] 72%|  | 14367/20000 [5:07:01<2:03:41,  1.32s/it] 72%|  | 14382/20000 [5:07:20<2:03:22,  1.32s/it] 72%|  | 14449/20000 [5:08:42<1:59:23,  1.29s/it] 72%|  | 14461/20000 [5:09:00<1:59:07,  1.29s/it] 73%|  | 14526/20000 [5:10:22<1:58:00,  1.29s/it] 73%|  | 14537/20000 [5:10:40<1:57:45,  1.29s/it] 73%|  | 14605/20000 [5:12:03<1:55:58,  1.29s/it] 73%|  | 14620/20000 [5:12:20<1:55:38,  1.29s/it] 73%|  | 14690/20000 [5:13:43<1:50:59,  1.25s/it] 74%|  | 14703/20000 [5:14:00<1:50:43,  1.25s/it] 74%|  | 14767/20000 [5:15:24<1:50:54,  1.27s/it] 74%|  | 14779/20000 [5:15:40<1:50:39,  1.27s/it] 74%|  | 14846/20000 [5:17:05<1:49:12,  1.27s/it] 74%|  | 14857/20000 [5:17:20<1:48:58,  1.27s/it] 75%|  | 14927/20000 [5:18:45<1:46:39,  1.26s/it] 75%|  | 14940/20000 [5:19:00<1:46:23,  1.26s/it] 75%|  | 15019/20000 [5:20:26<1:40:12,  1.21s/it] 75%|  | 15031/20000 [5:20:40<1:39:57,  1.21s/it] 76%|  | 15103/20000 [5:22:06<1:38:09,  1.20s/it] 76%|  | 15115/20000 [5:22:20<1:37:55,  1.20s/it] 76%|  | 15194/20000 [5:23:47<1:33:54,  1.17s/it] 76%|  | 15203/20000 [5:24:00<1:33:43,  1.17s/it] 76%|  | 15272/20000 [5:25:28<1:35:11,  1.21s/it] 76%|  | 15280/20000 [5:25:40<1:35:02,  1.21s/it] 77%|  | 15358/20000 [5:27:09<1:32:35,  1.20s/it] 77%|  | 15368/20000 [5:27:20<1:32:23,  1.20s/it] 77%|  | 15430/20000 [5:28:50<1:35:24,  1.25s/it] 77%|  | 15444/20000 [5:29:10<1:35:06,  1.25s/it] 78%|  | 15508/20000 [5:30:30<1:34:27,  1.26s/it] 78%|  | 15524/20000 [5:30:50<1:34:06,  1.26s/it] 78%|  | 15596/20000 [5:32:10<1:29:39,  1.22s/it] 78%|  | 15612/20000 [5:32:30<1:29:20,  1.22s/it] 78%|  | 15683/20000 [5:33:51<1:26:25,  1.20s/it] 79%|  | 15701/20000 [5:34:10<1:26:04,  1.20s/it] 79%|  | 15774/20000 [5:35:32<1:22:32,  1.17s/it] 79%|  | 15789/20000 [5:35:50<1:22:15,  1.17s/it] 79%|  | 15865/20000 [5:37:12<1:19:13,  1.15s/it] 79%|  | 15881/20000 [5:37:30<1:18:55,  1.15s/it] 80%|  | 15959/20000 [5:38:53<1:15:47,  1.13s/it] 80%|  | 15973/20000 [5:39:10<1:15:31,  1.13s/it] 80%|  | 16048/20000 [5:40:34<1:14:16,  1.13s/it] 80%|  | 16062/20000 [5:40:50<1:14:00,  1.13s/it] 81%|  | 16139/20000 [5:42:14<1:12:09,  1.12s/it] 81%|  | 16153/20000 [5:42:30<1:11:54,  1.12s/it] 81%|  | 16228/20000 [5:43:55<1:10:33,  1.12s/it] 81%|  | 16240/20000 [5:44:10<1:10:19,  1.12s/it] 82%| | 16317/20000 [5:45:35<1:08:59,  1.12s/it] 82%| | 16329/20000 [5:45:50<1:08:45,  1.12s/it] 82%| | 16403/20000 [5:47:16<1:08:14,  1.14s/it] 82%| | 16416/20000 [5:47:30<1:07:59,  1.14s/it] 82%| | 16497/20000 [5:48:57<1:05:18,  1.12s/it] 83%| | 16509/20000 [5:49:10<1:05:04,  1.12s/it] 83%| | 16584/20000 [5:50:37<1:04:15,  1.13s/it] 83%| | 16596/20000 [5:50:50<1:04:01,  1.13s/it] 83%| | 16679/20000 [5:52:18<1:01:14,  1.11s/it] 83%| | 16691/20000 [5:52:30<1:01:00,  1.11s/it] 84%| | 16771/20000 [5:53:58<59:21,  1.10s/it]   84%| | 16781/20000 [5:54:10<59:10,  1.10s/it] 84%| | 16850/20000 [5:55:39<1:00:15,  1.15s/it] 84%| | 16860/20000 [5:55:50<1:00:03,  1.15s/it] 85%| | 16940/20000 [5:57:19<58:03,  1.14s/it]   85%| | 16949/20000 [5:57:30<57:53,  1.14s/it] 85%| | 17022/20000 [5:59:00<57:44,  1.16s/it] 85%| | 17030/20000 [5:59:10<57:35,  1.16s/it] 85%| | 17095/20000 [6:00:41<59:13,  1.22s/it] 86%| | 17108/20000 [6:01:00<58:57,  1.22s/it] 86%| | 17177/20000 [6:02:21<57:30,  1.22s/it] 86%| | 17193/20000 [6:02:40<57:11,  1.22s/it] 86%| | 17265/20000 [6:04:01<54:29,  1.20s/it] 86%| | 17281/20000 [6:04:20<54:10,  1.20s/it] 87%| | 17355/20000 [6:05:42<51:41,  1.17s/it] 87%| | 17370/20000 [6:06:00<51:23,  1.17s/it] 87%| | 17444/20000 [6:07:23<49:22,  1.16s/it] 87%| | 17460/20000 [6:07:40<49:04,  1.16s/it] 88%| | 17523/20000 [6:09:04<49:13,  1.19s/it] 88%| | 17535/20000 [6:09:20<48:59,  1.19s/it] 88%| | 17610/20000 [6:10:44<46:59,  1.18s/it] 88%| | 17623/20000 [6:11:00<46:44,  1.18s/it] 88%| | 17700/20000 [6:12:25<44:32,  1.16s/it] 89%| | 17712/20000 [6:12:40<44:18,  1.16s/it] 89%| | 17786/20000 [6:14:05<42:53,  1.16s/it] 89%| | 17799/20000 [6:14:20<42:38,  1.16s/it] 89%| | 17872/20000 [6:15:45<41:16,  1.16s/it] 89%| | 17881/20000 [6:16:00<41:06,  1.16s/it] 90%| | 17946/20000 [6:17:26<41:37,  1.22s/it] 90%| | 17955/20000 [6:17:40<41:26,  1.22s/it] 90%| | 18021/20000 [6:19:07<41:19,  1.25s/it] 90%| | 18032/20000 [6:19:20<41:05,  1.25s/it] 91%| | 18110/20000 [6:20:47<38:12,  1.21s/it] 91%| | 18119/20000 [6:21:00<38:01,  1.21s/it] 91%| | 18183/20000 [6:22:28<38:09,  1.26s/it] 91%| | 18193/20000 [6:22:40<37:56,  1.26s/it] 91%|| 18271/20000 [6:24:08<35:10,  1.22s/it] 91%|| 18281/20000 [6:24:20<34:58,  1.22s/it] 92%|| 18361/20000 [6:25:49<32:29,  1.19s/it] 92%|| 18371/20000 [6:26:00<32:17,  1.19s/it] 92%|| 18452/20000 [6:27:29<29:57,  1.16s/it] 92%|| 18461/20000 [6:27:40<29:46,  1.16s/it] 93%|| 18529/20000 [6:29:10<29:29,  1.20s/it] 93%|| 18541/20000 [6:29:30<29:14,  1.20s/it] 93%|| 18596/20000 [6:30:51<29:57,  1.28s/it] 93%|| 18608/20000 [6:31:10<29:42,  1.28s/it] 93%|| 18665/20000 [6:32:32<29:35,  1.33s/it] 93%|| 18678/20000 [6:32:50<29:18,  1.33s/it] 94%|| 18746/20000 [6:34:13<27:15,  1.30s/it] 94%|| 18760/20000 [6:34:30<26:56,  1.30s/it] 94%|| 18836/20000 [6:35:54<24:06,  1.24s/it] 94%|| 18847/20000 [6:36:10<23:52,  1.24s/it] 95%|| 18911/20000 [6:37:35<23:03,  1.27s/it] 95%|| 18924/20000 [6:37:50<22:46,  1.27s/it] 95%|| 18984/20000 [6:39:15<21:59,  1.30s/it] 95%|| 18993/20000 [6:39:30<21:48,  1.30s/it] 95%|| 19061/20000 [6:40:56<20:22,  1.30s/it] 95%|| 19075/20000 [6:41:10<20:04,  1.30s/it] 96%|| 19152/20000 [6:42:36<17:27,  1.23s/it] 96%|| 19164/20000 [6:42:50<17:12,  1.23s/it] 96%|| 19226/20000 [6:44:17<16:25,  1.27s/it] 96%|| 19234/20000 [6:44:30<16:15,  1.27s/it] 96%|| 19299/20000 [6:45:58<15:13,  1.30s/it] 97%|| 19308/20000 [6:46:10<15:01,  1.30s/it] 97%|| 19369/20000 [6:47:38<14:05,  1.34s/it] 97%|| 19376/20000 [6:47:50<13:55,  1.34s/it] 97%|| 19459/20000 [6:49:20<11:25,  1.27s/it] 97%|| 19466/20000 [6:49:30<11:16,  1.27s/it] 98%|| 19542/20000 [6:51:00<09:32,  1.25s/it] 98%|| 19560/20000 [6:51:20<09:10,  1.25s/it] 98%|| 19620/20000 [6:52:41<07:59,  1.26s/it] 98%|| 19637/20000 [6:53:00<07:37,  1.26s/it] 99%|| 19710/20000 [6:54:21<05:51,  1.21s/it] 99%|| 19726/20000 [6:54:40<05:32,  1.21s/it] 99%|| 19786/20000 [6:56:01<04:26,  1.24s/it] 99%|| 19800/20000 [6:56:20<04:08,  1.24s/it] 99%|| 19858/20000 [6:57:42<03:02,  1.29s/it] 99%|| 19871/20000 [6:58:00<02:46,  1.29s/it]100%|| 19937/20000 [6:59:23<01:20,  1.28s/it]100%|| 19953/20000 [6:59:40<01:00,  1.28s/it]100%|| 20000/20000 [7:00:27<00:00,  1.26s/it]

Analysis complete. Found 1 cluster(s) meeting the MCMC criterion.
Accepted cluster indices: [0]

--- Processing Final Results for Cluster 0 ---
--- MCMC Parameter Constraints for Cluster 0 ---
  x_src = 74.874 +0.046 / -0.037
  y_src = 82.828 +0.132 / -0.135
    z_s = 2.503 +0.080 / -0.073
Saving localization results for Cluster 0...
Processing results for Cluster 0...
-> Saved 340000 samples to /users/hiu-yeung.cheng/clusterlensing/out/row9/test_tidy_row9/cluster_0_posterior.npz
Updated CSV row 9 with result for cluster 0.
Loading data from /users/hiu-yeung.cheng/clusterlensing/out/row9/test_tidy_row9/cluster_0_posterior.npz...

Generating corner plot...
-> Corner plot saved to /users/hiu-yeung.cheng/clusterlensing/out/row9/test_tidy_row9/cluster_0_corner_from_saved.png

Generating trace plot...
-> Trace plot saved to /users/hiu-yeung.cheng/clusterlensing/out/row9/test_tidy_row9/cluster_0_trace.png
